[1] 2401
[1] 112  42
[1] 2402
[1] 112  90
[1] 2403
[1] 112  29
[1] 2404
[1] 112  29
[1] 2405
[1] 112  27
[1] 2406
[1] 112  26
[1] 2407
[1] 112  30
[1] 2408
[1] 112  37
[1] 2409
[1] 112  45
[1] 2410
[1] 112  18
[1] 2411
[1] 112  14
[1] 2412
[1] 112  28
[1] 2413
[1] 112  40
[1] 2414
[1] 112  43
[1] 2415
[1] 112  32
[1] 2416
[1] 112  29
[1] 2417
[1] 112  18
[1] 2418
[1] 112  71
[1] 2419
[1] 112  45
[1] 2420
[1] 112  30
[1] 2421
[1] 112  43
[1] 2422
[1] 112  34
[1] 2423
[1] 112  61
[1] 2424
[1] 112  47
[1] 2425
[1] 112  74
[1] 2426
[1] 112  70
[1] 2427
[1] 112  55
[1] 2428
[1] 112  18
[1] 2429
[1] 112  40
[1] 2430
[1] 112  49
[1] 2431
[1] 112  37
[1] 2432
[1] 112  58
[1] 2433
[1] 112  62
[1] 2434
[1] 112  66
[1] 2435
[1] 112  49
[1] 2436
[1] 112  62
[1] 2437
[1] 112  43
[1] 2438
[1] 112  57
[1] 2439
[1] 112  40
[1] 2440
[1] 112  28
[1] 2441
[1] 112  21
[1] 2442
[1] 112  52
[1] 2443
[1] 112  39
[1] 2444
[1] 112  52
[1] 2445
[1] 112  76
[1] 2446
[1] 112  51
[1] 2447
[1] 112  65
[1] 2448
[1] 112  54
[1] 2449
[1] 112 102
[1] 2450
[1] 112  36
[1] 2451
[1] 112  51
[1] 2452
[1] 112  73
[1] 2453
[1] 112  71
[1] 2454
[1] 112  70
[1] 2455
[1] 112  49
[1] 2456
[1] 112  46
[1] 2457
[1] 112  83
[1] 2458
[1] 112  26
[1] 2459
[1] 112  26
[1] 2460
[1] 112  54
[1] 2461
[1] 112  63
[1] 2462
[1] 112  83
[1] 2463
[1] 112  50
[1] 2464
[1] 112  59
[1] 2465
[1] 112  40
[1] 2466
[1] 112  37
[1] 2467
[1] 112  21
[1] 2468
[1] 112  28
[1] 2469
[1] 112  67
[1] 2470
[1] 112  79
[1] 2471
[1] 112  37
[1] 2472
[1] 112  71
[1] 2473
[1] 112  35
[1] 2474
[1] 112  85
[1] 2475
[1] 112  47
[1] 2476
[1] 112  75
[1] 2477
[1] 112  52
[1] 2478
[1] 112  56
[1] 2479
[1] 112  54
[1] 2480
[1] 112  59
[1] 2481
[1] 112  76
[1] 2482
[1] 112  37
[1] 2483
[1] 112  11
[1] 2484
[1] 112  14
[1] 2485
[1] 112  51
[1] 2486
[1] 112  72
[1] 2487
[1] 112  57
[1] 2488
[1] 112  58
[1] 2489
[1] 112  45
[1] 2490
[1] 112  48
[1] 2491
[1] 112  35
[1] 2492
[1] 112  51
[1] 2493
[1] 112  71
[1] 2494
[1] 112  60
[1] 2495
[1] 112  75
[1] 2496
[1] 112  66
[1] 2497
[1] 112  62
[1] 2498
[1] 112  28
[1] 2499
[1] 112  34
[1] 2500
[1] 112  40
