[1] 5701
[1] 112  41
[1] 5702
[1] 112  68
[1] 5703
[1] 112  55
[1] 5704
[1] 112  42
[1] 5705
[1] 112  66
[1] 5706
[1] 112  57
[1] 5707
[1] 112  37
[1] 5708
[1] 112  54
[1] 5709
[1] 112  70
[1] 5710
[1] 112  19
[1] 5711
[1] 112  23
[1] 5712
[1] 112  74
[1] 5713
[1] 112  50
[1] 5714
[1] 112  93
[1] 5715
[1] 112  56
[1] 5716
[1] 112  56
[1] 5717
[1] 112   6
[1] 5718
[1] 112  85
[1] 5719
[1] 112 102
[1] 5720
[1] 112  82
[1] 5721
[1] 112  72
[1] 5722
[1] 112  31
[1] 5723
[1] 112  43
[1] 5724
[1] 112  38
[1] 5725
[1] 112  44
[1] 5726
[1] 112  34
[1] 5727
[1] 112  38
[1] 5728
[1] 112  32
[1] 5729
[1] 112  36
[1] 5730
[1] 112  38
[1] 5731
[1] 112  43
[1] 5732
[1] 112  19
[1] 5733
[1] 112  87
[1] 5734
[1] 112  24
[1] 5735
[1] 112  27
[1] 5736
[1] 112  57
[1] 5737
[1] 112  45
[1] 5738
[1] 112  36
[1] 5739
[1] 112  21
[1] 5740
[1] 112  59
[1] 5741
[1] 112  64
[1] 5742
[1] 112  53
[1] 5743
[1] 112  43
[1] 5744
[1] 112  37
[1] 5745
[1] 112  30
[1] 5746
[1] 112  38
[1] 5747
[1] 112  52
[1] 5748
[1] 112  33
[1] 5749
[1] 112 135
[1] 5750
[1] 112 100
[1] 5751
[1] 112  71
[1] 5752
[1] 112  76
[1] 5753
[1] 112  87
[1] 5754
[1] 112  47
[1] 5755
[1] 112  53
[1] 5756
[1] 112  97
[1] 5757
[1] 112  84
[1] 5758
[1] 112  70
[1] 5759
[1] 112  25
[1] 5760
[1] 112  25
[1] 5761
[1] 112  52
[1] 5762
[1] 112  17
[1] 5763
[1] 112  53
[1] 5764
[1] 112  31
[1] 5765
[1] 112  36
[1] 5766
[1] 112  47
[1] 5767
[1] 112  26
[1] 5768
[1] 112  49
[1] 5769
[1] 112  65
[1] 5770
[1] 112  62
[1] 5771
[1] 112  51
[1] 5772
[1] 112  50
[1] 5773
[1] 112  41
[1] 5774
[1] 112  30
[1] 5775
[1] 112  56
[1] 5776
[1] 112  60
[1] 5777
[1] 112  50
[1] 5778
[1] 112  63
[1] 5779
[1] 112  66
[1] 5780
[1] 112  45
[1] 5781
[1] 112  20
[1] 5782
[1] 112  25
[1] 5783
[1] 112  57
[1] 5784
[1] 112  98
[1] 5785
[1] 112  87
[1] 5786
[1] 112  60
[1] 5787
[1] 112  98
[1] 5788
[1] 112  88
[1] 5789
[1] 112  65
[1] 5790
[1] 112  77
[1] 5791
[1] 112  62
[1] 5792
[1] 112  72
[1] 5793
[1] 112  59
[1] 5794
[1] 112  38
[1] 5795
[1] 112   0
[1] 5796
[1] 112  54
[1] 5797
[1] 112  50
[1] 5798
[1] 112  57
[1] 5799
[1] 112  53
[1] 5800
[1] 112  53
