[1] 6001
[1] 112  42
[1] 6002
[1] 112  46
[1] 6003
[1] 112  85
[1] 6004
[1] 112  60
[1] 6005
[1] 112  35
[1] 6006
[1] 112  36
[1] 6007
[1] 112  94
[1] 6008
[1] 112 100
[1] 6009
[1] 112  56
[1] 6010
[1] 112  51
[1] 6011
[1] 112  77
[1] 6012
[1] 112  64
[1] 6013
[1] 112  46
[1] 6014
[1] 112  71
[1] 6015
[1] 112  65
[1] 6016
[1] 112  68
[1] 6017
[1] 112  54
[1] 6018
[1] 112 203
[1] 6019
[1] 112  41
[1] 6020
[1] 112  51
[1] 6021
[1] 112  50
[1] 6022
[1] 112  49
[1] 6023
[1] 112  58
[1] 6024
[1] 112  69
[1] 6025
[1] 112  61
[1] 6026
[1] 112  40
[1] 6027
[1] 112  41
[1] 6028
[1] 112  46
[1] 6029
[1] 112  63
[1] 6030
[1] 112  70
[1] 6031
[1] 112  53
[1] 6032
[1] 112  59
[1] 6033
[1] 112  27
[1] 6034
[1] 112  38
[1] 6035
[1] 112  88
[1] 6036
[1] 112  48
[1] 6037
[1] 112  68
[1] 6038
[1] 112  59
[1] 6039
[1] 112  67
[1] 6040
[1] 112  58
[1] 6041
[1] 112  55
[1] 6042
[1] 112 121
[1] 6043
[1] 112  48
[1] 6044
[1] 112  54
[1] 6045
[1] 112  44
[1] 6046
[1] 112  96
[1] 6047
[1] 112 228
[1] 6048
[1] 112  46
[1] 6049
[1] 112 115
[1] 6050
[1] 112  71
[1] 6051
[1] 112  15
[1] 6052
[1] 112  41
[1] 6053
[1] 112  64
[1] 6054
[1] 112  68
[1] 6055
[1] 112  68
[1] 6056
[1] 112  61
[1] 6057
[1] 112  43
[1] 6058
[1] 112  66
[1] 6059
[1] 112  54
[1] 6060
[1] 112  68
[1] 6061
[1] 112  24
[1] 6062
[1] 112  18
[1] 6063
[1] 112  25
[1] 6064
[1] 112  85
[1] 6065
[1] 112  34
[1] 6066
[1] 112  72
[1] 6067
[1] 112  46
[1] 6068
[1] 112  40
[1] 6069
[1] 112  40
[1] 6070
[1] 112 127
[1] 6071
[1] 112  46
[1] 6072
[1] 112  47
[1] 6073
[1] 112  39
[1] 6074
[1] 112  38
[1] 6075
[1] 112  45
[1] 6076
[1] 112  61
[1] 6077
[1] 112  61
[1] 6078
[1] 112  69
[1] 6079
[1] 112  65
[1] 6080
[1] 112  57
[1] 6081
[1] 112  54
[1] 6082
[1] 112  40
[1] 6083
[1] 112  77
[1] 6084
[1] 112  51
[1] 6085
[1] 112  55
[1] 6086
[1] 112  68
[1] 6087
[1] 112  66
[1] 6088
[1] 112  70
[1] 6089
[1] 112  66
[1] 6090
[1] 112  50
[1] 6091
[1] 112  55
[1] 6092
[1] 112  67
[1] 6093
[1] 112  71
[1] 6094
[1] 112  62
[1] 6095
[1] 112  63
[1] 6096
[1] 112  60
[1] 6097
[1] 112  71
[1] 6098
[1] 112  70
[1] 6099
[1] 112  75
[1] 6100
[1] 112  41
