[1] 2901
[1] 112  29
[1] 2902
[1] 112  25
[1] 2903
[1] 112  90
[1] 2904
[1] 112  25
[1] 2905
[1] 112  47
[1] 2906
[1] 112  44
[1] 2907
[1] 112  17
[1] 2908
[1] 112  16
[1] 2909
[1] 112  18
[1] 2910
[1] 112  20
[1] 2911
[1] 112  42
[1] 2912
[1] 112  17
[1] 2913
[1] 112  48
[1] 2914
[1] 112  71
[1] 2915
[1] 112  18
[1] 2916
[1] 112  74
[1] 2917
[1] 112  18
[1] 2918
[1] 112  21
[1] 2919
[1] 112  22
[1] 2920
[1] 112  58
[1] 2921
[1] 112  58
[1] 2922
[1] 112  84
[1] 2923
[1] 112  68
[1] 2924
[1] 112  48
[1] 2925
[1] 112  27
[1] 2926
[1] 112  60
[1] 2927
[1] 112  34
[1] 2928
[1] 112  61
[1] 2929
[1] 112  43
[1] 2930
[1] 112  53
[1] 2931
[1] 112  48
[1] 2932
[1] 112  60
[1] 2933
[1] 112  31
[1] 2934
[1] 112  49
[1] 2935
[1] 112  64
[1] 2936
[1] 112  54
[1] 2937
[1] 112  46
[1] 2938
[1] 112  32
[1] 2939
[1] 112  63
[1] 2940
[1] 112  50
[1] 2941
[1] 112  20
[1] 2942
[1] 112  26
[1] 2943
[1] 112  27
[1] 2944
[1] 112  58
[1] 2945
[1] 112  44
[1] 2946
[1] 112  48
[1] 2947
[1] 112  26
[1] 2948
[1] 112  24
[1] 2949
[1] 112  31
[1] 2950
[1] 112  36
[1] 2951
[1] 112  26
[1] 2952
[1] 112  97
[1] 2953
[1] 112  82
[1] 2954
[1] 112  39
[1] 2955
[1] 112  62
[1] 2956
[1] 112  41
[1] 2957
[1] 112  47
[1] 2958
[1] 112  62
[1] 2959
[1] 112  55
[1] 2960
[1] 112  62
[1] 2961
[1] 112  35
[1] 2962
[1] 112  34
[1] 2963
[1] 112  79
[1] 2964
[1] 112  85
[1] 2965
[1] 112  69
[1] 2966
[1] 112  43
[1] 2967
[1] 112  87
[1] 2968
[1] 112  34
[1] 2969
[1] 112  28
[1] 2970
[1] 112  42
[1] 2971
[1] 112  53
[1] 2972
[1] 112  50
[1] 2973
[1] 112  52
[1] 2974
[1] 112  30
[1] 2975
[1] 112  60
[1] 2976
[1] 112  99
[1] 2977
[1] 112  38
[1] 2978
[1] 112  45
[1] 2979
[1] 112  53
[1] 2980
[1] 112  32
[1] 2981
[1] 112  43
[1] 2982
[1] 112  37
[1] 2983
[1] 112  50
[1] 2984
[1] 112  68
[1] 2985
[1] 112  31
[1] 2986
[1] 112  37
[1] 2987
[1] 112  24
[1] 2988
[1] 112 108
[1] 2989
[1] 112  43
[1] 2990
[1] 112  48
[1] 2991
[1] 112  47
[1] 2992
[1] 112  40
[1] 2993
[1] 112  40
[1] 2994
[1] 112  84
[1] 2995
[1] 112  40
[1] 2996
[1] 112  37
[1] 2997
[1] 112  44
[1] 2998
[1] 112  59
[1] 2999
[1] 112  19
[1] 3000
[1] 112  62
