[1] 401
[1] 112  45
[1] 402
[1] 112  37
[1] 403
[1] 112  49
[1] 404
[1] 112  41
[1] 405
[1] 112  47
[1] 406
[1] 112 138
[1] 407
[1] 112  49
[1] 408
[1] 112  56
[1] 409
[1] 112  57
[1] 410
[1] 112  41
[1] 411
[1] 112  62
[1] 412
[1] 112  95
[1] 413
[1] 112  60
[1] 414
[1] 112  31
[1] 415
[1] 112  44
[1] 416
[1] 112  18
[1] 417
[1] 112  25
[1] 418
[1] 112  78
[1] 419
[1] 112  51
[1] 420
[1] 112 104
[1] 421
[1] 112  77
[1] 422
[1] 112  30
[1] 423
[1] 112  56
[1] 424
[1] 112  75
[1] 425
[1] 112 127
[1] 426
[1] 112  67
[1] 427
[1] 112  41
[1] 428
[1] 112  45
[1] 429
[1] 112  82
[1] 430
[1] 112  33
[1] 431
[1] 112  38
[1] 432
[1] 112  52
[1] 433
[1] 112  31
[1] 434
[1] 112  40
[1] 435
[1] 112  47
[1] 436
[1] 112  51
[1] 437
[1] 112  73
[1] 438
[1] 112 100
[1] 439
[1] 112  35
[1] 440
[1] 112  64
[1] 441
[1] 112  72
[1] 442
[1] 112  40
[1] 443
[1] 112  43
[1] 444
[1] 112  44
[1] 445
[1] 112  30
[1] 446
[1] 112  81
[1] 447
[1] 112  30
[1] 448
[1] 112  28
[1] 449
[1] 112  24
[1] 450
[1] 112  53
[1] 451
[1] 112  38
[1] 452
[1] 112  23
[1] 453
[1] 112  61
[1] 454
[1] 112  47
[1] 455
[1] 112  48
[1] 456
[1] 112  97
[1] 457
[1] 112 117
[1] 458
[1] 112  57
[1] 459
[1] 112  56
[1] 460
[1] 112  38
[1] 461
[1] 112  69
[1] 462
[1] 112  68
[1] 463
[1] 112  28
[1] 464
[1] 112  54
[1] 465
[1] 112  19
[1] 466
[1] 112  40
[1] 467
[1] 112  63
[1] 468
[1] 112  44
[1] 469
[1] 112  91
[1] 470
[1] 112  24
[1] 471
[1] 112  38
[1] 472
[1] 112 107
[1] 473
[1] 112  61
[1] 474
[1] 112  31
[1] 475
[1] 112  61
[1] 476
[1] 112  32
[1] 477
[1] 112  32
[1] 478
[1] 112  53
[1] 479
[1] 112  39
[1] 480
[1] 112  70
[1] 481
[1] 112  70
[1] 482
[1] 112  19
[1] 483
[1] 112  39
[1] 484
[1] 112  61
[1] 485
[1] 112  64
[1] 486
[1] 112  65
[1] 487
[1] 112  76
[1] 488
[1] 112  48
[1] 489
[1] 112  38
[1] 490
[1] 112  48
[1] 491
[1] 112  40
[1] 492
[1] 112 109
[1] 493
[1] 112  27
[1] 494
[1] 112  37
[1] 495
[1] 112  55
[1] 496
[1] 112  41
[1] 497
[1] 112  48
[1] 498
[1] 112  55
[1] 499
[1] 112  57
[1] 500
[1] 112  79
