[1] 5501
[1] 112  52
[1] 5502
[1] 112  35
[1] 5503
[1] 112  38
[1] 5504
[1] 112  57
[1] 5505
[1] 112  42
[1] 5506
[1] 112  19
[1] 5507
[1] 112  15
[1] 5508
[1] 112  21
[1] 5509
[1] 112  17
[1] 5510
[1] 112  36
[1] 5511
[1] 112  53
[1] 5512
[1] 112  32
[1] 5513
[1] 112  74
[1] 5514
[1] 112  34
[1] 5515
[1] 112  51
[1] 5516
[1] 112   5
[1] 5517
[1] 112   5
[1] 5518
[1] 112  45
[1] 5519
[1] 112  40
[1] 5520
[1] 112  29
[1] 5521
[1] 112  30
[1] 5522
[1] 112  44
[1] 5523
[1] 112  32
[1] 5524
[1] 112  14
[1] 5525
[1] 112  20
[1] 5526
[1] 112  68
[1] 5527
[1] 112  28
[1] 5528
[1] 112  38
[1] 5529
[1] 112  38
[1] 5530
[1] 112  94
[1] 5531
[1] 112  63
[1] 5532
[1] 112  35
[1] 5533
[1] 112  59
[1] 5534
[1] 112  55
[1] 5535
[1] 112  41
[1] 5536
[1] 112  51
[1] 5537
[1] 112  40
[1] 5538
[1] 112  24
[1] 5539
[1] 112  23
[1] 5540
[1] 112  40
[1] 5541
[1] 112  23
[1] 5542
[1] 112  25
[1] 5543
[1] 112  27
[1] 5544
[1] 112 104
[1] 5545
[1] 112 167
[1] 5546
[1] 112  63
[1] 5547
[1] 112  47
[1] 5548
[1] 112  47
[1] 5549
[1] 112  81
[1] 5550
[1] 112  27
[1] 5551
[1] 112  50
[1] 5552
[1] 112  70
[1] 5553
[1] 112  73
[1] 5554
[1] 112  77
[1] 5555
[1] 112  53
[1] 5556
[1] 112  39
[1] 5557
[1] 112  27
[1] 5558
[1] 112  28
[1] 5559
[1] 112  55
[1] 5560
[1] 112  45
[1] 5561
[1] 112  46
[1] 5562
[1] 112  61
[1] 5563
[1] 112 150
[1] 5564
[1] 112 101
[1] 5565
[1] 112  47
[1] 5566
[1] 112  37
[1] 5567
[1] 112  50
[1] 5568
[1] 112  46
[1] 5569
[1] 112  40
[1] 5570
[1] 112  58
[1] 5571
[1] 112 123
[1] 5572
[1] 112  53
[1] 5573
[1] 112  48
[1] 5574
[1] 112  60
[1] 5575
[1] 112  51
[1] 5576
[1] 112  55
[1] 5577
[1] 112  50
[1] 5578
[1] 112  52
[1] 5579
[1] 112  54
[1] 5580
[1] 112  20
[1] 5581
[1] 112  53
[1] 5582
[1] 112  52
[1] 5583
[1] 112  87
[1] 5584
[1] 112  71
[1] 5585
[1] 112  73
[1] 5586
[1] 112  33
[1] 5587
[1] 112  47
[1] 5588
[1] 112  74
[1] 5589
[1] 112  91
[1] 5590
[1] 112  49
[1] 5591
[1] 112  32
[1] 5592
[1] 112  40
[1] 5593
[1] 112 117
[1] 5594
[1] 112  67
[1] 5595
[1] 112  39
[1] 5596
[1] 112  20
[1] 5597
[1] 112  21
[1] 5598
[1] 112  20
[1] 5599
[1] 112   9
[1] 5600
[1] 112   8
