[1] 901
[1] 112  55
[1] 902
[1] 112  57
[1] 903
[1] 112  36
[1] 904
[1] 112  46
[1] 905
[1] 112  55
[1] 906
[1] 112  39
[1] 907
[1] 112  53
[1] 908
[1] 112  38
[1] 909
[1] 112  42
[1] 910
[1] 112  56
[1] 911
[1] 112  25
[1] 912
[1] 112  62
[1] 913
[1] 112  44
[1] 914
[1] 112  46
[1] 915
[1] 112  37
[1] 916
[1] 112  50
[1] 917
[1] 112  49
[1] 918
[1] 112  53
[1] 919
[1] 112  72
[1] 920
[1] 112  69
[1] 921
[1] 112  40
[1] 922
[1] 112  37
[1] 923
[1] 112  23
[1] 924
[1] 112  62
[1] 925
[1] 112  42
[1] 926
[1] 112  52
[1] 927
[1] 112  94
[1] 928
[1] 112  51
[1] 929
[1] 112  87
[1] 930
[1] 112  75
[1] 931
[1] 112  54
[1] 932
[1] 112  43
[1] 933
[1] 112  55
[1] 934
[1] 112  53
[1] 935
[1] 112  61
[1] 936
[1] 112  62
[1] 937
[1] 112 122
[1] 938
[1] 112  42
[1] 939
[1] 112  42
[1] 940
[1] 112  24
[1] 941
[1] 112  16
[1] 942
[1] 112  22
[1] 943
[1] 112 112
[1] 944
[1] 112  36
[1] 945
[1] 112  58
[1] 946
[1] 112  25
[1] 947
[1] 112  39
[1] 948
[1] 112  62
[1] 949
[1] 112  54
[1] 950
[1] 112  42
[1] 951
[1] 112  56
[1] 952
[1] 112  56
[1] 953
[1] 112  63
[1] 954
[1] 112  57
[1] 955
[1] 112  66
[1] 956
[1] 112  52
[1] 957
[1] 112  61
[1] 958
[1] 112  64
[1] 959
[1] 112  61
[1] 960
[1] 112  57
[1] 961
[1] 112  45
[1] 962
[1] 112  60
[1] 963
[1] 112  34
[1] 964
[1] 112  13
[1] 965
[1] 112  74
[1] 966
[1] 112   9
[1] 967
[1] 112  24
[1] 968
[1] 112 119
[1] 969
[1] 112  53
[1] 970
[1] 112  59
[1] 971
[1] 112  46
[1] 972
[1] 112  65
[1] 973
[1] 112  69
[1] 974
[1] 112  46
[1] 975
[1] 112  56
[1] 976
[1] 112  55
[1] 977
[1] 112  69
[1] 978
[1] 112  50
[1] 979
[1] 112  44
[1] 980
[1] 112  43
[1] 981
[1] 112  17
[1] 982
[1] 112  96
[1] 983
[1] 112  56
[1] 984
[1] 112  57
[1] 985
[1] 112  63
[1] 986
[1] 112  48
[1] 987
[1] 112  58
[1] 988
[1] 112  57
[1] 989
[1] 112  39
[1] 990
[1] 112  40
[1] 991
[1] 112  33
[1] 992
[1] 112  26
[1] 993
[1] 112  66
[1] 994
[1] 112  37
[1] 995
[1] 112  51
[1] 996
[1] 112  22
[1] 997
[1] 112  35
[1] 998
[1] 112  34
[1] 999
[1] 112  27
[1] 1000
[1] 112  45
