[1] 2301
[1] 112  66
[1] 2302
[1] 112  66
[1] 2303
[1] 112 115
[1] 2304
[1] 112  64
[1] 2305
[1] 112  50
[1] 2306
[1] 112  64
[1] 2307
[1] 112  31
[1] 2308
[1] 112  19
[1] 2309
[1] 112  34
[1] 2310
[1] 112  57
[1] 2311
[1] 112  46
[1] 2312
[1] 112  28
[1] 2313
[1] 112  38
[1] 2314
[1] 112  37
[1] 2315
[1] 112  42
[1] 2316
[1] 112  36
[1] 2317
[1] 112  39
[1] 2318
[1] 112  27
[1] 2319
[1] 112  44
[1] 2320
[1] 112  39
[1] 2321
[1] 112  45
[1] 2322
[1] 112  31
[1] 2323
[1] 112  23
[1] 2324
[1] 112  39
[1] 2325
[1] 112  38
[1] 2326
[1] 112  23
[1] 2327
[1] 112  31
[1] 2328
[1] 112  24
[1] 2329
[1] 112  32
[1] 2330
[1] 112  46
[1] 2331
[1] 112  42
[1] 2332
[1] 112  22
[1] 2333
[1] 112  22
[1] 2334
[1] 112  41
[1] 2335
[1] 112  43
[1] 2336
[1] 112  55
[1] 2337
[1] 112  30
[1] 2338
[1] 112  60
[1] 2339
[1] 112  21
[1] 2340
[1] 112  24
[1] 2341
[1] 112  64
[1] 2342
[1] 112  63
[1] 2343
[1] 112  63
[1] 2344
[1] 112  61
[1] 2345
[1] 112  42
[1] 2346
[1] 112  68
[1] 2347
[1] 112  65
[1] 2348
[1] 112  19
[1] 2349
[1] 112  25
[1] 2350
[1] 112  20
[1] 2351
[1] 112  34
[1] 2352
[1] 112  74
[1] 2353
[1] 112  39
[1] 2354
[1] 112  28
[1] 2355
[1] 112  32
[1] 2356
[1] 112  30
[1] 2357
[1] 112  49
[1] 2358
[1] 112  17
[1] 2359
[1] 112  45
[1] 2360
[1] 112  21
[1] 2361
[1] 112  32
[1] 2362
[1] 112  81
[1] 2363
[1] 112  39
[1] 2364
[1] 112  62
[1] 2365
[1] 112  71
[1] 2366
[1] 112  47
[1] 2367
[1] 112  33
[1] 2368
[1] 112  33
[1] 2369
[1] 112  33
[1] 2370
[1] 112  29
[1] 2371
[1] 112  28
[1] 2372
[1] 112  24
[1] 2373
[1] 112  22
[1] 2374
[1] 112  44
[1] 2375
[1] 112  20
[1] 2376
[1] 112  50
[1] 2377
[1] 112  18
[1] 2378
[1] 112  52
[1] 2379
[1] 112  18
[1] 2380
[1] 112  36
[1] 2381
[1] 112  50
[1] 2382
[1] 112  46
[1] 2383
[1] 112  19
[1] 2384
[1] 112  45
[1] 2385
[1] 112  42
[1] 2386
[1] 112  76
[1] 2387
[1] 112  86
[1] 2388
[1] 112  67
[1] 2389
[1] 112  55
[1] 2390
[1] 112  66
[1] 2391
[1] 112  51
[1] 2392
[1] 112  54
[1] 2393
[1] 112  40
[1] 2394
[1] 112  30
[1] 2395
[1] 112  70
[1] 2396
[1] 112  68
[1] 2397
[1] 112  74
[1] 2398
[1] 112  31
[1] 2399
[1] 112  31
[1] 2400
[1] 112  31
