[1] 3501
[1] 112  33
[1] 3502
[1] 112  34
[1] 3503
[1] 112  83
[1] 3504
[1] 112  24
[1] 3505
[1] 112  57
[1] 3506
[1] 112  46
[1] 3507
[1] 112  44
[1] 3508
[1] 112  60
[1] 3509
[1] 112  44
[1] 3510
[1] 112  52
[1] 3511
[1] 112  73
[1] 3512
[1] 112  54
[1] 3513
[1] 112  45
[1] 3514
[1] 112  42
[1] 3515
[1] 112  71
[1] 3516
[1] 112  53
[1] 3517
[1] 112  62
[1] 3518
[1] 112  25
[1] 3519
[1] 112  28
[1] 3520
[1] 112  13
[1] 3521
[1] 112  14
[1] 3522
[1] 112  43
[1] 3523
[1] 112  28
[1] 3524
[1] 112  57
[1] 3525
[1] 112 105
[1] 3526
[1] 112  54
[1] 3527
[1] 112  13
[1] 3528
[1] 112  41
[1] 3529
[1] 112  29
[1] 3530
[1] 112  45
[1] 3531
[1] 112  76
[1] 3532
[1] 112  11
[1] 3533
[1] 112  66
[1] 3534
[1] 112 124
[1] 3535
[1] 112  75
[1] 3536
[1] 112  37
[1] 3537
[1] 112  57
[1] 3538
[1] 112  56
[1] 3539
[1] 112  60
[1] 3540
[1] 112  26
[1] 3541
[1] 112  31
[1] 3542
[1] 112  62
[1] 3543
[1] 112  32
[1] 3544
[1] 112  53
[1] 3545
[1] 112  74
[1] 3546
[1] 112  44
[1] 3547
[1] 112  39
[1] 3548
[1] 112  93
[1] 3549
[1] 112  64
[1] 3550
[1] 112  28
[1] 3551
[1] 112  36
[1] 3552
[1] 112  38
[1] 3553
[1] 112  30
[1] 3554
[1] 112  26
[1] 3555
[1] 112  30
[1] 3556
[1] 112  58
[1] 3557
[1] 112  19
[1] 3558
[1] 112  35
[1] 3559
[1] 112  60
[1] 3560
[1] 112  20
[1] 3561
[1] 112  39
[1] 3562
[1] 112  27
[1] 3563
[1] 112  35
[1] 3564
[1] 112  28
[1] 3565
[1] 112  94
[1] 3566
[1] 112  57
[1] 3567
[1] 112  51
[1] 3568
[1] 112  96
[1] 3569
[1] 112  32
[1] 3570
[1] 112  53
[1] 3571
[1] 112  65
[1] 3572
[1] 112  54
[1] 3573
[1] 112  58
[1] 3574
[1] 112  44
[1] 3575
[1] 112  78
[1] 3576
[1] 112  80
[1] 3577
[1] 112  46
[1] 3578
[1] 112  55
[1] 3579
[1] 112  50
[1] 3580
[1] 112  44
[1] 3581
[1] 112  61
[1] 3582
[1] 112  35
[1] 3583
[1] 112  76
[1] 3584
[1] 112  33
[1] 3585
[1] 112  46
[1] 3586
[1] 112  38
[1] 3587
[1] 112  54
[1] 3588
[1] 112  50
[1] 3589
[1] 112  46
[1] 3590
[1] 112  56
[1] 3591
[1] 112  13
[1] 3592
[1] 112  10
[1] 3593
[1] 112  56
[1] 3594
[1] 112  50
[1] 3595
[1] 112  42
[1] 3596
[1] 112  71
[1] 3597
[1] 112  64
[1] 3598
[1] 112  39
[1] 3599
[1] 112  65
[1] 3600
[1] 112  64
