[1] 10301
[1] 112  65
[1] 10302
[1] 112  65
[1] 10303
[1] 112  55
[1] 10304
[1] 112  25
[1] 10305
[1] 112  15
[1] 10306
[1] 112  37
[1] 10307
[1] 112  21
[1] 10308
[1] 112  11
[1] 10309
[1] 112  68
[1] 10310
[1] 112  14
[1] 10311
[1] 112  36
[1] 10312
[1] 112  32
[1] 10313
[1] 112  23
[1] 10314
[1] 112 112
[1] 10315
[1] 112  43
[1] 10316
[1] 112  21
[1] 10317
[1] 112  52
[1] 10318
[1] 112  64
[1] 10319
[1] 112  35
[1] 10320
[1] 112  26
[1] 10321
[1] 112  24
[1] 10322
[1] 112  58
[1] 10323
[1] 112  26
[1] 10324
[1] 112  69
[1] 10325
[1] 112  73
[1] 10326
[1] 112  62
[1] 10327
[1] 112  17
[1] 10328
[1] 112  21
[1] 10329
[1] 112  78
[1] 10330
[1] 112  49
[1] 10331
[1] 112  70
[1] 10332
[1] 112  57
[1] 10333
[1] 112  30
[1] 10334
[1] 112  67
[1] 10335
[1] 112  69
[1] 10336
[1] 112  26
[1] 10337
[1] 112  46
[1] 10338
[1] 112  31
[1] 10339
[1] 112  21
[1] 10340
[1] 112  38
[1] 10341
[1] 112  88
[1] 10342
[1] 112  34
[1] 10343
[1] 112  49
[1] 10344
[1] 112  11
[1] 10345
[1] 112  57
[1] 10346
[1] 112  79
[1] 10347
[1] 112  39
[1] 10348
[1] 112  30
[1] 10349
[1] 112  29
[1] 10350
[1] 112  40
[1] 10351
[1] 112  82
[1] 10352
[1] 112  29
[1] 10353
[1] 112  68
[1] 10354
[1] 112  56
[1] 10355
[1] 112  16
[1] 10356
[1] 112  34
[1] 10357
[1] 112  50
[1] 10358
[1] 112  29
[1] 10359
[1] 112   3
[1] 10360
[1] 112  58
[1] 10361
[1] 112  46
[1] 10362
[1] 112  37
[1] 10363
[1] 112  69
[1] 10364
[1] 112  27
[1] 10365
[1] 112  27
[1] 10366
[1] 112  57
[1] 10367
[1] 112  49
[1] 10368
[1] 112  54
[1] 10369
[1] 112  73
[1] 10370
[1] 112  47
[1] 10371
[1] 112  67
[1] 10372
[1] 112  19
[1] 10373
[1] 112  49
[1] 10374
[1] 112  16
[1] 10375
[1] 112 113
[1] 10376
[1] 112  34
[1] 10377
[1] 112  21
[1] 10378
[1] 112  41
[1] 10379
[1] 112  49
[1] 10380
[1] 112  28
[1] 10381
[1] 112  45
[1] 10382
[1] 112  27
[1] 10383
[1] 112  63
[1] 10384
[1] 112  24
[1] 10385
[1] 112  51
[1] 10386
[1] 112 120
[1] 10387
[1] 112  15
[1] 10388
[1] 112  43
[1] 10389
[1] 112  53
[1] 10390
[1] 112  58
[1] 10391
[1] 112  70
[1] 10392
[1] 112  35
[1] 10393
[1] 112  42
[1] 10394
[1] 112  33
[1] 10395
[1] 112  46
[1] 10396
[1] 112  50
[1] 10397
[1] 112  55
[1] 10398
[1] 112  61
[1] 10399
[1] 112  53
[1] 10400
[1] 112  17
