[1] 7801
[1] 112  62
[1] 7802
[1] 112  26
[1] 7803
[1] 112  24
[1] 7804
[1] 112  17
[1] 7805
[1] 112  41
[1] 7806
[1] 112  22
[1] 7807
[1] 112  54
[1] 7808
[1] 112  30
[1] 7809
[1] 112  73
[1] 7810
[1] 112  55
[1] 7811
[1] 112  42
[1] 7812
[1] 112  41
[1] 7813
[1] 112  77
[1] 7814
[1] 112  18
[1] 7815
[1] 112  31
[1] 7816
[1] 112  22
[1] 7817
[1] 112  40
[1] 7818
[1] 112  46
[1] 7819
[1] 112  14
[1] 7820
[1] 112  24
[1] 7821
[1] 112  25
[1] 7822
[1] 112  57
[1] 7823
[1] 112  25
[1] 7824
[1] 112  53
[1] 7825
[1] 112  26
[1] 7826
[1] 112  29
[1] 7827
[1] 112  27
[1] 7828
[1] 112  47
[1] 7829
[1] 112  25
[1] 7830
[1] 112  25
[1] 7831
[1] 112  25
[1] 7832
[1] 112  25
[1] 7833
[1] 112  48
[1] 7834
[1] 112 106
[1] 7835
[1] 112  25
[1] 7836
[1] 112  29
[1] 7837
[1] 112  38
[1] 7838
[1] 112 105
[1] 7839
[1] 112  81
[1] 7840
[1] 112  26
[1] 7841
[1] 112  38
[1] 7842
[1] 112  33
[1] 7843
[1] 112  90
[1] 7844
[1] 112 105
[1] 7845
[1] 112  52
[1] 7846
[1] 112  75
[1] 7847
[1] 112  48
[1] 7848
[1] 112  53
[1] 7849
[1] 112  44
[1] 7850
[1] 112  69
[1] 7851
[1] 112  25
[1] 7852
[1] 112  41
[1] 7853
[1] 112  64
[1] 7854
[1] 112  17
[1] 7855
[1] 112  72
[1] 7856
[1] 112  70
[1] 7857
[1] 112  10
[1] 7858
[1] 112   9
[1] 7859
[1] 112  31
[1] 7860
[1] 112  73
[1] 7861
[1] 112  35
[1] 7862
[1] 112  47
[1] 7863
[1] 112  25
[1] 7864
[1] 112  67
[1] 7865
[1] 112  61
[1] 7866
[1] 112  68
[1] 7867
[1] 112  33
[1] 7868
[1] 112  51
[1] 7869
[1] 112  55
[1] 7870
[1] 112  54
[1] 7871
[1] 112  35
[1] 7872
[1] 112  59
[1] 7873
[1] 112  36
[1] 7874
[1] 112  43
[1] 7875
[1] 112  55
[1] 7876
[1] 112  26
[1] 7877
[1] 112  35
[1] 7878
[1] 112  46
[1] 7879
[1] 112  70
[1] 7880
[1] 112  28
[1] 7881
[1] 112  21
[1] 7882
[1] 112  38
[1] 7883
[1] 112  16
[1] 7884
[1] 112  51
[1] 7885
[1] 112  56
[1] 7886
[1] 112  52
[1] 7887
[1] 112  81
[1] 7888
[1] 112  37
[1] 7889
[1] 112  48
[1] 7890
[1] 112  33
[1] 7891
[1] 112  53
[1] 7892
[1] 112  64
[1] 7893
[1] 112  40
[1] 7894
[1] 112  47
[1] 7895
[1] 112  57
[1] 7896
[1] 112  61
[1] 7897
[1] 112  80
[1] 7898
[1] 112  61
[1] 7899
[1] 112  96
[1] 7900
[1] 112  47
