[1] 4101
[1] 112  73
[1] 4102
[1] 112  66
[1] 4103
[1] 112  63
[1] 4104
[1] 112  47
[1] 4105
[1] 112  50
[1] 4106
[1] 112  42
[1] 4107
[1] 112  43
[1] 4108
[1] 112  53
[1] 4109
[1] 112  42
[1] 4110
[1] 112  27
[1] 4111
[1] 112  27
[1] 4112
[1] 112  28
[1] 4113
[1] 112  59
[1] 4114
[1] 112  44
[1] 4115
[1] 112  50
[1] 4116
[1] 112  30
[1] 4117
[1] 112  30
[1] 4118
[1] 112  32
[1] 4119
[1] 112  29
[1] 4120
[1] 112  69
[1] 4121
[1] 112  57
[1] 4122
[1] 112  19
[1] 4123
[1] 112  20
[1] 4124
[1] 112  17
[1] 4125
[1] 112  19
[1] 4126
[1] 112  20
[1] 4127
[1] 112  35
[1] 4128
[1] 112  25
[1] 4129
[1] 112 124
[1] 4130
[1] 112  64
[1] 4131
[1] 112  63
[1] 4132
[1] 112  63
[1] 4133
[1] 112  69
[1] 4134
[1] 112  21
[1] 4135
[1] 112  76
[1] 4136
[1] 112  93
[1] 4137
[1] 112  69
[1] 4138
[1] 112  21
[1] 4139
[1] 112  36
[1] 4140
[1] 112  27
[1] 4141
[1] 112  31
[1] 4142
[1] 112  39
[1] 4143
[1] 112  46
[1] 4144
[1] 112  28
[1] 4145
[1] 112  91
[1] 4146
[1] 112  29
[1] 4147
[1] 112  23
[1] 4148
[1] 112  26
[1] 4149
[1] 112  27
[1] 4150
[1] 112  28
[1] 4151
[1] 112  37
[1] 4152
[1] 112  41
[1] 4153
[1] 112  71
[1] 4154
[1] 112  58
[1] 4155
[1] 112  65
[1] 4156
[1] 112  25
[1] 4157
[1] 112  78
[1] 4158
[1] 112  79
[1] 4159
[1] 112  72
[1] 4160
[1] 112  68
[1] 4161
[1] 112  54
[1] 4162
[1] 112  39
[1] 4163
[1] 112  38
[1] 4164
[1] 112  60
[1] 4165
[1] 112  62
[1] 4166
[1] 112  36
[1] 4167
[1] 112  35
[1] 4168
[1] 112  60
[1] 4169
[1] 112  53
[1] 4170
[1] 112  66
[1] 4171
[1] 112  41
[1] 4172
[1] 112  44
[1] 4173
[1] 112  37
[1] 4174
[1] 112 105
[1] 4175
[1] 112  40
[1] 4176
[1] 112 108
[1] 4177
[1] 112  43
[1] 4178
[1] 112 101
[1] 4179
[1] 112  47
[1] 4180
[1] 112  63
[1] 4181
[1] 112  41
[1] 4182
[1] 112  52
[1] 4183
[1] 112  71
[1] 4184
[1] 112  22
[1] 4185
[1] 112  20
[1] 4186
[1] 112  18
[1] 4187
[1] 112  24
[1] 4188
[1] 112  47
[1] 4189
[1] 112  20
[1] 4190
[1] 112  19
[1] 4191
[1] 112  23
[1] 4192
[1] 112  29
[1] 4193
[1] 112  78
[1] 4194
[1] 112  62
[1] 4195
[1] 112  30
[1] 4196
[1] 112  74
[1] 4197
[1] 112  36
[1] 4198
[1] 112  38
[1] 4199
[1] 112  75
[1] 4200
[1] 112  58
