[1] 10201
[1] 112  42
[1] 10202
[1] 112  81
[1] 10203
[1] 112  16
[1] 10204
[1] 112  32
[1] 10205
[1] 112  55
[1] 10206
[1] 112  62
[1] 10207
[1] 112  31
[1] 10208
[1] 112  41
[1] 10209
[1] 112  67
[1] 10210
[1] 112  47
[1] 10211
[1] 112  75
[1] 10212
[1] 112  34
[1] 10213
[1] 112  32
[1] 10214
[1] 112  58
[1] 10215
[1] 112  47
[1] 10216
[1] 112  94
[1] 10217
[1] 112  25
[1] 10218
[1] 112  45
[1] 10219
[1] 112  52
[1] 10220
[1] 112  42
[1] 10221
[1] 112  42
[1] 10222
[1] 112  49
[1] 10223
[1] 112  27
[1] 10224
[1] 112  20
[1] 10225
[1] 112  46
[1] 10226
[1] 112  23
[1] 10227
[1] 112  16
[1] 10228
[1] 112  31
[1] 10229
[1] 112  23
[1] 10230
[1] 112  80
[1] 10231
[1] 112  51
[1] 10232
[1] 112  60
[1] 10233
[1] 112   0
[1] 10234
[1] 112  42
[1] 10235
[1] 112  39
[1] 10236
[1] 112  67
[1] 10237
[1] 112  69
[1] 10238
[1] 112  60
[1] 10239
[1] 112  48
[1] 10240
[1] 112  64
[1] 10241
[1] 112  51
[1] 10242
[1] 112  66
[1] 10243
[1] 112  42
[1] 10244
[1] 112  20
[1] 10245
[1] 112  49
[1] 10246
[1] 112  31
[1] 10247
[1] 112  27
[1] 10248
[1] 112  59
[1] 10249
[1] 112  47
[1] 10250
[1] 112  76
[1] 10251
[1] 112  18
[1] 10252
[1] 112  32
[1] 10253
[1] 112  43
[1] 10254
[1] 112 137
[1] 10255
[1] 112  40
[1] 10256
[1] 112  54
[1] 10257
[1] 112 178
[1] 10258
[1] 112  15
[1] 10259
[1] 112 118
[1] 10260
[1] 112  33
[1] 10261
[1] 112  65
[1] 10262
[1] 112  37
[1] 10263
[1] 112  28
[1] 10264
[1] 112  34
[1] 10265
[1] 112  20
[1] 10266
[1] 112  56
[1] 10267
[1] 112  67
[1] 10268
[1] 112  13
[1] 10269
[1] 112  66
[1] 10270
[1] 112  57
[1] 10271
[1] 112  66
[1] 10272
[1] 112  45
[1] 10273
[1] 112  44
[1] 10274
[1] 112  76
[1] 10275
[1] 112  72
[1] 10276
[1] 112  43
[1] 10277
[1] 112  77
[1] 10278
[1] 112  33
[1] 10279
[1] 112  45
[1] 10280
[1] 112  51
[1] 10281
[1] 112  16
[1] 10282
[1] 112   8
[1] 10283
[1] 112  34
[1] 10284
[1] 112  23
[1] 10285
[1] 112  39
[1] 10286
[1] 112  34
[1] 10287
[1] 112  48
[1] 10288
[1] 112  54
[1] 10289
[1] 112   9
[1] 10290
[1] 112  34
[1] 10291
[1] 112  43
[1] 10292
[1] 112  20
[1] 10293
[1] 112  72
[1] 10294
[1] 112  45
[1] 10295
[1] 112  61
[1] 10296
[1] 112  33
[1] 10297
[1] 112  27
[1] 10298
[1] 112  67
[1] 10299
[1] 112  15
[1] 10300
[1] 112  29
