[1] 10001
[1] 112 379
[1] 10002
[1] 112  33
[1] 10003
[1] 112 269
[1] 10004
[1] 112 235
[1] 10005
[1] 112  42
[1] 10006
[1] 112  44
[1] 10007
[1] 112  46
[1] 10008
[1] 112 187
[1] 10009
[1] 112  74
[1] 10010
[1] 112 176
[1] 10011
[1] 112 173
[1] 10012
[1] 112 167
[1] 10013
[1] 112  27
[1] 10014
[1] 112 175
[1] 10015
[1] 112  51
[1] 10016
[1] 112 173
[1] 10017
[1] 112 168
[1] 10018
[1] 112 175
[1] 10019
[1] 112  48
[1] 10020
[1] 112 252
[1] 10021
[1] 112 246
[1] 10022
[1] 112 255
[1] 10023
[1] 112  57
[1] 10024
[1] 112  51
[1] 10025
[1] 112 436
[1] 10026
[1] 112 425
[1] 10027
[1] 112 418
[1] 10028
[1] 112 197
[1] 10029
[1] 112 193
[1] 10030
[1] 112 211
[1] 10031
[1] 112 214
[1] 10032
[1] 112 203
[1] 10033
[1] 112 190
[1] 10034
[1] 112  70
[1] 10035
[1] 112  71
[1] 10036
[1] 112 274
[1] 10037
[1] 112  31
[1] 10038
[1] 112  96
[1] 10039
[1] 112  41
[1] 10040
[1] 112 303
[1] 10041
[1] 112  22
[1] 10042
[1] 112  49
[1] 10043
[1] 112  27
[1] 10044
[1] 112  66
[1] 10045
[1] 112   1
[1] 10046
[1] 112  18
[1] 10047
[1] 112  29
[1] 10048
[1] 112  23
[1] 10049
[1] 112  24
[1] 10050
[1] 112  14
[1] 10051
[1] 112  36
[1] 10052
[1] 112  64
[1] 10053
[1] 112  46
[1] 10054
[1] 112  34
[1] 10055
[1] 112  56
[1] 10056
[1] 112  23
[1] 10057
[1] 112  50
[1] 10058
[1] 112  58
[1] 10059
[1] 112  31
[1] 10060
[1] 112  36
[1] 10061
[1] 112  65
[1] 10062
[1] 112  59
[1] 10063
[1] 112  53
[1] 10064
[1] 112  97
[1] 10065
[1] 112  34
[1] 10066
[1] 112  41
[1] 10067
[1] 112  59
[1] 10068
[1] 112  37
[1] 10069
[1] 112  40
[1] 10070
[1] 112  50
[1] 10071
[1] 112  18
[1] 10072
[1] 112  56
[1] 10073
[1] 112  13
[1] 10074
[1] 112  20
[1] 10075
[1] 112  25
[1] 10076
[1] 112  14
[1] 10077
[1] 112  32
[1] 10078
[1] 112  68
[1] 10079
[1] 112  39
[1] 10080
[1] 112  43
[1] 10081
[1] 112  33
[1] 10082
[1] 112  41
[1] 10083
[1] 112  28
[1] 10084
[1] 112  44
[1] 10085
[1] 112  57
[1] 10086
[1] 112  39
[1] 10087
[1] 112  59
[1] 10088
[1] 112  92
[1] 10089
[1] 112  64
[1] 10090
[1] 112  64
[1] 10091
[1] 112   0
[1] 10092
[1] 112   0
[1] 10093
[1] 112  58
[1] 10094
[1] 112  22
[1] 10095
[1] 112  45
[1] 10096
[1] 112  69
[1] 10097
[1] 112  47
[1] 10098
[1] 112  64
[1] 10099
[1] 112  60
[1] 10100
[1] 112  62
