[1] 1801
[1] 112 114
[1] 1802
[1] 112  65
[1] 1803
[1] 112  51
[1] 1804
[1] 112  50
[1] 1805
[1] 112  76
[1] 1806
[1] 112  46
[1] 1807
[1] 112  93
[1] 1808
[1] 112  62
[1] 1809
[1] 112 114
[1] 1810
[1] 112  71
[1] 1811
[1] 112  60
[1] 1812
[1] 112  61
[1] 1813
[1] 112  70
[1] 1814
[1] 112  61
[1] 1815
[1] 112  69
[1] 1816
[1] 112  59
[1] 1817
[1] 112  75
[1] 1818
[1] 112  77
[1] 1819
[1] 112  38
[1] 1820
[1] 112  19
[1] 1821
[1] 112  65
[1] 1822
[1] 112  76
[1] 1823
[1] 112  56
[1] 1824
[1] 112  53
[1] 1825
[1] 112  48
[1] 1826
[1] 112  30
[1] 1827
[1] 112  34
[1] 1828
[1] 112  43
[1] 1829
[1] 112  34
[1] 1830
[1] 112 106
[1] 1831
[1] 112  37
[1] 1832
[1] 112  37
[1] 1833
[1] 112   9
[1] 1834
[1] 112  52
[1] 1835
[1] 112  56
[1] 1836
[1] 112  30
[1] 1837
[1] 112  16
[1] 1838
[1] 112  39
[1] 1839
[1] 112  60
[1] 1840
[1] 112  25
[1] 1841
[1] 112  26
[1] 1842
[1] 112  27
[1] 1843
[1] 112  35
[1] 1844
[1] 112  37
[1] 1845
[1] 112  13
[1] 1846
[1] 112  65
[1] 1847
[1] 112  61
[1] 1848
[1] 112  74
[1] 1849
[1] 112  14
[1] 1850
[1] 112  51
[1] 1851
[1] 112  52
[1] 1852
[1] 112  59
[1] 1853
[1] 112  31
[1] 1854
[1] 112  43
[1] 1855
[1] 112  13
[1] 1856
[1] 112  33
[1] 1857
[1] 112  36
[1] 1858
[1] 112  36
[1] 1859
[1] 112  59
[1] 1860
[1] 112  37
[1] 1861
[1] 112  37
[1] 1862
[1] 112  62
[1] 1863
[1] 112  88
[1] 1864
[1] 112  46
[1] 1865
[1] 112  61
[1] 1866
[1] 112  41
[1] 1867
[1] 112  47
[1] 1868
[1] 112  85
[1] 1869
[1] 112  59
[1] 1870
[1] 112  28
[1] 1871
[1] 112  43
[1] 1872
[1] 112  30
[1] 1873
[1] 112  52
[1] 1874
[1] 112  48
[1] 1875
[1] 112  59
[1] 1876
[1] 112  50
[1] 1877
[1] 112  26
[1] 1878
[1] 112  41
[1] 1879
[1] 112   8
[1] 1880
[1] 112   9
[1] 1881
[1] 112  21
[1] 1882
[1] 112  34
[1] 1883
[1] 112  36
[1] 1884
[1] 112  27
[1] 1885
[1] 112  13
[1] 1886
[1] 112 122
[1] 1887
[1] 112  12
[1] 1888
[1] 112  82
[1] 1889
[1] 112  20
[1] 1890
[1] 112  74
[1] 1891
[1] 112  35
[1] 1892
[1] 112  20
[1] 1893
[1] 112  47
[1] 1894
[1] 112  40
[1] 1895
[1] 112  45
[1] 1896
[1] 112  42
[1] 1897
[1] 112  79
[1] 1898
[1] 112  40
[1] 1899
[1] 112  33
[1] 1900
[1] 112  49
