[1] 1001
[1] 112  44
[1] 1002
[1] 112  44
[1] 1003
[1] 112  42
[1] 1004
[1] 112  21
[1] 1005
[1] 112   6
[1] 1006
[1] 112  50
[1] 1007
[1] 112  35
[1] 1008
[1] 112  44
[1] 1009
[1] 112  72
[1] 1010
[1] 112  59
[1] 1011
[1] 112  38
[1] 1012
[1] 112  60
[1] 1013
[1] 112  84
[1] 1014
[1] 112  73
[1] 1015
[1] 112  57
[1] 1016
[1] 112  49
[1] 1017
[1] 112  42
[1] 1018
[1] 112  55
[1] 1019
[1] 112  70
[1] 1020
[1] 112  29
[1] 1021
[1] 112  53
[1] 1022
[1] 112  88
[1] 1023
[1] 112  60
[1] 1024
[1] 112  60
[1] 1025
[1] 112  45
[1] 1026
[1] 112  40
[1] 1027
[1] 112  43
[1] 1028
[1] 112  42
[1] 1029
[1] 112  61
[1] 1030
[1] 112  62
[1] 1031
[1] 112  86
[1] 1032
[1] 112  75
[1] 1033
[1] 112  36
[1] 1034
[1] 112  52
[1] 1035
[1] 112  36
[1] 1036
[1] 112  36
[1] 1037
[1] 112  44
[1] 1038
[1] 112  54
[1] 1039
[1] 112  40
[1] 1040
[1] 112  50
[1] 1041
[1] 112  40
[1] 1042
[1] 112  67
[1] 1043
[1] 112  32
[1] 1044
[1] 112  65
[1] 1045
[1] 112 103
[1] 1046
[1] 112  45
[1] 1047
[1] 112  77
[1] 1048
[1] 112  66
[1] 1049
[1] 112  32
[1] 1050
[1] 112  41
[1] 1051
[1] 112  28
[1] 1052
[1] 112  50
[1] 1053
[1] 112  41
[1] 1054
[1] 112  49
[1] 1055
[1] 112  58
[1] 1056
[1] 112  52
[1] 1057
[1] 112  42
[1] 1058
[1] 112  81
[1] 1059
[1] 112  51
[1] 1060
[1] 112  92
[1] 1061
[1] 112  30
[1] 1062
[1] 112  49
[1] 1063
[1] 112  42
[1] 1064
[1] 112  44
[1] 1065
[1] 112  17
[1] 1066
[1] 112  70
[1] 1067
[1] 112  76
[1] 1068
[1] 112  43
[1] 1069
[1] 112  39
[1] 1070
[1] 112  48
[1] 1071
[1] 112  84
[1] 1072
[1] 112  89
[1] 1073
[1] 112  47
[1] 1074
[1] 112   8
[1] 1075
[1] 112  40
[1] 1076
[1] 112   8
[1] 1077
[1] 112  27
[1] 1078
[1] 112  32
[1] 1079
[1] 112  35
[1] 1080
[1] 112  35
[1] 1081
[1] 112  23
[1] 1082
[1] 112  60
[1] 1083
[1] 112  75
[1] 1084
[1] 112  25
[1] 1085
[1] 112  45
[1] 1086
[1] 112 106
[1] 1087
[1] 112  37
[1] 1088
[1] 112  39
[1] 1089
[1] 112  35
[1] 1090
[1] 112  56
[1] 1091
[1] 112  59
[1] 1092
[1] 112  56
[1] 1093
[1] 112  48
[1] 1094
[1] 112  67
[1] 1095
[1] 112  78
[1] 1096
[1] 112  56
[1] 1097
[1] 112  53
[1] 1098
[1] 112  52
[1] 1099
[1] 112  10
[1] 1100
[1] 112  57
