[1] 1201
[1] 112  44
[1] 1202
[1] 112  82
[1] 1203
[1] 112  40
[1] 1204
[1] 112  48
[1] 1205
[1] 112  60
[1] 1206
[1] 112  44
[1] 1207
[1] 112  83
[1] 1208
[1] 112  36
[1] 1209
[1] 112  29
[1] 1210
[1] 112  32
[1] 1211
[1] 112  31
[1] 1212
[1] 112 131
[1] 1213
[1] 112  84
[1] 1214
[1] 112  45
[1] 1215
[1] 112  18
[1] 1216
[1] 112  13
[1] 1217
[1] 112  40
[1] 1218
[1] 112  78
[1] 1219
[1] 112  36
[1] 1220
[1] 112  71
[1] 1221
[1] 112  37
[1] 1222
[1] 112  26
[1] 1223
[1] 112  36
[1] 1224
[1] 112  51
[1] 1225
[1] 112  51
[1] 1226
[1] 112  80
[1] 1227
[1] 112  41
[1] 1228
[1] 112  43
[1] 1229
[1] 112  60
[1] 1230
[1] 112  40
[1] 1231
[1] 112  81
[1] 1232
[1] 112  60
[1] 1233
[1] 112  50
[1] 1234
[1] 112  26
[1] 1235
[1] 112  30
[1] 1236
[1] 112  55
[1] 1237
[1] 112  55
[1] 1238
[1] 112  16
[1] 1239
[1] 112  20
[1] 1240
[1] 112  27
[1] 1241
[1] 112  24
[1] 1242
[1] 112  22
[1] 1243
[1] 112  47
[1] 1244
[1] 112  47
[1] 1245
[1] 112  78
[1] 1246
[1] 112  50
[1] 1247
[1] 112  36
[1] 1248
[1] 112  30
[1] 1249
[1] 112  75
[1] 1250
[1] 112  89
[1] 1251
[1] 112  46
[1] 1252
[1] 112  66
[1] 1253
[1] 112  73
[1] 1254
[1] 112  16
[1] 1255
[1] 112  52
[1] 1256
[1] 112  38
[1] 1257
[1] 112  75
[1] 1258
[1] 112  61
[1] 1259
[1] 112  73
[1] 1260
[1] 112  16
[1] 1261
[1] 112  10
[1] 1262
[1] 112  57
[1] 1263
[1] 112  53
[1] 1264
[1] 112  46
[1] 1265
[1] 112  55
[1] 1266
[1] 112  54
[1] 1267
[1] 112  51
[1] 1268
[1] 112  37
[1] 1269
[1] 112  50
[1] 1270
[1] 112  40
[1] 1271
[1] 112  38
[1] 1272
[1] 112  53
[1] 1273
[1] 112  46
[1] 1274
[1] 112  66
[1] 1275
[1] 112  39
[1] 1276
[1] 112  62
[1] 1277
[1] 112  71
[1] 1278
[1] 112  67
[1] 1279
[1] 112  77
[1] 1280
[1] 112  57
[1] 1281
[1] 112  42
[1] 1282
[1] 112  92
[1] 1283
[1] 112  64
[1] 1284
[1] 112  10
[1] 1285
[1] 112  41
[1] 1286
[1] 112  74
[1] 1287
[1] 112  94
[1] 1288
[1] 112  34
[1] 1289
[1] 112  45
[1] 1290
[1] 112  48
[1] 1291
[1] 112  45
[1] 1292
[1] 112  65
[1] 1293
[1] 112  69
[1] 1294
[1] 112 116
[1] 1295
[1] 112  65
[1] 1296
[1] 112  48
[1] 1297
[1] 112  38
[1] 1298
[1] 112  35
[1] 1299
[1] 112  40
[1] 1300
[1] 112  60
