[1] 5001
[1] 112  64
[1] 5002
[1] 112  58
[1] 5003
[1] 112  33
[1] 5004
[1] 112  52
[1] 5005
[1] 112 105
[1] 5006
[1] 112  51
[1] 5007
[1] 112  49
[1] 5008
[1] 112  22
[1] 5009
[1] 112  42
[1] 5010
[1] 112  47
[1] 5011
[1] 112  70
[1] 5012
[1] 112  49
[1] 5013
[1] 112  46
[1] 5014
[1] 112  32
[1] 5015
[1] 112  39
[1] 5016
[1] 112  47
[1] 5017
[1] 112  50
[1] 5018
[1] 112  58
[1] 5019
[1] 112  73
[1] 5020
[1] 112  81
[1] 5021
[1] 112  75
[1] 5022
[1] 112  41
[1] 5023
[1] 112  33
[1] 5024
[1] 112  92
[1] 5025
[1] 112  67
[1] 5026
[1] 112  32
[1] 5027
[1] 112  40
[1] 5028
[1] 112  54
[1] 5029
[1] 112  85
[1] 5030
[1] 112  17
[1] 5031
[1] 112  41
[1] 5032
[1] 112  86
[1] 5033
[1] 112  39
[1] 5034
[1] 112  30
[1] 5035
[1] 112  57
[1] 5036
[1] 112  41
[1] 5037
[1] 112  78
[1] 5038
[1] 112  40
[1] 5039
[1] 112  73
[1] 5040
[1] 112  53
[1] 5041
[1] 112  40
[1] 5042
[1] 112  44
[1] 5043
[1] 112  45
[1] 5044
[1] 112  39
[1] 5045
[1] 112  61
[1] 5046
[1] 112  44
[1] 5047
[1] 112  31
[1] 5048
[1] 112  52
[1] 5049
[1] 112  62
[1] 5050
[1] 112  38
[1] 5051
[1] 112  52
[1] 5052
[1] 112  34
[1] 5053
[1] 112  39
[1] 5054
[1] 112  25
[1] 5055
[1] 112  28
[1] 5056
[1] 112  86
[1] 5057
[1] 112  52
[1] 5058
[1] 112  43
[1] 5059
[1] 112 117
[1] 5060
[1] 112  95
[1] 5061
[1] 112  59
[1] 5062
[1] 112  40
[1] 5063
[1] 112  40
[1] 5064
[1] 112  54
[1] 5065
[1] 112  34
[1] 5066
[1] 112  26
[1] 5067
[1] 112  30
[1] 5068
[1] 112  55
[1] 5069
[1] 112  68
[1] 5070
[1] 112  56
[1] 5071
[1] 112  68
[1] 5072
[1] 112  19
[1] 5073
[1] 112  30
[1] 5074
[1] 112  30
[1] 5075
[1] 112  27
[1] 5076
[1] 112  61
[1] 5077
[1] 112  51
[1] 5078
[1] 112  38
[1] 5079
[1] 112  46
[1] 5080
[1] 112  35
[1] 5081
[1] 112  28
[1] 5082
[1] 112  29
[1] 5083
[1] 112  21
[1] 5084
[1] 112  41
[1] 5085
[1] 112  31
[1] 5086
[1] 112  36
[1] 5087
[1] 112  27
[1] 5088
[1] 112  19
[1] 5089
[1] 112  59
[1] 5090
[1] 112  28
[1] 5091
[1] 112  26
[1] 5092
[1] 112  42
[1] 5093
[1] 112  28
[1] 5094
[1] 112  24
[1] 5095
[1] 112  42
[1] 5096
[1] 112  27
[1] 5097
[1] 112  65
[1] 5098
[1] 112  43
[1] 5099
[1] 112  57
[1] 5100
[1] 112  70
