[1] 4001
[1] 112  46
[1] 4002
[1] 112 132
[1] 4003
[1] 112  94
[1] 4004
[1] 112  60
[1] 4005
[1] 112  67
[1] 4006
[1] 112  63
[1] 4007
[1] 112  27
[1] 4008
[1] 112 108
[1] 4009
[1] 112  35
[1] 4010
[1] 112  49
[1] 4011
[1] 112  47
[1] 4012
[1] 112  96
[1] 4013
[1] 112  14
[1] 4014
[1] 112  57
[1] 4015
[1] 112  71
[1] 4016
[1] 112 118
[1] 4017
[1] 112  63
[1] 4018
[1] 112  63
[1] 4019
[1] 112  47
[1] 4020
[1] 112  11
[1] 4021
[1] 112  95
[1] 4022
[1] 112  53
[1] 4023
[1] 112  15
[1] 4024
[1] 112  37
[1] 4025
[1] 112  63
[1] 4026
[1] 112  67
[1] 4027
[1] 112  62
[1] 4028
[1] 112  46
[1] 4029
[1] 112  56
[1] 4030
[1] 112  29
[1] 4031
[1] 112  61
[1] 4032
[1] 112  91
[1] 4033
[1] 112  42
[1] 4034
[1] 112  56
[1] 4035
[1] 112  50
[1] 4036
[1] 112  85
[1] 4037
[1] 112  49
[1] 4038
[1] 112  98
[1] 4039
[1] 112  63
[1] 4040
[1] 112  43
[1] 4041
[1] 112  55
[1] 4042
[1] 112  42
[1] 4043
[1] 112  50
[1] 4044
[1] 112  42
[1] 4045
[1] 112  43
[1] 4046
[1] 112  59
[1] 4047
[1] 112  69
[1] 4048
[1] 112  54
[1] 4049
[1] 112  49
[1] 4050
[1] 112  51
[1] 4051
[1] 112  48
[1] 4052
[1] 112  48
[1] 4053
[1] 112  52
[1] 4054
[1] 112  38
[1] 4055
[1] 112  61
[1] 4056
[1] 112  55
[1] 4057
[1] 112  82
[1] 4058
[1] 112  73
[1] 4059
[1] 112  69
[1] 4060
[1] 112  74
[1] 4061
[1] 112  13
[1] 4062
[1] 112  75
[1] 4063
[1] 112  65
[1] 4064
[1] 112  75
[1] 4065
[1] 112  75
[1] 4066
[1] 112  68
[1] 4067
[1] 112  76
[1] 4068
[1] 112  71
[1] 4069
[1] 112  71
[1] 4070
[1] 112  83
[1] 4071
[1] 112  79
[1] 4072
[1] 112  52
[1] 4073
[1] 112  63
[1] 4074
[1] 112  70
[1] 4075
[1] 112  41
[1] 4076
[1] 112  79
[1] 4077
[1] 112  98
[1] 4078
[1] 112  18
[1] 4079
[1] 112  61
[1] 4080
[1] 112  58
[1] 4081
[1] 112  74
[1] 4082
[1] 112  84
[1] 4083
[1] 112  59
[1] 4084
[1] 112  60
[1] 4085
[1] 112  63
[1] 4086
[1] 112  66
[1] 4087
[1] 112  67
[1] 4088
[1] 112  56
[1] 4089
[1] 112  70
[1] 4090
[1] 112  44
[1] 4091
[1] 112  95
[1] 4092
[1] 112  60
[1] 4093
[1] 112  50
[1] 4094
[1] 112  45
[1] 4095
[1] 112 105
[1] 4096
[1] 112  59
[1] 4097
[1] 112  58
[1] 4098
[1] 112  56
[1] 4099
[1] 112  13
[1] 4100
[1] 112  65
