[1] 5601
[1] 112  58
[1] 5602
[1] 112  90
[1] 5603
[1] 112 127
[1] 5604
[1] 112  79
[1] 5605
[1] 112 119
[1] 5606
[1] 112  51
[1] 5607
[1] 112  45
[1] 5608
[1] 112  14
[1] 5609
[1] 112  52
[1] 5610
[1] 112  29
[1] 5611
[1] 112  43
[1] 5612
[1] 112  59
[1] 5613
[1] 112  50
[1] 5614
[1] 112  46
[1] 5615
[1] 112  42
[1] 5616
[1] 112  39
[1] 5617
[1] 112  70
[1] 5618
[1] 112  20
[1] 5619
[1] 112  89
[1] 5620
[1] 112  53
[1] 5621
[1] 112  64
[1] 5622
[1] 112  53
[1] 5623
[1] 112  38
[1] 5624
[1] 112  63
[1] 5625
[1] 112  60
[1] 5626
[1] 112  39
[1] 5627
[1] 112  57
[1] 5628
[1] 112  16
[1] 5629
[1] 112  57
[1] 5630
[1] 112  55
[1] 5631
[1] 112  80
[1] 5632
[1] 112  66
[1] 5633
[1] 112  60
[1] 5634
[1] 112  70
[1] 5635
[1] 112 105
[1] 5636
[1] 112  38
[1] 5637
[1] 112  62
[1] 5638
[1] 112  54
[1] 5639
[1] 112  50
[1] 5640
[1] 112  36
[1] 5641
[1] 112  59
[1] 5642
[1] 112  69
[1] 5643
[1] 112  65
[1] 5644
[1] 112  64
[1] 5645
[1] 112 110
[1] 5646
[1] 112  61
[1] 5647
[1] 112  23
[1] 5648
[1] 112  19
[1] 5649
[1] 112  24
[1] 5650
[1] 112  34
[1] 5651
[1] 112  39
[1] 5652
[1] 112   1
[1] 5653
[1] 112  40
[1] 5654
[1] 112  45
[1] 5655
[1] 112  51
[1] 5656
[1] 112  44
[1] 5657
[1] 112  99
[1] 5658
[1] 112  65
[1] 5659
[1] 112  46
[1] 5660
[1] 112  30
[1] 5661
[1] 112  70
[1] 5662
[1] 112  43
[1] 5663
[1] 112  46
[1] 5664
[1] 112  53
[1] 5665
[1] 112  40
[1] 5666
[1] 112  58
[1] 5667
[1] 112  63
[1] 5668
[1] 112  29
[1] 5669
[1] 112  56
[1] 5670
[1] 112  87
[1] 5671
[1] 112  56
[1] 5672
[1] 112  53
[1] 5673
[1] 112  51
[1] 5674
[1] 112  55
[1] 5675
[1] 112  54
[1] 5676
[1] 112  83
[1] 5677
[1] 112 156
[1] 5678
[1] 112  63
[1] 5679
[1] 112  60
[1] 5680
[1] 112 115
[1] 5681
[1] 112 147
[1] 5682
[1] 112  26
[1] 5683
[1] 112  35
[1] 5684
[1] 112  31
[1] 5685
[1] 112  37
[1] 5686
[1] 112  39
[1] 5687
[1] 112  62
[1] 5688
[1] 112  61
[1] 5689
[1] 112  43
[1] 5690
[1] 112  48
[1] 5691
[1] 112  36
[1] 5692
[1] 112  34
[1] 5693
[1] 112  55
[1] 5694
[1] 112  34
[1] 5695
[1] 112  38
[1] 5696
[1] 112  61
[1] 5697
[1] 112  26
[1] 5698
[1] 112  31
[1] 5699
[1] 112  39
[1] 5700
[1] 112  29
