[1] 5101
[1] 112  97
[1] 5102
[1] 112  49
[1] 5103
[1] 112  58
[1] 5104
[1] 112  62
[1] 5105
[1] 112  57
[1] 5106
[1] 112  65
[1] 5107
[1] 112  92
[1] 5108
[1] 112  81
[1] 5109
[1] 112  70
[1] 5110
[1] 112  30
[1] 5111
[1] 112  38
[1] 5112
[1] 112  61
[1] 5113
[1] 112  50
[1] 5114
[1] 112  23
[1] 5115
[1] 112  61
[1] 5116
[1] 112  62
[1] 5117
[1] 112  49
[1] 5118
[1] 112  58
[1] 5119
[1] 112  62
[1] 5120
[1] 112  54
[1] 5121
[1] 112  54
[1] 5122
[1] 112  40
[1] 5123
[1] 112  42
[1] 5124
[1] 112  46
[1] 5125
[1] 112  15
[1] 5126
[1] 112  66
[1] 5127
[1] 112  29
[1] 5128
[1] 112  17
[1] 5129
[1] 112  24
[1] 5130
[1] 112  50
[1] 5131
[1] 112  50
[1] 5132
[1] 112  54
[1] 5133
[1] 112  58
[1] 5134
[1] 112  65
[1] 5135
[1] 112  34
[1] 5136
[1] 112  19
[1] 5137
[1] 112  34
[1] 5138
[1] 112  26
[1] 5139
[1] 112  42
[1] 5140
[1] 112  45
[1] 5141
[1] 112  22
[1] 5142
[1] 112  61
[1] 5143
[1] 112  57
[1] 5144
[1] 112  18
[1] 5145
[1] 112  17
[1] 5146
[1] 112  51
[1] 5147
[1] 112  65
[1] 5148
[1] 112  95
[1] 5149
[1] 112  27
[1] 5150
[1] 112  31
[1] 5151
[1] 112  42
[1] 5152
[1] 112  25
[1] 5153
[1] 112  62
[1] 5154
[1] 112  58
[1] 5155
[1] 112  35
[1] 5156
[1] 112  36
[1] 5157
[1] 112  72
[1] 5158
[1] 112  59
[1] 5159
[1] 112  61
[1] 5160
[1] 112  79
[1] 5161
[1] 112  61
[1] 5162
[1] 112  37
[1] 5163
[1] 112  71
[1] 5164
[1] 112  61
[1] 5165
[1] 112  64
[1] 5166
[1] 112 116
[1] 5167
[1] 112  55
[1] 5168
[1] 112  71
[1] 5169
[1] 112  67
[1] 5170
[1] 112  41
[1] 5171
[1] 112  52
[1] 5172
[1] 112  50
[1] 5173
[1] 112  61
[1] 5174
[1] 112  52
[1] 5175
[1] 112  45
[1] 5176
[1] 112  46
[1] 5177
[1] 112  45
[1] 5178
[1] 112  27
[1] 5179
[1] 112 109
[1] 5180
[1] 112  21
[1] 5181
[1] 112  15
[1] 5182
[1] 112  53
[1] 5183
[1] 112  15
[1] 5184
[1] 112  46
[1] 5185
[1] 112  53
[1] 5186
[1] 112  55
[1] 5187
[1] 112  37
[1] 5188
[1] 112  49
[1] 5189
[1] 112  75
[1] 5190
[1] 112  78
[1] 5191
[1] 112  83
[1] 5192
[1] 112  97
[1] 5193
[1] 112 113
[1] 5194
[1] 112  33
[1] 5195
[1] 112  60
[1] 5196
[1] 112  14
[1] 5197
[1] 112  62
[1] 5198
[1] 112 114
[1] 5199
[1] 112 355
[1] 5200
[1] 112 131
