[1] 101
[1] 112  60
[1] 102
[1] 112  63
[1] 103
[1] 112  30
[1] 104
[1] 112  48
[1] 105
[1] 112  62
[1] 106
[1] 112  49
[1] 107
[1] 112  70
[1] 108
[1] 112  26
[1] 109
[1] 112  43
[1] 110
[1] 112  73
[1] 111
[1] 112  61
[1] 112
[1] 112  37
[1] 113
[1] 112  44
[1] 114
[1] 112  63
[1] 115
[1] 112  30
[1] 116
[1] 112  74
[1] 117
[1] 112  27
[1] 118
[1] 112  29
[1] 119
[1] 112  64
[1] 120
[1] 112  24
[1] 121
[1] 112  39
[1] 122
[1] 112  51
[1] 123
[1] 112  66
[1] 124
[1] 112  48
[1] 125
[1] 112  63
[1] 126
[1] 112  73
[1] 127
[1] 112  41
[1] 128
[1] 112 100
[1] 129
[1] 112  58
[1] 130
[1] 112  61
[1] 131
[1] 112  44
[1] 132
[1] 112  69
[1] 133
[1] 112  45
[1] 134
[1] 112  36
[1] 135
[1] 112  34
[1] 136
[1] 112  22
[1] 137
[1] 112  64
[1] 138
[1] 112  45
[1] 139
[1] 112  19
[1] 140
[1] 112  71
[1] 141
[1] 112  38
[1] 142
[1] 112  34
[1] 143
[1] 112  54
[1] 144
[1] 112  41
[1] 145
[1] 112  56
[1] 146
[1] 112  74
[1] 147
[1] 112  35
[1] 148
[1] 112  20
[1] 149
[1] 112  73
[1] 150
[1] 112  71
[1] 151
[1] 112  58
[1] 152
[1] 112  62
[1] 153
[1] 112  22
[1] 154
[1] 112  26
[1] 155
[1] 112  45
[1] 156
[1] 112  52
[1] 157
[1] 112  76
[1] 158
[1] 112  54
[1] 159
[1] 112  33
[1] 160
[1] 112  30
[1] 161
[1] 112  68
[1] 162
[1] 112  28
[1] 163
[1] 112  32
[1] 164
[1] 112  84
[1] 165
[1] 112  46
[1] 166
[1] 112  63
[1] 167
[1] 112  48
[1] 168
[1] 112  33
[1] 169
[1] 112  65
[1] 170
[1] 112  39
[1] 171
[1] 112  41
[1] 172
[1] 112  38
[1] 173
[1] 112  17
[1] 174
[1] 112  77
[1] 175
[1] 112  49
[1] 176
[1] 112  69
[1] 177
[1] 112  63
[1] 178
[1] 112  68
[1] 179
[1] 112  73
[1] 180
[1] 112  69
[1] 181
[1] 112  22
[1] 182
[1] 112  60
[1] 183
[1] 112  61
[1] 184
[1] 112  49
[1] 185
[1] 112  33
[1] 186
[1] 112  47
[1] 187
[1] 112  25
[1] 188
[1] 112  64
[1] 189
[1] 112  44
[1] 190
[1] 112  63
[1] 191
[1] 112  42
[1] 192
[1] 112  42
[1] 193
[1] 112  54
[1] 194
[1] 112  68
[1] 195
[1] 112  37
[1] 196
[1] 112  52
[1] 197
[1] 112  75
[1] 198
[1] 112  29
[1] 199
[1] 112  27
[1] 200
[1] 112  66
