[1] 8501
[1] 112  43
[1] 8502
[1] 112  41
[1] 8503
[1] 112  34
[1] 8504
[1] 112  28
[1] 8505
[1] 112  34
[1] 8506
[1] 112 136
[1] 8507
[1] 112  62
[1] 8508
[1] 112  19
[1] 8509
[1] 112  18
[1] 8510
[1] 112  53
[1] 8511
[1] 112  72
[1] 8512
[1] 112  89
[1] 8513
[1] 112  56
[1] 8514
[1] 112  74
[1] 8515
[1] 112  51
[1] 8516
[1] 112  37
[1] 8517
[1] 112  71
[1] 8518
[1] 112  64
[1] 8519
[1] 112  45
[1] 8520
[1] 112  38
[1] 8521
[1] 112  17
[1] 8522
[1] 112  38
[1] 8523
[1] 112  55
[1] 8524
[1] 112  77
[1] 8525
[1] 112  54
[1] 8526
[1] 112  46
[1] 8527
[1] 112  68
[1] 8528
[1] 112  54
[1] 8529
[1] 112  69
[1] 8530
[1] 112  80
[1] 8531
[1] 112  63
[1] 8532
[1] 112  47
[1] 8533
[1] 112  78
[1] 8534
[1] 112  79
[1] 8535
[1] 112  57
[1] 8536
[1] 112  80
[1] 8537
[1] 112  39
[1] 8538
[1] 112  39
[1] 8539
[1] 112  24
[1] 8540
[1] 112  45
[1] 8541
[1] 112  38
[1] 8542
[1] 112  47
[1] 8543
[1] 112  25
[1] 8544
[1] 112  68
[1] 8545
[1] 112  67
[1] 8546
[1] 112  82
[1] 8547
[1] 112  56
[1] 8548
[1] 112  60
[1] 8549
[1] 112  60
[1] 8550
[1] 112  59
[1] 8551
[1] 112  40
[1] 8552
[1] 112  36
[1] 8553
[1] 112  70
[1] 8554
[1] 112  47
[1] 8555
[1] 112  56
[1] 8556
[1] 112  65
[1] 8557
[1] 112  45
[1] 8558
[1] 112  54
[1] 8559
[1] 112  57
[1] 8560
[1] 112  40
[1] 8561
[1] 112  42
[1] 8562
[1] 112  39
[1] 8563
[1] 112  53
[1] 8564
[1] 112  56
[1] 8565
[1] 112  50
[1] 8566
[1] 112  39
[1] 8567
[1] 112  49
[1] 8568
[1] 112  64
[1] 8569
[1] 112  65
[1] 8570
[1] 112  63
[1] 8571
[1] 112  47
[1] 8572
[1] 112  14
[1] 8573
[1] 112  84
[1] 8574
[1] 112  40
[1] 8575
[1] 112  50
[1] 8576
[1] 112  31
[1] 8577
[1] 112  21
[1] 8578
[1] 112  66
[1] 8579
[1] 112  50
[1] 8580
[1] 112  56
[1] 8581
[1] 112  23
[1] 8582
[1] 112  57
[1] 8583
[1] 112  62
[1] 8584
[1] 112  86
[1] 8585
[1] 112  53
[1] 8586
[1] 112  51
[1] 8587
[1] 112  57
[1] 8588
[1] 112  53
[1] 8589
[1] 112  88
[1] 8590
[1] 112  52
[1] 8591
[1] 112  53
[1] 8592
[1] 112  27
[1] 8593
[1] 112  27
[1] 8594
[1] 112  64
[1] 8595
[1] 112  53
[1] 8596
[1] 112  69
[1] 8597
[1] 112  34
[1] 8598
[1] 112  57
[1] 8599
[1] 112  60
[1] 8600
[1] 112  61
