[1] 9701
[1] 112  34
[1] 9702
[1] 112  55
[1] 9703
[1] 112  70
[1] 9704
[1] 112  92
[1] 9705
[1] 112  18
[1] 9706
[1] 112  37
[1] 9707
[1] 112  36
[1] 9708
[1] 112  60
[1] 9709
[1] 112  71
[1] 9710
[1] 112  59
[1] 9711
[1] 112  15
[1] 9712
[1] 112  22
[1] 9713
[1] 112 105
[1] 9714
[1] 112  69
[1] 9715
[1] 112  64
[1] 9716
[1] 112  78
[1] 9717
[1] 112  32
[1] 9718
[1] 112  23
[1] 9719
[1] 112  54
[1] 9720
[1] 112  78
[1] 9721
[1] 112  67
[1] 9722
[1] 112  64
[1] 9723
[1] 112  78
[1] 9724
[1] 112  31
[1] 9725
[1] 112  46
[1] 9726
[1] 112  46
[1] 9727
[1] 112  39
[1] 9728
[1] 112  56
[1] 9729
[1] 112  45
[1] 9730
[1] 112  14
[1] 9731
[1] 112  64
[1] 9732
[1] 112  45
[1] 9733
[1] 112  69
[1] 9734
[1] 112  37
[1] 9735
[1] 112  35
[1] 9736
[1] 112  26
[1] 9737
[1] 112  41
[1] 9738
[1] 112  57
[1] 9739
[1] 112  12
[1] 9740
[1] 112  90
[1] 9741
[1] 112  67
[1] 9742
[1] 112  15
[1] 9743
[1] 112  80
[1] 9744
[1] 112  56
[1] 9745
[1] 112  19
[1] 9746
[1] 112 109
[1] 9747
[1] 112  44
[1] 9748
[1] 112  42
[1] 9749
[1] 112  56
[1] 9750
[1] 112  55
[1] 9751
[1] 112  58
[1] 9752
[1] 112  54
[1] 9753
[1] 112  32
[1] 9754
[1] 112  26
[1] 9755
[1] 112  82
[1] 9756
[1] 112  29
[1] 9757
[1] 112  46
[1] 9758
[1] 112  15
[1] 9759
[1] 112  43
[1] 9760
[1] 112  49
[1] 9761
[1] 112  68
[1] 9762
[1] 112  39
[1] 9763
[1] 112  38
[1] 9764
[1] 112  45
[1] 9765
[1] 112  37
[1] 9766
[1] 112  48
[1] 9767
[1] 112  67
[1] 9768
[1] 112  55
[1] 9769
[1] 112  57
[1] 9770
[1] 112  48
[1] 9771
[1] 112  30
[1] 9772
[1] 112  67
[1] 9773
[1] 112  61
[1] 9774
[1] 112  26
[1] 9775
[1] 112  19
[1] 9776
[1] 112  80
[1] 9777
[1] 112  42
[1] 9778
[1] 112  38
[1] 9779
[1] 112  76
[1] 9780
[1] 112  97
[1] 9781
[1] 112  58
[1] 9782
[1] 112  64
[1] 9783
[1] 112  43
[1] 9784
[1] 112  37
[1] 9785
[1] 112  21
[1] 9786
[1] 112  66
[1] 9787
[1] 112  76
[1] 9788
[1] 112  89
[1] 9789
[1] 112  49
[1] 9790
[1] 112  19
[1] 9791
[1] 112  34
[1] 9792
[1] 112  53
[1] 9793
[1] 112  59
[1] 9794
[1] 112  60
[1] 9795
[1] 112  24
[1] 9796
[1] 112  29
[1] 9797
[1] 112  26
[1] 9798
[1] 112  37
[1] 9799
[1] 112  75
[1] 9800
[1] 112  39
