[1] 3801
[1] 112  67
[1] 3802
[1] 112  26
[1] 3803
[1] 112  44
[1] 3804
[1] 112  62
[1] 3805
[1] 112  39
[1] 3806
[1] 112  55
[1] 3807
[1] 112  49
[1] 3808
[1] 112  48
[1] 3809
[1] 112  50
[1] 3810
[1] 112  48
[1] 3811
[1] 112  49
[1] 3812
[1] 112  47
[1] 3813
[1] 112  17
[1] 3814
[1] 112  26
[1] 3815
[1] 112  21
[1] 3816
[1] 112  52
[1] 3817
[1] 112  43
[1] 3818
[1] 112  20
[1] 3819
[1] 112  21
[1] 3820
[1] 112  12
[1] 3821
[1] 112  62
[1] 3822
[1] 112  53
[1] 3823
[1] 112  32
[1] 3824
[1] 112  45
[1] 3825
[1] 112  63
[1] 3826
[1] 112  38
[1] 3827
[1] 112  45
[1] 3828
[1] 112  39
[1] 3829
[1] 112  39
[1] 3830
[1] 112  22
[1] 3831
[1] 112  48
[1] 3832
[1] 112  25
[1] 3833
[1] 112  52
[1] 3834
[1] 112  52
[1] 3835
[1] 112  58
[1] 3836
[1] 112  50
[1] 3837
[1] 112  50
[1] 3838
[1] 112  35
[1] 3839
[1] 112  28
[1] 3840
[1] 112  45
[1] 3841
[1] 112  37
[1] 3842
[1] 112  27
[1] 3843
[1] 112  64
[1] 3844
[1] 112  76
[1] 3845
[1] 112  59
[1] 3846
[1] 112  44
[1] 3847
[1] 112  60
[1] 3848
[1] 112  70
[1] 3849
[1] 112  50
[1] 3850
[1] 112  55
[1] 3851
[1] 112  43
[1] 3852
[1] 112  70
[1] 3853
[1] 112  73
[1] 3854
[1] 112  33
[1] 3855
[1] 112  42
[1] 3856
[1] 112  42
[1] 3857
[1] 112  57
[1] 3858
[1] 112  87
[1] 3859
[1] 112  55
[1] 3860
[1] 112  48
[1] 3861
[1] 112  27
[1] 3862
[1] 112  42
[1] 3863
[1] 112  57
[1] 3864
[1] 112  65
[1] 3865
[1] 112  65
[1] 3866
[1] 112  59
[1] 3867
[1] 112  59
[1] 3868
[1] 112  62
[1] 3869
[1] 112  71
[1] 3870
[1] 112  62
[1] 3871
[1] 112  61
[1] 3872
[1] 112  75
[1] 3873
[1] 112  27
[1] 3874
[1] 112  93
[1] 3875
[1] 112  51
[1] 3876
[1] 112  48
[1] 3877
[1] 112  34
[1] 3878
[1] 112  32
[1] 3879
[1] 112 103
[1] 3880
[1] 112  54
[1] 3881
[1] 112  53
[1] 3882
[1] 112  29
[1] 3883
[1] 112  42
[1] 3884
[1] 112  58
[1] 3885
[1] 112  58
[1] 3886
[1] 112  54
[1] 3887
[1] 112  48
[1] 3888
[1] 112  43
[1] 3889
[1] 112  48
[1] 3890
[1] 112  17
[1] 3891
[1] 112  37
[1] 3892
[1] 112  41
[1] 3893
[1] 112  17
[1] 3894
[1] 112  42
[1] 3895
[1] 112  34
[1] 3896
[1] 112  45
[1] 3897
[1] 112  38
[1] 3898
[1] 112  69
[1] 3899
[1] 112  28
[1] 3900
[1] 112  69
