[1] 3401
[1] 112  36
[1] 3402
[1] 112  39
[1] 3403
[1] 112  40
[1] 3404
[1] 112  32
[1] 3405
[1] 112  53
[1] 3406
[1] 112   8
[1] 3407
[1] 112  65
[1] 3408
[1] 112  43
[1] 3409
[1] 112  47
[1] 3410
[1] 112  48
[1] 3411
[1] 112  45
[1] 3412
[1] 112  36
[1] 3413
[1] 112  29
[1] 3414
[1] 112  34
[1] 3415
[1] 112  22
[1] 3416
[1] 112  70
[1] 3417
[1] 112  60
[1] 3418
[1] 112  49
[1] 3419
[1] 112 140
[1] 3420
[1] 112  41
[1] 3421
[1] 112  72
[1] 3422
[1] 112  45
[1] 3423
[1] 112  37
[1] 3424
[1] 112  68
[1] 3425
[1] 112  30
[1] 3426
[1] 112  65
[1] 3427
[1] 112  58
[1] 3428
[1] 112  61
[1] 3429
[1] 112  50
[1] 3430
[1] 112  32
[1] 3431
[1] 112  32
[1] 3432
[1] 112  46
[1] 3433
[1] 112  43
[1] 3434
[1] 112  56
[1] 3435
[1] 112  41
[1] 3436
[1] 112  22
[1] 3437
[1] 112  49
[1] 3438
[1] 112  38
[1] 3439
[1] 112  35
[1] 3440
[1] 112  33
[1] 3441
[1] 112  75
[1] 3442
[1] 112  26
[1] 3443
[1] 112  58
[1] 3444
[1] 112  39
[1] 3445
[1] 112  45
[1] 3446
[1] 112  45
[1] 3447
[1] 112  19
[1] 3448
[1] 112  14
[1] 3449
[1] 112  23
[1] 3450
[1] 112  20
[1] 3451
[1] 112  35
[1] 3452
[1] 112  57
[1] 3453
[1] 112  50
[1] 3454
[1] 112  21
[1] 3455
[1] 112 128
[1] 3456
[1] 112  57
[1] 3457
[1] 112  47
[1] 3458
[1] 112  46
[1] 3459
[1] 112  46
[1] 3460
[1] 112  42
[1] 3461
[1] 112  39
[1] 3462
[1] 112  34
[1] 3463
[1] 112  41
[1] 3464
[1] 112  54
[1] 3465
[1] 112  55
[1] 3466
[1] 112  54
[1] 3467
[1] 112  74
[1] 3468
[1] 112  34
[1] 3469
[1] 112  68
[1] 3470
[1] 112  69
[1] 3471
[1] 112  35
[1] 3472
[1] 112  42
[1] 3473
[1] 112  65
[1] 3474
[1] 112  56
[1] 3475
[1] 112  54
[1] 3476
[1] 112  62
[1] 3477
[1] 112  26
[1] 3478
[1] 112  57
[1] 3479
[1] 112  56
[1] 3480
[1] 112  54
[1] 3481
[1] 112  29
[1] 3482
[1] 112  56
[1] 3483
[1] 112  27
[1] 3484
[1] 112  50
[1] 3485
[1] 112  53
[1] 3486
[1] 112  30
[1] 3487
[1] 112  16
[1] 3488
[1] 112  51
[1] 3489
[1] 112  77
[1] 3490
[1] 112  26
[1] 3491
[1] 112  31
[1] 3492
[1] 112  60
[1] 3493
[1] 112  80
[1] 3494
[1] 112  35
[1] 3495
[1] 112  55
[1] 3496
[1] 112  36
[1] 3497
[1] 112  35
[1] 3498
[1] 112  65
[1] 3499
[1] 112  77
[1] 3500
[1] 112  60
