[1] 6401
[1] 112  56
[1] 6402
[1] 112  46
[1] 6403
[1] 112  10
[1] 6404
[1] 112  21
[1] 6405
[1] 112  22
[1] 6406
[1] 112  58
[1] 6407
[1] 112  54
[1] 6408
[1] 112  65
[1] 6409
[1] 112  55
[1] 6410
[1] 112  59
[1] 6411
[1] 112  48
[1] 6412
[1] 112  75
[1] 6413
[1] 112  44
[1] 6414
[1] 112  59
[1] 6415
[1] 112  40
[1] 6416
[1] 112  62
[1] 6417
[1] 112  72
[1] 6418
[1] 112  88
[1] 6419
[1] 112  55
[1] 6420
[1] 112  59
[1] 6421
[1] 112  74
[1] 6422
[1] 112  30
[1] 6423
[1] 112  60
[1] 6424
[1] 112  94
[1] 6425
[1] 112  17
[1] 6426
[1] 112  41
[1] 6427
[1] 112  33
[1] 6428
[1] 112  56
[1] 6429
[1] 112  52
[1] 6430
[1] 112  58
[1] 6431
[1] 112  56
[1] 6432
[1] 112  54
[1] 6433
[1] 112  74
[1] 6434
[1] 112  31
[1] 6435
[1] 112  57
[1] 6436
[1] 112  39
[1] 6437
[1] 112  43
[1] 6438
[1] 112  47
[1] 6439
[1] 112  61
[1] 6440
[1] 112  51
[1] 6441
[1] 112  52
[1] 6442
[1] 112  64
[1] 6443
[1] 112  54
[1] 6444
[1] 112  24
[1] 6445
[1] 112 112
[1] 6446
[1] 112  25
[1] 6447
[1] 112  49
[1] 6448
[1] 112  81
[1] 6449
[1] 112  47
[1] 6450
[1] 112  89
[1] 6451
[1] 112  18
[1] 6452
[1] 112  68
[1] 6453
[1] 112 111
[1] 6454
[1] 112  35
[1] 6455
[1] 112  67
[1] 6456
[1] 112  11
[1] 6457
[1] 112  20
[1] 6458
[1] 112  27
[1] 6459
[1] 112  38
[1] 6460
[1] 112  36
[1] 6461
[1] 112  31
[1] 6462
[1] 112  17
[1] 6463
[1] 112  18
[1] 6464
[1] 112  25
[1] 6465
[1] 112  21
[1] 6466
[1] 112  90
[1] 6467
[1] 112  61
[1] 6468
[1] 112 103
[1] 6469
[1] 112  61
[1] 6470
[1] 112  28
[1] 6471
[1] 112  60
[1] 6472
[1] 112  15
[1] 6473
[1] 112  26
[1] 6474
[1] 112  25
[1] 6475
[1] 112  55
[1] 6476
[1] 112  39
[1] 6477
[1] 112  55
[1] 6478
[1] 112  47
[1] 6479
[1] 112  20
[1] 6480
[1] 112  84
[1] 6481
[1] 112  79
[1] 6482
[1] 112  41
[1] 6483
[1] 112  77
[1] 6484
[1] 112  20
[1] 6485
[1] 112  52
[1] 6486
[1] 112  66
[1] 6487
[1] 112  73
[1] 6488
[1] 112  56
[1] 6489
[1] 112  74
[1] 6490
[1] 112  72
[1] 6491
[1] 112  73
[1] 6492
[1] 112  65
[1] 6493
[1] 112  56
[1] 6494
[1] 112  59
[1] 6495
[1] 112  61
[1] 6496
[1] 112  61
[1] 6497
[1] 112  52
[1] 6498
[1] 112  51
[1] 6499
[1] 112  65
[1] 6500
[1] 112  43
