[1] 301
[1] 112  29
[1] 302
[1] 112  25
[1] 303
[1] 112  50
[1] 304
[1] 112  41
[1] 305
[1] 112  43
[1] 306
[1] 112  38
[1] 307
[1] 112  73
[1] 308
[1] 112  64
[1] 309
[1] 112  61
[1] 310
[1] 112  72
[1] 311
[1] 112  29
[1] 312
[1] 112  75
[1] 313
[1] 112  73
[1] 314
[1] 112  78
[1] 315
[1] 112  66
[1] 316
[1] 112  44
[1] 317
[1] 112  46
[1] 318
[1] 112  32
[1] 319
[1] 112  59
[1] 320
[1] 112  52
[1] 321
[1] 112  46
[1] 322
[1] 112  32
[1] 323
[1] 112  29
[1] 324
[1] 112  24
[1] 325
[1] 112  42
[1] 326
[1] 112  63
[1] 327
[1] 112  31
[1] 328
[1] 112  48
[1] 329
[1] 112  43
[1] 330
[1] 112  27
[1] 331
[1] 112  34
[1] 332
[1] 112  59
[1] 333
[1] 112  55
[1] 334
[1] 112  48
[1] 335
[1] 112  28
[1] 336
[1] 112  64
[1] 337
[1] 112  52
[1] 338
[1] 112  44
[1] 339
[1] 112  46
[1] 340
[1] 112  21
[1] 341
[1] 112  52
[1] 342
[1] 112  71
[1] 343
[1] 112  52
[1] 344
[1] 112  56
[1] 345
[1] 112  44
[1] 346
[1] 112  35
[1] 347
[1] 112  51
[1] 348
[1] 112  71
[1] 349
[1] 112  42
[1] 350
[1] 112  64
[1] 351
[1] 112  15
[1] 352
[1] 112  88
[1] 353
[1] 112  57
[1] 354
[1] 112 108
[1] 355
[1] 112  96
[1] 356
[1] 112  36
[1] 357
[1] 112  34
[1] 358
[1] 112  62
[1] 359
[1] 112  12
[1] 360
[1] 112  84
[1] 361
[1] 112  42
[1] 362
[1] 112  48
[1] 363
[1] 112  75
[1] 364
[1] 112  58
[1] 365
[1] 112  93
[1] 366
[1] 112  37
[1] 367
[1] 112  63
[1] 368
[1] 112  42
[1] 369
[1] 112  55
[1] 370
[1] 112  60
[1] 371
[1] 112  38
[1] 372
[1] 112  54
[1] 373
[1] 112  64
[1] 374
[1] 112  48
[1] 375
[1] 112  39
[1] 376
[1] 112  65
[1] 377
[1] 112  62
[1] 378
[1] 112  33
[1] 379
[1] 112  55
[1] 380
[1] 112  34
[1] 381
[1] 112  56
[1] 382
[1] 112  44
[1] 383
[1] 112  36
[1] 384
[1] 112  28
[1] 385
[1] 112  97
[1] 386
[1] 112  24
[1] 387
[1] 112  59
[1] 388
[1] 112  77
[1] 389
[1] 112  58
[1] 390
[1] 112  62
[1] 391
[1] 112  31
[1] 392
[1] 112  77
[1] 393
[1] 112  47
[1] 394
[1] 112  31
[1] 395
[1] 112  78
[1] 396
[1] 112  64
[1] 397
[1] 112  63
[1] 398
[1] 112  21
[1] 399
[1] 112  60
[1] 400
[1] 112  46
