[1] 3701
[1] 112  53
[1] 3702
[1] 112  45
[1] 3703
[1] 112  81
[1] 3704
[1] 112  66
[1] 3705
[1] 112  26
[1] 3706
[1] 112  26
[1] 3707
[1] 112  35
[1] 3708
[1] 112  27
[1] 3709
[1] 112  29
[1] 3710
[1] 112  26
[1] 3711
[1] 112  33
[1] 3712
[1] 112  16
[1] 3713
[1] 112  53
[1] 3714
[1] 112  62
[1] 3715
[1] 112  53
[1] 3716
[1] 112  57
[1] 3717
[1] 112  94
[1] 3718
[1] 112  66
[1] 3719
[1] 112  64
[1] 3720
[1] 112  72
[1] 3721
[1] 112  40
[1] 3722
[1] 112  51
[1] 3723
[1] 112  40
[1] 3724
[1] 112  50
[1] 3725
[1] 112  45
[1] 3726
[1] 112  37
[1] 3727
[1] 112  35
[1] 3728
[1] 112  34
[1] 3729
[1] 112  31
[1] 3730
[1] 112  42
[1] 3731
[1] 112  50
[1] 3732
[1] 112  46
[1] 3733
[1] 112  62
[1] 3734
[1] 112  62
[1] 3735
[1] 112  60
[1] 3736
[1] 112  59
[1] 3737
[1] 112  64
[1] 3738
[1] 112  59
[1] 3739
[1] 112  58
[1] 3740
[1] 112  58
[1] 3741
[1] 112  59
[1] 3742
[1] 112  68
[1] 3743
[1] 112  81
[1] 3744
[1] 112  68
[1] 3745
[1] 112  79
[1] 3746
[1] 112  42
[1] 3747
[1] 112  55
[1] 3748
[1] 112  61
[1] 3749
[1] 112  80
[1] 3750
[1] 112  68
[1] 3751
[1] 112  69
[1] 3752
[1] 112  62
[1] 3753
[1] 112  79
[1] 3754
[1] 112  80
[1] 3755
[1] 112  63
[1] 3756
[1] 112  67
[1] 3757
[1] 112  86
[1] 3758
[1] 112  67
[1] 3759
[1] 112  64
[1] 3760
[1] 112  40
[1] 3761
[1] 112  87
[1] 3762
[1] 112  99
[1] 3763
[1] 112  61
[1] 3764
[1] 112  82
[1] 3765
[1] 112  85
[1] 3766
[1] 112  78
[1] 3767
[1] 112  70
[1] 3768
[1] 112  43
[1] 3769
[1] 112  84
[1] 3770
[1] 112  87
[1] 3771
[1] 112  38
[1] 3772
[1] 112  61
[1] 3773
[1] 112  39
[1] 3774
[1] 112  63
[1] 3775
[1] 112  65
[1] 3776
[1] 112  22
[1] 3777
[1] 112  17
[1] 3778
[1] 112  32
[1] 3779
[1] 112  20
[1] 3780
[1] 112  28
[1] 3781
[1] 112  33
[1] 3782
[1] 112  23
[1] 3783
[1] 112  38
[1] 3784
[1] 112  23
[1] 3785
[1] 112  18
[1] 3786
[1] 112   7
[1] 3787
[1] 112  23
[1] 3788
[1] 112  24
[1] 3789
[1] 112  52
[1] 3790
[1] 112  36
[1] 3791
[1] 112  25
[1] 3792
[1] 112  34
[1] 3793
[1] 112  24
[1] 3794
[1] 112  64
[1] 3795
[1] 112  56
[1] 3796
[1] 112  58
[1] 3797
[1] 112  43
[1] 3798
[1] 112  50
[1] 3799
[1] 112  31
[1] 3800
[1] 112  26
