[1] 8201
[1] 112  43
[1] 8202
[1] 112  56
[1] 8203
[1] 112  16
[1] 8204
[1] 112  47
[1] 8205
[1] 112  28
[1] 8206
[1] 112  29
[1] 8207
[1] 112  48
[1] 8208
[1] 112  50
[1] 8209
[1] 112  34
[1] 8210
[1] 112  55
[1] 8211
[1] 112  38
[1] 8212
[1] 112  58
[1] 8213
[1] 112  58
[1] 8214
[1] 112  53
[1] 8215
[1] 112  67
[1] 8216
[1] 112  53
[1] 8217
[1] 112  29
[1] 8218
[1] 112  23
[1] 8219
[1] 112  97
[1] 8220
[1] 112 100
[1] 8221
[1] 112  91
[1] 8222
[1] 112  82
[1] 8223
[1] 112  47
[1] 8224
[1] 112  52
[1] 8225
[1] 112  32
[1] 8226
[1] 112  27
[1] 8227
[1] 112 242
[1] 8228
[1] 112  74
[1] 8229
[1] 112  69
[1] 8230
[1] 112  68
[1] 8231
[1] 112  36
[1] 8232
[1] 112  40
[1] 8233
[1] 112  50
[1] 8234
[1] 112  45
[1] 8235
[1] 112  21
[1] 8236
[1] 112  55
[1] 8237
[1] 112 147
[1] 8238
[1] 112  50
[1] 8239
[1] 112  50
[1] 8240
[1] 112  49
[1] 8241
[1] 112  85
[1] 8242
[1] 112  78
[1] 8243
[1] 112  27
[1] 8244
[1] 112  15
[1] 8245
[1] 112  60
[1] 8246
[1] 112  30
[1] 8247
[1] 112  43
[1] 8248
[1] 112  84
[1] 8249
[1] 112  66
[1] 8250
[1] 112  82
[1] 8251
[1] 112  54
[1] 8252
[1] 112  17
[1] 8253
[1] 112  37
[1] 8254
[1] 112  15
[1] 8255
[1] 112  16
[1] 8256
[1] 112  66
[1] 8257
[1] 112  16
[1] 8258
[1] 112  43
[1] 8259
[1] 112  33
[1] 8260
[1] 112  56
[1] 8261
[1] 112  70
[1] 8262
[1] 112  34
[1] 8263
[1] 112  29
[1] 8264
[1] 112  73
[1] 8265
[1] 112  34
[1] 8266
[1] 112  43
[1] 8267
[1] 112  71
[1] 8268
[1] 112  60
[1] 8269
[1] 112  72
[1] 8270
[1] 112  93
[1] 8271
[1] 112  32
[1] 8272
[1] 112  83
[1] 8273
[1] 112  32
[1] 8274
[1] 112  33
[1] 8275
[1] 112  36
[1] 8276
[1] 112  35
[1] 8277
[1] 112  36
[1] 8278
[1] 112  32
[1] 8279
[1] 112  40
[1] 8280
[1] 112  31
[1] 8281
[1] 112  39
[1] 8282
[1] 112  36
[1] 8283
[1] 112  58
[1] 8284
[1] 112  32
[1] 8285
[1] 112  82
[1] 8286
[1] 112  67
[1] 8287
[1] 112  35
[1] 8288
[1] 112  31
[1] 8289
[1] 112  49
[1] 8290
[1] 112  48
[1] 8291
[1] 112  39
[1] 8292
[1] 112  36
[1] 8293
[1] 112  20
[1] 8294
[1] 112  38
[1] 8295
[1] 112  69
[1] 8296
[1] 112  28
[1] 8297
[1] 112  37
[1] 8298
[1] 112  39
[1] 8299
[1] 112  25
[1] 8300
[1] 112  74
