[1] 5201
[1] 112  59
[1] 5202
[1] 112  52
[1] 5203
[1] 112  63
[1] 5204
[1] 112  63
[1] 5205
[1] 112  27
[1] 5206
[1] 112  46
[1] 5207
[1] 112  51
[1] 5208
[1] 112  59
[1] 5209
[1] 112  70
[1] 5210
[1] 112  38
[1] 5211
[1] 112  46
[1] 5212
[1] 112  26
[1] 5213
[1] 112  40
[1] 5214
[1] 112  39
[1] 5215
[1] 112  25
[1] 5216
[1] 112  72
[1] 5217
[1] 112  28
[1] 5218
[1] 112  16
[1] 5219
[1] 112  13
[1] 5220
[1] 112  12
[1] 5221
[1] 112  30
[1] 5222
[1] 112  24
[1] 5223
[1] 112  39
[1] 5224
[1] 112  45
[1] 5225
[1] 112  36
[1] 5226
[1] 112  43
[1] 5227
[1] 112  65
[1] 5228
[1] 112  79
[1] 5229
[1] 112  35
[1] 5230
[1] 112  77
[1] 5231
[1] 112  47
[1] 5232
[1] 112  42
[1] 5233
[1] 112  43
[1] 5234
[1] 112  28
[1] 5235
[1] 112  76
[1] 5236
[1] 112  33
[1] 5237
[1] 112  32
[1] 5238
[1] 112  54
[1] 5239
[1] 112  28
[1] 5240
[1] 112  55
[1] 5241
[1] 112  42
[1] 5242
[1] 112  37
[1] 5243
[1] 112  31
[1] 5244
[1] 112  57
[1] 5245
[1] 112  77
[1] 5246
[1] 112  43
[1] 5247
[1] 112  49
[1] 5248
[1] 112  36
[1] 5249
[1] 112  38
[1] 5250
[1] 112  14
[1] 5251
[1] 112  78
[1] 5252
[1] 112  42
[1] 5253
[1] 112  37
[1] 5254
[1] 112  69
[1] 5255
[1] 112  39
[1] 5256
[1] 112  60
[1] 5257
[1] 112  59
[1] 5258
[1] 112  70
[1] 5259
[1] 112  65
[1] 5260
[1] 112  63
[1] 5261
[1] 112  79
[1] 5262
[1] 112  58
[1] 5263
[1] 112  84
[1] 5264
[1] 112  40
[1] 5265
[1] 112  47
[1] 5266
[1] 112  42
[1] 5267
[1] 112  62
[1] 5268
[1] 112  81
[1] 5269
[1] 112  45
[1] 5270
[1] 112  42
[1] 5271
[1] 112  80
[1] 5272
[1] 112  61
[1] 5273
[1] 112  49
[1] 5274
[1] 112 122
[1] 5275
[1] 112  63
[1] 5276
[1] 112  44
[1] 5277
[1] 112  58
[1] 5278
[1] 112  60
[1] 5279
[1] 112  64
[1] 5280
[1] 112  87
[1] 5281
[1] 112  44
[1] 5282
[1] 112  51
[1] 5283
[1] 112  54
[1] 5284
[1] 112  62
[1] 5285
[1] 112  67
[1] 5286
[1] 112  76
[1] 5287
[1] 112  43
[1] 5288
[1] 112  44
[1] 5289
[1] 112  24
[1] 5290
[1] 112  39
[1] 5291
[1] 112  45
[1] 5292
[1] 112  45
[1] 5293
[1] 112  43
[1] 5294
[1] 112  24
[1] 5295
[1] 112  45
[1] 5296
[1] 112  44
[1] 5297
[1] 112  31
[1] 5298
[1] 112  65
[1] 5299
[1] 112  59
[1] 5300
[1] 112  69
