[1] 3601
[1] 112  61
[1] 3602
[1] 112  60
[1] 3603
[1] 112  65
[1] 3604
[1] 112  46
[1] 3605
[1] 112  50
[1] 3606
[1] 112  49
[1] 3607
[1] 112  34
[1] 3608
[1] 112  38
[1] 3609
[1] 112  63
[1] 3610
[1] 112  45
[1] 3611
[1] 112  47
[1] 3612
[1] 112  37
[1] 3613
[1] 112  57
[1] 3614
[1] 112  63
[1] 3615
[1] 112  58
[1] 3616
[1] 112  44
[1] 3617
[1] 112  44
[1] 3618
[1] 112  44
[1] 3619
[1] 112  65
[1] 3620
[1] 112  61
[1] 3621
[1] 112  83
[1] 3622
[1] 112  45
[1] 3623
[1] 112  42
[1] 3624
[1] 112  52
[1] 3625
[1] 112  55
[1] 3626
[1] 112  78
[1] 3627
[1] 112  73
[1] 3628
[1] 112  76
[1] 3629
[1] 112  71
[1] 3630
[1] 112  38
[1] 3631
[1] 112  69
[1] 3632
[1] 112  58
[1] 3633
[1] 112  59
[1] 3634
[1] 112  33
[1] 3635
[1] 112  57
[1] 3636
[1] 112  78
[1] 3637
[1] 112  38
[1] 3638
[1] 112  68
[1] 3639
[1] 112  67
[1] 3640
[1] 112  60
[1] 3641
[1] 112  73
[1] 3642
[1] 112  49
[1] 3643
[1] 112  51
[1] 3644
[1] 112  59
[1] 3645
[1] 112  83
[1] 3646
[1] 112  92
[1] 3647
[1] 112  32
[1] 3648
[1] 112  34
[1] 3649
[1] 112  72
[1] 3650
[1] 112  43
[1] 3651
[1] 112  30
[1] 3652
[1] 112  58
[1] 3653
[1] 112  30
[1] 3654
[1] 112  70
[1] 3655
[1] 112  47
[1] 3656
[1] 112  67
[1] 3657
[1] 112  58
[1] 3658
[1] 112  61
[1] 3659
[1] 112  34
[1] 3660
[1] 112  35
[1] 3661
[1] 112  50
[1] 3662
[1] 112  28
[1] 3663
[1] 112  57
[1] 3664
[1] 112  34
[1] 3665
[1] 112  43
[1] 3666
[1] 112  58
[1] 3667
[1] 112  30
[1] 3668
[1] 112  30
[1] 3669
[1] 112  59
[1] 3670
[1] 112  48
[1] 3671
[1] 112  58
[1] 3672
[1] 112  77
[1] 3673
[1] 112  60
[1] 3674
[1] 112  61
[1] 3675
[1] 112  44
[1] 3676
[1] 112  37
[1] 3677
[1] 112  48
[1] 3678
[1] 112  53
[1] 3679
[1] 112  59
[1] 3680
[1] 112  79
[1] 3681
[1] 112  73
[1] 3682
[1] 112  28
[1] 3683
[1] 112  39
[1] 3684
[1] 112  57
[1] 3685
[1] 112  54
[1] 3686
[1] 112  55
[1] 3687
[1] 112  57
[1] 3688
[1] 112  46
[1] 3689
[1] 112  16
[1] 3690
[1] 112  52
[1] 3691
[1] 112  66
[1] 3692
[1] 112  90
[1] 3693
[1] 112  49
[1] 3694
[1] 112  37
[1] 3695
[1] 112 132
[1] 3696
[1] 112  56
[1] 3697
[1] 112  61
[1] 3698
[1] 112  35
[1] 3699
[1] 112  62
[1] 3700
[1] 112  41
