[1] 1701
[1] 112  60
[1] 1702
[1] 112  22
[1] 1703
[1] 112  52
[1] 1704
[1] 112  53
[1] 1705
[1] 112  42
[1] 1706
[1] 112  64
[1] 1707
[1] 112  69
[1] 1708
[1] 112  37
[1] 1709
[1] 112  41
[1] 1710
[1] 112  47
[1] 1711
[1] 112  80
[1] 1712
[1] 112  67
[1] 1713
[1] 112  69
[1] 1714
[1] 112  76
[1] 1715
[1] 112  82
[1] 1716
[1] 112  42
[1] 1717
[1] 112  67
[1] 1718
[1] 112  51
[1] 1719
[1] 112  53
[1] 1720
[1] 112  59
[1] 1721
[1] 112  90
[1] 1722
[1] 112  52
[1] 1723
[1] 112  74
[1] 1724
[1] 112  30
[1] 1725
[1] 112  32
[1] 1726
[1] 112  37
[1] 1727
[1] 112  36
[1] 1728
[1] 112  53
[1] 1729
[1] 112  59
[1] 1730
[1] 112  35
[1] 1731
[1] 112  53
[1] 1732
[1] 112  36
[1] 1733
[1] 112  55
[1] 1734
[1] 112  55
[1] 1735
[1] 112 113
[1] 1736
[1] 112  41
[1] 1737
[1] 112  46
[1] 1738
[1] 112  40
[1] 1739
[1] 112  97
[1] 1740
[1] 112  85
[1] 1741
[1] 112  40
[1] 1742
[1] 112  37
[1] 1743
[1] 112  30
[1] 1744
[1] 112  54
[1] 1745
[1] 112  63
[1] 1746
[1] 112  75
[1] 1747
[1] 112  70
[1] 1748
[1] 112  39
[1] 1749
[1] 112  35
[1] 1750
[1] 112  51
[1] 1751
[1] 112  40
[1] 1752
[1] 112  45
[1] 1753
[1] 112  18
[1] 1754
[1] 112  19
[1] 1755
[1] 112   8
[1] 1756
[1] 112  42
[1] 1757
[1] 112  15
[1] 1758
[1] 112  90
[1] 1759
[1] 112  15
[1] 1760
[1] 112  43
[1] 1761
[1] 112  32
[1] 1762
[1] 112  30
[1] 1763
[1] 112  49
[1] 1764
[1] 112  54
[1] 1765
[1] 112  93
[1] 1766
[1] 112  51
[1] 1767
[1] 112  12
[1] 1768
[1] 112  10
[1] 1769
[1] 112  61
[1] 1770
[1] 112  10
[1] 1771
[1] 112  47
[1] 1772
[1] 112  56
[1] 1773
[1] 112  52
[1] 1774
[1] 112  31
[1] 1775
[1] 112  48
[1] 1776
[1] 112  63
[1] 1777
[1] 112  48
[1] 1778
[1] 112  41
[1] 1779
[1] 112  43
[1] 1780
[1] 112  46
[1] 1781
[1] 112  27
[1] 1782
[1] 112  22
[1] 1783
[1] 112  37
[1] 1784
[1] 112  23
[1] 1785
[1] 112  18
[1] 1786
[1] 112  18
[1] 1787
[1] 112  17
[1] 1788
[1] 112  18
[1] 1789
[1] 112  65
[1] 1790
[1] 112  96
[1] 1791
[1] 112 113
[1] 1792
[1] 112  52
[1] 1793
[1] 112  58
[1] 1794
[1] 112  35
[1] 1795
[1] 112 101
[1] 1796
[1] 112  28
[1] 1797
[1] 112 113
[1] 1798
[1] 112 123
[1] 1799
[1] 112  68
[1] 1800
[1] 112 123
