[1] 4201
[1] 112  57
[1] 4202
[1] 112  53
[1] 4203
[1] 112  57
[1] 4204
[1] 112  61
[1] 4205
[1] 112  54
[1] 4206
[1] 112  44
[1] 4207
[1] 112  20
[1] 4208
[1] 112  38
[1] 4209
[1] 112  22
[1] 4210
[1] 112  30
[1] 4211
[1] 112  58
[1] 4212
[1] 112  55
[1] 4213
[1] 112  23
[1] 4214
[1] 112  23
[1] 4215
[1] 112  45
[1] 4216
[1] 112  23
[1] 4217
[1] 112  49
[1] 4218
[1] 112  76
[1] 4219
[1] 112  91
[1] 4220
[1] 112  82
[1] 4221
[1] 112  90
[1] 4222
[1] 112  83
[1] 4223
[1] 112  61
[1] 4224
[1] 112  17
[1] 4225
[1] 112  76
[1] 4226
[1] 112  65
[1] 4227
[1] 112  65
[1] 4228
[1] 112  51
[1] 4229
[1] 112  73
[1] 4230
[1] 112  57
[1] 4231
[1] 112  37
[1] 4232
[1] 112  66
[1] 4233
[1] 112  29
[1] 4234
[1] 112  36
[1] 4235
[1] 112  34
[1] 4236
[1] 112  34
[1] 4237
[1] 112  35
[1] 4238
[1] 112  65
[1] 4239
[1] 112  49
[1] 4240
[1] 112  61
[1] 4241
[1] 112  47
[1] 4242
[1] 112  54
[1] 4243
[1] 112  55
[1] 4244
[1] 112  18
[1] 4245
[1] 112  55
[1] 4246
[1] 112  73
[1] 4247
[1] 112  57
[1] 4248
[1] 112  82
[1] 4249
[1] 112  18
[1] 4250
[1] 112  70
[1] 4251
[1] 112 158
[1] 4252
[1] 112 122
[1] 4253
[1] 112  75
[1] 4254
[1] 112  70
[1] 4255
[1] 112  69
[1] 4256
[1] 112  60
[1] 4257
[1] 112  42
[1] 4258
[1] 112  42
[1] 4259
[1] 112  34
[1] 4260
[1] 112  53
[1] 4261
[1] 112  53
[1] 4262
[1] 112  52
[1] 4263
[1] 112  56
[1] 4264
[1] 112  71
[1] 4265
[1] 112  59
[1] 4266
[1] 112  51
[1] 4267
[1] 112  68
[1] 4268
[1] 112  58
[1] 4269
[1] 112  71
[1] 4270
[1] 112  68
[1] 4271
[1] 112  59
[1] 4272
[1] 112  58
[1] 4273
[1] 112  83
[1] 4274
[1] 112  50
[1] 4275
[1] 112  57
[1] 4276
[1] 112  57
[1] 4277
[1] 112  29
[1] 4278
[1] 112  45
[1] 4279
[1] 112  57
[1] 4280
[1] 112  60
[1] 4281
[1] 112  17
[1] 4282
[1] 112  39
[1] 4283
[1] 112  36
[1] 4284
[1] 112  47
[1] 4285
[1] 112  56
[1] 4286
[1] 112  57
[1] 4287
[1] 112  40
[1] 4288
[1] 112  62
[1] 4289
[1] 112  57
[1] 4290
[1] 112  63
[1] 4291
[1] 112  65
[1] 4292
[1] 112  70
[1] 4293
[1] 112  32
[1] 4294
[1] 112  71
[1] 4295
[1] 112  25
[1] 4296
[1] 112  47
[1] 4297
[1] 112  27
[1] 4298
[1] 112  26
[1] 4299
[1] 112  24
[1] 4300
[1] 112  21
