[1] 9601
[1] 112  15
[1] 9602
[1] 112  23
[1] 9603
[1] 112  38
[1] 9604
[1] 112  37
[1] 9605
[1] 112  53
[1] 9606
[1] 112  49
[1] 9607
[1] 112  59
[1] 9608
[1] 112  38
[1] 9609
[1] 112  56
[1] 9610
[1] 112  41
[1] 9611
[1] 112  37
[1] 9612
[1] 112  19
[1] 9613
[1] 112  56
[1] 9614
[1] 112 110
[1] 9615
[1] 112  94
[1] 9616
[1] 112  95
[1] 9617
[1] 112  27
[1] 9618
[1] 112  43
[1] 9619
[1] 112  34
[1] 9620
[1] 112  44
[1] 9621
[1] 112  57
[1] 9622
[1] 112  29
[1] 9623
[1] 112  45
[1] 9624
[1] 112  46
[1] 9625
[1] 112  36
[1] 9626
[1] 112  42
[1] 9627
[1] 112  39
[1] 9628
[1] 112  19
[1] 9629
[1] 112  76
[1] 9630
[1] 112  55
[1] 9631
[1] 112  12
[1] 9632
[1] 112  52
[1] 9633
[1] 112  65
[1] 9634
[1] 112  38
[1] 9635
[1] 112  49
[1] 9636
[1] 112  38
[1] 9637
[1] 112  46
[1] 9638
[1] 112  46
[1] 9639
[1] 112  57
[1] 9640
[1] 112  39
[1] 9641
[1] 112  26
[1] 9642
[1] 112  44
[1] 9643
[1] 112  10
[1] 9644
[1] 112  33
[1] 9645
[1] 112  41
[1] 9646
[1] 112  65
[1] 9647
[1] 112  50
[1] 9648
[1] 112  42
[1] 9649
[1] 112  53
[1] 9650
[1] 112  19
[1] 9651
[1] 112  86
[1] 9652
[1] 112  42
[1] 9653
[1] 112  40
[1] 9654
[1] 112  17
[1] 9655
[1] 112  60
[1] 9656
[1] 112  35
[1] 9657
[1] 112  34
[1] 9658
[1] 112  87
[1] 9659
[1] 112  30
[1] 9660
[1] 112  36
[1] 9661
[1] 112  32
[1] 9662
[1] 112  71
[1] 9663
[1] 112  37
[1] 9664
[1] 112  18
[1] 9665
[1] 112  48
[1] 9666
[1] 112  38
[1] 9667
[1] 112  69
[1] 9668
[1] 112  47
[1] 9669
[1] 112  32
[1] 9670
[1] 112  43
[1] 9671
[1] 112  93
[1] 9672
[1] 112  26
[1] 9673
[1] 112  60
[1] 9674
[1] 112  11
[1] 9675
[1] 112  37
[1] 9676
[1] 112  35
[1] 9677
[1] 112  97
[1] 9678
[1] 112  74
[1] 9679
[1] 112  41
[1] 9680
[1] 112  26
[1] 9681
[1] 112  62
[1] 9682
[1] 112  52
[1] 9683
[1] 112  42
[1] 9684
[1] 112  53
[1] 9685
[1] 112  35
[1] 9686
[1] 112  66
[1] 9687
[1] 112  24
[1] 9688
[1] 112  47
[1] 9689
[1] 112 128
[1] 9690
[1] 112  43
[1] 9691
[1] 112  66
[1] 9692
[1] 112  40
[1] 9693
[1] 112  14
[1] 9694
[1] 112  50
[1] 9695
[1] 112  67
[1] 9696
[1] 112  46
[1] 9697
[1] 112  32
[1] 9698
[1] 112  76
[1] 9699
[1] 112  62
[1] 9700
[1] 112  27
