[1] 6501
[1] 112  44
[1] 6502
[1] 112  68
[1] 6503
[1] 112  63
[1] 6504
[1] 112  49
[1] 6505
[1] 112  45
[1] 6506
[1] 112  43
[1] 6507
[1] 112  49
[1] 6508
[1] 112  43
[1] 6509
[1] 112  43
[1] 6510
[1] 112  46
[1] 6511
[1] 112  66
[1] 6512
[1] 112  18
[1] 6513
[1] 112  20
[1] 6514
[1] 112  50
[1] 6515
[1] 112  59
[1] 6516
[1] 112  35
[1] 6517
[1] 112  59
[1] 6518
[1] 112  42
[1] 6519
[1] 112  49
[1] 6520
[1] 112  73
[1] 6521
[1] 112  43
[1] 6522
[1] 112  57
[1] 6523
[1] 112  37
[1] 6524
[1] 112  36
[1] 6525
[1] 112  35
[1] 6526
[1] 112   8
[1] 6527
[1] 112  87
[1] 6528
[1] 112  51
[1] 6529
[1] 112  74
[1] 6530
[1] 112  44
[1] 6531
[1] 112  42
[1] 6532
[1] 112  48
[1] 6533
[1] 112  19
[1] 6534
[1] 112  47
[1] 6535
[1] 112  36
[1] 6536
[1] 112  52
[1] 6537
[1] 112  63
[1] 6538
[1] 112  66
[1] 6539
[1] 112  62
[1] 6540
[1] 112  73
[1] 6541
[1] 112  70
[1] 6542
[1] 112  75
[1] 6543
[1] 112  29
[1] 6544
[1] 112  47
[1] 6545
[1] 112  51
[1] 6546
[1] 112  51
[1] 6547
[1] 112  33
[1] 6548
[1] 112  44
[1] 6549
[1] 112  36
[1] 6550
[1] 112  32
[1] 6551
[1] 112  57
[1] 6552
[1] 112  49
[1] 6553
[1] 112  71
[1] 6554
[1] 112  44
[1] 6555
[1] 112  27
[1] 6556
[1] 112  56
[1] 6557
[1] 112  37
[1] 6558
[1] 112  66
[1] 6559
[1] 112  20
[1] 6560
[1] 112  20
[1] 6561
[1] 112  18
[1] 6562
[1] 112  60
[1] 6563
[1] 112  64
[1] 6564
[1] 112  53
[1] 6565
[1] 112  11
[1] 6566
[1] 112  11
[1] 6567
[1] 112  12
[1] 6568
[1] 112  10
[1] 6569
[1] 112  59
[1] 6570
[1] 112  14
[1] 6571
[1] 112  31
[1] 6572
[1] 112  95
[1] 6573
[1] 112  36
[1] 6574
[1] 112  52
[1] 6575
[1] 112  53
[1] 6576
[1] 112  71
[1] 6577
[1] 112  67
[1] 6578
[1] 112  72
[1] 6579
[1] 112  49
[1] 6580
[1] 112  35
[1] 6581
[1] 112  60
[1] 6582
[1] 112  35
[1] 6583
[1] 112   8
[1] 6584
[1] 112   8
[1] 6585
[1] 112   8
[1] 6586
[1] 112  10
[1] 6587
[1] 112  16
[1] 6588
[1] 112  28
[1] 6589
[1] 112  25
[1] 6590
[1] 112  37
[1] 6591
[1] 112  39
[1] 6592
[1] 112  66
[1] 6593
[1] 112  71
[1] 6594
[1] 112  70
[1] 6595
[1] 112  55
[1] 6596
[1] 112 101
[1] 6597
[1] 112 100
[1] 6598
[1] 112  80
[1] 6599
[1] 112  60
[1] 6600
[1] 112  58
