[1] 9201
[1] 112  64
[1] 9202
[1] 112  41
[1] 9203
[1] 112  41
[1] 9204
[1] 112 171
[1] 9205
[1] 112  54
[1] 9206
[1] 112 255
[1] 9207
[1] 112  26
[1] 9208
[1] 112  54
[1] 9209
[1] 112  62
[1] 9210
[1] 112  17
[1] 9211
[1] 112  41
[1] 9212
[1] 112  50
[1] 9213
[1] 112  82
[1] 9214
[1] 112  43
[1] 9215
[1] 112  69
[1] 9216
[1] 112  35
[1] 9217
[1] 112  79
[1] 9218
[1] 112  19
[1] 9219
[1] 112 140
[1] 9220
[1] 112  77
[1] 9221
[1] 112  27
[1] 9222
[1] 112  40
[1] 9223
[1] 112  33
[1] 9224
[1] 112  57
[1] 9225
[1] 112  43
[1] 9226
[1] 112  55
[1] 9227
[1] 112  71
[1] 9228
[1] 112  46
[1] 9229
[1] 112  60
[1] 9230
[1] 112  24
[1] 9231
[1] 112  53
[1] 9232
[1] 112  42
[1] 9233
[1] 112  13
[1] 9234
[1] 112  92
[1] 9235
[1] 112  69
[1] 9236
[1] 112  18
[1] 9237
[1] 112  37
[1] 9238
[1] 112  34
[1] 9239
[1] 112  11
[1] 9240
[1] 112  17
[1] 9241
[1] 112  57
[1] 9242
[1] 112  51
[1] 9243
[1] 112   9
[1] 9244
[1] 112  26
[1] 9245
[1] 112  65
[1] 9246
[1] 112  58
[1] 9247
[1] 112  26
[1] 9248
[1] 112   2
[1] 9249
[1] 112  10
[1] 9250
[1] 112  36
[1] 9251
[1] 112  58
[1] 9252
[1] 112  29
[1] 9253
[1] 112  64
[1] 9254
[1] 112  40
[1] 9255
[1] 112  28
[1] 9256
[1] 112  27
[1] 9257
[1] 112  46
[1] 9258
[1] 112  76
[1] 9259
[1] 112  29
[1] 9260
[1] 112  47
[1] 9261
[1] 112  68
[1] 9262
[1] 112  59
[1] 9263
[1] 112  23
[1] 9264
[1] 112 292
[1] 9265
[1] 112  39
[1] 9266
[1] 112  71
[1] 9267
[1] 112  43
[1] 9268
[1] 112  58
[1] 9269
[1] 112  47
[1] 9270
[1] 112  47
[1] 9271
[1] 112  59
[1] 9272
[1] 112  67
[1] 9273
[1] 112  43
[1] 9274
[1] 112  67
[1] 9275
[1] 112  32
[1] 9276
[1] 112  37
[1] 9277
[1] 112  71
[1] 9278
[1] 112  29
[1] 9279
[1] 112  54
[1] 9280
[1] 112  47
[1] 9281
[1] 112  63
[1] 9282
[1] 112  50
[1] 9283
[1] 112  68
[1] 9284
[1] 112  50
[1] 9285
[1] 112  55
[1] 9286
[1] 112  52
[1] 9287
[1] 112  25
[1] 9288
[1] 112  87
[1] 9289
[1] 112  25
[1] 9290
[1] 112  22
[1] 9291
[1] 112  28
[1] 9292
[1] 112  86
[1] 9293
[1] 112  65
[1] 9294
[1] 112  35
[1] 9295
[1] 112  17
[1] 9296
[1] 112  24
[1] 9297
[1] 112  13
[1] 9298
[1] 112  73
[1] 9299
[1] 112  32
[1] 9300
[1] 112  44
