[1] 4801
[1] 112  51
[1] 4802
[1] 112  65
[1] 4803
[1] 112  70
[1] 4804
[1] 112  55
[1] 4805
[1] 112  70
[1] 4806
[1] 112  59
[1] 4807
[1] 112  44
[1] 4808
[1] 112  36
[1] 4809
[1] 112  75
[1] 4810
[1] 112  37
[1] 4811
[1] 112  66
[1] 4812
[1] 112  42
[1] 4813
[1] 112  42
[1] 4814
[1] 112  68
[1] 4815
[1] 112  60
[1] 4816
[1] 112  35
[1] 4817
[1] 112  53
[1] 4818
[1] 112  65
[1] 4819
[1] 112  38
[1] 4820
[1] 112  58
[1] 4821
[1] 112  60
[1] 4822
[1] 112  74
[1] 4823
[1] 112  63
[1] 4824
[1] 112  70
[1] 4825
[1] 112  64
[1] 4826
[1] 112 101
[1] 4827
[1] 112  36
[1] 4828
[1] 112 207
[1] 4829
[1] 112 202
[1] 4830
[1] 112  49
[1] 4831
[1] 112 206
[1] 4832
[1] 112  49
[1] 4833
[1] 112 202
[1] 4834
[1] 112  67
[1] 4835
[1] 112  57
[1] 4836
[1] 112  46
[1] 4837
[1] 112  61
[1] 4838
[1] 112  52
[1] 4839
[1] 112  35
[1] 4840
[1] 112  19
[1] 4841
[1] 112  32
[1] 4842
[1] 112  46
[1] 4843
[1] 112  33
[1] 4844
[1] 112  60
[1] 4845
[1] 112  39
[1] 4846
[1] 112  18
[1] 4847
[1] 112  36
[1] 4848
[1] 112  39
[1] 4849
[1] 112  84
[1] 4850
[1] 112  47
[1] 4851
[1] 112  54
[1] 4852
[1] 112  40
[1] 4853
[1] 112  61
[1] 4854
[1] 112  87
[1] 4855
[1] 112  43
[1] 4856
[1] 112  35
[1] 4857
[1] 112  38
[1] 4858
[1] 112  60
[1] 4859
[1] 112  19
[1] 4860
[1] 112  44
[1] 4861
[1] 112  20
[1] 4862
[1] 112  71
[1] 4863
[1] 112  58
[1] 4864
[1] 112  56
[1] 4865
[1] 112  11
[1] 4866
[1] 112  32
[1] 4867
[1] 112  47
[1] 4868
[1] 112  37
[1] 4869
[1] 112  37
[1] 4870
[1] 112  23
[1] 4871
[1] 112  54
[1] 4872
[1] 112  25
[1] 4873
[1] 112  39
[1] 4874
[1] 112   7
[1] 4875
[1] 112  25
[1] 4876
[1] 112  30
[1] 4877
[1] 112  38
[1] 4878
[1] 112  25
[1] 4879
[1] 112  42
[1] 4880
[1] 112  31
[1] 4881
[1] 112  88
[1] 4882
[1] 112  62
[1] 4883
[1] 112  56
[1] 4884
[1] 112  41
[1] 4885
[1] 112 107
[1] 4886
[1] 112  47
[1] 4887
[1] 112  41
[1] 4888
[1] 112  59
[1] 4889
[1] 112  26
[1] 4890
[1] 112  37
[1] 4891
[1] 112  38
[1] 4892
[1] 112  38
[1] 4893
[1] 112  62
[1] 4894
[1] 112  26
[1] 4895
[1] 112  25
[1] 4896
[1] 112  27
[1] 4897
[1] 112  44
[1] 4898
[1] 112  23
[1] 4899
[1] 112  37
[1] 4900
[1] 112  24
