[1] 9801
[1] 112  38
[1] 9802
[1] 112  27
[1] 9803
[1] 112  40
[1] 9804
[1] 112  64
[1] 9805
[1] 112  60
[1] 9806
[1] 112  31
[1] 9807
[1] 112  68
[1] 9808
[1] 112  22
[1] 9809
[1] 112  90
[1] 9810
[1] 112  43
[1] 9811
[1] 112  70
[1] 9812
[1] 112  20
[1] 9813
[1] 112  52
[1] 9814
[1] 112  62
[1] 9815
[1] 112  55
[1] 9816
[1] 112  49
[1] 9817
[1] 112  22
[1] 9818
[1] 112  40
[1] 9819
[1] 112  50
[1] 9820
[1] 112  30
[1] 9821
[1] 112  51
[1] 9822
[1] 112  60
[1] 9823
[1] 112  41
[1] 9824
[1] 112  32
[1] 9825
[1] 112  24
[1] 9826
[1] 112  33
[1] 9827
[1] 112  27
[1] 9828
[1] 112  74
[1] 9829
[1] 112  41
[1] 9830
[1] 112  42
[1] 9831
[1] 112  63
[1] 9832
[1] 112  17
[1] 9833
[1] 112  47
[1] 9834
[1] 112  49
[1] 9835
[1] 112  57
[1] 9836
[1] 112  40
[1] 9837
[1] 112  22
[1] 9838
[1] 112  58
[1] 9839
[1] 112  67
[1] 9840
[1] 112  42
[1] 9841
[1] 112  29
[1] 9842
[1] 112  73
[1] 9843
[1] 112  44
[1] 9844
[1] 112  27
[1] 9845
[1] 112  55
[1] 9846
[1] 112  60
[1] 9847
[1] 112  64
[1] 9848
[1] 112  32
[1] 9849
[1] 112  27
[1] 9850
[1] 112  42
[1] 9851
[1] 112  57
[1] 9852
[1] 112  35
[1] 9853
[1] 112  41
[1] 9854
[1] 112  21
[1] 9855
[1] 112  56
[1] 9856
[1] 112  34
[1] 9857
[1] 112  37
[1] 9858
[1] 112  73
[1] 9859
[1] 112  74
[1] 9860
[1] 112  40
[1] 9861
[1] 112  60
[1] 9862
[1] 112  52
[1] 9863
[1] 112  55
[1] 9864
[1] 112  10
[1] 9865
[1] 112  70
[1] 9866
[1] 112  66
[1] 9867
[1] 112  31
[1] 9868
[1] 112  46
[1] 9869
[1] 112  56
[1] 9870
[1] 112  55
[1] 9871
[1] 112  43
[1] 9872
[1] 112  29
[1] 9873
[1] 112  73
[1] 9874
[1] 112  58
[1] 9875
[1] 112  45
[1] 9876
[1] 112  51
[1] 9877
[1] 112  15
[1] 9878
[1] 112  38
[1] 9879
[1] 112 324
[1] 9880
[1] 112  55
[1] 9881
[1] 112  23
[1] 9882
[1] 112  36
[1] 9883
[1] 112  60
[1] 9884
[1] 112  50
[1] 9885
[1] 112  52
[1] 9886
[1] 112  55
[1] 9887
[1] 112  89
[1] 9888
[1] 112  48
[1] 9889
[1] 112  50
[1] 9890
[1] 112  93
[1] 9891
[1] 112  80
[1] 9892
[1] 112  51
[1] 9893
[1] 112  91
[1] 9894
[1] 112  40
[1] 9895
[1] 112  82
[1] 9896
[1] 112  50
[1] 9897
[1] 112  58
[1] 9898
[1] 112  70
[1] 9899
[1] 112  31
[1] 9900
[1] 112  43
