[1] 6601
[1] 112  54
[1] 6602
[1] 112  53
[1] 6603
[1] 112  56
[1] 6604
[1] 112  45
[1] 6605
[1] 112  47
[1] 6606
[1] 112  47
[1] 6607
[1] 112  47
[1] 6608
[1] 112  76
[1] 6609
[1] 112  64
[1] 6610
[1] 112  57
[1] 6611
[1] 112  39
[1] 6612
[1] 112  62
[1] 6613
[1] 112  64
[1] 6614
[1] 112  92
[1] 6615
[1] 112  71
[1] 6616
[1] 112  83
[1] 6617
[1] 112  85
[1] 6618
[1] 112  80
[1] 6619
[1] 112  74
[1] 6620
[1] 112  77
[1] 6621
[1] 112  61
[1] 6622
[1] 112  40
[1] 6623
[1] 112  64
[1] 6624
[1] 112  35
[1] 6625
[1] 112 105
[1] 6626
[1] 112 106
[1] 6627
[1] 112  68
[1] 6628
[1] 112  39
[1] 6629
[1] 112  40
[1] 6630
[1] 112  33
[1] 6631
[1] 112  32
[1] 6632
[1] 112  60
[1] 6633
[1] 112  88
[1] 6634
[1] 112  19
[1] 6635
[1] 112  18
[1] 6636
[1] 112  18
[1] 6637
[1] 112  50
[1] 6638
[1] 112  31
[1] 6639
[1] 112  71
[1] 6640
[1] 112  10
[1] 6641
[1] 112 102
[1] 6642
[1] 112  29
[1] 6643
[1] 112  27
[1] 6644
[1] 112  51
[1] 6645
[1] 112  60
[1] 6646
[1] 112  35
[1] 6647
[1] 112  50
[1] 6648
[1] 112  52
[1] 6649
[1] 112  40
[1] 6650
[1] 112  41
[1] 6651
[1] 112  62
[1] 6652
[1] 112  56
[1] 6653
[1] 112  18
[1] 6654
[1] 112  45
[1] 6655
[1] 112  27
[1] 6656
[1] 112  25
[1] 6657
[1] 112  27
[1] 6658
[1] 112  40
[1] 6659
[1] 112  39
[1] 6660
[1] 112  39
[1] 6661
[1] 112  31
[1] 6662
[1] 112  27
[1] 6663
[1] 112  21
[1] 6664
[1] 112  57
[1] 6665
[1] 112  53
[1] 6666
[1] 112  25
[1] 6667
[1] 112  37
[1] 6668
[1] 112  15
[1] 6669
[1] 112  16
[1] 6670
[1] 112  65
[1] 6671
[1] 112  25
[1] 6672
[1] 112  27
[1] 6673
[1] 112  63
[1] 6674
[1] 112  27
[1] 6675
[1] 112  27
[1] 6676
[1] 112  88
[1] 6677
[1] 112  27
[1] 6678
[1] 112  27
[1] 6679
[1] 112  28
[1] 6680
[1] 112  27
[1] 6681
[1] 112  38
[1] 6682
[1] 112  39
[1] 6683
[1] 112  39
[1] 6684
[1] 112  19
[1] 6685
[1] 112  50
[1] 6686
[1] 112  26
[1] 6687
[1] 112  20
[1] 6688
[1] 112  34
[1] 6689
[1] 112  65
[1] 6690
[1] 112  35
[1] 6691
[1] 112  69
[1] 6692
[1] 112  66
[1] 6693
[1] 112  68
[1] 6694
[1] 112  43
[1] 6695
[1] 112  55
[1] 6696
[1] 112  72
[1] 6697
[1] 112  50
[1] 6698
[1] 112  46
[1] 6699
[1] 112  34
[1] 6700
[1] 112  27
