[1] 6901
[1] 112  53
[1] 6902
[1] 112  64
[1] 6903
[1] 112  52
[1] 6904
[1] 112  57
[1] 6905
[1] 112  19
[1] 6906
[1] 112  61
[1] 6907
[1] 112  58
[1] 6908
[1] 112  29
[1] 6909
[1] 112  44
[1] 6910
[1] 112  41
[1] 6911
[1] 112  63
[1] 6912
[1] 112  57
[1] 6913
[1] 112  84
[1] 6914
[1] 112  31
[1] 6915
[1] 112  38
[1] 6916
[1] 112  47
[1] 6917
[1] 112  50
[1] 6918
[1] 112  22
[1] 6919
[1] 112  25
[1] 6920
[1] 112  25
[1] 6921
[1] 112  42
[1] 6922
[1] 112  43
[1] 6923
[1] 112  55
[1] 6924
[1] 112  61
[1] 6925
[1] 112  31
[1] 6926
[1] 112  44
[1] 6927
[1] 112  60
[1] 6928
[1] 112  79
[1] 6929
[1] 112  47
[1] 6930
[1] 112  56
[1] 6931
[1] 112  59
[1] 6932
[1] 112  42
[1] 6933
[1] 112  70
[1] 6934
[1] 112  70
[1] 6935
[1] 112  48
[1] 6936
[1] 112  38
[1] 6937
[1] 112  36
[1] 6938
[1] 112  54
[1] 6939
[1] 112  43
[1] 6940
[1] 112  73
[1] 6941
[1] 112  40
[1] 6942
[1] 112  40
[1] 6943
[1] 112  49
[1] 6944
[1] 112  21
[1] 6945
[1] 112  55
[1] 6946
[1] 112  70
[1] 6947
[1] 112  68
[1] 6948
[1] 112  48
[1] 6949
[1] 112  43
[1] 6950
[1] 112  33
[1] 6951
[1] 112  42
[1] 6952
[1] 112  40
[1] 6953
[1] 112  49
[1] 6954
[1] 112  66
[1] 6955
[1] 112  51
[1] 6956
[1] 112  86
[1] 6957
[1] 112  54
[1] 6958
[1] 112  41
[1] 6959
[1] 112  38
[1] 6960
[1] 112  38
[1] 6961
[1] 112  46
[1] 6962
[1] 112  42
[1] 6963
[1] 112  50
[1] 6964
[1] 112  58
[1] 6965
[1] 112  51
[1] 6966
[1] 112  53
[1] 6967
[1] 112  44
[1] 6968
[1] 112  90
[1] 6969
[1] 112 104
[1] 6970
[1] 112  37
[1] 6971
[1] 112  39
[1] 6972
[1] 112  41
[1] 6973
[1] 112  48
[1] 6974
[1] 112  56
[1] 6975
[1] 112  35
[1] 6976
[1] 112  25
[1] 6977
[1] 112  23
[1] 6978
[1] 112  42
[1] 6979
[1] 112  46
[1] 6980
[1] 112  57
[1] 6981
[1] 112  54
[1] 6982
[1] 112  56
[1] 6983
[1] 112  58
[1] 6984
[1] 112  67
[1] 6985
[1] 112  76
[1] 6986
[1] 112  36
[1] 6987
[1] 112  26
[1] 6988
[1] 112  31
[1] 6989
[1] 112  26
[1] 6990
[1] 112  37
[1] 6991
[1] 112  69
[1] 6992
[1] 112  47
[1] 6993
[1] 112  63
[1] 6994
[1] 112  53
[1] 6995
[1] 112  71
[1] 6996
[1] 112  15
[1] 6997
[1] 112  62
[1] 6998
[1] 112  52
[1] 6999
[1] 112  27
[1] 7000
[1] 112  43
