[1] 10501
[1] 112 104
[1] 10502
[1] 112  22
[1] 10503
[1] 112  54
[1] 10504
[1] 112  61
[1] 10505
[1] 112  25
[1] 10506
[1] 112  76
[1] 10507
[1] 112  47
[1] 10508
[1] 112  51
[1] 10509
[1] 112  70
[1] 10510
[1] 112  16
[1] 10511
[1] 112  40
[1] 10512
[1] 112  41
[1] 10513
[1] 112  51
[1] 10514
[1] 112  59
[1] 10515
[1] 112  49
[1] 10516
[1] 112  23
[1] 10517
[1] 112  21
[1] 10518
[1] 112  71
[1] 10519
[1] 112  49
[1] 10520
[1] 112  33
[1] 10521
[1] 112  34
[1] 10522
[1] 112  65
[1] 10523
[1] 112  34
[1] 10524
[1] 112  32
[1] 10525
[1] 112  69
[1] 10526
[1] 112  27
[1] 10527
[1] 112  30
[1] 10528
[1] 112  77
[1] 10529
[1] 112  48
[1] 10530
[1] 112  54
[1] 10531
[1] 112  54
[1] 10532
[1] 112  70
[1] 10533
[1] 112  74
[1] 10534
[1] 112  26
[1] 10535
[1] 112  71
[1] 10536
[1] 112  94
[1] 10537
[1] 112  23
[1] 10538
[1] 112  64
[1] 10539
[1] 112  71
[1] 10540
[1] 112  81
[1] 10541
[1] 112  36
[1] 10542
[1] 112  64
[1] 10543
[1] 112  20
[1] 10544
[1] 112  53
[1] 10545
[1] 112  36
[1] 10546
[1] 112  39
[1] 10547
[1] 112  71
[1] 10548
[1] 112  40
[1] 10549
[1] 112  95
[1] 10550
[1] 112  45
[1] 10551
[1] 112  18
[1] 10552
[1] 112 124
[1] 10553
[1] 112  40
[1] 10554
[1] 112  42
[1] 10555
[1] 112  48
[1] 10556
[1] 112  42
[1] 10557
[1] 112  66
[1] 10558
[1] 112  51
[1] 10559
[1] 112  51
[1] 10560
[1] 112  49
[1] 10561
[1] 112  37
[1] 10562
[1] 112  20
[1] 10563
[1] 112  41
[1] 10564
[1] 112  19
[1] 10565
[1] 112  27
[1] 10566
[1] 112  20
[1] 10567
[1] 112  21
[1] 10568
[1] 112  59
[1] 10569
[1] 112  54
[1] 10570
[1] 112  49
[1] 10571
[1] 112  70
[1] 10572
[1] 112  18
[1] 10573
[1] 112  56
[1] 10574
[1] 112  54
[1] 10575
[1] 112  56
[1] 10576
[1] 112  66
[1] 10577
[1] 112  69
[1] 10578
[1] 112  33
[1] 10579
[1] 112  43
[1] 10580
[1] 112  27
[1] 10581
[1] 112  49
[1] 10582
[1] 112  35
[1] 10583
[1] 112  76
[1] 10584
[1] 112  52
[1] 10585
[1] 112  47
