[1] 7501
[1] 112  36
[1] 7502
[1] 112  33
[1] 7503
[1] 112  78
[1] 7504
[1] 112  55
[1] 7505
[1] 112  28
[1] 7506
[1] 112  19
[1] 7507
[1] 112  36
[1] 7508
[1] 112 130
[1] 7509
[1] 112  39
[1] 7510
[1] 112  73
[1] 7511
[1] 112  43
[1] 7512
[1] 112  77
[1] 7513
[1] 112  56
[1] 7514
[1] 112  32
[1] 7515
[1] 112  81
[1] 7516
[1] 112  64
[1] 7517
[1] 112  25
[1] 7518
[1] 112  52
[1] 7519
[1] 112  63
[1] 7520
[1] 112  48
[1] 7521
[1] 112  66
[1] 7522
[1] 112  30
[1] 7523
[1] 112  31
[1] 7524
[1] 112  32
[1] 7525
[1] 112  26
[1] 7526
[1] 112  87
[1] 7527
[1] 112  79
[1] 7528
[1] 112  64
[1] 7529
[1] 112  59
[1] 7530
[1] 112  46
[1] 7531
[1] 112  50
[1] 7532
[1] 112  76
[1] 7533
[1] 112  69
[1] 7534
[1] 112  64
[1] 7535
[1] 112  65
[1] 7536
[1] 112  59
[1] 7537
[1] 112  27
[1] 7538
[1] 112  52
[1] 7539
[1] 112  53
[1] 7540
[1] 112  34
[1] 7541
[1] 112  26
[1] 7542
[1] 112  19
[1] 7543
[1] 112  32
[1] 7544
[1] 112  30
[1] 7545
[1] 112  22
[1] 7546
[1] 112  24
[1] 7547
[1] 112  67
[1] 7548
[1] 112  70
[1] 7549
[1] 112  66
[1] 7550
[1] 112  49
[1] 7551
[1] 112  67
[1] 7552
[1] 112  49
[1] 7553
[1] 112  54
[1] 7554
[1] 112  54
[1] 7555
[1] 112  45
[1] 7556
[1] 112  66
[1] 7557
[1] 112  65
[1] 7558
[1] 112   8
[1] 7559
[1] 112 131
[1] 7560
[1] 112  35
[1] 7561
[1] 112  63
[1] 7562
[1] 112  47
[1] 7563
[1] 112  52
[1] 7564
[1] 112  45
[1] 7565
[1] 112  45
[1] 7566
[1] 112  89
[1] 7567
[1] 112  58
[1] 7568
[1] 112  58
[1] 7569
[1] 112  57
[1] 7570
[1] 112  63
[1] 7571
[1] 112  62
[1] 7572
[1] 112  80
[1] 7573
[1] 112  83
[1] 7574
[1] 112  61
[1] 7575
[1] 112  64
[1] 7576
[1] 112  27
[1] 7577
[1] 112  27
[1] 7578
[1] 112  76
[1] 7579
[1] 112  69
[1] 7580
[1] 112  47
[1] 7581
[1] 112  46
[1] 7582
[1] 112  54
[1] 7583
[1] 112  47
[1] 7584
[1] 112  93
[1] 7585
[1] 112  90
[1] 7586
[1] 112  75
[1] 7587
[1] 112  33
[1] 7588
[1] 112  60
[1] 7589
[1] 112  72
[1] 7590
[1] 112  48
[1] 7591
[1] 112  44
[1] 7592
[1] 112  39
[1] 7593
[1] 112  37
[1] 7594
[1] 112  39
[1] 7595
[1] 112  26
[1] 7596
[1] 112  59
[1] 7597
[1] 112  69
[1] 7598
[1] 112  46
[1] 7599
[1] 112  44
[1] 7600
[1] 112  39
