[1] 7101
[1] 112  44
[1] 7102
[1] 112  41
[1] 7103
[1] 112  38
[1] 7104
[1] 112  68
[1] 7105
[1] 112  82
[1] 7106
[1] 112  54
[1] 7107
[1] 112  60
[1] 7108
[1] 112  76
[1] 7109
[1] 112  57
[1] 7110
[1] 112  65
[1] 7111
[1] 112  54
[1] 7112
[1] 112  82
[1] 7113
[1] 112  44
[1] 7114
[1] 112  55
[1] 7115
[1] 112  48
[1] 7116
[1] 112 105
[1] 7117
[1] 112  53
[1] 7118
[1] 112  63
[1] 7119
[1] 112  78
[1] 7120
[1] 112  35
[1] 7121
[1] 112  36
[1] 7122
[1] 112  28
[1] 7123
[1] 112  41
[1] 7124
[1] 112  60
[1] 7125
[1] 112  59
[1] 7126
[1] 112  72
[1] 7127
[1] 112  51
[1] 7128
[1] 112  60
[1] 7129
[1] 112  68
[1] 7130
[1] 112  87
[1] 7131
[1] 112  68
[1] 7132
[1] 112  48
[1] 7133
[1] 112  49
[1] 7134
[1] 112  42
[1] 7135
[1] 112  65
[1] 7136
[1] 112  44
[1] 7137
[1] 112  27
[1] 7138
[1] 112  49
[1] 7139
[1] 112  35
[1] 7140
[1] 112  56
[1] 7141
[1] 112  32
[1] 7142
[1] 112  55
[1] 7143
[1] 112  29
[1] 7144
[1] 112  59
[1] 7145
[1] 112  72
[1] 7146
[1] 112  35
[1] 7147
[1] 112  52
[1] 7148
[1] 112  52
[1] 7149
[1] 112 108
[1] 7150
[1] 112  66
[1] 7151
[1] 112  60
[1] 7152
[1] 112  34
[1] 7153
[1] 112  65
[1] 7154
[1] 112  34
[1] 7155
[1] 112  34
[1] 7156
[1] 112  36
[1] 7157
[1] 112  56
[1] 7158
[1] 112  55
[1] 7159
[1] 112  42
[1] 7160
[1] 112  69
[1] 7161
[1] 112  67
[1] 7162
[1] 112 157
[1] 7163
[1] 112  36
[1] 7164
[1] 112  45
[1] 7165
[1] 112  48
[1] 7166
[1] 112  59
[1] 7167
[1] 112  18
[1] 7168
[1] 112  80
[1] 7169
[1] 112  36
[1] 7170
[1] 112  37
[1] 7171
[1] 112  50
[1] 7172
[1] 112  81
[1] 7173
[1] 112  47
[1] 7174
[1] 112  98
[1] 7175
[1] 112  54
[1] 7176
[1] 112  87
[1] 7177
[1] 112  88
[1] 7178
[1] 112  84
[1] 7179
[1] 112  83
[1] 7180
[1] 112  28
[1] 7181
[1] 112  57
[1] 7182
[1] 112  63
[1] 7183
[1] 112  74
[1] 7184
[1] 112  18
[1] 7185
[1] 112  48
[1] 7186
[1] 112  56
[1] 7187
[1] 112  43
[1] 7188
[1] 112  41
[1] 7189
[1] 112  43
[1] 7190
[1] 112  51
[1] 7191
[1] 112  41
[1] 7192
[1] 112 106
[1] 7193
[1] 112  54
[1] 7194
[1] 112  42
[1] 7195
[1] 112  49
[1] 7196
[1] 112  37
[1] 7197
[1] 112  41
[1] 7198
[1] 112  35
[1] 7199
[1] 112  54
[1] 7200
[1] 112  34
