[1] 7601
[1] 112  57
[1] 7602
[1] 112  50
[1] 7603
[1] 112  48
[1] 7604
[1] 112  55
[1] 7605
[1] 112  57
[1] 7606
[1] 112  44
[1] 7607
[1] 112  53
[1] 7608
[1] 112  45
[1] 7609
[1] 112  43
[1] 7610
[1] 112  37
[1] 7611
[1] 112  36
[1] 7612
[1] 112  42
[1] 7613
[1] 112  14
[1] 7614
[1] 112  19
[1] 7615
[1] 112  39
[1] 7616
[1] 112  27
[1] 7617
[1] 112  77
[1] 7618
[1] 112  21
[1] 7619
[1] 112  28
[1] 7620
[1] 112  35
[1] 7621
[1] 112  27
[1] 7622
[1] 112  40
[1] 7623
[1] 112  40
[1] 7624
[1] 112  47
[1] 7625
[1] 112  57
[1] 7626
[1] 112 103
[1] 7627
[1] 112  62
[1] 7628
[1] 112  43
[1] 7629
[1] 112  38
[1] 7630
[1] 112  39
[1] 7631
[1] 112  39
[1] 7632
[1] 112  62
[1] 7633
[1] 112  83
[1] 7634
[1] 112  35
[1] 7635
[1] 112  41
[1] 7636
[1] 112  49
[1] 7637
[1] 112  40
[1] 7638
[1] 112  26
[1] 7639
[1] 112  59
[1] 7640
[1] 112  42
[1] 7641
[1] 112  40
[1] 7642
[1] 112  35
[1] 7643
[1] 112  47
[1] 7644
[1] 112  15
[1] 7645
[1] 112  35
[1] 7646
[1] 112  19
[1] 7647
[1] 112  73
[1] 7648
[1] 112  42
[1] 7649
[1] 112  56
[1] 7650
[1] 112  52
[1] 7651
[1] 112  20
[1] 7652
[1] 112  41
[1] 7653
[1] 112  62
[1] 7654
[1] 112  23
[1] 7655
[1] 112  35
[1] 7656
[1] 112  43
[1] 7657
[1] 112  63
[1] 7658
[1] 112  23
[1] 7659
[1] 112  31
[1] 7660
[1] 112  57
[1] 7661
[1] 112  74
[1] 7662
[1] 112  35
[1] 7663
[1] 112  15
[1] 7664
[1] 112  41
[1] 7665
[1] 112  56
[1] 7666
[1] 112  66
[1] 7667
[1] 112  58
[1] 7668
[1] 112  40
[1] 7669
[1] 112  50
[1] 7670
[1] 112  23
[1] 7671
[1] 112  64
[1] 7672
[1] 112  35
[1] 7673
[1] 112  57
[1] 7674
[1] 112  40
[1] 7675
[1] 112  38
[1] 7676
[1] 112  35
[1] 7677
[1] 112  36
[1] 7678
[1] 112  37
[1] 7679
[1] 112  54
[1] 7680
[1] 112  57
[1] 7681
[1] 112  33
[1] 7682
[1] 112  58
[1] 7683
[1] 112  50
[1] 7684
[1] 112  97
[1] 7685
[1] 112  37
[1] 7686
[1] 112  41
[1] 7687
[1] 112  24
[1] 7688
[1] 112  37
[1] 7689
[1] 112  66
[1] 7690
[1] 112 116
[1] 7691
[1] 112  39
[1] 7692
[1] 112  51
[1] 7693
[1] 112   9
[1] 7694
[1] 112  49
[1] 7695
[1] 112  68
[1] 7696
[1] 112  72
[1] 7697
[1] 112  67
[1] 7698
[1] 112  58
[1] 7699
[1] 112  32
[1] 7700
[1] 112  27
