[1] 6101
[1] 112  50
[1] 6102
[1] 112  59
[1] 6103
[1] 112  58
[1] 6104
[1] 112  56
[1] 6105
[1] 112  52
[1] 6106
[1] 112  51
[1] 6107
[1] 112  43
[1] 6108
[1] 112  20
[1] 6109
[1] 112  76
[1] 6110
[1] 112  73
[1] 6111
[1] 112  35
[1] 6112
[1] 112  57
[1] 6113
[1] 112  64
[1] 6114
[1] 112 116
[1] 6115
[1] 112  55
[1] 6116
[1] 112  55
[1] 6117
[1] 112  43
[1] 6118
[1] 112  35
[1] 6119
[1] 112  84
[1] 6120
[1] 112  50
[1] 6121
[1] 112  33
[1] 6122
[1] 112  94
[1] 6123
[1] 112  75
[1] 6124
[1] 112  20
[1] 6125
[1] 112  24
[1] 6126
[1] 112  51
[1] 6127
[1] 112  48
[1] 6128
[1] 112  96
[1] 6129
[1] 112  56
[1] 6130
[1] 112  61
[1] 6131
[1] 112  40
[1] 6132
[1] 112  63
[1] 6133
[1] 112  40
[1] 6134
[1] 112  38
[1] 6135
[1] 112  87
[1] 6136
[1] 112  53
[1] 6137
[1] 112  68
[1] 6138
[1] 112  51
[1] 6139
[1] 112  57
[1] 6140
[1] 112  48
[1] 6141
[1] 112  39
[1] 6142
[1] 112  98
[1] 6143
[1] 112  52
[1] 6144
[1] 112  53
[1] 6145
[1] 112  36
[1] 6146
[1] 112  30
[1] 6147
[1] 112  45
[1] 6148
[1] 112  48
[1] 6149
[1] 112  30
[1] 6150
[1] 112  64
[1] 6151
[1] 112  44
[1] 6152
[1] 112  38
[1] 6153
[1] 112  57
[1] 6154
[1] 112  54
[1] 6155
[1] 112  63
[1] 6156
[1] 112  78
[1] 6157
[1] 112  51
[1] 6158
[1] 112  33
[1] 6159
[1] 112  75
[1] 6160
[1] 112  30
[1] 6161
[1] 112  34
[1] 6162
[1] 112  36
[1] 6163
[1] 112  70
[1] 6164
[1] 112  41
[1] 6165
[1] 112  80
[1] 6166
[1] 112  75
[1] 6167
[1] 112  52
[1] 6168
[1] 112  44
[1] 6169
[1] 112  23
[1] 6170
[1] 112  22
[1] 6171
[1] 112  41
[1] 6172
[1] 112 405
[1] 6173
[1] 112  76
[1] 6174
[1] 112  29
[1] 6175
[1] 112  49
[1] 6176
[1] 112  93
[1] 6177
[1] 112  94
[1] 6178
[1] 112  45
[1] 6179
[1] 112  54
[1] 6180
[1] 112  64
[1] 6181
[1] 112  58
[1] 6182
[1] 112  49
[1] 6183
[1] 112  82
[1] 6184
[1] 112  28
[1] 6185
[1] 112  42
[1] 6186
[1] 112  46
[1] 6187
[1] 112  50
[1] 6188
[1] 112  92
[1] 6189
[1] 112 101
[1] 6190
[1] 112  52
[1] 6191
[1] 112  89
[1] 6192
[1] 112  31
[1] 6193
[1] 112  35
[1] 6194
[1] 112  42
[1] 6195
[1] 112  62
[1] 6196
[1] 112  46
[1] 6197
[1] 112  59
[1] 6198
[1] 112  35
[1] 6199
[1] 112  34
[1] 6200
[1] 112  74
