[1] 2601
[1] 112  62
[1] 2602
[1] 112  41
[1] 2603
[1] 112  60
[1] 2604
[1] 112  52
[1] 2605
[1] 112  46
[1] 2606
[1] 112  54
[1] 2607
[1] 112  65
[1] 2608
[1] 112  41
[1] 2609
[1] 112  32
[1] 2610
[1] 112  59
[1] 2611
[1] 112  33
[1] 2612
[1] 112  28
[1] 2613
[1] 112  34
[1] 2614
[1] 112  50
[1] 2615
[1] 112  85
[1] 2616
[1] 112  60
[1] 2617
[1] 112  47
[1] 2618
[1] 112  43
[1] 2619
[1] 112  47
[1] 2620
[1] 112  59
[1] 2621
[1] 112  37
[1] 2622
[1] 112  81
[1] 2623
[1] 112  52
[1] 2624
[1] 112  37
[1] 2625
[1] 112  50
[1] 2626
[1] 112  55
[1] 2627
[1] 112  78
[1] 2628
[1] 112  41
[1] 2629
[1] 112  52
[1] 2630
[1] 112  55
[1] 2631
[1] 112  29
[1] 2632
[1] 112  37
[1] 2633
[1] 112  90
[1] 2634
[1] 112  66
[1] 2635
[1] 112  63
[1] 2636
[1] 112  38
[1] 2637
[1] 112  31
[1] 2638
[1] 112  54
[1] 2639
[1] 112  59
[1] 2640
[1] 112  67
[1] 2641
[1] 112  61
[1] 2642
[1] 112  62
[1] 2643
[1] 112  53
[1] 2644
[1] 112  68
[1] 2645
[1] 112  52
[1] 2646
[1] 112 100
[1] 2647
[1] 112  52
[1] 2648
[1] 112  59
[1] 2649
[1] 112  58
[1] 2650
[1] 112  76
[1] 2651
[1] 112  51
[1] 2652
[1] 112  59
[1] 2653
[1] 112  31
[1] 2654
[1] 112  28
[1] 2655
[1] 112  27
[1] 2656
[1] 112  54
[1] 2657
[1] 112  56
[1] 2658
[1] 112  59
[1] 2659
[1] 112  65
[1] 2660
[1] 112  69
[1] 2661
[1] 112  22
[1] 2662
[1] 112  54
[1] 2663
[1] 112  55
[1] 2664
[1] 112  43
[1] 2665
[1] 112  52
[1] 2666
[1] 112  79
[1] 2667
[1] 112  88
[1] 2668
[1] 112  51
[1] 2669
[1] 112  61
[1] 2670
[1] 112  75
[1] 2671
[1] 112  67
[1] 2672
[1] 112  23
[1] 2673
[1] 112  63
[1] 2674
[1] 112  49
[1] 2675
[1] 112  33
[1] 2676
[1] 112  42
[1] 2677
[1] 112  44
[1] 2678
[1] 112  89
[1] 2679
[1] 112 237
[1] 2680
[1] 112 109
[1] 2681
[1] 112 106
[1] 2682
[1] 112  81
[1] 2683
[1] 112  48
[1] 2684
[1] 112 105
[1] 2685
[1] 112  65
[1] 2686
[1] 112  56
[1] 2687
[1] 112  66
[1] 2688
[1] 112  30
[1] 2689
[1] 112  31
[1] 2690
[1] 112  37
[1] 2691
[1] 112  40
[1] 2692
[1] 112  43
[1] 2693
[1] 112  37
[1] 2694
[1] 112  44
[1] 2695
[1] 112  80
[1] 2696
[1] 112  22
[1] 2697
[1] 112  24
[1] 2698
[1] 112 113
[1] 2699
[1] 112  42
[1] 2700
[1] 112  61
