[1] 3101
[1] 112 125
[1] 3102
[1] 112  51
[1] 3103
[1] 112  49
[1] 3104
[1] 112  61
[1] 3105
[1] 112  15
[1] 3106
[1] 112  62
[1] 3107
[1] 112  56
[1] 3108
[1] 112  20
[1] 3109
[1] 112  52
[1] 3110
[1] 112  42
[1] 3111
[1] 112  30
[1] 3112
[1] 112  35
[1] 3113
[1] 112  51
[1] 3114
[1] 112  23
[1] 3115
[1] 112  21
[1] 3116
[1] 112  47
[1] 3117
[1] 112  46
[1] 3118
[1] 112  46
[1] 3119
[1] 112  39
[1] 3120
[1] 112  36
[1] 3121
[1] 112  35
[1] 3122
[1] 112  35
[1] 3123
[1] 112  45
[1] 3124
[1] 112  24
[1] 3125
[1] 112  26
[1] 3126
[1] 112  33
[1] 3127
[1] 112  51
[1] 3128
[1] 112  56
[1] 3129
[1] 112  55
[1] 3130
[1] 112  47
[1] 3131
[1] 112  45
[1] 3132
[1] 112  27
[1] 3133
[1] 112  19
[1] 3134
[1] 112  59
[1] 3135
[1] 112  79
[1] 3136
[1] 112  48
[1] 3137
[1] 112  53
[1] 3138
[1] 112  58
[1] 3139
[1] 112  32
[1] 3140
[1] 112  43
[1] 3141
[1] 112  36
[1] 3142
[1] 112  14
[1] 3143
[1] 112  54
[1] 3144
[1] 112  52
[1] 3145
[1] 112  56
[1] 3146
[1] 112  51
[1] 3147
[1] 112  51
[1] 3148
[1] 112  37
[1] 3149
[1] 112  52
[1] 3150
[1] 112  35
[1] 3151
[1] 112  33
[1] 3152
[1] 112  47
[1] 3153
[1] 112  45
[1] 3154
[1] 112  59
[1] 3155
[1] 112  57
[1] 3156
[1] 112  69
[1] 3157
[1] 112  26
[1] 3158
[1] 112  65
[1] 3159
[1] 112  21
[1] 3160
[1] 112  19
[1] 3161
[1] 112  20
[1] 3162
[1] 112  48
[1] 3163
[1] 112  42
[1] 3164
[1] 112  21
[1] 3165
[1] 112  10
[1] 3166
[1] 112  53
[1] 3167
[1] 112  58
[1] 3168
[1] 112  54
[1] 3169
[1] 112  20
[1] 3170
[1] 112  64
[1] 3171
[1] 112  65
[1] 3172
[1] 112  30
[1] 3173
[1] 112  64
[1] 3174
[1] 112  43
[1] 3175
[1] 112  31
[1] 3176
[1] 112  81
[1] 3177
[1] 112  38
[1] 3178
[1] 112  38
[1] 3179
[1] 112  43
[1] 3180
[1] 112  86
[1] 3181
[1] 112  44
[1] 3182
[1] 112  62
[1] 3183
[1] 112  71
[1] 3184
[1] 112  50
[1] 3185
[1] 112  61
[1] 3186
[1] 112  70
[1] 3187
[1] 112  57
[1] 3188
[1] 112  46
[1] 3189
[1] 112  72
[1] 3190
[1] 112  50
[1] 3191
[1] 112  21
[1] 3192
[1] 112  22
[1] 3193
[1] 112  32
[1] 3194
[1] 112  52
[1] 3195
[1] 112  39
[1] 3196
[1] 112  51
[1] 3197
[1] 112  47
[1] 3198
[1] 112  32
[1] 3199
[1] 112  69
[1] 3200
[1] 112  20
