[1] 10401
[1] 112  22
[1] 10402
[1] 112  39
[1] 10403
[1] 112  74
[1] 10404
[1] 112  54
[1] 10405
[1] 112  27
[1] 10406
[1] 112  41
[1] 10407
[1] 112  18
[1] 10408
[1] 112   1
[1] 10409
[1] 112  20
[1] 10410
[1] 112  66
[1] 10411
[1] 112  65
[1] 10412
[1] 112  45
[1] 10413
[1] 112  71
[1] 10414
[1] 112  32
[1] 10415
[1] 112  56
[1] 10416
[1] 112  17
[1] 10417
[1] 112  74
[1] 10418
[1] 112  27
[1] 10419
[1] 112  72
[1] 10420
[1] 112  55
[1] 10421
[1] 112  62
[1] 10422
[1] 112  31
[1] 10423
[1] 112  17
[1] 10424
[1] 112  27
[1] 10425
[1] 112  62
[1] 10426
[1] 112  30
[1] 10427
[1] 112  55
[1] 10428
[1] 112  61
[1] 10429
[1] 112  62
[1] 10430
[1] 112  52
[1] 10431
[1] 112  55
[1] 10432
[1] 112  29
[1] 10433
[1] 112  54
[1] 10434
[1] 112  54
[1] 10435
[1] 112  54
[1] 10436
[1] 112  51
[1] 10437
[1] 112  36
[1] 10438
[1] 112  45
[1] 10439
[1] 112  58
[1] 10440
[1] 112  16
[1] 10441
[1] 112  21
[1] 10442
[1] 112  46
[1] 10443
[1] 112  23
[1] 10444
[1] 112 113
[1] 10445
[1] 112  17
[1] 10446
[1] 112  37
[1] 10447
[1] 112  30
[1] 10448
[1] 112  42
[1] 10449
[1] 112  54
[1] 10450
[1] 112  18
[1] 10451
[1] 112  36
[1] 10452
[1] 112  68
[1] 10453
[1] 112  49
[1] 10454
[1] 112   1
[1] 10455
[1] 112  21
[1] 10456
[1] 112  32
[1] 10457
[1] 112  23
[1] 10458
[1] 112  51
[1] 10459
[1] 112  59
[1] 10460
[1] 112  55
[1] 10461
[1] 112  41
[1] 10462
[1] 112  37
[1] 10463
[1] 112  84
[1] 10464
[1] 112  73
[1] 10465
[1] 112  30
[1] 10466
[1] 112  63
[1] 10467
[1] 112  46
[1] 10468
[1] 112  47
[1] 10469
[1] 112 125
[1] 10470
[1] 112  37
[1] 10471
[1] 112  76
[1] 10472
[1] 112  39
[1] 10473
[1] 112  41
[1] 10474
[1] 112  62
[1] 10475
[1] 112  35
[1] 10476
[1] 112  31
[1] 10477
[1] 112  35
[1] 10478
[1] 112  32
[1] 10479
[1] 112  20
[1] 10480
[1] 112  38
[1] 10481
[1] 112  42
[1] 10482
[1] 112  14
[1] 10483
[1] 112  36
[1] 10484
[1] 112  92
[1] 10485
[1] 112  26
[1] 10486
[1] 112  41
[1] 10487
[1] 112  76
[1] 10488
[1] 112  54
[1] 10489
[1] 112  24
[1] 10490
[1] 112  29
[1] 10491
[1] 112  26
[1] 10492
[1] 112  65
[1] 10493
[1] 112  75
[1] 10494
[1] 112 324
[1] 10495
[1] 112  29
[1] 10496
[1] 112  42
[1] 10497
[1] 112  64
[1] 10498
[1] 112  54
[1] 10499
[1] 112  37
[1] 10500
[1] 112  26
