[1] 7301
[1] 112  52
[1] 7302
[1] 112  62
[1] 7303
[1] 112  51
[1] 7304
[1] 112  90
[1] 7305
[1] 112  37
[1] 7306
[1] 112  35
[1] 7307
[1] 112  33
[1] 7308
[1] 112  83
[1] 7309
[1] 112  41
[1] 7310
[1] 112  41
[1] 7311
[1] 112  31
[1] 7312
[1] 112  63
[1] 7313
[1] 112  43
[1] 7314
[1] 112  75
[1] 7315
[1] 112  69
[1] 7316
[1] 112  96
[1] 7317
[1] 112  65
[1] 7318
[1] 112 124
[1] 7319
[1] 112  55
[1] 7320
[1] 112  58
[1] 7321
[1] 112  56
[1] 7322
[1] 112  49
[1] 7323
[1] 112  47
[1] 7324
[1] 112  63
[1] 7325
[1] 112  55
[1] 7326
[1] 112  70
[1] 7327
[1] 112  55
[1] 7328
[1] 112  51
[1] 7329
[1] 112  66
[1] 7330
[1] 112  53
[1] 7331
[1] 112  54
[1] 7332
[1] 112  13
[1] 7333
[1] 112  58
[1] 7334
[1] 112  50
[1] 7335
[1] 112  52
[1] 7336
[1] 112  43
[1] 7337
[1] 112  44
[1] 7338
[1] 112  36
[1] 7339
[1] 112  30
[1] 7340
[1] 112  26
[1] 7341
[1] 112  32
[1] 7342
[1] 112  26
[1] 7343
[1] 112  27
[1] 7344
[1] 112  53
[1] 7345
[1] 112  18
[1] 7346
[1] 112  24
[1] 7347
[1] 112  21
[1] 7348
[1] 112  21
[1] 7349
[1] 112  43
[1] 7350
[1] 112  23
[1] 7351
[1] 112   8
[1] 7352
[1] 112  23
[1] 7353
[1] 112  58
[1] 7354
[1] 112  35
[1] 7355
[1] 112 106
[1] 7356
[1] 112  91
[1] 7357
[1] 112  58
[1] 7358
[1] 112  54
[1] 7359
[1] 112  83
[1] 7360
[1] 112  21
[1] 7361
[1] 112  70
[1] 7362
[1] 112  53
[1] 7363
[1] 112  83
[1] 7364
[1] 112  37
[1] 7365
[1] 112  73
[1] 7366
[1] 112  77
[1] 7367
[1] 112  43
[1] 7368
[1] 112  42
[1] 7369
[1] 112  40
[1] 7370
[1] 112  72
[1] 7371
[1] 112  37
[1] 7372
[1] 112  71
[1] 7373
[1] 112  73
[1] 7374
[1] 112  13
[1] 7375
[1] 112  75
[1] 7376
[1] 112  75
[1] 7377
[1] 112  75
[1] 7378
[1] 112  76
[1] 7379
[1] 112  73
[1] 7380
[1] 112  65
[1] 7381
[1] 112  20
[1] 7382
[1] 112  56
[1] 7383
[1] 112  79
[1] 7384
[1] 112 115
[1] 7385
[1] 112  93
[1] 7386
[1] 112  37
[1] 7387
[1] 112  78
[1] 7388
[1] 112  82
[1] 7389
[1] 112  55
[1] 7390
[1] 112  64
[1] 7391
[1] 112  48
[1] 7392
[1] 112  48
[1] 7393
[1] 112  61
[1] 7394
[1] 112  56
[1] 7395
[1] 112 112
[1] 7396
[1] 112  43
[1] 7397
[1] 112 110
[1] 7398
[1] 112 111
[1] 7399
[1] 112  35
[1] 7400
[1] 112  29
