[1] 6201
[1] 112  46
[1] 6202
[1] 112  84
[1] 6203
[1] 112  59
[1] 6204
[1] 112  71
[1] 6205
[1] 112  50
[1] 6206
[1] 112  40
[1] 6207
[1] 112  74
[1] 6208
[1] 112  54
[1] 6209
[1] 112  53
[1] 6210
[1] 112  33
[1] 6211
[1] 112  56
[1] 6212
[1] 112  11
[1] 6213
[1] 112 124
[1] 6214
[1] 112 100
[1] 6215
[1] 112  57
[1] 6216
[1] 112  44
[1] 6217
[1] 112  45
[1] 6218
[1] 112  57
[1] 6219
[1] 112  80
[1] 6220
[1] 112  67
[1] 6221
[1] 112  76
[1] 6222
[1] 112  52
[1] 6223
[1] 112  47
[1] 6224
[1] 112  43
[1] 6225
[1] 112  71
[1] 6226
[1] 112  42
[1] 6227
[1] 112  45
[1] 6228
[1] 112  33
[1] 6229
[1] 112  22
[1] 6230
[1] 112  60
[1] 6231
[1] 112  66
[1] 6232
[1] 112 136
[1] 6233
[1] 112  39
[1] 6234
[1] 112  59
[1] 6235
[1] 112  57
[1] 6236
[1] 112  56
[1] 6237
[1] 112  25
[1] 6238
[1] 112  44
[1] 6239
[1] 112  50
[1] 6240
[1] 112  42
[1] 6241
[1] 112  44
[1] 6242
[1] 112  64
[1] 6243
[1] 112  43
[1] 6244
[1] 112  55
[1] 6245
[1] 112  60
[1] 6246
[1] 112  81
[1] 6247
[1] 112  39
[1] 6248
[1] 112  74
[1] 6249
[1] 112  85
[1] 6250
[1] 112  51
[1] 6251
[1] 112  58
[1] 6252
[1] 112  80
[1] 6253
[1] 112  81
[1] 6254
[1] 112 120
[1] 6255
[1] 112  59
[1] 6256
[1] 112  50
[1] 6257
[1] 112  51
[1] 6258
[1] 112  44
[1] 6259
[1] 112  56
[1] 6260
[1] 112  41
[1] 6261
[1] 112  43
[1] 6262
[1] 112  53
[1] 6263
[1] 112  66
[1] 6264
[1] 112  64
[1] 6265
[1] 112  32
[1] 6266
[1] 112  28
[1] 6267
[1] 112  30
[1] 6268
[1] 112  58
[1] 6269
[1] 112  73
[1] 6270
[1] 112  93
[1] 6271
[1] 112  59
[1] 6272
[1] 112  67
[1] 6273
[1] 112  52
[1] 6274
[1] 112  54
[1] 6275
[1] 112  77
[1] 6276
[1] 112  55
[1] 6277
[1] 112  80
[1] 6278
[1] 112  36
[1] 6279
[1] 112  67
[1] 6280
[1] 112  36
[1] 6281
[1] 112  14
[1] 6282
[1] 112  42
[1] 6283
[1] 112  42
[1] 6284
[1] 112  43
[1] 6285
[1] 112  51
[1] 6286
[1] 112  36
[1] 6287
[1] 112  40
[1] 6288
[1] 112  23
[1] 6289
[1] 112  64
[1] 6290
[1] 112  67
[1] 6291
[1] 112  58
[1] 6292
[1] 112  43
[1] 6293
[1] 112  51
[1] 6294
[1] 112  51
[1] 6295
[1] 112  69
[1] 6296
[1] 112  42
[1] 6297
[1] 112  47
[1] 6298
[1] 112  41
[1] 6299
[1] 112  40
[1] 6300
[1] 112  71
