[1] 1
[1] 112  49
[1] 2
[1] 112  53
[1] 3
[1] 112  77
[1] 4
[1] 112  66
[1] 5
[1] 112  75
[1] 6
[1] 112  58
[1] 7
[1] 112  70
[1] 8
[1] 112  62
[1] 9
[1] 112  21
[1] 10
[1] 112  44
[1] 11
[1] 112  30
[1] 12
[1] 112  24
[1] 13
[1] 112  22
[1] 14
[1] 112  43
[1] 15
[1] 112  53
[1] 16
[1] 112  57
[1] 17
[1] 112  85
[1] 18
[1] 112  53
[1] 19
[1] 112  39
[1] 20
[1] 112  61
[1] 21
[1] 112  87
[1] 22
[1] 112  39
[1] 23
[1] 112  43
[1] 24
[1] 112  31
[1] 25
[1] 112  34
[1] 26
[1] 112  32
[1] 27
[1] 112  44
[1] 28
[1] 112  24
[1] 29
[1] 112 108
[1] 30
[1] 112  30
[1] 31
[1] 112  30
[1] 32
[1] 112  36
[1] 33
[1] 112  31
[1] 34
[1] 112  45
[1] 35
[1] 112  39
[1] 36
[1] 112  34
[1] 37
[1] 112  66
[1] 38
[1] 112  48
[1] 39
[1] 112  31
[1] 40
[1] 112  64
[1] 41
[1] 112  41
[1] 42
[1] 112  49
[1] 43
[1] 112  52
[1] 44
[1] 112  64
[1] 45
[1] 112  41
[1] 46
[1] 112  71
[1] 47
[1] 112  53
[1] 48
[1] 112  26
[1] 49
[1] 112  69
[1] 50
[1] 112  42
[1] 51
[1] 112  57
[1] 52
[1] 112  52
[1] 53
[1] 112  57
[1] 54
[1] 112  25
[1] 55
[1] 112  53
[1] 56
[1] 112  60
[1] 57
[1] 112  69
[1] 58
[1] 112  18
[1] 59
[1] 112  51
[1] 60
[1] 112  31
[1] 61
[1] 112  54
[1] 62
[1] 112  48
[1] 63
[1] 112  65
[1] 64
[1] 112  53
[1] 65
[1] 112  40
[1] 66
[1] 112  46
[1] 67
[1] 112  43
[1] 68
[1] 112  29
[1] 69
[1] 112  62
[1] 70
[1] 112  44
[1] 71
[1] 112  49
[1] 72
[1] 112  35
[1] 73
[1] 112  43
[1] 74
[1] 112  55
[1] 75
[1] 112  56
[1] 76
[1] 112  53
[1] 77
[1] 112  50
[1] 78
[1] 112  60
[1] 79
[1] 112  44
[1] 80
[1] 112  44
[1] 81
[1] 112  45
[1] 82
[1] 112  66
[1] 83
[1] 112  70
[1] 84
[1] 112  36
[1] 85
[1] 112  64
[1] 86
[1] 112  59
[1] 87
[1] 112  54
[1] 88
[1] 112  40
[1] 89
[1] 112  19
[1] 90
[1] 112  35
[1] 91
[1] 112  92
[1] 92
[1] 112  33
[1] 93
[1] 112  46
[1] 94
[1] 112  70
[1] 95
[1] 112  70
[1] 96
[1] 112 102
[1] 97
[1] 112  59
[1] 98
[1] 112  51
[1] 99
[1] 112  82
[1] 100
[1] 112  81
