[1] 4901
[1] 112  38
[1] 4902
[1] 112  54
[1] 4903
[1] 112  48
[1] 4904
[1] 112  70
[1] 4905
[1] 112  46
[1] 4906
[1] 112  45
[1] 4907
[1] 112  81
[1] 4908
[1] 112  54
[1] 4909
[1] 112  56
[1] 4910
[1] 112  23
[1] 4911
[1] 112  21
[1] 4912
[1] 112  47
[1] 4913
[1] 112  44
[1] 4914
[1] 112  65
[1] 4915
[1] 112  21
[1] 4916
[1] 112  27
[1] 4917
[1] 112  78
[1] 4918
[1] 112  51
[1] 4919
[1] 112  32
[1] 4920
[1] 112  32
[1] 4921
[1] 112 107
[1] 4922
[1] 112  60
[1] 4923
[1] 112  58
[1] 4924
[1] 112  40
[1] 4925
[1] 112  42
[1] 4926
[1] 112  92
[1] 4927
[1] 112  50
[1] 4928
[1] 112  47
[1] 4929
[1] 112  88
[1] 4930
[1] 112  61
[1] 4931
[1] 112  53
[1] 4932
[1] 112  71
[1] 4933
[1] 112  38
[1] 4934
[1] 112  43
[1] 4935
[1] 112  18
[1] 4936
[1] 112  14
[1] 4937
[1] 112  15
[1] 4938
[1] 112  15
[1] 4939
[1] 112  57
[1] 4940
[1] 112  47
[1] 4941
[1] 112  43
[1] 4942
[1] 112  51
[1] 4943
[1] 112  54
[1] 4944
[1] 112  53
[1] 4945
[1] 112  51
[1] 4946
[1] 112  24
[1] 4947
[1] 112  36
[1] 4948
[1] 112  38
[1] 4949
[1] 112  43
[1] 4950
[1] 112  52
[1] 4951
[1] 112  58
[1] 4952
[1] 112  68
[1] 4953
[1] 112  51
[1] 4954
[1] 112  49
[1] 4955
[1] 112  33
[1] 4956
[1] 112  34
[1] 4957
[1] 112  21
[1] 4958
[1] 112  19
[1] 4959
[1] 112  24
[1] 4960
[1] 112  38
[1] 4961
[1] 112  25
[1] 4962
[1] 112  49
[1] 4963
[1] 112  70
[1] 4964
[1] 112  45
[1] 4965
[1] 112  60
[1] 4966
[1] 112  28
[1] 4967
[1] 112  40
[1] 4968
[1] 112  38
[1] 4969
[1] 112  33
[1] 4970
[1] 112  35
[1] 4971
[1] 112  26
[1] 4972
[1] 112  32
[1] 4973
[1] 112  44
[1] 4974
[1] 112  27
[1] 4975
[1] 112  35
[1] 4976
[1] 112  32
[1] 4977
[1] 112  38
[1] 4978
[1] 112  76
[1] 4979
[1] 112  97
[1] 4980
[1] 112  59
[1] 4981
[1] 112  48
[1] 4982
[1] 112  30
[1] 4983
[1] 112  62
[1] 4984
[1] 112  57
[1] 4985
[1] 112  30
[1] 4986
[1] 112  36
[1] 4987
[1] 112  96
[1] 4988
[1] 112  42
[1] 4989
[1] 112  59
[1] 4990
[1] 112  49
[1] 4991
[1] 112  45
[1] 4992
[1] 112  29
[1] 4993
[1] 112  49
[1] 4994
[1] 112  70
[1] 4995
[1] 112  51
[1] 4996
[1] 112  64
[1] 4997
[1] 112  39
[1] 4998
[1] 112  52
[1] 4999
[1] 112  58
[1] 5000
[1] 112  88
