[1] 6301
[1] 112  67
[1] 6302
[1] 112  35
[1] 6303
[1] 112  37
[1] 6304
[1] 112  45
[1] 6305
[1] 112  60
[1] 6306
[1] 112 122
[1] 6307
[1] 112  73
[1] 6308
[1] 112  51
[1] 6309
[1] 112  75
[1] 6310
[1] 112  45
[1] 6311
[1] 112  54
[1] 6312
[1] 112  88
[1] 6313
[1] 112  44
[1] 6314
[1] 112  81
[1] 6315
[1] 112  89
[1] 6316
[1] 112 183
[1] 6317
[1] 112  59
[1] 6318
[1] 112  15
[1] 6319
[1] 112  51
[1] 6320
[1] 112  51
[1] 6321
[1] 112  60
[1] 6322
[1] 112  40
[1] 6323
[1] 112  15
[1] 6324
[1] 112  46
[1] 6325
[1] 112  68
[1] 6326
[1] 112  79
[1] 6327
[1] 112  76
[1] 6328
[1] 112  47
[1] 6329
[1] 112  48
[1] 6330
[1] 112  45
[1] 6331
[1] 112  42
[1] 6332
[1] 112  45
[1] 6333
[1] 112  72
[1] 6334
[1] 112  86
[1] 6335
[1] 112  62
[1] 6336
[1] 112  62
[1] 6337
[1] 112  34
[1] 6338
[1] 112  33
[1] 6339
[1] 112  37
[1] 6340
[1] 112  43
[1] 6341
[1] 112  32
[1] 6342
[1] 112  61
[1] 6343
[1] 112  40
[1] 6344
[1] 112  44
[1] 6345
[1] 112  54
[1] 6346
[1] 112  98
[1] 6347
[1] 112  62
[1] 6348
[1] 112  55
[1] 6349
[1] 112  37
[1] 6350
[1] 112  78
[1] 6351
[1] 112  57
[1] 6352
[1] 112  63
[1] 6353
[1] 112  38
[1] 6354
[1] 112  27
[1] 6355
[1] 112  24
[1] 6356
[1] 112  77
[1] 6357
[1] 112  41
[1] 6358
[1] 112  36
[1] 6359
[1] 112  37
[1] 6360
[1] 112  19
[1] 6361
[1] 112  49
[1] 6362
[1] 112  13
[1] 6363
[1] 112  50
[1] 6364
[1] 112  60
[1] 6365
[1] 112  58
[1] 6366
[1] 112  71
[1] 6367
[1] 112  12
[1] 6368
[1] 112  11
[1] 6369
[1] 112  15
[1] 6370
[1] 112  34
[1] 6371
[1] 112  31
[1] 6372
[1] 112  28
[1] 6373
[1] 112  58
[1] 6374
[1] 112  40
[1] 6375
[1] 112  44
[1] 6376
[1] 112  14
[1] 6377
[1] 112  66
[1] 6378
[1] 112  34
[1] 6379
[1] 112  85
[1] 6380
[1] 112  37
[1] 6381
[1] 112  35
[1] 6382
[1] 112  70
[1] 6383
[1] 112  78
[1] 6384
[1] 112  69
[1] 6385
[1] 112  10
[1] 6386
[1] 112  11
[1] 6387
[1] 112  24
[1] 6388
[1] 112  43
[1] 6389
[1] 112  45
[1] 6390
[1] 112  42
[1] 6391
[1] 112  35
[1] 6392
[1] 112  64
[1] 6393
[1] 112  25
[1] 6394
[1] 112  77
[1] 6395
[1] 112  73
[1] 6396
[1] 112  51
[1] 6397
[1] 112  70
[1] 6398
[1] 112  51
[1] 6399
[1] 112  60
[1] 6400
[1] 112  16
