[1] 10101
[1] 112  41
[1] 10102
[1] 112  19
[1] 10103
[1] 112  84
[1] 10104
[1] 112  72
[1] 10105
[1] 112  86
[1] 10106
[1] 112  50
[1] 10107
[1] 112  31
[1] 10108
[1] 112  18
[1] 10109
[1] 112  72
[1] 10110
[1] 112 322
[1] 10111
[1] 112  31
[1] 10112
[1] 112  35
[1] 10113
[1] 112  48
[1] 10114
[1] 112  48
[1] 10115
[1] 112  49
[1] 10116
[1] 112  73
[1] 10117
[1] 112  26
[1] 10118
[1] 112  53
[1] 10119
[1] 112  45
[1] 10120
[1] 112  26
[1] 10121
[1] 112  64
[1] 10122
[1] 112  17
[1] 10123
[1] 112  72
[1] 10124
[1] 112  28
[1] 10125
[1] 112  67
[1] 10126
[1] 112  63
[1] 10127
[1] 112  81
[1] 10128
[1] 112  41
[1] 10129
[1] 112  37
[1] 10130
[1] 112  67
[1] 10131
[1] 112  57
[1] 10132
[1] 112  20
[1] 10133
[1] 112  43
[1] 10134
[1] 112   9
[1] 10135
[1] 112  46
[1] 10136
[1] 112  42
[1] 10137
[1] 112  25
[1] 10138
[1] 112  37
[1] 10139
[1] 112  46
[1] 10140
[1] 112  59
[1] 10141
[1] 112  90
[1] 10142
[1] 112  14
[1] 10143
[1] 112  50
[1] 10144
[1] 112  21
[1] 10145
[1] 112  32
[1] 10146
[1] 112  39
[1] 10147
[1] 112  22
[1] 10148
[1] 112  39
[1] 10149
[1] 112  42
[1] 10150
[1] 112  38
[1] 10151
[1] 112  58
[1] 10152
[1] 112  26
[1] 10153
[1] 112  61
[1] 10154
[1] 112  13
[1] 10155
[1] 112  30
[1] 10156
[1] 112  48
[1] 10157
[1] 112  25
[1] 10158
[1] 112  39
[1] 10159
[1] 112  39
[1] 10160
[1] 112  36
[1] 10161
[1] 112  26
[1] 10162
[1] 112  37
[1] 10163
[1] 112  14
[1] 10164
[1] 112  27
[1] 10165
[1] 112  53
[1] 10166
[1] 112  95
[1] 10167
[1] 112  27
[1] 10168
[1] 112   6
[1] 10169
[1] 112  28
[1] 10170
[1] 112  56
[1] 10171
[1] 112  53
[1] 10172
[1] 112  63
[1] 10173
[1] 112  75
[1] 10174
[1] 112  18
[1] 10175
[1] 112  17
[1] 10176
[1] 112  23
[1] 10177
[1] 112  56
[1] 10178
[1] 112  39
[1] 10179
[1] 112  38
[1] 10180
[1] 112  49
[1] 10181
[1] 112  59
[1] 10182
[1] 112  80
[1] 10183
[1] 112  71
[1] 10184
[1] 112  17
[1] 10185
[1] 112  58
[1] 10186
[1] 112  43
[1] 10187
[1] 112  54
[1] 10188
[1] 112  50
[1] 10189
[1] 112  49
[1] 10190
[1] 112  38
[1] 10191
[1] 112 101
[1] 10192
[1] 112  60
[1] 10193
[1] 112  17
[1] 10194
[1] 112  94
[1] 10195
[1] 112  53
[1] 10196
[1] 112  38
[1] 10197
[1] 112  94
[1] 10198
[1] 112  25
[1] 10199
[1] 112  52
[1] 10200
[1] 112  39
