[1] 3001
[1] 112  44
[1] 3002
[1] 112  47
[1] 3003
[1] 112  58
[1] 3004
[1] 112  78
[1] 3005
[1] 112  56
[1] 3006
[1] 112  61
[1] 3007
[1] 112  64
[1] 3008
[1] 112  22
[1] 3009
[1] 112  43
[1] 3010
[1] 112  55
[1] 3011
[1] 112  53
[1] 3012
[1] 112  58
[1] 3013
[1] 112  34
[1] 3014
[1] 112  46
[1] 3015
[1] 112  42
[1] 3016
[1] 112  38
[1] 3017
[1] 112  69
[1] 3018
[1] 112  47
[1] 3019
[1] 112  32
[1] 3020
[1] 112  31
[1] 3021
[1] 112  44
[1] 3022
[1] 112  41
[1] 3023
[1] 112  38
[1] 3024
[1] 112  55
[1] 3025
[1] 112  59
[1] 3026
[1] 112  46
[1] 3027
[1] 112  41
[1] 3028
[1] 112  47
[1] 3029
[1] 112  44
[1] 3030
[1] 112  82
[1] 3031
[1] 112  83
[1] 3032
[1] 112 103
[1] 3033
[1] 112  10
[1] 3034
[1] 112  47
[1] 3035
[1] 112  21
[1] 3036
[1] 112  28
[1] 3037
[1] 112  27
[1] 3038
[1] 112   7
[1] 3039
[1] 112  21
[1] 3040
[1] 112  22
[1] 3041
[1] 112  28
[1] 3042
[1] 112  68
[1] 3043
[1] 112  35
[1] 3044
[1] 112  50
[1] 3045
[1] 112  70
[1] 3046
[1] 112  61
[1] 3047
[1] 112  42
[1] 3048
[1] 112  69
[1] 3049
[1] 112  75
[1] 3050
[1] 112  37
[1] 3051
[1] 112  65
[1] 3052
[1] 112  60
[1] 3053
[1] 112  57
[1] 3054
[1] 112  45
[1] 3055
[1] 112  54
[1] 3056
[1] 112  72
[1] 3057
[1] 112  86
[1] 3058
[1] 112  26
[1] 3059
[1] 112  18
[1] 3060
[1] 112  20
[1] 3061
[1] 112  23
[1] 3062
[1] 112  35
[1] 3063
[1] 112  46
[1] 3064
[1] 112  57
[1] 3065
[1] 112  45
[1] 3066
[1] 112  42
[1] 3067
[1] 112  33
[1] 3068
[1] 112  56
[1] 3069
[1] 112  31
[1] 3070
[1] 112  50
[1] 3071
[1] 112  92
[1] 3072
[1] 112  18
[1] 3073
[1] 112  24
[1] 3074
[1] 112  54
[1] 3075
[1] 112  45
[1] 3076
[1] 112  42
[1] 3077
[1] 112  46
[1] 3078
[1] 112  36
[1] 3079
[1] 112  54
[1] 3080
[1] 112  47
[1] 3081
[1] 112  36
[1] 3082
[1] 112  76
[1] 3083
[1] 112  78
[1] 3084
[1] 112  42
[1] 3085
[1] 112  86
[1] 3086
[1] 112  44
[1] 3087
[1] 112  45
[1] 3088
[1] 112  49
[1] 3089
[1] 112  60
[1] 3090
[1] 112  43
[1] 3091
[1] 112  58
[1] 3092
[1] 112  57
[1] 3093
[1] 112 119
[1] 3094
[1] 112  51
[1] 3095
[1] 112  38
[1] 3096
[1] 112  38
[1] 3097
[1] 112  44
[1] 3098
[1] 112  53
[1] 3099
[1] 112  37
[1] 3100
[1] 112  51
