[1] 2101
[1] 112  28
[1] 2102
[1] 112  32
[1] 2103
[1] 112  42
[1] 2104
[1] 112  36
[1] 2105
[1] 112  56
[1] 2106
[1] 112  50
[1] 2107
[1] 112  71
[1] 2108
[1] 112  34
[1] 2109
[1] 112  30
[1] 2110
[1] 112 101
[1] 2111
[1] 112  44
[1] 2112
[1] 112 151
[1] 2113
[1] 112  42
[1] 2114
[1] 112  80
[1] 2115
[1] 112  86
[1] 2116
[1] 112  49
[1] 2117
[1] 112  66
[1] 2118
[1] 112  52
[1] 2119
[1] 112  55
[1] 2120
[1] 112  47
[1] 2121
[1] 112  29
[1] 2122
[1] 112  34
[1] 2123
[1] 112  61
[1] 2124
[1] 112  41
[1] 2125
[1] 112  75
[1] 2126
[1] 112  57
[1] 2127
[1] 112  64
[1] 2128
[1] 112  67
[1] 2129
[1] 112  38
[1] 2130
[1] 112  26
[1] 2131
[1] 112  33
[1] 2132
[1] 112  44
[1] 2133
[1] 112  62
[1] 2134
[1] 112  53
[1] 2135
[1] 112  88
[1] 2136
[1] 112 122
[1] 2137
[1] 112  82
[1] 2138
[1] 112  39
[1] 2139
[1] 112  45
[1] 2140
[1] 112  43
[1] 2141
[1] 112  39
[1] 2142
[1] 112  47
[1] 2143
[1] 112  36
[1] 2144
[1] 112  32
[1] 2145
[1] 112  32
[1] 2146
[1] 112  44
[1] 2147
[1] 112  18
[1] 2148
[1] 112  19
[1] 2149
[1] 112  19
[1] 2150
[1] 112  22
[1] 2151
[1] 112  36
[1] 2152
[1] 112  58
[1] 2153
[1] 112  57
[1] 2154
[1] 112  47
[1] 2155
[1] 112  61
[1] 2156
[1] 112  33
[1] 2157
[1] 112  37
[1] 2158
[1] 112  25
[1] 2159
[1] 112  40
[1] 2160
[1] 112  38
[1] 2161
[1] 112  37
[1] 2162
[1] 112  41
[1] 2163
[1] 112  31
[1] 2164
[1] 112  34
[1] 2165
[1] 112  46
[1] 2166
[1] 112  52
[1] 2167
[1] 112  49
[1] 2168
[1] 112  64
[1] 2169
[1] 112  57
[1] 2170
[1] 112  82
[1] 2171
[1] 112  58
[1] 2172
[1] 112  99
[1] 2173
[1] 112  90
[1] 2174
[1] 112  52
[1] 2175
[1] 112  94
[1] 2176
[1] 112  44
[1] 2177
[1] 112  49
[1] 2178
[1] 112  47
[1] 2179
[1] 112  90
[1] 2180
[1] 112  90
[1] 2181
[1] 112  90
[1] 2182
[1] 112  43
[1] 2183
[1] 112  54
[1] 2184
[1] 112  86
[1] 2185
[1] 112  29
[1] 2186
[1] 112  30
[1] 2187
[1] 112  58
[1] 2188
[1] 112  41
[1] 2189
[1] 112  51
[1] 2190
[1] 112  26
[1] 2191
[1] 112  70
[1] 2192
[1] 112 110
[1] 2193
[1] 112  53
[1] 2194
[1] 112  53
[1] 2195
[1] 112  51
[1] 2196
[1] 112  51
[1] 2197
[1] 112  36
[1] 2198
[1] 112  44
[1] 2199
[1] 112  37
[1] 2200
[1] 112  25
