[1] 1501
[1] 112  63
[1] 1502
[1] 112  63
[1] 1503
[1] 112  61
[1] 1504
[1] 112  53
[1] 1505
[1] 112  50
[1] 1506
[1] 112  38
[1] 1507
[1] 112  83
[1] 1508
[1] 112  49
[1] 1509
[1] 112  44
[1] 1510
[1] 112  36
[1] 1511
[1] 112  41
[1] 1512
[1] 112  38
[1] 1513
[1] 112  59
[1] 1514
[1] 112  82
[1] 1515
[1] 112  81
[1] 1516
[1] 112  88
[1] 1517
[1] 112  59
[1] 1518
[1] 112  57
[1] 1519
[1] 112  56
[1] 1520
[1] 112  40
[1] 1521
[1] 112  29
[1] 1522
[1] 112  66
[1] 1523
[1] 112  62
[1] 1524
[1] 112  79
[1] 1525
[1] 112  24
[1] 1526
[1] 112  73
[1] 1527
[1] 112  94
[1] 1528
[1] 112  21
[1] 1529
[1] 112  24
[1] 1530
[1] 112  32
[1] 1531
[1] 112  29
[1] 1532
[1] 112  30
[1] 1533
[1] 112  22
[1] 1534
[1] 112  22
[1] 1535
[1] 112  21
[1] 1536
[1] 112  88
[1] 1537
[1] 112  20
[1] 1538
[1] 112  21
[1] 1539
[1] 112  71
[1] 1540
[1] 112  39
[1] 1541
[1] 112  72
[1] 1542
[1] 112  70
[1] 1543
[1] 112  11
[1] 1544
[1] 112  63
[1] 1545
[1] 112  63
[1] 1546
[1] 112  61
[1] 1547
[1] 112  39
[1] 1548
[1] 112  41
[1] 1549
[1] 112  36
[1] 1550
[1] 112  46
[1] 1551
[1] 112  57
[1] 1552
[1] 112  47
[1] 1553
[1] 112  74
[1] 1554
[1] 112  79
[1] 1555
[1] 112  37
[1] 1556
[1] 112  40
[1] 1557
[1] 112  52
[1] 1558
[1] 112  41
[1] 1559
[1] 112  44
[1] 1560
[1] 112  49
[1] 1561
[1] 112  36
[1] 1562
[1] 112  43
[1] 1563
[1] 112  42
[1] 1564
[1] 112  43
[1] 1565
[1] 112  29
[1] 1566
[1] 112  64
[1] 1567
[1] 112  44
[1] 1568
[1] 112  70
[1] 1569
[1] 112  58
[1] 1570
[1] 112  72
[1] 1571
[1] 112  58
[1] 1572
[1] 112  81
[1] 1573
[1] 112  52
[1] 1574
[1] 112  60
[1] 1575
[1] 112  53
[1] 1576
[1] 112  65
[1] 1577
[1] 112  27
[1] 1578
[1] 112  30
[1] 1579
[1] 112  97
[1] 1580
[1] 112  36
[1] 1581
[1] 112  48
[1] 1582
[1] 112  34
[1] 1583
[1] 112  45
[1] 1584
[1] 112  77
[1] 1585
[1] 112  25
[1] 1586
[1] 112  49
[1] 1587
[1] 112  30
[1] 1588
[1] 112  57
[1] 1589
[1] 112  58
[1] 1590
[1] 112  48
[1] 1591
[1] 112  79
[1] 1592
[1] 112  51
[1] 1593
[1] 112  51
[1] 1594
[1] 112  69
[1] 1595
[1] 112  72
[1] 1596
[1] 112  37
[1] 1597
[1] 112  69
[1] 1598
[1] 112 107
[1] 1599
[1] 112  57
[1] 1600
[1] 112 111
