[1] 1601
[1] 112  71
[1] 1602
[1] 112  62
[1] 1603
[1] 112  54
[1] 1604
[1] 112  33
[1] 1605
[1] 112  49
[1] 1606
[1] 112  45
[1] 1607
[1] 112  76
[1] 1608
[1] 112  47
[1] 1609
[1] 112  56
[1] 1610
[1] 112  49
[1] 1611
[1] 112  44
[1] 1612
[1] 112  41
[1] 1613
[1] 112  48
[1] 1614
[1] 112  48
[1] 1615
[1] 112  37
[1] 1616
[1] 112  50
[1] 1617
[1] 112  57
[1] 1618
[1] 112  48
[1] 1619
[1] 112  58
[1] 1620
[1] 112  38
[1] 1621
[1] 112  57
[1] 1622
[1] 112  58
[1] 1623
[1] 112  56
[1] 1624
[1] 112  59
[1] 1625
[1] 112  37
[1] 1626
[1] 112  58
[1] 1627
[1] 112  45
[1] 1628
[1] 112  37
[1] 1629
[1] 112  40
[1] 1630
[1] 112  43
[1] 1631
[1] 112  30
[1] 1632
[1] 112  28
[1] 1633
[1] 112  56
[1] 1634
[1] 112  52
[1] 1635
[1] 112  54
[1] 1636
[1] 112  40
[1] 1637
[1] 112  44
[1] 1638
[1] 112  20
[1] 1639
[1] 112  18
[1] 1640
[1] 112  39
[1] 1641
[1] 112  50
[1] 1642
[1] 112  69
[1] 1643
[1] 112  51
[1] 1644
[1] 112  69
[1] 1645
[1] 112  58
[1] 1646
[1] 112  56
[1] 1647
[1] 112  81
[1] 1648
[1] 112  61
[1] 1649
[1] 112  53
[1] 1650
[1] 112  53
[1] 1651
[1] 112  50
[1] 1652
[1] 112  47
[1] 1653
[1] 112  48
[1] 1654
[1] 112  63
[1] 1655
[1] 112  50
[1] 1656
[1] 112  71
[1] 1657
[1] 112  66
[1] 1658
[1] 112  82
[1] 1659
[1] 112  73
[1] 1660
[1] 112  69
[1] 1661
[1] 112  74
[1] 1662
[1] 112  70
[1] 1663
[1] 112  77
[1] 1664
[1] 112  60
[1] 1665
[1] 112  62
[1] 1666
[1] 112  82
[1] 1667
[1] 112  65
[1] 1668
[1] 112  51
[1] 1669
[1] 112  66
[1] 1670
[1] 112  82
[1] 1671
[1] 112  81
[1] 1672
[1] 112  55
[1] 1673
[1] 112  20
[1] 1674
[1] 112  59
[1] 1675
[1] 112  76
[1] 1676
[1] 112 104
[1] 1677
[1] 112  17
[1] 1678
[1] 112  29
[1] 1679
[1] 112  68
[1] 1680
[1] 112  23
[1] 1681
[1] 112  28
[1] 1682
[1] 112  27
[1] 1683
[1] 112  36
[1] 1684
[1] 112  76
[1] 1685
[1] 112  37
[1] 1686
[1] 112  75
[1] 1687
[1] 112  58
[1] 1688
[1] 112  28
[1] 1689
[1] 112  41
[1] 1690
[1] 112  22
[1] 1691
[1] 112  55
[1] 1692
[1] 112  23
[1] 1693
[1] 112  61
[1] 1694
[1] 112  36
[1] 1695
[1] 112  61
[1] 1696
[1] 112  20
[1] 1697
[1] 112  37
[1] 1698
[1] 112  43
[1] 1699
[1] 112  56
[1] 1700
[1] 112  19
