[1] 9301
[1] 112  37
[1] 9302
[1] 112  47
[1] 9303
[1] 112  23
[1] 9304
[1] 112  29
[1] 9305
[1] 112  59
[1] 9306
[1] 112 104
[1] 9307
[1] 112  38
[1] 9308
[1] 112  35
[1] 9309
[1] 112  39
[1] 9310
[1] 112  17
[1] 9311
[1] 112  64
[1] 9312
[1] 112  24
[1] 9313
[1] 112  20
[1] 9314
[1] 112  70
[1] 9315
[1] 112  42
[1] 9316
[1] 112  41
[1] 9317
[1] 112  42
[1] 9318
[1] 112  52
[1] 9319
[1] 112  37
[1] 9320
[1] 112  70
[1] 9321
[1] 112  44
[1] 9322
[1] 112  43
[1] 9323
[1] 112  47
[1] 9324
[1] 112  52
[1] 9325
[1] 112  49
[1] 9326
[1] 112  75
[1] 9327
[1] 112  53
[1] 9328
[1] 112  41
[1] 9329
[1] 112  33
[1] 9330
[1] 112  37
[1] 9331
[1] 112  85
[1] 9332
[1] 112  10
[1] 9333
[1] 112  36
[1] 9334
[1] 112 101
[1] 9335
[1] 112  29
[1] 9336
[1] 112  55
[1] 9337
[1] 112  61
[1] 9338
[1] 112  66
[1] 9339
[1] 112  69
[1] 9340
[1] 112  39
[1] 9341
[1] 112  53
[1] 9342
[1] 112  48
[1] 9343
[1] 112  22
[1] 9344
[1] 112  41
[1] 9345
[1] 112  55
[1] 9346
[1] 112  48
[1] 9347
[1] 112  57
[1] 9348
[1] 112  92
[1] 9349
[1] 112  75
[1] 9350
[1] 112  62
[1] 9351
[1] 112  86
[1] 9352
[1] 112  53
[1] 9353
[1] 112  38
[1] 9354
[1] 112  66
[1] 9355
[1] 112  57
[1] 9356
[1] 112 236
[1] 9357
[1] 112  29
[1] 9358
[1] 112  38
[1] 9359
[1] 112 118
[1] 9360
[1] 112  38
[1] 9361
[1] 112  68
[1] 9362
[1] 112  36
[1] 9363
[1] 112  71
[1] 9364
[1] 112  57
[1] 9365
[1] 112  63
[1] 9366
[1] 112  34
[1] 9367
[1] 112  44
[1] 9368
[1] 112  44
[1] 9369
[1] 112  48
[1] 9370
[1] 112  28
[1] 9371
[1] 112 131
[1] 9372
[1] 112  74
[1] 9373
[1] 112  61
[1] 9374
[1] 112  44
[1] 9375
[1] 112  50
[1] 9376
[1] 112  20
[1] 9377
[1] 112  45
[1] 9378
[1] 112  74
[1] 9379
[1] 112  41
[1] 9380
[1] 112  57
[1] 9381
[1] 112  34
[1] 9382
[1] 112  21
[1] 9383
[1] 112  13
[1] 9384
[1] 112  44
[1] 9385
[1] 112  52
[1] 9386
[1] 112  59
[1] 9387
[1] 112  64
[1] 9388
[1] 112  21
[1] 9389
[1] 112  48
[1] 9390
[1] 112  53
[1] 9391
[1] 112  28
[1] 9392
[1] 112  27
[1] 9393
[1] 112  30
[1] 9394
[1] 112  50
[1] 9395
[1] 112  56
[1] 9396
[1] 112  51
[1] 9397
[1] 112  39
[1] 9398
[1] 112  15
[1] 9399
[1] 112  78
[1] 9400
[1] 112  19
