[1] 8601
[1] 112  34
[1] 8602
[1] 112  36
[1] 8603
[1] 112  41
[1] 8604
[1] 112  40
[1] 8605
[1] 112  62
[1] 8606
[1] 112  26
[1] 8607
[1] 112  56
[1] 8608
[1] 112  64
[1] 8609
[1] 112  15
[1] 8610
[1] 112  45
[1] 8611
[1] 112  68
[1] 8612
[1] 112  45
[1] 8613
[1] 112  54
[1] 8614
[1] 112  51
[1] 8615
[1] 112  50
[1] 8616
[1] 112  47
[1] 8617
[1] 112  15
[1] 8618
[1] 112  48
[1] 8619
[1] 112  29
[1] 8620
[1] 112  54
[1] 8621
[1] 112  59
[1] 8622
[1] 112  38
[1] 8623
[1] 112  51
[1] 8624
[1] 112  33
[1] 8625
[1] 112  21
[1] 8626
[1] 112  41
[1] 8627
[1] 112  20
[1] 8628
[1] 112  27
[1] 8629
[1] 112  48
[1] 8630
[1] 112  62
[1] 8631
[1] 112   8
[1] 8632
[1] 112   4
[1] 8633
[1] 112  58
[1] 8634
[1] 112  67
[1] 8635
[1] 112  20
[1] 8636
[1] 112  76
[1] 8637
[1] 112  54
[1] 8638
[1] 112  48
[1] 8639
[1] 112  32
[1] 8640
[1] 112  75
[1] 8641
[1] 112  22
[1] 8642
[1] 112  36
[1] 8643
[1] 112  80
[1] 8644
[1] 112  54
[1] 8645
[1] 112  20
[1] 8646
[1] 112  55
[1] 8647
[1] 112  27
[1] 8648
[1] 112  37
[1] 8649
[1] 112  69
[1] 8650
[1] 112  55
[1] 8651
[1] 112  52
[1] 8652
[1] 112  38
[1] 8653
[1] 112  56
[1] 8654
[1] 112  66
[1] 8655
[1] 112  40
[1] 8656
[1] 112  20
[1] 8657
[1] 112  35
[1] 8658
[1] 112  72
[1] 8659
[1] 112  20
[1] 8660
[1] 112  49
[1] 8661
[1] 112  36
[1] 8662
[1] 112 166
[1] 8663
[1] 112  26
[1] 8664
[1] 112  39
[1] 8665
[1] 112  73
[1] 8666
[1] 112  40
[1] 8667
[1] 112  28
[1] 8668
[1] 112  35
[1] 8669
[1] 112  23
[1] 8670
[1] 112  18
[1] 8671
[1] 112  38
[1] 8672
[1] 112  39
[1] 8673
[1] 112  37
[1] 8674
[1] 112  35
[1] 8675
[1] 112  69
[1] 8676
[1] 112  35
[1] 8677
[1] 112  39
[1] 8678
[1] 112  36
[1] 8679
[1] 112  39
[1] 8680
[1] 112  67
[1] 8681
[1] 112  39
[1] 8682
[1] 112  59
[1] 8683
[1] 112  70
[1] 8684
[1] 112  20
[1] 8685
[1] 112  68
[1] 8686
[1] 112  33
[1] 8687
[1] 112  46
[1] 8688
[1] 112  35
[1] 8689
[1] 112  48
[1] 8690
[1] 112  76
[1] 8691
[1] 112  22
[1] 8692
[1] 112  47
[1] 8693
[1] 112  67
[1] 8694
[1] 112  49
[1] 8695
[1] 112  59
[1] 8696
[1] 112  33
[1] 8697
[1] 112  63
[1] 8698
[1] 112  79
[1] 8699
[1] 112  65
[1] 8700
[1] 112  76
