[1] 5301
[1] 112  66
[1] 5302
[1] 112  37
[1] 5303
[1] 112  57
[1] 5304
[1] 112  58
[1] 5305
[1] 112  74
[1] 5306
[1] 112  65
[1] 5307
[1] 112  41
[1] 5308
[1] 112  65
[1] 5309
[1] 112  41
[1] 5310
[1] 112  45
[1] 5311
[1] 112  30
[1] 5312
[1] 112  49
[1] 5313
[1] 112  61
[1] 5314
[1] 112  53
[1] 5315
[1] 112  61
[1] 5316
[1] 112  64
[1] 5317
[1] 112  55
[1] 5318
[1] 112  70
[1] 5319
[1] 112  42
[1] 5320
[1] 112  51
[1] 5321
[1] 112  81
[1] 5322
[1] 112  57
[1] 5323
[1] 112  65
[1] 5324
[1] 112  31
[1] 5325
[1] 112  57
[1] 5326
[1] 112  55
[1] 5327
[1] 112  27
[1] 5328
[1] 112  72
[1] 5329
[1] 112  73
[1] 5330
[1] 112  56
[1] 5331
[1] 112  91
[1] 5332
[1] 112  44
[1] 5333
[1] 112  75
[1] 5334
[1] 112  45
[1] 5335
[1] 112  35
[1] 5336
[1] 112  58
[1] 5337
[1] 112  44
[1] 5338
[1] 112  56
[1] 5339
[1] 112  46
[1] 5340
[1] 112  44
[1] 5341
[1] 112  90
[1] 5342
[1] 112  50
[1] 5343
[1] 112  47
[1] 5344
[1] 112  64
[1] 5345
[1] 112  82
[1] 5346
[1] 112  52
[1] 5347
[1] 112  53
[1] 5348
[1] 112  68
[1] 5349
[1] 112  51
[1] 5350
[1] 112  34
[1] 5351
[1] 112  65
[1] 5352
[1] 112  64
[1] 5353
[1] 112  35
[1] 5354
[1] 112  63
[1] 5355
[1] 112   8
[1] 5356
[1] 112   8
[1] 5357
[1] 112  39
[1] 5358
[1] 112  62
[1] 5359
[1] 112  15
[1] 5360
[1] 112  20
[1] 5361
[1] 112  17
[1] 5362
[1] 112  63
[1] 5363
[1] 112  66
[1] 5364
[1] 112  59
[1] 5365
[1] 112  69
[1] 5366
[1] 112  62
[1] 5367
[1] 112  40
[1] 5368
[1] 112  48
[1] 5369
[1] 112  57
[1] 5370
[1] 112  34
[1] 5371
[1] 112  37
[1] 5372
[1] 112  38
[1] 5373
[1] 112  32
[1] 5374
[1] 112  52
[1] 5375
[1] 112  30
[1] 5376
[1] 112  49
[1] 5377
[1] 112  58
[1] 5378
[1] 112  51
[1] 5379
[1] 112  39
[1] 5380
[1] 112  68
[1] 5381
[1] 112  42
[1] 5382
[1] 112  33
[1] 5383
[1] 112  71
[1] 5384
[1] 112  54
[1] 5385
[1] 112  40
[1] 5386
[1] 112  59
[1] 5387
[1] 112  50
[1] 5388
[1] 112  62
[1] 5389
[1] 112  65
[1] 5390
[1] 112  86
[1] 5391
[1] 112  66
[1] 5392
[1] 112  39
[1] 5393
[1] 112  51
[1] 5394
[1] 112  50
[1] 5395
[1] 112  72
[1] 5396
[1] 112  94
[1] 5397
[1] 112  44
[1] 5398
[1] 112  54
[1] 5399
[1] 112  49
[1] 5400
[1] 112  62
