[1] 8701
[1] 112  29
[1] 8702
[1] 112  67
[1] 8703
[1] 112  34
[1] 8704
[1] 112  73
[1] 8705
[1] 112  63
[1] 8706
[1] 112  65
[1] 8707
[1] 112  31
[1] 8708
[1] 112  36
[1] 8709
[1] 112  64
[1] 8710
[1] 112  21
[1] 8711
[1] 112  55
[1] 8712
[1] 112  52
[1] 8713
[1] 112  32
[1] 8714
[1] 112  24
[1] 8715
[1] 112  46
[1] 8716
[1] 112  32
[1] 8717
[1] 112  53
[1] 8718
[1] 112  21
[1] 8719
[1] 112  97
[1] 8720
[1] 112  21
[1] 8721
[1] 112  20
[1] 8722
[1] 112  18
[1] 8723
[1] 112  73
[1] 8724
[1] 112 138
[1] 8725
[1] 112  48
[1] 8726
[1] 112  31
[1] 8727
[1] 112 317
[1] 8728
[1] 112  38
[1] 8729
[1] 112  28
[1] 8730
[1] 112  50
[1] 8731
[1] 112  30
[1] 8732
[1] 112  61
[1] 8733
[1] 112  59
[1] 8734
[1] 112  19
[1] 8735
[1] 112  13
[1] 8736
[1] 112  36
[1] 8737
[1] 112  88
[1] 8738
[1] 112  30
[1] 8739
[1] 112  82
[1] 8740
[1] 112  35
[1] 8741
[1] 112  62
[1] 8742
[1] 112  56
[1] 8743
[1] 112  35
[1] 8744
[1] 112  50
[1] 8745
[1] 112  45
[1] 8746
[1] 112   8
[1] 8747
[1] 112  55
[1] 8748
[1] 112  10
[1] 8749
[1] 112  49
[1] 8750
[1] 112  45
[1] 8751
[1] 112   9
[1] 8752
[1] 112  60
[1] 8753
[1] 112  33
[1] 8754
[1] 112  62
[1] 8755
[1] 112  11
[1] 8756
[1] 112  11
[1] 8757
[1] 112  47
[1] 8758
[1] 112  39
[1] 8759
[1] 112  12
[1] 8760
[1] 112  66
[1] 8761
[1] 112  12
[1] 8762
[1] 112  20
[1] 8763
[1] 112  51
[1] 8764
[1] 112  68
[1] 8765
[1] 112  61
[1] 8766
[1] 112  78
[1] 8767
[1] 112  17
[1] 8768
[1] 112  11
[1] 8769
[1] 112  51
[1] 8770
[1] 112  71
[1] 8771
[1] 112  73
[1] 8772
[1] 112  22
[1] 8773
[1] 112  28
[1] 8774
[1] 112  27
[1] 8775
[1] 112  69
[1] 8776
[1] 112  25
[1] 8777
[1] 112  51
[1] 8778
[1] 112  57
[1] 8779
[1] 112  80
[1] 8780
[1] 112  17
[1] 8781
[1] 112  62
[1] 8782
[1] 112  73
[1] 8783
[1] 112  71
[1] 8784
[1] 112  30
[1] 8785
[1] 112  25
[1] 8786
[1] 112  59
[1] 8787
[1] 112  60
[1] 8788
[1] 112  18
[1] 8789
[1] 112  60
[1] 8790
[1] 112  47
[1] 8791
[1] 112  69
[1] 8792
[1] 112  62
[1] 8793
[1] 112  37
[1] 8794
[1] 112  38
[1] 8795
[1] 112  52
[1] 8796
[1] 112  58
[1] 8797
[1] 112  55
[1] 8798
[1] 112  55
[1] 8799
[1] 112  57
[1] 8800
[1] 112  70
