[1] 3301
[1] 112  39
[1] 3302
[1] 112  26
[1] 3303
[1] 112  51
[1] 3304
[1] 112  32
[1] 3305
[1] 112  69
[1] 3306
[1] 112  49
[1] 3307
[1] 112  68
[1] 3308
[1] 112  19
[1] 3309
[1] 112  42
[1] 3310
[1] 112  37
[1] 3311
[1] 112  65
[1] 3312
[1] 112  57
[1] 3313
[1] 112  49
[1] 3314
[1] 112  51
[1] 3315
[1] 112  49
[1] 3316
[1] 112  40
[1] 3317
[1] 112  45
[1] 3318
[1] 112  61
[1] 3319
[1] 112  58
[1] 3320
[1] 112  42
[1] 3321
[1] 112  39
[1] 3322
[1] 112  43
[1] 3323
[1] 112  42
[1] 3324
[1] 112  44
[1] 3325
[1] 112  49
[1] 3326
[1] 112  57
[1] 3327
[1] 112  66
[1] 3328
[1] 112  30
[1] 3329
[1] 112  45
[1] 3330
[1] 112  30
[1] 3331
[1] 112  33
[1] 3332
[1] 112  46
[1] 3333
[1] 112  60
[1] 3334
[1] 112  74
[1] 3335
[1] 112  60
[1] 3336
[1] 112  81
[1] 3337
[1] 112  55
[1] 3338
[1] 112 104
[1] 3339
[1] 112  55
[1] 3340
[1] 112  28
[1] 3341
[1] 112 113
[1] 3342
[1] 112  41
[1] 3343
[1] 112  33
[1] 3344
[1] 112  63
[1] 3345
[1] 112  29
[1] 3346
[1] 112  24
[1] 3347
[1] 112  45
[1] 3348
[1] 112  16
[1] 3349
[1] 112  39
[1] 3350
[1] 112  54
[1] 3351
[1] 112  52
[1] 3352
[1] 112  62
[1] 3353
[1] 112  53
[1] 3354
[1] 112  53
[1] 3355
[1] 112  46
[1] 3356
[1] 112  35
[1] 3357
[1] 112  47
[1] 3358
[1] 112 100
[1] 3359
[1] 112  54
[1] 3360
[1] 112  71
[1] 3361
[1] 112  27
[1] 3362
[1] 112  26
[1] 3363
[1] 112  78
[1] 3364
[1] 112  64
[1] 3365
[1] 112  35
[1] 3366
[1] 112  25
[1] 3367
[1] 112  33
[1] 3368
[1] 112  62
[1] 3369
[1] 112  23
[1] 3370
[1] 112  40
[1] 3371
[1] 112  37
[1] 3372
[1] 112  26
[1] 3373
[1] 112  43
[1] 3374
[1] 112  26
[1] 3375
[1] 112  30
[1] 3376
[1] 112  21
[1] 3377
[1] 112  30
[1] 3378
[1] 112  26
[1] 3379
[1] 112  49
[1] 3380
[1] 112  42
[1] 3381
[1] 112  34
[1] 3382
[1] 112  62
[1] 3383
[1] 112  69
[1] 3384
[1] 112  43
[1] 3385
[1] 112  60
[1] 3386
[1] 112  64
[1] 3387
[1] 112  27
[1] 3388
[1] 112  53
[1] 3389
[1] 112  47
[1] 3390
[1] 112  35
[1] 3391
[1] 112  51
[1] 3392
[1] 112  59
[1] 3393
[1] 112  86
[1] 3394
[1] 112  76
[1] 3395
[1] 112  48
[1] 3396
[1] 112  46
[1] 3397
[1] 112  47
[1] 3398
[1] 112  91
[1] 3399
[1] 112  15
[1] 3400
[1] 112  63
