[1] 6701
[1] 112  33
[1] 6702
[1] 112  40
[1] 6703
[1] 112  56
[1] 6704
[1] 112  57
[1] 6705
[1] 112  48
[1] 6706
[1] 112  50
[1] 6707
[1] 112  58
[1] 6708
[1] 112  72
[1] 6709
[1] 112  74
[1] 6710
[1] 112  45
[1] 6711
[1] 112  37
[1] 6712
[1] 112  36
[1] 6713
[1] 112  48
[1] 6714
[1] 112  34
[1] 6715
[1] 112  34
[1] 6716
[1] 112  32
[1] 6717
[1] 112  56
[1] 6718
[1] 112  54
[1] 6719
[1] 112  33
[1] 6720
[1] 112  51
[1] 6721
[1] 112  45
[1] 6722
[1] 112  24
[1] 6723
[1] 112  59
[1] 6724
[1] 112  25
[1] 6725
[1] 112  57
[1] 6726
[1] 112  97
[1] 6727
[1] 112  61
[1] 6728
[1] 112  54
[1] 6729
[1] 112  70
[1] 6730
[1] 112  65
[1] 6731
[1] 112  45
[1] 6732
[1] 112  24
[1] 6733
[1] 112  24
[1] 6734
[1] 112  61
[1] 6735
[1] 112  60
[1] 6736
[1] 112  65
[1] 6737
[1] 112  21
[1] 6738
[1] 112  23
[1] 6739
[1] 112  16
[1] 6740
[1] 112  21
[1] 6741
[1] 112  57
[1] 6742
[1] 112  59
[1] 6743
[1] 112  55
[1] 6744
[1] 112  49
[1] 6745
[1] 112 108
[1] 6746
[1] 112  44
[1] 6747
[1] 112  29
[1] 6748
[1] 112  16
[1] 6749
[1] 112  19
[1] 6750
[1] 112  47
[1] 6751
[1] 112  21
[1] 6752
[1] 112  22
[1] 6753
[1] 112  24
[1] 6754
[1] 112  24
[1] 6755
[1] 112  32
[1] 6756
[1] 112  31
[1] 6757
[1] 112  33
[1] 6758
[1] 112  42
[1] 6759
[1] 112  17
[1] 6760
[1] 112  41
[1] 6761
[1] 112  34
[1] 6762
[1] 112  36
[1] 6763
[1] 112  32
[1] 6764
[1] 112  65
[1] 6765
[1] 112  65
[1] 6766
[1] 112  56
[1] 6767
[1] 112  45
[1] 6768
[1] 112  22
[1] 6769
[1] 112  29
[1] 6770
[1] 112  65
[1] 6771
[1] 112  69
[1] 6772
[1] 112  81
[1] 6773
[1] 112  72
[1] 6774
[1] 112  73
[1] 6775
[1] 112  81
[1] 6776
[1] 112  36
[1] 6777
[1] 112  37
[1] 6778
[1] 112  29
[1] 6779
[1] 112  34
[1] 6780
[1] 112  60
[1] 6781
[1] 112  54
[1] 6782
[1] 112  41
[1] 6783
[1] 112  15
[1] 6784
[1] 112  16
[1] 6785
[1] 112  42
[1] 6786
[1] 112  49
[1] 6787
[1] 112  52
[1] 6788
[1] 112  47
[1] 6789
[1] 112  22
[1] 6790
[1] 112  18
[1] 6791
[1] 112  21
[1] 6792
[1] 112  73
[1] 6793
[1] 112  63
[1] 6794
[1] 112  32
[1] 6795
[1] 112  57
[1] 6796
[1] 112  57
[1] 6797
[1] 112  80
[1] 6798
[1] 112  66
[1] 6799
[1] 112  54
[1] 6800
[1] 112  53
