[1] 201
[1] 112  23
[1] 202
[1] 112  23
[1] 203
[1] 112  37
[1] 204
[1] 112  42
[1] 205
[1] 112  58
[1] 206
[1] 112  63
[1] 207
[1] 112  56
[1] 208
[1] 112  62
[1] 209
[1] 112  27
[1] 210
[1] 112  42
[1] 211
[1] 112  41
[1] 212
[1] 112  66
[1] 213
[1] 112  38
[1] 214
[1] 112  22
[1] 215
[1] 112  50
[1] 216
[1] 112  59
[1] 217
[1] 112  55
[1] 218
[1] 112  25
[1] 219
[1] 112  25
[1] 220
[1] 112  55
[1] 221
[1] 112  66
[1] 222
[1] 112  21
[1] 223
[1] 112  51
[1] 224
[1] 112  12
[1] 225
[1] 112  38
[1] 226
[1] 112  55
[1] 227
[1] 112  36
[1] 228
[1] 112  32
[1] 229
[1] 112  77
[1] 230
[1] 112  36
[1] 231
[1] 112  75
[1] 232
[1] 112  40
[1] 233
[1] 112  51
[1] 234
[1] 112  56
[1] 235
[1] 112  66
[1] 236
[1] 112  34
[1] 237
[1] 112  29
[1] 238
[1] 112  50
[1] 239
[1] 112  45
[1] 240
[1] 112   7
[1] 241
[1] 112  75
[1] 242
[1] 112  32
[1] 243
[1] 112  62
[1] 244
[1] 112  23
[1] 245
[1] 112  89
[1] 246
[1] 112  21
[1] 247
[1] 112  83
[1] 248
[1] 112  75
[1] 249
[1] 112  61
[1] 250
[1] 112  67
[1] 251
[1] 112  84
[1] 252
[1] 112  38
[1] 253
[1] 112  34
[1] 254
[1] 112  39
[1] 255
[1] 112  66
[1] 256
[1] 112  43
[1] 257
[1] 112  55
[1] 258
[1] 112  26
[1] 259
[1] 112  17
[1] 260
[1] 112  18
[1] 261
[1] 112  48
[1] 262
[1] 112  39
[1] 263
[1] 112  26
[1] 264
[1] 112  38
[1] 265
[1] 112  18
[1] 266
[1] 112  61
[1] 267
[1] 112  44
[1] 268
[1] 112  53
[1] 269
[1] 112  46
[1] 270
[1] 112  55
[1] 271
[1] 112  59
[1] 272
[1] 112  36
[1] 273
[1] 112  29
[1] 274
[1] 112  38
[1] 275
[1] 112  37
[1] 276
[1] 112  76
[1] 277
[1] 112  36
[1] 278
[1] 112  57
[1] 279
[1] 112  12
[1] 280
[1] 112  63
[1] 281
[1] 112  67
[1] 282
[1] 112  75
[1] 283
[1] 112  49
[1] 284
[1] 112  76
[1] 285
[1] 112 134
[1] 286
[1] 112  69
[1] 287
[1] 112  57
[1] 288
[1] 112  38
[1] 289
[1] 112  47
[1] 290
[1] 112  60
[1] 291
[1] 112  48
[1] 292
[1] 112  24
[1] 293
[1] 112  45
[1] 294
[1] 112  63
[1] 295
[1] 112  16
[1] 296
[1] 112  36
[1] 297
[1] 112  63
[1] 298
[1] 112  75
[1] 299
[1] 112  30
[1] 300
[1] 112  95
