[1] 5901
[1] 112  33
[1] 5902
[1] 112  43
[1] 5903
[1] 112  26
[1] 5904
[1] 112  61
[1] 5905
[1] 112  80
[1] 5906
[1] 112  15
[1] 5907
[1] 112  38
[1] 5908
[1] 112  71
[1] 5909
[1] 112  16
[1] 5910
[1] 112  23
[1] 5911
[1] 112  15
[1] 5912
[1] 112  68
[1] 5913
[1] 112  23
[1] 5914
[1] 112  63
[1] 5915
[1] 112   7
[1] 5916
[1] 112  12
[1] 5917
[1] 112  23
[1] 5918
[1] 112  41
[1] 5919
[1] 112  51
[1] 5920
[1] 112  49
[1] 5921
[1] 112  45
[1] 5922
[1] 112  31
[1] 5923
[1] 112  45
[1] 5924
[1] 112  43
[1] 5925
[1] 112  18
[1] 5926
[1] 112  70
[1] 5927
[1] 112  72
[1] 5928
[1] 112  49
[1] 5929
[1] 112  49
[1] 5930
[1] 112  34
[1] 5931
[1] 112  40
[1] 5932
[1] 112  34
[1] 5933
[1] 112  34
[1] 5934
[1] 112  37
[1] 5935
[1] 112  21
[1] 5936
[1] 112  21
[1] 5937
[1] 112  22
[1] 5938
[1] 112  22
[1] 5939
[1] 112  22
[1] 5940
[1] 112  22
[1] 5941
[1] 112  22
[1] 5942
[1] 112  23
[1] 5943
[1] 112  50
[1] 5944
[1] 112  84
[1] 5945
[1] 112  55
[1] 5946
[1] 112  36
[1] 5947
[1] 112  68
[1] 5948
[1] 112  41
[1] 5949
[1] 112  39
[1] 5950
[1] 112  65
[1] 5951
[1] 112  72
[1] 5952
[1] 112  48
[1] 5953
[1] 112  72
[1] 5954
[1] 112  70
[1] 5955
[1] 112  65
[1] 5956
[1] 112  52
[1] 5957
[1] 112  52
[1] 5958
[1] 112  42
[1] 5959
[1] 112  64
[1] 5960
[1] 112  50
[1] 5961
[1] 112  75
[1] 5962
[1] 112 187
[1] 5963
[1] 112  84
[1] 5964
[1] 112  50
[1] 5965
[1] 112  42
[1] 5966
[1] 112  55
[1] 5967
[1] 112  61
[1] 5968
[1] 112 168
[1] 5969
[1] 112  29
[1] 5970
[1] 112  25
[1] 5971
[1] 112  24
[1] 5972
[1] 112  24
[1] 5973
[1] 112  37
[1] 5974
[1] 112  29
[1] 5975
[1] 112  60
[1] 5976
[1] 112  99
[1] 5977
[1] 112  60
[1] 5978
[1] 112  22
[1] 5979
[1] 112  26
[1] 5980
[1] 112  70
[1] 5981
[1] 112  71
[1] 5982
[1] 112  44
[1] 5983
[1] 112  45
[1] 5984
[1] 112  37
[1] 5985
[1] 112  24
[1] 5986
[1] 112  55
[1] 5987
[1] 112  39
[1] 5988
[1] 112  26
[1] 5989
[1] 112  61
[1] 5990
[1] 112 137
[1] 5991
[1] 112  34
[1] 5992
[1] 112  39
[1] 5993
[1] 112  31
[1] 5994
[1] 112  30
[1] 5995
[1] 112  54
[1] 5996
[1] 112 131
[1] 5997
[1] 112  80
[1] 5998
[1] 112  69
[1] 5999
[1] 112  26
[1] 6000
[1] 112  43
