[1] 2501
[1] 112  28
[1] 2502
[1] 112  28
[1] 2503
[1] 112  91
[1] 2504
[1] 112  72
[1] 2505
[1] 112  77
[1] 2506
[1] 112  62
[1] 2507
[1] 112  87
[1] 2508
[1] 112  51
[1] 2509
[1] 112  37
[1] 2510
[1] 112  37
[1] 2511
[1] 112  37
[1] 2512
[1] 112  51
[1] 2513
[1] 112  32
[1] 2514
[1] 112  32
[1] 2515
[1] 112  35
[1] 2516
[1] 112  52
[1] 2517
[1] 112  51
[1] 2518
[1] 112  48
[1] 2519
[1] 112  40
[1] 2520
[1] 112  88
[1] 2521
[1] 112  32
[1] 2522
[1] 112  41
[1] 2523
[1] 112  38
[1] 2524
[1] 112  51
[1] 2525
[1] 112  63
[1] 2526
[1] 112  57
[1] 2527
[1] 112  41
[1] 2528
[1] 112  36
[1] 2529
[1] 112  55
[1] 2530
[1] 112  42
[1] 2531
[1] 112  57
[1] 2532
[1] 112  29
[1] 2533
[1] 112  41
[1] 2534
[1] 112  45
[1] 2535
[1] 112  45
[1] 2536
[1] 112  29
[1] 2537
[1] 112  54
[1] 2538
[1] 112  65
[1] 2539
[1] 112  63
[1] 2540
[1] 112  52
[1] 2541
[1] 112  74
[1] 2542
[1] 112  78
[1] 2543
[1] 112  71
[1] 2544
[1] 112  50
[1] 2545
[1] 112  53
[1] 2546
[1] 112  54
[1] 2547
[1] 112  51
[1] 2548
[1] 112  55
[1] 2549
[1] 112  58
[1] 2550
[1] 112  72
[1] 2551
[1] 112  13
[1] 2552
[1] 112  13
[1] 2553
[1] 112  13
[1] 2554
[1] 112  58
[1] 2555
[1] 112  24
[1] 2556
[1] 112  62
[1] 2557
[1] 112  58
[1] 2558
[1] 112  21
[1] 2559
[1] 112  19
[1] 2560
[1] 112  59
[1] 2561
[1] 112  16
[1] 2562
[1] 112  60
[1] 2563
[1] 112  60
[1] 2564
[1] 112  17
[1] 2565
[1] 112  20
[1] 2566
[1] 112  36
[1] 2567
[1] 112  34
[1] 2568
[1] 112  34
[1] 2569
[1] 112  41
[1] 2570
[1] 112  49
[1] 2571
[1] 112  55
[1] 2572
[1] 112  82
[1] 2573
[1] 112  38
[1] 2574
[1] 112  35
[1] 2575
[1] 112  19
[1] 2576
[1] 112  65
[1] 2577
[1] 112  40
[1] 2578
[1] 112  76
[1] 2579
[1] 112  30
[1] 2580
[1] 112  59
[1] 2581
[1] 112  43
[1] 2582
[1] 112  54
[1] 2583
[1] 112  58
[1] 2584
[1] 112  61
[1] 2585
[1] 112  66
[1] 2586
[1] 112  39
[1] 2587
[1] 112  50
[1] 2588
[1] 112  62
[1] 2589
[1] 112  40
[1] 2590
[1] 112  67
[1] 2591
[1] 112  39
[1] 2592
[1] 112  38
[1] 2593
[1] 112  62
[1] 2594
[1] 112  41
[1] 2595
[1] 112  49
[1] 2596
[1] 112  50
[1] 2597
[1] 112  50
[1] 2598
[1] 112  52
[1] 2599
[1] 112  54
[1] 2600
[1] 112  76
