[1] 3901
[1] 112  46
[1] 3902
[1] 112  68
[1] 3903
[1] 112  71
[1] 3904
[1] 112  28
[1] 3905
[1] 112  69
[1] 3906
[1] 112  98
[1] 3907
[1] 112  35
[1] 3908
[1] 112  54
[1] 3909
[1] 112  34
[1] 3910
[1] 112  53
[1] 3911
[1] 112  42
[1] 3912
[1] 112  28
[1] 3913
[1] 112  36
[1] 3914
[1] 112  54
[1] 3915
[1] 112  62
[1] 3916
[1] 112 105
[1] 3917
[1] 112  90
[1] 3918
[1] 112  88
[1] 3919
[1] 112  59
[1] 3920
[1] 112  88
[1] 3921
[1] 112  54
[1] 3922
[1] 112  70
[1] 3923
[1] 112  36
[1] 3924
[1] 112  32
[1] 3925
[1] 112  58
[1] 3926
[1] 112  40
[1] 3927
[1] 112  53
[1] 3928
[1] 112  25
[1] 3929
[1] 112  80
[1] 3930
[1] 112  29
[1] 3931
[1] 112  52
[1] 3932
[1] 112  43
[1] 3933
[1] 112  56
[1] 3934
[1] 112  94
[1] 3935
[1] 112  33
[1] 3936
[1] 112  46
[1] 3937
[1] 112  45
[1] 3938
[1] 112  38
[1] 3939
[1] 112  58
[1] 3940
[1] 112  37
[1] 3941
[1] 112  52
[1] 3942
[1] 112  56
[1] 3943
[1] 112  49
[1] 3944
[1] 112  44
[1] 3945
[1] 112  43
[1] 3946
[1] 112  23
[1] 3947
[1] 112  22
[1] 3948
[1] 112  33
[1] 3949
[1] 112  30
[1] 3950
[1] 112  64
[1] 3951
[1] 112  45
[1] 3952
[1] 112  57
[1] 3953
[1] 112  93
[1] 3954
[1] 112  68
[1] 3955
[1] 112  30
[1] 3956
[1] 112  77
[1] 3957
[1] 112  24
[1] 3958
[1] 112  20
[1] 3959
[1] 112  56
[1] 3960
[1] 112  31
[1] 3961
[1] 112  59
[1] 3962
[1] 112  36
[1] 3963
[1] 112  62
[1] 3964
[1] 112  62
[1] 3965
[1] 112  23
[1] 3966
[1] 112  23
[1] 3967
[1] 112  46
[1] 3968
[1] 112  38
[1] 3969
[1] 112  79
[1] 3970
[1] 112  44
[1] 3971
[1] 112  20
[1] 3972
[1] 112  57
[1] 3973
[1] 112  42
[1] 3974
[1] 112  36
[1] 3975
[1] 112  29
[1] 3976
[1] 112  28
[1] 3977
[1] 112  37
[1] 3978
[1] 112 104
[1] 3979
[1] 112  73
[1] 3980
[1] 112  64
[1] 3981
[1] 112  58
[1] 3982
[1] 112  43
[1] 3983
[1] 112  64
[1] 3984
[1] 112  90
[1] 3985
[1] 112  62
[1] 3986
[1] 112  61
[1] 3987
[1] 112  74
[1] 3988
[1] 112  58
[1] 3989
[1] 112  66
[1] 3990
[1] 112  64
[1] 3991
[1] 112  65
[1] 3992
[1] 112  46
[1] 3993
[1] 112  62
[1] 3994
[1] 112  63
[1] 3995
[1] 112  51
[1] 3996
[1] 112  34
[1] 3997
[1] 112  50
[1] 3998
[1] 112  40
[1] 3999
[1] 112  44
[1] 4000
[1] 112  48
