[1] 3201
[1] 112  48
[1] 3202
[1] 112  48
[1] 3203
[1] 112  71
[1] 3204
[1] 112  38
[1] 3205
[1] 112  50
[1] 3206
[1] 112  52
[1] 3207
[1] 112  51
[1] 3208
[1] 112  46
[1] 3209
[1] 112  33
[1] 3210
[1] 112  41
[1] 3211
[1] 112  64
[1] 3212
[1] 112  46
[1] 3213
[1] 112  85
[1] 3214
[1] 112  42
[1] 3215
[1] 112  47
[1] 3216
[1] 112  36
[1] 3217
[1] 112  18
[1] 3218
[1] 112  87
[1] 3219
[1] 112  79
[1] 3220
[1] 112  48
[1] 3221
[1] 112  59
[1] 3222
[1] 112  43
[1] 3223
[1] 112  68
[1] 3224
[1] 112  68
[1] 3225
[1] 112  60
[1] 3226
[1] 112  59
[1] 3227
[1] 112  66
[1] 3228
[1] 112  80
[1] 3229
[1] 112  82
[1] 3230
[1] 112  52
[1] 3231
[1] 112  42
[1] 3232
[1] 112  19
[1] 3233
[1] 112  27
[1] 3234
[1] 112  17
[1] 3235
[1] 112  33
[1] 3236
[1] 112  68
[1] 3237
[1] 112  58
[1] 3238
[1] 112  34
[1] 3239
[1] 112  37
[1] 3240
[1] 112  48
[1] 3241
[1] 112  49
[1] 3242
[1] 112  83
[1] 3243
[1] 112  76
[1] 3244
[1] 112  53
[1] 3245
[1] 112  52
[1] 3246
[1] 112  83
[1] 3247
[1] 112  76
[1] 3248
[1] 112  71
[1] 3249
[1] 112  20
[1] 3250
[1] 112  21
[1] 3251
[1] 112  43
[1] 3252
[1] 112  24
[1] 3253
[1] 112  36
[1] 3254
[1] 112  40
[1] 3255
[1] 112  65
[1] 3256
[1] 112  29
[1] 3257
[1] 112  33
[1] 3258
[1] 112  70
[1] 3259
[1] 112  27
[1] 3260
[1] 112  38
[1] 3261
[1] 112  62
[1] 3262
[1] 112  40
[1] 3263
[1] 112  39
[1] 3264
[1] 112  25
[1] 3265
[1] 112  31
[1] 3266
[1] 112  66
[1] 3267
[1] 112  80
[1] 3268
[1] 112  52
[1] 3269
[1] 112  47
[1] 3270
[1] 112  46
[1] 3271
[1] 112  48
[1] 3272
[1] 112  35
[1] 3273
[1] 112  38
[1] 3274
[1] 112  49
[1] 3275
[1] 112  36
[1] 3276
[1] 112  32
[1] 3277
[1] 112  67
[1] 3278
[1] 112  46
[1] 3279
[1] 112  39
[1] 3280
[1] 112  60
[1] 3281
[1] 112  40
[1] 3282
[1] 112  49
[1] 3283
[1] 112  62
[1] 3284
[1] 112  38
[1] 3285
[1] 112  42
[1] 3286
[1] 112  40
[1] 3287
[1] 112  70
[1] 3288
[1] 112  48
[1] 3289
[1] 112  41
[1] 3290
[1] 112  32
[1] 3291
[1] 112  91
[1] 3292
[1] 112  60
[1] 3293
[1] 112  56
[1] 3294
[1] 112  44
[1] 3295
[1] 112  33
[1] 3296
[1] 112  60
[1] 3297
[1] 112  46
[1] 3298
[1] 112  44
[1] 3299
[1] 112  55
[1] 3300
[1] 112  29
