[1] 2001
[1] 112  74
[1] 2002
[1] 112  49
[1] 2003
[1] 112  55
[1] 2004
[1] 112  44
[1] 2005
[1] 112  61
[1] 2006
[1] 112  47
[1] 2007
[1] 112  53
[1] 2008
[1] 112  48
[1] 2009
[1] 112  46
[1] 2010
[1] 112  28
[1] 2011
[1] 112  38
[1] 2012
[1] 112  44
[1] 2013
[1] 112  48
[1] 2014
[1] 112  55
[1] 2015
[1] 112  56
[1] 2016
[1] 112  31
[1] 2017
[1] 112  56
[1] 2018
[1] 112  31
[1] 2019
[1] 112  41
[1] 2020
[1] 112  66
[1] 2021
[1] 112  37
[1] 2022
[1] 112  53
[1] 2023
[1] 112  65
[1] 2024
[1] 112  47
[1] 2025
[1] 112  66
[1] 2026
[1] 112  28
[1] 2027
[1] 112  49
[1] 2028
[1] 112  62
[1] 2029
[1] 112  27
[1] 2030
[1] 112  47
[1] 2031
[1] 112  44
[1] 2032
[1] 112  57
[1] 2033
[1] 112  54
[1] 2034
[1] 112  50
[1] 2035
[1] 112  23
[1] 2036
[1] 112  53
[1] 2037
[1] 112  68
[1] 2038
[1] 112  71
[1] 2039
[1] 112  61
[1] 2040
[1] 112  58
[1] 2041
[1] 112  40
[1] 2042
[1] 112  15
[1] 2043
[1] 112  31
[1] 2044
[1] 112  77
[1] 2045
[1] 112  10
[1] 2046
[1] 112  67
[1] 2047
[1] 112  75
[1] 2048
[1] 112  73
[1] 2049
[1] 112  81
[1] 2050
[1] 112  76
[1] 2051
[1] 112  80
[1] 2052
[1] 112  81
[1] 2053
[1] 112  61
[1] 2054
[1] 112  74
[1] 2055
[1] 112  58
[1] 2056
[1] 112  42
[1] 2057
[1] 112  78
[1] 2058
[1] 112  81
[1] 2059
[1] 112  43
[1] 2060
[1] 112  76
[1] 2061
[1] 112  68
[1] 2062
[1] 112  30
[1] 2063
[1] 112  30
[1] 2064
[1] 112  25
[1] 2065
[1] 112  22
[1] 2066
[1] 112  24
[1] 2067
[1] 112  59
[1] 2068
[1] 112  58
[1] 2069
[1] 112  56
[1] 2070
[1] 112  77
[1] 2071
[1] 112  74
[1] 2072
[1] 112  55
[1] 2073
[1] 112  65
[1] 2074
[1] 112  47
[1] 2075
[1] 112  39
[1] 2076
[1] 112  40
[1] 2077
[1] 112  38
[1] 2078
[1] 112  69
[1] 2079
[1] 112  71
[1] 2080
[1] 112  46
[1] 2081
[1] 112  81
[1] 2082
[1] 112  79
[1] 2083
[1] 112  46
[1] 2084
[1] 112  45
[1] 2085
[1] 112  27
[1] 2086
[1] 112  73
[1] 2087
[1] 112  42
[1] 2088
[1] 112  38
[1] 2089
[1] 112   9
[1] 2090
[1] 112  38
[1] 2091
[1] 112  12
[1] 2092
[1] 112  70
[1] 2093
[1] 112  36
[1] 2094
[1] 112  57
[1] 2095
[1] 112  65
[1] 2096
[1] 112  79
[1] 2097
[1] 112  49
[1] 2098
[1] 112  45
[1] 2099
[1] 112  22
[1] 2100
[1] 112  32
