[1] 7701
[1] 112  30
[1] 7702
[1] 112  38
[1] 7703
[1] 112  54
[1] 7704
[1] 112   3
[1] 7705
[1] 112  37
[1] 7706
[1] 112  51
[1] 7707
[1] 112  39
[1] 7708
[1] 112  49
[1] 7709
[1] 112  59
[1] 7710
[1] 112  57
[1] 7711
[1] 112  49
[1] 7712
[1] 112  94
[1] 7713
[1] 112  12
[1] 7714
[1] 112  61
[1] 7715
[1] 112  61
[1] 7716
[1] 112  48
[1] 7717
[1] 112  22
[1] 7718
[1] 112  21
[1] 7719
[1] 112  47
[1] 7720
[1] 112  48
[1] 7721
[1] 112  39
[1] 7722
[1] 112  26
[1] 7723
[1] 112  51
[1] 7724
[1] 112  21
[1] 7725
[1] 112  24
[1] 7726
[1] 112  22
[1] 7727
[1] 112  59
[1] 7728
[1] 112  81
[1] 7729
[1] 112  54
[1] 7730
[1] 112  52
[1] 7731
[1] 112  12
[1] 7732
[1] 112  51
[1] 7733
[1] 112  64
[1] 7734
[1] 112  34
[1] 7735
[1] 112  58
[1] 7736
[1] 112  57
[1] 7737
[1] 112  57
[1] 7738
[1] 112  57
[1] 7739
[1] 112  90
[1] 7740
[1] 112  60
[1] 7741
[1] 112  39
[1] 7742
[1] 112  82
[1] 7743
[1] 112  26
[1] 7744
[1] 112  25
[1] 7745
[1] 112  25
[1] 7746
[1] 112  45
[1] 7747
[1] 112 103
[1] 7748
[1] 112  58
[1] 7749
[1] 112  47
[1] 7750
[1] 112  40
[1] 7751
[1] 112  62
[1] 7752
[1] 112  47
[1] 7753
[1] 112  64
[1] 7754
[1] 112  71
[1] 7755
[1] 112  49
[1] 7756
[1] 112  40
[1] 7757
[1] 112  72
[1] 7758
[1] 112  64
[1] 7759
[1] 112  58
[1] 7760
[1] 112  22
[1] 7761
[1] 112  76
[1] 7762
[1] 112  74
[1] 7763
[1] 112  65
[1] 7764
[1] 112  37
[1] 7765
[1] 112  14
[1] 7766
[1] 112  42
[1] 7767
[1] 112  50
[1] 7768
[1] 112  61
[1] 7769
[1] 112  47
[1] 7770
[1] 112  67
[1] 7771
[1] 112  53
[1] 7772
[1] 112  10
[1] 7773
[1] 112  10
[1] 7774
[1] 112  41
[1] 7775
[1] 112  10
[1] 7776
[1] 112  41
[1] 7777
[1] 112  38
[1] 7778
[1] 112  38
[1] 7779
[1] 112  30
[1] 7780
[1] 112  31
[1] 7781
[1] 112  31
[1] 7782
[1] 112  27
[1] 7783
[1] 112  47
[1] 7784
[1] 112  35
[1] 7785
[1] 112  35
[1] 7786
[1] 112  64
[1] 7787
[1] 112  63
[1] 7788
[1] 112  37
[1] 7789
[1] 112  29
[1] 7790
[1] 112  83
[1] 7791
[1] 112  26
[1] 7792
[1] 112  18
[1] 7793
[1] 112  67
[1] 7794
[1] 112  27
[1] 7795
[1] 112  31
[1] 7796
[1] 112  26
[1] 7797
[1] 112  57
[1] 7798
[1] 112  64
[1] 7799
[1] 112  29
[1] 7800
[1] 112  78
