[1] 1901
[1] 112  50
[1] 1902
[1] 112  56
[1] 1903
[1] 112  37
[1] 1904
[1] 112  72
[1] 1905
[1] 112  21
[1] 1906
[1] 112  18
[1] 1907
[1] 112  21
[1] 1908
[1] 112  54
[1] 1909
[1] 112  59
[1] 1910
[1] 112  34
[1] 1911
[1] 112  42
[1] 1912
[1] 112  35
[1] 1913
[1] 112  42
[1] 1914
[1] 112  35
[1] 1915
[1] 112  50
[1] 1916
[1] 112  31
[1] 1917
[1] 112  35
[1] 1918
[1] 112  90
[1] 1919
[1] 112  39
[1] 1920
[1] 112  63
[1] 1921
[1] 112  60
[1] 1922
[1] 112  63
[1] 1923
[1] 112  60
[1] 1924
[1] 112  60
[1] 1925
[1] 112  49
[1] 1926
[1] 112  87
[1] 1927
[1] 112  93
[1] 1928
[1] 112  99
[1] 1929
[1] 112  42
[1] 1930
[1] 112  62
[1] 1931
[1] 112  41
[1] 1932
[1] 112  38
[1] 1933
[1] 112  88
[1] 1934
[1] 112  39
[1] 1935
[1] 112  81
[1] 1936
[1] 112  36
[1] 1937
[1] 112  91
[1] 1938
[1] 112  54
[1] 1939
[1] 112 140
[1] 1940
[1] 112 115
[1] 1941
[1] 112  73
[1] 1942
[1] 112  10
[1] 1943
[1] 112  52
[1] 1944
[1] 112  90
[1] 1945
[1] 112  72
[1] 1946
[1] 112  31
[1] 1947
[1] 112  77
[1] 1948
[1] 112  75
[1] 1949
[1] 112  66
[1] 1950
[1] 112  36
[1] 1951
[1] 112  44
[1] 1952
[1] 112  48
[1] 1953
[1] 112  51
[1] 1954
[1] 112  45
[1] 1955
[1] 112  55
[1] 1956
[1] 112  61
[1] 1957
[1] 112  53
[1] 1958
[1] 112  52
[1] 1959
[1] 112  58
[1] 1960
[1] 112  58
[1] 1961
[1] 112  47
[1] 1962
[1] 112  44
[1] 1963
[1] 112  52
[1] 1964
[1] 112  66
[1] 1965
[1] 112  59
[1] 1966
[1] 112  55
[1] 1967
[1] 112  52
[1] 1968
[1] 112  78
[1] 1969
[1] 112  68
[1] 1970
[1] 112  26
[1] 1971
[1] 112  54
[1] 1972
[1] 112  68
[1] 1973
[1] 112  52
[1] 1974
[1] 112  71
[1] 1975
[1] 112  37
[1] 1976
[1] 112  37
[1] 1977
[1] 112  60
[1] 1978
[1] 112  41
[1] 1979
[1] 112  49
[1] 1980
[1] 112  42
[1] 1981
[1] 112  65
[1] 1982
[1] 112  65
[1] 1983
[1] 112  45
[1] 1984
[1] 112  72
[1] 1985
[1] 112  41
[1] 1986
[1] 112  74
[1] 1987
[1] 112  29
[1] 1988
[1] 112  32
[1] 1989
[1] 112  94
[1] 1990
[1] 112  45
[1] 1991
[1] 112  55
[1] 1992
[1] 112  81
[1] 1993
[1] 112  34
[1] 1994
[1] 112  51
[1] 1995
[1] 112  56
[1] 1996
[1] 112  57
[1] 1997
[1] 112  62
[1] 1998
[1] 112  70
[1] 1999
[1] 112  86
[1] 2000
[1] 112  80
