[1] 8801
[1] 112  58
[1] 8802
[1] 112  35
[1] 8803
[1] 112  41
[1] 8804
[1] 112  58
[1] 8805
[1] 112  61
[1] 8806
[1] 112  43
[1] 8807
[1] 112  38
[1] 8808
[1] 112  66
[1] 8809
[1] 112  44
[1] 8810
[1] 112  56
[1] 8811
[1] 112  49
[1] 8812
[1] 112  25
[1] 8813
[1] 112  63
[1] 8814
[1] 112  40
[1] 8815
[1] 112  33
[1] 8816
[1] 112  29
[1] 8817
[1] 112  33
[1] 8818
[1] 112  56
[1] 8819
[1] 112  40
[1] 8820
[1] 112  67
[1] 8821
[1] 112  37
[1] 8822
[1] 112  59
[1] 8823
[1] 112  83
[1] 8824
[1] 112  52
[1] 8825
[1] 112  46
[1] 8826
[1] 112  75
[1] 8827
[1] 112  44
[1] 8828
[1] 112  55
[1] 8829
[1] 112  45
[1] 8830
[1] 112  48
[1] 8831
[1] 112  75
[1] 8832
[1] 112  46
[1] 8833
[1] 112  58
[1] 8834
[1] 112  69
[1] 8835
[1] 112  30
[1] 8836
[1] 112  30
[1] 8837
[1] 112  41
[1] 8838
[1] 112  45
[1] 8839
[1] 112  34
[1] 8840
[1] 112  50
[1] 8841
[1] 112  37
[1] 8842
[1] 112  52
[1] 8843
[1] 112  86
[1] 8844
[1] 112  18
[1] 8845
[1] 112  52
[1] 8846
[1] 112  80
[1] 8847
[1] 112  21
[1] 8848
[1] 112  48
[1] 8849
[1] 112  18
[1] 8850
[1] 112  48
[1] 8851
[1] 112  71
[1] 8852
[1] 112  22
[1] 8853
[1] 112  35
[1] 8854
[1] 112  77
[1] 8855
[1] 112  34
[1] 8856
[1] 112  27
[1] 8857
[1] 112  18
[1] 8858
[1] 112  48
[1] 8859
[1] 112  25
[1] 8860
[1] 112  40
[1] 8861
[1] 112  79
[1] 8862
[1] 112  41
[1] 8863
[1] 112  40
[1] 8864
[1] 112  31
[1] 8865
[1] 112  59
[1] 8866
[1] 112  46
[1] 8867
[1] 112  58
[1] 8868
[1] 112  66
[1] 8869
[1] 112  37
[1] 8870
[1] 112  29
[1] 8871
[1] 112  33
[1] 8872
[1] 112  32
[1] 8873
[1] 112  48
[1] 8874
[1] 112  37
[1] 8875
[1] 112  47
[1] 8876
[1] 112  56
[1] 8877
[1] 112  65
[1] 8878
[1] 112  64
[1] 8879
[1] 112  60
[1] 8880
[1] 112  52
[1] 8881
[1] 112  72
[1] 8882
[1] 112  59
[1] 8883
[1] 112  54
[1] 8884
[1] 112  66
[1] 8885
[1] 112  32
[1] 8886
[1] 112  66
[1] 8887
[1] 112  44
[1] 8888
[1] 112  36
[1] 8889
[1] 112  50
[1] 8890
[1] 112  77
[1] 8891
[1] 112  35
[1] 8892
[1] 112  47
[1] 8893
[1] 112  41
[1] 8894
[1] 112  72
[1] 8895
[1] 112  13
[1] 8896
[1] 112  22
[1] 8897
[1] 112 129
[1] 8898
[1] 112  17
[1] 8899
[1] 112  74
[1] 8900
[1] 112  32
