[1] 9001
[1] 112  10
[1] 9002
[1] 112  55
[1] 9003
[1] 112  77
[1] 9004
[1] 112  48
[1] 9005
[1] 112  34
[1] 9006
[1] 112  41
[1] 9007
[1] 112  63
[1] 9008
[1] 112  34
[1] 9009
[1] 112   8
[1] 9010
[1] 112  63
[1] 9011
[1] 112  97
[1] 9012
[1] 112  58
[1] 9013
[1] 112  54
[1] 9014
[1] 112  77
[1] 9015
[1] 112   7
[1] 9016
[1] 112  51
[1] 9017
[1] 112  62
[1] 9018
[1] 112  25
[1] 9019
[1] 112  34
[1] 9020
[1] 112  50
[1] 9021
[1] 112  57
[1] 9022
[1] 112  77
[1] 9023
[1] 112  55
[1] 9024
[1] 112  43
[1] 9025
[1] 112  40
[1] 9026
[1] 112  68
[1] 9027
[1] 112  31
[1] 9028
[1] 112  93
[1] 9029
[1] 112  36
[1] 9030
[1] 112  24
[1] 9031
[1] 112  43
[1] 9032
[1] 112  48
[1] 9033
[1] 112  52
[1] 9034
[1] 112  66
[1] 9035
[1] 112  29
[1] 9036
[1] 112  33
[1] 9037
[1] 112  28
[1] 9038
[1] 112  51
[1] 9039
[1] 112  43
[1] 9040
[1] 112  27
[1] 9041
[1] 112  28
[1] 9042
[1] 112  63
[1] 9043
[1] 112  22
[1] 9044
[1] 112  72
[1] 9045
[1] 112   8
[1] 9046
[1] 112  26
[1] 9047
[1] 112  42
[1] 9048
[1] 112  66
[1] 9049
[1] 112  21
[1] 9050
[1] 112  42
[1] 9051
[1] 112 104
[1] 9052
[1] 112  25
[1] 9053
[1] 112  47
[1] 9054
[1] 112  46
[1] 9055
[1] 112  27
[1] 9056
[1] 112  69
[1] 9057
[1] 112  33
[1] 9058
[1] 112  25
[1] 9059
[1] 112  54
[1] 9060
[1] 112  44
[1] 9061
[1] 112  15
[1] 9062
[1] 112  28
[1] 9063
[1] 112  37
[1] 9064
[1] 112  49
[1] 9065
[1] 112  59
[1] 9066
[1] 112  56
[1] 9067
[1] 112  36
[1] 9068
[1] 112  44
[1] 9069
[1] 112  21
[1] 9070
[1] 112  27
[1] 9071
[1] 112  44
[1] 9072
[1] 112  39
[1] 9073
[1] 112  35
[1] 9074
[1] 112  62
[1] 9075
[1] 112   8
[1] 9076
[1] 112  44
[1] 9077
[1] 112  45
[1] 9078
[1] 112  63
[1] 9079
[1] 112  71
[1] 9080
[1] 112  25
[1] 9081
[1] 112  88
[1] 9082
[1] 112  62
[1] 9083
[1] 112  26
[1] 9084
[1] 112  92
[1] 9085
[1] 112  27
[1] 9086
[1] 112  42
[1] 9087
[1] 112  48
[1] 9088
[1] 112  58
[1] 9089
[1] 112  67
[1] 9090
[1] 112  38
[1] 9091
[1] 112  34
[1] 9092
[1] 112  34
[1] 9093
[1] 112  74
[1] 9094
[1] 112  86
[1] 9095
[1] 112 100
[1] 9096
[1] 112  28
[1] 9097
[1] 112  11
[1] 9098
[1] 112  62
[1] 9099
[1] 112  37
[1] 9100
[1] 112  76
