[1] 4401
[1] 112  39
[1] 4402
[1] 112  36
[1] 4403
[1] 112  40
[1] 4404
[1] 112  39
[1] 4405
[1] 112  40
[1] 4406
[1] 112  92
[1] 4407
[1] 112  58
[1] 4408
[1] 112  42
[1] 4409
[1] 112  44
[1] 4410
[1] 112  37
[1] 4411
[1] 112  44
[1] 4412
[1] 112  35
[1] 4413
[1] 112 104
[1] 4414
[1] 112  75
[1] 4415
[1] 112  37
[1] 4416
[1] 112  33
[1] 4417
[1] 112  36
[1] 4418
[1] 112  40
[1] 4419
[1] 112  40
[1] 4420
[1] 112  36
[1] 4421
[1] 112  45
[1] 4422
[1] 112  67
[1] 4423
[1] 112  54
[1] 4424
[1] 112  60
[1] 4425
[1] 112  60
[1] 4426
[1] 112  64
[1] 4427
[1] 112  55
[1] 4428
[1] 112  43
[1] 4429
[1] 112  43
[1] 4430
[1] 112  46
[1] 4431
[1] 112  58
[1] 4432
[1] 112  37
[1] 4433
[1] 112  54
[1] 4434
[1] 112  58
[1] 4435
[1] 112  61
[1] 4436
[1] 112 107
[1] 4437
[1] 112  43
[1] 4438
[1] 112  52
[1] 4439
[1] 112  55
[1] 4440
[1] 112  74
[1] 4441
[1] 112  24
[1] 4442
[1] 112  47
[1] 4443
[1] 112  84
[1] 4444
[1] 112  51
[1] 4445
[1] 112  46
[1] 4446
[1] 112  90
[1] 4447
[1] 112  55
[1] 4448
[1] 112  49
[1] 4449
[1] 112  29
[1] 4450
[1] 112  30
[1] 4451
[1] 112  61
[1] 4452
[1] 112  37
[1] 4453
[1] 112  50
[1] 4454
[1] 112  37
[1] 4455
[1] 112  67
[1] 4456
[1] 112  70
[1] 4457
[1] 112  76
[1] 4458
[1] 112  38
[1] 4459
[1] 112  46
[1] 4460
[1] 112  45
[1] 4461
[1] 112  39
[1] 4462
[1] 112  87
[1] 4463
[1] 112  30
[1] 4464
[1] 112  65
[1] 4465
[1] 112  17
[1] 4466
[1] 112  70
[1] 4467
[1] 112  86
[1] 4468
[1] 112  66
[1] 4469
[1] 112  75
[1] 4470
[1] 112  81
[1] 4471
[1] 112  69
[1] 4472
[1] 112  49
[1] 4473
[1] 112  17
[1] 4474
[1] 112  51
[1] 4475
[1] 112  66
[1] 4476
[1] 112  41
[1] 4477
[1] 112  96
[1] 4478
[1] 112  20
[1] 4479
[1] 112  34
[1] 4480
[1] 112  34
[1] 4481
[1] 112  65
[1] 4482
[1] 112  21
[1] 4483
[1] 112  52
[1] 4484
[1] 112  53
[1] 4485
[1] 112  63
[1] 4486
[1] 112  40
[1] 4487
[1] 112  10
[1] 4488
[1] 112  24
[1] 4489
[1] 112  16
[1] 4490
[1] 112  67
[1] 4491
[1] 112  43
[1] 4492
[1] 112  48
[1] 4493
[1] 112  48
[1] 4494
[1] 112  40
[1] 4495
[1] 112  48
[1] 4496
[1] 112  39
[1] 4497
[1] 112  27
[1] 4498
[1] 112  46
[1] 4499
[1] 112  70
[1] 4500
[1] 112  66
