[1] 7901
[1] 112  29
[1] 7902
[1] 112  47
[1] 7903
[1] 112  57
[1] 7904
[1] 112  31
[1] 7905
[1] 112  52
[1] 7906
[1] 112  46
[1] 7907
[1] 112  57
[1] 7908
[1] 112  47
[1] 7909
[1] 112  55
[1] 7910
[1] 112  73
[1] 7911
[1] 112  49
[1] 7912
[1] 112  80
[1] 7913
[1] 112  45
[1] 7914
[1] 112  76
[1] 7915
[1] 112  18
[1] 7916
[1] 112  91
[1] 7917
[1] 112  35
[1] 7918
[1] 112  26
[1] 7919
[1] 112  50
[1] 7920
[1] 112  66
[1] 7921
[1] 112  20
[1] 7922
[1] 112  19
[1] 7923
[1] 112  55
[1] 7924
[1] 112  23
[1] 7925
[1] 112  56
[1] 7926
[1] 112  21
[1] 7927
[1] 112  74
[1] 7928
[1] 112  94
[1] 7929
[1] 112  17
[1] 7930
[1] 112  78
[1] 7931
[1] 112  45
[1] 7932
[1] 112  62
[1] 7933
[1] 112  21
[1] 7934
[1] 112 198
[1] 7935
[1] 112  30
[1] 7936
[1] 112  66
[1] 7937
[1] 112  62
[1] 7938
[1] 112  46
[1] 7939
[1] 112  64
[1] 7940
[1] 112  20
[1] 7941
[1] 112  42
[1] 7942
[1] 112  18
[1] 7943
[1] 112  20
[1] 7944
[1] 112  42
[1] 7945
[1] 112  71
[1] 7946
[1] 112  66
[1] 7947
[1] 112  41
[1] 7948
[1] 112  42
[1] 7949
[1] 112  57
[1] 7950
[1] 112  26
[1] 7951
[1] 112  44
[1] 7952
[1] 112 104
[1] 7953
[1] 112  46
[1] 7954
[1] 112  41
[1] 7955
[1] 112  97
[1] 7956
[1] 112  52
[1] 7957
[1] 112  30
[1] 7958
[1] 112  73
[1] 7959
[1] 112  41
[1] 7960
[1] 112  10
[1] 7961
[1] 112   6
[1] 7962
[1] 112  31
[1] 7963
[1] 112  46
[1] 7964
[1] 112  33
[1] 7965
[1] 112  66
[1] 7966
[1] 112  67
[1] 7967
[1] 112  86
[1] 7968
[1] 112  59
[1] 7969
[1] 112  54
[1] 7970
[1] 112  72
[1] 7971
[1] 112  62
[1] 7972
[1] 112  64
[1] 7973
[1] 112  52
[1] 7974
[1] 112  25
[1] 7975
[1] 112  55
[1] 7976
[1] 112  33
[1] 7977
[1] 112  41
[1] 7978
[1] 112  20
[1] 7979
[1] 112  76
[1] 7980
[1] 112  73
[1] 7981
[1] 112  68
[1] 7982
[1] 112  50
[1] 7983
[1] 112  51
[1] 7984
[1] 112  29
[1] 7985
[1] 112  81
[1] 7986
[1] 112  81
[1] 7987
[1] 112  79
[1] 7988
[1] 112  31
[1] 7989
[1] 112  21
[1] 7990
[1] 112  67
[1] 7991
[1] 112  83
[1] 7992
[1] 112  38
[1] 7993
[1] 112  40
[1] 7994
[1] 112  59
[1] 7995
[1] 112  34
[1] 7996
[1] 112  34
[1] 7997
[1] 112  71
[1] 7998
[1] 112  34
[1] 7999
[1] 112  58
[1] 8000
[1] 112   9
