[1] 1301
[1] 112  66
[1] 1302
[1] 112  69
[1] 1303
[1] 112  47
[1] 1304
[1] 112  55
[1] 1305
[1] 112  68
[1] 1306
[1] 112  38
[1] 1307
[1] 112  42
[1] 1308
[1] 112  16
[1] 1309
[1] 112  28
[1] 1310
[1] 112  46
[1] 1311
[1] 112  73
[1] 1312
[1] 112  62
[1] 1313
[1] 112  21
[1] 1314
[1] 112  18
[1] 1315
[1] 112   9
[1] 1316
[1] 112  46
[1] 1317
[1] 112  48
[1] 1318
[1] 112  67
[1] 1319
[1] 112  81
[1] 1320
[1] 112  63
[1] 1321
[1] 112  77
[1] 1322
[1] 112  55
[1] 1323
[1] 112  79
[1] 1324
[1] 112  73
[1] 1325
[1] 112  40
[1] 1326
[1] 112  38
[1] 1327
[1] 112  54
[1] 1328
[1] 112  54
[1] 1329
[1] 112  48
[1] 1330
[1] 112  20
[1] 1331
[1] 112  27
[1] 1332
[1] 112  29
[1] 1333
[1] 112  35
[1] 1334
[1] 112  40
[1] 1335
[1] 112  61
[1] 1336
[1] 112  63
[1] 1337
[1] 112  30
[1] 1338
[1] 112  29
[1] 1339
[1] 112  29
[1] 1340
[1] 112  45
[1] 1341
[1] 112  31
[1] 1342
[1] 112  37
[1] 1343
[1] 112  41
[1] 1344
[1] 112  57
[1] 1345
[1] 112  65
[1] 1346
[1] 112  87
[1] 1347
[1] 112  46
[1] 1348
[1] 112  31
[1] 1349
[1] 112  45
[1] 1350
[1] 112  57
[1] 1351
[1] 112  74
[1] 1352
[1] 112  73
[1] 1353
[1] 112  71
[1] 1354
[1] 112  85
[1] 1355
[1] 112  29
[1] 1356
[1] 112  64
[1] 1357
[1] 112  53
[1] 1358
[1] 112  86
[1] 1359
[1] 112  50
[1] 1360
[1] 112  46
[1] 1361
[1] 112  53
[1] 1362
[1] 112  48
[1] 1363
[1] 112  56
[1] 1364
[1] 112  85
[1] 1365
[1] 112  61
[1] 1366
[1] 112  75
[1] 1367
[1] 112  32
[1] 1368
[1] 112  64
[1] 1369
[1] 112  18
[1] 1370
[1] 112  51
[1] 1371
[1] 112  70
[1] 1372
[1] 112  73
[1] 1373
[1] 112  44
[1] 1374
[1] 112  33
[1] 1375
[1] 112  62
[1] 1376
[1] 112 142
[1] 1377
[1] 112  40
[1] 1378
[1] 112  29
[1] 1379
[1] 112  74
[1] 1380
[1] 112  60
[1] 1381
[1] 112  90
[1] 1382
[1] 112  40
[1] 1383
[1] 112  85
[1] 1384
[1] 112  73
[1] 1385
[1] 112  27
[1] 1386
[1] 112  79
[1] 1387
[1] 112  27
[1] 1388
[1] 112  69
[1] 1389
[1] 112  82
[1] 1390
[1] 112  42
[1] 1391
[1] 112  39
[1] 1392
[1] 112  22
[1] 1393
[1] 112  25
[1] 1394
[1] 112  60
[1] 1395
[1] 112  57
[1] 1396
[1] 112  60
[1] 1397
[1] 112  58
[1] 1398
[1] 112  56
[1] 1399
[1] 112  66
[1] 1400
[1] 112  70
