[1] 4701
[1] 112  65
[1] 4702
[1] 112  61
[1] 4703
[1] 112  69
[1] 4704
[1] 112  31
[1] 4705
[1] 112  52
[1] 4706
[1] 112  43
[1] 4707
[1] 112  54
[1] 4708
[1] 112  52
[1] 4709
[1] 112  50
[1] 4710
[1] 112  50
[1] 4711
[1] 112  52
[1] 4712
[1] 112  25
[1] 4713
[1] 112  26
[1] 4714
[1] 112  31
[1] 4715
[1] 112  41
[1] 4716
[1] 112  32
[1] 4717
[1] 112  42
[1] 4718
[1] 112  42
[1] 4719
[1] 112  42
[1] 4720
[1] 112  54
[1] 4721
[1] 112  20
[1] 4722
[1] 112  54
[1] 4723
[1] 112  43
[1] 4724
[1] 112  94
[1] 4725
[1] 112  39
[1] 4726
[1] 112  38
[1] 4727
[1] 112  50
[1] 4728
[1] 112  19
[1] 4729
[1] 112  42
[1] 4730
[1] 112  52
[1] 4731
[1] 112  36
[1] 4732
[1] 112  24
[1] 4733
[1] 112  50
[1] 4734
[1] 112  15
[1] 4735
[1] 112  42
[1] 4736
[1] 112  64
[1] 4737
[1] 112  15
[1] 4738
[1] 112  48
[1] 4739
[1] 112  49
[1] 4740
[1] 112  54
[1] 4741
[1] 112  52
[1] 4742
[1] 112  63
[1] 4743
[1] 112  52
[1] 4744
[1] 112  20
[1] 4745
[1] 112 102
[1] 4746
[1] 112  22
[1] 4747
[1] 112  32
[1] 4748
[1] 112  78
[1] 4749
[1] 112  25
[1] 4750
[1] 112  67
[1] 4751
[1] 112  46
[1] 4752
[1] 112  43
[1] 4753
[1] 112  47
[1] 4754
[1] 112  44
[1] 4755
[1] 112  52
[1] 4756
[1] 112  32
[1] 4757
[1] 112  55
[1] 4758
[1] 112  46
[1] 4759
[1] 112  37
[1] 4760
[1] 112  36
[1] 4761
[1] 112  82
[1] 4762
[1] 112  71
[1] 4763
[1] 112  22
[1] 4764
[1] 112  64
[1] 4765
[1] 112  32
[1] 4766
[1] 112  45
[1] 4767
[1] 112  59
[1] 4768
[1] 112  23
[1] 4769
[1] 112  45
[1] 4770
[1] 112  58
[1] 4771
[1] 112  35
[1] 4772
[1] 112  54
[1] 4773
[1] 112  52
[1] 4774
[1] 112  45
[1] 4775
[1] 112  26
[1] 4776
[1] 112  28
[1] 4777
[1] 112  51
[1] 4778
[1] 112  53
[1] 4779
[1] 112  56
[1] 4780
[1] 112  41
[1] 4781
[1] 112  26
[1] 4782
[1] 112  11
[1] 4783
[1] 112  26
[1] 4784
[1] 112  47
[1] 4785
[1] 112  51
[1] 4786
[1] 112  60
[1] 4787
[1] 112  88
[1] 4788
[1] 112  40
[1] 4789
[1] 112  56
[1] 4790
[1] 112  54
[1] 4791
[1] 112  38
[1] 4792
[1] 112  33
[1] 4793
[1] 112  47
[1] 4794
[1] 112  37
[1] 4795
[1] 112  62
[1] 4796
[1] 112  47
[1] 4797
[1] 112  31
[1] 4798
[1] 112  40
[1] 4799
[1] 112  47
[1] 4800
[1] 112  71
