[1] 501
[1] 112  51
[1] 502
[1] 112  78
[1] 503
[1] 112  30
[1] 504
[1] 112  82
[1] 505
[1] 112  62
[1] 506
[1] 112  61
[1] 507
[1] 112 102
[1] 508
[1] 112  28
[1] 509
[1] 112  20
[1] 510
[1] 112  40
[1] 511
[1] 112  14
[1] 512
[1] 112  61
[1] 513
[1] 112  50
[1] 514
[1] 112  33
[1] 515
[1] 112  34
[1] 516
[1] 112  36
[1] 517
[1] 112  59
[1] 518
[1] 112  72
[1] 519
[1] 112  54
[1] 520
[1] 112  51
[1] 521
[1] 112  84
[1] 522
[1] 112  43
[1] 523
[1] 112  46
[1] 524
[1] 112  55
[1] 525
[1] 112  59
[1] 526
[1] 112  57
[1] 527
[1] 112  45
[1] 528
[1] 112  68
[1] 529
[1] 112  38
[1] 530
[1] 112  67
[1] 531
[1] 112  23
[1] 532
[1] 112  52
[1] 533
[1] 112  43
[1] 534
[1] 112  48
[1] 535
[1] 112  33
[1] 536
[1] 112  82
[1] 537
[1] 112  39
[1] 538
[1] 112  77
[1] 539
[1] 112  62
[1] 540
[1] 112  67
[1] 541
[1] 112  30
[1] 542
[1] 112  34
[1] 543
[1] 112  77
[1] 544
[1] 112  64
[1] 545
[1] 112  45
[1] 546
[1] 112  45
[1] 547
[1] 112  34
[1] 548
[1] 112  51
[1] 549
[1] 112  32
[1] 550
[1] 112  31
[1] 551
[1] 112  42
[1] 552
[1] 112  57
[1] 553
[1] 112  54
[1] 554
[1] 112  29
[1] 555
[1] 112   4
[1] 556
[1] 112  55
[1] 557
[1] 112  64
[1] 558
[1] 112  75
[1] 559
[1] 112  66
[1] 560
[1] 112  74
[1] 561
[1] 112  58
[1] 562
[1] 112  72
[1] 563
[1] 112  78
[1] 564
[1] 112  46
[1] 565
[1] 112  80
[1] 566
[1] 112  76
[1] 567
[1] 112  65
[1] 568
[1] 112  57
[1] 569
[1] 112  70
[1] 570
[1] 112  52
[1] 571
[1] 112  50
[1] 572
[1] 112  56
[1] 573
[1] 112  50
[1] 574
[1] 112  53
[1] 575
[1] 112  51
[1] 576
[1] 112  56
[1] 577
[1] 112  28
[1] 578
[1] 112  32
[1] 579
[1] 112  36
[1] 580
[1] 112  56
[1] 581
[1] 112  40
[1] 582
[1] 112  47
[1] 583
[1] 112  62
[1] 584
[1] 112  71
[1] 585
[1] 112  71
[1] 586
[1] 112  63
[1] 587
[1] 112  39
[1] 588
[1] 112  75
[1] 589
[1] 112  27
[1] 590
[1] 112  62
[1] 591
[1] 112  31
[1] 592
[1] 112  41
[1] 593
[1] 112  76
[1] 594
[1] 112  38
[1] 595
[1] 112  65
[1] 596
[1] 112  63
[1] 597
[1] 112  39
[1] 598
[1] 112  49
[1] 599
[1] 112  62
[1] 600
[1] 112  80
