[1] 9101
[1] 112  46
[1] 9102
[1] 112  61
[1] 9103
[1] 112  52
[1] 9104
[1] 112  48
[1] 9105
[1] 112  47
[1] 9106
[1] 112  97
[1] 9107
[1] 112  52
[1] 9108
[1] 112  40
[1] 9109
[1] 112  73
[1] 9110
[1] 112  61
[1] 9111
[1] 112  75
[1] 9112
[1] 112  29
[1] 9113
[1] 112  53
[1] 9114
[1] 112  91
[1] 9115
[1] 112  18
[1] 9116
[1] 112  70
[1] 9117
[1] 112   2
[1] 9118
[1] 112  71
[1] 9119
[1] 112  66
[1] 9120
[1] 112  30
[1] 9121
[1] 112  39
[1] 9122
[1] 112  50
[1] 9123
[1] 112  75
[1] 9124
[1] 112  38
[1] 9125
[1] 112  30
[1] 9126
[1] 112  25
[1] 9127
[1] 112  70
[1] 9128
[1] 112  89
[1] 9129
[1] 112  26
[1] 9130
[1] 112  34
[1] 9131
[1] 112  39
[1] 9132
[1] 112  33
[1] 9133
[1] 112  35
[1] 9134
[1] 112  40
[1] 9135
[1] 112  22
[1] 9136
[1] 112  59
[1] 9137
[1] 112  65
[1] 9138
[1] 112  25
[1] 9139
[1] 112  22
[1] 9140
[1] 112  18
[1] 9141
[1] 112  41
[1] 9142
[1] 112  46
[1] 9143
[1] 112  37
[1] 9144
[1] 112  61
[1] 9145
[1] 112  60
[1] 9146
[1] 112 138
[1] 9147
[1] 112  22
[1] 9148
[1] 112  46
[1] 9149
[1] 112  70
[1] 9150
[1] 112  24
[1] 9151
[1] 112  62
[1] 9152
[1] 112  58
[1] 9153
[1] 112  34
[1] 9154
[1] 112  56
[1] 9155
[1] 112  26
[1] 9156
[1] 112  48
[1] 9157
[1] 112  27
[1] 9158
[1] 112  33
[1] 9159
[1] 112  42
[1] 9160
[1] 112  29
[1] 9161
[1] 112  33
[1] 9162
[1] 112   3
[1] 9163
[1] 112  71
[1] 9164
[1] 112  57
[1] 9165
[1] 112  51
[1] 9166
[1] 112  23
[1] 9167
[1] 112   8
[1] 9168
[1] 112  57
[1] 9169
[1] 112  87
[1] 9170
[1] 112  12
[1] 9171
[1] 112  38
[1] 9172
[1] 112  29
[1] 9173
[1] 112  30
[1] 9174
[1] 112  74
[1] 9175
[1] 112 118
[1] 9176
[1] 112  32
[1] 9177
[1] 112  40
[1] 9178
[1] 112 110
[1] 9179
[1] 112  61
[1] 9180
[1] 112  53
[1] 9181
[1] 112  81
[1] 9182
[1] 112  60
[1] 9183
[1] 112  42
[1] 9184
[1] 112  36
[1] 9185
[1] 112   9
[1] 9186
[1] 112  43
[1] 9187
[1] 112  61
[1] 9188
[1] 112  44
[1] 9189
[1] 112  16
[1] 9190
[1] 112  54
[1] 9191
[1] 112 138
[1] 9192
[1] 112  34
[1] 9193
[1] 112  63
[1] 9194
[1] 112  60
[1] 9195
[1] 112  99
[1] 9196
[1] 112  73
[1] 9197
[1] 112  31
[1] 9198
[1] 112  35
[1] 9199
[1] 112 102
[1] 9200
[1] 112  46
