[1] 801
[1] 112  63
[1] 802
[1] 112  91
[1] 803
[1] 112  70
[1] 804
[1] 112  45
[1] 805
[1] 112  53
[1] 806
[1] 112  73
[1] 807
[1] 112  65
[1] 808
[1] 112  80
[1] 809
[1] 112  43
[1] 810
[1] 112  47
[1] 811
[1] 112  65
[1] 812
[1] 112  47
[1] 813
[1] 112  41
[1] 814
[1] 112  47
[1] 815
[1] 112  53
[1] 816
[1] 112  73
[1] 817
[1] 112  29
[1] 818
[1] 112  45
[1] 819
[1] 112  57
[1] 820
[1] 112  56
[1] 821
[1] 112  95
[1] 822
[1] 112  55
[1] 823
[1] 112  30
[1] 824
[1] 112  68
[1] 825
[1] 112  52
[1] 826
[1] 112  63
[1] 827
[1] 112  54
[1] 828
[1] 112  31
[1] 829
[1] 112  52
[1] 830
[1] 112  58
[1] 831
[1] 112  42
[1] 832
[1] 112  57
[1] 833
[1] 112  87
[1] 834
[1] 112 103
[1] 835
[1] 112  25
[1] 836
[1] 112  56
[1] 837
[1] 112  37
[1] 838
[1] 112  75
[1] 839
[1] 112  88
[1] 840
[1] 112  30
[1] 841
[1] 112  55
[1] 842
[1] 112  62
[1] 843
[1] 112  51
[1] 844
[1] 112  82
[1] 845
[1] 112  27
[1] 846
[1] 112  58
[1] 847
[1] 112  34
[1] 848
[1] 112  69
[1] 849
[1] 112  34
[1] 850
[1] 112  80
[1] 851
[1] 112  84
[1] 852
[1] 112  77
[1] 853
[1] 112  36
[1] 854
[1] 112  72
[1] 855
[1] 112  22
[1] 856
[1] 112  60
[1] 857
[1] 112 101
[1] 858
[1] 112  55
[1] 859
[1] 112  61
[1] 860
[1] 112  19
[1] 861
[1] 112  40
[1] 862
[1] 112  44
[1] 863
[1] 112 105
[1] 864
[1] 112  34
[1] 865
[1] 112  41
[1] 866
[1] 112  34
[1] 867
[1] 112  38
[1] 868
[1] 112  36
[1] 869
[1] 112  62
[1] 870
[1] 112  45
[1] 871
[1] 112  40
[1] 872
[1] 112  52
[1] 873
[1] 112  53
[1] 874
[1] 112  71
[1] 875
[1] 112  50
[1] 876
[1] 112  30
[1] 877
[1] 112  65
[1] 878
[1] 112  61
[1] 879
[1] 112  40
[1] 880
[1] 112  41
[1] 881
[1] 112  16
[1] 882
[1] 112  40
[1] 883
[1] 112  53
[1] 884
[1] 112  84
[1] 885
[1] 112  22
[1] 886
[1] 112  84
[1] 887
[1] 112  29
[1] 888
[1] 112  24
[1] 889
[1] 112  54
[1] 890
[1] 112  68
[1] 891
[1] 112  26
[1] 892
[1] 112  75
[1] 893
[1] 112  59
[1] 894
[1] 112  31
[1] 895
[1] 112  45
[1] 896
[1] 112  69
[1] 897
[1] 112  70
[1] 898
[1] 112  22
[1] 899
[1] 112  70
[1] 900
[1] 112  72
