[1] 8001
[1] 112   9
[1] 8002
[1] 112  34
[1] 8003
[1] 112  34
[1] 8004
[1] 112  29
[1] 8005
[1] 112  26
[1] 8006
[1] 112  47
[1] 8007
[1] 112  11
[1] 8008
[1] 112  17
[1] 8009
[1] 112  25
[1] 8010
[1] 112  91
[1] 8011
[1] 112  46
[1] 8012
[1] 112  10
[1] 8013
[1] 112  60
[1] 8014
[1] 112  39
[1] 8015
[1] 112  41
[1] 8016
[1] 112  84
[1] 8017
[1] 112  67
[1] 8018
[1] 112  54
[1] 8019
[1] 112  91
[1] 8020
[1] 112  54
[1] 8021
[1] 112  53
[1] 8022
[1] 112  56
[1] 8023
[1] 112  88
[1] 8024
[1] 112  57
[1] 8025
[1] 112  81
[1] 8026
[1] 112  67
[1] 8027
[1] 112  97
[1] 8028
[1] 112  64
[1] 8029
[1] 112  89
[1] 8030
[1] 112  37
[1] 8031
[1] 112  30
[1] 8032
[1] 112  27
[1] 8033
[1] 112  36
[1] 8034
[1] 112  24
[1] 8035
[1] 112  30
[1] 8036
[1] 112  53
[1] 8037
[1] 112  45
[1] 8038
[1] 112  24
[1] 8039
[1] 112  20
[1] 8040
[1] 112  59
[1] 8041
[1] 112  71
[1] 8042
[1] 112  46
[1] 8043
[1] 112  23
[1] 8044
[1] 112  65
[1] 8045
[1] 112  68
[1] 8046
[1] 112  49
[1] 8047
[1] 112  27
[1] 8048
[1] 112  26
[1] 8049
[1] 112  68
[1] 8050
[1] 112  51
[1] 8051
[1] 112  66
[1] 8052
[1] 112  40
[1] 8053
[1] 112  53
[1] 8054
[1] 112  42
[1] 8055
[1] 112  31
[1] 8056
[1] 112  31
[1] 8057
[1] 112  62
[1] 8058
[1] 112  31
[1] 8059
[1] 112 124
[1] 8060
[1] 112  93
[1] 8061
[1] 112 164
[1] 8062
[1] 112  44
[1] 8063
[1] 112  35
[1] 8064
[1] 112  32
[1] 8065
[1] 112  56
[1] 8066
[1] 112  50
[1] 8067
[1] 112  51
[1] 8068
[1] 112  64
[1] 8069
[1] 112  58
[1] 8070
[1] 112  38
[1] 8071
[1] 112  23
[1] 8072
[1] 112  75
[1] 8073
[1] 112  72
[1] 8074
[1] 112  62
[1] 8075
[1] 112  73
[1] 8076
[1] 112  63
[1] 8077
[1] 112  63
[1] 8078
[1] 112  62
[1] 8079
[1] 112  63
[1] 8080
[1] 112  77
[1] 8081
[1] 112 110
[1] 8082
[1] 112  24
[1] 8083
[1] 112  65
[1] 8084
[1] 112  37
[1] 8085
[1] 112  52
[1] 8086
[1] 112  43
[1] 8087
[1] 112  34
[1] 8088
[1] 112  61
[1] 8089
[1] 112  93
[1] 8090
[1] 112  47
[1] 8091
[1] 112  56
[1] 8092
[1] 112  47
[1] 8093
[1] 112  59
[1] 8094
[1] 112  55
[1] 8095
[1] 112  22
[1] 8096
[1] 112  24
[1] 8097
[1] 112  23
[1] 8098
[1] 112  48
[1] 8099
[1] 112   1
[1] 8100
[1] 112  73
