[1] 601
[1] 112  26
[1] 602
[1] 112  40
[1] 603
[1] 112  72
[1] 604
[1] 112  77
[1] 605
[1] 112  93
[1] 606
[1] 112  83
[1] 607
[1] 112  21
[1] 608
[1] 112  22
[1] 609
[1] 112  29
[1] 610
[1] 112  30
[1] 611
[1] 112  58
[1] 612
[1] 112  49
[1] 613
[1] 112  39
[1] 614
[1] 112  57
[1] 615
[1] 112  34
[1] 616
[1] 112  28
[1] 617
[1] 112  60
[1] 618
[1] 112  63
[1] 619
[1] 112  44
[1] 620
[1] 112  22
[1] 621
[1] 112  40
[1] 622
[1] 112  54
[1] 623
[1] 112  96
[1] 624
[1] 112  65
[1] 625
[1] 112  53
[1] 626
[1] 112 110
[1] 627
[1] 112  42
[1] 628
[1] 112  98
[1] 629
[1] 112  32
[1] 630
[1] 112  30
[1] 631
[1] 112  48
[1] 632
[1] 112  44
[1] 633
[1] 112  57
[1] 634
[1] 112  62
[1] 635
[1] 112  72
[1] 636
[1] 112  35
[1] 637
[1] 112  42
[1] 638
[1] 112  34
[1] 639
[1] 112  65
[1] 640
[1] 112  34
[1] 641
[1] 112  39
[1] 642
[1] 112 276
[1] 643
[1] 112  34
[1] 644
[1] 112  62
[1] 645
[1] 112  67
[1] 646
[1] 112  85
[1] 647
[1] 112  33
[1] 648
[1] 112  56
[1] 649
[1] 112  67
[1] 650
[1] 112  32
[1] 651
[1] 112  38
[1] 652
[1] 112  27
[1] 653
[1] 112  22
[1] 654
[1] 112  51
[1] 655
[1] 112  34
[1] 656
[1] 112  30
[1] 657
[1] 112  70
[1] 658
[1] 112  40
[1] 659
[1] 112  94
[1] 660
[1] 112  52
[1] 661
[1] 112  82
[1] 662
[1] 112  34
[1] 663
[1] 112  40
[1] 664
[1] 112  26
[1] 665
[1] 112  63
[1] 666
[1] 112  34
[1] 667
[1] 112  56
[1] 668
[1] 112   8
[1] 669
[1] 112  28
[1] 670
[1] 112  57
[1] 671
[1] 112  60
[1] 672
[1] 112  25
[1] 673
[1] 112  51
[1] 674
[1] 112  25
[1] 675
[1] 112  39
[1] 676
[1] 112  62
[1] 677
[1] 112  37
[1] 678
[1] 112  45
[1] 679
[1] 112  90
[1] 680
[1] 112  58
[1] 681
[1] 112   6
[1] 682
[1] 112  19
[1] 683
[1] 112  19
[1] 684
[1] 112 103
[1] 685
[1] 112  20
[1] 686
[1] 112  18
[1] 687
[1] 112  16
[1] 688
[1] 112  26
[1] 689
[1] 112  22
[1] 690
[1] 112  87
[1] 691
[1] 112  28
[1] 692
[1] 112  78
[1] 693
[1] 112  53
[1] 694
[1] 112  61
[1] 695
[1] 112  91
[1] 696
[1] 112  18
[1] 697
[1] 112  86
[1] 698
[1] 112  46
[1] 699
[1] 112  47
[1] 700
[1] 112  41
