[1] 2801
[1] 112  42
[1] 2802
[1] 112  42
[1] 2803
[1] 112  29
[1] 2804
[1] 112  44
[1] 2805
[1] 112  36
[1] 2806
[1] 112  40
[1] 2807
[1] 112  48
[1] 2808
[1] 112  31
[1] 2809
[1] 112  40
[1] 2810
[1] 112  48
[1] 2811
[1] 112  24
[1] 2812
[1] 112  97
[1] 2813
[1] 112  17
[1] 2814
[1] 112  54
[1] 2815
[1] 112  27
[1] 2816
[1] 112  49
[1] 2817
[1] 112  52
[1] 2818
[1] 112  19
[1] 2819
[1] 112  46
[1] 2820
[1] 112  20
[1] 2821
[1] 112  18
[1] 2822
[1] 112  34
[1] 2823
[1] 112  18
[1] 2824
[1] 112  30
[1] 2825
[1] 112  25
[1] 2826
[1] 112  61
[1] 2827
[1] 112  69
[1] 2828
[1] 112  48
[1] 2829
[1] 112  40
[1] 2830
[1] 112  21
[1] 2831
[1] 112  45
[1] 2832
[1] 112  63
[1] 2833
[1] 112  42
[1] 2834
[1] 112  35
[1] 2835
[1] 112  75
[1] 2836
[1] 112 105
[1] 2837
[1] 112  70
[1] 2838
[1] 112  43
[1] 2839
[1] 112  41
[1] 2840
[1] 112  38
[1] 2841
[1] 112  43
[1] 2842
[1] 112  57
[1] 2843
[1] 112  17
[1] 2844
[1] 112  16
[1] 2845
[1] 112  27
[1] 2846
[1] 112  41
[1] 2847
[1] 112  42
[1] 2848
[1] 112  13
[1] 2849
[1] 112  14
[1] 2850
[1] 112  64
[1] 2851
[1] 112  42
[1] 2852
[1] 112  43
[1] 2853
[1] 112  37
[1] 2854
[1] 112  15
[1] 2855
[1] 112  74
[1] 2856
[1] 112  17
[1] 2857
[1] 112  30
[1] 2858
[1] 112  17
[1] 2859
[1] 112  44
[1] 2860
[1] 112  48
[1] 2861
[1] 112  56
[1] 2862
[1] 112  36
[1] 2863
[1] 112  26
[1] 2864
[1] 112  59
[1] 2865
[1] 112  69
[1] 2866
[1] 112  93
[1] 2867
[1] 112  71
[1] 2868
[1] 112  36
[1] 2869
[1] 112  38
[1] 2870
[1] 112  49
[1] 2871
[1] 112  41
[1] 2872
[1] 112  66
[1] 2873
[1] 112  36
[1] 2874
[1] 112  34
[1] 2875
[1] 112  20
[1] 2876
[1] 112  24
[1] 2877
[1] 112  18
[1] 2878
[1] 112  38
[1] 2879
[1] 112  53
[1] 2880
[1] 112  13
[1] 2881
[1] 112  45
[1] 2882
[1] 112  20
[1] 2883
[1] 112  38
[1] 2884
[1] 112  21
[1] 2885
[1] 112  47
[1] 2886
[1] 112  57
[1] 2887
[1] 112  36
[1] 2888
[1] 112  31
[1] 2889
[1] 112  34
[1] 2890
[1] 112  36
[1] 2891
[1] 112  50
[1] 2892
[1] 112  41
[1] 2893
[1] 112  41
[1] 2894
[1] 112  43
[1] 2895
[1] 112  23
[1] 2896
[1] 112  25
[1] 2897
[1] 112  24
[1] 2898
[1] 112  25
[1] 2899
[1] 112  25
[1] 2900
[1] 112  45
