[1] 8301
[1] 112  20
[1] 8302
[1] 112  75
[1] 8303
[1] 112  38
[1] 8304
[1] 112  36
[1] 8305
[1] 112  70
[1] 8306
[1] 112  79
[1] 8307
[1] 112  35
[1] 8308
[1] 112  34
[1] 8309
[1] 112  64
[1] 8310
[1] 112  73
[1] 8311
[1] 112  53
[1] 8312
[1] 112  80
[1] 8313
[1] 112  51
[1] 8314
[1] 112   2
[1] 8315
[1] 112   3
[1] 8316
[1] 112  16
[1] 8317
[1] 112  58
[1] 8318
[1] 112  54
[1] 8319
[1] 112  51
[1] 8320
[1] 112  21
[1] 8321
[1] 112 285
[1] 8322
[1] 112  39
[1] 8323
[1] 112  37
[1] 8324
[1] 112  15
[1] 8325
[1] 112  42
[1] 8326
[1] 112  55
[1] 8327
[1] 112  40
[1] 8328
[1] 112  22
[1] 8329
[1] 112  57
[1] 8330
[1] 112  36
[1] 8331
[1] 112  31
[1] 8332
[1] 112  60
[1] 8333
[1] 112  76
[1] 8334
[1] 112  27
[1] 8335
[1] 112  44
[1] 8336
[1] 112  45
[1] 8337
[1] 112  38
[1] 8338
[1] 112  72
[1] 8339
[1] 112  87
[1] 8340
[1] 112  50
[1] 8341
[1] 112  25
[1] 8342
[1] 112  54
[1] 8343
[1] 112  45
[1] 8344
[1] 112  45
[1] 8345
[1] 112  56
[1] 8346
[1] 112  64
[1] 8347
[1] 112  68
[1] 8348
[1] 112  48
[1] 8349
[1] 112  63
[1] 8350
[1] 112  34
[1] 8351
[1] 112  34
[1] 8352
[1] 112  19
[1] 8353
[1] 112  41
[1] 8354
[1] 112  40
[1] 8355
[1] 112  41
[1] 8356
[1] 112  60
[1] 8357
[1] 112  39
[1] 8358
[1] 112  78
[1] 8359
[1] 112  53
[1] 8360
[1] 112  37
[1] 8361
[1] 112  30
[1] 8362
[1] 112  27
[1] 8363
[1] 112  28
[1] 8364
[1] 112  78
[1] 8365
[1] 112  42
[1] 8366
[1] 112  42
[1] 8367
[1] 112  39
[1] 8368
[1] 112  52
[1] 8369
[1] 112  29
[1] 8370
[1] 112  52
[1] 8371
[1] 112  31
[1] 8372
[1] 112  45
[1] 8373
[1] 112  58
[1] 8374
[1] 112  71
[1] 8375
[1] 112  48
[1] 8376
[1] 112  48
[1] 8377
[1] 112  10
[1] 8378
[1] 112  33
[1] 8379
[1] 112 111
[1] 8380
[1] 112  72
[1] 8381
[1] 112  68
[1] 8382
[1] 112  48
[1] 8383
[1] 112  62
[1] 8384
[1] 112  37
[1] 8385
[1] 112  75
[1] 8386
[1] 112  38
[1] 8387
[1] 112  64
[1] 8388
[1] 112  18
[1] 8389
[1] 112  35
[1] 8390
[1] 112  20
[1] 8391
[1] 112  21
[1] 8392
[1] 112  86
[1] 8393
[1] 112  21
[1] 8394
[1] 112  37
[1] 8395
[1] 112  75
[1] 8396
[1] 112  65
[1] 8397
[1] 112  35
[1] 8398
[1] 112  23
[1] 8399
[1] 112  22
[1] 8400
[1] 112  44
