[1] 9901
[1] 112  18
[1] 9902
[1] 112  54
[1] 9903
[1] 112  38
[1] 9904
[1] 112  21
[1] 9905
[1] 112  56
[1] 9906
[1] 112  60
[1] 9907
[1] 112  50
[1] 9908
[1] 112  29
[1] 9909
[1] 112  20
[1] 9910
[1] 112  54
[1] 9911
[1] 112  33
[1] 9912
[1] 112  49
[1] 9913
[1] 112  61
[1] 9914
[1] 112  38
[1] 9915
[1] 112  74
[1] 9916
[1] 112  49
[1] 9917
[1] 112  54
[1] 9918
[1] 112  39
[1] 9919
[1] 112  74
[1] 9920
[1] 112  36
[1] 9921
[1] 112 112
[1] 9922
[1] 112  47
[1] 9923
[1] 112  57
[1] 9924
[1] 112  83
[1] 9925
[1] 112  36
[1] 9926
[1] 112  63
[1] 9927
[1] 112  46
[1] 9928
[1] 112  47
[1] 9929
[1] 112  54
[1] 9930
[1] 112  69
[1] 9931
[1] 112  18
[1] 9932
[1] 112  43
[1] 9933
[1] 112  10
[1] 9934
[1] 112  36
[1] 9935
[1] 112  51
[1] 9936
[1] 112  45
[1] 9937
[1] 112  83
[1] 9938
[1] 112  56
[1] 9939
[1] 112  54
[1] 9940
[1] 112  19
[1] 9941
[1] 112  35
[1] 9942
[1] 112  50
[1] 9943
[1] 112  34
[1] 9944
[1] 112  21
[1] 9945
[1] 112  48
[1] 9946
[1] 112  44
[1] 9947
[1] 112  64
[1] 9948
[1] 112  63
[1] 9949
[1] 112  30
[1] 9950
[1] 112  44
[1] 9951
[1] 112  66
[1] 9952
[1] 112  32
[1] 9953
[1] 112  35
[1] 9954
[1] 112  52
[1] 9955
[1] 112  44
[1] 9956
[1] 112  18
[1] 9957
[1] 112  54
[1] 9958
[1] 112  87
[1] 9959
[1] 112  42
[1] 9960
[1] 112  69
[1] 9961
[1] 112  59
[1] 9962
[1] 112  63
[1] 9963
[1] 112  49
[1] 9964
[1] 112  40
[1] 9965
[1] 112  43
[1] 9966
[1] 112  40
[1] 9967
[1] 112  42
[1] 9968
[1] 112  53
[1] 9969
[1] 112  74
[1] 9970
[1] 112  55
[1] 9971
[1] 112  70
[1] 9972
[1] 112  48
[1] 9973
[1] 112  74
[1] 9974
[1] 112  55
[1] 9975
[1] 112  36
[1] 9976
[1] 112  20
[1] 9977
[1] 112  53
[1] 9978
[1] 112  61
[1] 9979
[1] 112  79
[1] 9980
[1] 112   8
[1] 9981
[1] 112  27
[1] 9982
[1] 112  17
[1] 9983
[1] 112  18
[1] 9984
[1] 112  31
[1] 9985
[1] 112  52
[1] 9986
[1] 112  35
[1] 9987
[1] 112  61
[1] 9988
[1] 112  57
[1] 9989
[1] 112  67
[1] 9990
[1] 112  65
[1] 9991
[1] 112  57
[1] 9992
[1] 112  21
[1] 9993
[1] 112  35
[1] 9994
[1] 112  12
[1] 9995
[1] 112  21
[1] 9996
[1] 112  21
[1] 9997
[1] 112 173
[1] 9998
[1] 112  27
[1] 9999
[1] 112 177
[1] 10000
[1] 112  40
