[1] 8901
[1] 112  65
[1] 8902
[1] 112   8
[1] 8903
[1] 112  59
[1] 8904
[1] 112  27
[1] 8905
[1] 112  86
[1] 8906
[1] 112  84
[1] 8907
[1] 112  41
[1] 8908
[1] 112  67
[1] 8909
[1] 112  16
[1] 8910
[1] 112  24
[1] 8911
[1] 112  59
[1] 8912
[1] 112  25
[1] 8913
[1] 112  72
[1] 8914
[1] 112  75
[1] 8915
[1] 112  42
[1] 8916
[1] 112  46
[1] 8917
[1] 112  38
[1] 8918
[1] 112  49
[1] 8919
[1] 112  38
[1] 8920
[1] 112  32
[1] 8921
[1] 112  50
[1] 8922
[1] 112  57
[1] 8923
[1] 112 103
[1] 8924
[1] 112  58
[1] 8925
[1] 112  35
[1] 8926
[1] 112  28
[1] 8927
[1] 112  57
[1] 8928
[1] 112  65
[1] 8929
[1] 112  48
[1] 8930
[1] 112  25
[1] 8931
[1] 112  65
[1] 8932
[1] 112  69
[1] 8933
[1] 112  25
[1] 8934
[1] 112 160
[1] 8935
[1] 112  23
[1] 8936
[1] 112  58
[1] 8937
[1] 112 186
[1] 8938
[1] 112  57
[1] 8939
[1] 112  56
[1] 8940
[1] 112  53
[1] 8941
[1] 112  33
[1] 8942
[1] 112  63
[1] 8943
[1] 112  20
[1] 8944
[1] 112   9
[1] 8945
[1] 112  13
[1] 8946
[1] 112  43
[1] 8947
[1] 112  68
[1] 8948
[1] 112  48
[1] 8949
[1] 112   8
[1] 8950
[1] 112  71
[1] 8951
[1] 112  19
[1] 8952
[1] 112  32
[1] 8953
[1] 112  43
[1] 8954
[1] 112  49
[1] 8955
[1] 112  70
[1] 8956
[1] 112  44
[1] 8957
[1] 112  45
[1] 8958
[1] 112 152
[1] 8959
[1] 112  39
[1] 8960
[1] 112  49
[1] 8961
[1] 112  13
[1] 8962
[1] 112  94
[1] 8963
[1] 112  71
[1] 8964
[1] 112  55
[1] 8965
[1] 112  32
[1] 8966
[1] 112  64
[1] 8967
[1] 112  63
[1] 8968
[1] 112  83
[1] 8969
[1] 112  64
[1] 8970
[1] 112  42
[1] 8971
[1] 112 151
[1] 8972
[1] 112   1
[1] 8973
[1] 112  65
[1] 8974
[1] 112  48
[1] 8975
[1] 112  29
[1] 8976
[1] 112 182
[1] 8977
[1] 112  82
[1] 8978
[1] 112  32
[1] 8979
[1] 112  61
[1] 8980
[1] 112  47
[1] 8981
[1] 112  47
[1] 8982
[1] 112  97
[1] 8983
[1] 112  40
[1] 8984
[1] 112  36
[1] 8985
[1] 112  65
[1] 8986
[1] 112  73
[1] 8987
[1] 112  38
[1] 8988
[1] 112  17
[1] 8989
[1] 112  45
[1] 8990
[1] 112  64
[1] 8991
[1] 112  36
[1] 8992
[1] 112  18
[1] 8993
[1] 112  52
[1] 8994
[1] 112  48
[1] 8995
[1] 112  38
[1] 8996
[1] 112  60
[1] 8997
[1] 112  86
[1] 8998
[1] 112  10
[1] 8999
[1] 112  48
[1] 9000
[1] 112  59
