[1] 7201
[1] 112  39
[1] 7202
[1] 112  47
[1] 7203
[1] 112  91
[1] 7204
[1] 112  42
[1] 7205
[1] 112 122
[1] 7206
[1] 112  32
[1] 7207
[1] 112  48
[1] 7208
[1] 112  63
[1] 7209
[1] 112  99
[1] 7210
[1] 112  12
[1] 7211
[1] 112  70
[1] 7212
[1] 112  42
[1] 7213
[1] 112  45
[1] 7214
[1] 112  41
[1] 7215
[1] 112  45
[1] 7216
[1] 112  69
[1] 7217
[1] 112  40
[1] 7218
[1] 112  64
[1] 7219
[1] 112  42
[1] 7220
[1] 112  40
[1] 7221
[1] 112  47
[1] 7222
[1] 112  29
[1] 7223
[1] 112  41
[1] 7224
[1] 112  27
[1] 7225
[1] 112  56
[1] 7226
[1] 112  63
[1] 7227
[1] 112  47
[1] 7228
[1] 112  40
[1] 7229
[1] 112  44
[1] 7230
[1] 112  29
[1] 7231
[1] 112  26
[1] 7232
[1] 112  25
[1] 7233
[1] 112  38
[1] 7234
[1] 112  51
[1] 7235
[1] 112  82
[1] 7236
[1] 112  31
[1] 7237
[1] 112  52
[1] 7238
[1] 112  48
[1] 7239
[1] 112  56
[1] 7240
[1] 112  30
[1] 7241
[1] 112  46
[1] 7242
[1] 112  36
[1] 7243
[1] 112  63
[1] 7244
[1] 112  37
[1] 7245
[1] 112  59
[1] 7246
[1] 112  20
[1] 7247
[1] 112  74
[1] 7248
[1] 112  38
[1] 7249
[1] 112  70
[1] 7250
[1] 112  54
[1] 7251
[1] 112  49
[1] 7252
[1] 112  33
[1] 7253
[1] 112  37
[1] 7254
[1] 112  35
[1] 7255
[1] 112  34
[1] 7256
[1] 112  46
[1] 7257
[1] 112  40
[1] 7258
[1] 112  45
[1] 7259
[1] 112  75
[1] 7260
[1] 112  33
[1] 7261
[1] 112  40
[1] 7262
[1] 112  23
[1] 7263
[1] 112  57
[1] 7264
[1] 112  53
[1] 7265
[1] 112  47
[1] 7266
[1] 112  52
[1] 7267
[1] 112  66
[1] 7268
[1] 112  87
[1] 7269
[1] 112  37
[1] 7270
[1] 112  36
[1] 7271
[1] 112  51
[1] 7272
[1] 112  58
[1] 7273
[1] 112  48
[1] 7274
[1] 112  47
[1] 7275
[1] 112  56
[1] 7276
[1] 112  62
[1] 7277
[1] 112  60
[1] 7278
[1] 112  61
[1] 7279
[1] 112  49
[1] 7280
[1] 112  57
[1] 7281
[1] 112  61
[1] 7282
[1] 112  57
[1] 7283
[1] 112  34
[1] 7284
[1] 112  55
[1] 7285
[1] 112  40
[1] 7286
[1] 112  49
[1] 7287
[1] 112  77
[1] 7288
[1] 112 113
[1] 7289
[1] 112  67
[1] 7290
[1] 112  69
[1] 7291
[1] 112  59
[1] 7292
[1] 112  36
[1] 7293
[1] 112  59
[1] 7294
[1] 112  33
[1] 7295
[1] 112  90
[1] 7296
[1] 112  59
[1] 7297
[1] 112  69
[1] 7298
[1] 112  72
[1] 7299
[1] 112  31
[1] 7300
[1] 112  56
