[1] 1101
[1] 112  51
[1] 1102
[1] 112  18
[1] 1103
[1] 112  15
[1] 1104
[1] 112  17
[1] 1105
[1] 112  15
[1] 1106
[1] 112  65
[1] 1107
[1] 112  31
[1] 1108
[1] 112  57
[1] 1109
[1] 112  69
[1] 1110
[1] 112  36
[1] 1111
[1] 112  42
[1] 1112
[1] 112  36
[1] 1113
[1] 112  44
[1] 1114
[1] 112  46
[1] 1115
[1] 112  46
[1] 1116
[1] 112  47
[1] 1117
[1] 112  24
[1] 1118
[1] 112  48
[1] 1119
[1] 112  26
[1] 1120
[1] 112  99
[1] 1121
[1] 112  60
[1] 1122
[1] 112  69
[1] 1123
[1] 112  44
[1] 1124
[1] 112  39
[1] 1125
[1] 112  25
[1] 1126
[1] 112  32
[1] 1127
[1] 112  72
[1] 1128
[1] 112  66
[1] 1129
[1] 112  48
[1] 1130
[1] 112  23
[1] 1131
[1] 112  75
[1] 1132
[1] 112  56
[1] 1133
[1] 112  69
[1] 1134
[1] 112  81
[1] 1135
[1] 112  55
[1] 1136
[1] 112  58
[1] 1137
[1] 112  64
[1] 1138
[1] 112  57
[1] 1139
[1] 112  69
[1] 1140
[1] 112  36
[1] 1141
[1] 112  30
[1] 1142
[1] 112  35
[1] 1143
[1] 112  30
[1] 1144
[1] 112  84
[1] 1145
[1] 112  29
[1] 1146
[1] 112  36
[1] 1147
[1] 112  75
[1] 1148
[1] 112  63
[1] 1149
[1] 112  55
[1] 1150
[1] 112  33
[1] 1151
[1] 112  41
[1] 1152
[1] 112  40
[1] 1153
[1] 112  50
[1] 1154
[1] 112  46
[1] 1155
[1] 112  69
[1] 1156
[1] 112  32
[1] 1157
[1] 112  38
[1] 1158
[1] 112  74
[1] 1159
[1] 112  63
[1] 1160
[1] 112  58
[1] 1161
[1] 112  61
[1] 1162
[1] 112  69
[1] 1163
[1] 112  57
[1] 1164
[1] 112  37
[1] 1165
[1] 112  55
[1] 1166
[1] 112  28
[1] 1167
[1] 112  59
[1] 1168
[1] 112  35
[1] 1169
[1] 112  42
[1] 1170
[1] 112  37
[1] 1171
[1] 112  67
[1] 1172
[1] 112  42
[1] 1173
[1] 112  53
[1] 1174
[1] 112  49
[1] 1175
[1] 112  26
[1] 1176
[1] 112  26
[1] 1177
[1] 112  29
[1] 1178
[1] 112  73
[1] 1179
[1] 112  58
[1] 1180
[1] 112  13
[1] 1181
[1] 112  59
[1] 1182
[1] 112  16
[1] 1183
[1] 112 102
[1] 1184
[1] 112  79
[1] 1185
[1] 112  31
[1] 1186
[1] 112  69
[1] 1187
[1] 112  90
[1] 1188
[1] 112  70
[1] 1189
[1] 112  74
[1] 1190
[1] 112  84
[1] 1191
[1] 112  65
[1] 1192
[1] 112  75
[1] 1193
[1] 112  37
[1] 1194
[1] 112  38
[1] 1195
[1] 112  42
[1] 1196
[1] 112  81
[1] 1197
[1] 112  13
[1] 1198
[1] 112  18
[1] 1199
[1] 112  52
[1] 1200
[1] 112  49
