[1] 7001
[1] 112  65
[1] 7002
[1] 112  59
[1] 7003
[1] 112  63
[1] 7004
[1] 112  62
[1] 7005
[1] 112  61
[1] 7006
[1] 112  67
[1] 7007
[1] 112  32
[1] 7008
[1] 112  47
[1] 7009
[1] 112  40
[1] 7010
[1] 112  37
[1] 7011
[1] 112  83
[1] 7012
[1] 112  70
[1] 7013
[1] 112  22
[1] 7014
[1] 112  37
[1] 7015
[1] 112  38
[1] 7016
[1] 112  38
[1] 7017
[1] 112  50
[1] 7018
[1] 112  36
[1] 7019
[1] 112  41
[1] 7020
[1] 112  59
[1] 7021
[1] 112  77
[1] 7022
[1] 112  25
[1] 7023
[1] 112  60
[1] 7024
[1] 112  37
[1] 7025
[1] 112  41
[1] 7026
[1] 112  46
[1] 7027
[1] 112  46
[1] 7028
[1] 112  53
[1] 7029
[1] 112  38
[1] 7030
[1] 112  42
[1] 7031
[1] 112  46
[1] 7032
[1] 112  42
[1] 7033
[1] 112  23
[1] 7034
[1] 112  53
[1] 7035
[1] 112  41
[1] 7036
[1] 112  41
[1] 7037
[1] 112  21
[1] 7038
[1] 112  20
[1] 7039
[1] 112  31
[1] 7040
[1] 112  19
[1] 7041
[1] 112  20
[1] 7042
[1] 112  20
[1] 7043
[1] 112  20
[1] 7044
[1] 112  23
[1] 7045
[1] 112  25
[1] 7046
[1] 112  44
[1] 7047
[1] 112  25
[1] 7048
[1] 112  19
[1] 7049
[1] 112  27
[1] 7050
[1] 112  18
[1] 7051
[1] 112  16
[1] 7052
[1] 112  18
[1] 7053
[1] 112  29
[1] 7054
[1] 112  30
[1] 7055
[1] 112  15
[1] 7056
[1] 112  13
[1] 7057
[1] 112  12
[1] 7058
[1] 112  18
[1] 7059
[1] 112  23
[1] 7060
[1] 112  17
[1] 7061
[1] 112  21
[1] 7062
[1] 112  53
[1] 7063
[1] 112  47
[1] 7064
[1] 112  30
[1] 7065
[1] 112  30
[1] 7066
[1] 112  40
[1] 7067
[1] 112  67
[1] 7068
[1] 112  51
[1] 7069
[1] 112  57
[1] 7070
[1] 112  66
[1] 7071
[1] 112  41
[1] 7072
[1] 112  44
[1] 7073
[1] 112  56
[1] 7074
[1] 112  70
[1] 7075
[1] 112  31
[1] 7076
[1] 112  24
[1] 7077
[1] 112  30
[1] 7078
[1] 112  47
[1] 7079
[1] 112  27
[1] 7080
[1] 112  26
[1] 7081
[1] 112  72
[1] 7082
[1] 112  68
[1] 7083
[1] 112  24
[1] 7084
[1] 112  33
[1] 7085
[1] 112  32
[1] 7086
[1] 112  41
[1] 7087
[1] 112  94
[1] 7088
[1] 112  16
[1] 7089
[1] 112  45
[1] 7090
[1] 112  43
[1] 7091
[1] 112  41
[1] 7092
[1] 112  58
[1] 7093
[1] 112  28
[1] 7094
[1] 112  36
[1] 7095
[1] 112  70
[1] 7096
[1] 112  58
[1] 7097
[1] 112  83
[1] 7098
[1] 112  52
[1] 7099
[1] 112  60
[1] 7100
[1] 112  56
