[1] 2701
[1] 112  49
[1] 2702
[1] 112  61
[1] 2703
[1] 112  45
[1] 2704
[1] 112  64
[1] 2705
[1] 112  42
[1] 2706
[1] 112  37
[1] 2707
[1] 112  46
[1] 2708
[1] 112  48
[1] 2709
[1] 112  26
[1] 2710
[1] 112  48
[1] 2711
[1] 112  49
[1] 2712
[1] 112  59
[1] 2713
[1] 112 109
[1] 2714
[1] 112  68
[1] 2715
[1] 112  21
[1] 2716
[1] 112  75
[1] 2717
[1] 112  29
[1] 2718
[1] 112  28
[1] 2719
[1] 112  25
[1] 2720
[1] 112  12
[1] 2721
[1] 112  18
[1] 2722
[1] 112  23
[1] 2723
[1] 112  52
[1] 2724
[1] 112  28
[1] 2725
[1] 112  27
[1] 2726
[1] 112  23
[1] 2727
[1] 112  58
[1] 2728
[1] 112  23
[1] 2729
[1] 112  27
[1] 2730
[1] 112  41
[1] 2731
[1] 112  46
[1] 2732
[1] 112  67
[1] 2733
[1] 112  75
[1] 2734
[1] 112  58
[1] 2735
[1] 112  60
[1] 2736
[1] 112  62
[1] 2737
[1] 112  84
[1] 2738
[1] 112  71
[1] 2739
[1] 112  46
[1] 2740
[1] 112  68
[1] 2741
[1] 112  63
[1] 2742
[1] 112  51
[1] 2743
[1] 112  83
[1] 2744
[1] 112  82
[1] 2745
[1] 112  44
[1] 2746
[1] 112  30
[1] 2747
[1] 112  49
[1] 2748
[1] 112  59
[1] 2749
[1] 112  31
[1] 2750
[1] 112  64
[1] 2751
[1] 112 176
[1] 2752
[1] 112  62
[1] 2753
[1] 112  60
[1] 2754
[1] 112  69
[1] 2755
[1] 112  64
[1] 2756
[1] 112  33
[1] 2757
[1] 112  59
[1] 2758
[1] 112  31
[1] 2759
[1] 112  14
[1] 2760
[1] 112  32
[1] 2761
[1] 112  51
[1] 2762
[1] 112  61
[1] 2763
[1] 112  51
[1] 2764
[1] 112  42
[1] 2765
[1] 112  51
[1] 2766
[1] 112  43
[1] 2767
[1] 112  47
[1] 2768
[1] 112  37
[1] 2769
[1] 112  33
[1] 2770
[1] 112  57
[1] 2771
[1] 112  67
[1] 2772
[1] 112  83
[1] 2773
[1] 112  55
[1] 2774
[1] 112  36
[1] 2775
[1] 112  60
[1] 2776
[1] 112  45
[1] 2777
[1] 112  80
[1] 2778
[1] 112  75
[1] 2779
[1] 112  68
[1] 2780
[1] 112  56
[1] 2781
[1] 112  62
[1] 2782
[1] 112  70
[1] 2783
[1] 112  68
[1] 2784
[1] 112  40
[1] 2785
[1] 112  26
[1] 2786
[1] 112  49
[1] 2787
[1] 112  24
[1] 2788
[1] 112  54
[1] 2789
[1] 112  73
[1] 2790
[1] 112  59
[1] 2791
[1] 112  78
[1] 2792
[1] 112  81
[1] 2793
[1] 112  35
[1] 2794
[1] 112  53
[1] 2795
[1] 112  33
[1] 2796
[1] 112  29
[1] 2797
[1] 112  57
[1] 2798
[1] 112  37
[1] 2799
[1] 112  69
[1] 2800
[1] 112  23
