[1] 4601
[1] 112  36
[1] 4602
[1] 112  18
[1] 4603
[1] 112  23
[1] 4604
[1] 112  66
[1] 4605
[1] 112  58
[1] 4606
[1] 112  45
[1] 4607
[1] 112  60
[1] 4608
[1] 112  44
[1] 4609
[1] 112 116
[1] 4610
[1] 112  58
[1] 4611
[1] 112  97
[1] 4612
[1] 112  19
[1] 4613
[1] 112  14
[1] 4614
[1] 112  13
[1] 4615
[1] 112  72
[1] 4616
[1] 112  87
[1] 4617
[1] 112  84
[1] 4618
[1] 112  36
[1] 4619
[1] 112  84
[1] 4620
[1] 112  46
[1] 4621
[1] 112  52
[1] 4622
[1] 112  46
[1] 4623
[1] 112  32
[1] 4624
[1] 112  59
[1] 4625
[1] 112  32
[1] 4626
[1] 112  46
[1] 4627
[1] 112  45
[1] 4628
[1] 112  59
[1] 4629
[1] 112  47
[1] 4630
[1] 112  17
[1] 4631
[1] 112  71
[1] 4632
[1] 112  55
[1] 4633
[1] 112  23
[1] 4634
[1] 112  34
[1] 4635
[1] 112  53
[1] 4636
[1] 112  58
[1] 4637
[1] 112  49
[1] 4638
[1] 112  32
[1] 4639
[1] 112  28
[1] 4640
[1] 112  44
[1] 4641
[1] 112  61
[1] 4642
[1] 112  83
[1] 4643
[1] 112  23
[1] 4644
[1] 112  32
[1] 4645
[1] 112  26
[1] 4646
[1] 112  50
[1] 4647
[1] 112  20
[1] 4648
[1] 112  39
[1] 4649
[1] 112  57
[1] 4650
[1] 112  79
[1] 4651
[1] 112  23
[1] 4652
[1] 112  31
[1] 4653
[1] 112  46
[1] 4654
[1] 112  81
[1] 4655
[1] 112  26
[1] 4656
[1] 112  43
[1] 4657
[1] 112  54
[1] 4658
[1] 112  43
[1] 4659
[1] 112  50
[1] 4660
[1] 112  45
[1] 4661
[1] 112  56
[1] 4662
[1] 112  29
[1] 4663
[1] 112  14
[1] 4664
[1] 112  62
[1] 4665
[1] 112  13
[1] 4666
[1] 112  40
[1] 4667
[1] 112  64
[1] 4668
[1] 112  42
[1] 4669
[1] 112  38
[1] 4670
[1] 112  55
[1] 4671
[1] 112  29
[1] 4672
[1] 112  55
[1] 4673
[1] 112  46
[1] 4674
[1] 112  85
[1] 4675
[1] 112  16
[1] 4676
[1] 112  46
[1] 4677
[1] 112  30
[1] 4678
[1] 112  39
[1] 4679
[1] 112  21
[1] 4680
[1] 112  57
[1] 4681
[1] 112  57
[1] 4682
[1] 112  50
[1] 4683
[1] 112  28
[1] 4684
[1] 112  62
[1] 4685
[1] 112  42
[1] 4686
[1] 112 102
[1] 4687
[1] 112  45
[1] 4688
[1] 112  47
[1] 4689
[1] 112  31
[1] 4690
[1] 112  45
[1] 4691
[1] 112  96
[1] 4692
[1] 112  64
[1] 4693
[1] 112  19
[1] 4694
[1] 112 114
[1] 4695
[1] 112  55
[1] 4696
[1] 112  72
[1] 4697
[1] 112  64
[1] 4698
[1] 112 119
[1] 4699
[1] 112  58
[1] 4700
[1] 112  64
