[1] 4301
[1] 112  25
[1] 4302
[1] 112  28
[1] 4303
[1] 112  26
[1] 4304
[1] 112  88
[1] 4305
[1] 112  60
[1] 4306
[1] 112  48
[1] 4307
[1] 112  48
[1] 4308
[1] 112  55
[1] 4309
[1] 112  48
[1] 4310
[1] 112  73
[1] 4311
[1] 112  16
[1] 4312
[1] 112  48
[1] 4313
[1] 112  17
[1] 4314
[1] 112  53
[1] 4315
[1] 112  28
[1] 4316
[1] 112  46
[1] 4317
[1] 112  51
[1] 4318
[1] 112  34
[1] 4319
[1] 112  25
[1] 4320
[1] 112  35
[1] 4321
[1] 112  23
[1] 4322
[1] 112  24
[1] 4323
[1] 112  23
[1] 4324
[1] 112  48
[1] 4325
[1] 112  28
[1] 4326
[1] 112  59
[1] 4327
[1] 112  66
[1] 4328
[1] 112  41
[1] 4329
[1] 112  59
[1] 4330
[1] 112 113
[1] 4331
[1] 112  70
[1] 4332
[1] 112  56
[1] 4333
[1] 112  31
[1] 4334
[1] 112  29
[1] 4335
[1] 112  61
[1] 4336
[1] 112  60
[1] 4337
[1] 112  55
[1] 4338
[1] 112  58
[1] 4339
[1] 112  64
[1] 4340
[1] 112  70
[1] 4341
[1] 112  47
[1] 4342
[1] 112  49
[1] 4343
[1] 112  60
[1] 4344
[1] 112  54
[1] 4345
[1] 112 114
[1] 4346
[1] 112  75
[1] 4347
[1] 112  61
[1] 4348
[1] 112  81
[1] 4349
[1] 112  31
[1] 4350
[1] 112  33
[1] 4351
[1] 112  53
[1] 4352
[1] 112  82
[1] 4353
[1] 112  76
[1] 4354
[1] 112 113
[1] 4355
[1] 112  60
[1] 4356
[1] 112  54
[1] 4357
[1] 112  71
[1] 4358
[1] 112  67
[1] 4359
[1] 112  59
[1] 4360
[1] 112  48
[1] 4361
[1] 112  80
[1] 4362
[1] 112  68
[1] 4363
[1] 112  48
[1] 4364
[1] 112  58
[1] 4365
[1] 112  52
[1] 4366
[1] 112  35
[1] 4367
[1] 112  18
[1] 4368
[1] 112  60
[1] 4369
[1] 112  72
[1] 4370
[1] 112  44
[1] 4371
[1] 112 150
[1] 4372
[1] 112  44
[1] 4373
[1] 112  57
[1] 4374
[1] 112  92
[1] 4375
[1] 112  24
[1] 4376
[1] 112  49
[1] 4377
[1] 112  89
[1] 4378
[1] 112  56
[1] 4379
[1] 112  71
[1] 4380
[1] 112  28
[1] 4381
[1] 112  57
[1] 4382
[1] 112  34
[1] 4383
[1] 112  31
[1] 4384
[1] 112  62
[1] 4385
[1] 112  62
[1] 4386
[1] 112  55
[1] 4387
[1] 112  69
[1] 4388
[1] 112  66
[1] 4389
[1] 112  30
[1] 4390
[1] 112  53
[1] 4391
[1] 112  34
[1] 4392
[1] 112  19
[1] 4393
[1] 112  18
[1] 4394
[1] 112  40
[1] 4395
[1] 112  53
[1] 4396
[1] 112  69
[1] 4397
[1] 112  89
[1] 4398
[1] 112  39
[1] 4399
[1] 112  59
[1] 4400
[1] 112  40
