[1] 1401
[1] 112  74
[1] 1402
[1] 112  66
[1] 1403
[1] 112  78
[1] 1404
[1] 112  67
[1] 1405
[1] 112  65
[1] 1406
[1] 112  63
[1] 1407
[1] 112  71
[1] 1408
[1] 112  69
[1] 1409
[1] 112  62
[1] 1410
[1] 112  81
[1] 1411
[1] 112  65
[1] 1412
[1] 112  65
[1] 1413
[1] 112  63
[1] 1414
[1] 112  31
[1] 1415
[1] 112  34
[1] 1416
[1] 112  44
[1] 1417
[1] 112  35
[1] 1418
[1] 112  34
[1] 1419
[1] 112  63
[1] 1420
[1] 112  89
[1] 1421
[1] 112  61
[1] 1422
[1] 112  55
[1] 1423
[1] 112  79
[1] 1424
[1] 112  43
[1] 1425
[1] 112  43
[1] 1426
[1] 112  43
[1] 1427
[1] 112  43
[1] 1428
[1] 112  40
[1] 1429
[1] 112  43
[1] 1430
[1] 112  52
[1] 1431
[1] 112  29
[1] 1432
[1] 112  45
[1] 1433
[1] 112  51
[1] 1434
[1] 112  56
[1] 1435
[1] 112  57
[1] 1436
[1] 112  58
[1] 1437
[1] 112  56
[1] 1438
[1] 112  37
[1] 1439
[1] 112  64
[1] 1440
[1] 112  57
[1] 1441
[1] 112  60
[1] 1442
[1] 112  54
[1] 1443
[1] 112  74
[1] 1444
[1] 112  42
[1] 1445
[1] 112  50
[1] 1446
[1] 112  33
[1] 1447
[1] 112  56
[1] 1448
[1] 112  52
[1] 1449
[1] 112  49
[1] 1450
[1] 112 102
[1] 1451
[1] 112  52
[1] 1452
[1] 112  97
[1] 1453
[1] 112  30
[1] 1454
[1] 112  52
[1] 1455
[1] 112  98
[1] 1456
[1] 112  42
[1] 1457
[1] 112  96
[1] 1458
[1] 112  44
[1] 1459
[1] 112  46
[1] 1460
[1] 112  18
[1] 1461
[1] 112  49
[1] 1462
[1] 112  50
[1] 1463
[1] 112  29
[1] 1464
[1] 112  36
[1] 1465
[1] 112  41
[1] 1466
[1] 112  64
[1] 1467
[1] 112  35
[1] 1468
[1] 112  37
[1] 1469
[1] 112  31
[1] 1470
[1] 112  32
[1] 1471
[1] 112  33
[1] 1472
[1] 112  34
[1] 1473
[1] 112  39
[1] 1474
[1] 112  35
[1] 1475
[1] 112  34
[1] 1476
[1] 112  86
[1] 1477
[1] 112  38
[1] 1478
[1] 112  83
[1] 1479
[1] 112  35
[1] 1480
[1] 112  61
[1] 1481
[1] 112  67
[1] 1482
[1] 112  96
[1] 1483
[1] 112  86
[1] 1484
[1] 112  40
[1] 1485
[1] 112  59
[1] 1486
[1] 112  38
[1] 1487
[1] 112  76
[1] 1488
[1] 112  43
[1] 1489
[1] 112  83
[1] 1490
[1] 112  63
[1] 1491
[1] 112  42
[1] 1492
[1] 112  46
[1] 1493
[1] 112  61
[1] 1494
[1] 112  64
[1] 1495
[1] 112  63
[1] 1496
[1] 112  62
[1] 1497
[1] 112  53
[1] 1498
[1] 112  63
[1] 1499
[1] 112  42
[1] 1500
[1] 112  51
