[1] 5801
[1] 112  63
[1] 5802
[1] 112  45
[1] 5803
[1] 112  73
[1] 5804
[1] 112  59
[1] 5805
[1] 112  38
[1] 5806
[1] 112  44
[1] 5807
[1] 112  57
[1] 5808
[1] 112  40
[1] 5809
[1] 112  61
[1] 5810
[1] 112 189
[1] 5811
[1] 112  63
[1] 5812
[1] 112  96
[1] 5813
[1] 112  87
[1] 5814
[1] 112  94
[1] 5815
[1] 112  94
[1] 5816
[1] 112  91
[1] 5817
[1] 112  94
[1] 5818
[1] 112 104
[1] 5819
[1] 112  95
[1] 5820
[1] 112  87
[1] 5821
[1] 112  57
[1] 5822
[1] 112  35
[1] 5823
[1] 112  58
[1] 5824
[1] 112  39
[1] 5825
[1] 112  36
[1] 5826
[1] 112  38
[1] 5827
[1] 112  43
[1] 5828
[1] 112  51
[1] 5829
[1] 112  42
[1] 5830
[1] 112  57
[1] 5831
[1] 112  58
[1] 5832
[1] 112  60
[1] 5833
[1] 112  35
[1] 5834
[1] 112  63
[1] 5835
[1] 112  57
[1] 5836
[1] 112  65
[1] 5837
[1] 112   9
[1] 5838
[1] 112  34
[1] 5839
[1] 112  56
[1] 5840
[1] 112  86
[1] 5841
[1] 112  46
[1] 5842
[1] 112 100
[1] 5843
[1] 112  94
[1] 5844
[1] 112  41
[1] 5845
[1] 112  43
[1] 5846
[1] 112  38
[1] 5847
[1] 112  42
[1] 5848
[1] 112  41
[1] 5849
[1] 112  30
[1] 5850
[1] 112  26
[1] 5851
[1] 112  50
[1] 5852
[1] 112  54
[1] 5853
[1] 112  53
[1] 5854
[1] 112  61
[1] 5855
[1] 112  40
[1] 5856
[1] 112  16
[1] 5857
[1] 112  65
[1] 5858
[1] 112  56
[1] 5859
[1] 112 102
[1] 5860
[1] 112  27
[1] 5861
[1] 112  50
[1] 5862
[1] 112  63
[1] 5863
[1] 112  49
[1] 5864
[1] 112  51
[1] 5865
[1] 112  37
[1] 5866
[1] 112  37
[1] 5867
[1] 112  22
[1] 5868
[1] 112  34
[1] 5869
[1] 112  41
[1] 5870
[1] 112  73
[1] 5871
[1] 112  48
[1] 5872
[1] 112  43
[1] 5873
[1] 112  41
[1] 5874
[1] 112  20
[1] 5875
[1] 112  47
[1] 5876
[1] 112  24
[1] 5877
[1] 112  78
[1] 5878
[1] 112  86
[1] 5879
[1] 112  68
[1] 5880
[1] 112  70
[1] 5881
[1] 112  29
[1] 5882
[1] 112  52
[1] 5883
[1] 112  47
[1] 5884
[1] 112  31
[1] 5885
[1] 112  48
[1] 5886
[1] 112  42
[1] 5887
[1] 112  44
[1] 5888
[1] 112  31
[1] 5889
[1] 112  43
[1] 5890
[1] 112  63
[1] 5891
[1] 112  68
[1] 5892
[1] 112  58
[1] 5893
[1] 112 137
[1] 5894
[1] 112  51
[1] 5895
[1] 112  48
[1] 5896
[1] 112  40
[1] 5897
[1] 112  51
[1] 5898
[1] 112  51
[1] 5899
[1] 112  63
[1] 5900
[1] 112  78
