[1] 7401
[1] 112  43
[1] 7402
[1] 112  46
[1] 7403
[1] 112  17
[1] 7404
[1] 112  40
[1] 7405
[1] 112  17
[1] 7406
[1] 112  27
[1] 7407
[1] 112  35
[1] 7408
[1] 112  37
[1] 7409
[1] 112  37
[1] 7410
[1] 112  56
[1] 7411
[1] 112  35
[1] 7412
[1] 112  86
[1] 7413
[1] 112  76
[1] 7414
[1] 112  86
[1] 7415
[1] 112  56
[1] 7416
[1] 112  26
[1] 7417
[1] 112  16
[1] 7418
[1] 112  61
[1] 7419
[1] 112  40
[1] 7420
[1] 112 101
[1] 7421
[1] 112  78
[1] 7422
[1] 112  75
[1] 7423
[1] 112  47
[1] 7424
[1] 112  54
[1] 7425
[1] 112   9
[1] 7426
[1] 112  57
[1] 7427
[1] 112   8
[1] 7428
[1] 112  52
[1] 7429
[1] 112  50
[1] 7430
[1] 112  57
[1] 7431
[1] 112  36
[1] 7432
[1] 112  36
[1] 7433
[1] 112  52
[1] 7434
[1] 112  17
[1] 7435
[1] 112  23
[1] 7436
[1] 112  29
[1] 7437
[1] 112  12
[1] 7438
[1] 112  65
[1] 7439
[1] 112  57
[1] 7440
[1] 112  40
[1] 7441
[1] 112  49
[1] 7442
[1] 112  26
[1] 7443
[1] 112 162
[1] 7444
[1] 112  31
[1] 7445
[1] 112  38
[1] 7446
[1] 112  26
[1] 7447
[1] 112  32
[1] 7448
[1] 112  43
[1] 7449
[1] 112  32
[1] 7450
[1] 112  41
[1] 7451
[1] 112  34
[1] 7452
[1] 112  33
[1] 7453
[1] 112  37
[1] 7454
[1] 112  33
[1] 7455
[1] 112  65
[1] 7456
[1] 112  32
[1] 7457
[1] 112  18
[1] 7458
[1] 112  30
[1] 7459
[1] 112  21
[1] 7460
[1] 112  19
[1] 7461
[1] 112  35
[1] 7462
[1] 112  63
[1] 7463
[1] 112  38
[1] 7464
[1] 112  52
[1] 7465
[1] 112  21
[1] 7466
[1] 112  51
[1] 7467
[1] 112  21
[1] 7468
[1] 112  66
[1] 7469
[1] 112  62
[1] 7470
[1] 112  29
[1] 7471
[1] 112  48
[1] 7472
[1] 112  53
[1] 7473
[1] 112  38
[1] 7474
[1] 112  37
[1] 7475
[1] 112  32
[1] 7476
[1] 112  20
[1] 7477
[1] 112  55
[1] 7478
[1] 112  54
[1] 7479
[1] 112  61
[1] 7480
[1] 112  45
[1] 7481
[1] 112  13
[1] 7482
[1] 112  34
[1] 7483
[1] 112  52
[1] 7484
[1] 112  38
[1] 7485
[1] 112  58
[1] 7486
[1] 112  36
[1] 7487
[1] 112  33
[1] 7488
[1] 112  33
[1] 7489
[1] 112  31
[1] 7490
[1] 112  31
[1] 7491
[1] 112  29
[1] 7492
[1] 112  39
[1] 7493
[1] 112  17
[1] 7494
[1] 112  21
[1] 7495
[1] 112  44
[1] 7496
[1] 112  40
[1] 7497
[1] 112  54
[1] 7498
[1] 112  60
[1] 7499
[1] 112  31
[1] 7500
[1] 112  50
