[1] 701
[1] 112  50
[1] 702
[1] 112  36
[1] 703
[1] 112  53
[1] 704
[1] 112  55
[1] 705
[1] 112  89
[1] 706
[1] 112 131
[1] 707
[1] 112  49
[1] 708
[1] 112  63
[1] 709
[1] 112  10
[1] 710
[1] 112  10
[1] 711
[1] 112  29
[1] 712
[1] 112  51
[1] 713
[1] 112 157
[1] 714
[1] 112   8
[1] 715
[1] 112  46
[1] 716
[1] 112  53
[1] 717
[1] 112  43
[1] 718
[1] 112  35
[1] 719
[1] 112  31
[1] 720
[1] 112  57
[1] 721
[1] 112  65
[1] 722
[1] 112  54
[1] 723
[1] 112  85
[1] 724
[1] 112  68
[1] 725
[1] 112  72
[1] 726
[1] 112  73
[1] 727
[1] 112  43
[1] 728
[1] 112  80
[1] 729
[1] 112  59
[1] 730
[1] 112  78
[1] 731
[1] 112  69
[1] 732
[1] 112  35
[1] 733
[1] 112  60
[1] 734
[1] 112  53
[1] 735
[1] 112  62
[1] 736
[1] 112  46
[1] 737
[1] 112  73
[1] 738
[1] 112  58
[1] 739
[1] 112  23
[1] 740
[1] 112  75
[1] 741
[1] 112  66
[1] 742
[1] 112  37
[1] 743
[1] 112  48
[1] 744
[1] 112  18
[1] 745
[1] 112  45
[1] 746
[1] 112  51
[1] 747
[1] 112  28
[1] 748
[1] 112  56
[1] 749
[1] 112  51
[1] 750
[1] 112  37
[1] 751
[1] 112  30
[1] 752
[1] 112  52
[1] 753
[1] 112  65
[1] 754
[1] 112  75
[1] 755
[1] 112  84
[1] 756
[1] 112  38
[1] 757
[1] 112 102
[1] 758
[1] 112  64
[1] 759
[1] 112  72
[1] 760
[1] 112  76
[1] 761
[1] 112  71
[1] 762
[1] 112  58
[1] 763
[1] 112 141
[1] 764
[1] 112  24
[1] 765
[1] 112  78
[1] 766
[1] 112  42
[1] 767
[1] 112  47
[1] 768
[1] 112  48
[1] 769
[1] 112  61
[1] 770
[1] 112  57
[1] 771
[1] 112  46
[1] 772
[1] 112  57
[1] 773
[1] 112  54
[1] 774
[1] 112  25
[1] 775
[1] 112  46
[1] 776
[1] 112  26
[1] 777
[1] 112  46
[1] 778
[1] 112  42
[1] 779
[1] 112  33
[1] 780
[1] 112  30
[1] 781
[1] 112  60
[1] 782
[1] 112  43
[1] 783
[1] 112  20
[1] 784
[1] 112  15
[1] 785
[1] 112  49
[1] 786
[1] 112  35
[1] 787
[1] 112  55
[1] 788
[1] 112  31
[1] 789
[1] 112  38
[1] 790
[1] 112  29
[1] 791
[1] 112  33
[1] 792
[1] 112  28
[1] 793
[1] 112  69
[1] 794
[1] 112  54
[1] 795
[1] 112  72
[1] 796
[1] 112  23
[1] 797
[1] 112  78
[1] 798
[1] 112  64
[1] 799
[1] 112  55
[1] 800
[1] 112  69
