[1] 8401
[1] 112  63
[1] 8402
[1] 112  39
[1] 8403
[1] 112  36
[1] 8404
[1] 112  11
[1] 8405
[1] 112  39
[1] 8406
[1] 112  35
[1] 8407
[1] 112  41
[1] 8408
[1] 112  58
[1] 8409
[1] 112  39
[1] 8410
[1] 112  52
[1] 8411
[1] 112  66
[1] 8412
[1] 112  40
[1] 8413
[1] 112  59
[1] 8414
[1] 112  46
[1] 8415
[1] 112  18
[1] 8416
[1] 112  44
[1] 8417
[1] 112  72
[1] 8418
[1] 112  20
[1] 8419
[1] 112 130
[1] 8420
[1] 112  47
[1] 8421
[1] 112  46
[1] 8422
[1] 112  26
[1] 8423
[1] 112  46
[1] 8424
[1] 112  35
[1] 8425
[1] 112  36
[1] 8426
[1] 112  33
[1] 8427
[1] 112  45
[1] 8428
[1] 112  43
[1] 8429
[1] 112  64
[1] 8430
[1] 112  45
[1] 8431
[1] 112  39
[1] 8432
[1] 112  32
[1] 8433
[1] 112  96
[1] 8434
[1] 112  42
[1] 8435
[1] 112  60
[1] 8436
[1] 112  20
[1] 8437
[1] 112  59
[1] 8438
[1] 112  44
[1] 8439
[1] 112  34
[1] 8440
[1] 112  58
[1] 8441
[1] 112  43
[1] 8442
[1] 112  40
[1] 8443
[1] 112  33
[1] 8444
[1] 112 147
[1] 8445
[1] 112  61
[1] 8446
[1] 112  40
[1] 8447
[1] 112  32
[1] 8448
[1] 112  49
[1] 8449
[1] 112  78
[1] 8450
[1] 112  53
[1] 8451
[1] 112 102
[1] 8452
[1] 112  50
[1] 8453
[1] 112  25
[1] 8454
[1] 112  75
[1] 8455
[1] 112  57
[1] 8456
[1] 112  21
[1] 8457
[1] 112  38
[1] 8458
[1] 112  26
[1] 8459
[1] 112  39
[1] 8460
[1] 112  49
[1] 8461
[1] 112  27
[1] 8462
[1] 112  37
[1] 8463
[1] 112  68
[1] 8464
[1] 112  60
[1] 8465
[1] 112  46
[1] 8466
[1] 112  52
[1] 8467
[1] 112  25
[1] 8468
[1] 112  66
[1] 8469
[1] 112  27
[1] 8470
[1] 112  52
[1] 8471
[1] 112  34
[1] 8472
[1] 112  76
[1] 8473
[1] 112  73
[1] 8474
[1] 112  98
[1] 8475
[1] 112  56
[1] 8476
[1] 112  62
[1] 8477
[1] 112  33
[1] 8478
[1] 112  44
[1] 8479
[1] 112  47
[1] 8480
[1] 112  63
[1] 8481
[1] 112 138
[1] 8482
[1] 112  19
[1] 8483
[1] 112  22
[1] 8484
[1] 112  65
[1] 8485
[1] 112  44
[1] 8486
[1] 112  55
[1] 8487
[1] 112  54
[1] 8488
[1] 112  18
[1] 8489
[1] 112  46
[1] 8490
[1] 112  61
[1] 8491
[1] 112  30
[1] 8492
[1] 112  30
[1] 8493
[1] 112  27
[1] 8494
[1] 112  66
[1] 8495
[1] 112  12
[1] 8496
[1] 112  23
[1] 8497
[1] 112  65
[1] 8498
[1] 112  56
[1] 8499
[1] 112  56
[1] 8500
[1] 112  94
