[1] 2201
[1] 112  30
[1] 2202
[1] 112 104
[1] 2203
[1] 112 104
[1] 2204
[1] 112  36
[1] 2205
[1] 112  35
[1] 2206
[1] 112   6
[1] 2207
[1] 112  52
[1] 2208
[1] 112  49
[1] 2209
[1] 112  79
[1] 2210
[1] 112  63
[1] 2211
[1] 112  65
[1] 2212
[1] 112  65
[1] 2213
[1] 112  52
[1] 2214
[1] 112  56
[1] 2215
[1] 112  51
[1] 2216
[1] 112  35
[1] 2217
[1] 112  33
[1] 2218
[1] 112  30
[1] 2219
[1] 112  90
[1] 2220
[1] 112  53
[1] 2221
[1] 112  58
[1] 2222
[1] 112  19
[1] 2223
[1] 112  58
[1] 2224
[1] 112 160
[1] 2225
[1] 112 139
[1] 2226
[1] 112  46
[1] 2227
[1] 112  42
[1] 2228
[1] 112  53
[1] 2229
[1] 112  62
[1] 2230
[1] 112  67
[1] 2231
[1] 112  48
[1] 2232
[1] 112  51
[1] 2233
[1] 112  65
[1] 2234
[1] 112  80
[1] 2235
[1] 112  44
[1] 2236
[1] 112  51
[1] 2237
[1] 112  65
[1] 2238
[1] 112  60
[1] 2239
[1] 112  32
[1] 2240
[1] 112  48
[1] 2241
[1] 112  43
[1] 2242
[1] 112  44
[1] 2243
[1] 112  34
[1] 2244
[1] 112  61
[1] 2245
[1] 112  36
[1] 2246
[1] 112  59
[1] 2247
[1] 112  57
[1] 2248
[1] 112  76
[1] 2249
[1] 112  47
[1] 2250
[1] 112  51
[1] 2251
[1] 112  40
[1] 2252
[1] 112  66
[1] 2253
[1] 112  41
[1] 2254
[1] 112  53
[1] 2255
[1] 112  76
[1] 2256
[1] 112  33
[1] 2257
[1] 112  50
[1] 2258
[1] 112  55
[1] 2259
[1] 112  75
[1] 2260
[1] 112  54
[1] 2261
[1] 112  67
[1] 2262
[1] 112  92
[1] 2263
[1] 112  19
[1] 2264
[1] 112  14
[1] 2265
[1] 112  74
[1] 2266
[1] 112  50
[1] 2267
[1] 112  44
[1] 2268
[1] 112  59
[1] 2269
[1] 112  76
[1] 2270
[1] 112  46
[1] 2271
[1] 112  45
[1] 2272
[1] 112  23
[1] 2273
[1] 112  20
[1] 2274
[1] 112  20
[1] 2275
[1] 112  35
[1] 2276
[1] 112  31
[1] 2277
[1] 112  61
[1] 2278
[1] 112  30
[1] 2279
[1] 112  30
[1] 2280
[1] 112  47
[1] 2281
[1] 112  48
[1] 2282
[1] 112  87
[1] 2283
[1] 112  56
[1] 2284
[1] 112  58
[1] 2285
[1] 112  47
[1] 2286
[1] 112  52
[1] 2287
[1] 112  64
[1] 2288
[1] 112  88
[1] 2289
[1] 112  48
[1] 2290
[1] 112  59
[1] 2291
[1] 112  44
[1] 2292
[1] 112  65
[1] 2293
[1] 112  74
[1] 2294
[1] 112  27
[1] 2295
[1] 112  57
[1] 2296
[1] 112  58
[1] 2297
[1] 112  30
[1] 2298
[1] 112  75
[1] 2299
[1] 112  38
[1] 2300
[1] 112  41
