[1] 9501
[1] 112  63
[1] 9502
[1] 112  23
[1] 9503
[1] 112  44
[1] 9504
[1] 112  28
[1] 9505
[1] 112  74
[1] 9506
[1] 112  48
[1] 9507
[1] 112  46
[1] 9508
[1] 112  14
[1] 9509
[1] 112  14
[1] 9510
[1] 112 343
[1] 9511
[1] 112  96
[1] 9512
[1] 112  74
[1] 9513
[1] 112  20
[1] 9514
[1] 112  51
[1] 9515
[1] 112  37
[1] 9516
[1] 112  42
[1] 9517
[1] 112  23
[1] 9518
[1] 112  47
[1] 9519
[1] 112  45
[1] 9520
[1] 112  57
[1] 9521
[1] 112  30
[1] 9522
[1] 112  51
[1] 9523
[1] 112  60
[1] 9524
[1] 112  86
[1] 9525
[1] 112  43
[1] 9526
[1] 112  57
[1] 9527
[1] 112  55
[1] 9528
[1] 112  28
[1] 9529
[1] 112  33
[1] 9530
[1] 112  31
[1] 9531
[1] 112  68
[1] 9532
[1] 112  67
[1] 9533
[1] 112  40
[1] 9534
[1] 112  11
[1] 9535
[1] 112  73
[1] 9536
[1] 112  35
[1] 9537
[1] 112  21
[1] 9538
[1] 112  20
[1] 9539
[1] 112  14
[1] 9540
[1] 112   8
[1] 9541
[1] 112  59
[1] 9542
[1] 112  26
[1] 9543
[1] 112  19
[1] 9544
[1] 112  39
[1] 9545
[1] 112  37
[1] 9546
[1] 112  68
[1] 9547
[1] 112  55
[1] 9548
[1] 112  64
[1] 9549
[1] 112  68
[1] 9550
[1] 112  20
[1] 9551
[1] 112  30
[1] 9552
[1] 112  21
[1] 9553
[1] 112  69
[1] 9554
[1] 112  59
[1] 9555
[1] 112  47
[1] 9556
[1] 112  76
[1] 9557
[1] 112  60
[1] 9558
[1] 112  23
[1] 9559
[1] 112  71
[1] 9560
[1] 112  60
[1] 9561
[1] 112  93
[1] 9562
[1] 112  26
[1] 9563
[1] 112  49
[1] 9564
[1] 112  43
[1] 9565
[1] 112  52
[1] 9566
[1] 112  39
[1] 9567
[1] 112  21
[1] 9568
[1] 112  35
[1] 9569
[1] 112  32
[1] 9570
[1] 112  56
[1] 9571
[1] 112  51
[1] 9572
[1] 112  93
[1] 9573
[1] 112  16
[1] 9574
[1] 112  59
[1] 9575
[1] 112  35
[1] 9576
[1] 112  14
[1] 9577
[1] 112  62
[1] 9578
[1] 112  37
[1] 9579
[1] 112  98
[1] 9580
[1] 112  40
[1] 9581
[1] 112  58
[1] 9582
[1] 112   5
[1] 9583
[1] 112  36
[1] 9584
[1] 112  30
[1] 9585
[1] 112  69
[1] 9586
[1] 112  39
[1] 9587
[1] 112  14
[1] 9588
[1] 112  71
[1] 9589
[1] 112  79
[1] 9590
[1] 112  48
[1] 9591
[1] 112  45
[1] 9592
[1] 112  38
[1] 9593
[1] 112  62
[1] 9594
[1] 112   9
[1] 9595
[1] 112  43
[1] 9596
[1] 112  75
[1] 9597
[1] 112  44
[1] 9598
[1] 112  64
[1] 9599
[1] 112   6
[1] 9600
[1] 112  35
