[1] 8101
[1] 104   1
[1] 8102
[1] 104  66
[1] 8103
[1] 104  40
[1] 8104
[1] 104  17
[1] 8105
[1] 104  79
[1] 8106
[1] 104  57
[1] 8107
[1] 104  42
[1] 8108
[1] 104  19
[1] 8109
[1] 104  41
[1] 8110
[1] 104  78
[1] 8111
[1] 104  59
[1] 8112
[1] 104  55
[1] 8113
[1] 104  57
[1] 8114
[1] 104  56
[1] 8115
[1] 104  15
[1] 8116
[1] 104  13
[1] 8117
[1] 104  28
[1] 8118
[1] 104  37
[1] 8119
[1] 104 291
[1] 8120
[1] 104  43
[1] 8121
[1] 104  62
[1] 8122
[1] 104  43
[1] 8123
[1] 104  86
[1] 8124
[1] 104  78
[1] 8125
[1] 104  44
[1] 8126
[1] 104  62
[1] 8127
[1] 104  64
[1] 8128
[1] 104  58
[1] 8129
[1] 104  46
[1] 8130
[1] 104  62
[1] 8131
[1] 104  75
[1] 8132
[1] 104  46
[1] 8133
[1] 104  69
[1] 8134
[1] 104  43
[1] 8135
[1] 104  59
[1] 8136
[1] 104  61
[1] 8137
[1] 104  23
[1] 8138
[1] 104  82
[1] 8139
[1] 104  43
[1] 8140
[1] 104  82
[1] 8141
[1] 104  32
[1] 8142
[1] 104  38
[1] 8143
[1] 104  59
[1] 8144
[1] 104  45
[1] 8145
[1] 104  68
[1] 8146
[1] 104  31
[1] 8147
[1] 104 117
[1] 8148
[1] 104  26
[1] 8149
[1] 104  58
[1] 8150
[1] 104  34
[1] 8151
[1] 104  25
[1] 8152
[1] 104  49
[1] 8153
[1] 104  40
[1] 8154
[1] 104  12
[1] 8155
[1] 104  36
[1] 8156
[1] 104  22
[1] 8157
[1] 104  38
[1] 8158
[1] 104  33
[1] 8159
[1] 104  37
[1] 8160
[1] 104  69
[1] 8161
[1] 104  49
[1] 8162
[1] 104  34
[1] 8163
[1] 104  51
[1] 8164
[1] 104  49
[1] 8165
[1] 104  36
[1] 8166
[1] 104  68
[1] 8167
[1] 104  26
[1] 8168
[1] 104  44
[1] 8169
[1] 104  45
[1] 8170
[1] 104  67
[1] 8171
[1] 104  33
[1] 8172
[1] 104  16
[1] 8173
[1] 104  16
[1] 8174
[1] 104  17
[1] 8175
[1] 104  41
[1] 8176
[1] 104  42
[1] 8177
[1] 104  49
[1] 8178
[1] 104  17
[1] 8179
[1] 104  51
[1] 8180
[1] 104  48
[1] 8181
[1] 104  50
[1] 8182
[1] 104 111
[1] 8183
[1] 104  45
[1] 8184
[1] 104  16
[1] 8185
[1] 104  38
[1] 8186
[1] 104  44
[1] 8187
[1] 104  87
[1] 8188
[1] 104  45
[1] 8189
[1] 104  53
[1] 8190
[1] 104  15
[1] 8191
[1] 104  44
[1] 8192
[1] 104  33
[1] 8193
[1] 104  19
[1] 8194
[1] 104  31
[1] 8195
[1] 104  31
[1] 8196
[1] 104  31
[1] 8197
[1] 104  55
[1] 8198
[1] 104  19
[1] 8199
[1] 104  25
[1] 8200
[1] 104  67
