[1] 9801
[1] 104  38
[1] 9802
[1] 104  27
[1] 9803
[1] 104  40
[1] 9804
[1] 104  64
[1] 9805
[1] 104  60
[1] 9806
[1] 104  31
[1] 9807
[1] 104  68
[1] 9808
[1] 104  22
[1] 9809
[1] 104  90
[1] 9810
[1] 104  43
[1] 9811
[1] 104  70
[1] 9812
[1] 104  20
[1] 9813
[1] 104  52
[1] 9814
[1] 104  62
[1] 9815
[1] 104  55
[1] 9816
[1] 104  49
[1] 9817
[1] 104  22
[1] 9818
[1] 104  40
[1] 9819
[1] 104  50
[1] 9820
[1] 104  30
[1] 9821
[1] 104  51
[1] 9822
[1] 104  60
[1] 9823
[1] 104  41
[1] 9824
[1] 104  32
[1] 9825
[1] 104  24
[1] 9826
[1] 104  33
[1] 9827
[1] 104  27
[1] 9828
[1] 104  74
[1] 9829
[1] 104  41
[1] 9830
[1] 104  42
[1] 9831
[1] 104  63
[1] 9832
[1] 104  17
[1] 9833
[1] 104  47
[1] 9834
[1] 104  49
[1] 9835
[1] 104  57
[1] 9836
[1] 104  40
[1] 9837
[1] 104  22
[1] 9838
[1] 104  58
[1] 9839
[1] 104  67
[1] 9840
[1] 104  42
[1] 9841
[1] 104  29
[1] 9842
[1] 104  73
[1] 9843
[1] 104  44
[1] 9844
[1] 104  27
[1] 9845
[1] 104  55
[1] 9846
[1] 104  60
[1] 9847
[1] 104  64
[1] 9848
[1] 104  32
[1] 9849
[1] 104  27
[1] 9850
[1] 104  42
[1] 9851
[1] 104  57
[1] 9852
[1] 104  35
[1] 9853
[1] 104  41
[1] 9854
[1] 104  21
[1] 9855
[1] 104  56
[1] 9856
[1] 104  34
[1] 9857
[1] 104  37
[1] 9858
[1] 104  73
[1] 9859
[1] 104  74
[1] 9860
[1] 104  40
[1] 9861
[1] 104  60
[1] 9862
[1] 104  52
[1] 9863
[1] 104  55
[1] 9864
[1] 104  10
[1] 9865
[1] 104  70
[1] 9866
[1] 104  66
[1] 9867
[1] 104  31
[1] 9868
[1] 104  46
[1] 9869
[1] 104  56
[1] 9870
[1] 104  55
[1] 9871
[1] 104  43
[1] 9872
[1] 104  29
[1] 9873
[1] 104  73
[1] 9874
[1] 104  58
[1] 9875
[1] 104  45
[1] 9876
[1] 104  51
[1] 9877
[1] 104  15
[1] 9878
[1] 104  38
[1] 9879
[1] 104 324
[1] 9880
[1] 104  55
[1] 9881
[1] 104  23
[1] 9882
[1] 104  36
[1] 9883
[1] 104  60
[1] 9884
[1] 104  50
[1] 9885
[1] 104  52
[1] 9886
[1] 104  55
[1] 9887
[1] 104  89
[1] 9888
[1] 104  48
[1] 9889
[1] 104  50
[1] 9890
[1] 104  93
[1] 9891
[1] 104  80
[1] 9892
[1] 104  51
[1] 9893
[1] 104  91
[1] 9894
[1] 104  40
[1] 9895
[1] 104  82
[1] 9896
[1] 104  50
[1] 9897
[1] 104  58
[1] 9898
[1] 104  70
[1] 9899
[1] 104  31
[1] 9900
[1] 104  43
