[1] 5301
[1] 104  66
[1] 5302
[1] 104  37
[1] 5303
[1] 104  57
[1] 5304
[1] 104  58
[1] 5305
[1] 104  74
[1] 5306
[1] 104  65
[1] 5307
[1] 104  41
[1] 5308
[1] 104  65
[1] 5309
[1] 104  41
[1] 5310
[1] 104  45
[1] 5311
[1] 104  30
[1] 5312
[1] 104  49
[1] 5313
[1] 104  61
[1] 5314
[1] 104  53
[1] 5315
[1] 104  61
[1] 5316
[1] 104  64
[1] 5317
[1] 104  55
[1] 5318
[1] 104  70
[1] 5319
[1] 104  42
[1] 5320
[1] 104  51
[1] 5321
[1] 104  81
[1] 5322
[1] 104  57
[1] 5323
[1] 104  65
[1] 5324
[1] 104  31
[1] 5325
[1] 104  57
[1] 5326
[1] 104  55
[1] 5327
[1] 104  27
[1] 5328
[1] 104  72
[1] 5329
[1] 104  73
[1] 5330
[1] 104  56
[1] 5331
[1] 104  91
[1] 5332
[1] 104  44
[1] 5333
[1] 104  75
[1] 5334
[1] 104  45
[1] 5335
[1] 104  35
[1] 5336
[1] 104  58
[1] 5337
[1] 104  44
[1] 5338
[1] 104  56
[1] 5339
[1] 104  46
[1] 5340
[1] 104  44
[1] 5341
[1] 104  90
[1] 5342
[1] 104  50
[1] 5343
[1] 104  47
[1] 5344
[1] 104  64
[1] 5345
[1] 104  82
[1] 5346
[1] 104  52
[1] 5347
[1] 104  53
[1] 5348
[1] 104  68
[1] 5349
[1] 104  51
[1] 5350
[1] 104  34
[1] 5351
[1] 104  65
[1] 5352
[1] 104  64
[1] 5353
[1] 104  35
[1] 5354
[1] 104  63
[1] 5355
[1] 104   8
[1] 5356
[1] 104   8
[1] 5357
[1] 104  39
[1] 5358
[1] 104  62
[1] 5359
[1] 104  15
[1] 5360
[1] 104  20
[1] 5361
[1] 104  17
[1] 5362
[1] 104  63
[1] 5363
[1] 104  66
[1] 5364
[1] 104  59
[1] 5365
[1] 104  69
[1] 5366
[1] 104  62
[1] 5367
[1] 104  40
[1] 5368
[1] 104  48
[1] 5369
[1] 104  57
[1] 5370
[1] 104  34
[1] 5371
[1] 104  37
[1] 5372
[1] 104  38
[1] 5373
[1] 104  32
[1] 5374
[1] 104  52
[1] 5375
[1] 104  30
[1] 5376
[1] 104  49
[1] 5377
[1] 104  58
[1] 5378
[1] 104  51
[1] 5379
[1] 104  39
[1] 5380
[1] 104  68
[1] 5381
[1] 104  42
[1] 5382
[1] 104  33
[1] 5383
[1] 104  71
[1] 5384
[1] 104  54
[1] 5385
[1] 104  40
[1] 5386
[1] 104  59
[1] 5387
[1] 104  50
[1] 5388
[1] 104  62
[1] 5389
[1] 104  65
[1] 5390
[1] 104  86
[1] 5391
[1] 104  66
[1] 5392
[1] 104  39
[1] 5393
[1] 104  51
[1] 5394
[1] 104  50
[1] 5395
[1] 104  72
[1] 5396
[1] 104  94
[1] 5397
[1] 104  44
[1] 5398
[1] 104  54
[1] 5399
[1] 104  49
[1] 5400
[1] 104  62
