[1] 2501
[1] 104  28
[1] 2502
[1] 104  28
[1] 2503
[1] 104  91
[1] 2504
[1] 104  72
[1] 2505
[1] 104  77
[1] 2506
[1] 104  62
[1] 2507
[1] 104  87
[1] 2508
[1] 104  51
[1] 2509
[1] 104  37
[1] 2510
[1] 104  37
[1] 2511
[1] 104  37
[1] 2512
[1] 104  51
[1] 2513
[1] 104  32
[1] 2514
[1] 104  32
[1] 2515
[1] 104  35
[1] 2516
[1] 104  52
[1] 2517
[1] 104  51
[1] 2518
[1] 104  48
[1] 2519
[1] 104  40
[1] 2520
[1] 104  88
[1] 2521
[1] 104  32
[1] 2522
[1] 104  41
[1] 2523
[1] 104  38
[1] 2524
[1] 104  51
[1] 2525
[1] 104  63
[1] 2526
[1] 104  57
[1] 2527
[1] 104  41
[1] 2528
[1] 104  36
[1] 2529
[1] 104  55
[1] 2530
[1] 104  42
[1] 2531
[1] 104  57
[1] 2532
[1] 104  29
[1] 2533
[1] 104  41
[1] 2534
[1] 104  45
[1] 2535
[1] 104  45
[1] 2536
[1] 104  29
[1] 2537
[1] 104  54
[1] 2538
[1] 104  65
[1] 2539
[1] 104  63
[1] 2540
[1] 104  52
[1] 2541
[1] 104  74
[1] 2542
[1] 104  78
[1] 2543
[1] 104  71
[1] 2544
[1] 104  50
[1] 2545
[1] 104  53
[1] 2546
[1] 104  54
[1] 2547
[1] 104  51
[1] 2548
[1] 104  55
[1] 2549
[1] 104  58
[1] 2550
[1] 104  72
[1] 2551
[1] 104  13
[1] 2552
[1] 104  13
[1] 2553
[1] 104  13
[1] 2554
[1] 104  58
[1] 2555
[1] 104  24
[1] 2556
[1] 104  62
[1] 2557
[1] 104  58
[1] 2558
[1] 104  21
[1] 2559
[1] 104  19
[1] 2560
[1] 104  59
[1] 2561
[1] 104  16
[1] 2562
[1] 104  60
[1] 2563
[1] 104  60
[1] 2564
[1] 104  17
[1] 2565
[1] 104  20
[1] 2566
[1] 104  36
[1] 2567
[1] 104  34
[1] 2568
[1] 104  34
[1] 2569
[1] 104  41
[1] 2570
[1] 104  49
[1] 2571
[1] 104  55
[1] 2572
[1] 104  82
[1] 2573
[1] 104  38
[1] 2574
[1] 104  35
[1] 2575
[1] 104  19
[1] 2576
[1] 104  65
[1] 2577
[1] 104  40
[1] 2578
[1] 104  76
[1] 2579
[1] 104  30
[1] 2580
[1] 104  59
[1] 2581
[1] 104  43
[1] 2582
[1] 104  54
[1] 2583
[1] 104  58
[1] 2584
[1] 104  61
[1] 2585
[1] 104  66
[1] 2586
[1] 104  39
[1] 2587
[1] 104  50
[1] 2588
[1] 104  62
[1] 2589
[1] 104  40
[1] 2590
[1] 104  67
[1] 2591
[1] 104  39
[1] 2592
[1] 104  38
[1] 2593
[1] 104  62
[1] 2594
[1] 104  41
[1] 2595
[1] 104  49
[1] 2596
[1] 104  50
[1] 2597
[1] 104  50
[1] 2598
[1] 104  52
[1] 2599
[1] 104  54
[1] 2600
[1] 104  76
