[1] 8701
[1] 104  29
[1] 8702
[1] 104  67
[1] 8703
[1] 104  34
[1] 8704
[1] 104  73
[1] 8705
[1] 104  63
[1] 8706
[1] 104  65
[1] 8707
[1] 104  31
[1] 8708
[1] 104  36
[1] 8709
[1] 104  64
[1] 8710
[1] 104  21
[1] 8711
[1] 104  55
[1] 8712
[1] 104  52
[1] 8713
[1] 104  32
[1] 8714
[1] 104  24
[1] 8715
[1] 104  46
[1] 8716
[1] 104  32
[1] 8717
[1] 104  53
[1] 8718
[1] 104  21
[1] 8719
[1] 104  97
[1] 8720
[1] 104  21
[1] 8721
[1] 104  20
[1] 8722
[1] 104  18
[1] 8723
[1] 104  73
[1] 8724
[1] 104 138
[1] 8725
[1] 104  48
[1] 8726
[1] 104  31
[1] 8727
[1] 104 317
[1] 8728
[1] 104  38
[1] 8729
[1] 104  28
[1] 8730
[1] 104  50
[1] 8731
[1] 104  30
[1] 8732
[1] 104  61
[1] 8733
[1] 104  59
[1] 8734
[1] 104  19
[1] 8735
[1] 104  13
[1] 8736
[1] 104  36
[1] 8737
[1] 104  88
[1] 8738
[1] 104  30
[1] 8739
[1] 104  82
[1] 8740
[1] 104  35
[1] 8741
[1] 104  62
[1] 8742
[1] 104  56
[1] 8743
[1] 104  35
[1] 8744
[1] 104  50
[1] 8745
[1] 104  45
[1] 8746
[1] 104   8
[1] 8747
[1] 104  55
[1] 8748
[1] 104  10
[1] 8749
[1] 104  49
[1] 8750
[1] 104  45
[1] 8751
[1] 104   9
[1] 8752
[1] 104  60
[1] 8753
[1] 104  33
[1] 8754
[1] 104  62
[1] 8755
[1] 104  11
[1] 8756
[1] 104  11
[1] 8757
[1] 104  47
[1] 8758
[1] 104  39
[1] 8759
[1] 104  12
[1] 8760
[1] 104  66
[1] 8761
[1] 104  12
[1] 8762
[1] 104  20
[1] 8763
[1] 104  51
[1] 8764
[1] 104  68
[1] 8765
[1] 104  61
[1] 8766
[1] 104  78
[1] 8767
[1] 104  17
[1] 8768
[1] 104  11
[1] 8769
[1] 104  51
[1] 8770
[1] 104  71
[1] 8771
[1] 104  73
[1] 8772
[1] 104  22
[1] 8773
[1] 104  28
[1] 8774
[1] 104  27
[1] 8775
[1] 104  69
[1] 8776
[1] 104  25
[1] 8777
[1] 104  51
[1] 8778
[1] 104  57
[1] 8779
[1] 104  80
[1] 8780
[1] 104  17
[1] 8781
[1] 104  62
[1] 8782
[1] 104  73
[1] 8783
[1] 104  71
[1] 8784
[1] 104  30
[1] 8785
[1] 104  25
[1] 8786
[1] 104  59
[1] 8787
[1] 104  60
[1] 8788
[1] 104  18
[1] 8789
[1] 104  60
[1] 8790
[1] 104  47
[1] 8791
[1] 104  69
[1] 8792
[1] 104  62
[1] 8793
[1] 104  37
[1] 8794
[1] 104  38
[1] 8795
[1] 104  52
[1] 8796
[1] 104  58
[1] 8797
[1] 104  55
[1] 8798
[1] 104  55
[1] 8799
[1] 104  57
[1] 8800
[1] 104  70
