[1] 601
[1] 104  26
[1] 602
[1] 104  40
[1] 603
[1] 104  72
[1] 604
[1] 104  77
[1] 605
[1] 104  93
[1] 606
[1] 104  83
[1] 607
[1] 104  21
[1] 608
[1] 104  22
[1] 609
[1] 104  29
[1] 610
[1] 104  30
[1] 611
[1] 104  58
[1] 612
[1] 104  49
[1] 613
[1] 104  39
[1] 614
[1] 104  57
[1] 615
[1] 104  34
[1] 616
[1] 104  28
[1] 617
[1] 104  60
[1] 618
[1] 104  63
[1] 619
[1] 104  44
[1] 620
[1] 104  22
[1] 621
[1] 104  40
[1] 622
[1] 104  54
[1] 623
[1] 104  96
[1] 624
[1] 104  65
[1] 625
[1] 104  53
[1] 626
[1] 104 110
[1] 627
[1] 104  42
[1] 628
[1] 104  98
[1] 629
[1] 104  32
[1] 630
[1] 104  30
[1] 631
[1] 104  48
[1] 632
[1] 104  44
[1] 633
[1] 104  57
[1] 634
[1] 104  62
[1] 635
[1] 104  72
[1] 636
[1] 104  35
[1] 637
[1] 104  42
[1] 638
[1] 104  34
[1] 639
[1] 104  65
[1] 640
[1] 104  34
[1] 641
[1] 104  39
[1] 642
[1] 104 276
[1] 643
[1] 104  34
[1] 644
[1] 104  62
[1] 645
[1] 104  67
[1] 646
[1] 104  85
[1] 647
[1] 104  33
[1] 648
[1] 104  56
[1] 649
[1] 104  67
[1] 650
[1] 104  32
[1] 651
[1] 104  38
[1] 652
[1] 104  27
[1] 653
[1] 104  22
[1] 654
[1] 104  51
[1] 655
[1] 104  34
[1] 656
[1] 104  30
[1] 657
[1] 104  70
[1] 658
[1] 104  40
[1] 659
[1] 104  94
[1] 660
[1] 104  52
[1] 661
[1] 104  82
[1] 662
[1] 104  34
[1] 663
[1] 104  40
[1] 664
[1] 104  26
[1] 665
[1] 104  63
[1] 666
[1] 104  34
[1] 667
[1] 104  56
[1] 668
[1] 104   8
[1] 669
[1] 104  28
[1] 670
[1] 104  57
[1] 671
[1] 104  60
[1] 672
[1] 104  25
[1] 673
[1] 104  51
[1] 674
[1] 104  25
[1] 675
[1] 104  39
[1] 676
[1] 104  62
[1] 677
[1] 104  37
[1] 678
[1] 104  45
[1] 679
[1] 104  90
[1] 680
[1] 104  58
[1] 681
[1] 104   6
[1] 682
[1] 104  19
[1] 683
[1] 104  19
[1] 684
[1] 104 103
[1] 685
[1] 104  20
[1] 686
[1] 104  18
[1] 687
[1] 104  16
[1] 688
[1] 104  26
[1] 689
[1] 104  22
[1] 690
[1] 104  87
[1] 691
[1] 104  28
[1] 692
[1] 104  78
[1] 693
[1] 104  53
[1] 694
[1] 104  61
[1] 695
[1] 104  91
[1] 696
[1] 104  18
[1] 697
[1] 104  86
[1] 698
[1] 104  46
[1] 699
[1] 104  47
[1] 700
[1] 104  41
