[1] 3301
[1] 104  39
[1] 3302
[1] 104  26
[1] 3303
[1] 104  51
[1] 3304
[1] 104  32
[1] 3305
[1] 104  69
[1] 3306
[1] 104  49
[1] 3307
[1] 104  68
[1] 3308
[1] 104  19
[1] 3309
[1] 104  42
[1] 3310
[1] 104  37
[1] 3311
[1] 104  65
[1] 3312
[1] 104  57
[1] 3313
[1] 104  49
[1] 3314
[1] 104  51
[1] 3315
[1] 104  49
[1] 3316
[1] 104  40
[1] 3317
[1] 104  45
[1] 3318
[1] 104  61
[1] 3319
[1] 104  58
[1] 3320
[1] 104  42
[1] 3321
[1] 104  39
[1] 3322
[1] 104  43
[1] 3323
[1] 104  42
[1] 3324
[1] 104  44
[1] 3325
[1] 104  49
[1] 3326
[1] 104  57
[1] 3327
[1] 104  66
[1] 3328
[1] 104  30
[1] 3329
[1] 104  45
[1] 3330
[1] 104  30
[1] 3331
[1] 104  33
[1] 3332
[1] 104  46
[1] 3333
[1] 104  60
[1] 3334
[1] 104  74
[1] 3335
[1] 104  60
[1] 3336
[1] 104  81
[1] 3337
[1] 104  55
[1] 3338
[1] 104 104
[1] 3339
[1] 104  55
[1] 3340
[1] 104  28
[1] 3341
[1] 104 113
[1] 3342
[1] 104  41
[1] 3343
[1] 104  33
[1] 3344
[1] 104  63
[1] 3345
[1] 104  29
[1] 3346
[1] 104  24
[1] 3347
[1] 104  45
[1] 3348
[1] 104  16
[1] 3349
[1] 104  39
[1] 3350
[1] 104  54
[1] 3351
[1] 104  52
[1] 3352
[1] 104  62
[1] 3353
[1] 104  53
[1] 3354
[1] 104  53
[1] 3355
[1] 104  46
[1] 3356
[1] 104  35
[1] 3357
[1] 104  47
[1] 3358
[1] 104 100
[1] 3359
[1] 104  54
[1] 3360
[1] 104  71
[1] 3361
[1] 104  27
[1] 3362
[1] 104  26
[1] 3363
[1] 104  78
[1] 3364
[1] 104  64
[1] 3365
[1] 104  35
[1] 3366
[1] 104  25
[1] 3367
[1] 104  33
[1] 3368
[1] 104  62
[1] 3369
[1] 104  23
[1] 3370
[1] 104  40
[1] 3371
[1] 104  37
[1] 3372
[1] 104  26
[1] 3373
[1] 104  43
[1] 3374
[1] 104  26
[1] 3375
[1] 104  30
[1] 3376
[1] 104  21
[1] 3377
[1] 104  30
[1] 3378
[1] 104  26
[1] 3379
[1] 104  49
[1] 3380
[1] 104  42
[1] 3381
[1] 104  34
[1] 3382
[1] 104  62
[1] 3383
[1] 104  69
[1] 3384
[1] 104  43
[1] 3385
[1] 104  60
[1] 3386
[1] 104  64
[1] 3387
[1] 104  27
[1] 3388
[1] 104  53
[1] 3389
[1] 104  47
[1] 3390
[1] 104  35
[1] 3391
[1] 104  51
[1] 3392
[1] 104  59
[1] 3393
[1] 104  86
[1] 3394
[1] 104  76
[1] 3395
[1] 104  48
[1] 3396
[1] 104  46
[1] 3397
[1] 104  47
[1] 3398
[1] 104  91
[1] 3399
[1] 104  15
[1] 3400
[1] 104  63
