[1] 3701
[1] 104  53
[1] 3702
[1] 104  45
[1] 3703
[1] 104  81
[1] 3704
[1] 104  66
[1] 3705
[1] 104  26
[1] 3706
[1] 104  26
[1] 3707
[1] 104  35
[1] 3708
[1] 104  27
[1] 3709
[1] 104  29
[1] 3710
[1] 104  26
[1] 3711
[1] 104  33
[1] 3712
[1] 104  16
[1] 3713
[1] 104  53
[1] 3714
[1] 104  62
[1] 3715
[1] 104  53
[1] 3716
[1] 104  57
[1] 3717
[1] 104  94
[1] 3718
[1] 104  66
[1] 3719
[1] 104  64
[1] 3720
[1] 104  72
[1] 3721
[1] 104  40
[1] 3722
[1] 104  51
[1] 3723
[1] 104  40
[1] 3724
[1] 104  50
[1] 3725
[1] 104  45
[1] 3726
[1] 104  37
[1] 3727
[1] 104  35
[1] 3728
[1] 104  34
[1] 3729
[1] 104  31
[1] 3730
[1] 104  42
[1] 3731
[1] 104  50
[1] 3732
[1] 104  46
[1] 3733
[1] 104  62
[1] 3734
[1] 104  62
[1] 3735
[1] 104  60
[1] 3736
[1] 104  59
[1] 3737
[1] 104  64
[1] 3738
[1] 104  59
[1] 3739
[1] 104  58
[1] 3740
[1] 104  58
[1] 3741
[1] 104  59
[1] 3742
[1] 104  68
[1] 3743
[1] 104  81
[1] 3744
[1] 104  68
[1] 3745
[1] 104  79
[1] 3746
[1] 104  42
[1] 3747
[1] 104  55
[1] 3748
[1] 104  61
[1] 3749
[1] 104  80
[1] 3750
[1] 104  68
[1] 3751
[1] 104  69
[1] 3752
[1] 104  62
[1] 3753
[1] 104  79
[1] 3754
[1] 104  80
[1] 3755
[1] 104  63
[1] 3756
[1] 104  67
[1] 3757
[1] 104  86
[1] 3758
[1] 104  67
[1] 3759
[1] 104  64
[1] 3760
[1] 104  40
[1] 3761
[1] 104  87
[1] 3762
[1] 104  99
[1] 3763
[1] 104  61
[1] 3764
[1] 104  82
[1] 3765
[1] 104  85
[1] 3766
[1] 104  78
[1] 3767
[1] 104  70
[1] 3768
[1] 104  43
[1] 3769
[1] 104  84
[1] 3770
[1] 104  87
[1] 3771
[1] 104  38
[1] 3772
[1] 104  61
[1] 3773
[1] 104  39
[1] 3774
[1] 104  63
[1] 3775
[1] 104  65
[1] 3776
[1] 104  22
[1] 3777
[1] 104  17
[1] 3778
[1] 104  32
[1] 3779
[1] 104  20
[1] 3780
[1] 104  28
[1] 3781
[1] 104  33
[1] 3782
[1] 104  23
[1] 3783
[1] 104  38
[1] 3784
[1] 104  23
[1] 3785
[1] 104  18
[1] 3786
[1] 104   7
[1] 3787
[1] 104  23
[1] 3788
[1] 104  24
[1] 3789
[1] 104  52
[1] 3790
[1] 104  36
[1] 3791
[1] 104  25
[1] 3792
[1] 104  34
[1] 3793
[1] 104  24
[1] 3794
[1] 104  64
[1] 3795
[1] 104  56
[1] 3796
[1] 104  58
[1] 3797
[1] 104  43
[1] 3798
[1] 104  50
[1] 3799
[1] 104  31
[1] 3800
[1] 104  26
