[1] 9901
[1] 104  18
[1] 9902
[1] 104  54
[1] 9903
[1] 104  38
[1] 9904
[1] 104  21
[1] 9905
[1] 104  56
[1] 9906
[1] 104  60
[1] 9907
[1] 104  50
[1] 9908
[1] 104  29
[1] 9909
[1] 104  20
[1] 9910
[1] 104  54
[1] 9911
[1] 104  33
[1] 9912
[1] 104  49
[1] 9913
[1] 104  61
[1] 9914
[1] 104  38
[1] 9915
[1] 104  74
[1] 9916
[1] 104  49
[1] 9917
[1] 104  54
[1] 9918
[1] 104  39
[1] 9919
[1] 104  74
[1] 9920
[1] 104  36
[1] 9921
[1] 104 112
[1] 9922
[1] 104  47
[1] 9923
[1] 104  57
[1] 9924
[1] 104  83
[1] 9925
[1] 104  36
[1] 9926
[1] 104  63
[1] 9927
[1] 104  46
[1] 9928
[1] 104  47
[1] 9929
[1] 104  54
[1] 9930
[1] 104  69
[1] 9931
[1] 104  18
[1] 9932
[1] 104  43
[1] 9933
[1] 104  10
[1] 9934
[1] 104  36
[1] 9935
[1] 104  51
[1] 9936
[1] 104  45
[1] 9937
[1] 104  83
[1] 9938
[1] 104  56
[1] 9939
[1] 104  54
[1] 9940
[1] 104  19
[1] 9941
[1] 104  35
[1] 9942
[1] 104  50
[1] 9943
[1] 104  34
[1] 9944
[1] 104  21
[1] 9945
[1] 104  48
[1] 9946
[1] 104  44
[1] 9947
[1] 104  64
[1] 9948
[1] 104  63
[1] 9949
[1] 104  30
[1] 9950
[1] 104  44
[1] 9951
[1] 104  66
[1] 9952
[1] 104  32
[1] 9953
[1] 104  35
[1] 9954
[1] 104  52
[1] 9955
[1] 104  44
[1] 9956
[1] 104  18
[1] 9957
[1] 104  54
[1] 9958
[1] 104  87
[1] 9959
[1] 104  42
[1] 9960
[1] 104  69
[1] 9961
[1] 104  59
[1] 9962
[1] 104  63
[1] 9963
[1] 104  49
[1] 9964
[1] 104  40
[1] 9965
[1] 104  43
[1] 9966
[1] 104  40
[1] 9967
[1] 104  42
[1] 9968
[1] 104  53
[1] 9969
[1] 104  74
[1] 9970
[1] 104  55
[1] 9971
[1] 104  70
[1] 9972
[1] 104  48
[1] 9973
[1] 104  74
[1] 9974
[1] 104  55
[1] 9975
[1] 104  36
[1] 9976
[1] 104  20
[1] 9977
[1] 104  53
[1] 9978
[1] 104  61
[1] 9979
[1] 104  79
[1] 9980
[1] 104   8
[1] 9981
[1] 104  27
[1] 9982
[1] 104  17
[1] 9983
[1] 104  18
[1] 9984
[1] 104  31
[1] 9985
[1] 104  52
[1] 9986
[1] 104  35
[1] 9987
[1] 104  61
[1] 9988
[1] 104  57
[1] 9989
[1] 104  67
[1] 9990
[1] 104  65
[1] 9991
[1] 104  57
[1] 9992
[1] 104  21
[1] 9993
[1] 104  35
[1] 9994
[1] 104  12
[1] 9995
[1] 104  21
[1] 9996
[1] 104  21
[1] 9997
[1] 104 173
[1] 9998
[1] 104  27
[1] 9999
[1] 104 177
[1] 10000
[1] 104  40
