[1] 8901
[1] 104  65
[1] 8902
[1] 104   8
[1] 8903
[1] 104  59
[1] 8904
[1] 104  27
[1] 8905
[1] 104  86
[1] 8906
[1] 104  84
[1] 8907
[1] 104  41
[1] 8908
[1] 104  67
[1] 8909
[1] 104  16
[1] 8910
[1] 104  24
[1] 8911
[1] 104  59
[1] 8912
[1] 104  25
[1] 8913
[1] 104  72
[1] 8914
[1] 104  75
[1] 8915
[1] 104  42
[1] 8916
[1] 104  46
[1] 8917
[1] 104  38
[1] 8918
[1] 104  49
[1] 8919
[1] 104  38
[1] 8920
[1] 104  32
[1] 8921
[1] 104  50
[1] 8922
[1] 104  57
[1] 8923
[1] 104 103
[1] 8924
[1] 104  58
[1] 8925
[1] 104  35
[1] 8926
[1] 104  28
[1] 8927
[1] 104  57
[1] 8928
[1] 104  65
[1] 8929
[1] 104  48
[1] 8930
[1] 104  25
[1] 8931
[1] 104  65
[1] 8932
[1] 104  69
[1] 8933
[1] 104  25
[1] 8934
[1] 104 160
[1] 8935
[1] 104  23
[1] 8936
[1] 104  58
[1] 8937
[1] 104 186
[1] 8938
[1] 104  57
[1] 8939
[1] 104  56
[1] 8940
[1] 104  53
[1] 8941
[1] 104  33
[1] 8942
[1] 104  63
[1] 8943
[1] 104  20
[1] 8944
[1] 104   9
[1] 8945
[1] 104  13
[1] 8946
[1] 104  43
[1] 8947
[1] 104  68
[1] 8948
[1] 104  48
[1] 8949
[1] 104   8
[1] 8950
[1] 104  71
[1] 8951
[1] 104  19
[1] 8952
[1] 104  32
[1] 8953
[1] 104  43
[1] 8954
[1] 104  49
[1] 8955
[1] 104  70
[1] 8956
[1] 104  44
[1] 8957
[1] 104  45
[1] 8958
[1] 104 152
[1] 8959
[1] 104  39
[1] 8960
[1] 104  49
[1] 8961
[1] 104  13
[1] 8962
[1] 104  94
[1] 8963
[1] 104  71
[1] 8964
[1] 104  55
[1] 8965
[1] 104  32
[1] 8966
[1] 104  64
[1] 8967
[1] 104  63
[1] 8968
[1] 104  83
[1] 8969
[1] 104  64
[1] 8970
[1] 104  42
[1] 8971
[1] 104 151
[1] 8972
[1] 104   1
[1] 8973
[1] 104  65
[1] 8974
[1] 104  48
[1] 8975
[1] 104  29
[1] 8976
[1] 104 182
[1] 8977
[1] 104  82
[1] 8978
[1] 104  32
[1] 8979
[1] 104  61
[1] 8980
[1] 104  47
[1] 8981
[1] 104  47
[1] 8982
[1] 104  97
[1] 8983
[1] 104  40
[1] 8984
[1] 104  36
[1] 8985
[1] 104  65
[1] 8986
[1] 104  73
[1] 8987
[1] 104  38
[1] 8988
[1] 104  17
[1] 8989
[1] 104  45
[1] 8990
[1] 104  64
[1] 8991
[1] 104  36
[1] 8992
[1] 104  18
[1] 8993
[1] 104  52
[1] 8994
[1] 104  48
[1] 8995
[1] 104  38
[1] 8996
[1] 104  60
[1] 8997
[1] 104  86
[1] 8998
[1] 104  10
[1] 8999
[1] 104  48
[1] 9000
[1] 104  59
