[1] 2601
[1] 104  62
[1] 2602
[1] 104  41
[1] 2603
[1] 104  60
[1] 2604
[1] 104  52
[1] 2605
[1] 104  46
[1] 2606
[1] 104  54
[1] 2607
[1] 104  65
[1] 2608
[1] 104  41
[1] 2609
[1] 104  32
[1] 2610
[1] 104  59
[1] 2611
[1] 104  33
[1] 2612
[1] 104  28
[1] 2613
[1] 104  34
[1] 2614
[1] 104  50
[1] 2615
[1] 104  85
[1] 2616
[1] 104  60
[1] 2617
[1] 104  47
[1] 2618
[1] 104  43
[1] 2619
[1] 104  47
[1] 2620
[1] 104  59
[1] 2621
[1] 104  37
[1] 2622
[1] 104  81
[1] 2623
[1] 104  52
[1] 2624
[1] 104  37
[1] 2625
[1] 104  50
[1] 2626
[1] 104  55
[1] 2627
[1] 104  78
[1] 2628
[1] 104  41
[1] 2629
[1] 104  52
[1] 2630
[1] 104  55
[1] 2631
[1] 104  29
[1] 2632
[1] 104  37
[1] 2633
[1] 104  90
[1] 2634
[1] 104  66
[1] 2635
[1] 104  63
[1] 2636
[1] 104  38
[1] 2637
[1] 104  31
[1] 2638
[1] 104  54
[1] 2639
[1] 104  59
[1] 2640
[1] 104  67
[1] 2641
[1] 104  61
[1] 2642
[1] 104  62
[1] 2643
[1] 104  53
[1] 2644
[1] 104  68
[1] 2645
[1] 104  52
[1] 2646
[1] 104 100
[1] 2647
[1] 104  52
[1] 2648
[1] 104  59
[1] 2649
[1] 104  58
[1] 2650
[1] 104  76
[1] 2651
[1] 104  51
[1] 2652
[1] 104  59
[1] 2653
[1] 104  31
[1] 2654
[1] 104  28
[1] 2655
[1] 104  27
[1] 2656
[1] 104  54
[1] 2657
[1] 104  56
[1] 2658
[1] 104  59
[1] 2659
[1] 104  65
[1] 2660
[1] 104  69
[1] 2661
[1] 104  22
[1] 2662
[1] 104  54
[1] 2663
[1] 104  55
[1] 2664
[1] 104  43
[1] 2665
[1] 104  52
[1] 2666
[1] 104  79
[1] 2667
[1] 104  88
[1] 2668
[1] 104  51
[1] 2669
[1] 104  61
[1] 2670
[1] 104  75
[1] 2671
[1] 104  67
[1] 2672
[1] 104  23
[1] 2673
[1] 104  63
[1] 2674
[1] 104  49
[1] 2675
[1] 104  33
[1] 2676
[1] 104  42
[1] 2677
[1] 104  44
[1] 2678
[1] 104  89
[1] 2679
[1] 104 237
[1] 2680
[1] 104 109
[1] 2681
[1] 104 106
[1] 2682
[1] 104  81
[1] 2683
[1] 104  48
[1] 2684
[1] 104 105
[1] 2685
[1] 104  65
[1] 2686
[1] 104  56
[1] 2687
[1] 104  66
[1] 2688
[1] 104  30
[1] 2689
[1] 104  31
[1] 2690
[1] 104  37
[1] 2691
[1] 104  40
[1] 2692
[1] 104  43
[1] 2693
[1] 104  37
[1] 2694
[1] 104  44
[1] 2695
[1] 104  80
[1] 2696
[1] 104  22
[1] 2697
[1] 104  24
[1] 2698
[1] 104 113
[1] 2699
[1] 104  42
[1] 2700
[1] 104  61
