[1] 7801
[1] 104  62
[1] 7802
[1] 104  26
[1] 7803
[1] 104  24
[1] 7804
[1] 104  17
[1] 7805
[1] 104  41
[1] 7806
[1] 104  22
[1] 7807
[1] 104  54
[1] 7808
[1] 104  30
[1] 7809
[1] 104  73
[1] 7810
[1] 104  55
[1] 7811
[1] 104  42
[1] 7812
[1] 104  41
[1] 7813
[1] 104  77
[1] 7814
[1] 104  18
[1] 7815
[1] 104  31
[1] 7816
[1] 104  22
[1] 7817
[1] 104  40
[1] 7818
[1] 104  46
[1] 7819
[1] 104  14
[1] 7820
[1] 104  24
[1] 7821
[1] 104  25
[1] 7822
[1] 104  57
[1] 7823
[1] 104  25
[1] 7824
[1] 104  53
[1] 7825
[1] 104  26
[1] 7826
[1] 104  29
[1] 7827
[1] 104  27
[1] 7828
[1] 104  47
[1] 7829
[1] 104  25
[1] 7830
[1] 104  25
[1] 7831
[1] 104  25
[1] 7832
[1] 104  25
[1] 7833
[1] 104  48
[1] 7834
[1] 104 106
[1] 7835
[1] 104  25
[1] 7836
[1] 104  29
[1] 7837
[1] 104  38
[1] 7838
[1] 104 105
[1] 7839
[1] 104  81
[1] 7840
[1] 104  26
[1] 7841
[1] 104  38
[1] 7842
[1] 104  33
[1] 7843
[1] 104  90
[1] 7844
[1] 104 105
[1] 7845
[1] 104  52
[1] 7846
[1] 104  75
[1] 7847
[1] 104  48
[1] 7848
[1] 104  53
[1] 7849
[1] 104  44
[1] 7850
[1] 104  69
[1] 7851
[1] 104  25
[1] 7852
[1] 104  41
[1] 7853
[1] 104  64
[1] 7854
[1] 104  17
[1] 7855
[1] 104  72
[1] 7856
[1] 104  70
[1] 7857
[1] 104  10
[1] 7858
[1] 104   9
[1] 7859
[1] 104  31
[1] 7860
[1] 104  73
[1] 7861
[1] 104  35
[1] 7862
[1] 104  47
[1] 7863
[1] 104  25
[1] 7864
[1] 104  67
[1] 7865
[1] 104  61
[1] 7866
[1] 104  68
[1] 7867
[1] 104  33
[1] 7868
[1] 104  51
[1] 7869
[1] 104  55
[1] 7870
[1] 104  54
[1] 7871
[1] 104  35
[1] 7872
[1] 104  59
[1] 7873
[1] 104  36
[1] 7874
[1] 104  43
[1] 7875
[1] 104  55
[1] 7876
[1] 104  26
[1] 7877
[1] 104  35
[1] 7878
[1] 104  46
[1] 7879
[1] 104  70
[1] 7880
[1] 104  28
[1] 7881
[1] 104  21
[1] 7882
[1] 104  38
[1] 7883
[1] 104  16
[1] 7884
[1] 104  51
[1] 7885
[1] 104  56
[1] 7886
[1] 104  52
[1] 7887
[1] 104  81
[1] 7888
[1] 104  37
[1] 7889
[1] 104  48
[1] 7890
[1] 104  33
[1] 7891
[1] 104  53
[1] 7892
[1] 104  64
[1] 7893
[1] 104  40
[1] 7894
[1] 104  47
[1] 7895
[1] 104  57
[1] 7896
[1] 104  61
[1] 7897
[1] 104  80
[1] 7898
[1] 104  61
[1] 7899
[1] 104  96
[1] 7900
[1] 104  47
