[1] 5701
[1] 104  41
[1] 5702
[1] 104  68
[1] 5703
[1] 104  55
[1] 5704
[1] 104  42
[1] 5705
[1] 104  66
[1] 5706
[1] 104  57
[1] 5707
[1] 104  37
[1] 5708
[1] 104  54
[1] 5709
[1] 104  70
[1] 5710
[1] 104  19
[1] 5711
[1] 104  23
[1] 5712
[1] 104  74
[1] 5713
[1] 104  50
[1] 5714
[1] 104  93
[1] 5715
[1] 104  56
[1] 5716
[1] 104  56
[1] 5717
[1] 104   6
[1] 5718
[1] 104  85
[1] 5719
[1] 104 102
[1] 5720
[1] 104  82
[1] 5721
[1] 104  72
[1] 5722
[1] 104  31
[1] 5723
[1] 104  43
[1] 5724
[1] 104  38
[1] 5725
[1] 104  44
[1] 5726
[1] 104  34
[1] 5727
[1] 104  38
[1] 5728
[1] 104  32
[1] 5729
[1] 104  36
[1] 5730
[1] 104  38
[1] 5731
[1] 104  43
[1] 5732
[1] 104  19
[1] 5733
[1] 104  87
[1] 5734
[1] 104  24
[1] 5735
[1] 104  27
[1] 5736
[1] 104  57
[1] 5737
[1] 104  45
[1] 5738
[1] 104  36
[1] 5739
[1] 104  21
[1] 5740
[1] 104  59
[1] 5741
[1] 104  64
[1] 5742
[1] 104  53
[1] 5743
[1] 104  43
[1] 5744
[1] 104  37
[1] 5745
[1] 104  30
[1] 5746
[1] 104  38
[1] 5747
[1] 104  52
[1] 5748
[1] 104  33
[1] 5749
[1] 104 135
[1] 5750
[1] 104 100
[1] 5751
[1] 104  71
[1] 5752
[1] 104  76
[1] 5753
[1] 104  87
[1] 5754
[1] 104  47
[1] 5755
[1] 104  53
[1] 5756
[1] 104  97
[1] 5757
[1] 104  84
[1] 5758
[1] 104  70
[1] 5759
[1] 104  25
[1] 5760
[1] 104  25
[1] 5761
[1] 104  52
[1] 5762
[1] 104  17
[1] 5763
[1] 104  53
[1] 5764
[1] 104  31
[1] 5765
[1] 104  36
[1] 5766
[1] 104  47
[1] 5767
[1] 104  26
[1] 5768
[1] 104  49
[1] 5769
[1] 104  65
[1] 5770
[1] 104  62
[1] 5771
[1] 104  51
[1] 5772
[1] 104  50
[1] 5773
[1] 104  41
[1] 5774
[1] 104  30
[1] 5775
[1] 104  56
[1] 5776
[1] 104  60
[1] 5777
[1] 104  50
[1] 5778
[1] 104  63
[1] 5779
[1] 104  66
[1] 5780
[1] 104  45
[1] 5781
[1] 104  20
[1] 5782
[1] 104  25
[1] 5783
[1] 104  57
[1] 5784
[1] 104  98
[1] 5785
[1] 104  87
[1] 5786
[1] 104  60
[1] 5787
[1] 104  98
[1] 5788
[1] 104  88
[1] 5789
[1] 104  65
[1] 5790
[1] 104  77
[1] 5791
[1] 104  62
[1] 5792
[1] 104  72
[1] 5793
[1] 104  59
[1] 5794
[1] 104  38
[1] 5795
[1] 104   0
[1] 5796
[1] 104  54
[1] 5797
[1] 104  50
[1] 5798
[1] 104  57
[1] 5799
[1] 104  53
[1] 5800
[1] 104  53
