[1] 7201
[1] 104  39
[1] 7202
[1] 104  47
[1] 7203
[1] 104  91
[1] 7204
[1] 104  42
[1] 7205
[1] 104 122
[1] 7206
[1] 104  32
[1] 7207
[1] 104  48
[1] 7208
[1] 104  63
[1] 7209
[1] 104  99
[1] 7210
[1] 104  12
[1] 7211
[1] 104  70
[1] 7212
[1] 104  42
[1] 7213
[1] 104  45
[1] 7214
[1] 104  41
[1] 7215
[1] 104  45
[1] 7216
[1] 104  69
[1] 7217
[1] 104  40
[1] 7218
[1] 104  64
[1] 7219
[1] 104  42
[1] 7220
[1] 104  40
[1] 7221
[1] 104  47
[1] 7222
[1] 104  29
[1] 7223
[1] 104  41
[1] 7224
[1] 104  27
[1] 7225
[1] 104  56
[1] 7226
[1] 104  63
[1] 7227
[1] 104  47
[1] 7228
[1] 104  40
[1] 7229
[1] 104  44
[1] 7230
[1] 104  29
[1] 7231
[1] 104  26
[1] 7232
[1] 104  25
[1] 7233
[1] 104  38
[1] 7234
[1] 104  51
[1] 7235
[1] 104  82
[1] 7236
[1] 104  31
[1] 7237
[1] 104  52
[1] 7238
[1] 104  48
[1] 7239
[1] 104  56
[1] 7240
[1] 104  30
[1] 7241
[1] 104  46
[1] 7242
[1] 104  36
[1] 7243
[1] 104  63
[1] 7244
[1] 104  37
[1] 7245
[1] 104  59
[1] 7246
[1] 104  20
[1] 7247
[1] 104  74
[1] 7248
[1] 104  38
[1] 7249
[1] 104  70
[1] 7250
[1] 104  54
[1] 7251
[1] 104  49
[1] 7252
[1] 104  33
[1] 7253
[1] 104  37
[1] 7254
[1] 104  35
[1] 7255
[1] 104  34
[1] 7256
[1] 104  46
[1] 7257
[1] 104  40
[1] 7258
[1] 104  45
[1] 7259
[1] 104  75
[1] 7260
[1] 104  33
[1] 7261
[1] 104  40
[1] 7262
[1] 104  23
[1] 7263
[1] 104  57
[1] 7264
[1] 104  53
[1] 7265
[1] 104  47
[1] 7266
[1] 104  52
[1] 7267
[1] 104  66
[1] 7268
[1] 104  87
[1] 7269
[1] 104  37
[1] 7270
[1] 104  36
[1] 7271
[1] 104  51
[1] 7272
[1] 104  58
[1] 7273
[1] 104  48
[1] 7274
[1] 104  47
[1] 7275
[1] 104  56
[1] 7276
[1] 104  62
[1] 7277
[1] 104  60
[1] 7278
[1] 104  61
[1] 7279
[1] 104  49
[1] 7280
[1] 104  57
[1] 7281
[1] 104  61
[1] 7282
[1] 104  57
[1] 7283
[1] 104  34
[1] 7284
[1] 104  55
[1] 7285
[1] 104  40
[1] 7286
[1] 104  49
[1] 7287
[1] 104  77
[1] 7288
[1] 104 113
[1] 7289
[1] 104  67
[1] 7290
[1] 104  69
[1] 7291
[1] 104  59
[1] 7292
[1] 104  36
[1] 7293
[1] 104  59
[1] 7294
[1] 104  33
[1] 7295
[1] 104  90
[1] 7296
[1] 104  59
[1] 7297
[1] 104  69
[1] 7298
[1] 104  72
[1] 7299
[1] 104  31
[1] 7300
[1] 104  56
