[1] 10501
[1] 104 104
[1] 10502
[1] 104  22
[1] 10503
[1] 104  54
[1] 10504
[1] 104  61
[1] 10505
[1] 104  25
[1] 10506
[1] 104  76
[1] 10507
[1] 104  47
[1] 10508
[1] 104  51
[1] 10509
[1] 104  70
[1] 10510
[1] 104  16
[1] 10511
[1] 104  40
[1] 10512
[1] 104  41
[1] 10513
[1] 104  51
[1] 10514
[1] 104  59
[1] 10515
[1] 104  49
[1] 10516
[1] 104  23
[1] 10517
[1] 104  21
[1] 10518
[1] 104  71
[1] 10519
[1] 104  49
[1] 10520
[1] 104  33
[1] 10521
[1] 104  34
[1] 10522
[1] 104  65
[1] 10523
[1] 104  34
[1] 10524
[1] 104  32
[1] 10525
[1] 104  69
[1] 10526
[1] 104  27
[1] 10527
[1] 104  30
[1] 10528
[1] 104  77
[1] 10529
[1] 104  48
[1] 10530
[1] 104  54
[1] 10531
[1] 104  54
[1] 10532
[1] 104  70
[1] 10533
[1] 104  74
[1] 10534
[1] 104  26
[1] 10535
[1] 104  71
[1] 10536
[1] 104  94
[1] 10537
[1] 104  23
[1] 10538
[1] 104  64
[1] 10539
[1] 104  71
[1] 10540
[1] 104  81
[1] 10541
[1] 104  36
[1] 10542
[1] 104  64
[1] 10543
[1] 104  20
[1] 10544
[1] 104  53
[1] 10545
[1] 104  36
[1] 10546
[1] 104  39
[1] 10547
[1] 104  71
[1] 10548
[1] 104  40
[1] 10549
[1] 104  95
[1] 10550
[1] 104  45
[1] 10551
[1] 104  18
[1] 10552
[1] 104 124
[1] 10553
[1] 104  40
[1] 10554
[1] 104  42
[1] 10555
[1] 104  48
[1] 10556
[1] 104  42
[1] 10557
[1] 104  66
[1] 10558
[1] 104  51
[1] 10559
[1] 104  51
[1] 10560
[1] 104  49
[1] 10561
[1] 104  37
[1] 10562
[1] 104  20
[1] 10563
[1] 104  41
[1] 10564
[1] 104  19
[1] 10565
[1] 104  27
[1] 10566
[1] 104  20
[1] 10567
[1] 104  21
[1] 10568
[1] 104  59
[1] 10569
[1] 104  54
[1] 10570
[1] 104  49
[1] 10571
[1] 104  70
[1] 10572
[1] 104  18
[1] 10573
[1] 104  56
[1] 10574
[1] 104  54
[1] 10575
[1] 104  56
[1] 10576
[1] 104  66
[1] 10577
[1] 104  69
[1] 10578
[1] 104  33
[1] 10579
[1] 104  43
[1] 10580
[1] 104  27
[1] 10581
[1] 104  49
[1] 10582
[1] 104  35
[1] 10583
[1] 104  76
[1] 10584
[1] 104  52
[1] 10585
[1] 104  47
