[1] 2801
[1] 104  42
[1] 2802
[1] 104  42
[1] 2803
[1] 104  29
[1] 2804
[1] 104  44
[1] 2805
[1] 104  36
[1] 2806
[1] 104  40
[1] 2807
[1] 104  48
[1] 2808
[1] 104  31
[1] 2809
[1] 104  40
[1] 2810
[1] 104  48
[1] 2811
[1] 104  24
[1] 2812
[1] 104  97
[1] 2813
[1] 104  17
[1] 2814
[1] 104  54
[1] 2815
[1] 104  27
[1] 2816
[1] 104  49
[1] 2817
[1] 104  52
[1] 2818
[1] 104  19
[1] 2819
[1] 104  46
[1] 2820
[1] 104  20
[1] 2821
[1] 104  18
[1] 2822
[1] 104  34
[1] 2823
[1] 104  18
[1] 2824
[1] 104  30
[1] 2825
[1] 104  25
[1] 2826
[1] 104  61
[1] 2827
[1] 104  69
[1] 2828
[1] 104  48
[1] 2829
[1] 104  40
[1] 2830
[1] 104  21
[1] 2831
[1] 104  45
[1] 2832
[1] 104  63
[1] 2833
[1] 104  42
[1] 2834
[1] 104  35
[1] 2835
[1] 104  75
[1] 2836
[1] 104 105
[1] 2837
[1] 104  70
[1] 2838
[1] 104  43
[1] 2839
[1] 104  41
[1] 2840
[1] 104  38
[1] 2841
[1] 104  43
[1] 2842
[1] 104  57
[1] 2843
[1] 104  17
[1] 2844
[1] 104  16
[1] 2845
[1] 104  27
[1] 2846
[1] 104  41
[1] 2847
[1] 104  42
[1] 2848
[1] 104  13
[1] 2849
[1] 104  14
[1] 2850
[1] 104  64
[1] 2851
[1] 104  42
[1] 2852
[1] 104  43
[1] 2853
[1] 104  37
[1] 2854
[1] 104  15
[1] 2855
[1] 104  74
[1] 2856
[1] 104  17
[1] 2857
[1] 104  30
[1] 2858
[1] 104  17
[1] 2859
[1] 104  44
[1] 2860
[1] 104  48
[1] 2861
[1] 104  56
[1] 2862
[1] 104  36
[1] 2863
[1] 104  26
[1] 2864
[1] 104  59
[1] 2865
[1] 104  69
[1] 2866
[1] 104  93
[1] 2867
[1] 104  71
[1] 2868
[1] 104  36
[1] 2869
[1] 104  38
[1] 2870
[1] 104  49
[1] 2871
[1] 104  41
[1] 2872
[1] 104  66
[1] 2873
[1] 104  36
[1] 2874
[1] 104  34
[1] 2875
[1] 104  20
[1] 2876
[1] 104  24
[1] 2877
[1] 104  18
[1] 2878
[1] 104  38
[1] 2879
[1] 104  53
[1] 2880
[1] 104  13
[1] 2881
[1] 104  45
[1] 2882
[1] 104  20
[1] 2883
[1] 104  38
[1] 2884
[1] 104  21
[1] 2885
[1] 104  47
[1] 2886
[1] 104  57
[1] 2887
[1] 104  36
[1] 2888
[1] 104  31
[1] 2889
[1] 104  34
[1] 2890
[1] 104  36
[1] 2891
[1] 104  50
[1] 2892
[1] 104  41
[1] 2893
[1] 104  41
[1] 2894
[1] 104  43
[1] 2895
[1] 104  23
[1] 2896
[1] 104  25
[1] 2897
[1] 104  24
[1] 2898
[1] 104  25
[1] 2899
[1] 104  25
[1] 2900
[1] 104  45
