[1] 8201
[1] 104  43
[1] 8202
[1] 104  56
[1] 8203
[1] 104  16
[1] 8204
[1] 104  47
[1] 8205
[1] 104  28
[1] 8206
[1] 104  29
[1] 8207
[1] 104  48
[1] 8208
[1] 104  50
[1] 8209
[1] 104  34
[1] 8210
[1] 104  55
[1] 8211
[1] 104  38
[1] 8212
[1] 104  58
[1] 8213
[1] 104  58
[1] 8214
[1] 104  53
[1] 8215
[1] 104  67
[1] 8216
[1] 104  53
[1] 8217
[1] 104  29
[1] 8218
[1] 104  23
[1] 8219
[1] 104  97
[1] 8220
[1] 104 100
[1] 8221
[1] 104  91
[1] 8222
[1] 104  82
[1] 8223
[1] 104  47
[1] 8224
[1] 104  52
[1] 8225
[1] 104  32
[1] 8226
[1] 104  27
[1] 8227
[1] 104 242
[1] 8228
[1] 104  74
[1] 8229
[1] 104  69
[1] 8230
[1] 104  68
[1] 8231
[1] 104  36
[1] 8232
[1] 104  40
[1] 8233
[1] 104  50
[1] 8234
[1] 104  45
[1] 8235
[1] 104  21
[1] 8236
[1] 104  55
[1] 8237
[1] 104 147
[1] 8238
[1] 104  50
[1] 8239
[1] 104  50
[1] 8240
[1] 104  49
[1] 8241
[1] 104  85
[1] 8242
[1] 104  78
[1] 8243
[1] 104  27
[1] 8244
[1] 104  15
[1] 8245
[1] 104  60
[1] 8246
[1] 104  30
[1] 8247
[1] 104  43
[1] 8248
[1] 104  84
[1] 8249
[1] 104  66
[1] 8250
[1] 104  82
[1] 8251
[1] 104  54
[1] 8252
[1] 104  17
[1] 8253
[1] 104  37
[1] 8254
[1] 104  15
[1] 8255
[1] 104  16
[1] 8256
[1] 104  66
[1] 8257
[1] 104  16
[1] 8258
[1] 104  43
[1] 8259
[1] 104  33
[1] 8260
[1] 104  56
[1] 8261
[1] 104  70
[1] 8262
[1] 104  34
[1] 8263
[1] 104  29
[1] 8264
[1] 104  73
[1] 8265
[1] 104  34
[1] 8266
[1] 104  43
[1] 8267
[1] 104  71
[1] 8268
[1] 104  60
[1] 8269
[1] 104  72
[1] 8270
[1] 104  93
[1] 8271
[1] 104  32
[1] 8272
[1] 104  83
[1] 8273
[1] 104  32
[1] 8274
[1] 104  33
[1] 8275
[1] 104  36
[1] 8276
[1] 104  35
[1] 8277
[1] 104  36
[1] 8278
[1] 104  32
[1] 8279
[1] 104  40
[1] 8280
[1] 104  31
[1] 8281
[1] 104  39
[1] 8282
[1] 104  36
[1] 8283
[1] 104  58
[1] 8284
[1] 104  32
[1] 8285
[1] 104  82
[1] 8286
[1] 104  67
[1] 8287
[1] 104  35
[1] 8288
[1] 104  31
[1] 8289
[1] 104  49
[1] 8290
[1] 104  48
[1] 8291
[1] 104  39
[1] 8292
[1] 104  36
[1] 8293
[1] 104  20
[1] 8294
[1] 104  38
[1] 8295
[1] 104  69
[1] 8296
[1] 104  28
[1] 8297
[1] 104  37
[1] 8298
[1] 104  39
[1] 8299
[1] 104  25
[1] 8300
[1] 104  74
