[1] 901
[1] 104  55
[1] 902
[1] 104  57
[1] 903
[1] 104  36
[1] 904
[1] 104  46
[1] 905
[1] 104  55
[1] 906
[1] 104  39
[1] 907
[1] 104  53
[1] 908
[1] 104  38
[1] 909
[1] 104  42
[1] 910
[1] 104  56
[1] 911
[1] 104  25
[1] 912
[1] 104  62
[1] 913
[1] 104  44
[1] 914
[1] 104  46
[1] 915
[1] 104  37
[1] 916
[1] 104  50
[1] 917
[1] 104  49
[1] 918
[1] 104  53
[1] 919
[1] 104  72
[1] 920
[1] 104  69
[1] 921
[1] 104  40
[1] 922
[1] 104  37
[1] 923
[1] 104  23
[1] 924
[1] 104  62
[1] 925
[1] 104  42
[1] 926
[1] 104  52
[1] 927
[1] 104  94
[1] 928
[1] 104  51
[1] 929
[1] 104  87
[1] 930
[1] 104  75
[1] 931
[1] 104  54
[1] 932
[1] 104  43
[1] 933
[1] 104  55
[1] 934
[1] 104  53
[1] 935
[1] 104  61
[1] 936
[1] 104  62
[1] 937
[1] 104 122
[1] 938
[1] 104  42
[1] 939
[1] 104  42
[1] 940
[1] 104  24
[1] 941
[1] 104  16
[1] 942
[1] 104  22
[1] 943
[1] 104 112
[1] 944
[1] 104  36
[1] 945
[1] 104  58
[1] 946
[1] 104  25
[1] 947
[1] 104  39
[1] 948
[1] 104  62
[1] 949
[1] 104  54
[1] 950
[1] 104  42
[1] 951
[1] 104  56
[1] 952
[1] 104  56
[1] 953
[1] 104  63
[1] 954
[1] 104  57
[1] 955
[1] 104  66
[1] 956
[1] 104  52
[1] 957
[1] 104  61
[1] 958
[1] 104  64
[1] 959
[1] 104  61
[1] 960
[1] 104  57
[1] 961
[1] 104  45
[1] 962
[1] 104  60
[1] 963
[1] 104  34
[1] 964
[1] 104  13
[1] 965
[1] 104  74
[1] 966
[1] 104   9
[1] 967
[1] 104  24
[1] 968
[1] 104 119
[1] 969
[1] 104  53
[1] 970
[1] 104  59
[1] 971
[1] 104  46
[1] 972
[1] 104  65
[1] 973
[1] 104  69
[1] 974
[1] 104  46
[1] 975
[1] 104  56
[1] 976
[1] 104  55
[1] 977
[1] 104  69
[1] 978
[1] 104  50
[1] 979
[1] 104  44
[1] 980
[1] 104  43
[1] 981
[1] 104  17
[1] 982
[1] 104  96
[1] 983
[1] 104  56
[1] 984
[1] 104  57
[1] 985
[1] 104  63
[1] 986
[1] 104  48
[1] 987
[1] 104  58
[1] 988
[1] 104  57
[1] 989
[1] 104  39
[1] 990
[1] 104  40
[1] 991
[1] 104  33
[1] 992
[1] 104  26
[1] 993
[1] 104  66
[1] 994
[1] 104  37
[1] 995
[1] 104  51
[1] 996
[1] 104  22
[1] 997
[1] 104  35
[1] 998
[1] 104  34
[1] 999
[1] 104  27
[1] 1000
[1] 104  45
