[1] 2401
[1] 104  42
[1] 2402
[1] 104  90
[1] 2403
[1] 104  29
[1] 2404
[1] 104  29
[1] 2405
[1] 104  27
[1] 2406
[1] 104  26
[1] 2407
[1] 104  30
[1] 2408
[1] 104  37
[1] 2409
[1] 104  45
[1] 2410
[1] 104  18
[1] 2411
[1] 104  14
[1] 2412
[1] 104  28
[1] 2413
[1] 104  40
[1] 2414
[1] 104  43
[1] 2415
[1] 104  32
[1] 2416
[1] 104  29
[1] 2417
[1] 104  18
[1] 2418
[1] 104  71
[1] 2419
[1] 104  45
[1] 2420
[1] 104  30
[1] 2421
[1] 104  43
[1] 2422
[1] 104  34
[1] 2423
[1] 104  61
[1] 2424
[1] 104  47
[1] 2425
[1] 104  74
[1] 2426
[1] 104  70
[1] 2427
[1] 104  55
[1] 2428
[1] 104  18
[1] 2429
[1] 104  40
[1] 2430
[1] 104  49
[1] 2431
[1] 104  37
[1] 2432
[1] 104  58
[1] 2433
[1] 104  62
[1] 2434
[1] 104  66
[1] 2435
[1] 104  49
[1] 2436
[1] 104  62
[1] 2437
[1] 104  43
[1] 2438
[1] 104  57
[1] 2439
[1] 104  40
[1] 2440
[1] 104  28
[1] 2441
[1] 104  21
[1] 2442
[1] 104  52
[1] 2443
[1] 104  39
[1] 2444
[1] 104  52
[1] 2445
[1] 104  76
[1] 2446
[1] 104  51
[1] 2447
[1] 104  65
[1] 2448
[1] 104  54
[1] 2449
[1] 104 102
[1] 2450
[1] 104  36
[1] 2451
[1] 104  51
[1] 2452
[1] 104  73
[1] 2453
[1] 104  71
[1] 2454
[1] 104  70
[1] 2455
[1] 104  49
[1] 2456
[1] 104  46
[1] 2457
[1] 104  83
[1] 2458
[1] 104  26
[1] 2459
[1] 104  26
[1] 2460
[1] 104  54
[1] 2461
[1] 104  63
[1] 2462
[1] 104  83
[1] 2463
[1] 104  50
[1] 2464
[1] 104  59
[1] 2465
[1] 104  40
[1] 2466
[1] 104  37
[1] 2467
[1] 104  21
[1] 2468
[1] 104  28
[1] 2469
[1] 104  67
[1] 2470
[1] 104  79
[1] 2471
[1] 104  37
[1] 2472
[1] 104  71
[1] 2473
[1] 104  35
[1] 2474
[1] 104  85
[1] 2475
[1] 104  47
[1] 2476
[1] 104  75
[1] 2477
[1] 104  52
[1] 2478
[1] 104  56
[1] 2479
[1] 104  54
[1] 2480
[1] 104  59
[1] 2481
[1] 104  76
[1] 2482
[1] 104  37
[1] 2483
[1] 104  11
[1] 2484
[1] 104  14
[1] 2485
[1] 104  51
[1] 2486
[1] 104  72
[1] 2487
[1] 104  57
[1] 2488
[1] 104  58
[1] 2489
[1] 104  45
[1] 2490
[1] 104  48
[1] 2491
[1] 104  35
[1] 2492
[1] 104  51
[1] 2493
[1] 104  71
[1] 2494
[1] 104  60
[1] 2495
[1] 104  75
[1] 2496
[1] 104  66
[1] 2497
[1] 104  62
[1] 2498
[1] 104  28
[1] 2499
[1] 104  34
[1] 2500
[1] 104  40
