[1] 3501
[1] 104  33
[1] 3502
[1] 104  34
[1] 3503
[1] 104  83
[1] 3504
[1] 104  24
[1] 3505
[1] 104  57
[1] 3506
[1] 104  46
[1] 3507
[1] 104  44
[1] 3508
[1] 104  60
[1] 3509
[1] 104  44
[1] 3510
[1] 104  52
[1] 3511
[1] 104  73
[1] 3512
[1] 104  54
[1] 3513
[1] 104  45
[1] 3514
[1] 104  42
[1] 3515
[1] 104  71
[1] 3516
[1] 104  53
[1] 3517
[1] 104  62
[1] 3518
[1] 104  25
[1] 3519
[1] 104  28
[1] 3520
[1] 104  13
[1] 3521
[1] 104  14
[1] 3522
[1] 104  43
[1] 3523
[1] 104  28
[1] 3524
[1] 104  57
[1] 3525
[1] 104 105
[1] 3526
[1] 104  54
[1] 3527
[1] 104  13
[1] 3528
[1] 104  41
[1] 3529
[1] 104  29
[1] 3530
[1] 104  45
[1] 3531
[1] 104  76
[1] 3532
[1] 104  11
[1] 3533
[1] 104  66
[1] 3534
[1] 104 124
[1] 3535
[1] 104  75
[1] 3536
[1] 104  37
[1] 3537
[1] 104  57
[1] 3538
[1] 104  56
[1] 3539
[1] 104  60
[1] 3540
[1] 104  26
[1] 3541
[1] 104  31
[1] 3542
[1] 104  62
[1] 3543
[1] 104  32
[1] 3544
[1] 104  53
[1] 3545
[1] 104  74
[1] 3546
[1] 104  44
[1] 3547
[1] 104  39
[1] 3548
[1] 104  93
[1] 3549
[1] 104  64
[1] 3550
[1] 104  28
[1] 3551
[1] 104  36
[1] 3552
[1] 104  38
[1] 3553
[1] 104  30
[1] 3554
[1] 104  26
[1] 3555
[1] 104  30
[1] 3556
[1] 104  58
[1] 3557
[1] 104  19
[1] 3558
[1] 104  35
[1] 3559
[1] 104  60
[1] 3560
[1] 104  20
[1] 3561
[1] 104  39
[1] 3562
[1] 104  27
[1] 3563
[1] 104  35
[1] 3564
[1] 104  28
[1] 3565
[1] 104  94
[1] 3566
[1] 104  57
[1] 3567
[1] 104  51
[1] 3568
[1] 104  96
[1] 3569
[1] 104  32
[1] 3570
[1] 104  53
[1] 3571
[1] 104  65
[1] 3572
[1] 104  54
[1] 3573
[1] 104  58
[1] 3574
[1] 104  44
[1] 3575
[1] 104  78
[1] 3576
[1] 104  80
[1] 3577
[1] 104  46
[1] 3578
[1] 104  55
[1] 3579
[1] 104  50
[1] 3580
[1] 104  44
[1] 3581
[1] 104  61
[1] 3582
[1] 104  35
[1] 3583
[1] 104  76
[1] 3584
[1] 104  33
[1] 3585
[1] 104  46
[1] 3586
[1] 104  38
[1] 3587
[1] 104  54
[1] 3588
[1] 104  50
[1] 3589
[1] 104  46
[1] 3590
[1] 104  56
[1] 3591
[1] 104  13
[1] 3592
[1] 104  10
[1] 3593
[1] 104  56
[1] 3594
[1] 104  50
[1] 3595
[1] 104  42
[1] 3596
[1] 104  71
[1] 3597
[1] 104  64
[1] 3598
[1] 104  39
[1] 3599
[1] 104  65
[1] 3600
[1] 104  64
