[1] 7301
[1] 104  52
[1] 7302
[1] 104  62
[1] 7303
[1] 104  51
[1] 7304
[1] 104  90
[1] 7305
[1] 104  37
[1] 7306
[1] 104  35
[1] 7307
[1] 104  33
[1] 7308
[1] 104  83
[1] 7309
[1] 104  41
[1] 7310
[1] 104  41
[1] 7311
[1] 104  31
[1] 7312
[1] 104  63
[1] 7313
[1] 104  43
[1] 7314
[1] 104  75
[1] 7315
[1] 104  69
[1] 7316
[1] 104  96
[1] 7317
[1] 104  65
[1] 7318
[1] 104 124
[1] 7319
[1] 104  55
[1] 7320
[1] 104  58
[1] 7321
[1] 104  56
[1] 7322
[1] 104  49
[1] 7323
[1] 104  47
[1] 7324
[1] 104  63
[1] 7325
[1] 104  55
[1] 7326
[1] 104  70
[1] 7327
[1] 104  55
[1] 7328
[1] 104  51
[1] 7329
[1] 104  66
[1] 7330
[1] 104  53
[1] 7331
[1] 104  54
[1] 7332
[1] 104  13
[1] 7333
[1] 104  58
[1] 7334
[1] 104  50
[1] 7335
[1] 104  52
[1] 7336
[1] 104  43
[1] 7337
[1] 104  44
[1] 7338
[1] 104  36
[1] 7339
[1] 104  30
[1] 7340
[1] 104  26
[1] 7341
[1] 104  32
[1] 7342
[1] 104  26
[1] 7343
[1] 104  27
[1] 7344
[1] 104  53
[1] 7345
[1] 104  18
[1] 7346
[1] 104  24
[1] 7347
[1] 104  21
[1] 7348
[1] 104  21
[1] 7349
[1] 104  43
[1] 7350
[1] 104  23
[1] 7351
[1] 104   8
[1] 7352
[1] 104  23
[1] 7353
[1] 104  58
[1] 7354
[1] 104  35
[1] 7355
[1] 104 106
[1] 7356
[1] 104  91
[1] 7357
[1] 104  58
[1] 7358
[1] 104  54
[1] 7359
[1] 104  83
[1] 7360
[1] 104  21
[1] 7361
[1] 104  70
[1] 7362
[1] 104  53
[1] 7363
[1] 104  83
[1] 7364
[1] 104  37
[1] 7365
[1] 104  73
[1] 7366
[1] 104  77
[1] 7367
[1] 104  43
[1] 7368
[1] 104  42
[1] 7369
[1] 104  40
[1] 7370
[1] 104  72
[1] 7371
[1] 104  37
[1] 7372
[1] 104  71
[1] 7373
[1] 104  73
[1] 7374
[1] 104  13
[1] 7375
[1] 104  75
[1] 7376
[1] 104  75
[1] 7377
[1] 104  75
[1] 7378
[1] 104  76
[1] 7379
[1] 104  73
[1] 7380
[1] 104  65
[1] 7381
[1] 104  20
[1] 7382
[1] 104  56
[1] 7383
[1] 104  79
[1] 7384
[1] 104 115
[1] 7385
[1] 104  93
[1] 7386
[1] 104  37
[1] 7387
[1] 104  78
[1] 7388
[1] 104  82
[1] 7389
[1] 104  55
[1] 7390
[1] 104  64
[1] 7391
[1] 104  48
[1] 7392
[1] 104  48
[1] 7393
[1] 104  61
[1] 7394
[1] 104  56
[1] 7395
[1] 104 112
[1] 7396
[1] 104  43
[1] 7397
[1] 104 110
[1] 7398
[1] 104 111
[1] 7399
[1] 104  35
[1] 7400
[1] 104  29
