[1] 1901
[1] 104  50
[1] 1902
[1] 104  56
[1] 1903
[1] 104  37
[1] 1904
[1] 104  72
[1] 1905
[1] 104  21
[1] 1906
[1] 104  18
[1] 1907
[1] 104  21
[1] 1908
[1] 104  54
[1] 1909
[1] 104  59
[1] 1910
[1] 104  34
[1] 1911
[1] 104  42
[1] 1912
[1] 104  35
[1] 1913
[1] 104  42
[1] 1914
[1] 104  35
[1] 1915
[1] 104  50
[1] 1916
[1] 104  31
[1] 1917
[1] 104  35
[1] 1918
[1] 104  90
[1] 1919
[1] 104  39
[1] 1920
[1] 104  63
[1] 1921
[1] 104  60
[1] 1922
[1] 104  63
[1] 1923
[1] 104  60
[1] 1924
[1] 104  60
[1] 1925
[1] 104  49
[1] 1926
[1] 104  87
[1] 1927
[1] 104  93
[1] 1928
[1] 104  99
[1] 1929
[1] 104  42
[1] 1930
[1] 104  62
[1] 1931
[1] 104  41
[1] 1932
[1] 104  38
[1] 1933
[1] 104  88
[1] 1934
[1] 104  39
[1] 1935
[1] 104  81
[1] 1936
[1] 104  36
[1] 1937
[1] 104  91
[1] 1938
[1] 104  54
[1] 1939
[1] 104 140
[1] 1940
[1] 104 115
[1] 1941
[1] 104  73
[1] 1942
[1] 104  10
[1] 1943
[1] 104  52
[1] 1944
[1] 104  90
[1] 1945
[1] 104  72
[1] 1946
[1] 104  31
[1] 1947
[1] 104  77
[1] 1948
[1] 104  75
[1] 1949
[1] 104  66
[1] 1950
[1] 104  36
[1] 1951
[1] 104  44
[1] 1952
[1] 104  48
[1] 1953
[1] 104  51
[1] 1954
[1] 104  45
[1] 1955
[1] 104  55
[1] 1956
[1] 104  61
[1] 1957
[1] 104  53
[1] 1958
[1] 104  52
[1] 1959
[1] 104  58
[1] 1960
[1] 104  58
[1] 1961
[1] 104  47
[1] 1962
[1] 104  44
[1] 1963
[1] 104  52
[1] 1964
[1] 104  66
[1] 1965
[1] 104  59
[1] 1966
[1] 104  55
[1] 1967
[1] 104  52
[1] 1968
[1] 104  78
[1] 1969
[1] 104  68
[1] 1970
[1] 104  26
[1] 1971
[1] 104  54
[1] 1972
[1] 104  68
[1] 1973
[1] 104  52
[1] 1974
[1] 104  71
[1] 1975
[1] 104  37
[1] 1976
[1] 104  37
[1] 1977
[1] 104  60
[1] 1978
[1] 104  41
[1] 1979
[1] 104  49
[1] 1980
[1] 104  42
[1] 1981
[1] 104  65
[1] 1982
[1] 104  65
[1] 1983
[1] 104  45
[1] 1984
[1] 104  72
[1] 1985
[1] 104  41
[1] 1986
[1] 104  74
[1] 1987
[1] 104  29
[1] 1988
[1] 104  32
[1] 1989
[1] 104  94
[1] 1990
[1] 104  45
[1] 1991
[1] 104  55
[1] 1992
[1] 104  81
[1] 1993
[1] 104  34
[1] 1994
[1] 104  51
[1] 1995
[1] 104  56
[1] 1996
[1] 104  57
[1] 1997
[1] 104  62
[1] 1998
[1] 104  70
[1] 1999
[1] 104  86
[1] 2000
[1] 104  80
