[1] 5901
[1] 104  33
[1] 5902
[1] 104  43
[1] 5903
[1] 104  26
[1] 5904
[1] 104  61
[1] 5905
[1] 104  80
[1] 5906
[1] 104  15
[1] 5907
[1] 104  38
[1] 5908
[1] 104  71
[1] 5909
[1] 104  16
[1] 5910
[1] 104  23
[1] 5911
[1] 104  15
[1] 5912
[1] 104  68
[1] 5913
[1] 104  23
[1] 5914
[1] 104  63
[1] 5915
[1] 104   7
[1] 5916
[1] 104  12
[1] 5917
[1] 104  23
[1] 5918
[1] 104  41
[1] 5919
[1] 104  51
[1] 5920
[1] 104  49
[1] 5921
[1] 104  45
[1] 5922
[1] 104  31
[1] 5923
[1] 104  45
[1] 5924
[1] 104  43
[1] 5925
[1] 104  18
[1] 5926
[1] 104  70
[1] 5927
[1] 104  72
[1] 5928
[1] 104  49
[1] 5929
[1] 104  49
[1] 5930
[1] 104  34
[1] 5931
[1] 104  40
[1] 5932
[1] 104  34
[1] 5933
[1] 104  34
[1] 5934
[1] 104  37
[1] 5935
[1] 104  21
[1] 5936
[1] 104  21
[1] 5937
[1] 104  22
[1] 5938
[1] 104  22
[1] 5939
[1] 104  22
[1] 5940
[1] 104  22
[1] 5941
[1] 104  22
[1] 5942
[1] 104  23
[1] 5943
[1] 104  50
[1] 5944
[1] 104  84
[1] 5945
[1] 104  55
[1] 5946
[1] 104  36
[1] 5947
[1] 104  68
[1] 5948
[1] 104  41
[1] 5949
[1] 104  39
[1] 5950
[1] 104  65
[1] 5951
[1] 104  72
[1] 5952
[1] 104  48
[1] 5953
[1] 104  72
[1] 5954
[1] 104  70
[1] 5955
[1] 104  65
[1] 5956
[1] 104  52
[1] 5957
[1] 104  52
[1] 5958
[1] 104  42
[1] 5959
[1] 104  64
[1] 5960
[1] 104  50
[1] 5961
[1] 104  75
[1] 5962
[1] 104 187
[1] 5963
[1] 104  84
[1] 5964
[1] 104  50
[1] 5965
[1] 104  42
[1] 5966
[1] 104  55
[1] 5967
[1] 104  61
[1] 5968
[1] 104 168
[1] 5969
[1] 104  29
[1] 5970
[1] 104  25
[1] 5971
[1] 104  24
[1] 5972
[1] 104  24
[1] 5973
[1] 104  37
[1] 5974
[1] 104  29
[1] 5975
[1] 104  60
[1] 5976
[1] 104  99
[1] 5977
[1] 104  60
[1] 5978
[1] 104  22
[1] 5979
[1] 104  26
[1] 5980
[1] 104  70
[1] 5981
[1] 104  71
[1] 5982
[1] 104  44
[1] 5983
[1] 104  45
[1] 5984
[1] 104  37
[1] 5985
[1] 104  24
[1] 5986
[1] 104  55
[1] 5987
[1] 104  39
[1] 5988
[1] 104  26
[1] 5989
[1] 104  61
[1] 5990
[1] 104 137
[1] 5991
[1] 104  34
[1] 5992
[1] 104  39
[1] 5993
[1] 104  31
[1] 5994
[1] 104  30
[1] 5995
[1] 104  54
[1] 5996
[1] 104 131
[1] 5997
[1] 104  80
[1] 5998
[1] 104  69
[1] 5999
[1] 104  26
[1] 6000
[1] 104  43
