[1] 7401
[1] 104  43
[1] 7402
[1] 104  46
[1] 7403
[1] 104  17
[1] 7404
[1] 104  40
[1] 7405
[1] 104  17
[1] 7406
[1] 104  27
[1] 7407
[1] 104  35
[1] 7408
[1] 104  37
[1] 7409
[1] 104  37
[1] 7410
[1] 104  56
[1] 7411
[1] 104  35
[1] 7412
[1] 104  86
[1] 7413
[1] 104  76
[1] 7414
[1] 104  86
[1] 7415
[1] 104  56
[1] 7416
[1] 104  26
[1] 7417
[1] 104  16
[1] 7418
[1] 104  61
[1] 7419
[1] 104  40
[1] 7420
[1] 104 101
[1] 7421
[1] 104  78
[1] 7422
[1] 104  75
[1] 7423
[1] 104  47
[1] 7424
[1] 104  54
[1] 7425
[1] 104   9
[1] 7426
[1] 104  57
[1] 7427
[1] 104   8
[1] 7428
[1] 104  52
[1] 7429
[1] 104  50
[1] 7430
[1] 104  57
[1] 7431
[1] 104  36
[1] 7432
[1] 104  36
[1] 7433
[1] 104  52
[1] 7434
[1] 104  17
[1] 7435
[1] 104  23
[1] 7436
[1] 104  29
[1] 7437
[1] 104  12
[1] 7438
[1] 104  65
[1] 7439
[1] 104  57
[1] 7440
[1] 104  40
[1] 7441
[1] 104  49
[1] 7442
[1] 104  26
[1] 7443
[1] 104 162
[1] 7444
[1] 104  31
[1] 7445
[1] 104  38
[1] 7446
[1] 104  26
[1] 7447
[1] 104  32
[1] 7448
[1] 104  43
[1] 7449
[1] 104  32
[1] 7450
[1] 104  41
[1] 7451
[1] 104  34
[1] 7452
[1] 104  33
[1] 7453
[1] 104  37
[1] 7454
[1] 104  33
[1] 7455
[1] 104  65
[1] 7456
[1] 104  32
[1] 7457
[1] 104  18
[1] 7458
[1] 104  30
[1] 7459
[1] 104  21
[1] 7460
[1] 104  19
[1] 7461
[1] 104  35
[1] 7462
[1] 104  63
[1] 7463
[1] 104  38
[1] 7464
[1] 104  52
[1] 7465
[1] 104  21
[1] 7466
[1] 104  51
[1] 7467
[1] 104  21
[1] 7468
[1] 104  66
[1] 7469
[1] 104  62
[1] 7470
[1] 104  29
[1] 7471
[1] 104  48
[1] 7472
[1] 104  53
[1] 7473
[1] 104  38
[1] 7474
[1] 104  37
[1] 7475
[1] 104  32
[1] 7476
[1] 104  20
[1] 7477
[1] 104  55
[1] 7478
[1] 104  54
[1] 7479
[1] 104  61
[1] 7480
[1] 104  45
[1] 7481
[1] 104  13
[1] 7482
[1] 104  34
[1] 7483
[1] 104  52
[1] 7484
[1] 104  38
[1] 7485
[1] 104  58
[1] 7486
[1] 104  36
[1] 7487
[1] 104  33
[1] 7488
[1] 104  33
[1] 7489
[1] 104  31
[1] 7490
[1] 104  31
[1] 7491
[1] 104  29
[1] 7492
[1] 104  39
[1] 7493
[1] 104  17
[1] 7494
[1] 104  21
[1] 7495
[1] 104  44
[1] 7496
[1] 104  40
[1] 7497
[1] 104  54
[1] 7498
[1] 104  60
[1] 7499
[1] 104  31
[1] 7500
[1] 104  50
