[1] 2301
[1] 104  66
[1] 2302
[1] 104  66
[1] 2303
[1] 104 115
[1] 2304
[1] 104  64
[1] 2305
[1] 104  50
[1] 2306
[1] 104  64
[1] 2307
[1] 104  31
[1] 2308
[1] 104  19
[1] 2309
[1] 104  34
[1] 2310
[1] 104  57
[1] 2311
[1] 104  46
[1] 2312
[1] 104  28
[1] 2313
[1] 104  38
[1] 2314
[1] 104  37
[1] 2315
[1] 104  42
[1] 2316
[1] 104  36
[1] 2317
[1] 104  39
[1] 2318
[1] 104  27
[1] 2319
[1] 104  44
[1] 2320
[1] 104  39
[1] 2321
[1] 104  45
[1] 2322
[1] 104  31
[1] 2323
[1] 104  23
[1] 2324
[1] 104  39
[1] 2325
[1] 104  38
[1] 2326
[1] 104  23
[1] 2327
[1] 104  31
[1] 2328
[1] 104  24
[1] 2329
[1] 104  32
[1] 2330
[1] 104  46
[1] 2331
[1] 104  42
[1] 2332
[1] 104  22
[1] 2333
[1] 104  22
[1] 2334
[1] 104  41
[1] 2335
[1] 104  43
[1] 2336
[1] 104  55
[1] 2337
[1] 104  30
[1] 2338
[1] 104  60
[1] 2339
[1] 104  21
[1] 2340
[1] 104  24
[1] 2341
[1] 104  64
[1] 2342
[1] 104  63
[1] 2343
[1] 104  63
[1] 2344
[1] 104  61
[1] 2345
[1] 104  42
[1] 2346
[1] 104  68
[1] 2347
[1] 104  65
[1] 2348
[1] 104  19
[1] 2349
[1] 104  25
[1] 2350
[1] 104  20
[1] 2351
[1] 104  34
[1] 2352
[1] 104  74
[1] 2353
[1] 104  39
[1] 2354
[1] 104  28
[1] 2355
[1] 104  32
[1] 2356
[1] 104  30
[1] 2357
[1] 104  49
[1] 2358
[1] 104  17
[1] 2359
[1] 104  45
[1] 2360
[1] 104  21
[1] 2361
[1] 104  32
[1] 2362
[1] 104  81
[1] 2363
[1] 104  39
[1] 2364
[1] 104  62
[1] 2365
[1] 104  71
[1] 2366
[1] 104  47
[1] 2367
[1] 104  33
[1] 2368
[1] 104  33
[1] 2369
[1] 104  33
[1] 2370
[1] 104  29
[1] 2371
[1] 104  28
[1] 2372
[1] 104  24
[1] 2373
[1] 104  22
[1] 2374
[1] 104  44
[1] 2375
[1] 104  20
[1] 2376
[1] 104  50
[1] 2377
[1] 104  18
[1] 2378
[1] 104  52
[1] 2379
[1] 104  18
[1] 2380
[1] 104  36
[1] 2381
[1] 104  50
[1] 2382
[1] 104  46
[1] 2383
[1] 104  19
[1] 2384
[1] 104  45
[1] 2385
[1] 104  42
[1] 2386
[1] 104  76
[1] 2387
[1] 104  86
[1] 2388
[1] 104  67
[1] 2389
[1] 104  55
[1] 2390
[1] 104  66
[1] 2391
[1] 104  51
[1] 2392
[1] 104  54
[1] 2393
[1] 104  40
[1] 2394
[1] 104  30
[1] 2395
[1] 104  70
[1] 2396
[1] 104  68
[1] 2397
[1] 104  74
[1] 2398
[1] 104  31
[1] 2399
[1] 104  31
[1] 2400
[1] 104  31
