[1] 2001
[1] 104  74
[1] 2002
[1] 104  49
[1] 2003
[1] 104  55
[1] 2004
[1] 104  44
[1] 2005
[1] 104  61
[1] 2006
[1] 104  47
[1] 2007
[1] 104  53
[1] 2008
[1] 104  48
[1] 2009
[1] 104  46
[1] 2010
[1] 104  28
[1] 2011
[1] 104  38
[1] 2012
[1] 104  44
[1] 2013
[1] 104  48
[1] 2014
[1] 104  55
[1] 2015
[1] 104  56
[1] 2016
[1] 104  31
[1] 2017
[1] 104  56
[1] 2018
[1] 104  31
[1] 2019
[1] 104  41
[1] 2020
[1] 104  66
[1] 2021
[1] 104  37
[1] 2022
[1] 104  53
[1] 2023
[1] 104  65
[1] 2024
[1] 104  47
[1] 2025
[1] 104  66
[1] 2026
[1] 104  28
[1] 2027
[1] 104  49
[1] 2028
[1] 104  62
[1] 2029
[1] 104  27
[1] 2030
[1] 104  47
[1] 2031
[1] 104  44
[1] 2032
[1] 104  57
[1] 2033
[1] 104  54
[1] 2034
[1] 104  50
[1] 2035
[1] 104  23
[1] 2036
[1] 104  53
[1] 2037
[1] 104  68
[1] 2038
[1] 104  71
[1] 2039
[1] 104  61
[1] 2040
[1] 104  58
[1] 2041
[1] 104  40
[1] 2042
[1] 104  15
[1] 2043
[1] 104  31
[1] 2044
[1] 104  77
[1] 2045
[1] 104  10
[1] 2046
[1] 104  67
[1] 2047
[1] 104  75
[1] 2048
[1] 104  73
[1] 2049
[1] 104  81
[1] 2050
[1] 104  76
[1] 2051
[1] 104  80
[1] 2052
[1] 104  81
[1] 2053
[1] 104  61
[1] 2054
[1] 104  74
[1] 2055
[1] 104  58
[1] 2056
[1] 104  42
[1] 2057
[1] 104  78
[1] 2058
[1] 104  81
[1] 2059
[1] 104  43
[1] 2060
[1] 104  76
[1] 2061
[1] 104  68
[1] 2062
[1] 104  30
[1] 2063
[1] 104  30
[1] 2064
[1] 104  25
[1] 2065
[1] 104  22
[1] 2066
[1] 104  24
[1] 2067
[1] 104  59
[1] 2068
[1] 104  58
[1] 2069
[1] 104  56
[1] 2070
[1] 104  77
[1] 2071
[1] 104  74
[1] 2072
[1] 104  55
[1] 2073
[1] 104  65
[1] 2074
[1] 104  47
[1] 2075
[1] 104  39
[1] 2076
[1] 104  40
[1] 2077
[1] 104  38
[1] 2078
[1] 104  69
[1] 2079
[1] 104  71
[1] 2080
[1] 104  46
[1] 2081
[1] 104  81
[1] 2082
[1] 104  79
[1] 2083
[1] 104  46
[1] 2084
[1] 104  45
[1] 2085
[1] 104  27
[1] 2086
[1] 104  73
[1] 2087
[1] 104  42
[1] 2088
[1] 104  38
[1] 2089
[1] 104   9
[1] 2090
[1] 104  38
[1] 2091
[1] 104  12
[1] 2092
[1] 104  70
[1] 2093
[1] 104  36
[1] 2094
[1] 104  57
[1] 2095
[1] 104  65
[1] 2096
[1] 104  79
[1] 2097
[1] 104  49
[1] 2098
[1] 104  45
[1] 2099
[1] 104  22
[1] 2100
[1] 104  32
