[1] 101
[1] 104  60
[1] 102
[1] 104  63
[1] 103
[1] 104  30
[1] 104
[1] 104  48
[1] 105
[1] 104  62
[1] 106
[1] 104  49
[1] 107
[1] 104  70
[1] 108
[1] 104  26
[1] 109
[1] 104  43
[1] 110
[1] 104  73
[1] 111
[1] 104  61
[1] 112
[1] 104  37
[1] 113
[1] 104  44
[1] 114
[1] 104  63
[1] 115
[1] 104  30
[1] 116
[1] 104  74
[1] 117
[1] 104  27
[1] 118
[1] 104  29
[1] 119
[1] 104  64
[1] 120
[1] 104  24
[1] 121
[1] 104  39
[1] 122
[1] 104  51
[1] 123
[1] 104  66
[1] 124
[1] 104  48
[1] 125
[1] 104  63
[1] 126
[1] 104  73
[1] 127
[1] 104  41
[1] 128
[1] 104 100
[1] 129
[1] 104  58
[1] 130
[1] 104  61
[1] 131
[1] 104  44
[1] 132
[1] 104  69
[1] 133
[1] 104  45
[1] 134
[1] 104  36
[1] 135
[1] 104  34
[1] 136
[1] 104  22
[1] 137
[1] 104  64
[1] 138
[1] 104  45
[1] 139
[1] 104  19
[1] 140
[1] 104  71
[1] 141
[1] 104  38
[1] 142
[1] 104  34
[1] 143
[1] 104  54
[1] 144
[1] 104  41
[1] 145
[1] 104  56
[1] 146
[1] 104  74
[1] 147
[1] 104  35
[1] 148
[1] 104  20
[1] 149
[1] 104  73
[1] 150
[1] 104  71
[1] 151
[1] 104  58
[1] 152
[1] 104  62
[1] 153
[1] 104  22
[1] 154
[1] 104  26
[1] 155
[1] 104  45
[1] 156
[1] 104  52
[1] 157
[1] 104  76
[1] 158
[1] 104  54
[1] 159
[1] 104  33
[1] 160
[1] 104  30
[1] 161
[1] 104  68
[1] 162
[1] 104  28
[1] 163
[1] 104  32
[1] 164
[1] 104  84
[1] 165
[1] 104  46
[1] 166
[1] 104  63
[1] 167
[1] 104  48
[1] 168
[1] 104  33
[1] 169
[1] 104  65
[1] 170
[1] 104  39
[1] 171
[1] 104  41
[1] 172
[1] 104  38
[1] 173
[1] 104  17
[1] 174
[1] 104  77
[1] 175
[1] 104  49
[1] 176
[1] 104  69
[1] 177
[1] 104  63
[1] 178
[1] 104  68
[1] 179
[1] 104  73
[1] 180
[1] 104  69
[1] 181
[1] 104  22
[1] 182
[1] 104  60
[1] 183
[1] 104  61
[1] 184
[1] 104  49
[1] 185
[1] 104  33
[1] 186
[1] 104  47
[1] 187
[1] 104  25
[1] 188
[1] 104  64
[1] 189
[1] 104  44
[1] 190
[1] 104  63
[1] 191
[1] 104  42
[1] 192
[1] 104  42
[1] 193
[1] 104  54
[1] 194
[1] 104  68
[1] 195
[1] 104  37
[1] 196
[1] 104  52
[1] 197
[1] 104  75
[1] 198
[1] 104  29
[1] 199
[1] 104  27
[1] 200
[1] 104  66
