[1] 3901
[1] 104  46
[1] 3902
[1] 104  68
[1] 3903
[1] 104  71
[1] 3904
[1] 104  28
[1] 3905
[1] 104  69
[1] 3906
[1] 104  98
[1] 3907
[1] 104  35
[1] 3908
[1] 104  54
[1] 3909
[1] 104  34
[1] 3910
[1] 104  53
[1] 3911
[1] 104  42
[1] 3912
[1] 104  28
[1] 3913
[1] 104  36
[1] 3914
[1] 104  54
[1] 3915
[1] 104  62
[1] 3916
[1] 104 105
[1] 3917
[1] 104  90
[1] 3918
[1] 104  88
[1] 3919
[1] 104  59
[1] 3920
[1] 104  88
[1] 3921
[1] 104  54
[1] 3922
[1] 104  70
[1] 3923
[1] 104  36
[1] 3924
[1] 104  32
[1] 3925
[1] 104  58
[1] 3926
[1] 104  40
[1] 3927
[1] 104  53
[1] 3928
[1] 104  25
[1] 3929
[1] 104  80
[1] 3930
[1] 104  29
[1] 3931
[1] 104  52
[1] 3932
[1] 104  43
[1] 3933
[1] 104  56
[1] 3934
[1] 104  94
[1] 3935
[1] 104  33
[1] 3936
[1] 104  46
[1] 3937
[1] 104  45
[1] 3938
[1] 104  38
[1] 3939
[1] 104  58
[1] 3940
[1] 104  37
[1] 3941
[1] 104  52
[1] 3942
[1] 104  56
[1] 3943
[1] 104  49
[1] 3944
[1] 104  44
[1] 3945
[1] 104  43
[1] 3946
[1] 104  23
[1] 3947
[1] 104  22
[1] 3948
[1] 104  33
[1] 3949
[1] 104  30
[1] 3950
[1] 104  64
[1] 3951
[1] 104  45
[1] 3952
[1] 104  57
[1] 3953
[1] 104  93
[1] 3954
[1] 104  68
[1] 3955
[1] 104  30
[1] 3956
[1] 104  77
[1] 3957
[1] 104  24
[1] 3958
[1] 104  20
[1] 3959
[1] 104  56
[1] 3960
[1] 104  31
[1] 3961
[1] 104  59
[1] 3962
[1] 104  36
[1] 3963
[1] 104  62
[1] 3964
[1] 104  62
[1] 3965
[1] 104  23
[1] 3966
[1] 104  23
[1] 3967
[1] 104  46
[1] 3968
[1] 104  38
[1] 3969
[1] 104  79
[1] 3970
[1] 104  44
[1] 3971
[1] 104  20
[1] 3972
[1] 104  57
[1] 3973
[1] 104  42
[1] 3974
[1] 104  36
[1] 3975
[1] 104  29
[1] 3976
[1] 104  28
[1] 3977
[1] 104  37
[1] 3978
[1] 104 104
[1] 3979
[1] 104  73
[1] 3980
[1] 104  64
[1] 3981
[1] 104  58
[1] 3982
[1] 104  43
[1] 3983
[1] 104  64
[1] 3984
[1] 104  90
[1] 3985
[1] 104  62
[1] 3986
[1] 104  61
[1] 3987
[1] 104  74
[1] 3988
[1] 104  58
[1] 3989
[1] 104  66
[1] 3990
[1] 104  64
[1] 3991
[1] 104  65
[1] 3992
[1] 104  46
[1] 3993
[1] 104  62
[1] 3994
[1] 104  63
[1] 3995
[1] 104  51
[1] 3996
[1] 104  34
[1] 3997
[1] 104  50
[1] 3998
[1] 104  40
[1] 3999
[1] 104  44
[1] 4000
[1] 104  48
