[1] 1101
[1] 104  51
[1] 1102
[1] 104  18
[1] 1103
[1] 104  15
[1] 1104
[1] 104  17
[1] 1105
[1] 104  15
[1] 1106
[1] 104  65
[1] 1107
[1] 104  31
[1] 1108
[1] 104  57
[1] 1109
[1] 104  69
[1] 1110
[1] 104  36
[1] 1111
[1] 104  42
[1] 1112
[1] 104  36
[1] 1113
[1] 104  44
[1] 1114
[1] 104  46
[1] 1115
[1] 104  46
[1] 1116
[1] 104  47
[1] 1117
[1] 104  24
[1] 1118
[1] 104  48
[1] 1119
[1] 104  26
[1] 1120
[1] 104  99
[1] 1121
[1] 104  60
[1] 1122
[1] 104  69
[1] 1123
[1] 104  44
[1] 1124
[1] 104  39
[1] 1125
[1] 104  25
[1] 1126
[1] 104  32
[1] 1127
[1] 104  72
[1] 1128
[1] 104  66
[1] 1129
[1] 104  48
[1] 1130
[1] 104  23
[1] 1131
[1] 104  75
[1] 1132
[1] 104  56
[1] 1133
[1] 104  69
[1] 1134
[1] 104  81
[1] 1135
[1] 104  55
[1] 1136
[1] 104  58
[1] 1137
[1] 104  64
[1] 1138
[1] 104  57
[1] 1139
[1] 104  69
[1] 1140
[1] 104  36
[1] 1141
[1] 104  30
[1] 1142
[1] 104  35
[1] 1143
[1] 104  30
[1] 1144
[1] 104  84
[1] 1145
[1] 104  29
[1] 1146
[1] 104  36
[1] 1147
[1] 104  75
[1] 1148
[1] 104  63
[1] 1149
[1] 104  55
[1] 1150
[1] 104  33
[1] 1151
[1] 104  41
[1] 1152
[1] 104  40
[1] 1153
[1] 104  50
[1] 1154
[1] 104  46
[1] 1155
[1] 104  69
[1] 1156
[1] 104  32
[1] 1157
[1] 104  38
[1] 1158
[1] 104  74
[1] 1159
[1] 104  63
[1] 1160
[1] 104  58
[1] 1161
[1] 104  61
[1] 1162
[1] 104  69
[1] 1163
[1] 104  57
[1] 1164
[1] 104  37
[1] 1165
[1] 104  55
[1] 1166
[1] 104  28
[1] 1167
[1] 104  59
[1] 1168
[1] 104  35
[1] 1169
[1] 104  42
[1] 1170
[1] 104  37
[1] 1171
[1] 104  67
[1] 1172
[1] 104  42
[1] 1173
[1] 104  53
[1] 1174
[1] 104  49
[1] 1175
[1] 104  26
[1] 1176
[1] 104  26
[1] 1177
[1] 104  29
[1] 1178
[1] 104  73
[1] 1179
[1] 104  58
[1] 1180
[1] 104  13
[1] 1181
[1] 104  59
[1] 1182
[1] 104  16
[1] 1183
[1] 104 102
[1] 1184
[1] 104  79
[1] 1185
[1] 104  31
[1] 1186
[1] 104  69
[1] 1187
[1] 104  90
[1] 1188
[1] 104  70
[1] 1189
[1] 104  74
[1] 1190
[1] 104  84
[1] 1191
[1] 104  65
[1] 1192
[1] 104  75
[1] 1193
[1] 104  37
[1] 1194
[1] 104  38
[1] 1195
[1] 104  42
[1] 1196
[1] 104  81
[1] 1197
[1] 104  13
[1] 1198
[1] 104  18
[1] 1199
[1] 104  52
[1] 1200
[1] 104  49
