[1] 8501
[1] 104  43
[1] 8502
[1] 104  41
[1] 8503
[1] 104  34
[1] 8504
[1] 104  28
[1] 8505
[1] 104  34
[1] 8506
[1] 104 136
[1] 8507
[1] 104  62
[1] 8508
[1] 104  19
[1] 8509
[1] 104  18
[1] 8510
[1] 104  53
[1] 8511
[1] 104  72
[1] 8512
[1] 104  89
[1] 8513
[1] 104  56
[1] 8514
[1] 104  74
[1] 8515
[1] 104  51
[1] 8516
[1] 104  37
[1] 8517
[1] 104  71
[1] 8518
[1] 104  64
[1] 8519
[1] 104  45
[1] 8520
[1] 104  38
[1] 8521
[1] 104  17
[1] 8522
[1] 104  38
[1] 8523
[1] 104  55
[1] 8524
[1] 104  77
[1] 8525
[1] 104  54
[1] 8526
[1] 104  46
[1] 8527
[1] 104  68
[1] 8528
[1] 104  54
[1] 8529
[1] 104  69
[1] 8530
[1] 104  80
[1] 8531
[1] 104  63
[1] 8532
[1] 104  47
[1] 8533
[1] 104  78
[1] 8534
[1] 104  79
[1] 8535
[1] 104  57
[1] 8536
[1] 104  80
[1] 8537
[1] 104  39
[1] 8538
[1] 104  39
[1] 8539
[1] 104  24
[1] 8540
[1] 104  45
[1] 8541
[1] 104  38
[1] 8542
[1] 104  47
[1] 8543
[1] 104  25
[1] 8544
[1] 104  68
[1] 8545
[1] 104  67
[1] 8546
[1] 104  82
[1] 8547
[1] 104  56
[1] 8548
[1] 104  60
[1] 8549
[1] 104  60
[1] 8550
[1] 104  59
[1] 8551
[1] 104  40
[1] 8552
[1] 104  36
[1] 8553
[1] 104  70
[1] 8554
[1] 104  47
[1] 8555
[1] 104  56
[1] 8556
[1] 104  65
[1] 8557
[1] 104  45
[1] 8558
[1] 104  54
[1] 8559
[1] 104  57
[1] 8560
[1] 104  40
[1] 8561
[1] 104  42
[1] 8562
[1] 104  39
[1] 8563
[1] 104  53
[1] 8564
[1] 104  56
[1] 8565
[1] 104  50
[1] 8566
[1] 104  39
[1] 8567
[1] 104  49
[1] 8568
[1] 104  64
[1] 8569
[1] 104  65
[1] 8570
[1] 104  63
[1] 8571
[1] 104  47
[1] 8572
[1] 104  14
[1] 8573
[1] 104  84
[1] 8574
[1] 104  40
[1] 8575
[1] 104  50
[1] 8576
[1] 104  31
[1] 8577
[1] 104  21
[1] 8578
[1] 104  66
[1] 8579
[1] 104  50
[1] 8580
[1] 104  56
[1] 8581
[1] 104  23
[1] 8582
[1] 104  57
[1] 8583
[1] 104  62
[1] 8584
[1] 104  86
[1] 8585
[1] 104  53
[1] 8586
[1] 104  51
[1] 8587
[1] 104  57
[1] 8588
[1] 104  53
[1] 8589
[1] 104  88
[1] 8590
[1] 104  52
[1] 8591
[1] 104  53
[1] 8592
[1] 104  27
[1] 8593
[1] 104  27
[1] 8594
[1] 104  64
[1] 8595
[1] 104  53
[1] 8596
[1] 104  69
[1] 8597
[1] 104  34
[1] 8598
[1] 104  57
[1] 8599
[1] 104  60
[1] 8600
[1] 104  61
