[1] 7101
[1] 104  44
[1] 7102
[1] 104  41
[1] 7103
[1] 104  38
[1] 7104
[1] 104  68
[1] 7105
[1] 104  82
[1] 7106
[1] 104  54
[1] 7107
[1] 104  60
[1] 7108
[1] 104  76
[1] 7109
[1] 104  57
[1] 7110
[1] 104  65
[1] 7111
[1] 104  54
[1] 7112
[1] 104  82
[1] 7113
[1] 104  44
[1] 7114
[1] 104  55
[1] 7115
[1] 104  48
[1] 7116
[1] 104 105
[1] 7117
[1] 104  53
[1] 7118
[1] 104  63
[1] 7119
[1] 104  78
[1] 7120
[1] 104  35
[1] 7121
[1] 104  36
[1] 7122
[1] 104  28
[1] 7123
[1] 104  41
[1] 7124
[1] 104  60
[1] 7125
[1] 104  59
[1] 7126
[1] 104  72
[1] 7127
[1] 104  51
[1] 7128
[1] 104  60
[1] 7129
[1] 104  68
[1] 7130
[1] 104  87
[1] 7131
[1] 104  68
[1] 7132
[1] 104  48
[1] 7133
[1] 104  49
[1] 7134
[1] 104  42
[1] 7135
[1] 104  65
[1] 7136
[1] 104  44
[1] 7137
[1] 104  27
[1] 7138
[1] 104  49
[1] 7139
[1] 104  35
[1] 7140
[1] 104  56
[1] 7141
[1] 104  32
[1] 7142
[1] 104  55
[1] 7143
[1] 104  29
[1] 7144
[1] 104  59
[1] 7145
[1] 104  72
[1] 7146
[1] 104  35
[1] 7147
[1] 104  52
[1] 7148
[1] 104  52
[1] 7149
[1] 104 108
[1] 7150
[1] 104  66
[1] 7151
[1] 104  60
[1] 7152
[1] 104  34
[1] 7153
[1] 104  65
[1] 7154
[1] 104  34
[1] 7155
[1] 104  34
[1] 7156
[1] 104  36
[1] 7157
[1] 104  56
[1] 7158
[1] 104  55
[1] 7159
[1] 104  42
[1] 7160
[1] 104  69
[1] 7161
[1] 104  67
[1] 7162
[1] 104 157
[1] 7163
[1] 104  36
[1] 7164
[1] 104  45
[1] 7165
[1] 104  48
[1] 7166
[1] 104  59
[1] 7167
[1] 104  18
[1] 7168
[1] 104  80
[1] 7169
[1] 104  36
[1] 7170
[1] 104  37
[1] 7171
[1] 104  50
[1] 7172
[1] 104  81
[1] 7173
[1] 104  47
[1] 7174
[1] 104  98
[1] 7175
[1] 104  54
[1] 7176
[1] 104  87
[1] 7177
[1] 104  88
[1] 7178
[1] 104  84
[1] 7179
[1] 104  83
[1] 7180
[1] 104  28
[1] 7181
[1] 104  57
[1] 7182
[1] 104  63
[1] 7183
[1] 104  74
[1] 7184
[1] 104  18
[1] 7185
[1] 104  48
[1] 7186
[1] 104  56
[1] 7187
[1] 104  43
[1] 7188
[1] 104  41
[1] 7189
[1] 104  43
[1] 7190
[1] 104  51
[1] 7191
[1] 104  41
[1] 7192
[1] 104 106
[1] 7193
[1] 104  54
[1] 7194
[1] 104  42
[1] 7195
[1] 104  49
[1] 7196
[1] 104  37
[1] 7197
[1] 104  41
[1] 7198
[1] 104  35
[1] 7199
[1] 104  54
[1] 7200
[1] 104  34
