[1] 8001
[1] 104   9
[1] 8002
[1] 104  34
[1] 8003
[1] 104  34
[1] 8004
[1] 104  29
[1] 8005
[1] 104  26
[1] 8006
[1] 104  47
[1] 8007
[1] 104  11
[1] 8008
[1] 104  17
[1] 8009
[1] 104  25
[1] 8010
[1] 104  91
[1] 8011
[1] 104  46
[1] 8012
[1] 104  10
[1] 8013
[1] 104  60
[1] 8014
[1] 104  39
[1] 8015
[1] 104  41
[1] 8016
[1] 104  84
[1] 8017
[1] 104  67
[1] 8018
[1] 104  54
[1] 8019
[1] 104  91
[1] 8020
[1] 104  54
[1] 8021
[1] 104  53
[1] 8022
[1] 104  56
[1] 8023
[1] 104  88
[1] 8024
[1] 104  57
[1] 8025
[1] 104  81
[1] 8026
[1] 104  67
[1] 8027
[1] 104  97
[1] 8028
[1] 104  64
[1] 8029
[1] 104  89
[1] 8030
[1] 104  37
[1] 8031
[1] 104  30
[1] 8032
[1] 104  27
[1] 8033
[1] 104  36
[1] 8034
[1] 104  24
[1] 8035
[1] 104  30
[1] 8036
[1] 104  53
[1] 8037
[1] 104  45
[1] 8038
[1] 104  24
[1] 8039
[1] 104  20
[1] 8040
[1] 104  59
[1] 8041
[1] 104  71
[1] 8042
[1] 104  46
[1] 8043
[1] 104  23
[1] 8044
[1] 104  65
[1] 8045
[1] 104  68
[1] 8046
[1] 104  49
[1] 8047
[1] 104  27
[1] 8048
[1] 104  26
[1] 8049
[1] 104  68
[1] 8050
[1] 104  51
[1] 8051
[1] 104  66
[1] 8052
[1] 104  40
[1] 8053
[1] 104  53
[1] 8054
[1] 104  42
[1] 8055
[1] 104  31
[1] 8056
[1] 104  31
[1] 8057
[1] 104  62
[1] 8058
[1] 104  31
[1] 8059
[1] 104 124
[1] 8060
[1] 104  93
[1] 8061
[1] 104 164
[1] 8062
[1] 104  44
[1] 8063
[1] 104  35
[1] 8064
[1] 104  32
[1] 8065
[1] 104  56
[1] 8066
[1] 104  50
[1] 8067
[1] 104  51
[1] 8068
[1] 104  64
[1] 8069
[1] 104  58
[1] 8070
[1] 104  38
[1] 8071
[1] 104  23
[1] 8072
[1] 104  75
[1] 8073
[1] 104  72
[1] 8074
[1] 104  62
[1] 8075
[1] 104  73
[1] 8076
[1] 104  63
[1] 8077
[1] 104  63
[1] 8078
[1] 104  62
[1] 8079
[1] 104  63
[1] 8080
[1] 104  77
[1] 8081
[1] 104 110
[1] 8082
[1] 104  24
[1] 8083
[1] 104  65
[1] 8084
[1] 104  37
[1] 8085
[1] 104  52
[1] 8086
[1] 104  43
[1] 8087
[1] 104  34
[1] 8088
[1] 104  61
[1] 8089
[1] 104  93
[1] 8090
[1] 104  47
[1] 8091
[1] 104  56
[1] 8092
[1] 104  47
[1] 8093
[1] 104  59
[1] 8094
[1] 104  55
[1] 8095
[1] 104  22
[1] 8096
[1] 104  24
[1] 8097
[1] 104  23
[1] 8098
[1] 104  48
[1] 8099
[1] 104   1
[1] 8100
[1] 104  73
