[1] 7001
[1] 104  65
[1] 7002
[1] 104  59
[1] 7003
[1] 104  63
[1] 7004
[1] 104  62
[1] 7005
[1] 104  61
[1] 7006
[1] 104  67
[1] 7007
[1] 104  32
[1] 7008
[1] 104  47
[1] 7009
[1] 104  40
[1] 7010
[1] 104  37
[1] 7011
[1] 104  83
[1] 7012
[1] 104  70
[1] 7013
[1] 104  22
[1] 7014
[1] 104  37
[1] 7015
[1] 104  38
[1] 7016
[1] 104  38
[1] 7017
[1] 104  50
[1] 7018
[1] 104  36
[1] 7019
[1] 104  41
[1] 7020
[1] 104  59
[1] 7021
[1] 104  77
[1] 7022
[1] 104  25
[1] 7023
[1] 104  60
[1] 7024
[1] 104  37
[1] 7025
[1] 104  41
[1] 7026
[1] 104  46
[1] 7027
[1] 104  46
[1] 7028
[1] 104  53
[1] 7029
[1] 104  38
[1] 7030
[1] 104  42
[1] 7031
[1] 104  46
[1] 7032
[1] 104  42
[1] 7033
[1] 104  23
[1] 7034
[1] 104  53
[1] 7035
[1] 104  41
[1] 7036
[1] 104  41
[1] 7037
[1] 104  21
[1] 7038
[1] 104  20
[1] 7039
[1] 104  31
[1] 7040
[1] 104  19
[1] 7041
[1] 104  20
[1] 7042
[1] 104  20
[1] 7043
[1] 104  20
[1] 7044
[1] 104  23
[1] 7045
[1] 104  25
[1] 7046
[1] 104  44
[1] 7047
[1] 104  25
[1] 7048
[1] 104  19
[1] 7049
[1] 104  27
[1] 7050
[1] 104  18
[1] 7051
[1] 104  16
[1] 7052
[1] 104  18
[1] 7053
[1] 104  29
[1] 7054
[1] 104  30
[1] 7055
[1] 104  15
[1] 7056
[1] 104  13
[1] 7057
[1] 104  12
[1] 7058
[1] 104  18
[1] 7059
[1] 104  23
[1] 7060
[1] 104  17
[1] 7061
[1] 104  21
[1] 7062
[1] 104  53
[1] 7063
[1] 104  47
[1] 7064
[1] 104  30
[1] 7065
[1] 104  30
[1] 7066
[1] 104  40
[1] 7067
[1] 104  67
[1] 7068
[1] 104  51
[1] 7069
[1] 104  57
[1] 7070
[1] 104  66
[1] 7071
[1] 104  41
[1] 7072
[1] 104  44
[1] 7073
[1] 104  56
[1] 7074
[1] 104  70
[1] 7075
[1] 104  31
[1] 7076
[1] 104  24
[1] 7077
[1] 104  30
[1] 7078
[1] 104  47
[1] 7079
[1] 104  27
[1] 7080
[1] 104  26
[1] 7081
[1] 104  72
[1] 7082
[1] 104  68
[1] 7083
[1] 104  24
[1] 7084
[1] 104  33
[1] 7085
[1] 104  32
[1] 7086
[1] 104  41
[1] 7087
[1] 104  94
[1] 7088
[1] 104  16
[1] 7089
[1] 104  45
[1] 7090
[1] 104  43
[1] 7091
[1] 104  41
[1] 7092
[1] 104  58
[1] 7093
[1] 104  28
[1] 7094
[1] 104  36
[1] 7095
[1] 104  70
[1] 7096
[1] 104  58
[1] 7097
[1] 104  83
[1] 7098
[1] 104  52
[1] 7099
[1] 104  60
[1] 7100
[1] 104  56
