[1] 9101
[1] 104  46
[1] 9102
[1] 104  61
[1] 9103
[1] 104  52
[1] 9104
[1] 104  48
[1] 9105
[1] 104  47
[1] 9106
[1] 104  97
[1] 9107
[1] 104  52
[1] 9108
[1] 104  40
[1] 9109
[1] 104  73
[1] 9110
[1] 104  61
[1] 9111
[1] 104  75
[1] 9112
[1] 104  29
[1] 9113
[1] 104  53
[1] 9114
[1] 104  91
[1] 9115
[1] 104  18
[1] 9116
[1] 104  70
[1] 9117
[1] 104   2
[1] 9118
[1] 104  71
[1] 9119
[1] 104  66
[1] 9120
[1] 104  30
[1] 9121
[1] 104  39
[1] 9122
[1] 104  50
[1] 9123
[1] 104  75
[1] 9124
[1] 104  38
[1] 9125
[1] 104  30
[1] 9126
[1] 104  25
[1] 9127
[1] 104  70
[1] 9128
[1] 104  89
[1] 9129
[1] 104  26
[1] 9130
[1] 104  34
[1] 9131
[1] 104  39
[1] 9132
[1] 104  33
[1] 9133
[1] 104  35
[1] 9134
[1] 104  40
[1] 9135
[1] 104  22
[1] 9136
[1] 104  59
[1] 9137
[1] 104  65
[1] 9138
[1] 104  25
[1] 9139
[1] 104  22
[1] 9140
[1] 104  18
[1] 9141
[1] 104  41
[1] 9142
[1] 104  46
[1] 9143
[1] 104  37
[1] 9144
[1] 104  61
[1] 9145
[1] 104  60
[1] 9146
[1] 104 138
[1] 9147
[1] 104  22
[1] 9148
[1] 104  46
[1] 9149
[1] 104  70
[1] 9150
[1] 104  24
[1] 9151
[1] 104  62
[1] 9152
[1] 104  58
[1] 9153
[1] 104  34
[1] 9154
[1] 104  56
[1] 9155
[1] 104  26
[1] 9156
[1] 104  48
[1] 9157
[1] 104  27
[1] 9158
[1] 104  33
[1] 9159
[1] 104  42
[1] 9160
[1] 104  29
[1] 9161
[1] 104  33
[1] 9162
[1] 104   3
[1] 9163
[1] 104  71
[1] 9164
[1] 104  57
[1] 9165
[1] 104  51
[1] 9166
[1] 104  23
[1] 9167
[1] 104   8
[1] 9168
[1] 104  57
[1] 9169
[1] 104  87
[1] 9170
[1] 104  12
[1] 9171
[1] 104  38
[1] 9172
[1] 104  29
[1] 9173
[1] 104  30
[1] 9174
[1] 104  74
[1] 9175
[1] 104 118
[1] 9176
[1] 104  32
[1] 9177
[1] 104  40
[1] 9178
[1] 104 110
[1] 9179
[1] 104  61
[1] 9180
[1] 104  53
[1] 9181
[1] 104  81
[1] 9182
[1] 104  60
[1] 9183
[1] 104  42
[1] 9184
[1] 104  36
[1] 9185
[1] 104   9
[1] 9186
[1] 104  43
[1] 9187
[1] 104  61
[1] 9188
[1] 104  44
[1] 9189
[1] 104  16
[1] 9190
[1] 104  54
[1] 9191
[1] 104 138
[1] 9192
[1] 104  34
[1] 9193
[1] 104  63
[1] 9194
[1] 104  60
[1] 9195
[1] 104  99
[1] 9196
[1] 104  73
[1] 9197
[1] 104  31
[1] 9198
[1] 104  35
[1] 9199
[1] 104 102
[1] 9200
[1] 104  46
