[1] 5101
[1] 104  97
[1] 5102
[1] 104  49
[1] 5103
[1] 104  58
[1] 5104
[1] 104  62
[1] 5105
[1] 104  57
[1] 5106
[1] 104  65
[1] 5107
[1] 104  92
[1] 5108
[1] 104  81
[1] 5109
[1] 104  70
[1] 5110
[1] 104  30
[1] 5111
[1] 104  38
[1] 5112
[1] 104  61
[1] 5113
[1] 104  50
[1] 5114
[1] 104  23
[1] 5115
[1] 104  61
[1] 5116
[1] 104  62
[1] 5117
[1] 104  49
[1] 5118
[1] 104  58
[1] 5119
[1] 104  62
[1] 5120
[1] 104  54
[1] 5121
[1] 104  54
[1] 5122
[1] 104  40
[1] 5123
[1] 104  42
[1] 5124
[1] 104  46
[1] 5125
[1] 104  15
[1] 5126
[1] 104  66
[1] 5127
[1] 104  29
[1] 5128
[1] 104  17
[1] 5129
[1] 104  24
[1] 5130
[1] 104  50
[1] 5131
[1] 104  50
[1] 5132
[1] 104  54
[1] 5133
[1] 104  58
[1] 5134
[1] 104  65
[1] 5135
[1] 104  34
[1] 5136
[1] 104  19
[1] 5137
[1] 104  34
[1] 5138
[1] 104  26
[1] 5139
[1] 104  42
[1] 5140
[1] 104  45
[1] 5141
[1] 104  22
[1] 5142
[1] 104  61
[1] 5143
[1] 104  57
[1] 5144
[1] 104  18
[1] 5145
[1] 104  17
[1] 5146
[1] 104  51
[1] 5147
[1] 104  65
[1] 5148
[1] 104  95
[1] 5149
[1] 104  27
[1] 5150
[1] 104  31
[1] 5151
[1] 104  42
[1] 5152
[1] 104  25
[1] 5153
[1] 104  62
[1] 5154
[1] 104  58
[1] 5155
[1] 104  35
[1] 5156
[1] 104  36
[1] 5157
[1] 104  72
[1] 5158
[1] 104  59
[1] 5159
[1] 104  61
[1] 5160
[1] 104  79
[1] 5161
[1] 104  61
[1] 5162
[1] 104  37
[1] 5163
[1] 104  71
[1] 5164
[1] 104  61
[1] 5165
[1] 104  64
[1] 5166
[1] 104 116
[1] 5167
[1] 104  55
[1] 5168
[1] 104  71
[1] 5169
[1] 104  67
[1] 5170
[1] 104  41
[1] 5171
[1] 104  52
[1] 5172
[1] 104  50
[1] 5173
[1] 104  61
[1] 5174
[1] 104  52
[1] 5175
[1] 104  45
[1] 5176
[1] 104  46
[1] 5177
[1] 104  45
[1] 5178
[1] 104  27
[1] 5179
[1] 104 109
[1] 5180
[1] 104  21
[1] 5181
[1] 104  15
[1] 5182
[1] 104  53
[1] 5183
[1] 104  15
[1] 5184
[1] 104  46
[1] 5185
[1] 104  53
[1] 5186
[1] 104  55
[1] 5187
[1] 104  37
[1] 5188
[1] 104  49
[1] 5189
[1] 104  75
[1] 5190
[1] 104  78
[1] 5191
[1] 104  83
[1] 5192
[1] 104  97
[1] 5193
[1] 104 113
[1] 5194
[1] 104  33
[1] 5195
[1] 104  60
[1] 5196
[1] 104  14
[1] 5197
[1] 104  62
[1] 5198
[1] 104 114
[1] 5199
[1] 104 355
[1] 5200
[1] 104 131
