[1] 3201
[1] 104  48
[1] 3202
[1] 104  48
[1] 3203
[1] 104  71
[1] 3204
[1] 104  38
[1] 3205
[1] 104  50
[1] 3206
[1] 104  52
[1] 3207
[1] 104  51
[1] 3208
[1] 104  46
[1] 3209
[1] 104  33
[1] 3210
[1] 104  41
[1] 3211
[1] 104  64
[1] 3212
[1] 104  46
[1] 3213
[1] 104  85
[1] 3214
[1] 104  42
[1] 3215
[1] 104  47
[1] 3216
[1] 104  36
[1] 3217
[1] 104  18
[1] 3218
[1] 104  87
[1] 3219
[1] 104  79
[1] 3220
[1] 104  48
[1] 3221
[1] 104  59
[1] 3222
[1] 104  43
[1] 3223
[1] 104  68
[1] 3224
[1] 104  68
[1] 3225
[1] 104  60
[1] 3226
[1] 104  59
[1] 3227
[1] 104  66
[1] 3228
[1] 104  80
[1] 3229
[1] 104  82
[1] 3230
[1] 104  52
[1] 3231
[1] 104  42
[1] 3232
[1] 104  19
[1] 3233
[1] 104  27
[1] 3234
[1] 104  17
[1] 3235
[1] 104  33
[1] 3236
[1] 104  68
[1] 3237
[1] 104  58
[1] 3238
[1] 104  34
[1] 3239
[1] 104  37
[1] 3240
[1] 104  48
[1] 3241
[1] 104  49
[1] 3242
[1] 104  83
[1] 3243
[1] 104  76
[1] 3244
[1] 104  53
[1] 3245
[1] 104  52
[1] 3246
[1] 104  83
[1] 3247
[1] 104  76
[1] 3248
[1] 104  71
[1] 3249
[1] 104  20
[1] 3250
[1] 104  21
[1] 3251
[1] 104  43
[1] 3252
[1] 104  24
[1] 3253
[1] 104  36
[1] 3254
[1] 104  40
[1] 3255
[1] 104  65
[1] 3256
[1] 104  29
[1] 3257
[1] 104  33
[1] 3258
[1] 104  70
[1] 3259
[1] 104  27
[1] 3260
[1] 104  38
[1] 3261
[1] 104  62
[1] 3262
[1] 104  40
[1] 3263
[1] 104  39
[1] 3264
[1] 104  25
[1] 3265
[1] 104  31
[1] 3266
[1] 104  66
[1] 3267
[1] 104  80
[1] 3268
[1] 104  52
[1] 3269
[1] 104  47
[1] 3270
[1] 104  46
[1] 3271
[1] 104  48
[1] 3272
[1] 104  35
[1] 3273
[1] 104  38
[1] 3274
[1] 104  49
[1] 3275
[1] 104  36
[1] 3276
[1] 104  32
[1] 3277
[1] 104  67
[1] 3278
[1] 104  46
[1] 3279
[1] 104  39
[1] 3280
[1] 104  60
[1] 3281
[1] 104  40
[1] 3282
[1] 104  49
[1] 3283
[1] 104  62
[1] 3284
[1] 104  38
[1] 3285
[1] 104  42
[1] 3286
[1] 104  40
[1] 3287
[1] 104  70
[1] 3288
[1] 104  48
[1] 3289
[1] 104  41
[1] 3290
[1] 104  32
[1] 3291
[1] 104  91
[1] 3292
[1] 104  60
[1] 3293
[1] 104  56
[1] 3294
[1] 104  44
[1] 3295
[1] 104  33
[1] 3296
[1] 104  60
[1] 3297
[1] 104  46
[1] 3298
[1] 104  44
[1] 3299
[1] 104  55
[1] 3300
[1] 104  29
