[1] 501
[1] 104  51
[1] 502
[1] 104  78
[1] 503
[1] 104  30
[1] 504
[1] 104  82
[1] 505
[1] 104  62
[1] 506
[1] 104  61
[1] 507
[1] 104 102
[1] 508
[1] 104  28
[1] 509
[1] 104  20
[1] 510
[1] 104  40
[1] 511
[1] 104  14
[1] 512
[1] 104  61
[1] 513
[1] 104  50
[1] 514
[1] 104  33
[1] 515
[1] 104  34
[1] 516
[1] 104  36
[1] 517
[1] 104  59
[1] 518
[1] 104  72
[1] 519
[1] 104  54
[1] 520
[1] 104  51
[1] 521
[1] 104  84
[1] 522
[1] 104  43
[1] 523
[1] 104  46
[1] 524
[1] 104  55
[1] 525
[1] 104  59
[1] 526
[1] 104  57
[1] 527
[1] 104  45
[1] 528
[1] 104  68
[1] 529
[1] 104  38
[1] 530
[1] 104  67
[1] 531
[1] 104  23
[1] 532
[1] 104  52
[1] 533
[1] 104  43
[1] 534
[1] 104  48
[1] 535
[1] 104  33
[1] 536
[1] 104  82
[1] 537
[1] 104  39
[1] 538
[1] 104  77
[1] 539
[1] 104  62
[1] 540
[1] 104  67
[1] 541
[1] 104  30
[1] 542
[1] 104  34
[1] 543
[1] 104  77
[1] 544
[1] 104  64
[1] 545
[1] 104  45
[1] 546
[1] 104  45
[1] 547
[1] 104  34
[1] 548
[1] 104  51
[1] 549
[1] 104  32
[1] 550
[1] 104  31
[1] 551
[1] 104  42
[1] 552
[1] 104  57
[1] 553
[1] 104  54
[1] 554
[1] 104  29
[1] 555
[1] 104   4
[1] 556
[1] 104  55
[1] 557
[1] 104  64
[1] 558
[1] 104  75
[1] 559
[1] 104  66
[1] 560
[1] 104  74
[1] 561
[1] 104  58
[1] 562
[1] 104  72
[1] 563
[1] 104  78
[1] 564
[1] 104  46
[1] 565
[1] 104  80
[1] 566
[1] 104  76
[1] 567
[1] 104  65
[1] 568
[1] 104  57
[1] 569
[1] 104  70
[1] 570
[1] 104  52
[1] 571
[1] 104  50
[1] 572
[1] 104  56
[1] 573
[1] 104  50
[1] 574
[1] 104  53
[1] 575
[1] 104  51
[1] 576
[1] 104  56
[1] 577
[1] 104  28
[1] 578
[1] 104  32
[1] 579
[1] 104  36
[1] 580
[1] 104  56
[1] 581
[1] 104  40
[1] 582
[1] 104  47
[1] 583
[1] 104  62
[1] 584
[1] 104  71
[1] 585
[1] 104  71
[1] 586
[1] 104  63
[1] 587
[1] 104  39
[1] 588
[1] 104  75
[1] 589
[1] 104  27
[1] 590
[1] 104  62
[1] 591
[1] 104  31
[1] 592
[1] 104  41
[1] 593
[1] 104  76
[1] 594
[1] 104  38
[1] 595
[1] 104  65
[1] 596
[1] 104  63
[1] 597
[1] 104  39
[1] 598
[1] 104  49
[1] 599
[1] 104  62
[1] 600
[1] 104  80
