[1] 6301
[1] 104  67
[1] 6302
[1] 104  35
[1] 6303
[1] 104  37
[1] 6304
[1] 104  45
[1] 6305
[1] 104  60
[1] 6306
[1] 104 122
[1] 6307
[1] 104  73
[1] 6308
[1] 104  51
[1] 6309
[1] 104  75
[1] 6310
[1] 104  45
[1] 6311
[1] 104  54
[1] 6312
[1] 104  88
[1] 6313
[1] 104  44
[1] 6314
[1] 104  81
[1] 6315
[1] 104  89
[1] 6316
[1] 104 183
[1] 6317
[1] 104  59
[1] 6318
[1] 104  15
[1] 6319
[1] 104  51
[1] 6320
[1] 104  51
[1] 6321
[1] 104  60
[1] 6322
[1] 104  40
[1] 6323
[1] 104  15
[1] 6324
[1] 104  46
[1] 6325
[1] 104  68
[1] 6326
[1] 104  79
[1] 6327
[1] 104  76
[1] 6328
[1] 104  47
[1] 6329
[1] 104  48
[1] 6330
[1] 104  45
[1] 6331
[1] 104  42
[1] 6332
[1] 104  45
[1] 6333
[1] 104  72
[1] 6334
[1] 104  86
[1] 6335
[1] 104  62
[1] 6336
[1] 104  62
[1] 6337
[1] 104  34
[1] 6338
[1] 104  33
[1] 6339
[1] 104  37
[1] 6340
[1] 104  43
[1] 6341
[1] 104  32
[1] 6342
[1] 104  61
[1] 6343
[1] 104  40
[1] 6344
[1] 104  44
[1] 6345
[1] 104  54
[1] 6346
[1] 104  98
[1] 6347
[1] 104  62
[1] 6348
[1] 104  55
[1] 6349
[1] 104  37
[1] 6350
[1] 104  78
[1] 6351
[1] 104  57
[1] 6352
[1] 104  63
[1] 6353
[1] 104  38
[1] 6354
[1] 104  27
[1] 6355
[1] 104  24
[1] 6356
[1] 104  77
[1] 6357
[1] 104  41
[1] 6358
[1] 104  36
[1] 6359
[1] 104  37
[1] 6360
[1] 104  19
[1] 6361
[1] 104  49
[1] 6362
[1] 104  13
[1] 6363
[1] 104  50
[1] 6364
[1] 104  60
[1] 6365
[1] 104  58
[1] 6366
[1] 104  71
[1] 6367
[1] 104  12
[1] 6368
[1] 104  11
[1] 6369
[1] 104  15
[1] 6370
[1] 104  34
[1] 6371
[1] 104  31
[1] 6372
[1] 104  28
[1] 6373
[1] 104  58
[1] 6374
[1] 104  40
[1] 6375
[1] 104  44
[1] 6376
[1] 104  14
[1] 6377
[1] 104  66
[1] 6378
[1] 104  34
[1] 6379
[1] 104  85
[1] 6380
[1] 104  37
[1] 6381
[1] 104  35
[1] 6382
[1] 104  70
[1] 6383
[1] 104  78
[1] 6384
[1] 104  69
[1] 6385
[1] 104  10
[1] 6386
[1] 104  11
[1] 6387
[1] 104  24
[1] 6388
[1] 104  43
[1] 6389
[1] 104  45
[1] 6390
[1] 104  42
[1] 6391
[1] 104  35
[1] 6392
[1] 104  64
[1] 6393
[1] 104  25
[1] 6394
[1] 104  77
[1] 6395
[1] 104  73
[1] 6396
[1] 104  51
[1] 6397
[1] 104  70
[1] 6398
[1] 104  51
[1] 6399
[1] 104  60
[1] 6400
[1] 104  16
