[1] 8401
[1] 104  63
[1] 8402
[1] 104  39
[1] 8403
[1] 104  36
[1] 8404
[1] 104  11
[1] 8405
[1] 104  39
[1] 8406
[1] 104  35
[1] 8407
[1] 104  41
[1] 8408
[1] 104  58
[1] 8409
[1] 104  39
[1] 8410
[1] 104  52
[1] 8411
[1] 104  66
[1] 8412
[1] 104  40
[1] 8413
[1] 104  59
[1] 8414
[1] 104  46
[1] 8415
[1] 104  18
[1] 8416
[1] 104  44
[1] 8417
[1] 104  72
[1] 8418
[1] 104  20
[1] 8419
[1] 104 130
[1] 8420
[1] 104  47
[1] 8421
[1] 104  46
[1] 8422
[1] 104  26
[1] 8423
[1] 104  46
[1] 8424
[1] 104  35
[1] 8425
[1] 104  36
[1] 8426
[1] 104  33
[1] 8427
[1] 104  45
[1] 8428
[1] 104  43
[1] 8429
[1] 104  64
[1] 8430
[1] 104  45
[1] 8431
[1] 104  39
[1] 8432
[1] 104  32
[1] 8433
[1] 104  96
[1] 8434
[1] 104  42
[1] 8435
[1] 104  60
[1] 8436
[1] 104  20
[1] 8437
[1] 104  59
[1] 8438
[1] 104  44
[1] 8439
[1] 104  34
[1] 8440
[1] 104  58
[1] 8441
[1] 104  43
[1] 8442
[1] 104  40
[1] 8443
[1] 104  33
[1] 8444
[1] 104 147
[1] 8445
[1] 104  61
[1] 8446
[1] 104  40
[1] 8447
[1] 104  32
[1] 8448
[1] 104  49
[1] 8449
[1] 104  78
[1] 8450
[1] 104  53
[1] 8451
[1] 104 102
[1] 8452
[1] 104  50
[1] 8453
[1] 104  25
[1] 8454
[1] 104  75
[1] 8455
[1] 104  57
[1] 8456
[1] 104  21
[1] 8457
[1] 104  38
[1] 8458
[1] 104  26
[1] 8459
[1] 104  39
[1] 8460
[1] 104  49
[1] 8461
[1] 104  27
[1] 8462
[1] 104  37
[1] 8463
[1] 104  68
[1] 8464
[1] 104  60
[1] 8465
[1] 104  46
[1] 8466
[1] 104  52
[1] 8467
[1] 104  25
[1] 8468
[1] 104  66
[1] 8469
[1] 104  27
[1] 8470
[1] 104  52
[1] 8471
[1] 104  34
[1] 8472
[1] 104  76
[1] 8473
[1] 104  73
[1] 8474
[1] 104  98
[1] 8475
[1] 104  56
[1] 8476
[1] 104  62
[1] 8477
[1] 104  33
[1] 8478
[1] 104  44
[1] 8479
[1] 104  47
[1] 8480
[1] 104  63
[1] 8481
[1] 104 138
[1] 8482
[1] 104  19
[1] 8483
[1] 104  22
[1] 8484
[1] 104  65
[1] 8485
[1] 104  44
[1] 8486
[1] 104  55
[1] 8487
[1] 104  54
[1] 8488
[1] 104  18
[1] 8489
[1] 104  46
[1] 8490
[1] 104  61
[1] 8491
[1] 104  30
[1] 8492
[1] 104  30
[1] 8493
[1] 104  27
[1] 8494
[1] 104  66
[1] 8495
[1] 104  12
[1] 8496
[1] 104  23
[1] 8497
[1] 104  65
[1] 8498
[1] 104  56
[1] 8499
[1] 104  56
[1] 8500
[1] 104  94
