[1] 1301
[1] 104  66
[1] 1302
[1] 104  69
[1] 1303
[1] 104  47
[1] 1304
[1] 104  55
[1] 1305
[1] 104  68
[1] 1306
[1] 104  38
[1] 1307
[1] 104  42
[1] 1308
[1] 104  16
[1] 1309
[1] 104  28
[1] 1310
[1] 104  46
[1] 1311
[1] 104  73
[1] 1312
[1] 104  62
[1] 1313
[1] 104  21
[1] 1314
[1] 104  18
[1] 1315
[1] 104   9
[1] 1316
[1] 104  46
[1] 1317
[1] 104  48
[1] 1318
[1] 104  67
[1] 1319
[1] 104  81
[1] 1320
[1] 104  63
[1] 1321
[1] 104  77
[1] 1322
[1] 104  55
[1] 1323
[1] 104  79
[1] 1324
[1] 104  73
[1] 1325
[1] 104  40
[1] 1326
[1] 104  38
[1] 1327
[1] 104  54
[1] 1328
[1] 104  54
[1] 1329
[1] 104  48
[1] 1330
[1] 104  20
[1] 1331
[1] 104  27
[1] 1332
[1] 104  29
[1] 1333
[1] 104  35
[1] 1334
[1] 104  40
[1] 1335
[1] 104  61
[1] 1336
[1] 104  63
[1] 1337
[1] 104  30
[1] 1338
[1] 104  29
[1] 1339
[1] 104  29
[1] 1340
[1] 104  45
[1] 1341
[1] 104  31
[1] 1342
[1] 104  37
[1] 1343
[1] 104  41
[1] 1344
[1] 104  57
[1] 1345
[1] 104  65
[1] 1346
[1] 104  87
[1] 1347
[1] 104  46
[1] 1348
[1] 104  31
[1] 1349
[1] 104  45
[1] 1350
[1] 104  57
[1] 1351
[1] 104  74
[1] 1352
[1] 104  73
[1] 1353
[1] 104  71
[1] 1354
[1] 104  85
[1] 1355
[1] 104  29
[1] 1356
[1] 104  64
[1] 1357
[1] 104  53
[1] 1358
[1] 104  86
[1] 1359
[1] 104  50
[1] 1360
[1] 104  46
[1] 1361
[1] 104  53
[1] 1362
[1] 104  48
[1] 1363
[1] 104  56
[1] 1364
[1] 104  85
[1] 1365
[1] 104  61
[1] 1366
[1] 104  75
[1] 1367
[1] 104  32
[1] 1368
[1] 104  64
[1] 1369
[1] 104  18
[1] 1370
[1] 104  51
[1] 1371
[1] 104  70
[1] 1372
[1] 104  73
[1] 1373
[1] 104  44
[1] 1374
[1] 104  33
[1] 1375
[1] 104  62
[1] 1376
[1] 104 142
[1] 1377
[1] 104  40
[1] 1378
[1] 104  29
[1] 1379
[1] 104  74
[1] 1380
[1] 104  60
[1] 1381
[1] 104  90
[1] 1382
[1] 104  40
[1] 1383
[1] 104  85
[1] 1384
[1] 104  73
[1] 1385
[1] 104  27
[1] 1386
[1] 104  79
[1] 1387
[1] 104  27
[1] 1388
[1] 104  69
[1] 1389
[1] 104  82
[1] 1390
[1] 104  42
[1] 1391
[1] 104  39
[1] 1392
[1] 104  22
[1] 1393
[1] 104  25
[1] 1394
[1] 104  60
[1] 1395
[1] 104  57
[1] 1396
[1] 104  60
[1] 1397
[1] 104  58
[1] 1398
[1] 104  56
[1] 1399
[1] 104  66
[1] 1400
[1] 104  70
