[1] 1501
[1] 104  63
[1] 1502
[1] 104  63
[1] 1503
[1] 104  61
[1] 1504
[1] 104  53
[1] 1505
[1] 104  50
[1] 1506
[1] 104  38
[1] 1507
[1] 104  83
[1] 1508
[1] 104  49
[1] 1509
[1] 104  44
[1] 1510
[1] 104  36
[1] 1511
[1] 104  41
[1] 1512
[1] 104  38
[1] 1513
[1] 104  59
[1] 1514
[1] 104  82
[1] 1515
[1] 104  81
[1] 1516
[1] 104  88
[1] 1517
[1] 104  59
[1] 1518
[1] 104  57
[1] 1519
[1] 104  56
[1] 1520
[1] 104  40
[1] 1521
[1] 104  29
[1] 1522
[1] 104  66
[1] 1523
[1] 104  62
[1] 1524
[1] 104  79
[1] 1525
[1] 104  24
[1] 1526
[1] 104  73
[1] 1527
[1] 104  94
[1] 1528
[1] 104  21
[1] 1529
[1] 104  24
[1] 1530
[1] 104  32
[1] 1531
[1] 104  29
[1] 1532
[1] 104  30
[1] 1533
[1] 104  22
[1] 1534
[1] 104  22
[1] 1535
[1] 104  21
[1] 1536
[1] 104  88
[1] 1537
[1] 104  20
[1] 1538
[1] 104  21
[1] 1539
[1] 104  71
[1] 1540
[1] 104  39
[1] 1541
[1] 104  72
[1] 1542
[1] 104  70
[1] 1543
[1] 104  11
[1] 1544
[1] 104  63
[1] 1545
[1] 104  63
[1] 1546
[1] 104  61
[1] 1547
[1] 104  39
[1] 1548
[1] 104  41
[1] 1549
[1] 104  36
[1] 1550
[1] 104  46
[1] 1551
[1] 104  57
[1] 1552
[1] 104  47
[1] 1553
[1] 104  74
[1] 1554
[1] 104  79
[1] 1555
[1] 104  37
[1] 1556
[1] 104  40
[1] 1557
[1] 104  52
[1] 1558
[1] 104  41
[1] 1559
[1] 104  44
[1] 1560
[1] 104  49
[1] 1561
[1] 104  36
[1] 1562
[1] 104  43
[1] 1563
[1] 104  42
[1] 1564
[1] 104  43
[1] 1565
[1] 104  29
[1] 1566
[1] 104  64
[1] 1567
[1] 104  44
[1] 1568
[1] 104  70
[1] 1569
[1] 104  58
[1] 1570
[1] 104  72
[1] 1571
[1] 104  58
[1] 1572
[1] 104  81
[1] 1573
[1] 104  52
[1] 1574
[1] 104  60
[1] 1575
[1] 104  53
[1] 1576
[1] 104  65
[1] 1577
[1] 104  27
[1] 1578
[1] 104  30
[1] 1579
[1] 104  97
[1] 1580
[1] 104  36
[1] 1581
[1] 104  48
[1] 1582
[1] 104  34
[1] 1583
[1] 104  45
[1] 1584
[1] 104  77
[1] 1585
[1] 104  25
[1] 1586
[1] 104  49
[1] 1587
[1] 104  30
[1] 1588
[1] 104  57
[1] 1589
[1] 104  58
[1] 1590
[1] 104  48
[1] 1591
[1] 104  79
[1] 1592
[1] 104  51
[1] 1593
[1] 104  51
[1] 1594
[1] 104  69
[1] 1595
[1] 104  72
[1] 1596
[1] 104  37
[1] 1597
[1] 104  69
[1] 1598
[1] 104 107
[1] 1599
[1] 104  57
[1] 1600
[1] 104 111
