[1] 4301
[1] 104  25
[1] 4302
[1] 104  28
[1] 4303
[1] 104  26
[1] 4304
[1] 104  88
[1] 4305
[1] 104  60
[1] 4306
[1] 104  48
[1] 4307
[1] 104  48
[1] 4308
[1] 104  55
[1] 4309
[1] 104  48
[1] 4310
[1] 104  73
[1] 4311
[1] 104  16
[1] 4312
[1] 104  48
[1] 4313
[1] 104  17
[1] 4314
[1] 104  53
[1] 4315
[1] 104  28
[1] 4316
[1] 104  46
[1] 4317
[1] 104  51
[1] 4318
[1] 104  34
[1] 4319
[1] 104  25
[1] 4320
[1] 104  35
[1] 4321
[1] 104  23
[1] 4322
[1] 104  24
[1] 4323
[1] 104  23
[1] 4324
[1] 104  48
[1] 4325
[1] 104  28
[1] 4326
[1] 104  59
[1] 4327
[1] 104  66
[1] 4328
[1] 104  41
[1] 4329
[1] 104  59
[1] 4330
[1] 104 113
[1] 4331
[1] 104  70
[1] 4332
[1] 104  56
[1] 4333
[1] 104  31
[1] 4334
[1] 104  29
[1] 4335
[1] 104  61
[1] 4336
[1] 104  60
[1] 4337
[1] 104  55
[1] 4338
[1] 104  58
[1] 4339
[1] 104  64
[1] 4340
[1] 104  70
[1] 4341
[1] 104  47
[1] 4342
[1] 104  49
[1] 4343
[1] 104  60
[1] 4344
[1] 104  54
[1] 4345
[1] 104 114
[1] 4346
[1] 104  75
[1] 4347
[1] 104  61
[1] 4348
[1] 104  81
[1] 4349
[1] 104  31
[1] 4350
[1] 104  33
[1] 4351
[1] 104  53
[1] 4352
[1] 104  82
[1] 4353
[1] 104  76
[1] 4354
[1] 104 113
[1] 4355
[1] 104  60
[1] 4356
[1] 104  54
[1] 4357
[1] 104  71
[1] 4358
[1] 104  67
[1] 4359
[1] 104  59
[1] 4360
[1] 104  48
[1] 4361
[1] 104  80
[1] 4362
[1] 104  68
[1] 4363
[1] 104  48
[1] 4364
[1] 104  58
[1] 4365
[1] 104  52
[1] 4366
[1] 104  35
[1] 4367
[1] 104  18
[1] 4368
[1] 104  60
[1] 4369
[1] 104  72
[1] 4370
[1] 104  44
[1] 4371
[1] 104 150
[1] 4372
[1] 104  44
[1] 4373
[1] 104  57
[1] 4374
[1] 104  92
[1] 4375
[1] 104  24
[1] 4376
[1] 104  49
[1] 4377
[1] 104  89
[1] 4378
[1] 104  56
[1] 4379
[1] 104  71
[1] 4380
[1] 104  28
[1] 4381
[1] 104  57
[1] 4382
[1] 104  34
[1] 4383
[1] 104  31
[1] 4384
[1] 104  62
[1] 4385
[1] 104  62
[1] 4386
[1] 104  55
[1] 4387
[1] 104  69
[1] 4388
[1] 104  66
[1] 4389
[1] 104  30
[1] 4390
[1] 104  53
[1] 4391
[1] 104  34
[1] 4392
[1] 104  19
[1] 4393
[1] 104  18
[1] 4394
[1] 104  40
[1] 4395
[1] 104  53
[1] 4396
[1] 104  69
[1] 4397
[1] 104  89
[1] 4398
[1] 104  39
[1] 4399
[1] 104  59
[1] 4400
[1] 104  40
