[1] 2201
[1] 104  30
[1] 2202
[1] 104 104
[1] 2203
[1] 104 104
[1] 2204
[1] 104  36
[1] 2205
[1] 104  35
[1] 2206
[1] 104   6
[1] 2207
[1] 104  52
[1] 2208
[1] 104  49
[1] 2209
[1] 104  79
[1] 2210
[1] 104  63
[1] 2211
[1] 104  65
[1] 2212
[1] 104  65
[1] 2213
[1] 104  52
[1] 2214
[1] 104  56
[1] 2215
[1] 104  51
[1] 2216
[1] 104  35
[1] 2217
[1] 104  33
[1] 2218
[1] 104  30
[1] 2219
[1] 104  90
[1] 2220
[1] 104  53
[1] 2221
[1] 104  58
[1] 2222
[1] 104  19
[1] 2223
[1] 104  58
[1] 2224
[1] 104 160
[1] 2225
[1] 104 139
[1] 2226
[1] 104  46
[1] 2227
[1] 104  42
[1] 2228
[1] 104  53
[1] 2229
[1] 104  62
[1] 2230
[1] 104  67
[1] 2231
[1] 104  48
[1] 2232
[1] 104  51
[1] 2233
[1] 104  65
[1] 2234
[1] 104  80
[1] 2235
[1] 104  44
[1] 2236
[1] 104  51
[1] 2237
[1] 104  65
[1] 2238
[1] 104  60
[1] 2239
[1] 104  32
[1] 2240
[1] 104  48
[1] 2241
[1] 104  43
[1] 2242
[1] 104  44
[1] 2243
[1] 104  34
[1] 2244
[1] 104  61
[1] 2245
[1] 104  36
[1] 2246
[1] 104  59
[1] 2247
[1] 104  57
[1] 2248
[1] 104  76
[1] 2249
[1] 104  47
[1] 2250
[1] 104  51
[1] 2251
[1] 104  40
[1] 2252
[1] 104  66
[1] 2253
[1] 104  41
[1] 2254
[1] 104  53
[1] 2255
[1] 104  76
[1] 2256
[1] 104  33
[1] 2257
[1] 104  50
[1] 2258
[1] 104  55
[1] 2259
[1] 104  75
[1] 2260
[1] 104  54
[1] 2261
[1] 104  67
[1] 2262
[1] 104  92
[1] 2263
[1] 104  19
[1] 2264
[1] 104  14
[1] 2265
[1] 104  74
[1] 2266
[1] 104  50
[1] 2267
[1] 104  44
[1] 2268
[1] 104  59
[1] 2269
[1] 104  76
[1] 2270
[1] 104  46
[1] 2271
[1] 104  45
[1] 2272
[1] 104  23
[1] 2273
[1] 104  20
[1] 2274
[1] 104  20
[1] 2275
[1] 104  35
[1] 2276
[1] 104  31
[1] 2277
[1] 104  61
[1] 2278
[1] 104  30
[1] 2279
[1] 104  30
[1] 2280
[1] 104  47
[1] 2281
[1] 104  48
[1] 2282
[1] 104  87
[1] 2283
[1] 104  56
[1] 2284
[1] 104  58
[1] 2285
[1] 104  47
[1] 2286
[1] 104  52
[1] 2287
[1] 104  64
[1] 2288
[1] 104  88
[1] 2289
[1] 104  48
[1] 2290
[1] 104  59
[1] 2291
[1] 104  44
[1] 2292
[1] 104  65
[1] 2293
[1] 104  74
[1] 2294
[1] 104  27
[1] 2295
[1] 104  57
[1] 2296
[1] 104  58
[1] 2297
[1] 104  30
[1] 2298
[1] 104  75
[1] 2299
[1] 104  38
[1] 2300
[1] 104  41
