[1] 9301
[1] 104  37
[1] 9302
[1] 104  47
[1] 9303
[1] 104  23
[1] 9304
[1] 104  29
[1] 9305
[1] 104  59
[1] 9306
[1] 104 104
[1] 9307
[1] 104  38
[1] 9308
[1] 104  35
[1] 9309
[1] 104  39
[1] 9310
[1] 104  17
[1] 9311
[1] 104  64
[1] 9312
[1] 104  24
[1] 9313
[1] 104  20
[1] 9314
[1] 104  70
[1] 9315
[1] 104  42
[1] 9316
[1] 104  41
[1] 9317
[1] 104  42
[1] 9318
[1] 104  52
[1] 9319
[1] 104  37
[1] 9320
[1] 104  70
[1] 9321
[1] 104  44
[1] 9322
[1] 104  43
[1] 9323
[1] 104  47
[1] 9324
[1] 104  52
[1] 9325
[1] 104  49
[1] 9326
[1] 104  75
[1] 9327
[1] 104  53
[1] 9328
[1] 104  41
[1] 9329
[1] 104  33
[1] 9330
[1] 104  37
[1] 9331
[1] 104  85
[1] 9332
[1] 104  10
[1] 9333
[1] 104  36
[1] 9334
[1] 104 101
[1] 9335
[1] 104  29
[1] 9336
[1] 104  55
[1] 9337
[1] 104  61
[1] 9338
[1] 104  66
[1] 9339
[1] 104  69
[1] 9340
[1] 104  39
[1] 9341
[1] 104  53
[1] 9342
[1] 104  48
[1] 9343
[1] 104  22
[1] 9344
[1] 104  41
[1] 9345
[1] 104  55
[1] 9346
[1] 104  48
[1] 9347
[1] 104  57
[1] 9348
[1] 104  92
[1] 9349
[1] 104  75
[1] 9350
[1] 104  62
[1] 9351
[1] 104  86
[1] 9352
[1] 104  53
[1] 9353
[1] 104  38
[1] 9354
[1] 104  66
[1] 9355
[1] 104  57
[1] 9356
[1] 104 236
[1] 9357
[1] 104  29
[1] 9358
[1] 104  38
[1] 9359
[1] 104 118
[1] 9360
[1] 104  38
[1] 9361
[1] 104  68
[1] 9362
[1] 104  36
[1] 9363
[1] 104  71
[1] 9364
[1] 104  57
[1] 9365
[1] 104  63
[1] 9366
[1] 104  34
[1] 9367
[1] 104  44
[1] 9368
[1] 104  44
[1] 9369
[1] 104  48
[1] 9370
[1] 104  28
[1] 9371
[1] 104 131
[1] 9372
[1] 104  74
[1] 9373
[1] 104  61
[1] 9374
[1] 104  44
[1] 9375
[1] 104  50
[1] 9376
[1] 104  20
[1] 9377
[1] 104  45
[1] 9378
[1] 104  74
[1] 9379
[1] 104  41
[1] 9380
[1] 104  57
[1] 9381
[1] 104  34
[1] 9382
[1] 104  21
[1] 9383
[1] 104  13
[1] 9384
[1] 104  44
[1] 9385
[1] 104  52
[1] 9386
[1] 104  59
[1] 9387
[1] 104  64
[1] 9388
[1] 104  21
[1] 9389
[1] 104  48
[1] 9390
[1] 104  53
[1] 9391
[1] 104  28
[1] 9392
[1] 104  27
[1] 9393
[1] 104  30
[1] 9394
[1] 104  50
[1] 9395
[1] 104  56
[1] 9396
[1] 104  51
[1] 9397
[1] 104  39
[1] 9398
[1] 104  15
[1] 9399
[1] 104  78
[1] 9400
[1] 104  19
