[1] 801
[1] 104  63
[1] 802
[1] 104  91
[1] 803
[1] 104  70
[1] 804
[1] 104  45
[1] 805
[1] 104  53
[1] 806
[1] 104  73
[1] 807
[1] 104  65
[1] 808
[1] 104  80
[1] 809
[1] 104  43
[1] 810
[1] 104  47
[1] 811
[1] 104  65
[1] 812
[1] 104  47
[1] 813
[1] 104  41
[1] 814
[1] 104  47
[1] 815
[1] 104  53
[1] 816
[1] 104  73
[1] 817
[1] 104  29
[1] 818
[1] 104  45
[1] 819
[1] 104  57
[1] 820
[1] 104  56
[1] 821
[1] 104  95
[1] 822
[1] 104  55
[1] 823
[1] 104  30
[1] 824
[1] 104  68
[1] 825
[1] 104  52
[1] 826
[1] 104  63
[1] 827
[1] 104  54
[1] 828
[1] 104  31
[1] 829
[1] 104  52
[1] 830
[1] 104  58
[1] 831
[1] 104  42
[1] 832
[1] 104  57
[1] 833
[1] 104  87
[1] 834
[1] 104 103
[1] 835
[1] 104  25
[1] 836
[1] 104  56
[1] 837
[1] 104  37
[1] 838
[1] 104  75
[1] 839
[1] 104  88
[1] 840
[1] 104  30
[1] 841
[1] 104  55
[1] 842
[1] 104  62
[1] 843
[1] 104  51
[1] 844
[1] 104  82
[1] 845
[1] 104  27
[1] 846
[1] 104  58
[1] 847
[1] 104  34
[1] 848
[1] 104  69
[1] 849
[1] 104  34
[1] 850
[1] 104  80
[1] 851
[1] 104  84
[1] 852
[1] 104  77
[1] 853
[1] 104  36
[1] 854
[1] 104  72
[1] 855
[1] 104  22
[1] 856
[1] 104  60
[1] 857
[1] 104 101
[1] 858
[1] 104  55
[1] 859
[1] 104  61
[1] 860
[1] 104  19
[1] 861
[1] 104  40
[1] 862
[1] 104  44
[1] 863
[1] 104 105
[1] 864
[1] 104  34
[1] 865
[1] 104  41
[1] 866
[1] 104  34
[1] 867
[1] 104  38
[1] 868
[1] 104  36
[1] 869
[1] 104  62
[1] 870
[1] 104  45
[1] 871
[1] 104  40
[1] 872
[1] 104  52
[1] 873
[1] 104  53
[1] 874
[1] 104  71
[1] 875
[1] 104  50
[1] 876
[1] 104  30
[1] 877
[1] 104  65
[1] 878
[1] 104  61
[1] 879
[1] 104  40
[1] 880
[1] 104  41
[1] 881
[1] 104  16
[1] 882
[1] 104  40
[1] 883
[1] 104  53
[1] 884
[1] 104  84
[1] 885
[1] 104  22
[1] 886
[1] 104  84
[1] 887
[1] 104  29
[1] 888
[1] 104  24
[1] 889
[1] 104  54
[1] 890
[1] 104  68
[1] 891
[1] 104  26
[1] 892
[1] 104  75
[1] 893
[1] 104  59
[1] 894
[1] 104  31
[1] 895
[1] 104  45
[1] 896
[1] 104  69
[1] 897
[1] 104  70
[1] 898
[1] 104  22
[1] 899
[1] 104  70
[1] 900
[1] 104  72
