[1] 9001
[1] 104  10
[1] 9002
[1] 104  55
[1] 9003
[1] 104  77
[1] 9004
[1] 104  48
[1] 9005
[1] 104  34
[1] 9006
[1] 104  41
[1] 9007
[1] 104  63
[1] 9008
[1] 104  34
[1] 9009
[1] 104   8
[1] 9010
[1] 104  63
[1] 9011
[1] 104  97
[1] 9012
[1] 104  58
[1] 9013
[1] 104  54
[1] 9014
[1] 104  77
[1] 9015
[1] 104   7
[1] 9016
[1] 104  51
[1] 9017
[1] 104  62
[1] 9018
[1] 104  25
[1] 9019
[1] 104  34
[1] 9020
[1] 104  50
[1] 9021
[1] 104  57
[1] 9022
[1] 104  77
[1] 9023
[1] 104  55
[1] 9024
[1] 104  43
[1] 9025
[1] 104  40
[1] 9026
[1] 104  68
[1] 9027
[1] 104  31
[1] 9028
[1] 104  93
[1] 9029
[1] 104  36
[1] 9030
[1] 104  24
[1] 9031
[1] 104  43
[1] 9032
[1] 104  48
[1] 9033
[1] 104  52
[1] 9034
[1] 104  66
[1] 9035
[1] 104  29
[1] 9036
[1] 104  33
[1] 9037
[1] 104  28
[1] 9038
[1] 104  51
[1] 9039
[1] 104  43
[1] 9040
[1] 104  27
[1] 9041
[1] 104  28
[1] 9042
[1] 104  63
[1] 9043
[1] 104  22
[1] 9044
[1] 104  72
[1] 9045
[1] 104   8
[1] 9046
[1] 104  26
[1] 9047
[1] 104  42
[1] 9048
[1] 104  66
[1] 9049
[1] 104  21
[1] 9050
[1] 104  42
[1] 9051
[1] 104 104
[1] 9052
[1] 104  25
[1] 9053
[1] 104  47
[1] 9054
[1] 104  46
[1] 9055
[1] 104  27
[1] 9056
[1] 104  69
[1] 9057
[1] 104  33
[1] 9058
[1] 104  25
[1] 9059
[1] 104  54
[1] 9060
[1] 104  44
[1] 9061
[1] 104  15
[1] 9062
[1] 104  28
[1] 9063
[1] 104  37
[1] 9064
[1] 104  49
[1] 9065
[1] 104  59
[1] 9066
[1] 104  56
[1] 9067
[1] 104  36
[1] 9068
[1] 104  44
[1] 9069
[1] 104  21
[1] 9070
[1] 104  27
[1] 9071
[1] 104  44
[1] 9072
[1] 104  39
[1] 9073
[1] 104  35
[1] 9074
[1] 104  62
[1] 9075
[1] 104   8
[1] 9076
[1] 104  44
[1] 9077
[1] 104  45
[1] 9078
[1] 104  63
[1] 9079
[1] 104  71
[1] 9080
[1] 104  25
[1] 9081
[1] 104  88
[1] 9082
[1] 104  62
[1] 9083
[1] 104  26
[1] 9084
[1] 104  92
[1] 9085
[1] 104  27
[1] 9086
[1] 104  42
[1] 9087
[1] 104  48
[1] 9088
[1] 104  58
[1] 9089
[1] 104  67
[1] 9090
[1] 104  38
[1] 9091
[1] 104  34
[1] 9092
[1] 104  34
[1] 9093
[1] 104  74
[1] 9094
[1] 104  86
[1] 9095
[1] 104 100
[1] 9096
[1] 104  28
[1] 9097
[1] 104  11
[1] 9098
[1] 104  62
[1] 9099
[1] 104  37
[1] 9100
[1] 104  76
