[1] 4201
[1] 104  57
[1] 4202
[1] 104  53
[1] 4203
[1] 104  57
[1] 4204
[1] 104  61
[1] 4205
[1] 104  54
[1] 4206
[1] 104  44
[1] 4207
[1] 104  20
[1] 4208
[1] 104  38
[1] 4209
[1] 104  22
[1] 4210
[1] 104  30
[1] 4211
[1] 104  58
[1] 4212
[1] 104  55
[1] 4213
[1] 104  23
[1] 4214
[1] 104  23
[1] 4215
[1] 104  45
[1] 4216
[1] 104  23
[1] 4217
[1] 104  49
[1] 4218
[1] 104  76
[1] 4219
[1] 104  91
[1] 4220
[1] 104  82
[1] 4221
[1] 104  90
[1] 4222
[1] 104  83
[1] 4223
[1] 104  61
[1] 4224
[1] 104  17
[1] 4225
[1] 104  76
[1] 4226
[1] 104  65
[1] 4227
[1] 104  65
[1] 4228
[1] 104  51
[1] 4229
[1] 104  73
[1] 4230
[1] 104  57
[1] 4231
[1] 104  37
[1] 4232
[1] 104  66
[1] 4233
[1] 104  29
[1] 4234
[1] 104  36
[1] 4235
[1] 104  34
[1] 4236
[1] 104  34
[1] 4237
[1] 104  35
[1] 4238
[1] 104  65
[1] 4239
[1] 104  49
[1] 4240
[1] 104  61
[1] 4241
[1] 104  47
[1] 4242
[1] 104  54
[1] 4243
[1] 104  55
[1] 4244
[1] 104  18
[1] 4245
[1] 104  55
[1] 4246
[1] 104  73
[1] 4247
[1] 104  57
[1] 4248
[1] 104  82
[1] 4249
[1] 104  18
[1] 4250
[1] 104  70
[1] 4251
[1] 104 158
[1] 4252
[1] 104 122
[1] 4253
[1] 104  75
[1] 4254
[1] 104  70
[1] 4255
[1] 104  69
[1] 4256
[1] 104  60
[1] 4257
[1] 104  42
[1] 4258
[1] 104  42
[1] 4259
[1] 104  34
[1] 4260
[1] 104  53
[1] 4261
[1] 104  53
[1] 4262
[1] 104  52
[1] 4263
[1] 104  56
[1] 4264
[1] 104  71
[1] 4265
[1] 104  59
[1] 4266
[1] 104  51
[1] 4267
[1] 104  68
[1] 4268
[1] 104  58
[1] 4269
[1] 104  71
[1] 4270
[1] 104  68
[1] 4271
[1] 104  59
[1] 4272
[1] 104  58
[1] 4273
[1] 104  83
[1] 4274
[1] 104  50
[1] 4275
[1] 104  57
[1] 4276
[1] 104  57
[1] 4277
[1] 104  29
[1] 4278
[1] 104  45
[1] 4279
[1] 104  57
[1] 4280
[1] 104  60
[1] 4281
[1] 104  17
[1] 4282
[1] 104  39
[1] 4283
[1] 104  36
[1] 4284
[1] 104  47
[1] 4285
[1] 104  56
[1] 4286
[1] 104  57
[1] 4287
[1] 104  40
[1] 4288
[1] 104  62
[1] 4289
[1] 104  57
[1] 4290
[1] 104  63
[1] 4291
[1] 104  65
[1] 4292
[1] 104  70
[1] 4293
[1] 104  32
[1] 4294
[1] 104  71
[1] 4295
[1] 104  25
[1] 4296
[1] 104  47
[1] 4297
[1] 104  27
[1] 4298
[1] 104  26
[1] 4299
[1] 104  24
[1] 4300
[1] 104  21
