[1] 4001
[1] 104  46
[1] 4002
[1] 104 132
[1] 4003
[1] 104  94
[1] 4004
[1] 104  60
[1] 4005
[1] 104  67
[1] 4006
[1] 104  63
[1] 4007
[1] 104  27
[1] 4008
[1] 104 108
[1] 4009
[1] 104  35
[1] 4010
[1] 104  49
[1] 4011
[1] 104  47
[1] 4012
[1] 104  96
[1] 4013
[1] 104  14
[1] 4014
[1] 104  57
[1] 4015
[1] 104  71
[1] 4016
[1] 104 118
[1] 4017
[1] 104  63
[1] 4018
[1] 104  63
[1] 4019
[1] 104  47
[1] 4020
[1] 104  11
[1] 4021
[1] 104  95
[1] 4022
[1] 104  53
[1] 4023
[1] 104  15
[1] 4024
[1] 104  37
[1] 4025
[1] 104  63
[1] 4026
[1] 104  67
[1] 4027
[1] 104  62
[1] 4028
[1] 104  46
[1] 4029
[1] 104  56
[1] 4030
[1] 104  29
[1] 4031
[1] 104  61
[1] 4032
[1] 104  91
[1] 4033
[1] 104  42
[1] 4034
[1] 104  56
[1] 4035
[1] 104  50
[1] 4036
[1] 104  85
[1] 4037
[1] 104  49
[1] 4038
[1] 104  98
[1] 4039
[1] 104  63
[1] 4040
[1] 104  43
[1] 4041
[1] 104  55
[1] 4042
[1] 104  42
[1] 4043
[1] 104  50
[1] 4044
[1] 104  42
[1] 4045
[1] 104  43
[1] 4046
[1] 104  59
[1] 4047
[1] 104  69
[1] 4048
[1] 104  54
[1] 4049
[1] 104  49
[1] 4050
[1] 104  51
[1] 4051
[1] 104  48
[1] 4052
[1] 104  48
[1] 4053
[1] 104  52
[1] 4054
[1] 104  38
[1] 4055
[1] 104  61
[1] 4056
[1] 104  55
[1] 4057
[1] 104  82
[1] 4058
[1] 104  73
[1] 4059
[1] 104  69
[1] 4060
[1] 104  74
[1] 4061
[1] 104  13
[1] 4062
[1] 104  75
[1] 4063
[1] 104  65
[1] 4064
[1] 104  75
[1] 4065
[1] 104  75
[1] 4066
[1] 104  68
[1] 4067
[1] 104  76
[1] 4068
[1] 104  71
[1] 4069
[1] 104  71
[1] 4070
[1] 104  83
[1] 4071
[1] 104  79
[1] 4072
[1] 104  52
[1] 4073
[1] 104  63
[1] 4074
[1] 104  70
[1] 4075
[1] 104  41
[1] 4076
[1] 104  79
[1] 4077
[1] 104  98
[1] 4078
[1] 104  18
[1] 4079
[1] 104  61
[1] 4080
[1] 104  58
[1] 4081
[1] 104  74
[1] 4082
[1] 104  84
[1] 4083
[1] 104  59
[1] 4084
[1] 104  60
[1] 4085
[1] 104  63
[1] 4086
[1] 104  66
[1] 4087
[1] 104  67
[1] 4088
[1] 104  56
[1] 4089
[1] 104  70
[1] 4090
[1] 104  44
[1] 4091
[1] 104  95
[1] 4092
[1] 104  60
[1] 4093
[1] 104  50
[1] 4094
[1] 104  45
[1] 4095
[1] 104 105
[1] 4096
[1] 104  59
[1] 4097
[1] 104  58
[1] 4098
[1] 104  56
[1] 4099
[1] 104  13
[1] 4100
[1] 104  65
