[1] 301
[1] 104  29
[1] 302
[1] 104  25
[1] 303
[1] 104  50
[1] 304
[1] 104  41
[1] 305
[1] 104  43
[1] 306
[1] 104  38
[1] 307
[1] 104  73
[1] 308
[1] 104  64
[1] 309
[1] 104  61
[1] 310
[1] 104  72
[1] 311
[1] 104  29
[1] 312
[1] 104  75
[1] 313
[1] 104  73
[1] 314
[1] 104  78
[1] 315
[1] 104  66
[1] 316
[1] 104  44
[1] 317
[1] 104  46
[1] 318
[1] 104  32
[1] 319
[1] 104  59
[1] 320
[1] 104  52
[1] 321
[1] 104  46
[1] 322
[1] 104  32
[1] 323
[1] 104  29
[1] 324
[1] 104  24
[1] 325
[1] 104  42
[1] 326
[1] 104  63
[1] 327
[1] 104  31
[1] 328
[1] 104  48
[1] 329
[1] 104  43
[1] 330
[1] 104  27
[1] 331
[1] 104  34
[1] 332
[1] 104  59
[1] 333
[1] 104  55
[1] 334
[1] 104  48
[1] 335
[1] 104  28
[1] 336
[1] 104  64
[1] 337
[1] 104  52
[1] 338
[1] 104  44
[1] 339
[1] 104  46
[1] 340
[1] 104  21
[1] 341
[1] 104  52
[1] 342
[1] 104  71
[1] 343
[1] 104  52
[1] 344
[1] 104  56
[1] 345
[1] 104  44
[1] 346
[1] 104  35
[1] 347
[1] 104  51
[1] 348
[1] 104  71
[1] 349
[1] 104  42
[1] 350
[1] 104  64
[1] 351
[1] 104  15
[1] 352
[1] 104  88
[1] 353
[1] 104  57
[1] 354
[1] 104 108
[1] 355
[1] 104  96
[1] 356
[1] 104  36
[1] 357
[1] 104  34
[1] 358
[1] 104  62
[1] 359
[1] 104  12
[1] 360
[1] 104  84
[1] 361
[1] 104  42
[1] 362
[1] 104  48
[1] 363
[1] 104  75
[1] 364
[1] 104  58
[1] 365
[1] 104  93
[1] 366
[1] 104  37
[1] 367
[1] 104  63
[1] 368
[1] 104  42
[1] 369
[1] 104  55
[1] 370
[1] 104  60
[1] 371
[1] 104  38
[1] 372
[1] 104  54
[1] 373
[1] 104  64
[1] 374
[1] 104  48
[1] 375
[1] 104  39
[1] 376
[1] 104  65
[1] 377
[1] 104  62
[1] 378
[1] 104  33
[1] 379
[1] 104  55
[1] 380
[1] 104  34
[1] 381
[1] 104  56
[1] 382
[1] 104  44
[1] 383
[1] 104  36
[1] 384
[1] 104  28
[1] 385
[1] 104  97
[1] 386
[1] 104  24
[1] 387
[1] 104  59
[1] 388
[1] 104  77
[1] 389
[1] 104  58
[1] 390
[1] 104  62
[1] 391
[1] 104  31
[1] 392
[1] 104  77
[1] 393
[1] 104  47
[1] 394
[1] 104  31
[1] 395
[1] 104  78
[1] 396
[1] 104  64
[1] 397
[1] 104  63
[1] 398
[1] 104  21
[1] 399
[1] 104  60
[1] 400
[1] 104  46
