[1] 701
[1] 104  50
[1] 702
[1] 104  36
[1] 703
[1] 104  53
[1] 704
[1] 104  55
[1] 705
[1] 104  89
[1] 706
[1] 104 131
[1] 707
[1] 104  49
[1] 708
[1] 104  63
[1] 709
[1] 104  10
[1] 710
[1] 104  10
[1] 711
[1] 104  29
[1] 712
[1] 104  51
[1] 713
[1] 104 157
[1] 714
[1] 104   8
[1] 715
[1] 104  46
[1] 716
[1] 104  53
[1] 717
[1] 104  43
[1] 718
[1] 104  35
[1] 719
[1] 104  31
[1] 720
[1] 104  57
[1] 721
[1] 104  65
[1] 722
[1] 104  54
[1] 723
[1] 104  85
[1] 724
[1] 104  68
[1] 725
[1] 104  72
[1] 726
[1] 104  73
[1] 727
[1] 104  43
[1] 728
[1] 104  80
[1] 729
[1] 104  59
[1] 730
[1] 104  78
[1] 731
[1] 104  69
[1] 732
[1] 104  35
[1] 733
[1] 104  60
[1] 734
[1] 104  53
[1] 735
[1] 104  62
[1] 736
[1] 104  46
[1] 737
[1] 104  73
[1] 738
[1] 104  58
[1] 739
[1] 104  23
[1] 740
[1] 104  75
[1] 741
[1] 104  66
[1] 742
[1] 104  37
[1] 743
[1] 104  48
[1] 744
[1] 104  18
[1] 745
[1] 104  45
[1] 746
[1] 104  51
[1] 747
[1] 104  28
[1] 748
[1] 104  56
[1] 749
[1] 104  51
[1] 750
[1] 104  37
[1] 751
[1] 104  30
[1] 752
[1] 104  52
[1] 753
[1] 104  65
[1] 754
[1] 104  75
[1] 755
[1] 104  84
[1] 756
[1] 104  38
[1] 757
[1] 104 102
[1] 758
[1] 104  64
[1] 759
[1] 104  72
[1] 760
[1] 104  76
[1] 761
[1] 104  71
[1] 762
[1] 104  58
[1] 763
[1] 104 141
[1] 764
[1] 104  24
[1] 765
[1] 104  78
[1] 766
[1] 104  42
[1] 767
[1] 104  47
[1] 768
[1] 104  48
[1] 769
[1] 104  61
[1] 770
[1] 104  57
[1] 771
[1] 104  46
[1] 772
[1] 104  57
[1] 773
[1] 104  54
[1] 774
[1] 104  25
[1] 775
[1] 104  46
[1] 776
[1] 104  26
[1] 777
[1] 104  46
[1] 778
[1] 104  42
[1] 779
[1] 104  33
[1] 780
[1] 104  30
[1] 781
[1] 104  60
[1] 782
[1] 104  43
[1] 783
[1] 104  20
[1] 784
[1] 104  15
[1] 785
[1] 104  49
[1] 786
[1] 104  35
[1] 787
[1] 104  55
[1] 788
[1] 104  31
[1] 789
[1] 104  38
[1] 790
[1] 104  29
[1] 791
[1] 104  33
[1] 792
[1] 104  28
[1] 793
[1] 104  69
[1] 794
[1] 104  54
[1] 795
[1] 104  72
[1] 796
[1] 104  23
[1] 797
[1] 104  78
[1] 798
[1] 104  64
[1] 799
[1] 104  55
[1] 800
[1] 104  69
