[1] 4601
[1] 104  36
[1] 4602
[1] 104  18
[1] 4603
[1] 104  23
[1] 4604
[1] 104  66
[1] 4605
[1] 104  58
[1] 4606
[1] 104  45
[1] 4607
[1] 104  60
[1] 4608
[1] 104  44
[1] 4609
[1] 104 116
[1] 4610
[1] 104  58
[1] 4611
[1] 104  97
[1] 4612
[1] 104  19
[1] 4613
[1] 104  14
[1] 4614
[1] 104  13
[1] 4615
[1] 104  72
[1] 4616
[1] 104  87
[1] 4617
[1] 104  84
[1] 4618
[1] 104  36
[1] 4619
[1] 104  84
[1] 4620
[1] 104  46
[1] 4621
[1] 104  52
[1] 4622
[1] 104  46
[1] 4623
[1] 104  32
[1] 4624
[1] 104  59
[1] 4625
[1] 104  32
[1] 4626
[1] 104  46
[1] 4627
[1] 104  45
[1] 4628
[1] 104  59
[1] 4629
[1] 104  47
[1] 4630
[1] 104  17
[1] 4631
[1] 104  71
[1] 4632
[1] 104  55
[1] 4633
[1] 104  23
[1] 4634
[1] 104  34
[1] 4635
[1] 104  53
[1] 4636
[1] 104  58
[1] 4637
[1] 104  49
[1] 4638
[1] 104  32
[1] 4639
[1] 104  28
[1] 4640
[1] 104  44
[1] 4641
[1] 104  61
[1] 4642
[1] 104  83
[1] 4643
[1] 104  23
[1] 4644
[1] 104  32
[1] 4645
[1] 104  26
[1] 4646
[1] 104  50
[1] 4647
[1] 104  20
[1] 4648
[1] 104  39
[1] 4649
[1] 104  57
[1] 4650
[1] 104  79
[1] 4651
[1] 104  23
[1] 4652
[1] 104  31
[1] 4653
[1] 104  46
[1] 4654
[1] 104  81
[1] 4655
[1] 104  26
[1] 4656
[1] 104  43
[1] 4657
[1] 104  54
[1] 4658
[1] 104  43
[1] 4659
[1] 104  50
[1] 4660
[1] 104  45
[1] 4661
[1] 104  56
[1] 4662
[1] 104  29
[1] 4663
[1] 104  14
[1] 4664
[1] 104  62
[1] 4665
[1] 104  13
[1] 4666
[1] 104  40
[1] 4667
[1] 104  64
[1] 4668
[1] 104  42
[1] 4669
[1] 104  38
[1] 4670
[1] 104  55
[1] 4671
[1] 104  29
[1] 4672
[1] 104  55
[1] 4673
[1] 104  46
[1] 4674
[1] 104  85
[1] 4675
[1] 104  16
[1] 4676
[1] 104  46
[1] 4677
[1] 104  30
[1] 4678
[1] 104  39
[1] 4679
[1] 104  21
[1] 4680
[1] 104  57
[1] 4681
[1] 104  57
[1] 4682
[1] 104  50
[1] 4683
[1] 104  28
[1] 4684
[1] 104  62
[1] 4685
[1] 104  42
[1] 4686
[1] 104 102
[1] 4687
[1] 104  45
[1] 4688
[1] 104  47
[1] 4689
[1] 104  31
[1] 4690
[1] 104  45
[1] 4691
[1] 104  96
[1] 4692
[1] 104  64
[1] 4693
[1] 104  19
[1] 4694
[1] 104 114
[1] 4695
[1] 104  55
[1] 4696
[1] 104  72
[1] 4697
[1] 104  64
[1] 4698
[1] 104 119
[1] 4699
[1] 104  58
[1] 4700
[1] 104  64
