[1] 9701
[1] 104  34
[1] 9702
[1] 104  55
[1] 9703
[1] 104  70
[1] 9704
[1] 104  92
[1] 9705
[1] 104  18
[1] 9706
[1] 104  37
[1] 9707
[1] 104  36
[1] 9708
[1] 104  60
[1] 9709
[1] 104  71
[1] 9710
[1] 104  59
[1] 9711
[1] 104  15
[1] 9712
[1] 104  22
[1] 9713
[1] 104 105
[1] 9714
[1] 104  69
[1] 9715
[1] 104  64
[1] 9716
[1] 104  78
[1] 9717
[1] 104  32
[1] 9718
[1] 104  23
[1] 9719
[1] 104  54
[1] 9720
[1] 104  78
[1] 9721
[1] 104  67
[1] 9722
[1] 104  64
[1] 9723
[1] 104  78
[1] 9724
[1] 104  31
[1] 9725
[1] 104  46
[1] 9726
[1] 104  46
[1] 9727
[1] 104  39
[1] 9728
[1] 104  56
[1] 9729
[1] 104  45
[1] 9730
[1] 104  14
[1] 9731
[1] 104  64
[1] 9732
[1] 104  45
[1] 9733
[1] 104  69
[1] 9734
[1] 104  37
[1] 9735
[1] 104  35
[1] 9736
[1] 104  26
[1] 9737
[1] 104  41
[1] 9738
[1] 104  57
[1] 9739
[1] 104  12
[1] 9740
[1] 104  90
[1] 9741
[1] 104  67
[1] 9742
[1] 104  15
[1] 9743
[1] 104  80
[1] 9744
[1] 104  56
[1] 9745
[1] 104  19
[1] 9746
[1] 104 109
[1] 9747
[1] 104  44
[1] 9748
[1] 104  42
[1] 9749
[1] 104  56
[1] 9750
[1] 104  55
[1] 9751
[1] 104  58
[1] 9752
[1] 104  54
[1] 9753
[1] 104  32
[1] 9754
[1] 104  26
[1] 9755
[1] 104  82
[1] 9756
[1] 104  29
[1] 9757
[1] 104  46
[1] 9758
[1] 104  15
[1] 9759
[1] 104  43
[1] 9760
[1] 104  49
[1] 9761
[1] 104  68
[1] 9762
[1] 104  39
[1] 9763
[1] 104  38
[1] 9764
[1] 104  45
[1] 9765
[1] 104  37
[1] 9766
[1] 104  48
[1] 9767
[1] 104  67
[1] 9768
[1] 104  55
[1] 9769
[1] 104  57
[1] 9770
[1] 104  48
[1] 9771
[1] 104  30
[1] 9772
[1] 104  67
[1] 9773
[1] 104  61
[1] 9774
[1] 104  26
[1] 9775
[1] 104  19
[1] 9776
[1] 104  80
[1] 9777
[1] 104  42
[1] 9778
[1] 104  38
[1] 9779
[1] 104  76
[1] 9780
[1] 104  97
[1] 9781
[1] 104  58
[1] 9782
[1] 104  64
[1] 9783
[1] 104  43
[1] 9784
[1] 104  37
[1] 9785
[1] 104  21
[1] 9786
[1] 104  66
[1] 9787
[1] 104  76
[1] 9788
[1] 104  89
[1] 9789
[1] 104  49
[1] 9790
[1] 104  19
[1] 9791
[1] 104  34
[1] 9792
[1] 104  53
[1] 9793
[1] 104  59
[1] 9794
[1] 104  60
[1] 9795
[1] 104  24
[1] 9796
[1] 104  29
[1] 9797
[1] 104  26
[1] 9798
[1] 104  37
[1] 9799
[1] 104  75
[1] 9800
[1] 104  39
