[1] 5501
[1] 104  52
[1] 5502
[1] 104  35
[1] 5503
[1] 104  38
[1] 5504
[1] 104  57
[1] 5505
[1] 104  42
[1] 5506
[1] 104  19
[1] 5507
[1] 104  15
[1] 5508
[1] 104  21
[1] 5509
[1] 104  17
[1] 5510
[1] 104  36
[1] 5511
[1] 104  53
[1] 5512
[1] 104  32
[1] 5513
[1] 104  74
[1] 5514
[1] 104  34
[1] 5515
[1] 104  51
[1] 5516
[1] 104   5
[1] 5517
[1] 104   5
[1] 5518
[1] 104  45
[1] 5519
[1] 104  40
[1] 5520
[1] 104  29
[1] 5521
[1] 104  30
[1] 5522
[1] 104  44
[1] 5523
[1] 104  32
[1] 5524
[1] 104  14
[1] 5525
[1] 104  20
[1] 5526
[1] 104  68
[1] 5527
[1] 104  28
[1] 5528
[1] 104  38
[1] 5529
[1] 104  38
[1] 5530
[1] 104  94
[1] 5531
[1] 104  63
[1] 5532
[1] 104  35
[1] 5533
[1] 104  59
[1] 5534
[1] 104  55
[1] 5535
[1] 104  41
[1] 5536
[1] 104  51
[1] 5537
[1] 104  40
[1] 5538
[1] 104  24
[1] 5539
[1] 104  23
[1] 5540
[1] 104  40
[1] 5541
[1] 104  23
[1] 5542
[1] 104  25
[1] 5543
[1] 104  27
[1] 5544
[1] 104 104
[1] 5545
[1] 104 167
[1] 5546
[1] 104  63
[1] 5547
[1] 104  47
[1] 5548
[1] 104  47
[1] 5549
[1] 104  81
[1] 5550
[1] 104  27
[1] 5551
[1] 104  50
[1] 5552
[1] 104  70
[1] 5553
[1] 104  73
[1] 5554
[1] 104  77
[1] 5555
[1] 104  53
[1] 5556
[1] 104  39
[1] 5557
[1] 104  27
[1] 5558
[1] 104  28
[1] 5559
[1] 104  55
[1] 5560
[1] 104  45
[1] 5561
[1] 104  46
[1] 5562
[1] 104  61
[1] 5563
[1] 104 150
[1] 5564
[1] 104 101
[1] 5565
[1] 104  47
[1] 5566
[1] 104  37
[1] 5567
[1] 104  50
[1] 5568
[1] 104  46
[1] 5569
[1] 104  40
[1] 5570
[1] 104  58
[1] 5571
[1] 104 123
[1] 5572
[1] 104  53
[1] 5573
[1] 104  48
[1] 5574
[1] 104  60
[1] 5575
[1] 104  51
[1] 5576
[1] 104  55
[1] 5577
[1] 104  50
[1] 5578
[1] 104  52
[1] 5579
[1] 104  54
[1] 5580
[1] 104  20
[1] 5581
[1] 104  53
[1] 5582
[1] 104  52
[1] 5583
[1] 104  87
[1] 5584
[1] 104  71
[1] 5585
[1] 104  73
[1] 5586
[1] 104  33
[1] 5587
[1] 104  47
[1] 5588
[1] 104  74
[1] 5589
[1] 104  91
[1] 5590
[1] 104  49
[1] 5591
[1] 104  32
[1] 5592
[1] 104  40
[1] 5593
[1] 104 117
[1] 5594
[1] 104  67
[1] 5595
[1] 104  39
[1] 5596
[1] 104  20
[1] 5597
[1] 104  21
[1] 5598
[1] 104  20
[1] 5599
[1] 104   9
[1] 5600
[1] 104   8
