[1] 10201
[1] 104  42
[1] 10202
[1] 104  81
[1] 10203
[1] 104  16
[1] 10204
[1] 104  32
[1] 10205
[1] 104  55
[1] 10206
[1] 104  62
[1] 10207
[1] 104  31
[1] 10208
[1] 104  41
[1] 10209
[1] 104  67
[1] 10210
[1] 104  47
[1] 10211
[1] 104  75
[1] 10212
[1] 104  34
[1] 10213
[1] 104  32
[1] 10214
[1] 104  58
[1] 10215
[1] 104  47
[1] 10216
[1] 104  94
[1] 10217
[1] 104  25
[1] 10218
[1] 104  45
[1] 10219
[1] 104  52
[1] 10220
[1] 104  42
[1] 10221
[1] 104  42
[1] 10222
[1] 104  49
[1] 10223
[1] 104  27
[1] 10224
[1] 104  20
[1] 10225
[1] 104  46
[1] 10226
[1] 104  23
[1] 10227
[1] 104  16
[1] 10228
[1] 104  31
[1] 10229
[1] 104  23
[1] 10230
[1] 104  80
[1] 10231
[1] 104  51
[1] 10232
[1] 104  60
[1] 10233
[1] 104   0
[1] 10234
[1] 104  42
[1] 10235
[1] 104  39
[1] 10236
[1] 104  67
[1] 10237
[1] 104  69
[1] 10238
[1] 104  60
[1] 10239
[1] 104  48
[1] 10240
[1] 104  64
[1] 10241
[1] 104  51
[1] 10242
[1] 104  66
[1] 10243
[1] 104  42
[1] 10244
[1] 104  20
[1] 10245
[1] 104  49
[1] 10246
[1] 104  31
[1] 10247
[1] 104  27
[1] 10248
[1] 104  59
[1] 10249
[1] 104  47
[1] 10250
[1] 104  76
[1] 10251
[1] 104  18
[1] 10252
[1] 104  32
[1] 10253
[1] 104  43
[1] 10254
[1] 104 137
[1] 10255
[1] 104  40
[1] 10256
[1] 104  54
[1] 10257
[1] 104 178
[1] 10258
[1] 104  15
[1] 10259
[1] 104 118
[1] 10260
[1] 104  33
[1] 10261
[1] 104  65
[1] 10262
[1] 104  37
[1] 10263
[1] 104  28
[1] 10264
[1] 104  34
[1] 10265
[1] 104  20
[1] 10266
[1] 104  56
[1] 10267
[1] 104  67
[1] 10268
[1] 104  13
[1] 10269
[1] 104  66
[1] 10270
[1] 104  57
[1] 10271
[1] 104  66
[1] 10272
[1] 104  45
[1] 10273
[1] 104  44
[1] 10274
[1] 104  76
[1] 10275
[1] 104  72
[1] 10276
[1] 104  43
[1] 10277
[1] 104  77
[1] 10278
[1] 104  33
[1] 10279
[1] 104  45
[1] 10280
[1] 104  51
[1] 10281
[1] 104  16
[1] 10282
[1] 104   8
[1] 10283
[1] 104  34
[1] 10284
[1] 104  23
[1] 10285
[1] 104  39
[1] 10286
[1] 104  34
[1] 10287
[1] 104  48
[1] 10288
[1] 104  54
[1] 10289
[1] 104   9
[1] 10290
[1] 104  34
[1] 10291
[1] 104  43
[1] 10292
[1] 104  20
[1] 10293
[1] 104  72
[1] 10294
[1] 104  45
[1] 10295
[1] 104  61
[1] 10296
[1] 104  33
[1] 10297
[1] 104  27
[1] 10298
[1] 104  67
[1] 10299
[1] 104  15
[1] 10300
[1] 104  29
