[1] 6101
[1] 104  50
[1] 6102
[1] 104  59
[1] 6103
[1] 104  58
[1] 6104
[1] 104  56
[1] 6105
[1] 104  52
[1] 6106
[1] 104  51
[1] 6107
[1] 104  43
[1] 6108
[1] 104  20
[1] 6109
[1] 104  76
[1] 6110
[1] 104  73
[1] 6111
[1] 104  35
[1] 6112
[1] 104  57
[1] 6113
[1] 104  64
[1] 6114
[1] 104 116
[1] 6115
[1] 104  55
[1] 6116
[1] 104  55
[1] 6117
[1] 104  43
[1] 6118
[1] 104  35
[1] 6119
[1] 104  84
[1] 6120
[1] 104  50
[1] 6121
[1] 104  33
[1] 6122
[1] 104  94
[1] 6123
[1] 104  75
[1] 6124
[1] 104  20
[1] 6125
[1] 104  24
[1] 6126
[1] 104  51
[1] 6127
[1] 104  48
[1] 6128
[1] 104  96
[1] 6129
[1] 104  56
[1] 6130
[1] 104  61
[1] 6131
[1] 104  40
[1] 6132
[1] 104  63
[1] 6133
[1] 104  40
[1] 6134
[1] 104  38
[1] 6135
[1] 104  87
[1] 6136
[1] 104  53
[1] 6137
[1] 104  68
[1] 6138
[1] 104  51
[1] 6139
[1] 104  57
[1] 6140
[1] 104  48
[1] 6141
[1] 104  39
[1] 6142
[1] 104  98
[1] 6143
[1] 104  52
[1] 6144
[1] 104  53
[1] 6145
[1] 104  36
[1] 6146
[1] 104  30
[1] 6147
[1] 104  45
[1] 6148
[1] 104  48
[1] 6149
[1] 104  30
[1] 6150
[1] 104  64
[1] 6151
[1] 104  44
[1] 6152
[1] 104  38
[1] 6153
[1] 104  57
[1] 6154
[1] 104  54
[1] 6155
[1] 104  63
[1] 6156
[1] 104  78
[1] 6157
[1] 104  51
[1] 6158
[1] 104  33
[1] 6159
[1] 104  75
[1] 6160
[1] 104  30
[1] 6161
[1] 104  34
[1] 6162
[1] 104  36
[1] 6163
[1] 104  70
[1] 6164
[1] 104  41
[1] 6165
[1] 104  80
[1] 6166
[1] 104  75
[1] 6167
[1] 104  52
[1] 6168
[1] 104  44
[1] 6169
[1] 104  23
[1] 6170
[1] 104  22
[1] 6171
[1] 104  41
[1] 6172
[1] 104 405
[1] 6173
[1] 104  76
[1] 6174
[1] 104  29
[1] 6175
[1] 104  49
[1] 6176
[1] 104  93
[1] 6177
[1] 104  94
[1] 6178
[1] 104  45
[1] 6179
[1] 104  54
[1] 6180
[1] 104  64
[1] 6181
[1] 104  58
[1] 6182
[1] 104  49
[1] 6183
[1] 104  82
[1] 6184
[1] 104  28
[1] 6185
[1] 104  42
[1] 6186
[1] 104  46
[1] 6187
[1] 104  50
[1] 6188
[1] 104  92
[1] 6189
[1] 104 101
[1] 6190
[1] 104  52
[1] 6191
[1] 104  89
[1] 6192
[1] 104  31
[1] 6193
[1] 104  35
[1] 6194
[1] 104  42
[1] 6195
[1] 104  62
[1] 6196
[1] 104  46
[1] 6197
[1] 104  59
[1] 6198
[1] 104  35
[1] 6199
[1] 104  34
[1] 6200
[1] 104  74
