[1] 5001
[1] 104  64
[1] 5002
[1] 104  58
[1] 5003
[1] 104  33
[1] 5004
[1] 104  52
[1] 5005
[1] 104 105
[1] 5006
[1] 104  51
[1] 5007
[1] 104  49
[1] 5008
[1] 104  22
[1] 5009
[1] 104  42
[1] 5010
[1] 104  47
[1] 5011
[1] 104  70
[1] 5012
[1] 104  49
[1] 5013
[1] 104  46
[1] 5014
[1] 104  32
[1] 5015
[1] 104  39
[1] 5016
[1] 104  47
[1] 5017
[1] 104  50
[1] 5018
[1] 104  58
[1] 5019
[1] 104  73
[1] 5020
[1] 104  81
[1] 5021
[1] 104  75
[1] 5022
[1] 104  41
[1] 5023
[1] 104  33
[1] 5024
[1] 104  92
[1] 5025
[1] 104  67
[1] 5026
[1] 104  32
[1] 5027
[1] 104  40
[1] 5028
[1] 104  54
[1] 5029
[1] 104  85
[1] 5030
[1] 104  17
[1] 5031
[1] 104  41
[1] 5032
[1] 104  86
[1] 5033
[1] 104  39
[1] 5034
[1] 104  30
[1] 5035
[1] 104  57
[1] 5036
[1] 104  41
[1] 5037
[1] 104  78
[1] 5038
[1] 104  40
[1] 5039
[1] 104  73
[1] 5040
[1] 104  53
[1] 5041
[1] 104  40
[1] 5042
[1] 104  44
[1] 5043
[1] 104  45
[1] 5044
[1] 104  39
[1] 5045
[1] 104  61
[1] 5046
[1] 104  44
[1] 5047
[1] 104  31
[1] 5048
[1] 104  52
[1] 5049
[1] 104  62
[1] 5050
[1] 104  38
[1] 5051
[1] 104  52
[1] 5052
[1] 104  34
[1] 5053
[1] 104  39
[1] 5054
[1] 104  25
[1] 5055
[1] 104  28
[1] 5056
[1] 104  86
[1] 5057
[1] 104  52
[1] 5058
[1] 104  43
[1] 5059
[1] 104 117
[1] 5060
[1] 104  95
[1] 5061
[1] 104  59
[1] 5062
[1] 104  40
[1] 5063
[1] 104  40
[1] 5064
[1] 104  54
[1] 5065
[1] 104  34
[1] 5066
[1] 104  26
[1] 5067
[1] 104  30
[1] 5068
[1] 104  55
[1] 5069
[1] 104  68
[1] 5070
[1] 104  56
[1] 5071
[1] 104  68
[1] 5072
[1] 104  19
[1] 5073
[1] 104  30
[1] 5074
[1] 104  30
[1] 5075
[1] 104  27
[1] 5076
[1] 104  61
[1] 5077
[1] 104  51
[1] 5078
[1] 104  38
[1] 5079
[1] 104  46
[1] 5080
[1] 104  35
[1] 5081
[1] 104  28
[1] 5082
[1] 104  29
[1] 5083
[1] 104  21
[1] 5084
[1] 104  41
[1] 5085
[1] 104  31
[1] 5086
[1] 104  36
[1] 5087
[1] 104  27
[1] 5088
[1] 104  19
[1] 5089
[1] 104  59
[1] 5090
[1] 104  28
[1] 5091
[1] 104  26
[1] 5092
[1] 104  42
[1] 5093
[1] 104  28
[1] 5094
[1] 104  24
[1] 5095
[1] 104  42
[1] 5096
[1] 104  27
[1] 5097
[1] 104  65
[1] 5098
[1] 104  43
[1] 5099
[1] 104  57
[1] 5100
[1] 104  70
