[1] 2901
[1] 104  29
[1] 2902
[1] 104  25
[1] 2903
[1] 104  90
[1] 2904
[1] 104  25
[1] 2905
[1] 104  47
[1] 2906
[1] 104  44
[1] 2907
[1] 104  17
[1] 2908
[1] 104  16
[1] 2909
[1] 104  18
[1] 2910
[1] 104  20
[1] 2911
[1] 104  42
[1] 2912
[1] 104  17
[1] 2913
[1] 104  48
[1] 2914
[1] 104  71
[1] 2915
[1] 104  18
[1] 2916
[1] 104  74
[1] 2917
[1] 104  18
[1] 2918
[1] 104  21
[1] 2919
[1] 104  22
[1] 2920
[1] 104  58
[1] 2921
[1] 104  58
[1] 2922
[1] 104  84
[1] 2923
[1] 104  68
[1] 2924
[1] 104  48
[1] 2925
[1] 104  27
[1] 2926
[1] 104  60
[1] 2927
[1] 104  34
[1] 2928
[1] 104  61
[1] 2929
[1] 104  43
[1] 2930
[1] 104  53
[1] 2931
[1] 104  48
[1] 2932
[1] 104  60
[1] 2933
[1] 104  31
[1] 2934
[1] 104  49
[1] 2935
[1] 104  64
[1] 2936
[1] 104  54
[1] 2937
[1] 104  46
[1] 2938
[1] 104  32
[1] 2939
[1] 104  63
[1] 2940
[1] 104  50
[1] 2941
[1] 104  20
[1] 2942
[1] 104  26
[1] 2943
[1] 104  27
[1] 2944
[1] 104  58
[1] 2945
[1] 104  44
[1] 2946
[1] 104  48
[1] 2947
[1] 104  26
[1] 2948
[1] 104  24
[1] 2949
[1] 104  31
[1] 2950
[1] 104  36
[1] 2951
[1] 104  26
[1] 2952
[1] 104  97
[1] 2953
[1] 104  82
[1] 2954
[1] 104  39
[1] 2955
[1] 104  62
[1] 2956
[1] 104  41
[1] 2957
[1] 104  47
[1] 2958
[1] 104  62
[1] 2959
[1] 104  55
[1] 2960
[1] 104  62
[1] 2961
[1] 104  35
[1] 2962
[1] 104  34
[1] 2963
[1] 104  79
[1] 2964
[1] 104  85
[1] 2965
[1] 104  69
[1] 2966
[1] 104  43
[1] 2967
[1] 104  87
[1] 2968
[1] 104  34
[1] 2969
[1] 104  28
[1] 2970
[1] 104  42
[1] 2971
[1] 104  53
[1] 2972
[1] 104  50
[1] 2973
[1] 104  52
[1] 2974
[1] 104  30
[1] 2975
[1] 104  60
[1] 2976
[1] 104  99
[1] 2977
[1] 104  38
[1] 2978
[1] 104  45
[1] 2979
[1] 104  53
[1] 2980
[1] 104  32
[1] 2981
[1] 104  43
[1] 2982
[1] 104  37
[1] 2983
[1] 104  50
[1] 2984
[1] 104  68
[1] 2985
[1] 104  31
[1] 2986
[1] 104  37
[1] 2987
[1] 104  24
[1] 2988
[1] 104 108
[1] 2989
[1] 104  43
[1] 2990
[1] 104  48
[1] 2991
[1] 104  47
[1] 2992
[1] 104  40
[1] 2993
[1] 104  40
[1] 2994
[1] 104  84
[1] 2995
[1] 104  40
[1] 2996
[1] 104  37
[1] 2997
[1] 104  44
[1] 2998
[1] 104  59
[1] 2999
[1] 104  19
[1] 3000
[1] 104  62
