[1] 4901
[1] 104  38
[1] 4902
[1] 104  54
[1] 4903
[1] 104  48
[1] 4904
[1] 104  70
[1] 4905
[1] 104  46
[1] 4906
[1] 104  45
[1] 4907
[1] 104  81
[1] 4908
[1] 104  54
[1] 4909
[1] 104  56
[1] 4910
[1] 104  23
[1] 4911
[1] 104  21
[1] 4912
[1] 104  47
[1] 4913
[1] 104  44
[1] 4914
[1] 104  65
[1] 4915
[1] 104  21
[1] 4916
[1] 104  27
[1] 4917
[1] 104  78
[1] 4918
[1] 104  51
[1] 4919
[1] 104  32
[1] 4920
[1] 104  32
[1] 4921
[1] 104 107
[1] 4922
[1] 104  60
[1] 4923
[1] 104  58
[1] 4924
[1] 104  40
[1] 4925
[1] 104  42
[1] 4926
[1] 104  92
[1] 4927
[1] 104  50
[1] 4928
[1] 104  47
[1] 4929
[1] 104  88
[1] 4930
[1] 104  61
[1] 4931
[1] 104  53
[1] 4932
[1] 104  71
[1] 4933
[1] 104  38
[1] 4934
[1] 104  43
[1] 4935
[1] 104  18
[1] 4936
[1] 104  14
[1] 4937
[1] 104  15
[1] 4938
[1] 104  15
[1] 4939
[1] 104  57
[1] 4940
[1] 104  47
[1] 4941
[1] 104  43
[1] 4942
[1] 104  51
[1] 4943
[1] 104  54
[1] 4944
[1] 104  53
[1] 4945
[1] 104  51
[1] 4946
[1] 104  24
[1] 4947
[1] 104  36
[1] 4948
[1] 104  38
[1] 4949
[1] 104  43
[1] 4950
[1] 104  52
[1] 4951
[1] 104  58
[1] 4952
[1] 104  68
[1] 4953
[1] 104  51
[1] 4954
[1] 104  49
[1] 4955
[1] 104  33
[1] 4956
[1] 104  34
[1] 4957
[1] 104  21
[1] 4958
[1] 104  19
[1] 4959
[1] 104  24
[1] 4960
[1] 104  38
[1] 4961
[1] 104  25
[1] 4962
[1] 104  49
[1] 4963
[1] 104  70
[1] 4964
[1] 104  45
[1] 4965
[1] 104  60
[1] 4966
[1] 104  28
[1] 4967
[1] 104  40
[1] 4968
[1] 104  38
[1] 4969
[1] 104  33
[1] 4970
[1] 104  35
[1] 4971
[1] 104  26
[1] 4972
[1] 104  32
[1] 4973
[1] 104  44
[1] 4974
[1] 104  27
[1] 4975
[1] 104  35
[1] 4976
[1] 104  32
[1] 4977
[1] 104  38
[1] 4978
[1] 104  76
[1] 4979
[1] 104  97
[1] 4980
[1] 104  59
[1] 4981
[1] 104  48
[1] 4982
[1] 104  30
[1] 4983
[1] 104  62
[1] 4984
[1] 104  57
[1] 4985
[1] 104  30
[1] 4986
[1] 104  36
[1] 4987
[1] 104  96
[1] 4988
[1] 104  42
[1] 4989
[1] 104  59
[1] 4990
[1] 104  49
[1] 4991
[1] 104  45
[1] 4992
[1] 104  29
[1] 4993
[1] 104  49
[1] 4994
[1] 104  70
[1] 4995
[1] 104  51
[1] 4996
[1] 104  64
[1] 4997
[1] 104  39
[1] 4998
[1] 104  52
[1] 4999
[1] 104  58
[1] 5000
[1] 104  88
