[1] 8301
[1] 104  20
[1] 8302
[1] 104  75
[1] 8303
[1] 104  38
[1] 8304
[1] 104  36
[1] 8305
[1] 104  70
[1] 8306
[1] 104  79
[1] 8307
[1] 104  35
[1] 8308
[1] 104  34
[1] 8309
[1] 104  64
[1] 8310
[1] 104  73
[1] 8311
[1] 104  53
[1] 8312
[1] 104  80
[1] 8313
[1] 104  51
[1] 8314
[1] 104   2
[1] 8315
[1] 104   3
[1] 8316
[1] 104  16
[1] 8317
[1] 104  58
[1] 8318
[1] 104  54
[1] 8319
[1] 104  51
[1] 8320
[1] 104  21
[1] 8321
[1] 104 285
[1] 8322
[1] 104  39
[1] 8323
[1] 104  37
[1] 8324
[1] 104  15
[1] 8325
[1] 104  42
[1] 8326
[1] 104  55
[1] 8327
[1] 104  40
[1] 8328
[1] 104  22
[1] 8329
[1] 104  57
[1] 8330
[1] 104  36
[1] 8331
[1] 104  31
[1] 8332
[1] 104  60
[1] 8333
[1] 104  76
[1] 8334
[1] 104  27
[1] 8335
[1] 104  44
[1] 8336
[1] 104  45
[1] 8337
[1] 104  38
[1] 8338
[1] 104  72
[1] 8339
[1] 104  87
[1] 8340
[1] 104  50
[1] 8341
[1] 104  25
[1] 8342
[1] 104  54
[1] 8343
[1] 104  45
[1] 8344
[1] 104  45
[1] 8345
[1] 104  56
[1] 8346
[1] 104  64
[1] 8347
[1] 104  68
[1] 8348
[1] 104  48
[1] 8349
[1] 104  63
[1] 8350
[1] 104  34
[1] 8351
[1] 104  34
[1] 8352
[1] 104  19
[1] 8353
[1] 104  41
[1] 8354
[1] 104  40
[1] 8355
[1] 104  41
[1] 8356
[1] 104  60
[1] 8357
[1] 104  39
[1] 8358
[1] 104  78
[1] 8359
[1] 104  53
[1] 8360
[1] 104  37
[1] 8361
[1] 104  30
[1] 8362
[1] 104  27
[1] 8363
[1] 104  28
[1] 8364
[1] 104  78
[1] 8365
[1] 104  42
[1] 8366
[1] 104  42
[1] 8367
[1] 104  39
[1] 8368
[1] 104  52
[1] 8369
[1] 104  29
[1] 8370
[1] 104  52
[1] 8371
[1] 104  31
[1] 8372
[1] 104  45
[1] 8373
[1] 104  58
[1] 8374
[1] 104  71
[1] 8375
[1] 104  48
[1] 8376
[1] 104  48
[1] 8377
[1] 104  10
[1] 8378
[1] 104  33
[1] 8379
[1] 104 111
[1] 8380
[1] 104  72
[1] 8381
[1] 104  68
[1] 8382
[1] 104  48
[1] 8383
[1] 104  62
[1] 8384
[1] 104  37
[1] 8385
[1] 104  75
[1] 8386
[1] 104  38
[1] 8387
[1] 104  64
[1] 8388
[1] 104  18
[1] 8389
[1] 104  35
[1] 8390
[1] 104  20
[1] 8391
[1] 104  21
[1] 8392
[1] 104  86
[1] 8393
[1] 104  21
[1] 8394
[1] 104  37
[1] 8395
[1] 104  75
[1] 8396
[1] 104  65
[1] 8397
[1] 104  35
[1] 8398
[1] 104  23
[1] 8399
[1] 104  22
[1] 8400
[1] 104  44
