[1] 1601
[1] 104  71
[1] 1602
[1] 104  62
[1] 1603
[1] 104  54
[1] 1604
[1] 104  33
[1] 1605
[1] 104  49
[1] 1606
[1] 104  45
[1] 1607
[1] 104  76
[1] 1608
[1] 104  47
[1] 1609
[1] 104  56
[1] 1610
[1] 104  49
[1] 1611
[1] 104  44
[1] 1612
[1] 104  41
[1] 1613
[1] 104  48
[1] 1614
[1] 104  48
[1] 1615
[1] 104  37
[1] 1616
[1] 104  50
[1] 1617
[1] 104  57
[1] 1618
[1] 104  48
[1] 1619
[1] 104  58
[1] 1620
[1] 104  38
[1] 1621
[1] 104  57
[1] 1622
[1] 104  58
[1] 1623
[1] 104  56
[1] 1624
[1] 104  59
[1] 1625
[1] 104  37
[1] 1626
[1] 104  58
[1] 1627
[1] 104  45
[1] 1628
[1] 104  37
[1] 1629
[1] 104  40
[1] 1630
[1] 104  43
[1] 1631
[1] 104  30
[1] 1632
[1] 104  28
[1] 1633
[1] 104  56
[1] 1634
[1] 104  52
[1] 1635
[1] 104  54
[1] 1636
[1] 104  40
[1] 1637
[1] 104  44
[1] 1638
[1] 104  20
[1] 1639
[1] 104  18
[1] 1640
[1] 104  39
[1] 1641
[1] 104  50
[1] 1642
[1] 104  69
[1] 1643
[1] 104  51
[1] 1644
[1] 104  69
[1] 1645
[1] 104  58
[1] 1646
[1] 104  56
[1] 1647
[1] 104  81
[1] 1648
[1] 104  61
[1] 1649
[1] 104  53
[1] 1650
[1] 104  53
[1] 1651
[1] 104  50
[1] 1652
[1] 104  47
[1] 1653
[1] 104  48
[1] 1654
[1] 104  63
[1] 1655
[1] 104  50
[1] 1656
[1] 104  71
[1] 1657
[1] 104  66
[1] 1658
[1] 104  82
[1] 1659
[1] 104  73
[1] 1660
[1] 104  69
[1] 1661
[1] 104  74
[1] 1662
[1] 104  70
[1] 1663
[1] 104  77
[1] 1664
[1] 104  60
[1] 1665
[1] 104  62
[1] 1666
[1] 104  82
[1] 1667
[1] 104  65
[1] 1668
[1] 104  51
[1] 1669
[1] 104  66
[1] 1670
[1] 104  82
[1] 1671
[1] 104  81
[1] 1672
[1] 104  55
[1] 1673
[1] 104  20
[1] 1674
[1] 104  59
[1] 1675
[1] 104  76
[1] 1676
[1] 104 104
[1] 1677
[1] 104  17
[1] 1678
[1] 104  29
[1] 1679
[1] 104  68
[1] 1680
[1] 104  23
[1] 1681
[1] 104  28
[1] 1682
[1] 104  27
[1] 1683
[1] 104  36
[1] 1684
[1] 104  76
[1] 1685
[1] 104  37
[1] 1686
[1] 104  75
[1] 1687
[1] 104  58
[1] 1688
[1] 104  28
[1] 1689
[1] 104  41
[1] 1690
[1] 104  22
[1] 1691
[1] 104  55
[1] 1692
[1] 104  23
[1] 1693
[1] 104  61
[1] 1694
[1] 104  36
[1] 1695
[1] 104  61
[1] 1696
[1] 104  20
[1] 1697
[1] 104  37
[1] 1698
[1] 104  43
[1] 1699
[1] 104  56
[1] 1700
[1] 104  19
