[1] 5601
[1] 104  58
[1] 5602
[1] 104  90
[1] 5603
[1] 104 127
[1] 5604
[1] 104  79
[1] 5605
[1] 104 119
[1] 5606
[1] 104  51
[1] 5607
[1] 104  45
[1] 5608
[1] 104  14
[1] 5609
[1] 104  52
[1] 5610
[1] 104  29
[1] 5611
[1] 104  43
[1] 5612
[1] 104  59
[1] 5613
[1] 104  50
[1] 5614
[1] 104  46
[1] 5615
[1] 104  42
[1] 5616
[1] 104  39
[1] 5617
[1] 104  70
[1] 5618
[1] 104  20
[1] 5619
[1] 104  89
[1] 5620
[1] 104  53
[1] 5621
[1] 104  64
[1] 5622
[1] 104  53
[1] 5623
[1] 104  38
[1] 5624
[1] 104  63
[1] 5625
[1] 104  60
[1] 5626
[1] 104  39
[1] 5627
[1] 104  57
[1] 5628
[1] 104  16
[1] 5629
[1] 104  57
[1] 5630
[1] 104  55
[1] 5631
[1] 104  80
[1] 5632
[1] 104  66
[1] 5633
[1] 104  60
[1] 5634
[1] 104  70
[1] 5635
[1] 104 105
[1] 5636
[1] 104  38
[1] 5637
[1] 104  62
[1] 5638
[1] 104  54
[1] 5639
[1] 104  50
[1] 5640
[1] 104  36
[1] 5641
[1] 104  59
[1] 5642
[1] 104  69
[1] 5643
[1] 104  65
[1] 5644
[1] 104  64
[1] 5645
[1] 104 110
[1] 5646
[1] 104  61
[1] 5647
[1] 104  23
[1] 5648
[1] 104  19
[1] 5649
[1] 104  24
[1] 5650
[1] 104  34
[1] 5651
[1] 104  39
[1] 5652
[1] 104   1
[1] 5653
[1] 104  40
[1] 5654
[1] 104  45
[1] 5655
[1] 104  51
[1] 5656
[1] 104  44
[1] 5657
[1] 104  99
[1] 5658
[1] 104  65
[1] 5659
[1] 104  46
[1] 5660
[1] 104  30
[1] 5661
[1] 104  70
[1] 5662
[1] 104  43
[1] 5663
[1] 104  46
[1] 5664
[1] 104  53
[1] 5665
[1] 104  40
[1] 5666
[1] 104  58
[1] 5667
[1] 104  63
[1] 5668
[1] 104  29
[1] 5669
[1] 104  56
[1] 5670
[1] 104  87
[1] 5671
[1] 104  56
[1] 5672
[1] 104  53
[1] 5673
[1] 104  51
[1] 5674
[1] 104  55
[1] 5675
[1] 104  54
[1] 5676
[1] 104  83
[1] 5677
[1] 104 156
[1] 5678
[1] 104  63
[1] 5679
[1] 104  60
[1] 5680
[1] 104 115
[1] 5681
[1] 104 147
[1] 5682
[1] 104  26
[1] 5683
[1] 104  35
[1] 5684
[1] 104  31
[1] 5685
[1] 104  37
[1] 5686
[1] 104  39
[1] 5687
[1] 104  62
[1] 5688
[1] 104  61
[1] 5689
[1] 104  43
[1] 5690
[1] 104  48
[1] 5691
[1] 104  36
[1] 5692
[1] 104  34
[1] 5693
[1] 104  55
[1] 5694
[1] 104  34
[1] 5695
[1] 104  38
[1] 5696
[1] 104  61
[1] 5697
[1] 104  26
[1] 5698
[1] 104  31
[1] 5699
[1] 104  39
[1] 5700
[1] 104  29
