[1] 5801
[1] 104  63
[1] 5802
[1] 104  45
[1] 5803
[1] 104  73
[1] 5804
[1] 104  59
[1] 5805
[1] 104  38
[1] 5806
[1] 104  44
[1] 5807
[1] 104  57
[1] 5808
[1] 104  40
[1] 5809
[1] 104  61
[1] 5810
[1] 104 189
[1] 5811
[1] 104  63
[1] 5812
[1] 104  96
[1] 5813
[1] 104  87
[1] 5814
[1] 104  94
[1] 5815
[1] 104  94
[1] 5816
[1] 104  91
[1] 5817
[1] 104  94
[1] 5818
[1] 104 104
[1] 5819
[1] 104  95
[1] 5820
[1] 104  87
[1] 5821
[1] 104  57
[1] 5822
[1] 104  35
[1] 5823
[1] 104  58
[1] 5824
[1] 104  39
[1] 5825
[1] 104  36
[1] 5826
[1] 104  38
[1] 5827
[1] 104  43
[1] 5828
[1] 104  51
[1] 5829
[1] 104  42
[1] 5830
[1] 104  57
[1] 5831
[1] 104  58
[1] 5832
[1] 104  60
[1] 5833
[1] 104  35
[1] 5834
[1] 104  63
[1] 5835
[1] 104  57
[1] 5836
[1] 104  65
[1] 5837
[1] 104   9
[1] 5838
[1] 104  34
[1] 5839
[1] 104  56
[1] 5840
[1] 104  86
[1] 5841
[1] 104  46
[1] 5842
[1] 104 100
[1] 5843
[1] 104  94
[1] 5844
[1] 104  41
[1] 5845
[1] 104  43
[1] 5846
[1] 104  38
[1] 5847
[1] 104  42
[1] 5848
[1] 104  41
[1] 5849
[1] 104  30
[1] 5850
[1] 104  26
[1] 5851
[1] 104  50
[1] 5852
[1] 104  54
[1] 5853
[1] 104  53
[1] 5854
[1] 104  61
[1] 5855
[1] 104  40
[1] 5856
[1] 104  16
[1] 5857
[1] 104  65
[1] 5858
[1] 104  56
[1] 5859
[1] 104 102
[1] 5860
[1] 104  27
[1] 5861
[1] 104  50
[1] 5862
[1] 104  63
[1] 5863
[1] 104  49
[1] 5864
[1] 104  51
[1] 5865
[1] 104  37
[1] 5866
[1] 104  37
[1] 5867
[1] 104  22
[1] 5868
[1] 104  34
[1] 5869
[1] 104  41
[1] 5870
[1] 104  73
[1] 5871
[1] 104  48
[1] 5872
[1] 104  43
[1] 5873
[1] 104  41
[1] 5874
[1] 104  20
[1] 5875
[1] 104  47
[1] 5876
[1] 104  24
[1] 5877
[1] 104  78
[1] 5878
[1] 104  86
[1] 5879
[1] 104  68
[1] 5880
[1] 104  70
[1] 5881
[1] 104  29
[1] 5882
[1] 104  52
[1] 5883
[1] 104  47
[1] 5884
[1] 104  31
[1] 5885
[1] 104  48
[1] 5886
[1] 104  42
[1] 5887
[1] 104  44
[1] 5888
[1] 104  31
[1] 5889
[1] 104  43
[1] 5890
[1] 104  63
[1] 5891
[1] 104  68
[1] 5892
[1] 104  58
[1] 5893
[1] 104 137
[1] 5894
[1] 104  51
[1] 5895
[1] 104  48
[1] 5896
[1] 104  40
[1] 5897
[1] 104  51
[1] 5898
[1] 104  51
[1] 5899
[1] 104  63
[1] 5900
[1] 104  78
