[1] 6601
[1] 104  54
[1] 6602
[1] 104  53
[1] 6603
[1] 104  56
[1] 6604
[1] 104  45
[1] 6605
[1] 104  47
[1] 6606
[1] 104  47
[1] 6607
[1] 104  47
[1] 6608
[1] 104  76
[1] 6609
[1] 104  64
[1] 6610
[1] 104  57
[1] 6611
[1] 104  39
[1] 6612
[1] 104  62
[1] 6613
[1] 104  64
[1] 6614
[1] 104  92
[1] 6615
[1] 104  71
[1] 6616
[1] 104  83
[1] 6617
[1] 104  85
[1] 6618
[1] 104  80
[1] 6619
[1] 104  74
[1] 6620
[1] 104  77
[1] 6621
[1] 104  61
[1] 6622
[1] 104  40
[1] 6623
[1] 104  64
[1] 6624
[1] 104  35
[1] 6625
[1] 104 105
[1] 6626
[1] 104 106
[1] 6627
[1] 104  68
[1] 6628
[1] 104  39
[1] 6629
[1] 104  40
[1] 6630
[1] 104  33
[1] 6631
[1] 104  32
[1] 6632
[1] 104  60
[1] 6633
[1] 104  88
[1] 6634
[1] 104  19
[1] 6635
[1] 104  18
[1] 6636
[1] 104  18
[1] 6637
[1] 104  50
[1] 6638
[1] 104  31
[1] 6639
[1] 104  71
[1] 6640
[1] 104  10
[1] 6641
[1] 104 102
[1] 6642
[1] 104  29
[1] 6643
[1] 104  27
[1] 6644
[1] 104  51
[1] 6645
[1] 104  60
[1] 6646
[1] 104  35
[1] 6647
[1] 104  50
[1] 6648
[1] 104  52
[1] 6649
[1] 104  40
[1] 6650
[1] 104  41
[1] 6651
[1] 104  62
[1] 6652
[1] 104  56
[1] 6653
[1] 104  18
[1] 6654
[1] 104  45
[1] 6655
[1] 104  27
[1] 6656
[1] 104  25
[1] 6657
[1] 104  27
[1] 6658
[1] 104  40
[1] 6659
[1] 104  39
[1] 6660
[1] 104  39
[1] 6661
[1] 104  31
[1] 6662
[1] 104  27
[1] 6663
[1] 104  21
[1] 6664
[1] 104  57
[1] 6665
[1] 104  53
[1] 6666
[1] 104  25
[1] 6667
[1] 104  37
[1] 6668
[1] 104  15
[1] 6669
[1] 104  16
[1] 6670
[1] 104  65
[1] 6671
[1] 104  25
[1] 6672
[1] 104  27
[1] 6673
[1] 104  63
[1] 6674
[1] 104  27
[1] 6675
[1] 104  27
[1] 6676
[1] 104  88
[1] 6677
[1] 104  27
[1] 6678
[1] 104  27
[1] 6679
[1] 104  28
[1] 6680
[1] 104  27
[1] 6681
[1] 104  38
[1] 6682
[1] 104  39
[1] 6683
[1] 104  39
[1] 6684
[1] 104  19
[1] 6685
[1] 104  50
[1] 6686
[1] 104  26
[1] 6687
[1] 104  20
[1] 6688
[1] 104  34
[1] 6689
[1] 104  65
[1] 6690
[1] 104  35
[1] 6691
[1] 104  69
[1] 6692
[1] 104  66
[1] 6693
[1] 104  68
[1] 6694
[1] 104  43
[1] 6695
[1] 104  55
[1] 6696
[1] 104  72
[1] 6697
[1] 104  50
[1] 6698
[1] 104  46
[1] 6699
[1] 104  34
[1] 6700
[1] 104  27
