[1] 3601
[1] 104  61
[1] 3602
[1] 104  60
[1] 3603
[1] 104  65
[1] 3604
[1] 104  46
[1] 3605
[1] 104  50
[1] 3606
[1] 104  49
[1] 3607
[1] 104  34
[1] 3608
[1] 104  38
[1] 3609
[1] 104  63
[1] 3610
[1] 104  45
[1] 3611
[1] 104  47
[1] 3612
[1] 104  37
[1] 3613
[1] 104  57
[1] 3614
[1] 104  63
[1] 3615
[1] 104  58
[1] 3616
[1] 104  44
[1] 3617
[1] 104  44
[1] 3618
[1] 104  44
[1] 3619
[1] 104  65
[1] 3620
[1] 104  61
[1] 3621
[1] 104  83
[1] 3622
[1] 104  45
[1] 3623
[1] 104  42
[1] 3624
[1] 104  52
[1] 3625
[1] 104  55
[1] 3626
[1] 104  78
[1] 3627
[1] 104  73
[1] 3628
[1] 104  76
[1] 3629
[1] 104  71
[1] 3630
[1] 104  38
[1] 3631
[1] 104  69
[1] 3632
[1] 104  58
[1] 3633
[1] 104  59
[1] 3634
[1] 104  33
[1] 3635
[1] 104  57
[1] 3636
[1] 104  78
[1] 3637
[1] 104  38
[1] 3638
[1] 104  68
[1] 3639
[1] 104  67
[1] 3640
[1] 104  60
[1] 3641
[1] 104  73
[1] 3642
[1] 104  49
[1] 3643
[1] 104  51
[1] 3644
[1] 104  59
[1] 3645
[1] 104  83
[1] 3646
[1] 104  92
[1] 3647
[1] 104  32
[1] 3648
[1] 104  34
[1] 3649
[1] 104  72
[1] 3650
[1] 104  43
[1] 3651
[1] 104  30
[1] 3652
[1] 104  58
[1] 3653
[1] 104  30
[1] 3654
[1] 104  70
[1] 3655
[1] 104  47
[1] 3656
[1] 104  67
[1] 3657
[1] 104  58
[1] 3658
[1] 104  61
[1] 3659
[1] 104  34
[1] 3660
[1] 104  35
[1] 3661
[1] 104  50
[1] 3662
[1] 104  28
[1] 3663
[1] 104  57
[1] 3664
[1] 104  34
[1] 3665
[1] 104  43
[1] 3666
[1] 104  58
[1] 3667
[1] 104  30
[1] 3668
[1] 104  30
[1] 3669
[1] 104  59
[1] 3670
[1] 104  48
[1] 3671
[1] 104  58
[1] 3672
[1] 104  77
[1] 3673
[1] 104  60
[1] 3674
[1] 104  61
[1] 3675
[1] 104  44
[1] 3676
[1] 104  37
[1] 3677
[1] 104  48
[1] 3678
[1] 104  53
[1] 3679
[1] 104  59
[1] 3680
[1] 104  79
[1] 3681
[1] 104  73
[1] 3682
[1] 104  28
[1] 3683
[1] 104  39
[1] 3684
[1] 104  57
[1] 3685
[1] 104  54
[1] 3686
[1] 104  55
[1] 3687
[1] 104  57
[1] 3688
[1] 104  46
[1] 3689
[1] 104  16
[1] 3690
[1] 104  52
[1] 3691
[1] 104  66
[1] 3692
[1] 104  90
[1] 3693
[1] 104  49
[1] 3694
[1] 104  37
[1] 3695
[1] 104 132
[1] 3696
[1] 104  56
[1] 3697
[1] 104  61
[1] 3698
[1] 104  35
[1] 3699
[1] 104  62
[1] 3700
[1] 104  41
