[1] 7601
[1] 104  57
[1] 7602
[1] 104  50
[1] 7603
[1] 104  48
[1] 7604
[1] 104  55
[1] 7605
[1] 104  57
[1] 7606
[1] 104  44
[1] 7607
[1] 104  53
[1] 7608
[1] 104  45
[1] 7609
[1] 104  43
[1] 7610
[1] 104  37
[1] 7611
[1] 104  36
[1] 7612
[1] 104  42
[1] 7613
[1] 104  14
[1] 7614
[1] 104  19
[1] 7615
[1] 104  39
[1] 7616
[1] 104  27
[1] 7617
[1] 104  77
[1] 7618
[1] 104  21
[1] 7619
[1] 104  28
[1] 7620
[1] 104  35
[1] 7621
[1] 104  27
[1] 7622
[1] 104  40
[1] 7623
[1] 104  40
[1] 7624
[1] 104  47
[1] 7625
[1] 104  57
[1] 7626
[1] 104 103
[1] 7627
[1] 104  62
[1] 7628
[1] 104  43
[1] 7629
[1] 104  38
[1] 7630
[1] 104  39
[1] 7631
[1] 104  39
[1] 7632
[1] 104  62
[1] 7633
[1] 104  83
[1] 7634
[1] 104  35
[1] 7635
[1] 104  41
[1] 7636
[1] 104  49
[1] 7637
[1] 104  40
[1] 7638
[1] 104  26
[1] 7639
[1] 104  59
[1] 7640
[1] 104  42
[1] 7641
[1] 104  40
[1] 7642
[1] 104  35
[1] 7643
[1] 104  47
[1] 7644
[1] 104  15
[1] 7645
[1] 104  35
[1] 7646
[1] 104  19
[1] 7647
[1] 104  73
[1] 7648
[1] 104  42
[1] 7649
[1] 104  56
[1] 7650
[1] 104  52
[1] 7651
[1] 104  20
[1] 7652
[1] 104  41
[1] 7653
[1] 104  62
[1] 7654
[1] 104  23
[1] 7655
[1] 104  35
[1] 7656
[1] 104  43
[1] 7657
[1] 104  63
[1] 7658
[1] 104  23
[1] 7659
[1] 104  31
[1] 7660
[1] 104  57
[1] 7661
[1] 104  74
[1] 7662
[1] 104  35
[1] 7663
[1] 104  15
[1] 7664
[1] 104  41
[1] 7665
[1] 104  56
[1] 7666
[1] 104  66
[1] 7667
[1] 104  58
[1] 7668
[1] 104  40
[1] 7669
[1] 104  50
[1] 7670
[1] 104  23
[1] 7671
[1] 104  64
[1] 7672
[1] 104  35
[1] 7673
[1] 104  57
[1] 7674
[1] 104  40
[1] 7675
[1] 104  38
[1] 7676
[1] 104  35
[1] 7677
[1] 104  36
[1] 7678
[1] 104  37
[1] 7679
[1] 104  54
[1] 7680
[1] 104  57
[1] 7681
[1] 104  33
[1] 7682
[1] 104  58
[1] 7683
[1] 104  50
[1] 7684
[1] 104  97
[1] 7685
[1] 104  37
[1] 7686
[1] 104  41
[1] 7687
[1] 104  24
[1] 7688
[1] 104  37
[1] 7689
[1] 104  66
[1] 7690
[1] 104 116
[1] 7691
[1] 104  39
[1] 7692
[1] 104  51
[1] 7693
[1] 104   9
[1] 7694
[1] 104  49
[1] 7695
[1] 104  68
[1] 7696
[1] 104  72
[1] 7697
[1] 104  67
[1] 7698
[1] 104  58
[1] 7699
[1] 104  32
[1] 7700
[1] 104  27
