[1] 1
[1] 104  49
[1] 2
[1] 104  53
[1] 3
[1] 104  77
[1] 4
[1] 104  66
[1] 5
[1] 104  75
[1] 6
[1] 104  58
[1] 7
[1] 104  70
[1] 8
[1] 104  62
[1] 9
[1] 104  21
[1] 10
[1] 104  44
[1] 11
[1] 104  30
[1] 12
[1] 104  24
[1] 13
[1] 104  22
[1] 14
[1] 104  43
[1] 15
[1] 104  53
[1] 16
[1] 104  57
[1] 17
[1] 104  85
[1] 18
[1] 104  53
[1] 19
[1] 104  39
[1] 20
[1] 104  61
[1] 21
[1] 104  87
[1] 22
[1] 104  39
[1] 23
[1] 104  43
[1] 24
[1] 104  31
[1] 25
[1] 104  34
[1] 26
[1] 104  32
[1] 27
[1] 104  44
[1] 28
[1] 104  24
[1] 29
[1] 104 108
[1] 30
[1] 104  30
[1] 31
[1] 104  30
[1] 32
[1] 104  36
[1] 33
[1] 104  31
[1] 34
[1] 104  45
[1] 35
[1] 104  39
[1] 36
[1] 104  34
[1] 37
[1] 104  66
[1] 38
[1] 104  48
[1] 39
[1] 104  31
[1] 40
[1] 104  64
[1] 41
[1] 104  41
[1] 42
[1] 104  49
[1] 43
[1] 104  52
[1] 44
[1] 104  64
[1] 45
[1] 104  41
[1] 46
[1] 104  71
[1] 47
[1] 104  53
[1] 48
[1] 104  26
[1] 49
[1] 104  69
[1] 50
[1] 104  42
[1] 51
[1] 104  57
[1] 52
[1] 104  52
[1] 53
[1] 104  57
[1] 54
[1] 104  25
[1] 55
[1] 104  53
[1] 56
[1] 104  60
[1] 57
[1] 104  69
[1] 58
[1] 104  18
[1] 59
[1] 104  51
[1] 60
[1] 104  31
[1] 61
[1] 104  54
[1] 62
[1] 104  48
[1] 63
[1] 104  65
[1] 64
[1] 104  53
[1] 65
[1] 104  40
[1] 66
[1] 104  46
[1] 67
[1] 104  43
[1] 68
[1] 104  29
[1] 69
[1] 104  62
[1] 70
[1] 104  44
[1] 71
[1] 104  49
[1] 72
[1] 104  35
[1] 73
[1] 104  43
[1] 74
[1] 104  55
[1] 75
[1] 104  56
[1] 76
[1] 104  53
[1] 77
[1] 104  50
[1] 78
[1] 104  60
[1] 79
[1] 104  44
[1] 80
[1] 104  44
[1] 81
[1] 104  45
[1] 82
[1] 104  66
[1] 83
[1] 104  70
[1] 84
[1] 104  36
[1] 85
[1] 104  64
[1] 86
[1] 104  59
[1] 87
[1] 104  54
[1] 88
[1] 104  40
[1] 89
[1] 104  19
[1] 90
[1] 104  35
[1] 91
[1] 104  92
[1] 92
[1] 104  33
[1] 93
[1] 104  46
[1] 94
[1] 104  70
[1] 95
[1] 104  70
[1] 96
[1] 104 102
[1] 97
[1] 104  59
[1] 98
[1] 104  51
[1] 99
[1] 104  82
[1] 100
[1] 104  81
