[1] 6901
[1] 104  53
[1] 6902
[1] 104  64
[1] 6903
[1] 104  52
[1] 6904
[1] 104  57
[1] 6905
[1] 104  19
[1] 6906
[1] 104  61
[1] 6907
[1] 104  58
[1] 6908
[1] 104  29
[1] 6909
[1] 104  44
[1] 6910
[1] 104  41
[1] 6911
[1] 104  63
[1] 6912
[1] 104  57
[1] 6913
[1] 104  84
[1] 6914
[1] 104  31
[1] 6915
[1] 104  38
[1] 6916
[1] 104  47
[1] 6917
[1] 104  50
[1] 6918
[1] 104  22
[1] 6919
[1] 104  25
[1] 6920
[1] 104  25
[1] 6921
[1] 104  42
[1] 6922
[1] 104  43
[1] 6923
[1] 104  55
[1] 6924
[1] 104  61
[1] 6925
[1] 104  31
[1] 6926
[1] 104  44
[1] 6927
[1] 104  60
[1] 6928
[1] 104  79
[1] 6929
[1] 104  47
[1] 6930
[1] 104  56
[1] 6931
[1] 104  59
[1] 6932
[1] 104  42
[1] 6933
[1] 104  70
[1] 6934
[1] 104  70
[1] 6935
[1] 104  48
[1] 6936
[1] 104  38
[1] 6937
[1] 104  36
[1] 6938
[1] 104  54
[1] 6939
[1] 104  43
[1] 6940
[1] 104  73
[1] 6941
[1] 104  40
[1] 6942
[1] 104  40
[1] 6943
[1] 104  49
[1] 6944
[1] 104  21
[1] 6945
[1] 104  55
[1] 6946
[1] 104  70
[1] 6947
[1] 104  68
[1] 6948
[1] 104  48
[1] 6949
[1] 104  43
[1] 6950
[1] 104  33
[1] 6951
[1] 104  42
[1] 6952
[1] 104  40
[1] 6953
[1] 104  49
[1] 6954
[1] 104  66
[1] 6955
[1] 104  51
[1] 6956
[1] 104  86
[1] 6957
[1] 104  54
[1] 6958
[1] 104  41
[1] 6959
[1] 104  38
[1] 6960
[1] 104  38
[1] 6961
[1] 104  46
[1] 6962
[1] 104  42
[1] 6963
[1] 104  50
[1] 6964
[1] 104  58
[1] 6965
[1] 104  51
[1] 6966
[1] 104  53
[1] 6967
[1] 104  44
[1] 6968
[1] 104  90
[1] 6969
[1] 104 104
[1] 6970
[1] 104  37
[1] 6971
[1] 104  39
[1] 6972
[1] 104  41
[1] 6973
[1] 104  48
[1] 6974
[1] 104  56
[1] 6975
[1] 104  35
[1] 6976
[1] 104  25
[1] 6977
[1] 104  23
[1] 6978
[1] 104  42
[1] 6979
[1] 104  46
[1] 6980
[1] 104  57
[1] 6981
[1] 104  54
[1] 6982
[1] 104  56
[1] 6983
[1] 104  58
[1] 6984
[1] 104  67
[1] 6985
[1] 104  76
[1] 6986
[1] 104  36
[1] 6987
[1] 104  26
[1] 6988
[1] 104  31
[1] 6989
[1] 104  26
[1] 6990
[1] 104  37
[1] 6991
[1] 104  69
[1] 6992
[1] 104  47
[1] 6993
[1] 104  63
[1] 6994
[1] 104  53
[1] 6995
[1] 104  71
[1] 6996
[1] 104  15
[1] 6997
[1] 104  62
[1] 6998
[1] 104  52
[1] 6999
[1] 104  27
[1] 7000
[1] 104  43
