[1] 8601
[1] 104  34
[1] 8602
[1] 104  36
[1] 8603
[1] 104  41
[1] 8604
[1] 104  40
[1] 8605
[1] 104  62
[1] 8606
[1] 104  26
[1] 8607
[1] 104  56
[1] 8608
[1] 104  64
[1] 8609
[1] 104  15
[1] 8610
[1] 104  45
[1] 8611
[1] 104  68
[1] 8612
[1] 104  45
[1] 8613
[1] 104  54
[1] 8614
[1] 104  51
[1] 8615
[1] 104  50
[1] 8616
[1] 104  47
[1] 8617
[1] 104  15
[1] 8618
[1] 104  48
[1] 8619
[1] 104  29
[1] 8620
[1] 104  54
[1] 8621
[1] 104  59
[1] 8622
[1] 104  38
[1] 8623
[1] 104  51
[1] 8624
[1] 104  33
[1] 8625
[1] 104  21
[1] 8626
[1] 104  41
[1] 8627
[1] 104  20
[1] 8628
[1] 104  27
[1] 8629
[1] 104  48
[1] 8630
[1] 104  62
[1] 8631
[1] 104   8
[1] 8632
[1] 104   4
[1] 8633
[1] 104  58
[1] 8634
[1] 104  67
[1] 8635
[1] 104  20
[1] 8636
[1] 104  76
[1] 8637
[1] 104  54
[1] 8638
[1] 104  48
[1] 8639
[1] 104  32
[1] 8640
[1] 104  75
[1] 8641
[1] 104  22
[1] 8642
[1] 104  36
[1] 8643
[1] 104  80
[1] 8644
[1] 104  54
[1] 8645
[1] 104  20
[1] 8646
[1] 104  55
[1] 8647
[1] 104  27
[1] 8648
[1] 104  37
[1] 8649
[1] 104  69
[1] 8650
[1] 104  55
[1] 8651
[1] 104  52
[1] 8652
[1] 104  38
[1] 8653
[1] 104  56
[1] 8654
[1] 104  66
[1] 8655
[1] 104  40
[1] 8656
[1] 104  20
[1] 8657
[1] 104  35
[1] 8658
[1] 104  72
[1] 8659
[1] 104  20
[1] 8660
[1] 104  49
[1] 8661
[1] 104  36
[1] 8662
[1] 104 166
[1] 8663
[1] 104  26
[1] 8664
[1] 104  39
[1] 8665
[1] 104  73
[1] 8666
[1] 104  40
[1] 8667
[1] 104  28
[1] 8668
[1] 104  35
[1] 8669
[1] 104  23
[1] 8670
[1] 104  18
[1] 8671
[1] 104  38
[1] 8672
[1] 104  39
[1] 8673
[1] 104  37
[1] 8674
[1] 104  35
[1] 8675
[1] 104  69
[1] 8676
[1] 104  35
[1] 8677
[1] 104  39
[1] 8678
[1] 104  36
[1] 8679
[1] 104  39
[1] 8680
[1] 104  67
[1] 8681
[1] 104  39
[1] 8682
[1] 104  59
[1] 8683
[1] 104  70
[1] 8684
[1] 104  20
[1] 8685
[1] 104  68
[1] 8686
[1] 104  33
[1] 8687
[1] 104  46
[1] 8688
[1] 104  35
[1] 8689
[1] 104  48
[1] 8690
[1] 104  76
[1] 8691
[1] 104  22
[1] 8692
[1] 104  47
[1] 8693
[1] 104  67
[1] 8694
[1] 104  49
[1] 8695
[1] 104  59
[1] 8696
[1] 104  33
[1] 8697
[1] 104  63
[1] 8698
[1] 104  79
[1] 8699
[1] 104  65
[1] 8700
[1] 104  76
