[1] 6501
[1] 104  44
[1] 6502
[1] 104  68
[1] 6503
[1] 104  63
[1] 6504
[1] 104  49
[1] 6505
[1] 104  45
[1] 6506
[1] 104  43
[1] 6507
[1] 104  49
[1] 6508
[1] 104  43
[1] 6509
[1] 104  43
[1] 6510
[1] 104  46
[1] 6511
[1] 104  66
[1] 6512
[1] 104  18
[1] 6513
[1] 104  20
[1] 6514
[1] 104  50
[1] 6515
[1] 104  59
[1] 6516
[1] 104  35
[1] 6517
[1] 104  59
[1] 6518
[1] 104  42
[1] 6519
[1] 104  49
[1] 6520
[1] 104  73
[1] 6521
[1] 104  43
[1] 6522
[1] 104  57
[1] 6523
[1] 104  37
[1] 6524
[1] 104  36
[1] 6525
[1] 104  35
[1] 6526
[1] 104   8
[1] 6527
[1] 104  87
[1] 6528
[1] 104  51
[1] 6529
[1] 104  74
[1] 6530
[1] 104  44
[1] 6531
[1] 104  42
[1] 6532
[1] 104  48
[1] 6533
[1] 104  19
[1] 6534
[1] 104  47
[1] 6535
[1] 104  36
[1] 6536
[1] 104  52
[1] 6537
[1] 104  63
[1] 6538
[1] 104  66
[1] 6539
[1] 104  62
[1] 6540
[1] 104  73
[1] 6541
[1] 104  70
[1] 6542
[1] 104  75
[1] 6543
[1] 104  29
[1] 6544
[1] 104  47
[1] 6545
[1] 104  51
[1] 6546
[1] 104  51
[1] 6547
[1] 104  33
[1] 6548
[1] 104  44
[1] 6549
[1] 104  36
[1] 6550
[1] 104  32
[1] 6551
[1] 104  57
[1] 6552
[1] 104  49
[1] 6553
[1] 104  71
[1] 6554
[1] 104  44
[1] 6555
[1] 104  27
[1] 6556
[1] 104  56
[1] 6557
[1] 104  37
[1] 6558
[1] 104  66
[1] 6559
[1] 104  20
[1] 6560
[1] 104  20
[1] 6561
[1] 104  18
[1] 6562
[1] 104  60
[1] 6563
[1] 104  64
[1] 6564
[1] 104  53
[1] 6565
[1] 104  11
[1] 6566
[1] 104  11
[1] 6567
[1] 104  12
[1] 6568
[1] 104  10
[1] 6569
[1] 104  59
[1] 6570
[1] 104  14
[1] 6571
[1] 104  31
[1] 6572
[1] 104  95
[1] 6573
[1] 104  36
[1] 6574
[1] 104  52
[1] 6575
[1] 104  53
[1] 6576
[1] 104  71
[1] 6577
[1] 104  67
[1] 6578
[1] 104  72
[1] 6579
[1] 104  49
[1] 6580
[1] 104  35
[1] 6581
[1] 104  60
[1] 6582
[1] 104  35
[1] 6583
[1] 104   8
[1] 6584
[1] 104   8
[1] 6585
[1] 104   8
[1] 6586
[1] 104  10
[1] 6587
[1] 104  16
[1] 6588
[1] 104  28
[1] 6589
[1] 104  25
[1] 6590
[1] 104  37
[1] 6591
[1] 104  39
[1] 6592
[1] 104  66
[1] 6593
[1] 104  71
[1] 6594
[1] 104  70
[1] 6595
[1] 104  55
[1] 6596
[1] 104 101
[1] 6597
[1] 104 100
[1] 6598
[1] 104  80
[1] 6599
[1] 104  60
[1] 6600
[1] 104  58
