[1] 3801
[1] 104  67
[1] 3802
[1] 104  26
[1] 3803
[1] 104  44
[1] 3804
[1] 104  62
[1] 3805
[1] 104  39
[1] 3806
[1] 104  55
[1] 3807
[1] 104  49
[1] 3808
[1] 104  48
[1] 3809
[1] 104  50
[1] 3810
[1] 104  48
[1] 3811
[1] 104  49
[1] 3812
[1] 104  47
[1] 3813
[1] 104  17
[1] 3814
[1] 104  26
[1] 3815
[1] 104  21
[1] 3816
[1] 104  52
[1] 3817
[1] 104  43
[1] 3818
[1] 104  20
[1] 3819
[1] 104  21
[1] 3820
[1] 104  12
[1] 3821
[1] 104  62
[1] 3822
[1] 104  53
[1] 3823
[1] 104  32
[1] 3824
[1] 104  45
[1] 3825
[1] 104  63
[1] 3826
[1] 104  38
[1] 3827
[1] 104  45
[1] 3828
[1] 104  39
[1] 3829
[1] 104  39
[1] 3830
[1] 104  22
[1] 3831
[1] 104  48
[1] 3832
[1] 104  25
[1] 3833
[1] 104  52
[1] 3834
[1] 104  52
[1] 3835
[1] 104  58
[1] 3836
[1] 104  50
[1] 3837
[1] 104  50
[1] 3838
[1] 104  35
[1] 3839
[1] 104  28
[1] 3840
[1] 104  45
[1] 3841
[1] 104  37
[1] 3842
[1] 104  27
[1] 3843
[1] 104  64
[1] 3844
[1] 104  76
[1] 3845
[1] 104  59
[1] 3846
[1] 104  44
[1] 3847
[1] 104  60
[1] 3848
[1] 104  70
[1] 3849
[1] 104  50
[1] 3850
[1] 104  55
[1] 3851
[1] 104  43
[1] 3852
[1] 104  70
[1] 3853
[1] 104  73
[1] 3854
[1] 104  33
[1] 3855
[1] 104  42
[1] 3856
[1] 104  42
[1] 3857
[1] 104  57
[1] 3858
[1] 104  87
[1] 3859
[1] 104  55
[1] 3860
[1] 104  48
[1] 3861
[1] 104  27
[1] 3862
[1] 104  42
[1] 3863
[1] 104  57
[1] 3864
[1] 104  65
[1] 3865
[1] 104  65
[1] 3866
[1] 104  59
[1] 3867
[1] 104  59
[1] 3868
[1] 104  62
[1] 3869
[1] 104  71
[1] 3870
[1] 104  62
[1] 3871
[1] 104  61
[1] 3872
[1] 104  75
[1] 3873
[1] 104  27
[1] 3874
[1] 104  93
[1] 3875
[1] 104  51
[1] 3876
[1] 104  48
[1] 3877
[1] 104  34
[1] 3878
[1] 104  32
[1] 3879
[1] 104 103
[1] 3880
[1] 104  54
[1] 3881
[1] 104  53
[1] 3882
[1] 104  29
[1] 3883
[1] 104  42
[1] 3884
[1] 104  58
[1] 3885
[1] 104  58
[1] 3886
[1] 104  54
[1] 3887
[1] 104  48
[1] 3888
[1] 104  43
[1] 3889
[1] 104  48
[1] 3890
[1] 104  17
[1] 3891
[1] 104  37
[1] 3892
[1] 104  41
[1] 3893
[1] 104  17
[1] 3894
[1] 104  42
[1] 3895
[1] 104  34
[1] 3896
[1] 104  45
[1] 3897
[1] 104  38
[1] 3898
[1] 104  69
[1] 3899
[1] 104  28
[1] 3900
[1] 104  69
