[1] 4701
[1] 104  65
[1] 4702
[1] 104  61
[1] 4703
[1] 104  69
[1] 4704
[1] 104  31
[1] 4705
[1] 104  52
[1] 4706
[1] 104  43
[1] 4707
[1] 104  54
[1] 4708
[1] 104  52
[1] 4709
[1] 104  50
[1] 4710
[1] 104  50
[1] 4711
[1] 104  52
[1] 4712
[1] 104  25
[1] 4713
[1] 104  26
[1] 4714
[1] 104  31
[1] 4715
[1] 104  41
[1] 4716
[1] 104  32
[1] 4717
[1] 104  42
[1] 4718
[1] 104  42
[1] 4719
[1] 104  42
[1] 4720
[1] 104  54
[1] 4721
[1] 104  20
[1] 4722
[1] 104  54
[1] 4723
[1] 104  43
[1] 4724
[1] 104  94
[1] 4725
[1] 104  39
[1] 4726
[1] 104  38
[1] 4727
[1] 104  50
[1] 4728
[1] 104  19
[1] 4729
[1] 104  42
[1] 4730
[1] 104  52
[1] 4731
[1] 104  36
[1] 4732
[1] 104  24
[1] 4733
[1] 104  50
[1] 4734
[1] 104  15
[1] 4735
[1] 104  42
[1] 4736
[1] 104  64
[1] 4737
[1] 104  15
[1] 4738
[1] 104  48
[1] 4739
[1] 104  49
[1] 4740
[1] 104  54
[1] 4741
[1] 104  52
[1] 4742
[1] 104  63
[1] 4743
[1] 104  52
[1] 4744
[1] 104  20
[1] 4745
[1] 104 102
[1] 4746
[1] 104  22
[1] 4747
[1] 104  32
[1] 4748
[1] 104  78
[1] 4749
[1] 104  25
[1] 4750
[1] 104  67
[1] 4751
[1] 104  46
[1] 4752
[1] 104  43
[1] 4753
[1] 104  47
[1] 4754
[1] 104  44
[1] 4755
[1] 104  52
[1] 4756
[1] 104  32
[1] 4757
[1] 104  55
[1] 4758
[1] 104  46
[1] 4759
[1] 104  37
[1] 4760
[1] 104  36
[1] 4761
[1] 104  82
[1] 4762
[1] 104  71
[1] 4763
[1] 104  22
[1] 4764
[1] 104  64
[1] 4765
[1] 104  32
[1] 4766
[1] 104  45
[1] 4767
[1] 104  59
[1] 4768
[1] 104  23
[1] 4769
[1] 104  45
[1] 4770
[1] 104  58
[1] 4771
[1] 104  35
[1] 4772
[1] 104  54
[1] 4773
[1] 104  52
[1] 4774
[1] 104  45
[1] 4775
[1] 104  26
[1] 4776
[1] 104  28
[1] 4777
[1] 104  51
[1] 4778
[1] 104  53
[1] 4779
[1] 104  56
[1] 4780
[1] 104  41
[1] 4781
[1] 104  26
[1] 4782
[1] 104  11
[1] 4783
[1] 104  26
[1] 4784
[1] 104  47
[1] 4785
[1] 104  51
[1] 4786
[1] 104  60
[1] 4787
[1] 104  88
[1] 4788
[1] 104  40
[1] 4789
[1] 104  56
[1] 4790
[1] 104  54
[1] 4791
[1] 104  38
[1] 4792
[1] 104  33
[1] 4793
[1] 104  47
[1] 4794
[1] 104  37
[1] 4795
[1] 104  62
[1] 4796
[1] 104  47
[1] 4797
[1] 104  31
[1] 4798
[1] 104  40
[1] 4799
[1] 104  47
[1] 4800
[1] 104  71
