[1] 1001
[1] 104  44
[1] 1002
[1] 104  44
[1] 1003
[1] 104  42
[1] 1004
[1] 104  21
[1] 1005
[1] 104   6
[1] 1006
[1] 104  50
[1] 1007
[1] 104  35
[1] 1008
[1] 104  44
[1] 1009
[1] 104  72
[1] 1010
[1] 104  59
[1] 1011
[1] 104  38
[1] 1012
[1] 104  60
[1] 1013
[1] 104  84
[1] 1014
[1] 104  73
[1] 1015
[1] 104  57
[1] 1016
[1] 104  49
[1] 1017
[1] 104  42
[1] 1018
[1] 104  55
[1] 1019
[1] 104  70
[1] 1020
[1] 104  29
[1] 1021
[1] 104  53
[1] 1022
[1] 104  88
[1] 1023
[1] 104  60
[1] 1024
[1] 104  60
[1] 1025
[1] 104  45
[1] 1026
[1] 104  40
[1] 1027
[1] 104  43
[1] 1028
[1] 104  42
[1] 1029
[1] 104  61
[1] 1030
[1] 104  62
[1] 1031
[1] 104  86
[1] 1032
[1] 104  75
[1] 1033
[1] 104  36
[1] 1034
[1] 104  52
[1] 1035
[1] 104  36
[1] 1036
[1] 104  36
[1] 1037
[1] 104  44
[1] 1038
[1] 104  54
[1] 1039
[1] 104  40
[1] 1040
[1] 104  50
[1] 1041
[1] 104  40
[1] 1042
[1] 104  67
[1] 1043
[1] 104  32
[1] 1044
[1] 104  65
[1] 1045
[1] 104 103
[1] 1046
[1] 104  45
[1] 1047
[1] 104  77
[1] 1048
[1] 104  66
[1] 1049
[1] 104  32
[1] 1050
[1] 104  41
[1] 1051
[1] 104  28
[1] 1052
[1] 104  50
[1] 1053
[1] 104  41
[1] 1054
[1] 104  49
[1] 1055
[1] 104  58
[1] 1056
[1] 104  52
[1] 1057
[1] 104  42
[1] 1058
[1] 104  81
[1] 1059
[1] 104  51
[1] 1060
[1] 104  92
[1] 1061
[1] 104  30
[1] 1062
[1] 104  49
[1] 1063
[1] 104  42
[1] 1064
[1] 104  44
[1] 1065
[1] 104  17
[1] 1066
[1] 104  70
[1] 1067
[1] 104  76
[1] 1068
[1] 104  43
[1] 1069
[1] 104  39
[1] 1070
[1] 104  48
[1] 1071
[1] 104  84
[1] 1072
[1] 104  89
[1] 1073
[1] 104  47
[1] 1074
[1] 104   8
[1] 1075
[1] 104  40
[1] 1076
[1] 104   8
[1] 1077
[1] 104  27
[1] 1078
[1] 104  32
[1] 1079
[1] 104  35
[1] 1080
[1] 104  35
[1] 1081
[1] 104  23
[1] 1082
[1] 104  60
[1] 1083
[1] 104  75
[1] 1084
[1] 104  25
[1] 1085
[1] 104  45
[1] 1086
[1] 104 106
[1] 1087
[1] 104  37
[1] 1088
[1] 104  39
[1] 1089
[1] 104  35
[1] 1090
[1] 104  56
[1] 1091
[1] 104  59
[1] 1092
[1] 104  56
[1] 1093
[1] 104  48
[1] 1094
[1] 104  67
[1] 1095
[1] 104  78
[1] 1096
[1] 104  56
[1] 1097
[1] 104  53
[1] 1098
[1] 104  52
[1] 1099
[1] 104  10
[1] 1100
[1] 104  57
