[1] 1401
[1] 104  74
[1] 1402
[1] 104  66
[1] 1403
[1] 104  78
[1] 1404
[1] 104  67
[1] 1405
[1] 104  65
[1] 1406
[1] 104  63
[1] 1407
[1] 104  71
[1] 1408
[1] 104  69
[1] 1409
[1] 104  62
[1] 1410
[1] 104  81
[1] 1411
[1] 104  65
[1] 1412
[1] 104  65
[1] 1413
[1] 104  63
[1] 1414
[1] 104  31
[1] 1415
[1] 104  34
[1] 1416
[1] 104  44
[1] 1417
[1] 104  35
[1] 1418
[1] 104  34
[1] 1419
[1] 104  63
[1] 1420
[1] 104  89
[1] 1421
[1] 104  61
[1] 1422
[1] 104  55
[1] 1423
[1] 104  79
[1] 1424
[1] 104  43
[1] 1425
[1] 104  43
[1] 1426
[1] 104  43
[1] 1427
[1] 104  43
[1] 1428
[1] 104  40
[1] 1429
[1] 104  43
[1] 1430
[1] 104  52
[1] 1431
[1] 104  29
[1] 1432
[1] 104  45
[1] 1433
[1] 104  51
[1] 1434
[1] 104  56
[1] 1435
[1] 104  57
[1] 1436
[1] 104  58
[1] 1437
[1] 104  56
[1] 1438
[1] 104  37
[1] 1439
[1] 104  64
[1] 1440
[1] 104  57
[1] 1441
[1] 104  60
[1] 1442
[1] 104  54
[1] 1443
[1] 104  74
[1] 1444
[1] 104  42
[1] 1445
[1] 104  50
[1] 1446
[1] 104  33
[1] 1447
[1] 104  56
[1] 1448
[1] 104  52
[1] 1449
[1] 104  49
[1] 1450
[1] 104 102
[1] 1451
[1] 104  52
[1] 1452
[1] 104  97
[1] 1453
[1] 104  30
[1] 1454
[1] 104  52
[1] 1455
[1] 104  98
[1] 1456
[1] 104  42
[1] 1457
[1] 104  96
[1] 1458
[1] 104  44
[1] 1459
[1] 104  46
[1] 1460
[1] 104  18
[1] 1461
[1] 104  49
[1] 1462
[1] 104  50
[1] 1463
[1] 104  29
[1] 1464
[1] 104  36
[1] 1465
[1] 104  41
[1] 1466
[1] 104  64
[1] 1467
[1] 104  35
[1] 1468
[1] 104  37
[1] 1469
[1] 104  31
[1] 1470
[1] 104  32
[1] 1471
[1] 104  33
[1] 1472
[1] 104  34
[1] 1473
[1] 104  39
[1] 1474
[1] 104  35
[1] 1475
[1] 104  34
[1] 1476
[1] 104  86
[1] 1477
[1] 104  38
[1] 1478
[1] 104  83
[1] 1479
[1] 104  35
[1] 1480
[1] 104  61
[1] 1481
[1] 104  67
[1] 1482
[1] 104  96
[1] 1483
[1] 104  86
[1] 1484
[1] 104  40
[1] 1485
[1] 104  59
[1] 1486
[1] 104  38
[1] 1487
[1] 104  76
[1] 1488
[1] 104  43
[1] 1489
[1] 104  83
[1] 1490
[1] 104  63
[1] 1491
[1] 104  42
[1] 1492
[1] 104  46
[1] 1493
[1] 104  61
[1] 1494
[1] 104  64
[1] 1495
[1] 104  63
[1] 1496
[1] 104  62
[1] 1497
[1] 104  53
[1] 1498
[1] 104  63
[1] 1499
[1] 104  42
[1] 1500
[1] 104  51
