[1] 6401
[1] 104  56
[1] 6402
[1] 104  46
[1] 6403
[1] 104  10
[1] 6404
[1] 104  21
[1] 6405
[1] 104  22
[1] 6406
[1] 104  58
[1] 6407
[1] 104  54
[1] 6408
[1] 104  65
[1] 6409
[1] 104  55
[1] 6410
[1] 104  59
[1] 6411
[1] 104  48
[1] 6412
[1] 104  75
[1] 6413
[1] 104  44
[1] 6414
[1] 104  59
[1] 6415
[1] 104  40
[1] 6416
[1] 104  62
[1] 6417
[1] 104  72
[1] 6418
[1] 104  88
[1] 6419
[1] 104  55
[1] 6420
[1] 104  59
[1] 6421
[1] 104  74
[1] 6422
[1] 104  30
[1] 6423
[1] 104  60
[1] 6424
[1] 104  94
[1] 6425
[1] 104  17
[1] 6426
[1] 104  41
[1] 6427
[1] 104  33
[1] 6428
[1] 104  56
[1] 6429
[1] 104  52
[1] 6430
[1] 104  58
[1] 6431
[1] 104  56
[1] 6432
[1] 104  54
[1] 6433
[1] 104  74
[1] 6434
[1] 104  31
[1] 6435
[1] 104  57
[1] 6436
[1] 104  39
[1] 6437
[1] 104  43
[1] 6438
[1] 104  47
[1] 6439
[1] 104  61
[1] 6440
[1] 104  51
[1] 6441
[1] 104  52
[1] 6442
[1] 104  64
[1] 6443
[1] 104  54
[1] 6444
[1] 104  24
[1] 6445
[1] 104 112
[1] 6446
[1] 104  25
[1] 6447
[1] 104  49
[1] 6448
[1] 104  81
[1] 6449
[1] 104  47
[1] 6450
[1] 104  89
[1] 6451
[1] 104  18
[1] 6452
[1] 104  68
[1] 6453
[1] 104 111
[1] 6454
[1] 104  35
[1] 6455
[1] 104  67
[1] 6456
[1] 104  11
[1] 6457
[1] 104  20
[1] 6458
[1] 104  27
[1] 6459
[1] 104  38
[1] 6460
[1] 104  36
[1] 6461
[1] 104  31
[1] 6462
[1] 104  17
[1] 6463
[1] 104  18
[1] 6464
[1] 104  25
[1] 6465
[1] 104  21
[1] 6466
[1] 104  90
[1] 6467
[1] 104  61
[1] 6468
[1] 104 103
[1] 6469
[1] 104  61
[1] 6470
[1] 104  28
[1] 6471
[1] 104  60
[1] 6472
[1] 104  15
[1] 6473
[1] 104  26
[1] 6474
[1] 104  25
[1] 6475
[1] 104  55
[1] 6476
[1] 104  39
[1] 6477
[1] 104  55
[1] 6478
[1] 104  47
[1] 6479
[1] 104  20
[1] 6480
[1] 104  84
[1] 6481
[1] 104  79
[1] 6482
[1] 104  41
[1] 6483
[1] 104  77
[1] 6484
[1] 104  20
[1] 6485
[1] 104  52
[1] 6486
[1] 104  66
[1] 6487
[1] 104  73
[1] 6488
[1] 104  56
[1] 6489
[1] 104  74
[1] 6490
[1] 104  72
[1] 6491
[1] 104  73
[1] 6492
[1] 104  65
[1] 6493
[1] 104  56
[1] 6494
[1] 104  59
[1] 6495
[1] 104  61
[1] 6496
[1] 104  61
[1] 6497
[1] 104  52
[1] 6498
[1] 104  51
[1] 6499
[1] 104  65
[1] 6500
[1] 104  43
