[1] 3401
[1] 104  36
[1] 3402
[1] 104  39
[1] 3403
[1] 104  40
[1] 3404
[1] 104  32
[1] 3405
[1] 104  53
[1] 3406
[1] 104   8
[1] 3407
[1] 104  65
[1] 3408
[1] 104  43
[1] 3409
[1] 104  47
[1] 3410
[1] 104  48
[1] 3411
[1] 104  45
[1] 3412
[1] 104  36
[1] 3413
[1] 104  29
[1] 3414
[1] 104  34
[1] 3415
[1] 104  22
[1] 3416
[1] 104  70
[1] 3417
[1] 104  60
[1] 3418
[1] 104  49
[1] 3419
[1] 104 140
[1] 3420
[1] 104  41
[1] 3421
[1] 104  72
[1] 3422
[1] 104  45
[1] 3423
[1] 104  37
[1] 3424
[1] 104  68
[1] 3425
[1] 104  30
[1] 3426
[1] 104  65
[1] 3427
[1] 104  58
[1] 3428
[1] 104  61
[1] 3429
[1] 104  50
[1] 3430
[1] 104  32
[1] 3431
[1] 104  32
[1] 3432
[1] 104  46
[1] 3433
[1] 104  43
[1] 3434
[1] 104  56
[1] 3435
[1] 104  41
[1] 3436
[1] 104  22
[1] 3437
[1] 104  49
[1] 3438
[1] 104  38
[1] 3439
[1] 104  35
[1] 3440
[1] 104  33
[1] 3441
[1] 104  75
[1] 3442
[1] 104  26
[1] 3443
[1] 104  58
[1] 3444
[1] 104  39
[1] 3445
[1] 104  45
[1] 3446
[1] 104  45
[1] 3447
[1] 104  19
[1] 3448
[1] 104  14
[1] 3449
[1] 104  23
[1] 3450
[1] 104  20
[1] 3451
[1] 104  35
[1] 3452
[1] 104  57
[1] 3453
[1] 104  50
[1] 3454
[1] 104  21
[1] 3455
[1] 104 128
[1] 3456
[1] 104  57
[1] 3457
[1] 104  47
[1] 3458
[1] 104  46
[1] 3459
[1] 104  46
[1] 3460
[1] 104  42
[1] 3461
[1] 104  39
[1] 3462
[1] 104  34
[1] 3463
[1] 104  41
[1] 3464
[1] 104  54
[1] 3465
[1] 104  55
[1] 3466
[1] 104  54
[1] 3467
[1] 104  74
[1] 3468
[1] 104  34
[1] 3469
[1] 104  68
[1] 3470
[1] 104  69
[1] 3471
[1] 104  35
[1] 3472
[1] 104  42
[1] 3473
[1] 104  65
[1] 3474
[1] 104  56
[1] 3475
[1] 104  54
[1] 3476
[1] 104  62
[1] 3477
[1] 104  26
[1] 3478
[1] 104  57
[1] 3479
[1] 104  56
[1] 3480
[1] 104  54
[1] 3481
[1] 104  29
[1] 3482
[1] 104  56
[1] 3483
[1] 104  27
[1] 3484
[1] 104  50
[1] 3485
[1] 104  53
[1] 3486
[1] 104  30
[1] 3487
[1] 104  16
[1] 3488
[1] 104  51
[1] 3489
[1] 104  77
[1] 3490
[1] 104  26
[1] 3491
[1] 104  31
[1] 3492
[1] 104  60
[1] 3493
[1] 104  80
[1] 3494
[1] 104  35
[1] 3495
[1] 104  55
[1] 3496
[1] 104  36
[1] 3497
[1] 104  35
[1] 3498
[1] 104  65
[1] 3499
[1] 104  77
[1] 3500
[1] 104  60
