[1] 2101
[1] 104  28
[1] 2102
[1] 104  32
[1] 2103
[1] 104  42
[1] 2104
[1] 104  36
[1] 2105
[1] 104  56
[1] 2106
[1] 104  50
[1] 2107
[1] 104  71
[1] 2108
[1] 104  34
[1] 2109
[1] 104  30
[1] 2110
[1] 104 101
[1] 2111
[1] 104  44
[1] 2112
[1] 104 151
[1] 2113
[1] 104  42
[1] 2114
[1] 104  80
[1] 2115
[1] 104  86
[1] 2116
[1] 104  49
[1] 2117
[1] 104  66
[1] 2118
[1] 104  52
[1] 2119
[1] 104  55
[1] 2120
[1] 104  47
[1] 2121
[1] 104  29
[1] 2122
[1] 104  34
[1] 2123
[1] 104  61
[1] 2124
[1] 104  41
[1] 2125
[1] 104  75
[1] 2126
[1] 104  57
[1] 2127
[1] 104  64
[1] 2128
[1] 104  67
[1] 2129
[1] 104  38
[1] 2130
[1] 104  26
[1] 2131
[1] 104  33
[1] 2132
[1] 104  44
[1] 2133
[1] 104  62
[1] 2134
[1] 104  53
[1] 2135
[1] 104  88
[1] 2136
[1] 104 122
[1] 2137
[1] 104  82
[1] 2138
[1] 104  39
[1] 2139
[1] 104  45
[1] 2140
[1] 104  43
[1] 2141
[1] 104  39
[1] 2142
[1] 104  47
[1] 2143
[1] 104  36
[1] 2144
[1] 104  32
[1] 2145
[1] 104  32
[1] 2146
[1] 104  44
[1] 2147
[1] 104  18
[1] 2148
[1] 104  19
[1] 2149
[1] 104  19
[1] 2150
[1] 104  22
[1] 2151
[1] 104  36
[1] 2152
[1] 104  58
[1] 2153
[1] 104  57
[1] 2154
[1] 104  47
[1] 2155
[1] 104  61
[1] 2156
[1] 104  33
[1] 2157
[1] 104  37
[1] 2158
[1] 104  25
[1] 2159
[1] 104  40
[1] 2160
[1] 104  38
[1] 2161
[1] 104  37
[1] 2162
[1] 104  41
[1] 2163
[1] 104  31
[1] 2164
[1] 104  34
[1] 2165
[1] 104  46
[1] 2166
[1] 104  52
[1] 2167
[1] 104  49
[1] 2168
[1] 104  64
[1] 2169
[1] 104  57
[1] 2170
[1] 104  82
[1] 2171
[1] 104  58
[1] 2172
[1] 104  99
[1] 2173
[1] 104  90
[1] 2174
[1] 104  52
[1] 2175
[1] 104  94
[1] 2176
[1] 104  44
[1] 2177
[1] 104  49
[1] 2178
[1] 104  47
[1] 2179
[1] 104  90
[1] 2180
[1] 104  90
[1] 2181
[1] 104  90
[1] 2182
[1] 104  43
[1] 2183
[1] 104  54
[1] 2184
[1] 104  86
[1] 2185
[1] 104  29
[1] 2186
[1] 104  30
[1] 2187
[1] 104  58
[1] 2188
[1] 104  41
[1] 2189
[1] 104  51
[1] 2190
[1] 104  26
[1] 2191
[1] 104  70
[1] 2192
[1] 104 110
[1] 2193
[1] 104  53
[1] 2194
[1] 104  53
[1] 2195
[1] 104  51
[1] 2196
[1] 104  51
[1] 2197
[1] 104  36
[1] 2198
[1] 104  44
[1] 2199
[1] 104  37
[1] 2200
[1] 104  25
