[1] 10101
[1] 104  41
[1] 10102
[1] 104  19
[1] 10103
[1] 104  84
[1] 10104
[1] 104  72
[1] 10105
[1] 104  86
[1] 10106
[1] 104  50
[1] 10107
[1] 104  31
[1] 10108
[1] 104  18
[1] 10109
[1] 104  72
[1] 10110
[1] 104 322
[1] 10111
[1] 104  31
[1] 10112
[1] 104  35
[1] 10113
[1] 104  48
[1] 10114
[1] 104  48
[1] 10115
[1] 104  49
[1] 10116
[1] 104  73
[1] 10117
[1] 104  26
[1] 10118
[1] 104  53
[1] 10119
[1] 104  45
[1] 10120
[1] 104  26
[1] 10121
[1] 104  64
[1] 10122
[1] 104  17
[1] 10123
[1] 104  72
[1] 10124
[1] 104  28
[1] 10125
[1] 104  67
[1] 10126
[1] 104  63
[1] 10127
[1] 104  81
[1] 10128
[1] 104  41
[1] 10129
[1] 104  37
[1] 10130
[1] 104  67
[1] 10131
[1] 104  57
[1] 10132
[1] 104  20
[1] 10133
[1] 104  43
[1] 10134
[1] 104   9
[1] 10135
[1] 104  46
[1] 10136
[1] 104  42
[1] 10137
[1] 104  25
[1] 10138
[1] 104  37
[1] 10139
[1] 104  46
[1] 10140
[1] 104  59
[1] 10141
[1] 104  90
[1] 10142
[1] 104  14
[1] 10143
[1] 104  50
[1] 10144
[1] 104  21
[1] 10145
[1] 104  32
[1] 10146
[1] 104  39
[1] 10147
[1] 104  22
[1] 10148
[1] 104  39
[1] 10149
[1] 104  42
[1] 10150
[1] 104  38
[1] 10151
[1] 104  58
[1] 10152
[1] 104  26
[1] 10153
[1] 104  61
[1] 10154
[1] 104  13
[1] 10155
[1] 104  30
[1] 10156
[1] 104  48
[1] 10157
[1] 104  25
[1] 10158
[1] 104  39
[1] 10159
[1] 104  39
[1] 10160
[1] 104  36
[1] 10161
[1] 104  26
[1] 10162
[1] 104  37
[1] 10163
[1] 104  14
[1] 10164
[1] 104  27
[1] 10165
[1] 104  53
[1] 10166
[1] 104  95
[1] 10167
[1] 104  27
[1] 10168
[1] 104   6
[1] 10169
[1] 104  28
[1] 10170
[1] 104  56
[1] 10171
[1] 104  53
[1] 10172
[1] 104  63
[1] 10173
[1] 104  75
[1] 10174
[1] 104  18
[1] 10175
[1] 104  17
[1] 10176
[1] 104  23
[1] 10177
[1] 104  56
[1] 10178
[1] 104  39
[1] 10179
[1] 104  38
[1] 10180
[1] 104  49
[1] 10181
[1] 104  59
[1] 10182
[1] 104  80
[1] 10183
[1] 104  71
[1] 10184
[1] 104  17
[1] 10185
[1] 104  58
[1] 10186
[1] 104  43
[1] 10187
[1] 104  54
[1] 10188
[1] 104  50
[1] 10189
[1] 104  49
[1] 10190
[1] 104  38
[1] 10191
[1] 104 101
[1] 10192
[1] 104  60
[1] 10193
[1] 104  17
[1] 10194
[1] 104  94
[1] 10195
[1] 104  53
[1] 10196
[1] 104  38
[1] 10197
[1] 104  94
[1] 10198
[1] 104  25
[1] 10199
[1] 104  52
[1] 10200
[1] 104  39
