[1] 4801
[1] 104  51
[1] 4802
[1] 104  65
[1] 4803
[1] 104  70
[1] 4804
[1] 104  55
[1] 4805
[1] 104  70
[1] 4806
[1] 104  59
[1] 4807
[1] 104  44
[1] 4808
[1] 104  36
[1] 4809
[1] 104  75
[1] 4810
[1] 104  37
[1] 4811
[1] 104  66
[1] 4812
[1] 104  42
[1] 4813
[1] 104  42
[1] 4814
[1] 104  68
[1] 4815
[1] 104  60
[1] 4816
[1] 104  35
[1] 4817
[1] 104  53
[1] 4818
[1] 104  65
[1] 4819
[1] 104  38
[1] 4820
[1] 104  58
[1] 4821
[1] 104  60
[1] 4822
[1] 104  74
[1] 4823
[1] 104  63
[1] 4824
[1] 104  70
[1] 4825
[1] 104  64
[1] 4826
[1] 104 101
[1] 4827
[1] 104  36
[1] 4828
[1] 104 207
[1] 4829
[1] 104 202
[1] 4830
[1] 104  49
[1] 4831
[1] 104 206
[1] 4832
[1] 104  49
[1] 4833
[1] 104 202
[1] 4834
[1] 104  67
[1] 4835
[1] 104  57
[1] 4836
[1] 104  46
[1] 4837
[1] 104  61
[1] 4838
[1] 104  52
[1] 4839
[1] 104  35
[1] 4840
[1] 104  19
[1] 4841
[1] 104  32
[1] 4842
[1] 104  46
[1] 4843
[1] 104  33
[1] 4844
[1] 104  60
[1] 4845
[1] 104  39
[1] 4846
[1] 104  18
[1] 4847
[1] 104  36
[1] 4848
[1] 104  39
[1] 4849
[1] 104  84
[1] 4850
[1] 104  47
[1] 4851
[1] 104  54
[1] 4852
[1] 104  40
[1] 4853
[1] 104  61
[1] 4854
[1] 104  87
[1] 4855
[1] 104  43
[1] 4856
[1] 104  35
[1] 4857
[1] 104  38
[1] 4858
[1] 104  60
[1] 4859
[1] 104  19
[1] 4860
[1] 104  44
[1] 4861
[1] 104  20
[1] 4862
[1] 104  71
[1] 4863
[1] 104  58
[1] 4864
[1] 104  56
[1] 4865
[1] 104  11
[1] 4866
[1] 104  32
[1] 4867
[1] 104  47
[1] 4868
[1] 104  37
[1] 4869
[1] 104  37
[1] 4870
[1] 104  23
[1] 4871
[1] 104  54
[1] 4872
[1] 104  25
[1] 4873
[1] 104  39
[1] 4874
[1] 104   7
[1] 4875
[1] 104  25
[1] 4876
[1] 104  30
[1] 4877
[1] 104  38
[1] 4878
[1] 104  25
[1] 4879
[1] 104  42
[1] 4880
[1] 104  31
[1] 4881
[1] 104  88
[1] 4882
[1] 104  62
[1] 4883
[1] 104  56
[1] 4884
[1] 104  41
[1] 4885
[1] 104 107
[1] 4886
[1] 104  47
[1] 4887
[1] 104  41
[1] 4888
[1] 104  59
[1] 4889
[1] 104  26
[1] 4890
[1] 104  37
[1] 4891
[1] 104  38
[1] 4892
[1] 104  38
[1] 4893
[1] 104  62
[1] 4894
[1] 104  26
[1] 4895
[1] 104  25
[1] 4896
[1] 104  27
[1] 4897
[1] 104  44
[1] 4898
[1] 104  23
[1] 4899
[1] 104  37
[1] 4900
[1] 104  24
