[1] 7901
[1] 104  29
[1] 7902
[1] 104  47
[1] 7903
[1] 104  57
[1] 7904
[1] 104  31
[1] 7905
[1] 104  52
[1] 7906
[1] 104  46
[1] 7907
[1] 104  57
[1] 7908
[1] 104  47
[1] 7909
[1] 104  55
[1] 7910
[1] 104  73
[1] 7911
[1] 104  49
[1] 7912
[1] 104  80
[1] 7913
[1] 104  45
[1] 7914
[1] 104  76
[1] 7915
[1] 104  18
[1] 7916
[1] 104  91
[1] 7917
[1] 104  35
[1] 7918
[1] 104  26
[1] 7919
[1] 104  50
[1] 7920
[1] 104  66
[1] 7921
[1] 104  20
[1] 7922
[1] 104  19
[1] 7923
[1] 104  55
[1] 7924
[1] 104  23
[1] 7925
[1] 104  56
[1] 7926
[1] 104  21
[1] 7927
[1] 104  74
[1] 7928
[1] 104  94
[1] 7929
[1] 104  17
[1] 7930
[1] 104  78
[1] 7931
[1] 104  45
[1] 7932
[1] 104  62
[1] 7933
[1] 104  21
[1] 7934
[1] 104 198
[1] 7935
[1] 104  30
[1] 7936
[1] 104  66
[1] 7937
[1] 104  62
[1] 7938
[1] 104  46
[1] 7939
[1] 104  64
[1] 7940
[1] 104  20
[1] 7941
[1] 104  42
[1] 7942
[1] 104  18
[1] 7943
[1] 104  20
[1] 7944
[1] 104  42
[1] 7945
[1] 104  71
[1] 7946
[1] 104  66
[1] 7947
[1] 104  41
[1] 7948
[1] 104  42
[1] 7949
[1] 104  57
[1] 7950
[1] 104  26
[1] 7951
[1] 104  44
[1] 7952
[1] 104 104
[1] 7953
[1] 104  46
[1] 7954
[1] 104  41
[1] 7955
[1] 104  97
[1] 7956
[1] 104  52
[1] 7957
[1] 104  30
[1] 7958
[1] 104  73
[1] 7959
[1] 104  41
[1] 7960
[1] 104  10
[1] 7961
[1] 104   6
[1] 7962
[1] 104  31
[1] 7963
[1] 104  46
[1] 7964
[1] 104  33
[1] 7965
[1] 104  66
[1] 7966
[1] 104  67
[1] 7967
[1] 104  86
[1] 7968
[1] 104  59
[1] 7969
[1] 104  54
[1] 7970
[1] 104  72
[1] 7971
[1] 104  62
[1] 7972
[1] 104  64
[1] 7973
[1] 104  52
[1] 7974
[1] 104  25
[1] 7975
[1] 104  55
[1] 7976
[1] 104  33
[1] 7977
[1] 104  41
[1] 7978
[1] 104  20
[1] 7979
[1] 104  76
[1] 7980
[1] 104  73
[1] 7981
[1] 104  68
[1] 7982
[1] 104  50
[1] 7983
[1] 104  51
[1] 7984
[1] 104  29
[1] 7985
[1] 104  81
[1] 7986
[1] 104  81
[1] 7987
[1] 104  79
[1] 7988
[1] 104  31
[1] 7989
[1] 104  21
[1] 7990
[1] 104  67
[1] 7991
[1] 104  83
[1] 7992
[1] 104  38
[1] 7993
[1] 104  40
[1] 7994
[1] 104  59
[1] 7995
[1] 104  34
[1] 7996
[1] 104  34
[1] 7997
[1] 104  71
[1] 7998
[1] 104  34
[1] 7999
[1] 104  58
[1] 8000
[1] 104   9
