[1] 1201
[1] 104  44
[1] 1202
[1] 104  82
[1] 1203
[1] 104  40
[1] 1204
[1] 104  48
[1] 1205
[1] 104  60
[1] 1206
[1] 104  44
[1] 1207
[1] 104  83
[1] 1208
[1] 104  36
[1] 1209
[1] 104  29
[1] 1210
[1] 104  32
[1] 1211
[1] 104  31
[1] 1212
[1] 104 131
[1] 1213
[1] 104  84
[1] 1214
[1] 104  45
[1] 1215
[1] 104  18
[1] 1216
[1] 104  13
[1] 1217
[1] 104  40
[1] 1218
[1] 104  78
[1] 1219
[1] 104  36
[1] 1220
[1] 104  71
[1] 1221
[1] 104  37
[1] 1222
[1] 104  26
[1] 1223
[1] 104  36
[1] 1224
[1] 104  51
[1] 1225
[1] 104  51
[1] 1226
[1] 104  80
[1] 1227
[1] 104  41
[1] 1228
[1] 104  43
[1] 1229
[1] 104  60
[1] 1230
[1] 104  40
[1] 1231
[1] 104  81
[1] 1232
[1] 104  60
[1] 1233
[1] 104  50
[1] 1234
[1] 104  26
[1] 1235
[1] 104  30
[1] 1236
[1] 104  55
[1] 1237
[1] 104  55
[1] 1238
[1] 104  16
[1] 1239
[1] 104  20
[1] 1240
[1] 104  27
[1] 1241
[1] 104  24
[1] 1242
[1] 104  22
[1] 1243
[1] 104  47
[1] 1244
[1] 104  47
[1] 1245
[1] 104  78
[1] 1246
[1] 104  50
[1] 1247
[1] 104  36
[1] 1248
[1] 104  30
[1] 1249
[1] 104  75
[1] 1250
[1] 104  89
[1] 1251
[1] 104  46
[1] 1252
[1] 104  66
[1] 1253
[1] 104  73
[1] 1254
[1] 104  16
[1] 1255
[1] 104  52
[1] 1256
[1] 104  38
[1] 1257
[1] 104  75
[1] 1258
[1] 104  61
[1] 1259
[1] 104  73
[1] 1260
[1] 104  16
[1] 1261
[1] 104  10
[1] 1262
[1] 104  57
[1] 1263
[1] 104  53
[1] 1264
[1] 104  46
[1] 1265
[1] 104  55
[1] 1266
[1] 104  54
[1] 1267
[1] 104  51
[1] 1268
[1] 104  37
[1] 1269
[1] 104  50
[1] 1270
[1] 104  40
[1] 1271
[1] 104  38
[1] 1272
[1] 104  53
[1] 1273
[1] 104  46
[1] 1274
[1] 104  66
[1] 1275
[1] 104  39
[1] 1276
[1] 104  62
[1] 1277
[1] 104  71
[1] 1278
[1] 104  67
[1] 1279
[1] 104  77
[1] 1280
[1] 104  57
[1] 1281
[1] 104  42
[1] 1282
[1] 104  92
[1] 1283
[1] 104  64
[1] 1284
[1] 104  10
[1] 1285
[1] 104  41
[1] 1286
[1] 104  74
[1] 1287
[1] 104  94
[1] 1288
[1] 104  34
[1] 1289
[1] 104  45
[1] 1290
[1] 104  48
[1] 1291
[1] 104  45
[1] 1292
[1] 104  65
[1] 1293
[1] 104  69
[1] 1294
[1] 104 116
[1] 1295
[1] 104  65
[1] 1296
[1] 104  48
[1] 1297
[1] 104  38
[1] 1298
[1] 104  35
[1] 1299
[1] 104  40
[1] 1300
[1] 104  60
