[1] 10401
[1] 104  22
[1] 10402
[1] 104  39
[1] 10403
[1] 104  74
[1] 10404
[1] 104  54
[1] 10405
[1] 104  27
[1] 10406
[1] 104  41
[1] 10407
[1] 104  18
[1] 10408
[1] 104   1
[1] 10409
[1] 104  20
[1] 10410
[1] 104  66
[1] 10411
[1] 104  65
[1] 10412
[1] 104  45
[1] 10413
[1] 104  71
[1] 10414
[1] 104  32
[1] 10415
[1] 104  56
[1] 10416
[1] 104  17
[1] 10417
[1] 104  74
[1] 10418
[1] 104  27
[1] 10419
[1] 104  72
[1] 10420
[1] 104  55
[1] 10421
[1] 104  62
[1] 10422
[1] 104  31
[1] 10423
[1] 104  17
[1] 10424
[1] 104  27
[1] 10425
[1] 104  62
[1] 10426
[1] 104  30
[1] 10427
[1] 104  55
[1] 10428
[1] 104  61
[1] 10429
[1] 104  62
[1] 10430
[1] 104  52
[1] 10431
[1] 104  55
[1] 10432
[1] 104  29
[1] 10433
[1] 104  54
[1] 10434
[1] 104  54
[1] 10435
[1] 104  54
[1] 10436
[1] 104  51
[1] 10437
[1] 104  36
[1] 10438
[1] 104  45
[1] 10439
[1] 104  58
[1] 10440
[1] 104  16
[1] 10441
[1] 104  21
[1] 10442
[1] 104  46
[1] 10443
[1] 104  23
[1] 10444
[1] 104 113
[1] 10445
[1] 104  17
[1] 10446
[1] 104  37
[1] 10447
[1] 104  30
[1] 10448
[1] 104  42
[1] 10449
[1] 104  54
[1] 10450
[1] 104  18
[1] 10451
[1] 104  36
[1] 10452
[1] 104  68
[1] 10453
[1] 104  49
[1] 10454
[1] 104   1
[1] 10455
[1] 104  21
[1] 10456
[1] 104  32
[1] 10457
[1] 104  23
[1] 10458
[1] 104  51
[1] 10459
[1] 104  59
[1] 10460
[1] 104  55
[1] 10461
[1] 104  41
[1] 10462
[1] 104  37
[1] 10463
[1] 104  84
[1] 10464
[1] 104  73
[1] 10465
[1] 104  30
[1] 10466
[1] 104  63
[1] 10467
[1] 104  46
[1] 10468
[1] 104  47
[1] 10469
[1] 104 125
[1] 10470
[1] 104  37
[1] 10471
[1] 104  76
[1] 10472
[1] 104  39
[1] 10473
[1] 104  41
[1] 10474
[1] 104  62
[1] 10475
[1] 104  35
[1] 10476
[1] 104  31
[1] 10477
[1] 104  35
[1] 10478
[1] 104  32
[1] 10479
[1] 104  20
[1] 10480
[1] 104  38
[1] 10481
[1] 104  42
[1] 10482
[1] 104  14
[1] 10483
[1] 104  36
[1] 10484
[1] 104  92
[1] 10485
[1] 104  26
[1] 10486
[1] 104  41
[1] 10487
[1] 104  76
[1] 10488
[1] 104  54
[1] 10489
[1] 104  24
[1] 10490
[1] 104  29
[1] 10491
[1] 104  26
[1] 10492
[1] 104  65
[1] 10493
[1] 104  75
[1] 10494
[1] 104 324
[1] 10495
[1] 104  29
[1] 10496
[1] 104  42
[1] 10497
[1] 104  64
[1] 10498
[1] 104  54
[1] 10499
[1] 104  37
[1] 10500
[1] 104  26
