[1] 401
[1] 104  45
[1] 402
[1] 104  37
[1] 403
[1] 104  49
[1] 404
[1] 104  41
[1] 405
[1] 104  47
[1] 406
[1] 104 138
[1] 407
[1] 104  49
[1] 408
[1] 104  56
[1] 409
[1] 104  57
[1] 410
[1] 104  41
[1] 411
[1] 104  62
[1] 412
[1] 104  95
[1] 413
[1] 104  60
[1] 414
[1] 104  31
[1] 415
[1] 104  44
[1] 416
[1] 104  18
[1] 417
[1] 104  25
[1] 418
[1] 104  78
[1] 419
[1] 104  51
[1] 420
[1] 104 104
[1] 421
[1] 104  77
[1] 422
[1] 104  30
[1] 423
[1] 104  56
[1] 424
[1] 104  75
[1] 425
[1] 104 127
[1] 426
[1] 104  67
[1] 427
[1] 104  41
[1] 428
[1] 104  45
[1] 429
[1] 104  82
[1] 430
[1] 104  33
[1] 431
[1] 104  38
[1] 432
[1] 104  52
[1] 433
[1] 104  31
[1] 434
[1] 104  40
[1] 435
[1] 104  47
[1] 436
[1] 104  51
[1] 437
[1] 104  73
[1] 438
[1] 104 100
[1] 439
[1] 104  35
[1] 440
[1] 104  64
[1] 441
[1] 104  72
[1] 442
[1] 104  40
[1] 443
[1] 104  43
[1] 444
[1] 104  44
[1] 445
[1] 104  30
[1] 446
[1] 104  81
[1] 447
[1] 104  30
[1] 448
[1] 104  28
[1] 449
[1] 104  24
[1] 450
[1] 104  53
[1] 451
[1] 104  38
[1] 452
[1] 104  23
[1] 453
[1] 104  61
[1] 454
[1] 104  47
[1] 455
[1] 104  48
[1] 456
[1] 104  97
[1] 457
[1] 104 117
[1] 458
[1] 104  57
[1] 459
[1] 104  56
[1] 460
[1] 104  38
[1] 461
[1] 104  69
[1] 462
[1] 104  68
[1] 463
[1] 104  28
[1] 464
[1] 104  54
[1] 465
[1] 104  19
[1] 466
[1] 104  40
[1] 467
[1] 104  63
[1] 468
[1] 104  44
[1] 469
[1] 104  91
[1] 470
[1] 104  24
[1] 471
[1] 104  38
[1] 472
[1] 104 107
[1] 473
[1] 104  61
[1] 474
[1] 104  31
[1] 475
[1] 104  61
[1] 476
[1] 104  32
[1] 477
[1] 104  32
[1] 478
[1] 104  53
[1] 479
[1] 104  39
[1] 480
[1] 104  70
[1] 481
[1] 104  70
[1] 482
[1] 104  19
[1] 483
[1] 104  39
[1] 484
[1] 104  61
[1] 485
[1] 104  64
[1] 486
[1] 104  65
[1] 487
[1] 104  76
[1] 488
[1] 104  48
[1] 489
[1] 104  38
[1] 490
[1] 104  48
[1] 491
[1] 104  40
[1] 492
[1] 104 109
[1] 493
[1] 104  27
[1] 494
[1] 104  37
[1] 495
[1] 104  55
[1] 496
[1] 104  41
[1] 497
[1] 104  48
[1] 498
[1] 104  55
[1] 499
[1] 104  57
[1] 500
[1] 104  79
