[1] 9201
[1] 104  64
[1] 9202
[1] 104  41
[1] 9203
[1] 104  41
[1] 9204
[1] 104 171
[1] 9205
[1] 104  54
[1] 9206
[1] 104 255
[1] 9207
[1] 104  26
[1] 9208
[1] 104  54
[1] 9209
[1] 104  62
[1] 9210
[1] 104  17
[1] 9211
[1] 104  41
[1] 9212
[1] 104  50
[1] 9213
[1] 104  82
[1] 9214
[1] 104  43
[1] 9215
[1] 104  69
[1] 9216
[1] 104  35
[1] 9217
[1] 104  79
[1] 9218
[1] 104  19
[1] 9219
[1] 104 140
[1] 9220
[1] 104  77
[1] 9221
[1] 104  27
[1] 9222
[1] 104  40
[1] 9223
[1] 104  33
[1] 9224
[1] 104  57
[1] 9225
[1] 104  43
[1] 9226
[1] 104  55
[1] 9227
[1] 104  71
[1] 9228
[1] 104  46
[1] 9229
[1] 104  60
[1] 9230
[1] 104  24
[1] 9231
[1] 104  53
[1] 9232
[1] 104  42
[1] 9233
[1] 104  13
[1] 9234
[1] 104  92
[1] 9235
[1] 104  69
[1] 9236
[1] 104  18
[1] 9237
[1] 104  37
[1] 9238
[1] 104  34
[1] 9239
[1] 104  11
[1] 9240
[1] 104  17
[1] 9241
[1] 104  57
[1] 9242
[1] 104  51
[1] 9243
[1] 104   9
[1] 9244
[1] 104  26
[1] 9245
[1] 104  65
[1] 9246
[1] 104  58
[1] 9247
[1] 104  26
[1] 9248
[1] 104   2
[1] 9249
[1] 104  10
[1] 9250
[1] 104  36
[1] 9251
[1] 104  58
[1] 9252
[1] 104  29
[1] 9253
[1] 104  64
[1] 9254
[1] 104  40
[1] 9255
[1] 104  28
[1] 9256
[1] 104  27
[1] 9257
[1] 104  46
[1] 9258
[1] 104  76
[1] 9259
[1] 104  29
[1] 9260
[1] 104  47
[1] 9261
[1] 104  68
[1] 9262
[1] 104  59
[1] 9263
[1] 104  23
[1] 9264
[1] 104 292
[1] 9265
[1] 104  39
[1] 9266
[1] 104  71
[1] 9267
[1] 104  43
[1] 9268
[1] 104  58
[1] 9269
[1] 104  47
[1] 9270
[1] 104  47
[1] 9271
[1] 104  59
[1] 9272
[1] 104  67
[1] 9273
[1] 104  43
[1] 9274
[1] 104  67
[1] 9275
[1] 104  32
[1] 9276
[1] 104  37
[1] 9277
[1] 104  71
[1] 9278
[1] 104  29
[1] 9279
[1] 104  54
[1] 9280
[1] 104  47
[1] 9281
[1] 104  63
[1] 9282
[1] 104  50
[1] 9283
[1] 104  68
[1] 9284
[1] 104  50
[1] 9285
[1] 104  55
[1] 9286
[1] 104  52
[1] 9287
[1] 104  25
[1] 9288
[1] 104  87
[1] 9289
[1] 104  25
[1] 9290
[1] 104  22
[1] 9291
[1] 104  28
[1] 9292
[1] 104  86
[1] 9293
[1] 104  65
[1] 9294
[1] 104  35
[1] 9295
[1] 104  17
[1] 9296
[1] 104  24
[1] 9297
[1] 104  13
[1] 9298
[1] 104  73
[1] 9299
[1] 104  32
[1] 9300
[1] 104  44
