[1] 2701
[1] 104  49
[1] 2702
[1] 104  61
[1] 2703
[1] 104  45
[1] 2704
[1] 104  64
[1] 2705
[1] 104  42
[1] 2706
[1] 104  37
[1] 2707
[1] 104  46
[1] 2708
[1] 104  48
[1] 2709
[1] 104  26
[1] 2710
[1] 104  48
[1] 2711
[1] 104  49
[1] 2712
[1] 104  59
[1] 2713
[1] 104 109
[1] 2714
[1] 104  68
[1] 2715
[1] 104  21
[1] 2716
[1] 104  75
[1] 2717
[1] 104  29
[1] 2718
[1] 104  28
[1] 2719
[1] 104  25
[1] 2720
[1] 104  12
[1] 2721
[1] 104  18
[1] 2722
[1] 104  23
[1] 2723
[1] 104  52
[1] 2724
[1] 104  28
[1] 2725
[1] 104  27
[1] 2726
[1] 104  23
[1] 2727
[1] 104  58
[1] 2728
[1] 104  23
[1] 2729
[1] 104  27
[1] 2730
[1] 104  41
[1] 2731
[1] 104  46
[1] 2732
[1] 104  67
[1] 2733
[1] 104  75
[1] 2734
[1] 104  58
[1] 2735
[1] 104  60
[1] 2736
[1] 104  62
[1] 2737
[1] 104  84
[1] 2738
[1] 104  71
[1] 2739
[1] 104  46
[1] 2740
[1] 104  68
[1] 2741
[1] 104  63
[1] 2742
[1] 104  51
[1] 2743
[1] 104  83
[1] 2744
[1] 104  82
[1] 2745
[1] 104  44
[1] 2746
[1] 104  30
[1] 2747
[1] 104  49
[1] 2748
[1] 104  59
[1] 2749
[1] 104  31
[1] 2750
[1] 104  64
[1] 2751
[1] 104 176
[1] 2752
[1] 104  62
[1] 2753
[1] 104  60
[1] 2754
[1] 104  69
[1] 2755
[1] 104  64
[1] 2756
[1] 104  33
[1] 2757
[1] 104  59
[1] 2758
[1] 104  31
[1] 2759
[1] 104  14
[1] 2760
[1] 104  32
[1] 2761
[1] 104  51
[1] 2762
[1] 104  61
[1] 2763
[1] 104  51
[1] 2764
[1] 104  42
[1] 2765
[1] 104  51
[1] 2766
[1] 104  43
[1] 2767
[1] 104  47
[1] 2768
[1] 104  37
[1] 2769
[1] 104  33
[1] 2770
[1] 104  57
[1] 2771
[1] 104  67
[1] 2772
[1] 104  83
[1] 2773
[1] 104  55
[1] 2774
[1] 104  36
[1] 2775
[1] 104  60
[1] 2776
[1] 104  45
[1] 2777
[1] 104  80
[1] 2778
[1] 104  75
[1] 2779
[1] 104  68
[1] 2780
[1] 104  56
[1] 2781
[1] 104  62
[1] 2782
[1] 104  70
[1] 2783
[1] 104  68
[1] 2784
[1] 104  40
[1] 2785
[1] 104  26
[1] 2786
[1] 104  49
[1] 2787
[1] 104  24
[1] 2788
[1] 104  54
[1] 2789
[1] 104  73
[1] 2790
[1] 104  59
[1] 2791
[1] 104  78
[1] 2792
[1] 104  81
[1] 2793
[1] 104  35
[1] 2794
[1] 104  53
[1] 2795
[1] 104  33
[1] 2796
[1] 104  29
[1] 2797
[1] 104  57
[1] 2798
[1] 104  37
[1] 2799
[1] 104  69
[1] 2800
[1] 104  23
