[1] 1701
[1] 104  60
[1] 1702
[1] 104  22
[1] 1703
[1] 104  52
[1] 1704
[1] 104  53
[1] 1705
[1] 104  42
[1] 1706
[1] 104  64
[1] 1707
[1] 104  69
[1] 1708
[1] 104  37
[1] 1709
[1] 104  41
[1] 1710
[1] 104  47
[1] 1711
[1] 104  80
[1] 1712
[1] 104  67
[1] 1713
[1] 104  69
[1] 1714
[1] 104  76
[1] 1715
[1] 104  82
[1] 1716
[1] 104  42
[1] 1717
[1] 104  67
[1] 1718
[1] 104  51
[1] 1719
[1] 104  53
[1] 1720
[1] 104  59
[1] 1721
[1] 104  90
[1] 1722
[1] 104  52
[1] 1723
[1] 104  74
[1] 1724
[1] 104  30
[1] 1725
[1] 104  32
[1] 1726
[1] 104  37
[1] 1727
[1] 104  36
[1] 1728
[1] 104  53
[1] 1729
[1] 104  59
[1] 1730
[1] 104  35
[1] 1731
[1] 104  53
[1] 1732
[1] 104  36
[1] 1733
[1] 104  55
[1] 1734
[1] 104  55
[1] 1735
[1] 104 113
[1] 1736
[1] 104  41
[1] 1737
[1] 104  46
[1] 1738
[1] 104  40
[1] 1739
[1] 104  97
[1] 1740
[1] 104  85
[1] 1741
[1] 104  40
[1] 1742
[1] 104  37
[1] 1743
[1] 104  30
[1] 1744
[1] 104  54
[1] 1745
[1] 104  63
[1] 1746
[1] 104  75
[1] 1747
[1] 104  70
[1] 1748
[1] 104  39
[1] 1749
[1] 104  35
[1] 1750
[1] 104  51
[1] 1751
[1] 104  40
[1] 1752
[1] 104  45
[1] 1753
[1] 104  18
[1] 1754
[1] 104  19
[1] 1755
[1] 104   8
[1] 1756
[1] 104  42
[1] 1757
[1] 104  15
[1] 1758
[1] 104  90
[1] 1759
[1] 104  15
[1] 1760
[1] 104  43
[1] 1761
[1] 104  32
[1] 1762
[1] 104  30
[1] 1763
[1] 104  49
[1] 1764
[1] 104  54
[1] 1765
[1] 104  93
[1] 1766
[1] 104  51
[1] 1767
[1] 104  12
[1] 1768
[1] 104  10
[1] 1769
[1] 104  61
[1] 1770
[1] 104  10
[1] 1771
[1] 104  47
[1] 1772
[1] 104  56
[1] 1773
[1] 104  52
[1] 1774
[1] 104  31
[1] 1775
[1] 104  48
[1] 1776
[1] 104  63
[1] 1777
[1] 104  48
[1] 1778
[1] 104  41
[1] 1779
[1] 104  43
[1] 1780
[1] 104  46
[1] 1781
[1] 104  27
[1] 1782
[1] 104  22
[1] 1783
[1] 104  37
[1] 1784
[1] 104  23
[1] 1785
[1] 104  18
[1] 1786
[1] 104  18
[1] 1787
[1] 104  17
[1] 1788
[1] 104  18
[1] 1789
[1] 104  65
[1] 1790
[1] 104  96
[1] 1791
[1] 104 113
[1] 1792
[1] 104  52
[1] 1793
[1] 104  58
[1] 1794
[1] 104  35
[1] 1795
[1] 104 101
[1] 1796
[1] 104  28
[1] 1797
[1] 104 113
[1] 1798
[1] 104 123
[1] 1799
[1] 104  68
[1] 1800
[1] 104 123
