[1] 10001
[1] 104 379
[1] 10002
[1] 104  33
[1] 10003
[1] 104 269
[1] 10004
[1] 104 235
[1] 10005
[1] 104  42
[1] 10006
[1] 104  44
[1] 10007
[1] 104  46
[1] 10008
[1] 104 187
[1] 10009
[1] 104  74
[1] 10010
[1] 104 176
[1] 10011
[1] 104 173
[1] 10012
[1] 104 167
[1] 10013
[1] 104  27
[1] 10014
[1] 104 175
[1] 10015
[1] 104  51
[1] 10016
[1] 104 173
[1] 10017
[1] 104 168
[1] 10018
[1] 104 175
[1] 10019
[1] 104  48
[1] 10020
[1] 104 252
[1] 10021
[1] 104 246
[1] 10022
[1] 104 255
[1] 10023
[1] 104  57
[1] 10024
[1] 104  51
[1] 10025
[1] 104 436
[1] 10026
[1] 104 425
[1] 10027
[1] 104 418
[1] 10028
[1] 104 197
[1] 10029
[1] 104 193
[1] 10030
[1] 104 211
[1] 10031
[1] 104 214
[1] 10032
[1] 104 203
[1] 10033
[1] 104 190
[1] 10034
[1] 104  70
[1] 10035
[1] 104  71
[1] 10036
[1] 104 274
[1] 10037
[1] 104  31
[1] 10038
[1] 104  96
[1] 10039
[1] 104  41
[1] 10040
[1] 104 303
[1] 10041
[1] 104  22
[1] 10042
[1] 104  49
[1] 10043
[1] 104  27
[1] 10044
[1] 104  66
[1] 10045
[1] 104   1
[1] 10046
[1] 104  18
[1] 10047
[1] 104  29
[1] 10048
[1] 104  23
[1] 10049
[1] 104  24
[1] 10050
[1] 104  14
[1] 10051
[1] 104  36
[1] 10052
[1] 104  64
[1] 10053
[1] 104  46
[1] 10054
[1] 104  34
[1] 10055
[1] 104  56
[1] 10056
[1] 104  23
[1] 10057
[1] 104  50
[1] 10058
[1] 104  58
[1] 10059
[1] 104  31
[1] 10060
[1] 104  36
[1] 10061
[1] 104  65
[1] 10062
[1] 104  59
[1] 10063
[1] 104  53
[1] 10064
[1] 104  97
[1] 10065
[1] 104  34
[1] 10066
[1] 104  41
[1] 10067
[1] 104  59
[1] 10068
[1] 104  37
[1] 10069
[1] 104  40
[1] 10070
[1] 104  50
[1] 10071
[1] 104  18
[1] 10072
[1] 104  56
[1] 10073
[1] 104  13
[1] 10074
[1] 104  20
[1] 10075
[1] 104  25
[1] 10076
[1] 104  14
[1] 10077
[1] 104  32
[1] 10078
[1] 104  68
[1] 10079
[1] 104  39
[1] 10080
[1] 104  43
[1] 10081
[1] 104  33
[1] 10082
[1] 104  41
[1] 10083
[1] 104  28
[1] 10084
[1] 104  44
[1] 10085
[1] 104  57
[1] 10086
[1] 104  39
[1] 10087
[1] 104  59
[1] 10088
[1] 104  92
[1] 10089
[1] 104  64
[1] 10090
[1] 104  64
[1] 10091
[1] 104   0
[1] 10092
[1] 104   0
[1] 10093
[1] 104  58
[1] 10094
[1] 104  22
[1] 10095
[1] 104  45
[1] 10096
[1] 104  69
[1] 10097
[1] 104  47
[1] 10098
[1] 104  64
[1] 10099
[1] 104  60
[1] 10100
[1] 104  62
