[1] 7701
[1] 104  30
[1] 7702
[1] 104  38
[1] 7703
[1] 104  54
[1] 7704
[1] 104   3
[1] 7705
[1] 104  37
[1] 7706
[1] 104  51
[1] 7707
[1] 104  39
[1] 7708
[1] 104  49
[1] 7709
[1] 104  59
[1] 7710
[1] 104  57
[1] 7711
[1] 104  49
[1] 7712
[1] 104  94
[1] 7713
[1] 104  12
[1] 7714
[1] 104  61
[1] 7715
[1] 104  61
[1] 7716
[1] 104  48
[1] 7717
[1] 104  22
[1] 7718
[1] 104  21
[1] 7719
[1] 104  47
[1] 7720
[1] 104  48
[1] 7721
[1] 104  39
[1] 7722
[1] 104  26
[1] 7723
[1] 104  51
[1] 7724
[1] 104  21
[1] 7725
[1] 104  24
[1] 7726
[1] 104  22
[1] 7727
[1] 104  59
[1] 7728
[1] 104  81
[1] 7729
[1] 104  54
[1] 7730
[1] 104  52
[1] 7731
[1] 104  12
[1] 7732
[1] 104  51
[1] 7733
[1] 104  64
[1] 7734
[1] 104  34
[1] 7735
[1] 104  58
[1] 7736
[1] 104  57
[1] 7737
[1] 104  57
[1] 7738
[1] 104  57
[1] 7739
[1] 104  90
[1] 7740
[1] 104  60
[1] 7741
[1] 104  39
[1] 7742
[1] 104  82
[1] 7743
[1] 104  26
[1] 7744
[1] 104  25
[1] 7745
[1] 104  25
[1] 7746
[1] 104  45
[1] 7747
[1] 104 103
[1] 7748
[1] 104  58
[1] 7749
[1] 104  47
[1] 7750
[1] 104  40
[1] 7751
[1] 104  62
[1] 7752
[1] 104  47
[1] 7753
[1] 104  64
[1] 7754
[1] 104  71
[1] 7755
[1] 104  49
[1] 7756
[1] 104  40
[1] 7757
[1] 104  72
[1] 7758
[1] 104  64
[1] 7759
[1] 104  58
[1] 7760
[1] 104  22
[1] 7761
[1] 104  76
[1] 7762
[1] 104  74
[1] 7763
[1] 104  65
[1] 7764
[1] 104  37
[1] 7765
[1] 104  14
[1] 7766
[1] 104  42
[1] 7767
[1] 104  50
[1] 7768
[1] 104  61
[1] 7769
[1] 104  47
[1] 7770
[1] 104  67
[1] 7771
[1] 104  53
[1] 7772
[1] 104  10
[1] 7773
[1] 104  10
[1] 7774
[1] 104  41
[1] 7775
[1] 104  10
[1] 7776
[1] 104  41
[1] 7777
[1] 104  38
[1] 7778
[1] 104  38
[1] 7779
[1] 104  30
[1] 7780
[1] 104  31
[1] 7781
[1] 104  31
[1] 7782
[1] 104  27
[1] 7783
[1] 104  47
[1] 7784
[1] 104  35
[1] 7785
[1] 104  35
[1] 7786
[1] 104  64
[1] 7787
[1] 104  63
[1] 7788
[1] 104  37
[1] 7789
[1] 104  29
[1] 7790
[1] 104  83
[1] 7791
[1] 104  26
[1] 7792
[1] 104  18
[1] 7793
[1] 104  67
[1] 7794
[1] 104  27
[1] 7795
[1] 104  31
[1] 7796
[1] 104  26
[1] 7797
[1] 104  57
[1] 7798
[1] 104  64
[1] 7799
[1] 104  29
[1] 7800
[1] 104  78
