[1] 5201
[1] 104  59
[1] 5202
[1] 104  52
[1] 5203
[1] 104  63
[1] 5204
[1] 104  63
[1] 5205
[1] 104  27
[1] 5206
[1] 104  46
[1] 5207
[1] 104  51
[1] 5208
[1] 104  59
[1] 5209
[1] 104  70
[1] 5210
[1] 104  38
[1] 5211
[1] 104  46
[1] 5212
[1] 104  26
[1] 5213
[1] 104  40
[1] 5214
[1] 104  39
[1] 5215
[1] 104  25
[1] 5216
[1] 104  72
[1] 5217
[1] 104  28
[1] 5218
[1] 104  16
[1] 5219
[1] 104  13
[1] 5220
[1] 104  12
[1] 5221
[1] 104  30
[1] 5222
[1] 104  24
[1] 5223
[1] 104  39
[1] 5224
[1] 104  45
[1] 5225
[1] 104  36
[1] 5226
[1] 104  43
[1] 5227
[1] 104  65
[1] 5228
[1] 104  79
[1] 5229
[1] 104  35
[1] 5230
[1] 104  77
[1] 5231
[1] 104  47
[1] 5232
[1] 104  42
[1] 5233
[1] 104  43
[1] 5234
[1] 104  28
[1] 5235
[1] 104  76
[1] 5236
[1] 104  33
[1] 5237
[1] 104  32
[1] 5238
[1] 104  54
[1] 5239
[1] 104  28
[1] 5240
[1] 104  55
[1] 5241
[1] 104  42
[1] 5242
[1] 104  37
[1] 5243
[1] 104  31
[1] 5244
[1] 104  57
[1] 5245
[1] 104  77
[1] 5246
[1] 104  43
[1] 5247
[1] 104  49
[1] 5248
[1] 104  36
[1] 5249
[1] 104  38
[1] 5250
[1] 104  14
[1] 5251
[1] 104  78
[1] 5252
[1] 104  42
[1] 5253
[1] 104  37
[1] 5254
[1] 104  69
[1] 5255
[1] 104  39
[1] 5256
[1] 104  60
[1] 5257
[1] 104  59
[1] 5258
[1] 104  70
[1] 5259
[1] 104  65
[1] 5260
[1] 104  63
[1] 5261
[1] 104  79
[1] 5262
[1] 104  58
[1] 5263
[1] 104  84
[1] 5264
[1] 104  40
[1] 5265
[1] 104  47
[1] 5266
[1] 104  42
[1] 5267
[1] 104  62
[1] 5268
[1] 104  81
[1] 5269
[1] 104  45
[1] 5270
[1] 104  42
[1] 5271
[1] 104  80
[1] 5272
[1] 104  61
[1] 5273
[1] 104  49
[1] 5274
[1] 104 122
[1] 5275
[1] 104  63
[1] 5276
[1] 104  44
[1] 5277
[1] 104  58
[1] 5278
[1] 104  60
[1] 5279
[1] 104  64
[1] 5280
[1] 104  87
[1] 5281
[1] 104  44
[1] 5282
[1] 104  51
[1] 5283
[1] 104  54
[1] 5284
[1] 104  62
[1] 5285
[1] 104  67
[1] 5286
[1] 104  76
[1] 5287
[1] 104  43
[1] 5288
[1] 104  44
[1] 5289
[1] 104  24
[1] 5290
[1] 104  39
[1] 5291
[1] 104  45
[1] 5292
[1] 104  45
[1] 5293
[1] 104  43
[1] 5294
[1] 104  24
[1] 5295
[1] 104  45
[1] 5296
[1] 104  44
[1] 5297
[1] 104  31
[1] 5298
[1] 104  65
[1] 5299
[1] 104  59
[1] 5300
[1] 104  69
