[1] 5401
[1] 104  58
[1] 5402
[1] 104  57
[1] 5403
[1] 104  59
[1] 5404
[1] 104  57
[1] 5405
[1] 104  59
[1] 5406
[1] 104  60
[1] 5407
[1] 104  50
[1] 5408
[1] 104  54
[1] 5409
[1] 104  42
[1] 5410
[1] 104  44
[1] 5411
[1] 104  43
[1] 5412
[1] 104  37
[1] 5413
[1] 104  40
[1] 5414
[1] 104   8
[1] 5415
[1] 104  35
[1] 5416
[1] 104  28
[1] 5417
[1] 104  37
[1] 5418
[1] 104  48
[1] 5419
[1] 104  37
[1] 5420
[1] 104  29
[1] 5421
[1] 104  36
[1] 5422
[1] 104  31
[1] 5423
[1] 104  34
[1] 5424
[1] 104  38
[1] 5425
[1] 104  19
[1] 5426
[1] 104  37
[1] 5427
[1] 104  32
[1] 5428
[1] 104  36
[1] 5429
[1] 104  29
[1] 5430
[1] 104  44
[1] 5431
[1] 104  37
[1] 5432
[1] 104  35
[1] 5433
[1] 104  36
[1] 5434
[1] 104  30
[1] 5435
[1] 104  39
[1] 5436
[1] 104  32
[1] 5437
[1] 104  62
[1] 5438
[1] 104  59
[1] 5439
[1] 104  38
[1] 5440
[1] 104  39
[1] 5441
[1] 104  42
[1] 5442
[1] 104  54
[1] 5443
[1] 104  51
[1] 5444
[1] 104  66
[1] 5445
[1] 104  45
[1] 5446
[1] 104  40
[1] 5447
[1] 104  42
[1] 5448
[1] 104  15
[1] 5449
[1] 104  15
[1] 5450
[1] 104  28
[1] 5451
[1] 104  33
[1] 5452
[1] 104  25
[1] 5453
[1] 104  34
[1] 5454
[1] 104  17
[1] 5455
[1] 104  33
[1] 5456
[1] 104  17
[1] 5457
[1] 104  41
[1] 5458
[1] 104  34
[1] 5459
[1] 104  33
[1] 5460
[1] 104  17
[1] 5461
[1] 104  27
[1] 5462
[1] 104  41
[1] 5463
[1] 104  46
[1] 5464
[1] 104  62
[1] 5465
[1] 104  85
[1] 5466
[1] 104  60
[1] 5467
[1] 104  27
[1] 5468
[1] 104  51
[1] 5469
[1] 104  39
[1] 5470
[1] 104  51
[1] 5471
[1] 104  40
[1] 5472
[1] 104  57
[1] 5473
[1] 104  33
[1] 5474
[1] 104  35
[1] 5475
[1] 104  44
[1] 5476
[1] 104  57
[1] 5477
[1] 104  34
[1] 5478
[1] 104  48
[1] 5479
[1] 104  67
[1] 5480
[1] 104  62
[1] 5481
[1] 104  42
[1] 5482
[1] 104  45
[1] 5483
[1] 104  57
[1] 5484
[1] 104  47
[1] 5485
[1] 104  60
[1] 5486
[1] 104  38
[1] 5487
[1] 104  56
[1] 5488
[1] 104  52
[1] 5489
[1] 104  52
[1] 5490
[1] 104  64
[1] 5491
[1] 104  72
[1] 5492
[1] 104  57
[1] 5493
[1] 104  75
[1] 5494
[1] 104  46
[1] 5495
[1] 104  53
[1] 5496
[1] 104  82
[1] 5497
[1] 104  68
[1] 5498
[1] 104  64
[1] 5499
[1] 104  53
[1] 5500
[1] 104  48
