[1] 3001
[1] 104  44
[1] 3002
[1] 104  47
[1] 3003
[1] 104  58
[1] 3004
[1] 104  78
[1] 3005
[1] 104  56
[1] 3006
[1] 104  61
[1] 3007
[1] 104  64
[1] 3008
[1] 104  22
[1] 3009
[1] 104  43
[1] 3010
[1] 104  55
[1] 3011
[1] 104  53
[1] 3012
[1] 104  58
[1] 3013
[1] 104  34
[1] 3014
[1] 104  46
[1] 3015
[1] 104  42
[1] 3016
[1] 104  38
[1] 3017
[1] 104  69
[1] 3018
[1] 104  47
[1] 3019
[1] 104  32
[1] 3020
[1] 104  31
[1] 3021
[1] 104  44
[1] 3022
[1] 104  41
[1] 3023
[1] 104  38
[1] 3024
[1] 104  55
[1] 3025
[1] 104  59
[1] 3026
[1] 104  46
[1] 3027
[1] 104  41
[1] 3028
[1] 104  47
[1] 3029
[1] 104  44
[1] 3030
[1] 104  82
[1] 3031
[1] 104  83
[1] 3032
[1] 104 103
[1] 3033
[1] 104  10
[1] 3034
[1] 104  47
[1] 3035
[1] 104  21
[1] 3036
[1] 104  28
[1] 3037
[1] 104  27
[1] 3038
[1] 104   7
[1] 3039
[1] 104  21
[1] 3040
[1] 104  22
[1] 3041
[1] 104  28
[1] 3042
[1] 104  68
[1] 3043
[1] 104  35
[1] 3044
[1] 104  50
[1] 3045
[1] 104  70
[1] 3046
[1] 104  61
[1] 3047
[1] 104  42
[1] 3048
[1] 104  69
[1] 3049
[1] 104  75
[1] 3050
[1] 104  37
[1] 3051
[1] 104  65
[1] 3052
[1] 104  60
[1] 3053
[1] 104  57
[1] 3054
[1] 104  45
[1] 3055
[1] 104  54
[1] 3056
[1] 104  72
[1] 3057
[1] 104  86
[1] 3058
[1] 104  26
[1] 3059
[1] 104  18
[1] 3060
[1] 104  20
[1] 3061
[1] 104  23
[1] 3062
[1] 104  35
[1] 3063
[1] 104  46
[1] 3064
[1] 104  57
[1] 3065
[1] 104  45
[1] 3066
[1] 104  42
[1] 3067
[1] 104  33
[1] 3068
[1] 104  56
[1] 3069
[1] 104  31
[1] 3070
[1] 104  50
[1] 3071
[1] 104  92
[1] 3072
[1] 104  18
[1] 3073
[1] 104  24
[1] 3074
[1] 104  54
[1] 3075
[1] 104  45
[1] 3076
[1] 104  42
[1] 3077
[1] 104  46
[1] 3078
[1] 104  36
[1] 3079
[1] 104  54
[1] 3080
[1] 104  47
[1] 3081
[1] 104  36
[1] 3082
[1] 104  76
[1] 3083
[1] 104  78
[1] 3084
[1] 104  42
[1] 3085
[1] 104  86
[1] 3086
[1] 104  44
[1] 3087
[1] 104  45
[1] 3088
[1] 104  49
[1] 3089
[1] 104  60
[1] 3090
[1] 104  43
[1] 3091
[1] 104  58
[1] 3092
[1] 104  57
[1] 3093
[1] 104 119
[1] 3094
[1] 104  51
[1] 3095
[1] 104  38
[1] 3096
[1] 104  38
[1] 3097
[1] 104  44
[1] 3098
[1] 104  53
[1] 3099
[1] 104  37
[1] 3100
[1] 104  51
