[1] 9601
[1] 104  15
[1] 9602
[1] 104  23
[1] 9603
[1] 104  38
[1] 9604
[1] 104  37
[1] 9605
[1] 104  53
[1] 9606
[1] 104  49
[1] 9607
[1] 104  59
[1] 9608
[1] 104  38
[1] 9609
[1] 104  56
[1] 9610
[1] 104  41
[1] 9611
[1] 104  37
[1] 9612
[1] 104  19
[1] 9613
[1] 104  56
[1] 9614
[1] 104 110
[1] 9615
[1] 104  94
[1] 9616
[1] 104  95
[1] 9617
[1] 104  27
[1] 9618
[1] 104  43
[1] 9619
[1] 104  34
[1] 9620
[1] 104  44
[1] 9621
[1] 104  57
[1] 9622
[1] 104  29
[1] 9623
[1] 104  45
[1] 9624
[1] 104  46
[1] 9625
[1] 104  36
[1] 9626
[1] 104  42
[1] 9627
[1] 104  39
[1] 9628
[1] 104  19
[1] 9629
[1] 104  76
[1] 9630
[1] 104  55
[1] 9631
[1] 104  12
[1] 9632
[1] 104  52
[1] 9633
[1] 104  65
[1] 9634
[1] 104  38
[1] 9635
[1] 104  49
[1] 9636
[1] 104  38
[1] 9637
[1] 104  46
[1] 9638
[1] 104  46
[1] 9639
[1] 104  57
[1] 9640
[1] 104  39
[1] 9641
[1] 104  26
[1] 9642
[1] 104  44
[1] 9643
[1] 104  10
[1] 9644
[1] 104  33
[1] 9645
[1] 104  41
[1] 9646
[1] 104  65
[1] 9647
[1] 104  50
[1] 9648
[1] 104  42
[1] 9649
[1] 104  53
[1] 9650
[1] 104  19
[1] 9651
[1] 104  86
[1] 9652
[1] 104  42
[1] 9653
[1] 104  40
[1] 9654
[1] 104  17
[1] 9655
[1] 104  60
[1] 9656
[1] 104  35
[1] 9657
[1] 104  34
[1] 9658
[1] 104  87
[1] 9659
[1] 104  30
[1] 9660
[1] 104  36
[1] 9661
[1] 104  32
[1] 9662
[1] 104  71
[1] 9663
[1] 104  37
[1] 9664
[1] 104  18
[1] 9665
[1] 104  48
[1] 9666
[1] 104  38
[1] 9667
[1] 104  69
[1] 9668
[1] 104  47
[1] 9669
[1] 104  32
[1] 9670
[1] 104  43
[1] 9671
[1] 104  93
[1] 9672
[1] 104  26
[1] 9673
[1] 104  60
[1] 9674
[1] 104  11
[1] 9675
[1] 104  37
[1] 9676
[1] 104  35
[1] 9677
[1] 104  97
[1] 9678
[1] 104  74
[1] 9679
[1] 104  41
[1] 9680
[1] 104  26
[1] 9681
[1] 104  62
[1] 9682
[1] 104  52
[1] 9683
[1] 104  42
[1] 9684
[1] 104  53
[1] 9685
[1] 104  35
[1] 9686
[1] 104  66
[1] 9687
[1] 104  24
[1] 9688
[1] 104  47
[1] 9689
[1] 104 128
[1] 9690
[1] 104  43
[1] 9691
[1] 104  66
[1] 9692
[1] 104  40
[1] 9693
[1] 104  14
[1] 9694
[1] 104  50
[1] 9695
[1] 104  67
[1] 9696
[1] 104  46
[1] 9697
[1] 104  32
[1] 9698
[1] 104  76
[1] 9699
[1] 104  62
[1] 9700
[1] 104  27
