[1] 4401
[1] 104  39
[1] 4402
[1] 104  36
[1] 4403
[1] 104  40
[1] 4404
[1] 104  39
[1] 4405
[1] 104  40
[1] 4406
[1] 104  92
[1] 4407
[1] 104  58
[1] 4408
[1] 104  42
[1] 4409
[1] 104  44
[1] 4410
[1] 104  37
[1] 4411
[1] 104  44
[1] 4412
[1] 104  35
[1] 4413
[1] 104 104
[1] 4414
[1] 104  75
[1] 4415
[1] 104  37
[1] 4416
[1] 104  33
[1] 4417
[1] 104  36
[1] 4418
[1] 104  40
[1] 4419
[1] 104  40
[1] 4420
[1] 104  36
[1] 4421
[1] 104  45
[1] 4422
[1] 104  67
[1] 4423
[1] 104  54
[1] 4424
[1] 104  60
[1] 4425
[1] 104  60
[1] 4426
[1] 104  64
[1] 4427
[1] 104  55
[1] 4428
[1] 104  43
[1] 4429
[1] 104  43
[1] 4430
[1] 104  46
[1] 4431
[1] 104  58
[1] 4432
[1] 104  37
[1] 4433
[1] 104  54
[1] 4434
[1] 104  58
[1] 4435
[1] 104  61
[1] 4436
[1] 104 107
[1] 4437
[1] 104  43
[1] 4438
[1] 104  52
[1] 4439
[1] 104  55
[1] 4440
[1] 104  74
[1] 4441
[1] 104  24
[1] 4442
[1] 104  47
[1] 4443
[1] 104  84
[1] 4444
[1] 104  51
[1] 4445
[1] 104  46
[1] 4446
[1] 104  90
[1] 4447
[1] 104  55
[1] 4448
[1] 104  49
[1] 4449
[1] 104  29
[1] 4450
[1] 104  30
[1] 4451
[1] 104  61
[1] 4452
[1] 104  37
[1] 4453
[1] 104  50
[1] 4454
[1] 104  37
[1] 4455
[1] 104  67
[1] 4456
[1] 104  70
[1] 4457
[1] 104  76
[1] 4458
[1] 104  38
[1] 4459
[1] 104  46
[1] 4460
[1] 104  45
[1] 4461
[1] 104  39
[1] 4462
[1] 104  87
[1] 4463
[1] 104  30
[1] 4464
[1] 104  65
[1] 4465
[1] 104  17
[1] 4466
[1] 104  70
[1] 4467
[1] 104  86
[1] 4468
[1] 104  66
[1] 4469
[1] 104  75
[1] 4470
[1] 104  81
[1] 4471
[1] 104  69
[1] 4472
[1] 104  49
[1] 4473
[1] 104  17
[1] 4474
[1] 104  51
[1] 4475
[1] 104  66
[1] 4476
[1] 104  41
[1] 4477
[1] 104  96
[1] 4478
[1] 104  20
[1] 4479
[1] 104  34
[1] 4480
[1] 104  34
[1] 4481
[1] 104  65
[1] 4482
[1] 104  21
[1] 4483
[1] 104  52
[1] 4484
[1] 104  53
[1] 4485
[1] 104  63
[1] 4486
[1] 104  40
[1] 4487
[1] 104  10
[1] 4488
[1] 104  24
[1] 4489
[1] 104  16
[1] 4490
[1] 104  67
[1] 4491
[1] 104  43
[1] 4492
[1] 104  48
[1] 4493
[1] 104  48
[1] 4494
[1] 104  40
[1] 4495
[1] 104  48
[1] 4496
[1] 104  39
[1] 4497
[1] 104  27
[1] 4498
[1] 104  46
[1] 4499
[1] 104  70
[1] 4500
[1] 104  66
