[1] 10301
[1] 104  65
[1] 10302
[1] 104  65
[1] 10303
[1] 104  55
[1] 10304
[1] 104  25
[1] 10305
[1] 104  15
[1] 10306
[1] 104  37
[1] 10307
[1] 104  21
[1] 10308
[1] 104  11
[1] 10309
[1] 104  68
[1] 10310
[1] 104  14
[1] 10311
[1] 104  36
[1] 10312
[1] 104  32
[1] 10313
[1] 104  23
[1] 10314
[1] 104 112
[1] 10315
[1] 104  43
[1] 10316
[1] 104  21
[1] 10317
[1] 104  52
[1] 10318
[1] 104  64
[1] 10319
[1] 104  35
[1] 10320
[1] 104  26
[1] 10321
[1] 104  24
[1] 10322
[1] 104  58
[1] 10323
[1] 104  26
[1] 10324
[1] 104  69
[1] 10325
[1] 104  73
[1] 10326
[1] 104  62
[1] 10327
[1] 104  17
[1] 10328
[1] 104  21
[1] 10329
[1] 104  78
[1] 10330
[1] 104  49
[1] 10331
[1] 104  70
[1] 10332
[1] 104  57
[1] 10333
[1] 104  30
[1] 10334
[1] 104  67
[1] 10335
[1] 104  69
[1] 10336
[1] 104  26
[1] 10337
[1] 104  46
[1] 10338
[1] 104  31
[1] 10339
[1] 104  21
[1] 10340
[1] 104  38
[1] 10341
[1] 104  88
[1] 10342
[1] 104  34
[1] 10343
[1] 104  49
[1] 10344
[1] 104  11
[1] 10345
[1] 104  57
[1] 10346
[1] 104  79
[1] 10347
[1] 104  39
[1] 10348
[1] 104  30
[1] 10349
[1] 104  29
[1] 10350
[1] 104  40
[1] 10351
[1] 104  82
[1] 10352
[1] 104  29
[1] 10353
[1] 104  68
[1] 10354
[1] 104  56
[1] 10355
[1] 104  16
[1] 10356
[1] 104  34
[1] 10357
[1] 104  50
[1] 10358
[1] 104  29
[1] 10359
[1] 104   3
[1] 10360
[1] 104  58
[1] 10361
[1] 104  46
[1] 10362
[1] 104  37
[1] 10363
[1] 104  69
[1] 10364
[1] 104  27
[1] 10365
[1] 104  27
[1] 10366
[1] 104  57
[1] 10367
[1] 104  49
[1] 10368
[1] 104  54
[1] 10369
[1] 104  73
[1] 10370
[1] 104  47
[1] 10371
[1] 104  67
[1] 10372
[1] 104  19
[1] 10373
[1] 104  49
[1] 10374
[1] 104  16
[1] 10375
[1] 104 113
[1] 10376
[1] 104  34
[1] 10377
[1] 104  21
[1] 10378
[1] 104  41
[1] 10379
[1] 104  49
[1] 10380
[1] 104  28
[1] 10381
[1] 104  45
[1] 10382
[1] 104  27
[1] 10383
[1] 104  63
[1] 10384
[1] 104  24
[1] 10385
[1] 104  51
[1] 10386
[1] 104 120
[1] 10387
[1] 104  15
[1] 10388
[1] 104  43
[1] 10389
[1] 104  53
[1] 10390
[1] 104  58
[1] 10391
[1] 104  70
[1] 10392
[1] 104  35
[1] 10393
[1] 104  42
[1] 10394
[1] 104  33
[1] 10395
[1] 104  46
[1] 10396
[1] 104  50
[1] 10397
[1] 104  55
[1] 10398
[1] 104  61
[1] 10399
[1] 104  53
[1] 10400
[1] 104  17
