[1] 3101
[1] 104 125
[1] 3102
[1] 104  51
[1] 3103
[1] 104  49
[1] 3104
[1] 104  61
[1] 3105
[1] 104  15
[1] 3106
[1] 104  62
[1] 3107
[1] 104  56
[1] 3108
[1] 104  20
[1] 3109
[1] 104  52
[1] 3110
[1] 104  42
[1] 3111
[1] 104  30
[1] 3112
[1] 104  35
[1] 3113
[1] 104  51
[1] 3114
[1] 104  23
[1] 3115
[1] 104  21
[1] 3116
[1] 104  47
[1] 3117
[1] 104  46
[1] 3118
[1] 104  46
[1] 3119
[1] 104  39
[1] 3120
[1] 104  36
[1] 3121
[1] 104  35
[1] 3122
[1] 104  35
[1] 3123
[1] 104  45
[1] 3124
[1] 104  24
[1] 3125
[1] 104  26
[1] 3126
[1] 104  33
[1] 3127
[1] 104  51
[1] 3128
[1] 104  56
[1] 3129
[1] 104  55
[1] 3130
[1] 104  47
[1] 3131
[1] 104  45
[1] 3132
[1] 104  27
[1] 3133
[1] 104  19
[1] 3134
[1] 104  59
[1] 3135
[1] 104  79
[1] 3136
[1] 104  48
[1] 3137
[1] 104  53
[1] 3138
[1] 104  58
[1] 3139
[1] 104  32
[1] 3140
[1] 104  43
[1] 3141
[1] 104  36
[1] 3142
[1] 104  14
[1] 3143
[1] 104  54
[1] 3144
[1] 104  52
[1] 3145
[1] 104  56
[1] 3146
[1] 104  51
[1] 3147
[1] 104  51
[1] 3148
[1] 104  37
[1] 3149
[1] 104  52
[1] 3150
[1] 104  35
[1] 3151
[1] 104  33
[1] 3152
[1] 104  47
[1] 3153
[1] 104  45
[1] 3154
[1] 104  59
[1] 3155
[1] 104  57
[1] 3156
[1] 104  69
[1] 3157
[1] 104  26
[1] 3158
[1] 104  65
[1] 3159
[1] 104  21
[1] 3160
[1] 104  19
[1] 3161
[1] 104  20
[1] 3162
[1] 104  48
[1] 3163
[1] 104  42
[1] 3164
[1] 104  21
[1] 3165
[1] 104  10
[1] 3166
[1] 104  53
[1] 3167
[1] 104  58
[1] 3168
[1] 104  54
[1] 3169
[1] 104  20
[1] 3170
[1] 104  64
[1] 3171
[1] 104  65
[1] 3172
[1] 104  30
[1] 3173
[1] 104  64
[1] 3174
[1] 104  43
[1] 3175
[1] 104  31
[1] 3176
[1] 104  81
[1] 3177
[1] 104  38
[1] 3178
[1] 104  38
[1] 3179
[1] 104  43
[1] 3180
[1] 104  86
[1] 3181
[1] 104  44
[1] 3182
[1] 104  62
[1] 3183
[1] 104  71
[1] 3184
[1] 104  50
[1] 3185
[1] 104  61
[1] 3186
[1] 104  70
[1] 3187
[1] 104  57
[1] 3188
[1] 104  46
[1] 3189
[1] 104  72
[1] 3190
[1] 104  50
[1] 3191
[1] 104  21
[1] 3192
[1] 104  22
[1] 3193
[1] 104  32
[1] 3194
[1] 104  52
[1] 3195
[1] 104  39
[1] 3196
[1] 104  51
[1] 3197
[1] 104  47
[1] 3198
[1] 104  32
[1] 3199
[1] 104  69
[1] 3200
[1] 104  20
