[1] 9501
[1] 104  63
[1] 9502
[1] 104  23
[1] 9503
[1] 104  44
[1] 9504
[1] 104  28
[1] 9505
[1] 104  74
[1] 9506
[1] 104  48
[1] 9507
[1] 104  46
[1] 9508
[1] 104  14
[1] 9509
[1] 104  14
[1] 9510
[1] 104 343
[1] 9511
[1] 104  96
[1] 9512
[1] 104  74
[1] 9513
[1] 104  20
[1] 9514
[1] 104  51
[1] 9515
[1] 104  37
[1] 9516
[1] 104  42
[1] 9517
[1] 104  23
[1] 9518
[1] 104  47
[1] 9519
[1] 104  45
[1] 9520
[1] 104  57
[1] 9521
[1] 104  30
[1] 9522
[1] 104  51
[1] 9523
[1] 104  60
[1] 9524
[1] 104  86
[1] 9525
[1] 104  43
[1] 9526
[1] 104  57
[1] 9527
[1] 104  55
[1] 9528
[1] 104  28
[1] 9529
[1] 104  33
[1] 9530
[1] 104  31
[1] 9531
[1] 104  68
[1] 9532
[1] 104  67
[1] 9533
[1] 104  40
[1] 9534
[1] 104  11
[1] 9535
[1] 104  73
[1] 9536
[1] 104  35
[1] 9537
[1] 104  21
[1] 9538
[1] 104  20
[1] 9539
[1] 104  14
[1] 9540
[1] 104   8
[1] 9541
[1] 104  59
[1] 9542
[1] 104  26
[1] 9543
[1] 104  19
[1] 9544
[1] 104  39
[1] 9545
[1] 104  37
[1] 9546
[1] 104  68
[1] 9547
[1] 104  55
[1] 9548
[1] 104  64
[1] 9549
[1] 104  68
[1] 9550
[1] 104  20
[1] 9551
[1] 104  30
[1] 9552
[1] 104  21
[1] 9553
[1] 104  69
[1] 9554
[1] 104  59
[1] 9555
[1] 104  47
[1] 9556
[1] 104  76
[1] 9557
[1] 104  60
[1] 9558
[1] 104  23
[1] 9559
[1] 104  71
[1] 9560
[1] 104  60
[1] 9561
[1] 104  93
[1] 9562
[1] 104  26
[1] 9563
[1] 104  49
[1] 9564
[1] 104  43
[1] 9565
[1] 104  52
[1] 9566
[1] 104  39
[1] 9567
[1] 104  21
[1] 9568
[1] 104  35
[1] 9569
[1] 104  32
[1] 9570
[1] 104  56
[1] 9571
[1] 104  51
[1] 9572
[1] 104  93
[1] 9573
[1] 104  16
[1] 9574
[1] 104  59
[1] 9575
[1] 104  35
[1] 9576
[1] 104  14
[1] 9577
[1] 104  62
[1] 9578
[1] 104  37
[1] 9579
[1] 104  98
[1] 9580
[1] 104  40
[1] 9581
[1] 104  58
[1] 9582
[1] 104   5
[1] 9583
[1] 104  36
[1] 9584
[1] 104  30
[1] 9585
[1] 104  69
[1] 9586
[1] 104  39
[1] 9587
[1] 104  14
[1] 9588
[1] 104  71
[1] 9589
[1] 104  79
[1] 9590
[1] 104  48
[1] 9591
[1] 104  45
[1] 9592
[1] 104  38
[1] 9593
[1] 104  62
[1] 9594
[1] 104   9
[1] 9595
[1] 104  43
[1] 9596
[1] 104  75
[1] 9597
[1] 104  44
[1] 9598
[1] 104  64
[1] 9599
[1] 104   6
[1] 9600
[1] 104  35
