[1] 7501
[1] 104  36
[1] 7502
[1] 104  33
[1] 7503
[1] 104  78
[1] 7504
[1] 104  55
[1] 7505
[1] 104  28
[1] 7506
[1] 104  19
[1] 7507
[1] 104  36
[1] 7508
[1] 104 130
[1] 7509
[1] 104  39
[1] 7510
[1] 104  73
[1] 7511
[1] 104  43
[1] 7512
[1] 104  77
[1] 7513
[1] 104  56
[1] 7514
[1] 104  32
[1] 7515
[1] 104  81
[1] 7516
[1] 104  64
[1] 7517
[1] 104  25
[1] 7518
[1] 104  52
[1] 7519
[1] 104  63
[1] 7520
[1] 104  48
[1] 7521
[1] 104  66
[1] 7522
[1] 104  30
[1] 7523
[1] 104  31
[1] 7524
[1] 104  32
[1] 7525
[1] 104  26
[1] 7526
[1] 104  87
[1] 7527
[1] 104  79
[1] 7528
[1] 104  64
[1] 7529
[1] 104  59
[1] 7530
[1] 104  46
[1] 7531
[1] 104  50
[1] 7532
[1] 104  76
[1] 7533
[1] 104  69
[1] 7534
[1] 104  64
[1] 7535
[1] 104  65
[1] 7536
[1] 104  59
[1] 7537
[1] 104  27
[1] 7538
[1] 104  52
[1] 7539
[1] 104  53
[1] 7540
[1] 104  34
[1] 7541
[1] 104  26
[1] 7542
[1] 104  19
[1] 7543
[1] 104  32
[1] 7544
[1] 104  30
[1] 7545
[1] 104  22
[1] 7546
[1] 104  24
[1] 7547
[1] 104  67
[1] 7548
[1] 104  70
[1] 7549
[1] 104  66
[1] 7550
[1] 104  49
[1] 7551
[1] 104  67
[1] 7552
[1] 104  49
[1] 7553
[1] 104  54
[1] 7554
[1] 104  54
[1] 7555
[1] 104  45
[1] 7556
[1] 104  66
[1] 7557
[1] 104  65
[1] 7558
[1] 104   8
[1] 7559
[1] 104 131
[1] 7560
[1] 104  35
[1] 7561
[1] 104  63
[1] 7562
[1] 104  47
[1] 7563
[1] 104  52
[1] 7564
[1] 104  45
[1] 7565
[1] 104  45
[1] 7566
[1] 104  89
[1] 7567
[1] 104  58
[1] 7568
[1] 104  58
[1] 7569
[1] 104  57
[1] 7570
[1] 104  63
[1] 7571
[1] 104  62
[1] 7572
[1] 104  80
[1] 7573
[1] 104  83
[1] 7574
[1] 104  61
[1] 7575
[1] 104  64
[1] 7576
[1] 104  27
[1] 7577
[1] 104  27
[1] 7578
[1] 104  76
[1] 7579
[1] 104  69
[1] 7580
[1] 104  47
[1] 7581
[1] 104  46
[1] 7582
[1] 104  54
[1] 7583
[1] 104  47
[1] 7584
[1] 104  93
[1] 7585
[1] 104  90
[1] 7586
[1] 104  75
[1] 7587
[1] 104  33
[1] 7588
[1] 104  60
[1] 7589
[1] 104  72
[1] 7590
[1] 104  48
[1] 7591
[1] 104  44
[1] 7592
[1] 104  39
[1] 7593
[1] 104  37
[1] 7594
[1] 104  39
[1] 7595
[1] 104  26
[1] 7596
[1] 104  59
[1] 7597
[1] 104  69
[1] 7598
[1] 104  46
[1] 7599
[1] 104  44
[1] 7600
[1] 104  39
