[1] 8801
[1] 104  58
[1] 8802
[1] 104  35
[1] 8803
[1] 104  41
[1] 8804
[1] 104  58
[1] 8805
[1] 104  61
[1] 8806
[1] 104  43
[1] 8807
[1] 104  38
[1] 8808
[1] 104  66
[1] 8809
[1] 104  44
[1] 8810
[1] 104  56
[1] 8811
[1] 104  49
[1] 8812
[1] 104  25
[1] 8813
[1] 104  63
[1] 8814
[1] 104  40
[1] 8815
[1] 104  33
[1] 8816
[1] 104  29
[1] 8817
[1] 104  33
[1] 8818
[1] 104  56
[1] 8819
[1] 104  40
[1] 8820
[1] 104  67
[1] 8821
[1] 104  37
[1] 8822
[1] 104  59
[1] 8823
[1] 104  83
[1] 8824
[1] 104  52
[1] 8825
[1] 104  46
[1] 8826
[1] 104  75
[1] 8827
[1] 104  44
[1] 8828
[1] 104  55
[1] 8829
[1] 104  45
[1] 8830
[1] 104  48
[1] 8831
[1] 104  75
[1] 8832
[1] 104  46
[1] 8833
[1] 104  58
[1] 8834
[1] 104  69
[1] 8835
[1] 104  30
[1] 8836
[1] 104  30
[1] 8837
[1] 104  41
[1] 8838
[1] 104  45
[1] 8839
[1] 104  34
[1] 8840
[1] 104  50
[1] 8841
[1] 104  37
[1] 8842
[1] 104  52
[1] 8843
[1] 104  86
[1] 8844
[1] 104  18
[1] 8845
[1] 104  52
[1] 8846
[1] 104  80
[1] 8847
[1] 104  21
[1] 8848
[1] 104  48
[1] 8849
[1] 104  18
[1] 8850
[1] 104  48
[1] 8851
[1] 104  71
[1] 8852
[1] 104  22
[1] 8853
[1] 104  35
[1] 8854
[1] 104  77
[1] 8855
[1] 104  34
[1] 8856
[1] 104  27
[1] 8857
[1] 104  18
[1] 8858
[1] 104  48
[1] 8859
[1] 104  25
[1] 8860
[1] 104  40
[1] 8861
[1] 104  79
[1] 8862
[1] 104  41
[1] 8863
[1] 104  40
[1] 8864
[1] 104  31
[1] 8865
[1] 104  59
[1] 8866
[1] 104  46
[1] 8867
[1] 104  58
[1] 8868
[1] 104  66
[1] 8869
[1] 104  37
[1] 8870
[1] 104  29
[1] 8871
[1] 104  33
[1] 8872
[1] 104  32
[1] 8873
[1] 104  48
[1] 8874
[1] 104  37
[1] 8875
[1] 104  47
[1] 8876
[1] 104  56
[1] 8877
[1] 104  65
[1] 8878
[1] 104  64
[1] 8879
[1] 104  60
[1] 8880
[1] 104  52
[1] 8881
[1] 104  72
[1] 8882
[1] 104  59
[1] 8883
[1] 104  54
[1] 8884
[1] 104  66
[1] 8885
[1] 104  32
[1] 8886
[1] 104  66
[1] 8887
[1] 104  44
[1] 8888
[1] 104  36
[1] 8889
[1] 104  50
[1] 8890
[1] 104  77
[1] 8891
[1] 104  35
[1] 8892
[1] 104  47
[1] 8893
[1] 104  41
[1] 8894
[1] 104  72
[1] 8895
[1] 104  13
[1] 8896
[1] 104  22
[1] 8897
[1] 104 129
[1] 8898
[1] 104  17
[1] 8899
[1] 104  74
[1] 8900
[1] 104  32
