[1] 6001
[1] 104  42
[1] 6002
[1] 104  46
[1] 6003
[1] 104  85
[1] 6004
[1] 104  60
[1] 6005
[1] 104  35
[1] 6006
[1] 104  36
[1] 6007
[1] 104  94
[1] 6008
[1] 104 100
[1] 6009
[1] 104  56
[1] 6010
[1] 104  51
[1] 6011
[1] 104  77
[1] 6012
[1] 104  64
[1] 6013
[1] 104  46
[1] 6014
[1] 104  71
[1] 6015
[1] 104  65
[1] 6016
[1] 104  68
[1] 6017
[1] 104  54
[1] 6018
[1] 104 203
[1] 6019
[1] 104  41
[1] 6020
[1] 104  51
[1] 6021
[1] 104  50
[1] 6022
[1] 104  49
[1] 6023
[1] 104  58
[1] 6024
[1] 104  69
[1] 6025
[1] 104  61
[1] 6026
[1] 104  40
[1] 6027
[1] 104  41
[1] 6028
[1] 104  46
[1] 6029
[1] 104  63
[1] 6030
[1] 104  70
[1] 6031
[1] 104  53
[1] 6032
[1] 104  59
[1] 6033
[1] 104  27
[1] 6034
[1] 104  38
[1] 6035
[1] 104  88
[1] 6036
[1] 104  48
[1] 6037
[1] 104  68
[1] 6038
[1] 104  59
[1] 6039
[1] 104  67
[1] 6040
[1] 104  58
[1] 6041
[1] 104  55
[1] 6042
[1] 104 121
[1] 6043
[1] 104  48
[1] 6044
[1] 104  54
[1] 6045
[1] 104  44
[1] 6046
[1] 104  96
[1] 6047
[1] 104 228
[1] 6048
[1] 104  46
[1] 6049
[1] 104 115
[1] 6050
[1] 104  71
[1] 6051
[1] 104  15
[1] 6052
[1] 104  41
[1] 6053
[1] 104  64
[1] 6054
[1] 104  68
[1] 6055
[1] 104  68
[1] 6056
[1] 104  61
[1] 6057
[1] 104  43
[1] 6058
[1] 104  66
[1] 6059
[1] 104  54
[1] 6060
[1] 104  68
[1] 6061
[1] 104  24
[1] 6062
[1] 104  18
[1] 6063
[1] 104  25
[1] 6064
[1] 104  85
[1] 6065
[1] 104  34
[1] 6066
[1] 104  72
[1] 6067
[1] 104  46
[1] 6068
[1] 104  40
[1] 6069
[1] 104  40
[1] 6070
[1] 104 127
[1] 6071
[1] 104  46
[1] 6072
[1] 104  47
[1] 6073
[1] 104  39
[1] 6074
[1] 104  38
[1] 6075
[1] 104  45
[1] 6076
[1] 104  61
[1] 6077
[1] 104  61
[1] 6078
[1] 104  69
[1] 6079
[1] 104  65
[1] 6080
[1] 104  57
[1] 6081
[1] 104  54
[1] 6082
[1] 104  40
[1] 6083
[1] 104  77
[1] 6084
[1] 104  51
[1] 6085
[1] 104  55
[1] 6086
[1] 104  68
[1] 6087
[1] 104  66
[1] 6088
[1] 104  70
[1] 6089
[1] 104  66
[1] 6090
[1] 104  50
[1] 6091
[1] 104  55
[1] 6092
[1] 104  67
[1] 6093
[1] 104  71
[1] 6094
[1] 104  62
[1] 6095
[1] 104  63
[1] 6096
[1] 104  60
[1] 6097
[1] 104  71
[1] 6098
[1] 104  70
[1] 6099
[1] 104  75
[1] 6100
[1] 104  41
