[1] 4101
[1] 104  73
[1] 4102
[1] 104  66
[1] 4103
[1] 104  63
[1] 4104
[1] 104  47
[1] 4105
[1] 104  50
[1] 4106
[1] 104  42
[1] 4107
[1] 104  43
[1] 4108
[1] 104  53
[1] 4109
[1] 104  42
[1] 4110
[1] 104  27
[1] 4111
[1] 104  27
[1] 4112
[1] 104  28
[1] 4113
[1] 104  59
[1] 4114
[1] 104  44
[1] 4115
[1] 104  50
[1] 4116
[1] 104  30
[1] 4117
[1] 104  30
[1] 4118
[1] 104  32
[1] 4119
[1] 104  29
[1] 4120
[1] 104  69
[1] 4121
[1] 104  57
[1] 4122
[1] 104  19
[1] 4123
[1] 104  20
[1] 4124
[1] 104  17
[1] 4125
[1] 104  19
[1] 4126
[1] 104  20
[1] 4127
[1] 104  35
[1] 4128
[1] 104  25
[1] 4129
[1] 104 124
[1] 4130
[1] 104  64
[1] 4131
[1] 104  63
[1] 4132
[1] 104  63
[1] 4133
[1] 104  69
[1] 4134
[1] 104  21
[1] 4135
[1] 104  76
[1] 4136
[1] 104  93
[1] 4137
[1] 104  69
[1] 4138
[1] 104  21
[1] 4139
[1] 104  36
[1] 4140
[1] 104  27
[1] 4141
[1] 104  31
[1] 4142
[1] 104  39
[1] 4143
[1] 104  46
[1] 4144
[1] 104  28
[1] 4145
[1] 104  91
[1] 4146
[1] 104  29
[1] 4147
[1] 104  23
[1] 4148
[1] 104  26
[1] 4149
[1] 104  27
[1] 4150
[1] 104  28
[1] 4151
[1] 104  37
[1] 4152
[1] 104  41
[1] 4153
[1] 104  71
[1] 4154
[1] 104  58
[1] 4155
[1] 104  65
[1] 4156
[1] 104  25
[1] 4157
[1] 104  78
[1] 4158
[1] 104  79
[1] 4159
[1] 104  72
[1] 4160
[1] 104  68
[1] 4161
[1] 104  54
[1] 4162
[1] 104  39
[1] 4163
[1] 104  38
[1] 4164
[1] 104  60
[1] 4165
[1] 104  62
[1] 4166
[1] 104  36
[1] 4167
[1] 104  35
[1] 4168
[1] 104  60
[1] 4169
[1] 104  53
[1] 4170
[1] 104  66
[1] 4171
[1] 104  41
[1] 4172
[1] 104  44
[1] 4173
[1] 104  37
[1] 4174
[1] 104 105
[1] 4175
[1] 104  40
[1] 4176
[1] 104 108
[1] 4177
[1] 104  43
[1] 4178
[1] 104 101
[1] 4179
[1] 104  47
[1] 4180
[1] 104  63
[1] 4181
[1] 104  41
[1] 4182
[1] 104  52
[1] 4183
[1] 104  71
[1] 4184
[1] 104  22
[1] 4185
[1] 104  20
[1] 4186
[1] 104  18
[1] 4187
[1] 104  24
[1] 4188
[1] 104  47
[1] 4189
[1] 104  20
[1] 4190
[1] 104  19
[1] 4191
[1] 104  23
[1] 4192
[1] 104  29
[1] 4193
[1] 104  78
[1] 4194
[1] 104  62
[1] 4195
[1] 104  30
[1] 4196
[1] 104  74
[1] 4197
[1] 104  36
[1] 4198
[1] 104  38
[1] 4199
[1] 104  75
[1] 4200
[1] 104  58
