[1] 9501
[1] 192  63
[1] 9502
[1] 192  23
[1] 9503
[1] 192  44
[1] 9504
[1] 192  28
[1] 9505
[1] 192  74
[1] 9506
[1] 192  48
[1] 9507
[1] 192  46
[1] 9508
[1] 192  14
[1] 9509
[1] 192  14
[1] 9510
[1] 192 343
[1] 9511
[1] 192  96
[1] 9512
[1] 192  74
[1] 9513
[1] 192  20
[1] 9514
[1] 192  51
[1] 9515
[1] 192  37
[1] 9516
[1] 192  42
[1] 9517
[1] 192  23
[1] 9518
[1] 192  47
[1] 9519
[1] 192  45
[1] 9520
[1] 192  57
[1] 9521
[1] 192  30
[1] 9522
[1] 192  51
[1] 9523
[1] 192  60
[1] 9524
[1] 192  86
[1] 9525
[1] 192  43
[1] 9526
[1] 192  57
[1] 9527
[1] 192  55
[1] 9528
[1] 192  28
[1] 9529
[1] 192  33
[1] 9530
[1] 192  31
[1] 9531
[1] 192  68
[1] 9532
[1] 192  67
[1] 9533
[1] 192  40
[1] 9534
[1] 192  11
[1] 9535
[1] 192  73
[1] 9536
[1] 192  35
[1] 9537
[1] 192  21
[1] 9538
[1] 192  20
[1] 9539
[1] 192  14
[1] 9540
[1] 192   8
[1] 9541
[1] 192  59
[1] 9542
[1] 192  26
[1] 9543
[1] 192  19
[1] 9544
[1] 192  39
[1] 9545
[1] 192  37
[1] 9546
[1] 192  68
[1] 9547
[1] 192  55
[1] 9548
[1] 192  64
[1] 9549
[1] 192  68
[1] 9550
[1] 192  20
[1] 9551
[1] 192  30
[1] 9552
[1] 192  21
[1] 9553
[1] 192  69
[1] 9554
[1] 192  59
[1] 9555
[1] 192  47
[1] 9556
[1] 192  76
[1] 9557
[1] 192  60
[1] 9558
[1] 192  23
[1] 9559
[1] 192  71
[1] 9560
[1] 192  60
[1] 9561
[1] 192  93
[1] 9562
[1] 192  26
[1] 9563
[1] 192  49
[1] 9564
[1] 192  43
[1] 9565
[1] 192  52
[1] 9566
[1] 192  39
[1] 9567
[1] 192  21
[1] 9568
[1] 192  35
[1] 9569
[1] 192  32
[1] 9570
[1] 192  56
[1] 9571
[1] 192  51
[1] 9572
[1] 192  93
[1] 9573
[1] 192  16
[1] 9574
[1] 192  59
[1] 9575
[1] 192  35
[1] 9576
[1] 192  14
[1] 9577
[1] 192  62
[1] 9578
[1] 192  37
[1] 9579
[1] 192  98
[1] 9580
[1] 192  40
[1] 9581
[1] 192  58
[1] 9582
[1] 192   5
[1] 9583
[1] 192  36
[1] 9584
[1] 192  30
[1] 9585
[1] 192  69
[1] 9586
[1] 192  39
[1] 9587
[1] 192  14
[1] 9588
[1] 192  71
[1] 9589
[1] 192  79
[1] 9590
[1] 192  48
[1] 9591
[1] 192  45
[1] 9592
[1] 192  38
[1] 9593
[1] 192  62
[1] 9594
[1] 192   9
[1] 9595
[1] 192  43
[1] 9596
[1] 192  75
[1] 9597
[1] 192  44
[1] 9598
[1] 192  64
[1] 9599
[1] 192   6
[1] 9600
[1] 192  35
