[1] 201
[1] 192  23
[1] 202
[1] 192  23
[1] 203
[1] 192  37
[1] 204
[1] 192  42
[1] 205
[1] 192  58
[1] 206
[1] 192  63
[1] 207
[1] 192  56
[1] 208
[1] 192  62
[1] 209
[1] 192  27
[1] 210
[1] 192  42
[1] 211
[1] 192  41
[1] 212
[1] 192  66
[1] 213
[1] 192  38
[1] 214
[1] 192  22
[1] 215
[1] 192  50
[1] 216
[1] 192  59
[1] 217
[1] 192  55
[1] 218
[1] 192  25
[1] 219
[1] 192  25
[1] 220
[1] 192  55
[1] 221
[1] 192  66
[1] 222
[1] 192  21
[1] 223
[1] 192  51
[1] 224
[1] 192  12
[1] 225
[1] 192  38
[1] 226
[1] 192  55
[1] 227
[1] 192  36
[1] 228
[1] 192  32
[1] 229
[1] 192  77
[1] 230
[1] 192  36
[1] 231
[1] 192  75
[1] 232
[1] 192  40
[1] 233
[1] 192  51
[1] 234
[1] 192  56
[1] 235
[1] 192  66
[1] 236
[1] 192  34
[1] 237
[1] 192  29
[1] 238
[1] 192  50
[1] 239
[1] 192  45
[1] 240
[1] 192   7
[1] 241
[1] 192  75
[1] 242
[1] 192  32
[1] 243
[1] 192  62
[1] 244
[1] 192  23
[1] 245
[1] 192  89
[1] 246
[1] 192  21
[1] 247
[1] 192  83
[1] 248
[1] 192  75
[1] 249
[1] 192  61
[1] 250
[1] 192  67
[1] 251
[1] 192  84
[1] 252
[1] 192  38
[1] 253
[1] 192  34
[1] 254
[1] 192  39
[1] 255
[1] 192  66
[1] 256
[1] 192  43
[1] 257
[1] 192  55
[1] 258
[1] 192  26
[1] 259
[1] 192  17
[1] 260
[1] 192  18
[1] 261
[1] 192  48
[1] 262
[1] 192  39
[1] 263
[1] 192  26
[1] 264
[1] 192  38
[1] 265
[1] 192  18
[1] 266
[1] 192  61
[1] 267
[1] 192  44
[1] 268
[1] 192  53
[1] 269
[1] 192  46
[1] 270
[1] 192  55
[1] 271
[1] 192  59
[1] 272
[1] 192  36
[1] 273
[1] 192  29
[1] 274
[1] 192  38
[1] 275
[1] 192  37
[1] 276
[1] 192  76
[1] 277
[1] 192  36
[1] 278
[1] 192  57
[1] 279
[1] 192  12
[1] 280
[1] 192  63
[1] 281
[1] 192  67
[1] 282
[1] 192  75
[1] 283
[1] 192  49
[1] 284
[1] 192  76
[1] 285
[1] 192 134
[1] 286
[1] 192  69
[1] 287
[1] 192  57
[1] 288
[1] 192  38
[1] 289
[1] 192  47
[1] 290
[1] 192  60
[1] 291
[1] 192  48
[1] 292
[1] 192  24
[1] 293
[1] 192  45
[1] 294
[1] 192  63
[1] 295
[1] 192  16
[1] 296
[1] 192  36
[1] 297
[1] 192  63
[1] 298
[1] 192  75
[1] 299
[1] 192  30
[1] 300
[1] 192  95
