[1] 2901
[1] 192  29
[1] 2902
[1] 192  25
[1] 2903
[1] 192  90
[1] 2904
[1] 192  25
[1] 2905
[1] 192  47
[1] 2906
[1] 192  44
[1] 2907
[1] 192  17
[1] 2908
[1] 192  16
[1] 2909
[1] 192  18
[1] 2910
[1] 192  20
[1] 2911
[1] 192  42
[1] 2912
[1] 192  17
[1] 2913
[1] 192  48
[1] 2914
[1] 192  71
[1] 2915
[1] 192  18
[1] 2916
[1] 192  74
[1] 2917
[1] 192  18
[1] 2918
[1] 192  21
[1] 2919
[1] 192  22
[1] 2920
[1] 192  58
[1] 2921
[1] 192  58
[1] 2922
[1] 192  84
[1] 2923
[1] 192  68
[1] 2924
[1] 192  48
[1] 2925
[1] 192  27
[1] 2926
[1] 192  60
[1] 2927
[1] 192  34
[1] 2928
[1] 192  61
[1] 2929
[1] 192  43
[1] 2930
[1] 192  53
[1] 2931
[1] 192  48
[1] 2932
[1] 192  60
[1] 2933
[1] 192  31
[1] 2934
[1] 192  49
[1] 2935
[1] 192  64
[1] 2936
[1] 192  54
[1] 2937
[1] 192  46
[1] 2938
[1] 192  32
[1] 2939
[1] 192  63
[1] 2940
[1] 192  50
[1] 2941
[1] 192  20
[1] 2942
[1] 192  26
[1] 2943
[1] 192  27
[1] 2944
[1] 192  58
[1] 2945
[1] 192  44
[1] 2946
[1] 192  48
[1] 2947
[1] 192  26
[1] 2948
[1] 192  24
[1] 2949
[1] 192  31
[1] 2950
[1] 192  36
[1] 2951
[1] 192  26
[1] 2952
[1] 192  97
[1] 2953
[1] 192  82
[1] 2954
[1] 192  39
[1] 2955
[1] 192  62
[1] 2956
[1] 192  41
[1] 2957
[1] 192  47
[1] 2958
[1] 192  62
[1] 2959
[1] 192  55
[1] 2960
[1] 192  62
[1] 2961
[1] 192  35
[1] 2962
[1] 192  34
[1] 2963
[1] 192  79
[1] 2964
[1] 192  85
[1] 2965
[1] 192  69
[1] 2966
[1] 192  43
[1] 2967
[1] 192  87
[1] 2968
[1] 192  34
[1] 2969
[1] 192  28
[1] 2970
[1] 192  42
[1] 2971
[1] 192  53
[1] 2972
[1] 192  50
[1] 2973
[1] 192  52
[1] 2974
[1] 192  30
[1] 2975
[1] 192  60
[1] 2976
[1] 192  99
[1] 2977
[1] 192  38
[1] 2978
[1] 192  45
[1] 2979
[1] 192  53
[1] 2980
[1] 192  32
[1] 2981
[1] 192  43
[1] 2982
[1] 192  37
[1] 2983
[1] 192  50
[1] 2984
[1] 192  68
[1] 2985
[1] 192  31
[1] 2986
[1] 192  37
[1] 2987
[1] 192  24
[1] 2988
[1] 192 108
[1] 2989
[1] 192  43
[1] 2990
[1] 192  48
[1] 2991
[1] 192  47
[1] 2992
[1] 192  40
[1] 2993
[1] 192  40
[1] 2994
[1] 192  84
[1] 2995
[1] 192  40
[1] 2996
[1] 192  37
[1] 2997
[1] 192  44
[1] 2998
[1] 192  59
[1] 2999
[1] 192  19
[1] 3000
[1] 192  62
