[1] 8301
[1] 192  20
[1] 8302
[1] 192  75
[1] 8303
[1] 192  38
[1] 8304
[1] 192  36
[1] 8305
[1] 192  70
[1] 8306
[1] 192  79
[1] 8307
[1] 192  35
[1] 8308
[1] 192  34
[1] 8309
[1] 192  64
[1] 8310
[1] 192  73
[1] 8311
[1] 192  53
[1] 8312
[1] 192  80
[1] 8313
[1] 192  51
[1] 8314
[1] 192   2
[1] 8315
[1] 192   3
[1] 8316
[1] 192  16
[1] 8317
[1] 192  58
[1] 8318
[1] 192  54
[1] 8319
[1] 192  51
[1] 8320
[1] 192  21
[1] 8321
[1] 192 285
[1] 8322
[1] 192  39
[1] 8323
[1] 192  37
[1] 8324
[1] 192  15
[1] 8325
[1] 192  42
[1] 8326
[1] 192  55
[1] 8327
[1] 192  40
[1] 8328
[1] 192  22
[1] 8329
[1] 192  57
[1] 8330
[1] 192  36
[1] 8331
[1] 192  31
[1] 8332
[1] 192  60
[1] 8333
[1] 192  76
[1] 8334
[1] 192  27
[1] 8335
[1] 192  44
[1] 8336
[1] 192  45
[1] 8337
[1] 192  38
[1] 8338
[1] 192  72
[1] 8339
[1] 192  87
[1] 8340
[1] 192  50
[1] 8341
[1] 192  25
[1] 8342
[1] 192  54
[1] 8343
[1] 192  45
[1] 8344
[1] 192  45
[1] 8345
[1] 192  56
[1] 8346
[1] 192  64
[1] 8347
[1] 192  68
[1] 8348
[1] 192  48
[1] 8349
[1] 192  63
[1] 8350
[1] 192  34
[1] 8351
[1] 192  34
[1] 8352
[1] 192  19
[1] 8353
[1] 192  41
[1] 8354
[1] 192  40
[1] 8355
[1] 192  41
[1] 8356
[1] 192  60
[1] 8357
[1] 192  39
[1] 8358
[1] 192  78
[1] 8359
[1] 192  53
[1] 8360
[1] 192  37
[1] 8361
[1] 192  30
[1] 8362
[1] 192  27
[1] 8363
[1] 192  28
[1] 8364
[1] 192  78
[1] 8365
[1] 192  42
[1] 8366
[1] 192  42
[1] 8367
[1] 192  39
[1] 8368
[1] 192  52
[1] 8369
[1] 192  29
[1] 8370
[1] 192  52
[1] 8371
[1] 192  31
[1] 8372
[1] 192  45
[1] 8373
[1] 192  58
[1] 8374
[1] 192  71
[1] 8375
[1] 192  48
[1] 8376
[1] 192  48
[1] 8377
[1] 192  10
[1] 8378
[1] 192  33
[1] 8379
[1] 192 111
[1] 8380
[1] 192  72
[1] 8381
[1] 192  68
[1] 8382
[1] 192  48
[1] 8383
[1] 192  62
[1] 8384
[1] 192  37
[1] 8385
[1] 192  75
[1] 8386
[1] 192  38
[1] 8387
[1] 192  64
[1] 8388
[1] 192  18
[1] 8389
[1] 192  35
[1] 8390
[1] 192  20
[1] 8391
[1] 192  21
[1] 8392
[1] 192  86
[1] 8393
[1] 192  21
[1] 8394
[1] 192  37
[1] 8395
[1] 192  75
[1] 8396
[1] 192  65
[1] 8397
[1] 192  35
[1] 8398
[1] 192  23
[1] 8399
[1] 192  22
[1] 8400
[1] 192  44
