[1] 7401
[1] 192  43
[1] 7402
[1] 192  46
[1] 7403
[1] 192  17
[1] 7404
[1] 192  40
[1] 7405
[1] 192  17
[1] 7406
[1] 192  27
[1] 7407
[1] 192  35
[1] 7408
[1] 192  37
[1] 7409
[1] 192  37
[1] 7410
[1] 192  56
[1] 7411
[1] 192  35
[1] 7412
[1] 192  86
[1] 7413
[1] 192  76
[1] 7414
[1] 192  86
[1] 7415
[1] 192  56
[1] 7416
[1] 192  26
[1] 7417
[1] 192  16
[1] 7418
[1] 192  61
[1] 7419
[1] 192  40
[1] 7420
[1] 192 101
[1] 7421
[1] 192  78
[1] 7422
[1] 192  75
[1] 7423
[1] 192  47
[1] 7424
[1] 192  54
[1] 7425
[1] 192   9
[1] 7426
[1] 192  57
[1] 7427
[1] 192   8
[1] 7428
[1] 192  52
[1] 7429
[1] 192  50
[1] 7430
[1] 192  57
[1] 7431
[1] 192  36
[1] 7432
[1] 192  36
[1] 7433
[1] 192  52
[1] 7434
[1] 192  17
[1] 7435
[1] 192  23
[1] 7436
[1] 192  29
[1] 7437
[1] 192  12
[1] 7438
[1] 192  65
[1] 7439
[1] 192  57
[1] 7440
[1] 192  40
[1] 7441
[1] 192  49
[1] 7442
[1] 192  26
[1] 7443
[1] 192 162
[1] 7444
[1] 192  31
[1] 7445
[1] 192  38
[1] 7446
[1] 192  26
[1] 7447
[1] 192  32
[1] 7448
[1] 192  43
[1] 7449
[1] 192  32
[1] 7450
[1] 192  41
[1] 7451
[1] 192  34
[1] 7452
[1] 192  33
[1] 7453
[1] 192  37
[1] 7454
[1] 192  33
[1] 7455
[1] 192  65
[1] 7456
[1] 192  32
[1] 7457
[1] 192  18
[1] 7458
[1] 192  30
[1] 7459
[1] 192  21
[1] 7460
[1] 192  19
[1] 7461
[1] 192  35
[1] 7462
[1] 192  63
[1] 7463
[1] 192  38
[1] 7464
[1] 192  52
[1] 7465
[1] 192  21
[1] 7466
[1] 192  51
[1] 7467
[1] 192  21
[1] 7468
[1] 192  66
[1] 7469
[1] 192  62
[1] 7470
[1] 192  29
[1] 7471
[1] 192  48
[1] 7472
[1] 192  53
[1] 7473
[1] 192  38
[1] 7474
[1] 192  37
[1] 7475
[1] 192  32
[1] 7476
[1] 192  20
[1] 7477
[1] 192  55
[1] 7478
[1] 192  54
[1] 7479
[1] 192  61
[1] 7480
[1] 192  45
[1] 7481
[1] 192  13
[1] 7482
[1] 192  34
[1] 7483
[1] 192  52
[1] 7484
[1] 192  38
[1] 7485
[1] 192  58
[1] 7486
[1] 192  36
[1] 7487
[1] 192  33
[1] 7488
[1] 192  33
[1] 7489
[1] 192  31
[1] 7490
[1] 192  31
[1] 7491
[1] 192  29
[1] 7492
[1] 192  39
[1] 7493
[1] 192  17
[1] 7494
[1] 192  21
[1] 7495
[1] 192  44
[1] 7496
[1] 192  40
[1] 7497
[1] 192  54
[1] 7498
[1] 192  60
[1] 7499
[1] 192  31
[1] 7500
[1] 192  50
