[1] 1
[1] 192  49
[1] 2
[1] 192  53
[1] 3
[1] 192  77
[1] 4
[1] 192  66
[1] 5
[1] 192  75
[1] 6
[1] 192  58
[1] 7
[1] 192  70
[1] 8
[1] 192  62
[1] 9
[1] 192  21
[1] 10
[1] 192  44
[1] 11
[1] 192  30
[1] 12
[1] 192  24
[1] 13
[1] 192  22
[1] 14
[1] 192  43
[1] 15
[1] 192  53
[1] 16
[1] 192  57
[1] 17
[1] 192  85
[1] 18
[1] 192  53
[1] 19
[1] 192  39
[1] 20
[1] 192  61
[1] 21
[1] 192  87
[1] 22
[1] 192  39
[1] 23
[1] 192  43
[1] 24
[1] 192  31
[1] 25
[1] 192  34
[1] 26
[1] 192  32
[1] 27
[1] 192  44
[1] 28
[1] 192  24
[1] 29
[1] 192 108
[1] 30
[1] 192  30
[1] 31
[1] 192  30
[1] 32
[1] 192  36
[1] 33
[1] 192  31
[1] 34
[1] 192  45
[1] 35
[1] 192  39
[1] 36
[1] 192  34
[1] 37
[1] 192  66
[1] 38
[1] 192  48
[1] 39
[1] 192  31
[1] 40
[1] 192  64
[1] 41
[1] 192  41
[1] 42
[1] 192  49
[1] 43
[1] 192  52
[1] 44
[1] 192  64
[1] 45
[1] 192  41
[1] 46
[1] 192  71
[1] 47
[1] 192  53
[1] 48
[1] 192  26
[1] 49
[1] 192  69
[1] 50
[1] 192  42
[1] 51
[1] 192  57
[1] 52
[1] 192  52
[1] 53
[1] 192  57
[1] 54
[1] 192  25
[1] 55
[1] 192  53
[1] 56
[1] 192  60
[1] 57
[1] 192  69
[1] 58
[1] 192  18
[1] 59
[1] 192  51
[1] 60
[1] 192  31
[1] 61
[1] 192  54
[1] 62
[1] 192  48
[1] 63
[1] 192  65
[1] 64
[1] 192  53
[1] 65
[1] 192  40
[1] 66
[1] 192  46
[1] 67
[1] 192  43
[1] 68
[1] 192  29
[1] 69
[1] 192  62
[1] 70
[1] 192  44
[1] 71
[1] 192  49
[1] 72
[1] 192  35
[1] 73
[1] 192  43
[1] 74
[1] 192  55
[1] 75
[1] 192  56
[1] 76
[1] 192  53
[1] 77
[1] 192  50
[1] 78
[1] 192  60
[1] 79
[1] 192  44
[1] 80
[1] 192  44
[1] 81
[1] 192  45
[1] 82
[1] 192  66
[1] 83
[1] 192  70
[1] 84
[1] 192  36
[1] 85
[1] 192  64
[1] 86
[1] 192  59
[1] 87
[1] 192  54
[1] 88
[1] 192  40
[1] 89
[1] 192  19
[1] 90
[1] 192  35
[1] 91
[1] 192  92
[1] 92
[1] 192  33
[1] 93
[1] 192  46
[1] 94
[1] 192  70
[1] 95
[1] 192  70
[1] 96
[1] 192 102
[1] 97
[1] 192  59
[1] 98
[1] 192  51
[1] 99
[1] 192  82
[1] 100
[1] 192  81
