[1] 7001
[1] 192  65
[1] 7002
[1] 192  59
[1] 7003
[1] 192  63
[1] 7004
[1] 192  62
[1] 7005
[1] 192  61
[1] 7006
[1] 192  67
[1] 7007
[1] 192  32
[1] 7008
[1] 192  47
[1] 7009
[1] 192  40
[1] 7010
[1] 192  37
[1] 7011
[1] 192  83
[1] 7012
[1] 192  70
[1] 7013
[1] 192  22
[1] 7014
[1] 192  37
[1] 7015
[1] 192  38
[1] 7016
[1] 192  38
[1] 7017
[1] 192  50
[1] 7018
[1] 192  36
[1] 7019
[1] 192  41
[1] 7020
[1] 192  59
[1] 7021
[1] 192  77
[1] 7022
[1] 192  25
[1] 7023
[1] 192  60
[1] 7024
[1] 192  37
[1] 7025
[1] 192  41
[1] 7026
[1] 192  46
[1] 7027
[1] 192  46
[1] 7028
[1] 192  53
[1] 7029
[1] 192  38
[1] 7030
[1] 192  42
[1] 7031
[1] 192  46
[1] 7032
[1] 192  42
[1] 7033
[1] 192  23
[1] 7034
[1] 192  53
[1] 7035
[1] 192  41
[1] 7036
[1] 192  41
[1] 7037
[1] 192  21
[1] 7038
[1] 192  20
[1] 7039
[1] 192  31
[1] 7040
[1] 192  19
[1] 7041
[1] 192  20
[1] 7042
[1] 192  20
[1] 7043
[1] 192  20
[1] 7044
[1] 192  23
[1] 7045
[1] 192  25
[1] 7046
[1] 192  44
[1] 7047
[1] 192  25
[1] 7048
[1] 192  19
[1] 7049
[1] 192  27
[1] 7050
[1] 192  18
[1] 7051
[1] 192  16
[1] 7052
[1] 192  18
[1] 7053
[1] 192  29
[1] 7054
[1] 192  30
[1] 7055
[1] 192  15
[1] 7056
[1] 192  13
[1] 7057
[1] 192  12
[1] 7058
[1] 192  18
[1] 7059
[1] 192  23
[1] 7060
[1] 192  17
[1] 7061
[1] 192  21
[1] 7062
[1] 192  53
[1] 7063
[1] 192  47
[1] 7064
[1] 192  30
[1] 7065
[1] 192  30
[1] 7066
[1] 192  40
[1] 7067
[1] 192  67
[1] 7068
[1] 192  51
[1] 7069
[1] 192  57
[1] 7070
[1] 192  66
[1] 7071
[1] 192  41
[1] 7072
[1] 192  44
[1] 7073
[1] 192  56
[1] 7074
[1] 192  70
[1] 7075
[1] 192  31
[1] 7076
[1] 192  24
[1] 7077
[1] 192  30
[1] 7078
[1] 192  47
[1] 7079
[1] 192  27
[1] 7080
[1] 192  26
[1] 7081
[1] 192  72
[1] 7082
[1] 192  68
[1] 7083
[1] 192  24
[1] 7084
[1] 192  33
[1] 7085
[1] 192  32
[1] 7086
[1] 192  41
[1] 7087
[1] 192  94
[1] 7088
[1] 192  16
[1] 7089
[1] 192  45
[1] 7090
[1] 192  43
[1] 7091
[1] 192  41
[1] 7092
[1] 192  58
[1] 7093
[1] 192  28
[1] 7094
[1] 192  36
[1] 7095
[1] 192  70
[1] 7096
[1] 192  58
[1] 7097
[1] 192  83
[1] 7098
[1] 192  52
[1] 7099
[1] 192  60
[1] 7100
[1] 192  56
