[1] 2501
[1] 192  28
[1] 2502
[1] 192  28
[1] 2503
[1] 192  91
[1] 2504
[1] 192  72
[1] 2505
[1] 192  77
[1] 2506
[1] 192  62
[1] 2507
[1] 192  87
[1] 2508
[1] 192  51
[1] 2509
[1] 192  37
[1] 2510
[1] 192  37
[1] 2511
[1] 192  37
[1] 2512
[1] 192  51
[1] 2513
[1] 192  32
[1] 2514
[1] 192  32
[1] 2515
[1] 192  35
[1] 2516
[1] 192  52
[1] 2517
[1] 192  51
[1] 2518
[1] 192  48
[1] 2519
[1] 192  40
[1] 2520
[1] 192  88
[1] 2521
[1] 192  32
[1] 2522
[1] 192  41
[1] 2523
[1] 192  38
[1] 2524
[1] 192  51
[1] 2525
[1] 192  63
[1] 2526
[1] 192  57
[1] 2527
[1] 192  41
[1] 2528
[1] 192  36
[1] 2529
[1] 192  55
[1] 2530
[1] 192  42
[1] 2531
[1] 192  57
[1] 2532
[1] 192  29
[1] 2533
[1] 192  41
[1] 2534
[1] 192  45
[1] 2535
[1] 192  45
[1] 2536
[1] 192  29
[1] 2537
[1] 192  54
[1] 2538
[1] 192  65
[1] 2539
[1] 192  63
[1] 2540
[1] 192  52
[1] 2541
[1] 192  74
[1] 2542
[1] 192  78
[1] 2543
[1] 192  71
[1] 2544
[1] 192  50
[1] 2545
[1] 192  53
[1] 2546
[1] 192  54
[1] 2547
[1] 192  51
[1] 2548
[1] 192  55
[1] 2549
[1] 192  58
[1] 2550
[1] 192  72
[1] 2551
[1] 192  13
[1] 2552
[1] 192  13
[1] 2553
[1] 192  13
[1] 2554
[1] 192  58
[1] 2555
[1] 192  24
[1] 2556
[1] 192  62
[1] 2557
[1] 192  58
[1] 2558
[1] 192  21
[1] 2559
[1] 192  19
[1] 2560
[1] 192  59
[1] 2561
[1] 192  16
[1] 2562
[1] 192  60
[1] 2563
[1] 192  60
[1] 2564
[1] 192  17
[1] 2565
[1] 192  20
[1] 2566
[1] 192  36
[1] 2567
[1] 192  34
[1] 2568
[1] 192  34
[1] 2569
[1] 192  41
[1] 2570
[1] 192  49
[1] 2571
[1] 192  55
[1] 2572
[1] 192  82
[1] 2573
[1] 192  38
[1] 2574
[1] 192  35
[1] 2575
[1] 192  19
[1] 2576
[1] 192  65
[1] 2577
[1] 192  40
[1] 2578
[1] 192  76
[1] 2579
[1] 192  30
[1] 2580
[1] 192  59
[1] 2581
[1] 192  43
[1] 2582
[1] 192  54
[1] 2583
[1] 192  58
[1] 2584
[1] 192  61
[1] 2585
[1] 192  66
[1] 2586
[1] 192  39
[1] 2587
[1] 192  50
[1] 2588
[1] 192  62
[1] 2589
[1] 192  40
[1] 2590
[1] 192  67
[1] 2591
[1] 192  39
[1] 2592
[1] 192  38
[1] 2593
[1] 192  62
[1] 2594
[1] 192  41
[1] 2595
[1] 192  49
[1] 2596
[1] 192  50
[1] 2597
[1] 192  50
[1] 2598
[1] 192  52
[1] 2599
[1] 192  54
[1] 2600
[1] 192  76
