[1] 10101
[1] 192  41
[1] 10102
[1] 192  19
[1] 10103
[1] 192  84
[1] 10104
[1] 192  72
[1] 10105
[1] 192  86
[1] 10106
[1] 192  50
[1] 10107
[1] 192  31
[1] 10108
[1] 192  18
[1] 10109
[1] 192  72
[1] 10110
[1] 192 322
[1] 10111
[1] 192  31
[1] 10112
[1] 192  35
[1] 10113
[1] 192  48
[1] 10114
[1] 192  48
[1] 10115
[1] 192  49
[1] 10116
[1] 192  73
[1] 10117
[1] 192  26
[1] 10118
[1] 192  53
[1] 10119
[1] 192  45
[1] 10120
[1] 192  26
[1] 10121
[1] 192  64
[1] 10122
[1] 192  17
[1] 10123
[1] 192  72
[1] 10124
[1] 192  28
[1] 10125
[1] 192  67
[1] 10126
[1] 192  63
[1] 10127
[1] 192  81
[1] 10128
[1] 192  41
[1] 10129
[1] 192  37
[1] 10130
[1] 192  67
[1] 10131
[1] 192  57
[1] 10132
[1] 192  20
[1] 10133
[1] 192  43
[1] 10134
[1] 192   9
[1] 10135
[1] 192  46
[1] 10136
[1] 192  42
[1] 10137
[1] 192  25
[1] 10138
[1] 192  37
[1] 10139
[1] 192  46
[1] 10140
[1] 192  59
[1] 10141
[1] 192  90
[1] 10142
[1] 192  14
[1] 10143
[1] 192  50
[1] 10144
[1] 192  21
[1] 10145
[1] 192  32
[1] 10146
[1] 192  39
[1] 10147
[1] 192  22
[1] 10148
[1] 192  39
[1] 10149
[1] 192  42
[1] 10150
[1] 192  38
[1] 10151
[1] 192  58
[1] 10152
[1] 192  26
[1] 10153
[1] 192  61
[1] 10154
[1] 192  13
[1] 10155
[1] 192  30
[1] 10156
[1] 192  48
[1] 10157
[1] 192  25
[1] 10158
[1] 192  39
[1] 10159
[1] 192  39
[1] 10160
[1] 192  36
[1] 10161
[1] 192  26
[1] 10162
[1] 192  37
[1] 10163
[1] 192  14
[1] 10164
[1] 192  27
[1] 10165
[1] 192  53
[1] 10166
[1] 192  95
[1] 10167
[1] 192  27
[1] 10168
[1] 192   6
[1] 10169
[1] 192  28
[1] 10170
[1] 192  56
[1] 10171
[1] 192  53
[1] 10172
[1] 192  63
[1] 10173
[1] 192  75
[1] 10174
[1] 192  18
[1] 10175
[1] 192  17
[1] 10176
[1] 192  23
[1] 10177
[1] 192  56
[1] 10178
[1] 192  39
[1] 10179
[1] 192  38
[1] 10180
[1] 192  49
[1] 10181
[1] 192  59
[1] 10182
[1] 192  80
[1] 10183
[1] 192  71
[1] 10184
[1] 192  17
[1] 10185
[1] 192  58
[1] 10186
[1] 192  43
[1] 10187
[1] 192  54
[1] 10188
[1] 192  50
[1] 10189
[1] 192  49
[1] 10190
[1] 192  38
[1] 10191
[1] 192 101
[1] 10192
[1] 192  60
[1] 10193
[1] 192  17
[1] 10194
[1] 192  94
[1] 10195
[1] 192  53
[1] 10196
[1] 192  38
[1] 10197
[1] 192  94
[1] 10198
[1] 192  25
[1] 10199
[1] 192  52
[1] 10200
[1] 192  39
