[1] 5801
[1] 192  63
[1] 5802
[1] 192  45
[1] 5803
[1] 192  73
[1] 5804
[1] 192  59
[1] 5805
[1] 192  38
[1] 5806
[1] 192  44
[1] 5807
[1] 192  57
[1] 5808
[1] 192  40
[1] 5809
[1] 192  61
[1] 5810
[1] 192 189
[1] 5811
[1] 192  63
[1] 5812
[1] 192  96
[1] 5813
[1] 192  87
[1] 5814
[1] 192  94
[1] 5815
[1] 192  94
[1] 5816
[1] 192  91
[1] 5817
[1] 192  94
[1] 5818
[1] 192 104
[1] 5819
[1] 192  95
[1] 5820
[1] 192  87
[1] 5821
[1] 192  57
[1] 5822
[1] 192  35
[1] 5823
[1] 192  58
[1] 5824
[1] 192  39
[1] 5825
[1] 192  36
[1] 5826
[1] 192  38
[1] 5827
[1] 192  43
[1] 5828
[1] 192  51
[1] 5829
[1] 192  42
[1] 5830
[1] 192  57
[1] 5831
[1] 192  58
[1] 5832
[1] 192  60
[1] 5833
[1] 192  35
[1] 5834
[1] 192  63
[1] 5835
[1] 192  57
[1] 5836
[1] 192  65
[1] 5837
[1] 192   9
[1] 5838
[1] 192  34
[1] 5839
[1] 192  56
[1] 5840
[1] 192  86
[1] 5841
[1] 192  46
[1] 5842
[1] 192 100
[1] 5843
[1] 192  94
[1] 5844
[1] 192  41
[1] 5845
[1] 192  43
[1] 5846
[1] 192  38
[1] 5847
[1] 192  42
[1] 5848
[1] 192  41
[1] 5849
[1] 192  30
[1] 5850
[1] 192  26
[1] 5851
[1] 192  50
[1] 5852
[1] 192  54
[1] 5853
[1] 192  53
[1] 5854
[1] 192  61
[1] 5855
[1] 192  40
[1] 5856
[1] 192  16
[1] 5857
[1] 192  65
[1] 5858
[1] 192  56
[1] 5859
[1] 192 102
[1] 5860
[1] 192  27
[1] 5861
[1] 192  50
[1] 5862
[1] 192  63
[1] 5863
[1] 192  49
[1] 5864
[1] 192  51
[1] 5865
[1] 192  37
[1] 5866
[1] 192  37
[1] 5867
[1] 192  22
[1] 5868
[1] 192  34
[1] 5869
[1] 192  41
[1] 5870
[1] 192  73
[1] 5871
[1] 192  48
[1] 5872
[1] 192  43
[1] 5873
[1] 192  41
[1] 5874
[1] 192  20
[1] 5875
[1] 192  47
[1] 5876
[1] 192  24
[1] 5877
[1] 192  78
[1] 5878
[1] 192  86
[1] 5879
[1] 192  68
[1] 5880
[1] 192  70
[1] 5881
[1] 192  29
[1] 5882
[1] 192  52
[1] 5883
[1] 192  47
[1] 5884
[1] 192  31
[1] 5885
[1] 192  48
[1] 5886
[1] 192  42
[1] 5887
[1] 192  44
[1] 5888
[1] 192  31
[1] 5889
[1] 192  43
[1] 5890
[1] 192  63
[1] 5891
[1] 192  68
[1] 5892
[1] 192  58
[1] 5893
[1] 192 137
[1] 5894
[1] 192  51
[1] 5895
[1] 192  48
[1] 5896
[1] 192  40
[1] 5897
[1] 192  51
[1] 5898
[1] 192  51
[1] 5899
[1] 192  63
[1] 5900
[1] 192  78
