[1] 901
[1] 192  55
[1] 902
[1] 192  57
[1] 903
[1] 192  36
[1] 904
[1] 192  46
[1] 905
[1] 192  55
[1] 906
[1] 192  39
[1] 907
[1] 192  53
[1] 908
[1] 192  38
[1] 909
[1] 192  42
[1] 910
[1] 192  56
[1] 911
[1] 192  25
[1] 912
[1] 192  62
[1] 913
[1] 192  44
[1] 914
[1] 192  46
[1] 915
[1] 192  37
[1] 916
[1] 192  50
[1] 917
[1] 192  49
[1] 918
[1] 192  53
[1] 919
[1] 192  72
[1] 920
[1] 192  69
[1] 921
[1] 192  40
[1] 922
[1] 192  37
[1] 923
[1] 192  23
[1] 924
[1] 192  62
[1] 925
[1] 192  42
[1] 926
[1] 192  52
[1] 927
[1] 192  94
[1] 928
[1] 192  51
[1] 929
[1] 192  87
[1] 930
[1] 192  75
[1] 931
[1] 192  54
[1] 932
[1] 192  43
[1] 933
[1] 192  55
[1] 934
[1] 192  53
[1] 935
[1] 192  61
[1] 936
[1] 192  62
[1] 937
[1] 192 122
[1] 938
[1] 192  42
[1] 939
[1] 192  42
[1] 940
[1] 192  24
[1] 941
[1] 192  16
[1] 942
[1] 192  22
[1] 943
[1] 192 112
[1] 944
[1] 192  36
[1] 945
[1] 192  58
[1] 946
[1] 192  25
[1] 947
[1] 192  39
[1] 948
[1] 192  62
[1] 949
[1] 192  54
[1] 950
[1] 192  42
[1] 951
[1] 192  56
[1] 952
[1] 192  56
[1] 953
[1] 192  63
[1] 954
[1] 192  57
[1] 955
[1] 192  66
[1] 956
[1] 192  52
[1] 957
[1] 192  61
[1] 958
[1] 192  64
[1] 959
[1] 192  61
[1] 960
[1] 192  57
[1] 961
[1] 192  45
[1] 962
[1] 192  60
[1] 963
[1] 192  34
[1] 964
[1] 192  13
[1] 965
[1] 192  74
[1] 966
[1] 192   9
[1] 967
[1] 192  24
[1] 968
[1] 192 119
[1] 969
[1] 192  53
[1] 970
[1] 192  59
[1] 971
[1] 192  46
[1] 972
[1] 192  65
[1] 973
[1] 192  69
[1] 974
[1] 192  46
[1] 975
[1] 192  56
[1] 976
[1] 192  55
[1] 977
[1] 192  69
[1] 978
[1] 192  50
[1] 979
[1] 192  44
[1] 980
[1] 192  43
[1] 981
[1] 192  17
[1] 982
[1] 192  96
[1] 983
[1] 192  56
[1] 984
[1] 192  57
[1] 985
[1] 192  63
[1] 986
[1] 192  48
[1] 987
[1] 192  58
[1] 988
[1] 192  57
[1] 989
[1] 192  39
[1] 990
[1] 192  40
[1] 991
[1] 192  33
[1] 992
[1] 192  26
[1] 993
[1] 192  66
[1] 994
[1] 192  37
[1] 995
[1] 192  51
[1] 996
[1] 192  22
[1] 997
[1] 192  35
[1] 998
[1] 192  34
[1] 999
[1] 192  27
[1] 1000
[1] 192  45
