[1] 7501
[1] 192  36
[1] 7502
[1] 192  33
[1] 7503
[1] 192  78
[1] 7504
[1] 192  55
[1] 7505
[1] 192  28
[1] 7506
[1] 192  19
[1] 7507
[1] 192  36
[1] 7508
[1] 192 130
[1] 7509
[1] 192  39
[1] 7510
[1] 192  73
[1] 7511
[1] 192  43
[1] 7512
[1] 192  77
[1] 7513
[1] 192  56
[1] 7514
[1] 192  32
[1] 7515
[1] 192  81
[1] 7516
[1] 192  64
[1] 7517
[1] 192  25
[1] 7518
[1] 192  52
[1] 7519
[1] 192  63
[1] 7520
[1] 192  48
[1] 7521
[1] 192  66
[1] 7522
[1] 192  30
[1] 7523
[1] 192  31
[1] 7524
[1] 192  32
[1] 7525
[1] 192  26
[1] 7526
[1] 192  87
[1] 7527
[1] 192  79
[1] 7528
[1] 192  64
[1] 7529
[1] 192  59
[1] 7530
[1] 192  46
[1] 7531
[1] 192  50
[1] 7532
[1] 192  76
[1] 7533
[1] 192  69
[1] 7534
[1] 192  64
[1] 7535
[1] 192  65
[1] 7536
[1] 192  59
[1] 7537
[1] 192  27
[1] 7538
[1] 192  52
[1] 7539
[1] 192  53
[1] 7540
[1] 192  34
[1] 7541
[1] 192  26
[1] 7542
[1] 192  19
[1] 7543
[1] 192  32
[1] 7544
[1] 192  30
[1] 7545
[1] 192  22
[1] 7546
[1] 192  24
[1] 7547
[1] 192  67
[1] 7548
[1] 192  70
[1] 7549
[1] 192  66
[1] 7550
[1] 192  49
[1] 7551
[1] 192  67
[1] 7552
[1] 192  49
[1] 7553
[1] 192  54
[1] 7554
[1] 192  54
[1] 7555
[1] 192  45
[1] 7556
[1] 192  66
[1] 7557
[1] 192  65
[1] 7558
[1] 192   8
[1] 7559
[1] 192 131
[1] 7560
[1] 192  35
[1] 7561
[1] 192  63
[1] 7562
[1] 192  47
[1] 7563
[1] 192  52
[1] 7564
[1] 192  45
[1] 7565
[1] 192  45
[1] 7566
[1] 192  89
[1] 7567
[1] 192  58
[1] 7568
[1] 192  58
[1] 7569
[1] 192  57
[1] 7570
[1] 192  63
[1] 7571
[1] 192  62
[1] 7572
[1] 192  80
[1] 7573
[1] 192  83
[1] 7574
[1] 192  61
[1] 7575
[1] 192  64
[1] 7576
[1] 192  27
[1] 7577
[1] 192  27
[1] 7578
[1] 192  76
[1] 7579
[1] 192  69
[1] 7580
[1] 192  47
[1] 7581
[1] 192  46
[1] 7582
[1] 192  54
[1] 7583
[1] 192  47
[1] 7584
[1] 192  93
[1] 7585
[1] 192  90
[1] 7586
[1] 192  75
[1] 7587
[1] 192  33
[1] 7588
[1] 192  60
[1] 7589
[1] 192  72
[1] 7590
[1] 192  48
[1] 7591
[1] 192  44
[1] 7592
[1] 192  39
[1] 7593
[1] 192  37
[1] 7594
[1] 192  39
[1] 7595
[1] 192  26
[1] 7596
[1] 192  59
[1] 7597
[1] 192  69
[1] 7598
[1] 192  46
[1] 7599
[1] 192  44
[1] 7600
[1] 192  39
