[1] 3601
[1] 192  61
[1] 3602
[1] 192  60
[1] 3603
[1] 192  65
[1] 3604
[1] 192  46
[1] 3605
[1] 192  50
[1] 3606
[1] 192  49
[1] 3607
[1] 192  34
[1] 3608
[1] 192  38
[1] 3609
[1] 192  63
[1] 3610
[1] 192  45
[1] 3611
[1] 192  47
[1] 3612
[1] 192  37
[1] 3613
[1] 192  57
[1] 3614
[1] 192  63
[1] 3615
[1] 192  58
[1] 3616
[1] 192  44
[1] 3617
[1] 192  44
[1] 3618
[1] 192  44
[1] 3619
[1] 192  65
[1] 3620
[1] 192  61
[1] 3621
[1] 192  83
[1] 3622
[1] 192  45
[1] 3623
[1] 192  42
[1] 3624
[1] 192  52
[1] 3625
[1] 192  55
[1] 3626
[1] 192  78
[1] 3627
[1] 192  73
[1] 3628
[1] 192  76
[1] 3629
[1] 192  71
[1] 3630
[1] 192  38
[1] 3631
[1] 192  69
[1] 3632
[1] 192  58
[1] 3633
[1] 192  59
[1] 3634
[1] 192  33
[1] 3635
[1] 192  57
[1] 3636
[1] 192  78
[1] 3637
[1] 192  38
[1] 3638
[1] 192  68
[1] 3639
[1] 192  67
[1] 3640
[1] 192  60
[1] 3641
[1] 192  73
[1] 3642
[1] 192  49
[1] 3643
[1] 192  51
[1] 3644
[1] 192  59
[1] 3645
[1] 192  83
[1] 3646
[1] 192  92
[1] 3647
[1] 192  32
[1] 3648
[1] 192  34
[1] 3649
[1] 192  72
[1] 3650
[1] 192  43
[1] 3651
[1] 192  30
[1] 3652
[1] 192  58
[1] 3653
[1] 192  30
[1] 3654
[1] 192  70
[1] 3655
[1] 192  47
[1] 3656
[1] 192  67
[1] 3657
[1] 192  58
[1] 3658
[1] 192  61
[1] 3659
[1] 192  34
[1] 3660
[1] 192  35
[1] 3661
[1] 192  50
[1] 3662
[1] 192  28
[1] 3663
[1] 192  57
[1] 3664
[1] 192  34
[1] 3665
[1] 192  43
[1] 3666
[1] 192  58
[1] 3667
[1] 192  30
[1] 3668
[1] 192  30
[1] 3669
[1] 192  59
[1] 3670
[1] 192  48
[1] 3671
[1] 192  58
[1] 3672
[1] 192  77
[1] 3673
[1] 192  60
[1] 3674
[1] 192  61
[1] 3675
[1] 192  44
[1] 3676
[1] 192  37
[1] 3677
[1] 192  48
[1] 3678
[1] 192  53
[1] 3679
[1] 192  59
[1] 3680
[1] 192  79
[1] 3681
[1] 192  73
[1] 3682
[1] 192  28
[1] 3683
[1] 192  39
[1] 3684
[1] 192  57
[1] 3685
[1] 192  54
[1] 3686
[1] 192  55
[1] 3687
[1] 192  57
[1] 3688
[1] 192  46
[1] 3689
[1] 192  16
[1] 3690
[1] 192  52
[1] 3691
[1] 192  66
[1] 3692
[1] 192  90
[1] 3693
[1] 192  49
[1] 3694
[1] 192  37
[1] 3695
[1] 192 132
[1] 3696
[1] 192  56
[1] 3697
[1] 192  61
[1] 3698
[1] 192  35
[1] 3699
[1] 192  62
[1] 3700
[1] 192  41
