[1] 801
[1] 192  63
[1] 802
[1] 192  91
[1] 803
[1] 192  70
[1] 804
[1] 192  45
[1] 805
[1] 192  53
[1] 806
[1] 192  73
[1] 807
[1] 192  65
[1] 808
[1] 192  80
[1] 809
[1] 192  43
[1] 810
[1] 192  47
[1] 811
[1] 192  65
[1] 812
[1] 192  47
[1] 813
[1] 192  41
[1] 814
[1] 192  47
[1] 815
[1] 192  53
[1] 816
[1] 192  73
[1] 817
[1] 192  29
[1] 818
[1] 192  45
[1] 819
[1] 192  57
[1] 820
[1] 192  56
[1] 821
[1] 192  95
[1] 822
[1] 192  55
[1] 823
[1] 192  30
[1] 824
[1] 192  68
[1] 825
[1] 192  52
[1] 826
[1] 192  63
[1] 827
[1] 192  54
[1] 828
[1] 192  31
[1] 829
[1] 192  52
[1] 830
[1] 192  58
[1] 831
[1] 192  42
[1] 832
[1] 192  57
[1] 833
[1] 192  87
[1] 834
[1] 192 103
[1] 835
[1] 192  25
[1] 836
[1] 192  56
[1] 837
[1] 192  37
[1] 838
[1] 192  75
[1] 839
[1] 192  88
[1] 840
[1] 192  30
[1] 841
[1] 192  55
[1] 842
[1] 192  62
[1] 843
[1] 192  51
[1] 844
[1] 192  82
[1] 845
[1] 192  27
[1] 846
[1] 192  58
[1] 847
[1] 192  34
[1] 848
[1] 192  69
[1] 849
[1] 192  34
[1] 850
[1] 192  80
[1] 851
[1] 192  84
[1] 852
[1] 192  77
[1] 853
[1] 192  36
[1] 854
[1] 192  72
[1] 855
[1] 192  22
[1] 856
[1] 192  60
[1] 857
[1] 192 101
[1] 858
[1] 192  55
[1] 859
[1] 192  61
[1] 860
[1] 192  19
[1] 861
[1] 192  40
[1] 862
[1] 192  44
[1] 863
[1] 192 105
[1] 864
[1] 192  34
[1] 865
[1] 192  41
[1] 866
[1] 192  34
[1] 867
[1] 192  38
[1] 868
[1] 192  36
[1] 869
[1] 192  62
[1] 870
[1] 192  45
[1] 871
[1] 192  40
[1] 872
[1] 192  52
[1] 873
[1] 192  53
[1] 874
[1] 192  71
[1] 875
[1] 192  50
[1] 876
[1] 192  30
[1] 877
[1] 192  65
[1] 878
[1] 192  61
[1] 879
[1] 192  40
[1] 880
[1] 192  41
[1] 881
[1] 192  16
[1] 882
[1] 192  40
[1] 883
[1] 192  53
[1] 884
[1] 192  84
[1] 885
[1] 192  22
[1] 886
[1] 192  84
[1] 887
[1] 192  29
[1] 888
[1] 192  24
[1] 889
[1] 192  54
[1] 890
[1] 192  68
[1] 891
[1] 192  26
[1] 892
[1] 192  75
[1] 893
[1] 192  59
[1] 894
[1] 192  31
[1] 895
[1] 192  45
[1] 896
[1] 192  69
[1] 897
[1] 192  70
[1] 898
[1] 192  22
[1] 899
[1] 192  70
[1] 900
[1] 192  72
