[1] 3101
[1] 192 125
[1] 3102
[1] 192  51
[1] 3103
[1] 192  49
[1] 3104
[1] 192  61
[1] 3105
[1] 192  15
[1] 3106
[1] 192  62
[1] 3107
[1] 192  56
[1] 3108
[1] 192  20
[1] 3109
[1] 192  52
[1] 3110
[1] 192  42
[1] 3111
[1] 192  30
[1] 3112
[1] 192  35
[1] 3113
[1] 192  51
[1] 3114
[1] 192  23
[1] 3115
[1] 192  21
[1] 3116
[1] 192  47
[1] 3117
[1] 192  46
[1] 3118
[1] 192  46
[1] 3119
[1] 192  39
[1] 3120
[1] 192  36
[1] 3121
[1] 192  35
[1] 3122
[1] 192  35
[1] 3123
[1] 192  45
[1] 3124
[1] 192  24
[1] 3125
[1] 192  26
[1] 3126
[1] 192  33
[1] 3127
[1] 192  51
[1] 3128
[1] 192  56
[1] 3129
[1] 192  55
[1] 3130
[1] 192  47
[1] 3131
[1] 192  45
[1] 3132
[1] 192  27
[1] 3133
[1] 192  19
[1] 3134
[1] 192  59
[1] 3135
[1] 192  79
[1] 3136
[1] 192  48
[1] 3137
[1] 192  53
[1] 3138
[1] 192  58
[1] 3139
[1] 192  32
[1] 3140
[1] 192  43
[1] 3141
[1] 192  36
[1] 3142
[1] 192  14
[1] 3143
[1] 192  54
[1] 3144
[1] 192  52
[1] 3145
[1] 192  56
[1] 3146
[1] 192  51
[1] 3147
[1] 192  51
[1] 3148
[1] 192  37
[1] 3149
[1] 192  52
[1] 3150
[1] 192  35
[1] 3151
[1] 192  33
[1] 3152
[1] 192  47
[1] 3153
[1] 192  45
[1] 3154
[1] 192  59
[1] 3155
[1] 192  57
[1] 3156
[1] 192  69
[1] 3157
[1] 192  26
[1] 3158
[1] 192  65
[1] 3159
[1] 192  21
[1] 3160
[1] 192  19
[1] 3161
[1] 192  20
[1] 3162
[1] 192  48
[1] 3163
[1] 192  42
[1] 3164
[1] 192  21
[1] 3165
[1] 192  10
[1] 3166
[1] 192  53
[1] 3167
[1] 192  58
[1] 3168
[1] 192  54
[1] 3169
[1] 192  20
[1] 3170
[1] 192  64
[1] 3171
[1] 192  65
[1] 3172
[1] 192  30
[1] 3173
[1] 192  64
[1] 3174
[1] 192  43
[1] 3175
[1] 192  31
[1] 3176
[1] 192  81
[1] 3177
[1] 192  38
[1] 3178
[1] 192  38
[1] 3179
[1] 192  43
[1] 3180
[1] 192  86
[1] 3181
[1] 192  44
[1] 3182
[1] 192  62
[1] 3183
[1] 192  71
[1] 3184
[1] 192  50
[1] 3185
[1] 192  61
[1] 3186
[1] 192  70
[1] 3187
[1] 192  57
[1] 3188
[1] 192  46
[1] 3189
[1] 192  72
[1] 3190
[1] 192  50
[1] 3191
[1] 192  21
[1] 3192
[1] 192  22
[1] 3193
[1] 192  32
[1] 3194
[1] 192  52
[1] 3195
[1] 192  39
[1] 3196
[1] 192  51
[1] 3197
[1] 192  47
[1] 3198
[1] 192  32
[1] 3199
[1] 192  69
[1] 3200
[1] 192  20
