[1] 5101
[1] 192  97
[1] 5102
[1] 192  49
[1] 5103
[1] 192  58
[1] 5104
[1] 192  62
[1] 5105
[1] 192  57
[1] 5106
[1] 192  65
[1] 5107
[1] 192  92
[1] 5108
[1] 192  81
[1] 5109
[1] 192  70
[1] 5110
[1] 192  30
[1] 5111
[1] 192  38
[1] 5112
[1] 192  61
[1] 5113
[1] 192  50
[1] 5114
[1] 192  23
[1] 5115
[1] 192  61
[1] 5116
[1] 192  62
[1] 5117
[1] 192  49
[1] 5118
[1] 192  58
[1] 5119
[1] 192  62
[1] 5120
[1] 192  54
[1] 5121
[1] 192  54
[1] 5122
[1] 192  40
[1] 5123
[1] 192  42
[1] 5124
[1] 192  46
[1] 5125
[1] 192  15
[1] 5126
[1] 192  66
[1] 5127
[1] 192  29
[1] 5128
[1] 192  17
[1] 5129
[1] 192  24
[1] 5130
[1] 192  50
[1] 5131
[1] 192  50
[1] 5132
[1] 192  54
[1] 5133
[1] 192  58
[1] 5134
[1] 192  65
[1] 5135
[1] 192  34
[1] 5136
[1] 192  19
[1] 5137
[1] 192  34
[1] 5138
[1] 192  26
[1] 5139
[1] 192  42
[1] 5140
[1] 192  45
[1] 5141
[1] 192  22
[1] 5142
[1] 192  61
[1] 5143
[1] 192  57
[1] 5144
[1] 192  18
[1] 5145
[1] 192  17
[1] 5146
[1] 192  51
[1] 5147
[1] 192  65
[1] 5148
[1] 192  95
[1] 5149
[1] 192  27
[1] 5150
[1] 192  31
[1] 5151
[1] 192  42
[1] 5152
[1] 192  25
[1] 5153
[1] 192  62
[1] 5154
[1] 192  58
[1] 5155
[1] 192  35
[1] 5156
[1] 192  36
[1] 5157
[1] 192  72
[1] 5158
[1] 192  59
[1] 5159
[1] 192  61
[1] 5160
[1] 192  79
[1] 5161
[1] 192  61
[1] 5162
[1] 192  37
[1] 5163
[1] 192  71
[1] 5164
[1] 192  61
[1] 5165
[1] 192  64
[1] 5166
[1] 192 116
[1] 5167
[1] 192  55
[1] 5168
[1] 192  71
[1] 5169
[1] 192  67
[1] 5170
[1] 192  41
[1] 5171
[1] 192  52
[1] 5172
[1] 192  50
[1] 5173
[1] 192  61
[1] 5174
[1] 192  52
[1] 5175
[1] 192  45
[1] 5176
[1] 192  46
[1] 5177
[1] 192  45
[1] 5178
[1] 192  27
[1] 5179
[1] 192 109
[1] 5180
[1] 192  21
[1] 5181
[1] 192  15
[1] 5182
[1] 192  53
[1] 5183
[1] 192  15
[1] 5184
[1] 192  46
[1] 5185
[1] 192  53
[1] 5186
[1] 192  55
[1] 5187
[1] 192  37
[1] 5188
[1] 192  49
[1] 5189
[1] 192  75
[1] 5190
[1] 192  78
[1] 5191
[1] 192  83
[1] 5192
[1] 192  97
[1] 5193
[1] 192 113
[1] 5194
[1] 192  33
[1] 5195
[1] 192  60
[1] 5196
[1] 192  14
[1] 5197
[1] 192  62
[1] 5198
[1] 192 114
[1] 5199
[1] 192 355
[1] 5200
[1] 192 131
