[1] 101
[1] 192  60
[1] 102
[1] 192  63
[1] 103
[1] 192  30
[1] 104
[1] 192  48
[1] 105
[1] 192  62
[1] 106
[1] 192  49
[1] 107
[1] 192  70
[1] 108
[1] 192  26
[1] 109
[1] 192  43
[1] 110
[1] 192  73
[1] 111
[1] 192  61
[1] 112
[1] 192  37
[1] 113
[1] 192  44
[1] 114
[1] 192  63
[1] 115
[1] 192  30
[1] 116
[1] 192  74
[1] 117
[1] 192  27
[1] 118
[1] 192  29
[1] 119
[1] 192  64
[1] 120
[1] 192  24
[1] 121
[1] 192  39
[1] 122
[1] 192  51
[1] 123
[1] 192  66
[1] 124
[1] 192  48
[1] 125
[1] 192  63
[1] 126
[1] 192  73
[1] 127
[1] 192  41
[1] 128
[1] 192 100
[1] 129
[1] 192  58
[1] 130
[1] 192  61
[1] 131
[1] 192  44
[1] 132
[1] 192  69
[1] 133
[1] 192  45
[1] 134
[1] 192  36
[1] 135
[1] 192  34
[1] 136
[1] 192  22
[1] 137
[1] 192  64
[1] 138
[1] 192  45
[1] 139
[1] 192  19
[1] 140
[1] 192  71
[1] 141
[1] 192  38
[1] 142
[1] 192  34
[1] 143
[1] 192  54
[1] 144
[1] 192  41
[1] 145
[1] 192  56
[1] 146
[1] 192  74
[1] 147
[1] 192  35
[1] 148
[1] 192  20
[1] 149
[1] 192  73
[1] 150
[1] 192  71
[1] 151
[1] 192  58
[1] 152
[1] 192  62
[1] 153
[1] 192  22
[1] 154
[1] 192  26
[1] 155
[1] 192  45
[1] 156
[1] 192  52
[1] 157
[1] 192  76
[1] 158
[1] 192  54
[1] 159
[1] 192  33
[1] 160
[1] 192  30
[1] 161
[1] 192  68
[1] 162
[1] 192  28
[1] 163
[1] 192  32
[1] 164
[1] 192  84
[1] 165
[1] 192  46
[1] 166
[1] 192  63
[1] 167
[1] 192  48
[1] 168
[1] 192  33
[1] 169
[1] 192  65
[1] 170
[1] 192  39
[1] 171
[1] 192  41
[1] 172
[1] 192  38
[1] 173
[1] 192  17
[1] 174
[1] 192  77
[1] 175
[1] 192  49
[1] 176
[1] 192  69
[1] 177
[1] 192  63
[1] 178
[1] 192  68
[1] 179
[1] 192  73
[1] 180
[1] 192  69
[1] 181
[1] 192  22
[1] 182
[1] 192  60
[1] 183
[1] 192  61
[1] 184
[1] 192  49
[1] 185
[1] 192  33
[1] 186
[1] 192  47
[1] 187
[1] 192  25
[1] 188
[1] 192  64
[1] 189
[1] 192  44
[1] 190
[1] 192  63
[1] 191
[1] 192  42
[1] 192
[1] 192  42
[1] 193
[1] 192  54
[1] 194
[1] 192  68
[1] 195
[1] 192  37
[1] 196
[1] 192  52
[1] 197
[1] 192  75
[1] 198
[1] 192  29
[1] 199
[1] 192  27
[1] 200
[1] 192  66
