[1] 9701
[1] 192  34
[1] 9702
[1] 192  55
[1] 9703
[1] 192  70
[1] 9704
[1] 192  92
[1] 9705
[1] 192  18
[1] 9706
[1] 192  37
[1] 9707
[1] 192  36
[1] 9708
[1] 192  60
[1] 9709
[1] 192  71
[1] 9710
[1] 192  59
[1] 9711
[1] 192  15
[1] 9712
[1] 192  22
[1] 9713
[1] 192 105
[1] 9714
[1] 192  69
[1] 9715
[1] 192  64
[1] 9716
[1] 192  78
[1] 9717
[1] 192  32
[1] 9718
[1] 192  23
[1] 9719
[1] 192  54
[1] 9720
[1] 192  78
[1] 9721
[1] 192  67
[1] 9722
[1] 192  64
[1] 9723
[1] 192  78
[1] 9724
[1] 192  31
[1] 9725
[1] 192  46
[1] 9726
[1] 192  46
[1] 9727
[1] 192  39
[1] 9728
[1] 192  56
[1] 9729
[1] 192  45
[1] 9730
[1] 192  14
[1] 9731
[1] 192  64
[1] 9732
[1] 192  45
[1] 9733
[1] 192  69
[1] 9734
[1] 192  37
[1] 9735
[1] 192  35
[1] 9736
[1] 192  26
[1] 9737
[1] 192  41
[1] 9738
[1] 192  57
[1] 9739
[1] 192  12
[1] 9740
[1] 192  90
[1] 9741
[1] 192  67
[1] 9742
[1] 192  15
[1] 9743
[1] 192  80
[1] 9744
[1] 192  56
[1] 9745
[1] 192  19
[1] 9746
[1] 192 109
[1] 9747
[1] 192  44
[1] 9748
[1] 192  42
[1] 9749
[1] 192  56
[1] 9750
[1] 192  55
[1] 9751
[1] 192  58
[1] 9752
[1] 192  54
[1] 9753
[1] 192  32
[1] 9754
[1] 192  26
[1] 9755
[1] 192  82
[1] 9756
[1] 192  29
[1] 9757
[1] 192  46
[1] 9758
[1] 192  15
[1] 9759
[1] 192  43
[1] 9760
[1] 192  49
[1] 9761
[1] 192  68
[1] 9762
[1] 192  39
[1] 9763
[1] 192  38
[1] 9764
[1] 192  45
[1] 9765
[1] 192  37
[1] 9766
[1] 192  48
[1] 9767
[1] 192  67
[1] 9768
[1] 192  55
[1] 9769
[1] 192  57
[1] 9770
[1] 192  48
[1] 9771
[1] 192  30
[1] 9772
[1] 192  67
[1] 9773
[1] 192  61
[1] 9774
[1] 192  26
[1] 9775
[1] 192  19
[1] 9776
[1] 192  80
[1] 9777
[1] 192  42
[1] 9778
[1] 192  38
[1] 9779
[1] 192  76
[1] 9780
[1] 192  97
[1] 9781
[1] 192  58
[1] 9782
[1] 192  64
[1] 9783
[1] 192  43
[1] 9784
[1] 192  37
[1] 9785
[1] 192  21
[1] 9786
[1] 192  66
[1] 9787
[1] 192  76
[1] 9788
[1] 192  89
[1] 9789
[1] 192  49
[1] 9790
[1] 192  19
[1] 9791
[1] 192  34
[1] 9792
[1] 192  53
[1] 9793
[1] 192  59
[1] 9794
[1] 192  60
[1] 9795
[1] 192  24
[1] 9796
[1] 192  29
[1] 9797
[1] 192  26
[1] 9798
[1] 192  37
[1] 9799
[1] 192  75
[1] 9800
[1] 192  39
