[1] 7101
[1] 192  44
[1] 7102
[1] 192  41
[1] 7103
[1] 192  38
[1] 7104
[1] 192  68
[1] 7105
[1] 192  82
[1] 7106
[1] 192  54
[1] 7107
[1] 192  60
[1] 7108
[1] 192  76
[1] 7109
[1] 192  57
[1] 7110
[1] 192  65
[1] 7111
[1] 192  54
[1] 7112
[1] 192  82
[1] 7113
[1] 192  44
[1] 7114
[1] 192  55
[1] 7115
[1] 192  48
[1] 7116
[1] 192 105
[1] 7117
[1] 192  53
[1] 7118
[1] 192  63
[1] 7119
[1] 192  78
[1] 7120
[1] 192  35
[1] 7121
[1] 192  36
[1] 7122
[1] 192  28
[1] 7123
[1] 192  41
[1] 7124
[1] 192  60
[1] 7125
[1] 192  59
[1] 7126
[1] 192  72
[1] 7127
[1] 192  51
[1] 7128
[1] 192  60
[1] 7129
[1] 192  68
[1] 7130
[1] 192  87
[1] 7131
[1] 192  68
[1] 7132
[1] 192  48
[1] 7133
[1] 192  49
[1] 7134
[1] 192  42
[1] 7135
[1] 192  65
[1] 7136
[1] 192  44
[1] 7137
[1] 192  27
[1] 7138
[1] 192  49
[1] 7139
[1] 192  35
[1] 7140
[1] 192  56
[1] 7141
[1] 192  32
[1] 7142
[1] 192  55
[1] 7143
[1] 192  29
[1] 7144
[1] 192  59
[1] 7145
[1] 192  72
[1] 7146
[1] 192  35
[1] 7147
[1] 192  52
[1] 7148
[1] 192  52
[1] 7149
[1] 192 108
[1] 7150
[1] 192  66
[1] 7151
[1] 192  60
[1] 7152
[1] 192  34
[1] 7153
[1] 192  65
[1] 7154
[1] 192  34
[1] 7155
[1] 192  34
[1] 7156
[1] 192  36
[1] 7157
[1] 192  56
[1] 7158
[1] 192  55
[1] 7159
[1] 192  42
[1] 7160
[1] 192  69
[1] 7161
[1] 192  67
[1] 7162
[1] 192 157
[1] 7163
[1] 192  36
[1] 7164
[1] 192  45
[1] 7165
[1] 192  48
[1] 7166
[1] 192  59
[1] 7167
[1] 192  18
[1] 7168
[1] 192  80
[1] 7169
[1] 192  36
[1] 7170
[1] 192  37
[1] 7171
[1] 192  50
[1] 7172
[1] 192  81
[1] 7173
[1] 192  47
[1] 7174
[1] 192  98
[1] 7175
[1] 192  54
[1] 7176
[1] 192  87
[1] 7177
[1] 192  88
[1] 7178
[1] 192  84
[1] 7179
[1] 192  83
[1] 7180
[1] 192  28
[1] 7181
[1] 192  57
[1] 7182
[1] 192  63
[1] 7183
[1] 192  74
[1] 7184
[1] 192  18
[1] 7185
[1] 192  48
[1] 7186
[1] 192  56
[1] 7187
[1] 192  43
[1] 7188
[1] 192  41
[1] 7189
[1] 192  43
[1] 7190
[1] 192  51
[1] 7191
[1] 192  41
[1] 7192
[1] 192 106
[1] 7193
[1] 192  54
[1] 7194
[1] 192  42
[1] 7195
[1] 192  49
[1] 7196
[1] 192  37
[1] 7197
[1] 192  41
[1] 7198
[1] 192  35
[1] 7199
[1] 192  54
[1] 7200
[1] 192  34
