[1] 6601
[1] 192  54
[1] 6602
[1] 192  53
[1] 6603
[1] 192  56
[1] 6604
[1] 192  45
[1] 6605
[1] 192  47
[1] 6606
[1] 192  47
[1] 6607
[1] 192  47
[1] 6608
[1] 192  76
[1] 6609
[1] 192  64
[1] 6610
[1] 192  57
[1] 6611
[1] 192  39
[1] 6612
[1] 192  62
[1] 6613
[1] 192  64
[1] 6614
[1] 192  92
[1] 6615
[1] 192  71
[1] 6616
[1] 192  83
[1] 6617
[1] 192  85
[1] 6618
[1] 192  80
[1] 6619
[1] 192  74
[1] 6620
[1] 192  77
[1] 6621
[1] 192  61
[1] 6622
[1] 192  40
[1] 6623
[1] 192  64
[1] 6624
[1] 192  35
[1] 6625
[1] 192 105
[1] 6626
[1] 192 106
[1] 6627
[1] 192  68
[1] 6628
[1] 192  39
[1] 6629
[1] 192  40
[1] 6630
[1] 192  33
[1] 6631
[1] 192  32
[1] 6632
[1] 192  60
[1] 6633
[1] 192  88
[1] 6634
[1] 192  19
[1] 6635
[1] 192  18
[1] 6636
[1] 192  18
[1] 6637
[1] 192  50
[1] 6638
[1] 192  31
[1] 6639
[1] 192  71
[1] 6640
[1] 192  10
[1] 6641
[1] 192 102
[1] 6642
[1] 192  29
[1] 6643
[1] 192  27
[1] 6644
[1] 192  51
[1] 6645
[1] 192  60
[1] 6646
[1] 192  35
[1] 6647
[1] 192  50
[1] 6648
[1] 192  52
[1] 6649
[1] 192  40
[1] 6650
[1] 192  41
[1] 6651
[1] 192  62
[1] 6652
[1] 192  56
[1] 6653
[1] 192  18
[1] 6654
[1] 192  45
[1] 6655
[1] 192  27
[1] 6656
[1] 192  25
[1] 6657
[1] 192  27
[1] 6658
[1] 192  40
[1] 6659
[1] 192  39
[1] 6660
[1] 192  39
[1] 6661
[1] 192  31
[1] 6662
[1] 192  27
[1] 6663
[1] 192  21
[1] 6664
[1] 192  57
[1] 6665
[1] 192  53
[1] 6666
[1] 192  25
[1] 6667
[1] 192  37
[1] 6668
[1] 192  15
[1] 6669
[1] 192  16
[1] 6670
[1] 192  65
[1] 6671
[1] 192  25
[1] 6672
[1] 192  27
[1] 6673
[1] 192  63
[1] 6674
[1] 192  27
[1] 6675
[1] 192  27
[1] 6676
[1] 192  88
[1] 6677
[1] 192  27
[1] 6678
[1] 192  27
[1] 6679
[1] 192  28
[1] 6680
[1] 192  27
[1] 6681
[1] 192  38
[1] 6682
[1] 192  39
[1] 6683
[1] 192  39
[1] 6684
[1] 192  19
[1] 6685
[1] 192  50
[1] 6686
[1] 192  26
[1] 6687
[1] 192  20
[1] 6688
[1] 192  34
[1] 6689
[1] 192  65
[1] 6690
[1] 192  35
[1] 6691
[1] 192  69
[1] 6692
[1] 192  66
[1] 6693
[1] 192  68
[1] 6694
[1] 192  43
[1] 6695
[1] 192  55
[1] 6696
[1] 192  72
[1] 6697
[1] 192  50
[1] 6698
[1] 192  46
[1] 6699
[1] 192  34
[1] 6700
[1] 192  27
