[1] 6101
[1] 192  50
[1] 6102
[1] 192  59
[1] 6103
[1] 192  58
[1] 6104
[1] 192  56
[1] 6105
[1] 192  52
[1] 6106
[1] 192  51
[1] 6107
[1] 192  43
[1] 6108
[1] 192  20
[1] 6109
[1] 192  76
[1] 6110
[1] 192  73
[1] 6111
[1] 192  35
[1] 6112
[1] 192  57
[1] 6113
[1] 192  64
[1] 6114
[1] 192 116
[1] 6115
[1] 192  55
[1] 6116
[1] 192  55
[1] 6117
[1] 192  43
[1] 6118
[1] 192  35
[1] 6119
[1] 192  84
[1] 6120
[1] 192  50
[1] 6121
[1] 192  33
[1] 6122
[1] 192  94
[1] 6123
[1] 192  75
[1] 6124
[1] 192  20
[1] 6125
[1] 192  24
[1] 6126
[1] 192  51
[1] 6127
[1] 192  48
[1] 6128
[1] 192  96
[1] 6129
[1] 192  56
[1] 6130
[1] 192  61
[1] 6131
[1] 192  40
[1] 6132
[1] 192  63
[1] 6133
[1] 192  40
[1] 6134
[1] 192  38
[1] 6135
[1] 192  87
[1] 6136
[1] 192  53
[1] 6137
[1] 192  68
[1] 6138
[1] 192  51
[1] 6139
[1] 192  57
[1] 6140
[1] 192  48
[1] 6141
[1] 192  39
[1] 6142
[1] 192  98
[1] 6143
[1] 192  52
[1] 6144
[1] 192  53
[1] 6145
[1] 192  36
[1] 6146
[1] 192  30
[1] 6147
[1] 192  45
[1] 6148
[1] 192  48
[1] 6149
[1] 192  30
[1] 6150
[1] 192  64
[1] 6151
[1] 192  44
[1] 6152
[1] 192  38
[1] 6153
[1] 192  57
[1] 6154
[1] 192  54
[1] 6155
[1] 192  63
[1] 6156
[1] 192  78
[1] 6157
[1] 192  51
[1] 6158
[1] 192  33
[1] 6159
[1] 192  75
[1] 6160
[1] 192  30
[1] 6161
[1] 192  34
[1] 6162
[1] 192  36
[1] 6163
[1] 192  70
[1] 6164
[1] 192  41
[1] 6165
[1] 192  80
[1] 6166
[1] 192  75
[1] 6167
[1] 192  52
[1] 6168
[1] 192  44
[1] 6169
[1] 192  23
[1] 6170
[1] 192  22
[1] 6171
[1] 192  41
[1] 6172
[1] 192 405
[1] 6173
[1] 192  76
[1] 6174
[1] 192  29
[1] 6175
[1] 192  49
[1] 6176
[1] 192  93
[1] 6177
[1] 192  94
[1] 6178
[1] 192  45
[1] 6179
[1] 192  54
[1] 6180
[1] 192  64
[1] 6181
[1] 192  58
[1] 6182
[1] 192  49
[1] 6183
[1] 192  82
[1] 6184
[1] 192  28
[1] 6185
[1] 192  42
[1] 6186
[1] 192  46
[1] 6187
[1] 192  50
[1] 6188
[1] 192  92
[1] 6189
[1] 192 101
[1] 6190
[1] 192  52
[1] 6191
[1] 192  89
[1] 6192
[1] 192  31
[1] 6193
[1] 192  35
[1] 6194
[1] 192  42
[1] 6195
[1] 192  62
[1] 6196
[1] 192  46
[1] 6197
[1] 192  59
[1] 6198
[1] 192  35
[1] 6199
[1] 192  34
[1] 6200
[1] 192  74
