[1] 4901
[1] 192  38
[1] 4902
[1] 192  54
[1] 4903
[1] 192  48
[1] 4904
[1] 192  70
[1] 4905
[1] 192  46
[1] 4906
[1] 192  45
[1] 4907
[1] 192  81
[1] 4908
[1] 192  54
[1] 4909
[1] 192  56
[1] 4910
[1] 192  23
[1] 4911
[1] 192  21
[1] 4912
[1] 192  47
[1] 4913
[1] 192  44
[1] 4914
[1] 192  65
[1] 4915
[1] 192  21
[1] 4916
[1] 192  27
[1] 4917
[1] 192  78
[1] 4918
[1] 192  51
[1] 4919
[1] 192  32
[1] 4920
[1] 192  32
[1] 4921
[1] 192 107
[1] 4922
[1] 192  60
[1] 4923
[1] 192  58
[1] 4924
[1] 192  40
[1] 4925
[1] 192  42
[1] 4926
[1] 192  92
[1] 4927
[1] 192  50
[1] 4928
[1] 192  47
[1] 4929
[1] 192  88
[1] 4930
[1] 192  61
[1] 4931
[1] 192  53
[1] 4932
[1] 192  71
[1] 4933
[1] 192  38
[1] 4934
[1] 192  43
[1] 4935
[1] 192  18
[1] 4936
[1] 192  14
[1] 4937
[1] 192  15
[1] 4938
[1] 192  15
[1] 4939
[1] 192  57
[1] 4940
[1] 192  47
[1] 4941
[1] 192  43
[1] 4942
[1] 192  51
[1] 4943
[1] 192  54
[1] 4944
[1] 192  53
[1] 4945
[1] 192  51
[1] 4946
[1] 192  24
[1] 4947
[1] 192  36
[1] 4948
[1] 192  38
[1] 4949
[1] 192  43
[1] 4950
[1] 192  52
[1] 4951
[1] 192  58
[1] 4952
[1] 192  68
[1] 4953
[1] 192  51
[1] 4954
[1] 192  49
[1] 4955
[1] 192  33
[1] 4956
[1] 192  34
[1] 4957
[1] 192  21
[1] 4958
[1] 192  19
[1] 4959
[1] 192  24
[1] 4960
[1] 192  38
[1] 4961
[1] 192  25
[1] 4962
[1] 192  49
[1] 4963
[1] 192  70
[1] 4964
[1] 192  45
[1] 4965
[1] 192  60
[1] 4966
[1] 192  28
[1] 4967
[1] 192  40
[1] 4968
[1] 192  38
[1] 4969
[1] 192  33
[1] 4970
[1] 192  35
[1] 4971
[1] 192  26
[1] 4972
[1] 192  32
[1] 4973
[1] 192  44
[1] 4974
[1] 192  27
[1] 4975
[1] 192  35
[1] 4976
[1] 192  32
[1] 4977
[1] 192  38
[1] 4978
[1] 192  76
[1] 4979
[1] 192  97
[1] 4980
[1] 192  59
[1] 4981
[1] 192  48
[1] 4982
[1] 192  30
[1] 4983
[1] 192  62
[1] 4984
[1] 192  57
[1] 4985
[1] 192  30
[1] 4986
[1] 192  36
[1] 4987
[1] 192  96
[1] 4988
[1] 192  42
[1] 4989
[1] 192  59
[1] 4990
[1] 192  49
[1] 4991
[1] 192  45
[1] 4992
[1] 192  29
[1] 4993
[1] 192  49
[1] 4994
[1] 192  70
[1] 4995
[1] 192  51
[1] 4996
[1] 192  64
[1] 4997
[1] 192  39
[1] 4998
[1] 192  52
[1] 4999
[1] 192  58
[1] 5000
[1] 192  88
