[1] 10501
[1] 192 104
[1] 10502
[1] 192  22
[1] 10503
[1] 192  54
[1] 10504
[1] 192  61
[1] 10505
[1] 192  25
[1] 10506
[1] 192  76
[1] 10507
[1] 192  47
[1] 10508
[1] 192  51
[1] 10509
[1] 192  70
[1] 10510
[1] 192  16
[1] 10511
[1] 192  40
[1] 10512
[1] 192  41
[1] 10513
[1] 192  51
[1] 10514
[1] 192  59
[1] 10515
[1] 192  49
[1] 10516
[1] 192  23
[1] 10517
[1] 192  21
[1] 10518
[1] 192  71
[1] 10519
[1] 192  49
[1] 10520
[1] 192  33
[1] 10521
[1] 192  34
[1] 10522
[1] 192  65
[1] 10523
[1] 192  34
[1] 10524
[1] 192  32
[1] 10525
[1] 192  69
[1] 10526
[1] 192  27
[1] 10527
[1] 192  30
[1] 10528
[1] 192  77
[1] 10529
[1] 192  48
[1] 10530
[1] 192  54
[1] 10531
[1] 192  54
[1] 10532
[1] 192  70
[1] 10533
[1] 192  74
[1] 10534
[1] 192  26
[1] 10535
[1] 192  71
[1] 10536
[1] 192  94
[1] 10537
[1] 192  23
[1] 10538
[1] 192  64
[1] 10539
[1] 192  71
[1] 10540
[1] 192  81
[1] 10541
[1] 192  36
[1] 10542
[1] 192  64
[1] 10543
[1] 192  20
[1] 10544
[1] 192  53
[1] 10545
[1] 192  36
[1] 10546
[1] 192  39
[1] 10547
[1] 192  71
[1] 10548
[1] 192  40
[1] 10549
[1] 192  95
[1] 10550
[1] 192  45
[1] 10551
[1] 192  18
[1] 10552
[1] 192 124
[1] 10553
[1] 192  40
[1] 10554
[1] 192  42
[1] 10555
[1] 192  48
[1] 10556
[1] 192  42
[1] 10557
[1] 192  66
[1] 10558
[1] 192  51
[1] 10559
[1] 192  51
[1] 10560
[1] 192  49
[1] 10561
[1] 192  37
[1] 10562
[1] 192  20
[1] 10563
[1] 192  41
[1] 10564
[1] 192  19
[1] 10565
[1] 192  27
[1] 10566
[1] 192  20
[1] 10567
[1] 192  21
[1] 10568
[1] 192  59
[1] 10569
[1] 192  54
[1] 10570
[1] 192  49
[1] 10571
[1] 192  70
[1] 10572
[1] 192  18
[1] 10573
[1] 192  56
[1] 10574
[1] 192  54
[1] 10575
[1] 192  56
[1] 10576
[1] 192  66
[1] 10577
[1] 192  69
[1] 10578
[1] 192  33
[1] 10579
[1] 192  43
[1] 10580
[1] 192  27
[1] 10581
[1] 192  49
[1] 10582
[1] 192  35
[1] 10583
[1] 192  76
[1] 10584
[1] 192  52
[1] 10585
[1] 192  47
