[1] 8001
[1] 192   9
[1] 8002
[1] 192  34
[1] 8003
[1] 192  34
[1] 8004
[1] 192  29
[1] 8005
[1] 192  26
[1] 8006
[1] 192  47
[1] 8007
[1] 192  11
[1] 8008
[1] 192  17
[1] 8009
[1] 192  25
[1] 8010
[1] 192  91
[1] 8011
[1] 192  46
[1] 8012
[1] 192  10
[1] 8013
[1] 192  60
[1] 8014
[1] 192  39
[1] 8015
[1] 192  41
[1] 8016
[1] 192  84
[1] 8017
[1] 192  67
[1] 8018
[1] 192  54
[1] 8019
[1] 192  91
[1] 8020
[1] 192  54
[1] 8021
[1] 192  53
[1] 8022
[1] 192  56
[1] 8023
[1] 192  88
[1] 8024
[1] 192  57
[1] 8025
[1] 192  81
[1] 8026
[1] 192  67
[1] 8027
[1] 192  97
[1] 8028
[1] 192  64
[1] 8029
[1] 192  89
[1] 8030
[1] 192  37
[1] 8031
[1] 192  30
[1] 8032
[1] 192  27
[1] 8033
[1] 192  36
[1] 8034
[1] 192  24
[1] 8035
[1] 192  30
[1] 8036
[1] 192  53
[1] 8037
[1] 192  45
[1] 8038
[1] 192  24
[1] 8039
[1] 192  20
[1] 8040
[1] 192  59
[1] 8041
[1] 192  71
[1] 8042
[1] 192  46
[1] 8043
[1] 192  23
[1] 8044
[1] 192  65
[1] 8045
[1] 192  68
[1] 8046
[1] 192  49
[1] 8047
[1] 192  27
[1] 8048
[1] 192  26
[1] 8049
[1] 192  68
[1] 8050
[1] 192  51
[1] 8051
[1] 192  66
[1] 8052
[1] 192  40
[1] 8053
[1] 192  53
[1] 8054
[1] 192  42
[1] 8055
[1] 192  31
[1] 8056
[1] 192  31
[1] 8057
[1] 192  62
[1] 8058
[1] 192  31
[1] 8059
[1] 192 124
[1] 8060
[1] 192  93
[1] 8061
[1] 192 164
[1] 8062
[1] 192  44
[1] 8063
[1] 192  35
[1] 8064
[1] 192  32
[1] 8065
[1] 192  56
[1] 8066
[1] 192  50
[1] 8067
[1] 192  51
[1] 8068
[1] 192  64
[1] 8069
[1] 192  58
[1] 8070
[1] 192  38
[1] 8071
[1] 192  23
[1] 8072
[1] 192  75
[1] 8073
[1] 192  72
[1] 8074
[1] 192  62
[1] 8075
[1] 192  73
[1] 8076
[1] 192  63
[1] 8077
[1] 192  63
[1] 8078
[1] 192  62
[1] 8079
[1] 192  63
[1] 8080
[1] 192  77
[1] 8081
[1] 192 110
[1] 8082
[1] 192  24
[1] 8083
[1] 192  65
[1] 8084
[1] 192  37
[1] 8085
[1] 192  52
[1] 8086
[1] 192  43
[1] 8087
[1] 192  34
[1] 8088
[1] 192  61
[1] 8089
[1] 192  93
[1] 8090
[1] 192  47
[1] 8091
[1] 192  56
[1] 8092
[1] 192  47
[1] 8093
[1] 192  59
[1] 8094
[1] 192  55
[1] 8095
[1] 192  22
[1] 8096
[1] 192  24
[1] 8097
[1] 192  23
[1] 8098
[1] 192  48
[1] 8099
[1] 192   1
[1] 8100
[1] 192  73
