[1] 1901
[1] 192  50
[1] 1902
[1] 192  56
[1] 1903
[1] 192  37
[1] 1904
[1] 192  72
[1] 1905
[1] 192  21
[1] 1906
[1] 192  18
[1] 1907
[1] 192  21
[1] 1908
[1] 192  54
[1] 1909
[1] 192  59
[1] 1910
[1] 192  34
[1] 1911
[1] 192  42
[1] 1912
[1] 192  35
[1] 1913
[1] 192  42
[1] 1914
[1] 192  35
[1] 1915
[1] 192  50
[1] 1916
[1] 192  31
[1] 1917
[1] 192  35
[1] 1918
[1] 192  90
[1] 1919
[1] 192  39
[1] 1920
[1] 192  63
[1] 1921
[1] 192  60
[1] 1922
[1] 192  63
[1] 1923
[1] 192  60
[1] 1924
[1] 192  60
[1] 1925
[1] 192  49
[1] 1926
[1] 192  87
[1] 1927
[1] 192  93
[1] 1928
[1] 192  99
[1] 1929
[1] 192  42
[1] 1930
[1] 192  62
[1] 1931
[1] 192  41
[1] 1932
[1] 192  38
[1] 1933
[1] 192  88
[1] 1934
[1] 192  39
[1] 1935
[1] 192  81
[1] 1936
[1] 192  36
[1] 1937
[1] 192  91
[1] 1938
[1] 192  54
[1] 1939
[1] 192 140
[1] 1940
[1] 192 115
[1] 1941
[1] 192  73
[1] 1942
[1] 192  10
[1] 1943
[1] 192  52
[1] 1944
[1] 192  90
[1] 1945
[1] 192  72
[1] 1946
[1] 192  31
[1] 1947
[1] 192  77
[1] 1948
[1] 192  75
[1] 1949
[1] 192  66
[1] 1950
[1] 192  36
[1] 1951
[1] 192  44
[1] 1952
[1] 192  48
[1] 1953
[1] 192  51
[1] 1954
[1] 192  45
[1] 1955
[1] 192  55
[1] 1956
[1] 192  61
[1] 1957
[1] 192  53
[1] 1958
[1] 192  52
[1] 1959
[1] 192  58
[1] 1960
[1] 192  58
[1] 1961
[1] 192  47
[1] 1962
[1] 192  44
[1] 1963
[1] 192  52
[1] 1964
[1] 192  66
[1] 1965
[1] 192  59
[1] 1966
[1] 192  55
[1] 1967
[1] 192  52
[1] 1968
[1] 192  78
[1] 1969
[1] 192  68
[1] 1970
[1] 192  26
[1] 1971
[1] 192  54
[1] 1972
[1] 192  68
[1] 1973
[1] 192  52
[1] 1974
[1] 192  71
[1] 1975
[1] 192  37
[1] 1976
[1] 192  37
[1] 1977
[1] 192  60
[1] 1978
[1] 192  41
[1] 1979
[1] 192  49
[1] 1980
[1] 192  42
[1] 1981
[1] 192  65
[1] 1982
[1] 192  65
[1] 1983
[1] 192  45
[1] 1984
[1] 192  72
[1] 1985
[1] 192  41
[1] 1986
[1] 192  74
[1] 1987
[1] 192  29
[1] 1988
[1] 192  32
[1] 1989
[1] 192  94
[1] 1990
[1] 192  45
[1] 1991
[1] 192  55
[1] 1992
[1] 192  81
[1] 1993
[1] 192  34
[1] 1994
[1] 192  51
[1] 1995
[1] 192  56
[1] 1996
[1] 192  57
[1] 1997
[1] 192  62
[1] 1998
[1] 192  70
[1] 1999
[1] 192  86
[1] 2000
[1] 192  80
