[1] 5701
[1] 192  41
[1] 5702
[1] 192  68
[1] 5703
[1] 192  55
[1] 5704
[1] 192  42
[1] 5705
[1] 192  66
[1] 5706
[1] 192  57
[1] 5707
[1] 192  37
[1] 5708
[1] 192  54
[1] 5709
[1] 192  70
[1] 5710
[1] 192  19
[1] 5711
[1] 192  23
[1] 5712
[1] 192  74
[1] 5713
[1] 192  50
[1] 5714
[1] 192  93
[1] 5715
[1] 192  56
[1] 5716
[1] 192  56
[1] 5717
[1] 192   6
[1] 5718
[1] 192  85
[1] 5719
[1] 192 102
[1] 5720
[1] 192  82
[1] 5721
[1] 192  72
[1] 5722
[1] 192  31
[1] 5723
[1] 192  43
[1] 5724
[1] 192  38
[1] 5725
[1] 192  44
[1] 5726
[1] 192  34
[1] 5727
[1] 192  38
[1] 5728
[1] 192  32
[1] 5729
[1] 192  36
[1] 5730
[1] 192  38
[1] 5731
[1] 192  43
[1] 5732
[1] 192  19
[1] 5733
[1] 192  87
[1] 5734
[1] 192  24
[1] 5735
[1] 192  27
[1] 5736
[1] 192  57
[1] 5737
[1] 192  45
[1] 5738
[1] 192  36
[1] 5739
[1] 192  21
[1] 5740
[1] 192  59
[1] 5741
[1] 192  64
[1] 5742
[1] 192  53
[1] 5743
[1] 192  43
[1] 5744
[1] 192  37
[1] 5745
[1] 192  30
[1] 5746
[1] 192  38
[1] 5747
[1] 192  52
[1] 5748
[1] 192  33
[1] 5749
[1] 192 135
[1] 5750
[1] 192 100
[1] 5751
[1] 192  71
[1] 5752
[1] 192  76
[1] 5753
[1] 192  87
[1] 5754
[1] 192  47
[1] 5755
[1] 192  53
[1] 5756
[1] 192  97
[1] 5757
[1] 192  84
[1] 5758
[1] 192  70
[1] 5759
[1] 192  25
[1] 5760
[1] 192  25
[1] 5761
[1] 192  52
[1] 5762
[1] 192  17
[1] 5763
[1] 192  53
[1] 5764
[1] 192  31
[1] 5765
[1] 192  36
[1] 5766
[1] 192  47
[1] 5767
[1] 192  26
[1] 5768
[1] 192  49
[1] 5769
[1] 192  65
[1] 5770
[1] 192  62
[1] 5771
[1] 192  51
[1] 5772
[1] 192  50
[1] 5773
[1] 192  41
[1] 5774
[1] 192  30
[1] 5775
[1] 192  56
[1] 5776
[1] 192  60
[1] 5777
[1] 192  50
[1] 5778
[1] 192  63
[1] 5779
[1] 192  66
[1] 5780
[1] 192  45
[1] 5781
[1] 192  20
[1] 5782
[1] 192  25
[1] 5783
[1] 192  57
[1] 5784
[1] 192  98
[1] 5785
[1] 192  87
[1] 5786
[1] 192  60
[1] 5787
[1] 192  98
[1] 5788
[1] 192  88
[1] 5789
[1] 192  65
[1] 5790
[1] 192  77
[1] 5791
[1] 192  62
[1] 5792
[1] 192  72
[1] 5793
[1] 192  59
[1] 5794
[1] 192  38
[1] 5795
[1] 192   0
[1] 5796
[1] 192  54
[1] 5797
[1] 192  50
[1] 5798
[1] 192  57
[1] 5799
[1] 192  53
[1] 5800
[1] 192  53
