[1] 10401
[1] 192  22
[1] 10402
[1] 192  39
[1] 10403
[1] 192  74
[1] 10404
[1] 192  54
[1] 10405
[1] 192  27
[1] 10406
[1] 192  41
[1] 10407
[1] 192  18
[1] 10408
[1] 192   1
[1] 10409
[1] 192  20
[1] 10410
[1] 192  66
[1] 10411
[1] 192  65
[1] 10412
[1] 192  45
[1] 10413
[1] 192  71
[1] 10414
[1] 192  32
[1] 10415
[1] 192  56
[1] 10416
[1] 192  17
[1] 10417
[1] 192  74
[1] 10418
[1] 192  27
[1] 10419
[1] 192  72
[1] 10420
[1] 192  55
[1] 10421
[1] 192  62
[1] 10422
[1] 192  31
[1] 10423
[1] 192  17
[1] 10424
[1] 192  27
[1] 10425
[1] 192  62
[1] 10426
[1] 192  30
[1] 10427
[1] 192  55
[1] 10428
[1] 192  61
[1] 10429
[1] 192  62
[1] 10430
[1] 192  52
[1] 10431
[1] 192  55
[1] 10432
[1] 192  29
[1] 10433
[1] 192  54
[1] 10434
[1] 192  54
[1] 10435
[1] 192  54
[1] 10436
[1] 192  51
[1] 10437
[1] 192  36
[1] 10438
[1] 192  45
[1] 10439
[1] 192  58
[1] 10440
[1] 192  16
[1] 10441
[1] 192  21
[1] 10442
[1] 192  46
[1] 10443
[1] 192  23
[1] 10444
[1] 192 113
[1] 10445
[1] 192  17
[1] 10446
[1] 192  37
[1] 10447
[1] 192  30
[1] 10448
[1] 192  42
[1] 10449
[1] 192  54
[1] 10450
[1] 192  18
[1] 10451
[1] 192  36
[1] 10452
[1] 192  68
[1] 10453
[1] 192  49
[1] 10454
[1] 192   1
[1] 10455
[1] 192  21
[1] 10456
[1] 192  32
[1] 10457
[1] 192  23
[1] 10458
[1] 192  51
[1] 10459
[1] 192  59
[1] 10460
[1] 192  55
[1] 10461
[1] 192  41
[1] 10462
[1] 192  37
[1] 10463
[1] 192  84
[1] 10464
[1] 192  73
[1] 10465
[1] 192  30
[1] 10466
[1] 192  63
[1] 10467
[1] 192  46
[1] 10468
[1] 192  47
[1] 10469
[1] 192 125
[1] 10470
[1] 192  37
[1] 10471
[1] 192  76
[1] 10472
[1] 192  39
[1] 10473
[1] 192  41
[1] 10474
[1] 192  62
[1] 10475
[1] 192  35
[1] 10476
[1] 192  31
[1] 10477
[1] 192  35
[1] 10478
[1] 192  32
[1] 10479
[1] 192  20
[1] 10480
[1] 192  38
[1] 10481
[1] 192  42
[1] 10482
[1] 192  14
[1] 10483
[1] 192  36
[1] 10484
[1] 192  92
[1] 10485
[1] 192  26
[1] 10486
[1] 192  41
[1] 10487
[1] 192  76
[1] 10488
[1] 192  54
[1] 10489
[1] 192  24
[1] 10490
[1] 192  29
[1] 10491
[1] 192  26
[1] 10492
[1] 192  65
[1] 10493
[1] 192  75
[1] 10494
[1] 192 324
[1] 10495
[1] 192  29
[1] 10496
[1] 192  42
[1] 10497
[1] 192  64
[1] 10498
[1] 192  54
[1] 10499
[1] 192  37
[1] 10500
[1] 192  26
