[1] 6301
[1] 192  67
[1] 6302
[1] 192  35
[1] 6303
[1] 192  37
[1] 6304
[1] 192  45
[1] 6305
[1] 192  60
[1] 6306
[1] 192 122
[1] 6307
[1] 192  73
[1] 6308
[1] 192  51
[1] 6309
[1] 192  75
[1] 6310
[1] 192  45
[1] 6311
[1] 192  54
[1] 6312
[1] 192  88
[1] 6313
[1] 192  44
[1] 6314
[1] 192  81
[1] 6315
[1] 192  89
[1] 6316
[1] 192 183
[1] 6317
[1] 192  59
[1] 6318
[1] 192  15
[1] 6319
[1] 192  51
[1] 6320
[1] 192  51
[1] 6321
[1] 192  60
[1] 6322
[1] 192  40
[1] 6323
[1] 192  15
[1] 6324
[1] 192  46
[1] 6325
[1] 192  68
[1] 6326
[1] 192  79
[1] 6327
[1] 192  76
[1] 6328
[1] 192  47
[1] 6329
[1] 192  48
[1] 6330
[1] 192  45
[1] 6331
[1] 192  42
[1] 6332
[1] 192  45
[1] 6333
[1] 192  72
[1] 6334
[1] 192  86
[1] 6335
[1] 192  62
[1] 6336
[1] 192  62
[1] 6337
[1] 192  34
[1] 6338
[1] 192  33
[1] 6339
[1] 192  37
[1] 6340
[1] 192  43
[1] 6341
[1] 192  32
[1] 6342
[1] 192  61
[1] 6343
[1] 192  40
[1] 6344
[1] 192  44
[1] 6345
[1] 192  54
[1] 6346
[1] 192  98
[1] 6347
[1] 192  62
[1] 6348
[1] 192  55
[1] 6349
[1] 192  37
[1] 6350
[1] 192  78
[1] 6351
[1] 192  57
[1] 6352
[1] 192  63
[1] 6353
[1] 192  38
[1] 6354
[1] 192  27
[1] 6355
[1] 192  24
[1] 6356
[1] 192  77
[1] 6357
[1] 192  41
[1] 6358
[1] 192  36
[1] 6359
[1] 192  37
[1] 6360
[1] 192  19
[1] 6361
[1] 192  49
[1] 6362
[1] 192  13
[1] 6363
[1] 192  50
[1] 6364
[1] 192  60
[1] 6365
[1] 192  58
[1] 6366
[1] 192  71
[1] 6367
[1] 192  12
[1] 6368
[1] 192  11
[1] 6369
[1] 192  15
[1] 6370
[1] 192  34
[1] 6371
[1] 192  31
[1] 6372
[1] 192  28
[1] 6373
[1] 192  58
[1] 6374
[1] 192  40
[1] 6375
[1] 192  44
[1] 6376
[1] 192  14
[1] 6377
[1] 192  66
[1] 6378
[1] 192  34
[1] 6379
[1] 192  85
[1] 6380
[1] 192  37
[1] 6381
[1] 192  35
[1] 6382
[1] 192  70
[1] 6383
[1] 192  78
[1] 6384
[1] 192  69
[1] 6385
[1] 192  10
[1] 6386
[1] 192  11
[1] 6387
[1] 192  24
[1] 6388
[1] 192  43
[1] 6389
[1] 192  45
[1] 6390
[1] 192  42
[1] 6391
[1] 192  35
[1] 6392
[1] 192  64
[1] 6393
[1] 192  25
[1] 6394
[1] 192  77
[1] 6395
[1] 192  73
[1] 6396
[1] 192  51
[1] 6397
[1] 192  70
[1] 6398
[1] 192  51
[1] 6399
[1] 192  60
[1] 6400
[1] 192  16
