[1] 2301
[1] 192  66
[1] 2302
[1] 192  66
[1] 2303
[1] 192 115
[1] 2304
[1] 192  64
[1] 2305
[1] 192  50
[1] 2306
[1] 192  64
[1] 2307
[1] 192  31
[1] 2308
[1] 192  19
[1] 2309
[1] 192  34
[1] 2310
[1] 192  57
[1] 2311
[1] 192  46
[1] 2312
[1] 192  28
[1] 2313
[1] 192  38
[1] 2314
[1] 192  37
[1] 2315
[1] 192  42
[1] 2316
[1] 192  36
[1] 2317
[1] 192  39
[1] 2318
[1] 192  27
[1] 2319
[1] 192  44
[1] 2320
[1] 192  39
[1] 2321
[1] 192  45
[1] 2322
[1] 192  31
[1] 2323
[1] 192  23
[1] 2324
[1] 192  39
[1] 2325
[1] 192  38
[1] 2326
[1] 192  23
[1] 2327
[1] 192  31
[1] 2328
[1] 192  24
[1] 2329
[1] 192  32
[1] 2330
[1] 192  46
[1] 2331
[1] 192  42
[1] 2332
[1] 192  22
[1] 2333
[1] 192  22
[1] 2334
[1] 192  41
[1] 2335
[1] 192  43
[1] 2336
[1] 192  55
[1] 2337
[1] 192  30
[1] 2338
[1] 192  60
[1] 2339
[1] 192  21
[1] 2340
[1] 192  24
[1] 2341
[1] 192  64
[1] 2342
[1] 192  63
[1] 2343
[1] 192  63
[1] 2344
[1] 192  61
[1] 2345
[1] 192  42
[1] 2346
[1] 192  68
[1] 2347
[1] 192  65
[1] 2348
[1] 192  19
[1] 2349
[1] 192  25
[1] 2350
[1] 192  20
[1] 2351
[1] 192  34
[1] 2352
[1] 192  74
[1] 2353
[1] 192  39
[1] 2354
[1] 192  28
[1] 2355
[1] 192  32
[1] 2356
[1] 192  30
[1] 2357
[1] 192  49
[1] 2358
[1] 192  17
[1] 2359
[1] 192  45
[1] 2360
[1] 192  21
[1] 2361
[1] 192  32
[1] 2362
[1] 192  81
[1] 2363
[1] 192  39
[1] 2364
[1] 192  62
[1] 2365
[1] 192  71
[1] 2366
[1] 192  47
[1] 2367
[1] 192  33
[1] 2368
[1] 192  33
[1] 2369
[1] 192  33
[1] 2370
[1] 192  29
[1] 2371
[1] 192  28
[1] 2372
[1] 192  24
[1] 2373
[1] 192  22
[1] 2374
[1] 192  44
[1] 2375
[1] 192  20
[1] 2376
[1] 192  50
[1] 2377
[1] 192  18
[1] 2378
[1] 192  52
[1] 2379
[1] 192  18
[1] 2380
[1] 192  36
[1] 2381
[1] 192  50
[1] 2382
[1] 192  46
[1] 2383
[1] 192  19
[1] 2384
[1] 192  45
[1] 2385
[1] 192  42
[1] 2386
[1] 192  76
[1] 2387
[1] 192  86
[1] 2388
[1] 192  67
[1] 2389
[1] 192  55
[1] 2390
[1] 192  66
[1] 2391
[1] 192  51
[1] 2392
[1] 192  54
[1] 2393
[1] 192  40
[1] 2394
[1] 192  30
[1] 2395
[1] 192  70
[1] 2396
[1] 192  68
[1] 2397
[1] 192  74
[1] 2398
[1] 192  31
[1] 2399
[1] 192  31
[1] 2400
[1] 192  31
