[1] 4601
[1] 192  36
[1] 4602
[1] 192  18
[1] 4603
[1] 192  23
[1] 4604
[1] 192  66
[1] 4605
[1] 192  58
[1] 4606
[1] 192  45
[1] 4607
[1] 192  60
[1] 4608
[1] 192  44
[1] 4609
[1] 192 116
[1] 4610
[1] 192  58
[1] 4611
[1] 192  97
[1] 4612
[1] 192  19
[1] 4613
[1] 192  14
[1] 4614
[1] 192  13
[1] 4615
[1] 192  72
[1] 4616
[1] 192  87
[1] 4617
[1] 192  84
[1] 4618
[1] 192  36
[1] 4619
[1] 192  84
[1] 4620
[1] 192  46
[1] 4621
[1] 192  52
[1] 4622
[1] 192  46
[1] 4623
[1] 192  32
[1] 4624
[1] 192  59
[1] 4625
[1] 192  32
[1] 4626
[1] 192  46
[1] 4627
[1] 192  45
[1] 4628
[1] 192  59
[1] 4629
[1] 192  47
[1] 4630
[1] 192  17
[1] 4631
[1] 192  71
[1] 4632
[1] 192  55
[1] 4633
[1] 192  23
[1] 4634
[1] 192  34
[1] 4635
[1] 192  53
[1] 4636
[1] 192  58
[1] 4637
[1] 192  49
[1] 4638
[1] 192  32
[1] 4639
[1] 192  28
[1] 4640
[1] 192  44
[1] 4641
[1] 192  61
[1] 4642
[1] 192  83
[1] 4643
[1] 192  23
[1] 4644
[1] 192  32
[1] 4645
[1] 192  26
[1] 4646
[1] 192  50
[1] 4647
[1] 192  20
[1] 4648
[1] 192  39
[1] 4649
[1] 192  57
[1] 4650
[1] 192  79
[1] 4651
[1] 192  23
[1] 4652
[1] 192  31
[1] 4653
[1] 192  46
[1] 4654
[1] 192  81
[1] 4655
[1] 192  26
[1] 4656
[1] 192  43
[1] 4657
[1] 192  54
[1] 4658
[1] 192  43
[1] 4659
[1] 192  50
[1] 4660
[1] 192  45
[1] 4661
[1] 192  56
[1] 4662
[1] 192  29
[1] 4663
[1] 192  14
[1] 4664
[1] 192  62
[1] 4665
[1] 192  13
[1] 4666
[1] 192  40
[1] 4667
[1] 192  64
[1] 4668
[1] 192  42
[1] 4669
[1] 192  38
[1] 4670
[1] 192  55
[1] 4671
[1] 192  29
[1] 4672
[1] 192  55
[1] 4673
[1] 192  46
[1] 4674
[1] 192  85
[1] 4675
[1] 192  16
[1] 4676
[1] 192  46
[1] 4677
[1] 192  30
[1] 4678
[1] 192  39
[1] 4679
[1] 192  21
[1] 4680
[1] 192  57
[1] 4681
[1] 192  57
[1] 4682
[1] 192  50
[1] 4683
[1] 192  28
[1] 4684
[1] 192  62
[1] 4685
[1] 192  42
[1] 4686
[1] 192 102
[1] 4687
[1] 192  45
[1] 4688
[1] 192  47
[1] 4689
[1] 192  31
[1] 4690
[1] 192  45
[1] 4691
[1] 192  96
[1] 4692
[1] 192  64
[1] 4693
[1] 192  19
[1] 4694
[1] 192 114
[1] 4695
[1] 192  55
[1] 4696
[1] 192  72
[1] 4697
[1] 192  64
[1] 4698
[1] 192 119
[1] 4699
[1] 192  58
[1] 4700
[1] 192  64
