[1] 5201
[1] 192  59
[1] 5202
[1] 192  52
[1] 5203
[1] 192  63
[1] 5204
[1] 192  63
[1] 5205
[1] 192  27
[1] 5206
[1] 192  46
[1] 5207
[1] 192  51
[1] 5208
[1] 192  59
[1] 5209
[1] 192  70
[1] 5210
[1] 192  38
[1] 5211
[1] 192  46
[1] 5212
[1] 192  26
[1] 5213
[1] 192  40
[1] 5214
[1] 192  39
[1] 5215
[1] 192  25
[1] 5216
[1] 192  72
[1] 5217
[1] 192  28
[1] 5218
[1] 192  16
[1] 5219
[1] 192  13
[1] 5220
[1] 192  12
[1] 5221
[1] 192  30
[1] 5222
[1] 192  24
[1] 5223
[1] 192  39
[1] 5224
[1] 192  45
[1] 5225
[1] 192  36
[1] 5226
[1] 192  43
[1] 5227
[1] 192  65
[1] 5228
[1] 192  79
[1] 5229
[1] 192  35
[1] 5230
[1] 192  77
[1] 5231
[1] 192  47
[1] 5232
[1] 192  42
[1] 5233
[1] 192  43
[1] 5234
[1] 192  28
[1] 5235
[1] 192  76
[1] 5236
[1] 192  33
[1] 5237
[1] 192  32
[1] 5238
[1] 192  54
[1] 5239
[1] 192  28
[1] 5240
[1] 192  55
[1] 5241
[1] 192  42
[1] 5242
[1] 192  37
[1] 5243
[1] 192  31
[1] 5244
[1] 192  57
[1] 5245
[1] 192  77
[1] 5246
[1] 192  43
[1] 5247
[1] 192  49
[1] 5248
[1] 192  36
[1] 5249
[1] 192  38
[1] 5250
[1] 192  14
[1] 5251
[1] 192  78
[1] 5252
[1] 192  42
[1] 5253
[1] 192  37
[1] 5254
[1] 192  69
[1] 5255
[1] 192  39
[1] 5256
[1] 192  60
[1] 5257
[1] 192  59
[1] 5258
[1] 192  70
[1] 5259
[1] 192  65
[1] 5260
[1] 192  63
[1] 5261
[1] 192  79
[1] 5262
[1] 192  58
[1] 5263
[1] 192  84
[1] 5264
[1] 192  40
[1] 5265
[1] 192  47
[1] 5266
[1] 192  42
[1] 5267
[1] 192  62
[1] 5268
[1] 192  81
[1] 5269
[1] 192  45
[1] 5270
[1] 192  42
[1] 5271
[1] 192  80
[1] 5272
[1] 192  61
[1] 5273
[1] 192  49
[1] 5274
[1] 192 122
[1] 5275
[1] 192  63
[1] 5276
[1] 192  44
[1] 5277
[1] 192  58
[1] 5278
[1] 192  60
[1] 5279
[1] 192  64
[1] 5280
[1] 192  87
[1] 5281
[1] 192  44
[1] 5282
[1] 192  51
[1] 5283
[1] 192  54
[1] 5284
[1] 192  62
[1] 5285
[1] 192  67
[1] 5286
[1] 192  76
[1] 5287
[1] 192  43
[1] 5288
[1] 192  44
[1] 5289
[1] 192  24
[1] 5290
[1] 192  39
[1] 5291
[1] 192  45
[1] 5292
[1] 192  45
[1] 5293
[1] 192  43
[1] 5294
[1] 192  24
[1] 5295
[1] 192  45
[1] 5296
[1] 192  44
[1] 5297
[1] 192  31
[1] 5298
[1] 192  65
[1] 5299
[1] 192  59
[1] 5300
[1] 192  69
