[1] 1701
[1] 192  60
[1] 1702
[1] 192  22
[1] 1703
[1] 192  52
[1] 1704
[1] 192  53
[1] 1705
[1] 192  42
[1] 1706
[1] 192  64
[1] 1707
[1] 192  69
[1] 1708
[1] 192  37
[1] 1709
[1] 192  41
[1] 1710
[1] 192  47
[1] 1711
[1] 192  80
[1] 1712
[1] 192  67
[1] 1713
[1] 192  69
[1] 1714
[1] 192  76
[1] 1715
[1] 192  82
[1] 1716
[1] 192  42
[1] 1717
[1] 192  67
[1] 1718
[1] 192  51
[1] 1719
[1] 192  53
[1] 1720
[1] 192  59
[1] 1721
[1] 192  90
[1] 1722
[1] 192  52
[1] 1723
[1] 192  74
[1] 1724
[1] 192  30
[1] 1725
[1] 192  32
[1] 1726
[1] 192  37
[1] 1727
[1] 192  36
[1] 1728
[1] 192  53
[1] 1729
[1] 192  59
[1] 1730
[1] 192  35
[1] 1731
[1] 192  53
[1] 1732
[1] 192  36
[1] 1733
[1] 192  55
[1] 1734
[1] 192  55
[1] 1735
[1] 192 113
[1] 1736
[1] 192  41
[1] 1737
[1] 192  46
[1] 1738
[1] 192  40
[1] 1739
[1] 192  97
[1] 1740
[1] 192  85
[1] 1741
[1] 192  40
[1] 1742
[1] 192  37
[1] 1743
[1] 192  30
[1] 1744
[1] 192  54
[1] 1745
[1] 192  63
[1] 1746
[1] 192  75
[1] 1747
[1] 192  70
[1] 1748
[1] 192  39
[1] 1749
[1] 192  35
[1] 1750
[1] 192  51
[1] 1751
[1] 192  40
[1] 1752
[1] 192  45
[1] 1753
[1] 192  18
[1] 1754
[1] 192  19
[1] 1755
[1] 192   8
[1] 1756
[1] 192  42
[1] 1757
[1] 192  15
[1] 1758
[1] 192  90
[1] 1759
[1] 192  15
[1] 1760
[1] 192  43
[1] 1761
[1] 192  32
[1] 1762
[1] 192  30
[1] 1763
[1] 192  49
[1] 1764
[1] 192  54
[1] 1765
[1] 192  93
[1] 1766
[1] 192  51
[1] 1767
[1] 192  12
[1] 1768
[1] 192  10
[1] 1769
[1] 192  61
[1] 1770
[1] 192  10
[1] 1771
[1] 192  47
[1] 1772
[1] 192  56
[1] 1773
[1] 192  52
[1] 1774
[1] 192  31
[1] 1775
[1] 192  48
[1] 1776
[1] 192  63
[1] 1777
[1] 192  48
[1] 1778
[1] 192  41
[1] 1779
[1] 192  43
[1] 1780
[1] 192  46
[1] 1781
[1] 192  27
[1] 1782
[1] 192  22
[1] 1783
[1] 192  37
[1] 1784
[1] 192  23
[1] 1785
[1] 192  18
[1] 1786
[1] 192  18
[1] 1787
[1] 192  17
[1] 1788
[1] 192  18
[1] 1789
[1] 192  65
[1] 1790
[1] 192  96
[1] 1791
[1] 192 113
[1] 1792
[1] 192  52
[1] 1793
[1] 192  58
[1] 1794
[1] 192  35
[1] 1795
[1] 192 101
[1] 1796
[1] 192  28
[1] 1797
[1] 192 113
[1] 1798
[1] 192 123
[1] 1799
[1] 192  68
[1] 1800
[1] 192 123
