[1] 8801
[1] 192  58
[1] 8802
[1] 192  35
[1] 8803
[1] 192  41
[1] 8804
[1] 192  58
[1] 8805
[1] 192  61
[1] 8806
[1] 192  43
[1] 8807
[1] 192  38
[1] 8808
[1] 192  66
[1] 8809
[1] 192  44
[1] 8810
[1] 192  56
[1] 8811
[1] 192  49
[1] 8812
[1] 192  25
[1] 8813
[1] 192  63
[1] 8814
[1] 192  40
[1] 8815
[1] 192  33
[1] 8816
[1] 192  29
[1] 8817
[1] 192  33
[1] 8818
[1] 192  56
[1] 8819
[1] 192  40
[1] 8820
[1] 192  67
[1] 8821
[1] 192  37
[1] 8822
[1] 192  59
[1] 8823
[1] 192  83
[1] 8824
[1] 192  52
[1] 8825
[1] 192  46
[1] 8826
[1] 192  75
[1] 8827
[1] 192  44
[1] 8828
[1] 192  55
[1] 8829
[1] 192  45
[1] 8830
[1] 192  48
[1] 8831
[1] 192  75
[1] 8832
[1] 192  46
[1] 8833
[1] 192  58
[1] 8834
[1] 192  69
[1] 8835
[1] 192  30
[1] 8836
[1] 192  30
[1] 8837
[1] 192  41
[1] 8838
[1] 192  45
[1] 8839
[1] 192  34
[1] 8840
[1] 192  50
[1] 8841
[1] 192  37
[1] 8842
[1] 192  52
[1] 8843
[1] 192  86
[1] 8844
[1] 192  18
[1] 8845
[1] 192  52
[1] 8846
[1] 192  80
[1] 8847
[1] 192  21
[1] 8848
[1] 192  48
[1] 8849
[1] 192  18
[1] 8850
[1] 192  48
[1] 8851
[1] 192  71
[1] 8852
[1] 192  22
[1] 8853
[1] 192  35
[1] 8854
[1] 192  77
[1] 8855
[1] 192  34
[1] 8856
[1] 192  27
[1] 8857
[1] 192  18
[1] 8858
[1] 192  48
[1] 8859
[1] 192  25
[1] 8860
[1] 192  40
[1] 8861
[1] 192  79
[1] 8862
[1] 192  41
[1] 8863
[1] 192  40
[1] 8864
[1] 192  31
[1] 8865
[1] 192  59
[1] 8866
[1] 192  46
[1] 8867
[1] 192  58
[1] 8868
[1] 192  66
[1] 8869
[1] 192  37
[1] 8870
[1] 192  29
[1] 8871
[1] 192  33
[1] 8872
[1] 192  32
[1] 8873
[1] 192  48
[1] 8874
[1] 192  37
[1] 8875
[1] 192  47
[1] 8876
[1] 192  56
[1] 8877
[1] 192  65
[1] 8878
[1] 192  64
[1] 8879
[1] 192  60
[1] 8880
[1] 192  52
[1] 8881
[1] 192  72
[1] 8882
[1] 192  59
[1] 8883
[1] 192  54
[1] 8884
[1] 192  66
[1] 8885
[1] 192  32
[1] 8886
[1] 192  66
[1] 8887
[1] 192  44
[1] 8888
[1] 192  36
[1] 8889
[1] 192  50
[1] 8890
[1] 192  77
[1] 8891
[1] 192  35
[1] 8892
[1] 192  47
[1] 8893
[1] 192  41
[1] 8894
[1] 192  72
[1] 8895
[1] 192  13
[1] 8896
[1] 192  22
[1] 8897
[1] 192 129
[1] 8898
[1] 192  17
[1] 8899
[1] 192  74
[1] 8900
[1] 192  32
