[1] 9401
[1] 192  30
[1] 9402
[1] 192  57
[1] 9403
[1] 192  74
[1] 9404
[1] 192  34
[1] 9405
[1] 192  26
[1] 9406
[1] 192  31
[1] 9407
[1] 192  26
[1] 9408
[1] 192  45
[1] 9409
[1] 192   4
[1] 9410
[1] 192  54
[1] 9411
[1] 192  56
[1] 9412
[1] 192  31
[1] 9413
[1] 192  34
[1] 9414
[1] 192  52
[1] 9415
[1] 192  37
[1] 9416
[1] 192  49
[1] 9417
[1] 192  42
[1] 9418
[1] 192  22
[1] 9419
[1] 192  36
[1] 9420
[1] 192  31
[1] 9421
[1] 192  88
[1] 9422
[1] 192   9
[1] 9423
[1] 192  36
[1] 9424
[1] 192  61
[1] 9425
[1] 192  47
[1] 9426
[1] 192  40
[1] 9427
[1] 192  59
[1] 9428
[1] 192  57
[1] 9429
[1] 192  18
[1] 9430
[1] 192  50
[1] 9431
[1] 192  69
[1] 9432
[1] 192  23
[1] 9433
[1] 192  55
[1] 9434
[1] 192  49
[1] 9435
[1] 192  22
[1] 9436
[1] 192   0
[1] 9437
[1] 192  33
[1] 9438
[1] 192  43
[1] 9439
[1] 192  37
[1] 9440
[1] 192  48
[1] 9441
[1] 192  26
[1] 9442
[1] 192 121
[1] 9443
[1] 192  49
[1] 9444
[1] 192  26
[1] 9445
[1] 192  54
[1] 9446
[1] 192  43
[1] 9447
[1] 192  48
[1] 9448
[1] 192  27
[1] 9449
[1] 192  54
[1] 9450
[1] 192  70
[1] 9451
[1] 192  51
[1] 9452
[1] 192  44
[1] 9453
[1] 192  62
[1] 9454
[1] 192  44
[1] 9455
[1] 192  46
[1] 9456
[1] 192  19
[1] 9457
[1] 192  39
[1] 9458
[1] 192  44
[1] 9459
[1] 192  26
[1] 9460
[1] 192  41
[1] 9461
[1] 192  49
[1] 9462
[1] 192  70
[1] 9463
[1] 192  30
[1] 9464
[1] 192  47
[1] 9465
[1] 192  56
[1] 9466
[1] 192  45
[1] 9467
[1] 192  33
[1] 9468
[1] 192  57
[1] 9469
[1] 192  32
[1] 9470
[1] 192  54
[1] 9471
[1] 192  54
[1] 9472
[1] 192  19
[1] 9473
[1] 192  27
[1] 9474
[1] 192  39
[1] 9475
[1] 192  83
[1] 9476
[1] 192  43
[1] 9477
[1] 192  22
[1] 9478
[1] 192  47
[1] 9479
[1] 192  57
[1] 9480
[1] 192  44
[1] 9481
[1] 192  43
[1] 9482
[1] 192  68
[1] 9483
[1] 192  34
[1] 9484
[1] 192  22
[1] 9485
[1] 192  36
[1] 9486
[1] 192  19
[1] 9487
[1] 192  56
[1] 9488
[1] 192  63
[1] 9489
[1] 192  21
[1] 9490
[1] 192  48
[1] 9491
[1] 192  50
[1] 9492
[1] 192 278
[1] 9493
[1] 192  49
[1] 9494
[1] 192  59
[1] 9495
[1] 192  44
[1] 9496
[1] 192 143
[1] 9497
[1] 192  24
[1] 9498
[1] 192  45
[1] 9499
[1] 192  45
[1] 9500
[1] 192  43
