[1] 1801
[1] 192 114
[1] 1802
[1] 192  65
[1] 1803
[1] 192  51
[1] 1804
[1] 192  50
[1] 1805
[1] 192  76
[1] 1806
[1] 192  46
[1] 1807
[1] 192  93
[1] 1808
[1] 192  62
[1] 1809
[1] 192 114
[1] 1810
[1] 192  71
[1] 1811
[1] 192  60
[1] 1812
[1] 192  61
[1] 1813
[1] 192  70
[1] 1814
[1] 192  61
[1] 1815
[1] 192  69
[1] 1816
[1] 192  59
[1] 1817
[1] 192  75
[1] 1818
[1] 192  77
[1] 1819
[1] 192  38
[1] 1820
[1] 192  19
[1] 1821
[1] 192  65
[1] 1822
[1] 192  76
[1] 1823
[1] 192  56
[1] 1824
[1] 192  53
[1] 1825
[1] 192  48
[1] 1826
[1] 192  30
[1] 1827
[1] 192  34
[1] 1828
[1] 192  43
[1] 1829
[1] 192  34
[1] 1830
[1] 192 106
[1] 1831
[1] 192  37
[1] 1832
[1] 192  37
[1] 1833
[1] 192   9
[1] 1834
[1] 192  52
[1] 1835
[1] 192  56
[1] 1836
[1] 192  30
[1] 1837
[1] 192  16
[1] 1838
[1] 192  39
[1] 1839
[1] 192  60
[1] 1840
[1] 192  25
[1] 1841
[1] 192  26
[1] 1842
[1] 192  27
[1] 1843
[1] 192  35
[1] 1844
[1] 192  37
[1] 1845
[1] 192  13
[1] 1846
[1] 192  65
[1] 1847
[1] 192  61
[1] 1848
[1] 192  74
[1] 1849
[1] 192  14
[1] 1850
[1] 192  51
[1] 1851
[1] 192  52
[1] 1852
[1] 192  59
[1] 1853
[1] 192  31
[1] 1854
[1] 192  43
[1] 1855
[1] 192  13
[1] 1856
[1] 192  33
[1] 1857
[1] 192  36
[1] 1858
[1] 192  36
[1] 1859
[1] 192  59
[1] 1860
[1] 192  37
[1] 1861
[1] 192  37
[1] 1862
[1] 192  62
[1] 1863
[1] 192  88
[1] 1864
[1] 192  46
[1] 1865
[1] 192  61
[1] 1866
[1] 192  41
[1] 1867
[1] 192  47
[1] 1868
[1] 192  85
[1] 1869
[1] 192  59
[1] 1870
[1] 192  28
[1] 1871
[1] 192  43
[1] 1872
[1] 192  30
[1] 1873
[1] 192  52
[1] 1874
[1] 192  48
[1] 1875
[1] 192  59
[1] 1876
[1] 192  50
[1] 1877
[1] 192  26
[1] 1878
[1] 192  41
[1] 1879
[1] 192   8
[1] 1880
[1] 192   9
[1] 1881
[1] 192  21
[1] 1882
[1] 192  34
[1] 1883
[1] 192  36
[1] 1884
[1] 192  27
[1] 1885
[1] 192  13
[1] 1886
[1] 192 122
[1] 1887
[1] 192  12
[1] 1888
[1] 192  82
[1] 1889
[1] 192  20
[1] 1890
[1] 192  74
[1] 1891
[1] 192  35
[1] 1892
[1] 192  20
[1] 1893
[1] 192  47
[1] 1894
[1] 192  40
[1] 1895
[1] 192  45
[1] 1896
[1] 192  42
[1] 1897
[1] 192  79
[1] 1898
[1] 192  40
[1] 1899
[1] 192  33
[1] 1900
[1] 192  49
