[1] 1001
[1] 192  44
[1] 1002
[1] 192  44
[1] 1003
[1] 192  42
[1] 1004
[1] 192  21
[1] 1005
[1] 192   6
[1] 1006
[1] 192  50
[1] 1007
[1] 192  35
[1] 1008
[1] 192  44
[1] 1009
[1] 192  72
[1] 1010
[1] 192  59
[1] 1011
[1] 192  38
[1] 1012
[1] 192  60
[1] 1013
[1] 192  84
[1] 1014
[1] 192  73
[1] 1015
[1] 192  57
[1] 1016
[1] 192  49
[1] 1017
[1] 192  42
[1] 1018
[1] 192  55
[1] 1019
[1] 192  70
[1] 1020
[1] 192  29
[1] 1021
[1] 192  53
[1] 1022
[1] 192  88
[1] 1023
[1] 192  60
[1] 1024
[1] 192  60
[1] 1025
[1] 192  45
[1] 1026
[1] 192  40
[1] 1027
[1] 192  43
[1] 1028
[1] 192  42
[1] 1029
[1] 192  61
[1] 1030
[1] 192  62
[1] 1031
[1] 192  86
[1] 1032
[1] 192  75
[1] 1033
[1] 192  36
[1] 1034
[1] 192  52
[1] 1035
[1] 192  36
[1] 1036
[1] 192  36
[1] 1037
[1] 192  44
[1] 1038
[1] 192  54
[1] 1039
[1] 192  40
[1] 1040
[1] 192  50
[1] 1041
[1] 192  40
[1] 1042
[1] 192  67
[1] 1043
[1] 192  32
[1] 1044
[1] 192  65
[1] 1045
[1] 192 103
[1] 1046
[1] 192  45
[1] 1047
[1] 192  77
[1] 1048
[1] 192  66
[1] 1049
[1] 192  32
[1] 1050
[1] 192  41
[1] 1051
[1] 192  28
[1] 1052
[1] 192  50
[1] 1053
[1] 192  41
[1] 1054
[1] 192  49
[1] 1055
[1] 192  58
[1] 1056
[1] 192  52
[1] 1057
[1] 192  42
[1] 1058
[1] 192  81
[1] 1059
[1] 192  51
[1] 1060
[1] 192  92
[1] 1061
[1] 192  30
[1] 1062
[1] 192  49
[1] 1063
[1] 192  42
[1] 1064
[1] 192  44
[1] 1065
[1] 192  17
[1] 1066
[1] 192  70
[1] 1067
[1] 192  76
[1] 1068
[1] 192  43
[1] 1069
[1] 192  39
[1] 1070
[1] 192  48
[1] 1071
[1] 192  84
[1] 1072
[1] 192  89
[1] 1073
[1] 192  47
[1] 1074
[1] 192   8
[1] 1075
[1] 192  40
[1] 1076
[1] 192   8
[1] 1077
[1] 192  27
[1] 1078
[1] 192  32
[1] 1079
[1] 192  35
[1] 1080
[1] 192  35
[1] 1081
[1] 192  23
[1] 1082
[1] 192  60
[1] 1083
[1] 192  75
[1] 1084
[1] 192  25
[1] 1085
[1] 192  45
[1] 1086
[1] 192 106
[1] 1087
[1] 192  37
[1] 1088
[1] 192  39
[1] 1089
[1] 192  35
[1] 1090
[1] 192  56
[1] 1091
[1] 192  59
[1] 1092
[1] 192  56
[1] 1093
[1] 192  48
[1] 1094
[1] 192  67
[1] 1095
[1] 192  78
[1] 1096
[1] 192  56
[1] 1097
[1] 192  53
[1] 1098
[1] 192  52
[1] 1099
[1] 192  10
[1] 1100
[1] 192  57
