[1] 7701
[1] 192  30
[1] 7702
[1] 192  38
[1] 7703
[1] 192  54
[1] 7704
[1] 192   3
[1] 7705
[1] 192  37
[1] 7706
[1] 192  51
[1] 7707
[1] 192  39
[1] 7708
[1] 192  49
[1] 7709
[1] 192  59
[1] 7710
[1] 192  57
[1] 7711
[1] 192  49
[1] 7712
[1] 192  94
[1] 7713
[1] 192  12
[1] 7714
[1] 192  61
[1] 7715
[1] 192  61
[1] 7716
[1] 192  48
[1] 7717
[1] 192  22
[1] 7718
[1] 192  21
[1] 7719
[1] 192  47
[1] 7720
[1] 192  48
[1] 7721
[1] 192  39
[1] 7722
[1] 192  26
[1] 7723
[1] 192  51
[1] 7724
[1] 192  21
[1] 7725
[1] 192  24
[1] 7726
[1] 192  22
[1] 7727
[1] 192  59
[1] 7728
[1] 192  81
[1] 7729
[1] 192  54
[1] 7730
[1] 192  52
[1] 7731
[1] 192  12
[1] 7732
[1] 192  51
[1] 7733
[1] 192  64
[1] 7734
[1] 192  34
[1] 7735
[1] 192  58
[1] 7736
[1] 192  57
[1] 7737
[1] 192  57
[1] 7738
[1] 192  57
[1] 7739
[1] 192  90
[1] 7740
[1] 192  60
[1] 7741
[1] 192  39
[1] 7742
[1] 192  82
[1] 7743
[1] 192  26
[1] 7744
[1] 192  25
[1] 7745
[1] 192  25
[1] 7746
[1] 192  45
[1] 7747
[1] 192 103
[1] 7748
[1] 192  58
[1] 7749
[1] 192  47
[1] 7750
[1] 192  40
[1] 7751
[1] 192  62
[1] 7752
[1] 192  47
[1] 7753
[1] 192  64
[1] 7754
[1] 192  71
[1] 7755
[1] 192  49
[1] 7756
[1] 192  40
[1] 7757
[1] 192  72
[1] 7758
[1] 192  64
[1] 7759
[1] 192  58
[1] 7760
[1] 192  22
[1] 7761
[1] 192  76
[1] 7762
[1] 192  74
[1] 7763
[1] 192  65
[1] 7764
[1] 192  37
[1] 7765
[1] 192  14
[1] 7766
[1] 192  42
[1] 7767
[1] 192  50
[1] 7768
[1] 192  61
[1] 7769
[1] 192  47
[1] 7770
[1] 192  67
[1] 7771
[1] 192  53
[1] 7772
[1] 192  10
[1] 7773
[1] 192  10
[1] 7774
[1] 192  41
[1] 7775
[1] 192  10
[1] 7776
[1] 192  41
[1] 7777
[1] 192  38
[1] 7778
[1] 192  38
[1] 7779
[1] 192  30
[1] 7780
[1] 192  31
[1] 7781
[1] 192  31
[1] 7782
[1] 192  27
[1] 7783
[1] 192  47
[1] 7784
[1] 192  35
[1] 7785
[1] 192  35
[1] 7786
[1] 192  64
[1] 7787
[1] 192  63
[1] 7788
[1] 192  37
[1] 7789
[1] 192  29
[1] 7790
[1] 192  83
[1] 7791
[1] 192  26
[1] 7792
[1] 192  18
[1] 7793
[1] 192  67
[1] 7794
[1] 192  27
[1] 7795
[1] 192  31
[1] 7796
[1] 192  26
[1] 7797
[1] 192  57
[1] 7798
[1] 192  64
[1] 7799
[1] 192  29
[1] 7800
[1] 192  78
