[1] 501
[1] 192  51
[1] 502
[1] 192  78
[1] 503
[1] 192  30
[1] 504
[1] 192  82
[1] 505
[1] 192  62
[1] 506
[1] 192  61
[1] 507
[1] 192 102
[1] 508
[1] 192  28
[1] 509
[1] 192  20
[1] 510
[1] 192  40
[1] 511
[1] 192  14
[1] 512
[1] 192  61
[1] 513
[1] 192  50
[1] 514
[1] 192  33
[1] 515
[1] 192  34
[1] 516
[1] 192  36
[1] 517
[1] 192  59
[1] 518
[1] 192  72
[1] 519
[1] 192  54
[1] 520
[1] 192  51
[1] 521
[1] 192  84
[1] 522
[1] 192  43
[1] 523
[1] 192  46
[1] 524
[1] 192  55
[1] 525
[1] 192  59
[1] 526
[1] 192  57
[1] 527
[1] 192  45
[1] 528
[1] 192  68
[1] 529
[1] 192  38
[1] 530
[1] 192  67
[1] 531
[1] 192  23
[1] 532
[1] 192  52
[1] 533
[1] 192  43
[1] 534
[1] 192  48
[1] 535
[1] 192  33
[1] 536
[1] 192  82
[1] 537
[1] 192  39
[1] 538
[1] 192  77
[1] 539
[1] 192  62
[1] 540
[1] 192  67
[1] 541
[1] 192  30
[1] 542
[1] 192  34
[1] 543
[1] 192  77
[1] 544
[1] 192  64
[1] 545
[1] 192  45
[1] 546
[1] 192  45
[1] 547
[1] 192  34
[1] 548
[1] 192  51
[1] 549
[1] 192  32
[1] 550
[1] 192  31
[1] 551
[1] 192  42
[1] 552
[1] 192  57
[1] 553
[1] 192  54
[1] 554
[1] 192  29
[1] 555
[1] 192   4
[1] 556
[1] 192  55
[1] 557
[1] 192  64
[1] 558
[1] 192  75
[1] 559
[1] 192  66
[1] 560
[1] 192  74
[1] 561
[1] 192  58
[1] 562
[1] 192  72
[1] 563
[1] 192  78
[1] 564
[1] 192  46
[1] 565
[1] 192  80
[1] 566
[1] 192  76
[1] 567
[1] 192  65
[1] 568
[1] 192  57
[1] 569
[1] 192  70
[1] 570
[1] 192  52
[1] 571
[1] 192  50
[1] 572
[1] 192  56
[1] 573
[1] 192  50
[1] 574
[1] 192  53
[1] 575
[1] 192  51
[1] 576
[1] 192  56
[1] 577
[1] 192  28
[1] 578
[1] 192  32
[1] 579
[1] 192  36
[1] 580
[1] 192  56
[1] 581
[1] 192  40
[1] 582
[1] 192  47
[1] 583
[1] 192  62
[1] 584
[1] 192  71
[1] 585
[1] 192  71
[1] 586
[1] 192  63
[1] 587
[1] 192  39
[1] 588
[1] 192  75
[1] 589
[1] 192  27
[1] 590
[1] 192  62
[1] 591
[1] 192  31
[1] 592
[1] 192  41
[1] 593
[1] 192  76
[1] 594
[1] 192  38
[1] 595
[1] 192  65
[1] 596
[1] 192  63
[1] 597
[1] 192  39
[1] 598
[1] 192  49
[1] 599
[1] 192  62
[1] 600
[1] 192  80
