[1] 1601
[1] 192  71
[1] 1602
[1] 192  62
[1] 1603
[1] 192  54
[1] 1604
[1] 192  33
[1] 1605
[1] 192  49
[1] 1606
[1] 192  45
[1] 1607
[1] 192  76
[1] 1608
[1] 192  47
[1] 1609
[1] 192  56
[1] 1610
[1] 192  49
[1] 1611
[1] 192  44
[1] 1612
[1] 192  41
[1] 1613
[1] 192  48
[1] 1614
[1] 192  48
[1] 1615
[1] 192  37
[1] 1616
[1] 192  50
[1] 1617
[1] 192  57
[1] 1618
[1] 192  48
[1] 1619
[1] 192  58
[1] 1620
[1] 192  38
[1] 1621
[1] 192  57
[1] 1622
[1] 192  58
[1] 1623
[1] 192  56
[1] 1624
[1] 192  59
[1] 1625
[1] 192  37
[1] 1626
[1] 192  58
[1] 1627
[1] 192  45
[1] 1628
[1] 192  37
[1] 1629
[1] 192  40
[1] 1630
[1] 192  43
[1] 1631
[1] 192  30
[1] 1632
[1] 192  28
[1] 1633
[1] 192  56
[1] 1634
[1] 192  52
[1] 1635
[1] 192  54
[1] 1636
[1] 192  40
[1] 1637
[1] 192  44
[1] 1638
[1] 192  20
[1] 1639
[1] 192  18
[1] 1640
[1] 192  39
[1] 1641
[1] 192  50
[1] 1642
[1] 192  69
[1] 1643
[1] 192  51
[1] 1644
[1] 192  69
[1] 1645
[1] 192  58
[1] 1646
[1] 192  56
[1] 1647
[1] 192  81
[1] 1648
[1] 192  61
[1] 1649
[1] 192  53
[1] 1650
[1] 192  53
[1] 1651
[1] 192  50
[1] 1652
[1] 192  47
[1] 1653
[1] 192  48
[1] 1654
[1] 192  63
[1] 1655
[1] 192  50
[1] 1656
[1] 192  71
[1] 1657
[1] 192  66
[1] 1658
[1] 192  82
[1] 1659
[1] 192  73
[1] 1660
[1] 192  69
[1] 1661
[1] 192  74
[1] 1662
[1] 192  70
[1] 1663
[1] 192  77
[1] 1664
[1] 192  60
[1] 1665
[1] 192  62
[1] 1666
[1] 192  82
[1] 1667
[1] 192  65
[1] 1668
[1] 192  51
[1] 1669
[1] 192  66
[1] 1670
[1] 192  82
[1] 1671
[1] 192  81
[1] 1672
[1] 192  55
[1] 1673
[1] 192  20
[1] 1674
[1] 192  59
[1] 1675
[1] 192  76
[1] 1676
[1] 192 104
[1] 1677
[1] 192  17
[1] 1678
[1] 192  29
[1] 1679
[1] 192  68
[1] 1680
[1] 192  23
[1] 1681
[1] 192  28
[1] 1682
[1] 192  27
[1] 1683
[1] 192  36
[1] 1684
[1] 192  76
[1] 1685
[1] 192  37
[1] 1686
[1] 192  75
[1] 1687
[1] 192  58
[1] 1688
[1] 192  28
[1] 1689
[1] 192  41
[1] 1690
[1] 192  22
[1] 1691
[1] 192  55
[1] 1692
[1] 192  23
[1] 1693
[1] 192  61
[1] 1694
[1] 192  36
[1] 1695
[1] 192  61
[1] 1696
[1] 192  20
[1] 1697
[1] 192  37
[1] 1698
[1] 192  43
[1] 1699
[1] 192  56
[1] 1700
[1] 192  19
