[1] 4301
[1] 192  25
[1] 4302
[1] 192  28
[1] 4303
[1] 192  26
[1] 4304
[1] 192  88
[1] 4305
[1] 192  60
[1] 4306
[1] 192  48
[1] 4307
[1] 192  48
[1] 4308
[1] 192  55
[1] 4309
[1] 192  48
[1] 4310
[1] 192  73
[1] 4311
[1] 192  16
[1] 4312
[1] 192  48
[1] 4313
[1] 192  17
[1] 4314
[1] 192  53
[1] 4315
[1] 192  28
[1] 4316
[1] 192  46
[1] 4317
[1] 192  51
[1] 4318
[1] 192  34
[1] 4319
[1] 192  25
[1] 4320
[1] 192  35
[1] 4321
[1] 192  23
[1] 4322
[1] 192  24
[1] 4323
[1] 192  23
[1] 4324
[1] 192  48
[1] 4325
[1] 192  28
[1] 4326
[1] 192  59
[1] 4327
[1] 192  66
[1] 4328
[1] 192  41
[1] 4329
[1] 192  59
[1] 4330
[1] 192 113
[1] 4331
[1] 192  70
[1] 4332
[1] 192  56
[1] 4333
[1] 192  31
[1] 4334
[1] 192  29
[1] 4335
[1] 192  61
[1] 4336
[1] 192  60
[1] 4337
[1] 192  55
[1] 4338
[1] 192  58
[1] 4339
[1] 192  64
[1] 4340
[1] 192  70
[1] 4341
[1] 192  47
[1] 4342
[1] 192  49
[1] 4343
[1] 192  60
[1] 4344
[1] 192  54
[1] 4345
[1] 192 114
[1] 4346
[1] 192  75
[1] 4347
[1] 192  61
[1] 4348
[1] 192  81
[1] 4349
[1] 192  31
[1] 4350
[1] 192  33
[1] 4351
[1] 192  53
[1] 4352
[1] 192  82
[1] 4353
[1] 192  76
[1] 4354
[1] 192 113
[1] 4355
[1] 192  60
[1] 4356
[1] 192  54
[1] 4357
[1] 192  71
[1] 4358
[1] 192  67
[1] 4359
[1] 192  59
[1] 4360
[1] 192  48
[1] 4361
[1] 192  80
[1] 4362
[1] 192  68
[1] 4363
[1] 192  48
[1] 4364
[1] 192  58
[1] 4365
[1] 192  52
[1] 4366
[1] 192  35
[1] 4367
[1] 192  18
[1] 4368
[1] 192  60
[1] 4369
[1] 192  72
[1] 4370
[1] 192  44
[1] 4371
[1] 192 150
[1] 4372
[1] 192  44
[1] 4373
[1] 192  57
[1] 4374
[1] 192  92
[1] 4375
[1] 192  24
[1] 4376
[1] 192  49
[1] 4377
[1] 192  89
[1] 4378
[1] 192  56
[1] 4379
[1] 192  71
[1] 4380
[1] 192  28
[1] 4381
[1] 192  57
[1] 4382
[1] 192  34
[1] 4383
[1] 192  31
[1] 4384
[1] 192  62
[1] 4385
[1] 192  62
[1] 4386
[1] 192  55
[1] 4387
[1] 192  69
[1] 4388
[1] 192  66
[1] 4389
[1] 192  30
[1] 4390
[1] 192  53
[1] 4391
[1] 192  34
[1] 4392
[1] 192  19
[1] 4393
[1] 192  18
[1] 4394
[1] 192  40
[1] 4395
[1] 192  53
[1] 4396
[1] 192  69
[1] 4397
[1] 192  89
[1] 4398
[1] 192  39
[1] 4399
[1] 192  59
[1] 4400
[1] 192  40
