[1] 3201
[1] 192  48
[1] 3202
[1] 192  48
[1] 3203
[1] 192  71
[1] 3204
[1] 192  38
[1] 3205
[1] 192  50
[1] 3206
[1] 192  52
[1] 3207
[1] 192  51
[1] 3208
[1] 192  46
[1] 3209
[1] 192  33
[1] 3210
[1] 192  41
[1] 3211
[1] 192  64
[1] 3212
[1] 192  46
[1] 3213
[1] 192  85
[1] 3214
[1] 192  42
[1] 3215
[1] 192  47
[1] 3216
[1] 192  36
[1] 3217
[1] 192  18
[1] 3218
[1] 192  87
[1] 3219
[1] 192  79
[1] 3220
[1] 192  48
[1] 3221
[1] 192  59
[1] 3222
[1] 192  43
[1] 3223
[1] 192  68
[1] 3224
[1] 192  68
[1] 3225
[1] 192  60
[1] 3226
[1] 192  59
[1] 3227
[1] 192  66
[1] 3228
[1] 192  80
[1] 3229
[1] 192  82
[1] 3230
[1] 192  52
[1] 3231
[1] 192  42
[1] 3232
[1] 192  19
[1] 3233
[1] 192  27
[1] 3234
[1] 192  17
[1] 3235
[1] 192  33
[1] 3236
[1] 192  68
[1] 3237
[1] 192  58
[1] 3238
[1] 192  34
[1] 3239
[1] 192  37
[1] 3240
[1] 192  48
[1] 3241
[1] 192  49
[1] 3242
[1] 192  83
[1] 3243
[1] 192  76
[1] 3244
[1] 192  53
[1] 3245
[1] 192  52
[1] 3246
[1] 192  83
[1] 3247
[1] 192  76
[1] 3248
[1] 192  71
[1] 3249
[1] 192  20
[1] 3250
[1] 192  21
[1] 3251
[1] 192  43
[1] 3252
[1] 192  24
[1] 3253
[1] 192  36
[1] 3254
[1] 192  40
[1] 3255
[1] 192  65
[1] 3256
[1] 192  29
[1] 3257
[1] 192  33
[1] 3258
[1] 192  70
[1] 3259
[1] 192  27
[1] 3260
[1] 192  38
[1] 3261
[1] 192  62
[1] 3262
[1] 192  40
[1] 3263
[1] 192  39
[1] 3264
[1] 192  25
[1] 3265
[1] 192  31
[1] 3266
[1] 192  66
[1] 3267
[1] 192  80
[1] 3268
[1] 192  52
[1] 3269
[1] 192  47
[1] 3270
[1] 192  46
[1] 3271
[1] 192  48
[1] 3272
[1] 192  35
[1] 3273
[1] 192  38
[1] 3274
[1] 192  49
[1] 3275
[1] 192  36
[1] 3276
[1] 192  32
[1] 3277
[1] 192  67
[1] 3278
[1] 192  46
[1] 3279
[1] 192  39
[1] 3280
[1] 192  60
[1] 3281
[1] 192  40
[1] 3282
[1] 192  49
[1] 3283
[1] 192  62
[1] 3284
[1] 192  38
[1] 3285
[1] 192  42
[1] 3286
[1] 192  40
[1] 3287
[1] 192  70
[1] 3288
[1] 192  48
[1] 3289
[1] 192  41
[1] 3290
[1] 192  32
[1] 3291
[1] 192  91
[1] 3292
[1] 192  60
[1] 3293
[1] 192  56
[1] 3294
[1] 192  44
[1] 3295
[1] 192  33
[1] 3296
[1] 192  60
[1] 3297
[1] 192  46
[1] 3298
[1] 192  44
[1] 3299
[1] 192  55
[1] 3300
[1] 192  29
