[1] 3801
[1] 192  67
[1] 3802
[1] 192  26
[1] 3803
[1] 192  44
[1] 3804
[1] 192  62
[1] 3805
[1] 192  39
[1] 3806
[1] 192  55
[1] 3807
[1] 192  49
[1] 3808
[1] 192  48
[1] 3809
[1] 192  50
[1] 3810
[1] 192  48
[1] 3811
[1] 192  49
[1] 3812
[1] 192  47
[1] 3813
[1] 192  17
[1] 3814
[1] 192  26
[1] 3815
[1] 192  21
[1] 3816
[1] 192  52
[1] 3817
[1] 192  43
[1] 3818
[1] 192  20
[1] 3819
[1] 192  21
[1] 3820
[1] 192  12
[1] 3821
[1] 192  62
[1] 3822
[1] 192  53
[1] 3823
[1] 192  32
[1] 3824
[1] 192  45
[1] 3825
[1] 192  63
[1] 3826
[1] 192  38
[1] 3827
[1] 192  45
[1] 3828
[1] 192  39
[1] 3829
[1] 192  39
[1] 3830
[1] 192  22
[1] 3831
[1] 192  48
[1] 3832
[1] 192  25
[1] 3833
[1] 192  52
[1] 3834
[1] 192  52
[1] 3835
[1] 192  58
[1] 3836
[1] 192  50
[1] 3837
[1] 192  50
[1] 3838
[1] 192  35
[1] 3839
[1] 192  28
[1] 3840
[1] 192  45
[1] 3841
[1] 192  37
[1] 3842
[1] 192  27
[1] 3843
[1] 192  64
[1] 3844
[1] 192  76
[1] 3845
[1] 192  59
[1] 3846
[1] 192  44
[1] 3847
[1] 192  60
[1] 3848
[1] 192  70
[1] 3849
[1] 192  50
[1] 3850
[1] 192  55
[1] 3851
[1] 192  43
[1] 3852
[1] 192  70
[1] 3853
[1] 192  73
[1] 3854
[1] 192  33
[1] 3855
[1] 192  42
[1] 3856
[1] 192  42
[1] 3857
[1] 192  57
[1] 3858
[1] 192  87
[1] 3859
[1] 192  55
[1] 3860
[1] 192  48
[1] 3861
[1] 192  27
[1] 3862
[1] 192  42
[1] 3863
[1] 192  57
[1] 3864
[1] 192  65
[1] 3865
[1] 192  65
[1] 3866
[1] 192  59
[1] 3867
[1] 192  59
[1] 3868
[1] 192  62
[1] 3869
[1] 192  71
[1] 3870
[1] 192  62
[1] 3871
[1] 192  61
[1] 3872
[1] 192  75
[1] 3873
[1] 192  27
[1] 3874
[1] 192  93
[1] 3875
[1] 192  51
[1] 3876
[1] 192  48
[1] 3877
[1] 192  34
[1] 3878
[1] 192  32
[1] 3879
[1] 192 103
[1] 3880
[1] 192  54
[1] 3881
[1] 192  53
[1] 3882
[1] 192  29
[1] 3883
[1] 192  42
[1] 3884
[1] 192  58
[1] 3885
[1] 192  58
[1] 3886
[1] 192  54
[1] 3887
[1] 192  48
[1] 3888
[1] 192  43
[1] 3889
[1] 192  48
[1] 3890
[1] 192  17
[1] 3891
[1] 192  37
[1] 3892
[1] 192  41
[1] 3893
[1] 192  17
[1] 3894
[1] 192  42
[1] 3895
[1] 192  34
[1] 3896
[1] 192  45
[1] 3897
[1] 192  38
[1] 3898
[1] 192  69
[1] 3899
[1] 192  28
[1] 3900
[1] 192  69
