[1] 5501
[1] 192  52
[1] 5502
[1] 192  35
[1] 5503
[1] 192  38
[1] 5504
[1] 192  57
[1] 5505
[1] 192  42
[1] 5506
[1] 192  19
[1] 5507
[1] 192  15
[1] 5508
[1] 192  21
[1] 5509
[1] 192  17
[1] 5510
[1] 192  36
[1] 5511
[1] 192  53
[1] 5512
[1] 192  32
[1] 5513
[1] 192  74
[1] 5514
[1] 192  34
[1] 5515
[1] 192  51
[1] 5516
[1] 192   5
[1] 5517
[1] 192   5
[1] 5518
[1] 192  45
[1] 5519
[1] 192  40
[1] 5520
[1] 192  29
[1] 5521
[1] 192  30
[1] 5522
[1] 192  44
[1] 5523
[1] 192  32
[1] 5524
[1] 192  14
[1] 5525
[1] 192  20
[1] 5526
[1] 192  68
[1] 5527
[1] 192  28
[1] 5528
[1] 192  38
[1] 5529
[1] 192  38
[1] 5530
[1] 192  94
[1] 5531
[1] 192  63
[1] 5532
[1] 192  35
[1] 5533
[1] 192  59
[1] 5534
[1] 192  55
[1] 5535
[1] 192  41
[1] 5536
[1] 192  51
[1] 5537
[1] 192  40
[1] 5538
[1] 192  24
[1] 5539
[1] 192  23
[1] 5540
[1] 192  40
[1] 5541
[1] 192  23
[1] 5542
[1] 192  25
[1] 5543
[1] 192  27
[1] 5544
[1] 192 104
[1] 5545
[1] 192 167
[1] 5546
[1] 192  63
[1] 5547
[1] 192  47
[1] 5548
[1] 192  47
[1] 5549
[1] 192  81
[1] 5550
[1] 192  27
[1] 5551
[1] 192  50
[1] 5552
[1] 192  70
[1] 5553
[1] 192  73
[1] 5554
[1] 192  77
[1] 5555
[1] 192  53
[1] 5556
[1] 192  39
[1] 5557
[1] 192  27
[1] 5558
[1] 192  28
[1] 5559
[1] 192  55
[1] 5560
[1] 192  45
[1] 5561
[1] 192  46
[1] 5562
[1] 192  61
[1] 5563
[1] 192 150
[1] 5564
[1] 192 101
[1] 5565
[1] 192  47
[1] 5566
[1] 192  37
[1] 5567
[1] 192  50
[1] 5568
[1] 192  46
[1] 5569
[1] 192  40
[1] 5570
[1] 192  58
[1] 5571
[1] 192 123
[1] 5572
[1] 192  53
[1] 5573
[1] 192  48
[1] 5574
[1] 192  60
[1] 5575
[1] 192  51
[1] 5576
[1] 192  55
[1] 5577
[1] 192  50
[1] 5578
[1] 192  52
[1] 5579
[1] 192  54
[1] 5580
[1] 192  20
[1] 5581
[1] 192  53
[1] 5582
[1] 192  52
[1] 5583
[1] 192  87
[1] 5584
[1] 192  71
[1] 5585
[1] 192  73
[1] 5586
[1] 192  33
[1] 5587
[1] 192  47
[1] 5588
[1] 192  74
[1] 5589
[1] 192  91
[1] 5590
[1] 192  49
[1] 5591
[1] 192  32
[1] 5592
[1] 192  40
[1] 5593
[1] 192 117
[1] 5594
[1] 192  67
[1] 5595
[1] 192  39
[1] 5596
[1] 192  20
[1] 5597
[1] 192  21
[1] 5598
[1] 192  20
[1] 5599
[1] 192   9
[1] 5600
[1] 192   8
