[1] 5601
[1] 192  58
[1] 5602
[1] 192  90
[1] 5603
[1] 192 127
[1] 5604
[1] 192  79
[1] 5605
[1] 192 119
[1] 5606
[1] 192  51
[1] 5607
[1] 192  45
[1] 5608
[1] 192  14
[1] 5609
[1] 192  52
[1] 5610
[1] 192  29
[1] 5611
[1] 192  43
[1] 5612
[1] 192  59
[1] 5613
[1] 192  50
[1] 5614
[1] 192  46
[1] 5615
[1] 192  42
[1] 5616
[1] 192  39
[1] 5617
[1] 192  70
[1] 5618
[1] 192  20
[1] 5619
[1] 192  89
[1] 5620
[1] 192  53
[1] 5621
[1] 192  64
[1] 5622
[1] 192  53
[1] 5623
[1] 192  38
[1] 5624
[1] 192  63
[1] 5625
[1] 192  60
[1] 5626
[1] 192  39
[1] 5627
[1] 192  57
[1] 5628
[1] 192  16
[1] 5629
[1] 192  57
[1] 5630
[1] 192  55
[1] 5631
[1] 192  80
[1] 5632
[1] 192  66
[1] 5633
[1] 192  60
[1] 5634
[1] 192  70
[1] 5635
[1] 192 105
[1] 5636
[1] 192  38
[1] 5637
[1] 192  62
[1] 5638
[1] 192  54
[1] 5639
[1] 192  50
[1] 5640
[1] 192  36
[1] 5641
[1] 192  59
[1] 5642
[1] 192  69
[1] 5643
[1] 192  65
[1] 5644
[1] 192  64
[1] 5645
[1] 192 110
[1] 5646
[1] 192  61
[1] 5647
[1] 192  23
[1] 5648
[1] 192  19
[1] 5649
[1] 192  24
[1] 5650
[1] 192  34
[1] 5651
[1] 192  39
[1] 5652
[1] 192   1
[1] 5653
[1] 192  40
[1] 5654
[1] 192  45
[1] 5655
[1] 192  51
[1] 5656
[1] 192  44
[1] 5657
[1] 192  99
[1] 5658
[1] 192  65
[1] 5659
[1] 192  46
[1] 5660
[1] 192  30
[1] 5661
[1] 192  70
[1] 5662
[1] 192  43
[1] 5663
[1] 192  46
[1] 5664
[1] 192  53
[1] 5665
[1] 192  40
[1] 5666
[1] 192  58
[1] 5667
[1] 192  63
[1] 5668
[1] 192  29
[1] 5669
[1] 192  56
[1] 5670
[1] 192  87
[1] 5671
[1] 192  56
[1] 5672
[1] 192  53
[1] 5673
[1] 192  51
[1] 5674
[1] 192  55
[1] 5675
[1] 192  54
[1] 5676
[1] 192  83
[1] 5677
[1] 192 156
[1] 5678
[1] 192  63
[1] 5679
[1] 192  60
[1] 5680
[1] 192 115
[1] 5681
[1] 192 147
[1] 5682
[1] 192  26
[1] 5683
[1] 192  35
[1] 5684
[1] 192  31
[1] 5685
[1] 192  37
[1] 5686
[1] 192  39
[1] 5687
[1] 192  62
[1] 5688
[1] 192  61
[1] 5689
[1] 192  43
[1] 5690
[1] 192  48
[1] 5691
[1] 192  36
[1] 5692
[1] 192  34
[1] 5693
[1] 192  55
[1] 5694
[1] 192  34
[1] 5695
[1] 192  38
[1] 5696
[1] 192  61
[1] 5697
[1] 192  26
[1] 5698
[1] 192  31
[1] 5699
[1] 192  39
[1] 5700
[1] 192  29
