[1] 9001
[1] 192  10
[1] 9002
[1] 192  55
[1] 9003
[1] 192  77
[1] 9004
[1] 192  48
[1] 9005
[1] 192  34
[1] 9006
[1] 192  41
[1] 9007
[1] 192  63
[1] 9008
[1] 192  34
[1] 9009
[1] 192   8
[1] 9010
[1] 192  63
[1] 9011
[1] 192  97
[1] 9012
[1] 192  58
[1] 9013
[1] 192  54
[1] 9014
[1] 192  77
[1] 9015
[1] 192   7
[1] 9016
[1] 192  51
[1] 9017
[1] 192  62
[1] 9018
[1] 192  25
[1] 9019
[1] 192  34
[1] 9020
[1] 192  50
[1] 9021
[1] 192  57
[1] 9022
[1] 192  77
[1] 9023
[1] 192  55
[1] 9024
[1] 192  43
[1] 9025
[1] 192  40
[1] 9026
[1] 192  68
[1] 9027
[1] 192  31
[1] 9028
[1] 192  93
[1] 9029
[1] 192  36
[1] 9030
[1] 192  24
[1] 9031
[1] 192  43
[1] 9032
[1] 192  48
[1] 9033
[1] 192  52
[1] 9034
[1] 192  66
[1] 9035
[1] 192  29
[1] 9036
[1] 192  33
[1] 9037
[1] 192  28
[1] 9038
[1] 192  51
[1] 9039
[1] 192  43
[1] 9040
[1] 192  27
[1] 9041
[1] 192  28
[1] 9042
[1] 192  63
[1] 9043
[1] 192  22
[1] 9044
[1] 192  72
[1] 9045
[1] 192   8
[1] 9046
[1] 192  26
[1] 9047
[1] 192  42
[1] 9048
[1] 192  66
[1] 9049
[1] 192  21
[1] 9050
[1] 192  42
[1] 9051
[1] 192 104
[1] 9052
[1] 192  25
[1] 9053
[1] 192  47
[1] 9054
[1] 192  46
[1] 9055
[1] 192  27
[1] 9056
[1] 192  69
[1] 9057
[1] 192  33
[1] 9058
[1] 192  25
[1] 9059
[1] 192  54
[1] 9060
[1] 192  44
[1] 9061
[1] 192  15
[1] 9062
[1] 192  28
[1] 9063
[1] 192  37
[1] 9064
[1] 192  49
[1] 9065
[1] 192  59
[1] 9066
[1] 192  56
[1] 9067
[1] 192  36
[1] 9068
[1] 192  44
[1] 9069
[1] 192  21
[1] 9070
[1] 192  27
[1] 9071
[1] 192  44
[1] 9072
[1] 192  39
[1] 9073
[1] 192  35
[1] 9074
[1] 192  62
[1] 9075
[1] 192   8
[1] 9076
[1] 192  44
[1] 9077
[1] 192  45
[1] 9078
[1] 192  63
[1] 9079
[1] 192  71
[1] 9080
[1] 192  25
[1] 9081
[1] 192  88
[1] 9082
[1] 192  62
[1] 9083
[1] 192  26
[1] 9084
[1] 192  92
[1] 9085
[1] 192  27
[1] 9086
[1] 192  42
[1] 9087
[1] 192  48
[1] 9088
[1] 192  58
[1] 9089
[1] 192  67
[1] 9090
[1] 192  38
[1] 9091
[1] 192  34
[1] 9092
[1] 192  34
[1] 9093
[1] 192  74
[1] 9094
[1] 192  86
[1] 9095
[1] 192 100
[1] 9096
[1] 192  28
[1] 9097
[1] 192  11
[1] 9098
[1] 192  62
[1] 9099
[1] 192  37
[1] 9100
[1] 192  76
