[1] 8201
[1] 192  43
[1] 8202
[1] 192  56
[1] 8203
[1] 192  16
[1] 8204
[1] 192  47
[1] 8205
[1] 192  28
[1] 8206
[1] 192  29
[1] 8207
[1] 192  48
[1] 8208
[1] 192  50
[1] 8209
[1] 192  34
[1] 8210
[1] 192  55
[1] 8211
[1] 192  38
[1] 8212
[1] 192  58
[1] 8213
[1] 192  58
[1] 8214
[1] 192  53
[1] 8215
[1] 192  67
[1] 8216
[1] 192  53
[1] 8217
[1] 192  29
[1] 8218
[1] 192  23
[1] 8219
[1] 192  97
[1] 8220
[1] 192 100
[1] 8221
[1] 192  91
[1] 8222
[1] 192  82
[1] 8223
[1] 192  47
[1] 8224
[1] 192  52
[1] 8225
[1] 192  32
[1] 8226
[1] 192  27
[1] 8227
[1] 192 242
[1] 8228
[1] 192  74
[1] 8229
[1] 192  69
[1] 8230
[1] 192  68
[1] 8231
[1] 192  36
[1] 8232
[1] 192  40
[1] 8233
[1] 192  50
[1] 8234
[1] 192  45
[1] 8235
[1] 192  21
[1] 8236
[1] 192  55
[1] 8237
[1] 192 147
[1] 8238
[1] 192  50
[1] 8239
[1] 192  50
[1] 8240
[1] 192  49
[1] 8241
[1] 192  85
[1] 8242
[1] 192  78
[1] 8243
[1] 192  27
[1] 8244
[1] 192  15
[1] 8245
[1] 192  60
[1] 8246
[1] 192  30
[1] 8247
[1] 192  43
[1] 8248
[1] 192  84
[1] 8249
[1] 192  66
[1] 8250
[1] 192  82
[1] 8251
[1] 192  54
[1] 8252
[1] 192  17
[1] 8253
[1] 192  37
[1] 8254
[1] 192  15
[1] 8255
[1] 192  16
[1] 8256
[1] 192  66
[1] 8257
[1] 192  16
[1] 8258
[1] 192  43
[1] 8259
[1] 192  33
[1] 8260
[1] 192  56
[1] 8261
[1] 192  70
[1] 8262
[1] 192  34
[1] 8263
[1] 192  29
[1] 8264
[1] 192  73
[1] 8265
[1] 192  34
[1] 8266
[1] 192  43
[1] 8267
[1] 192  71
[1] 8268
[1] 192  60
[1] 8269
[1] 192  72
[1] 8270
[1] 192  93
[1] 8271
[1] 192  32
[1] 8272
[1] 192  83
[1] 8273
[1] 192  32
[1] 8274
[1] 192  33
[1] 8275
[1] 192  36
[1] 8276
[1] 192  35
[1] 8277
[1] 192  36
[1] 8278
[1] 192  32
[1] 8279
[1] 192  40
[1] 8280
[1] 192  31
[1] 8281
[1] 192  39
[1] 8282
[1] 192  36
[1] 8283
[1] 192  58
[1] 8284
[1] 192  32
[1] 8285
[1] 192  82
[1] 8286
[1] 192  67
[1] 8287
[1] 192  35
[1] 8288
[1] 192  31
[1] 8289
[1] 192  49
[1] 8290
[1] 192  48
[1] 8291
[1] 192  39
[1] 8292
[1] 192  36
[1] 8293
[1] 192  20
[1] 8294
[1] 192  38
[1] 8295
[1] 192  69
[1] 8296
[1] 192  28
[1] 8297
[1] 192  37
[1] 8298
[1] 192  39
[1] 8299
[1] 192  25
[1] 8300
[1] 192  74
