[1] 4101
[1] 192  73
[1] 4102
[1] 192  66
[1] 4103
[1] 192  63
[1] 4104
[1] 192  47
[1] 4105
[1] 192  50
[1] 4106
[1] 192  42
[1] 4107
[1] 192  43
[1] 4108
[1] 192  53
[1] 4109
[1] 192  42
[1] 4110
[1] 192  27
[1] 4111
[1] 192  27
[1] 4112
[1] 192  28
[1] 4113
[1] 192  59
[1] 4114
[1] 192  44
[1] 4115
[1] 192  50
[1] 4116
[1] 192  30
[1] 4117
[1] 192  30
[1] 4118
[1] 192  32
[1] 4119
[1] 192  29
[1] 4120
[1] 192  69
[1] 4121
[1] 192  57
[1] 4122
[1] 192  19
[1] 4123
[1] 192  20
[1] 4124
[1] 192  17
[1] 4125
[1] 192  19
[1] 4126
[1] 192  20
[1] 4127
[1] 192  35
[1] 4128
[1] 192  25
[1] 4129
[1] 192 124
[1] 4130
[1] 192  64
[1] 4131
[1] 192  63
[1] 4132
[1] 192  63
[1] 4133
[1] 192  69
[1] 4134
[1] 192  21
[1] 4135
[1] 192  76
[1] 4136
[1] 192  93
[1] 4137
[1] 192  69
[1] 4138
[1] 192  21
[1] 4139
[1] 192  36
[1] 4140
[1] 192  27
[1] 4141
[1] 192  31
[1] 4142
[1] 192  39
[1] 4143
[1] 192  46
[1] 4144
[1] 192  28
[1] 4145
[1] 192  91
[1] 4146
[1] 192  29
[1] 4147
[1] 192  23
[1] 4148
[1] 192  26
[1] 4149
[1] 192  27
[1] 4150
[1] 192  28
[1] 4151
[1] 192  37
[1] 4152
[1] 192  41
[1] 4153
[1] 192  71
[1] 4154
[1] 192  58
[1] 4155
[1] 192  65
[1] 4156
[1] 192  25
[1] 4157
[1] 192  78
[1] 4158
[1] 192  79
[1] 4159
[1] 192  72
[1] 4160
[1] 192  68
[1] 4161
[1] 192  54
[1] 4162
[1] 192  39
[1] 4163
[1] 192  38
[1] 4164
[1] 192  60
[1] 4165
[1] 192  62
[1] 4166
[1] 192  36
[1] 4167
[1] 192  35
[1] 4168
[1] 192  60
[1] 4169
[1] 192  53
[1] 4170
[1] 192  66
[1] 4171
[1] 192  41
[1] 4172
[1] 192  44
[1] 4173
[1] 192  37
[1] 4174
[1] 192 105
[1] 4175
[1] 192  40
[1] 4176
[1] 192 108
[1] 4177
[1] 192  43
[1] 4178
[1] 192 101
[1] 4179
[1] 192  47
[1] 4180
[1] 192  63
[1] 4181
[1] 192  41
[1] 4182
[1] 192  52
[1] 4183
[1] 192  71
[1] 4184
[1] 192  22
[1] 4185
[1] 192  20
[1] 4186
[1] 192  18
[1] 4187
[1] 192  24
[1] 4188
[1] 192  47
[1] 4189
[1] 192  20
[1] 4190
[1] 192  19
[1] 4191
[1] 192  23
[1] 4192
[1] 192  29
[1] 4193
[1] 192  78
[1] 4194
[1] 192  62
[1] 4195
[1] 192  30
[1] 4196
[1] 192  74
[1] 4197
[1] 192  36
[1] 4198
[1] 192  38
[1] 4199
[1] 192  75
[1] 4200
[1] 192  58
