[1] 8401
[1] 192  63
[1] 8402
[1] 192  39
[1] 8403
[1] 192  36
[1] 8404
[1] 192  11
[1] 8405
[1] 192  39
[1] 8406
[1] 192  35
[1] 8407
[1] 192  41
[1] 8408
[1] 192  58
[1] 8409
[1] 192  39
[1] 8410
[1] 192  52
[1] 8411
[1] 192  66
[1] 8412
[1] 192  40
[1] 8413
[1] 192  59
[1] 8414
[1] 192  46
[1] 8415
[1] 192  18
[1] 8416
[1] 192  44
[1] 8417
[1] 192  72
[1] 8418
[1] 192  20
[1] 8419
[1] 192 130
[1] 8420
[1] 192  47
[1] 8421
[1] 192  46
[1] 8422
[1] 192  26
[1] 8423
[1] 192  46
[1] 8424
[1] 192  35
[1] 8425
[1] 192  36
[1] 8426
[1] 192  33
[1] 8427
[1] 192  45
[1] 8428
[1] 192  43
[1] 8429
[1] 192  64
[1] 8430
[1] 192  45
[1] 8431
[1] 192  39
[1] 8432
[1] 192  32
[1] 8433
[1] 192  96
[1] 8434
[1] 192  42
[1] 8435
[1] 192  60
[1] 8436
[1] 192  20
[1] 8437
[1] 192  59
[1] 8438
[1] 192  44
[1] 8439
[1] 192  34
[1] 8440
[1] 192  58
[1] 8441
[1] 192  43
[1] 8442
[1] 192  40
[1] 8443
[1] 192  33
[1] 8444
[1] 192 147
[1] 8445
[1] 192  61
[1] 8446
[1] 192  40
[1] 8447
[1] 192  32
[1] 8448
[1] 192  49
[1] 8449
[1] 192  78
[1] 8450
[1] 192  53
[1] 8451
[1] 192 102
[1] 8452
[1] 192  50
[1] 8453
[1] 192  25
[1] 8454
[1] 192  75
[1] 8455
[1] 192  57
[1] 8456
[1] 192  21
[1] 8457
[1] 192  38
[1] 8458
[1] 192  26
[1] 8459
[1] 192  39
[1] 8460
[1] 192  49
[1] 8461
[1] 192  27
[1] 8462
[1] 192  37
[1] 8463
[1] 192  68
[1] 8464
[1] 192  60
[1] 8465
[1] 192  46
[1] 8466
[1] 192  52
[1] 8467
[1] 192  25
[1] 8468
[1] 192  66
[1] 8469
[1] 192  27
[1] 8470
[1] 192  52
[1] 8471
[1] 192  34
[1] 8472
[1] 192  76
[1] 8473
[1] 192  73
[1] 8474
[1] 192  98
[1] 8475
[1] 192  56
[1] 8476
[1] 192  62
[1] 8477
[1] 192  33
[1] 8478
[1] 192  44
[1] 8479
[1] 192  47
[1] 8480
[1] 192  63
[1] 8481
[1] 192 138
[1] 8482
[1] 192  19
[1] 8483
[1] 192  22
[1] 8484
[1] 192  65
[1] 8485
[1] 192  44
[1] 8486
[1] 192  55
[1] 8487
[1] 192  54
[1] 8488
[1] 192  18
[1] 8489
[1] 192  46
[1] 8490
[1] 192  61
[1] 8491
[1] 192  30
[1] 8492
[1] 192  30
[1] 8493
[1] 192  27
[1] 8494
[1] 192  66
[1] 8495
[1] 192  12
[1] 8496
[1] 192  23
[1] 8497
[1] 192  65
[1] 8498
[1] 192  56
[1] 8499
[1] 192  56
[1] 8500
[1] 192  94
