[1] 6001
[1] 192  42
[1] 6002
[1] 192  46
[1] 6003
[1] 192  85
[1] 6004
[1] 192  60
[1] 6005
[1] 192  35
[1] 6006
[1] 192  36
[1] 6007
[1] 192  94
[1] 6008
[1] 192 100
[1] 6009
[1] 192  56
[1] 6010
[1] 192  51
[1] 6011
[1] 192  77
[1] 6012
[1] 192  64
[1] 6013
[1] 192  46
[1] 6014
[1] 192  71
[1] 6015
[1] 192  65
[1] 6016
[1] 192  68
[1] 6017
[1] 192  54
[1] 6018
[1] 192 203
[1] 6019
[1] 192  41
[1] 6020
[1] 192  51
[1] 6021
[1] 192  50
[1] 6022
[1] 192  49
[1] 6023
[1] 192  58
[1] 6024
[1] 192  69
[1] 6025
[1] 192  61
[1] 6026
[1] 192  40
[1] 6027
[1] 192  41
[1] 6028
[1] 192  46
[1] 6029
[1] 192  63
[1] 6030
[1] 192  70
[1] 6031
[1] 192  53
[1] 6032
[1] 192  59
[1] 6033
[1] 192  27
[1] 6034
[1] 192  38
[1] 6035
[1] 192  88
[1] 6036
[1] 192  48
[1] 6037
[1] 192  68
[1] 6038
[1] 192  59
[1] 6039
[1] 192  67
[1] 6040
[1] 192  58
[1] 6041
[1] 192  55
[1] 6042
[1] 192 121
[1] 6043
[1] 192  48
[1] 6044
[1] 192  54
[1] 6045
[1] 192  44
[1] 6046
[1] 192  96
[1] 6047
[1] 192 228
[1] 6048
[1] 192  46
[1] 6049
[1] 192 115
[1] 6050
[1] 192  71
[1] 6051
[1] 192  15
[1] 6052
[1] 192  41
[1] 6053
[1] 192  64
[1] 6054
[1] 192  68
[1] 6055
[1] 192  68
[1] 6056
[1] 192  61
[1] 6057
[1] 192  43
[1] 6058
[1] 192  66
[1] 6059
[1] 192  54
[1] 6060
[1] 192  68
[1] 6061
[1] 192  24
[1] 6062
[1] 192  18
[1] 6063
[1] 192  25
[1] 6064
[1] 192  85
[1] 6065
[1] 192  34
[1] 6066
[1] 192  72
[1] 6067
[1] 192  46
[1] 6068
[1] 192  40
[1] 6069
[1] 192  40
[1] 6070
[1] 192 127
[1] 6071
[1] 192  46
[1] 6072
[1] 192  47
[1] 6073
[1] 192  39
[1] 6074
[1] 192  38
[1] 6075
[1] 192  45
[1] 6076
[1] 192  61
[1] 6077
[1] 192  61
[1] 6078
[1] 192  69
[1] 6079
[1] 192  65
[1] 6080
[1] 192  57
[1] 6081
[1] 192  54
[1] 6082
[1] 192  40
[1] 6083
[1] 192  77
[1] 6084
[1] 192  51
[1] 6085
[1] 192  55
[1] 6086
[1] 192  68
[1] 6087
[1] 192  66
[1] 6088
[1] 192  70
[1] 6089
[1] 192  66
[1] 6090
[1] 192  50
[1] 6091
[1] 192  55
[1] 6092
[1] 192  67
[1] 6093
[1] 192  71
[1] 6094
[1] 192  62
[1] 6095
[1] 192  63
[1] 6096
[1] 192  60
[1] 6097
[1] 192  71
[1] 6098
[1] 192  70
[1] 6099
[1] 192  75
[1] 6100
[1] 192  41
