[1] 2401
[1] 192  42
[1] 2402
[1] 192  90
[1] 2403
[1] 192  29
[1] 2404
[1] 192  29
[1] 2405
[1] 192  27
[1] 2406
[1] 192  26
[1] 2407
[1] 192  30
[1] 2408
[1] 192  37
[1] 2409
[1] 192  45
[1] 2410
[1] 192  18
[1] 2411
[1] 192  14
[1] 2412
[1] 192  28
[1] 2413
[1] 192  40
[1] 2414
[1] 192  43
[1] 2415
[1] 192  32
[1] 2416
[1] 192  29
[1] 2417
[1] 192  18
[1] 2418
[1] 192  71
[1] 2419
[1] 192  45
[1] 2420
[1] 192  30
[1] 2421
[1] 192  43
[1] 2422
[1] 192  34
[1] 2423
[1] 192  61
[1] 2424
[1] 192  47
[1] 2425
[1] 192  74
[1] 2426
[1] 192  70
[1] 2427
[1] 192  55
[1] 2428
[1] 192  18
[1] 2429
[1] 192  40
[1] 2430
[1] 192  49
[1] 2431
[1] 192  37
[1] 2432
[1] 192  58
[1] 2433
[1] 192  62
[1] 2434
[1] 192  66
[1] 2435
[1] 192  49
[1] 2436
[1] 192  62
[1] 2437
[1] 192  43
[1] 2438
[1] 192  57
[1] 2439
[1] 192  40
[1] 2440
[1] 192  28
[1] 2441
[1] 192  21
[1] 2442
[1] 192  52
[1] 2443
[1] 192  39
[1] 2444
[1] 192  52
[1] 2445
[1] 192  76
[1] 2446
[1] 192  51
[1] 2447
[1] 192  65
[1] 2448
[1] 192  54
[1] 2449
[1] 192 102
[1] 2450
[1] 192  36
[1] 2451
[1] 192  51
[1] 2452
[1] 192  73
[1] 2453
[1] 192  71
[1] 2454
[1] 192  70
[1] 2455
[1] 192  49
[1] 2456
[1] 192  46
[1] 2457
[1] 192  83
[1] 2458
[1] 192  26
[1] 2459
[1] 192  26
[1] 2460
[1] 192  54
[1] 2461
[1] 192  63
[1] 2462
[1] 192  83
[1] 2463
[1] 192  50
[1] 2464
[1] 192  59
[1] 2465
[1] 192  40
[1] 2466
[1] 192  37
[1] 2467
[1] 192  21
[1] 2468
[1] 192  28
[1] 2469
[1] 192  67
[1] 2470
[1] 192  79
[1] 2471
[1] 192  37
[1] 2472
[1] 192  71
[1] 2473
[1] 192  35
[1] 2474
[1] 192  85
[1] 2475
[1] 192  47
[1] 2476
[1] 192  75
[1] 2477
[1] 192  52
[1] 2478
[1] 192  56
[1] 2479
[1] 192  54
[1] 2480
[1] 192  59
[1] 2481
[1] 192  76
[1] 2482
[1] 192  37
[1] 2483
[1] 192  11
[1] 2484
[1] 192  14
[1] 2485
[1] 192  51
[1] 2486
[1] 192  72
[1] 2487
[1] 192  57
[1] 2488
[1] 192  58
[1] 2489
[1] 192  45
[1] 2490
[1] 192  48
[1] 2491
[1] 192  35
[1] 2492
[1] 192  51
[1] 2493
[1] 192  71
[1] 2494
[1] 192  60
[1] 2495
[1] 192  75
[1] 2496
[1] 192  66
[1] 2497
[1] 192  62
[1] 2498
[1] 192  28
[1] 2499
[1] 192  34
[1] 2500
[1] 192  40
