[1] 9901
[1] 192  18
[1] 9902
[1] 192  54
[1] 9903
[1] 192  38
[1] 9904
[1] 192  21
[1] 9905
[1] 192  56
[1] 9906
[1] 192  60
[1] 9907
[1] 192  50
[1] 9908
[1] 192  29
[1] 9909
[1] 192  20
[1] 9910
[1] 192  54
[1] 9911
[1] 192  33
[1] 9912
[1] 192  49
[1] 9913
[1] 192  61
[1] 9914
[1] 192  38
[1] 9915
[1] 192  74
[1] 9916
[1] 192  49
[1] 9917
[1] 192  54
[1] 9918
[1] 192  39
[1] 9919
[1] 192  74
[1] 9920
[1] 192  36
[1] 9921
[1] 192 112
[1] 9922
[1] 192  47
[1] 9923
[1] 192  57
[1] 9924
[1] 192  83
[1] 9925
[1] 192  36
[1] 9926
[1] 192  63
[1] 9927
[1] 192  46
[1] 9928
[1] 192  47
[1] 9929
[1] 192  54
[1] 9930
[1] 192  69
[1] 9931
[1] 192  18
[1] 9932
[1] 192  43
[1] 9933
[1] 192  10
[1] 9934
[1] 192  36
[1] 9935
[1] 192  51
[1] 9936
[1] 192  45
[1] 9937
[1] 192  83
[1] 9938
[1] 192  56
[1] 9939
[1] 192  54
[1] 9940
[1] 192  19
[1] 9941
[1] 192  35
[1] 9942
[1] 192  50
[1] 9943
[1] 192  34
[1] 9944
[1] 192  21
[1] 9945
[1] 192  48
[1] 9946
[1] 192  44
[1] 9947
[1] 192  64
[1] 9948
[1] 192  63
[1] 9949
[1] 192  30
[1] 9950
[1] 192  44
[1] 9951
[1] 192  66
[1] 9952
[1] 192  32
[1] 9953
[1] 192  35
[1] 9954
[1] 192  52
[1] 9955
[1] 192  44
[1] 9956
[1] 192  18
[1] 9957
[1] 192  54
[1] 9958
[1] 192  87
[1] 9959
[1] 192  42
[1] 9960
[1] 192  69
[1] 9961
[1] 192  59
[1] 9962
[1] 192  63
[1] 9963
[1] 192  49
[1] 9964
[1] 192  40
[1] 9965
[1] 192  43
[1] 9966
[1] 192  40
[1] 9967
[1] 192  42
[1] 9968
[1] 192  53
[1] 9969
[1] 192  74
[1] 9970
[1] 192  55
[1] 9971
[1] 192  70
[1] 9972
[1] 192  48
[1] 9973
[1] 192  74
[1] 9974
[1] 192  55
[1] 9975
[1] 192  36
[1] 9976
[1] 192  20
[1] 9977
[1] 192  53
[1] 9978
[1] 192  61
[1] 9979
[1] 192  79
[1] 9980
[1] 192   8
[1] 9981
[1] 192  27
[1] 9982
[1] 192  17
[1] 9983
[1] 192  18
[1] 9984
[1] 192  31
[1] 9985
[1] 192  52
[1] 9986
[1] 192  35
[1] 9987
[1] 192  61
[1] 9988
[1] 192  57
[1] 9989
[1] 192  67
[1] 9990
[1] 192  65
[1] 9991
[1] 192  57
[1] 9992
[1] 192  21
[1] 9993
[1] 192  35
[1] 9994
[1] 192  12
[1] 9995
[1] 192  21
[1] 9996
[1] 192  21
[1] 9997
[1] 192 173
[1] 9998
[1] 192  27
[1] 9999
[1] 192 177
[1] 10000
[1] 192  40
