[1] 10301
[1] 192  65
[1] 10302
[1] 192  65
[1] 10303
[1] 192  55
[1] 10304
[1] 192  25
[1] 10305
[1] 192  15
[1] 10306
[1] 192  37
[1] 10307
[1] 192  21
[1] 10308
[1] 192  11
[1] 10309
[1] 192  68
[1] 10310
[1] 192  14
[1] 10311
[1] 192  36
[1] 10312
[1] 192  32
[1] 10313
[1] 192  23
[1] 10314
[1] 192 112
[1] 10315
[1] 192  43
[1] 10316
[1] 192  21
[1] 10317
[1] 192  52
[1] 10318
[1] 192  64
[1] 10319
[1] 192  35
[1] 10320
[1] 192  26
[1] 10321
[1] 192  24
[1] 10322
[1] 192  58
[1] 10323
[1] 192  26
[1] 10324
[1] 192  69
[1] 10325
[1] 192  73
[1] 10326
[1] 192  62
[1] 10327
[1] 192  17
[1] 10328
[1] 192  21
[1] 10329
[1] 192  78
[1] 10330
[1] 192  49
[1] 10331
[1] 192  70
[1] 10332
[1] 192  57
[1] 10333
[1] 192  30
[1] 10334
[1] 192  67
[1] 10335
[1] 192  69
[1] 10336
[1] 192  26
[1] 10337
[1] 192  46
[1] 10338
[1] 192  31
[1] 10339
[1] 192  21
[1] 10340
[1] 192  38
[1] 10341
[1] 192  88
[1] 10342
[1] 192  34
[1] 10343
[1] 192  49
[1] 10344
[1] 192  11
[1] 10345
[1] 192  57
[1] 10346
[1] 192  79
[1] 10347
[1] 192  39
[1] 10348
[1] 192  30
[1] 10349
[1] 192  29
[1] 10350
[1] 192  40
[1] 10351
[1] 192  82
[1] 10352
[1] 192  29
[1] 10353
[1] 192  68
[1] 10354
[1] 192  56
[1] 10355
[1] 192  16
[1] 10356
[1] 192  34
[1] 10357
[1] 192  50
[1] 10358
[1] 192  29
[1] 10359
[1] 192   3
[1] 10360
[1] 192  58
[1] 10361
[1] 192  46
[1] 10362
[1] 192  37
[1] 10363
[1] 192  69
[1] 10364
[1] 192  27
[1] 10365
[1] 192  27
[1] 10366
[1] 192  57
[1] 10367
[1] 192  49
[1] 10368
[1] 192  54
[1] 10369
[1] 192  73
[1] 10370
[1] 192  47
[1] 10371
[1] 192  67
[1] 10372
[1] 192  19
[1] 10373
[1] 192  49
[1] 10374
[1] 192  16
[1] 10375
[1] 192 113
[1] 10376
[1] 192  34
[1] 10377
[1] 192  21
[1] 10378
[1] 192  41
[1] 10379
[1] 192  49
[1] 10380
[1] 192  28
[1] 10381
[1] 192  45
[1] 10382
[1] 192  27
[1] 10383
[1] 192  63
[1] 10384
[1] 192  24
[1] 10385
[1] 192  51
[1] 10386
[1] 192 120
[1] 10387
[1] 192  15
[1] 10388
[1] 192  43
[1] 10389
[1] 192  53
[1] 10390
[1] 192  58
[1] 10391
[1] 192  70
[1] 10392
[1] 192  35
[1] 10393
[1] 192  42
[1] 10394
[1] 192  33
[1] 10395
[1] 192  46
[1] 10396
[1] 192  50
[1] 10397
[1] 192  55
[1] 10398
[1] 192  61
[1] 10399
[1] 192  53
[1] 10400
[1] 192  17
