[1] 3001
[1] 192  44
[1] 3002
[1] 192  47
[1] 3003
[1] 192  58
[1] 3004
[1] 192  78
[1] 3005
[1] 192  56
[1] 3006
[1] 192  61
[1] 3007
[1] 192  64
[1] 3008
[1] 192  22
[1] 3009
[1] 192  43
[1] 3010
[1] 192  55
[1] 3011
[1] 192  53
[1] 3012
[1] 192  58
[1] 3013
[1] 192  34
[1] 3014
[1] 192  46
[1] 3015
[1] 192  42
[1] 3016
[1] 192  38
[1] 3017
[1] 192  69
[1] 3018
[1] 192  47
[1] 3019
[1] 192  32
[1] 3020
[1] 192  31
[1] 3021
[1] 192  44
[1] 3022
[1] 192  41
[1] 3023
[1] 192  38
[1] 3024
[1] 192  55
[1] 3025
[1] 192  59
[1] 3026
[1] 192  46
[1] 3027
[1] 192  41
[1] 3028
[1] 192  47
[1] 3029
[1] 192  44
[1] 3030
[1] 192  82
[1] 3031
[1] 192  83
[1] 3032
[1] 192 103
[1] 3033
[1] 192  10
[1] 3034
[1] 192  47
[1] 3035
[1] 192  21
[1] 3036
[1] 192  28
[1] 3037
[1] 192  27
[1] 3038
[1] 192   7
[1] 3039
[1] 192  21
[1] 3040
[1] 192  22
[1] 3041
[1] 192  28
[1] 3042
[1] 192  68
[1] 3043
[1] 192  35
[1] 3044
[1] 192  50
[1] 3045
[1] 192  70
[1] 3046
[1] 192  61
[1] 3047
[1] 192  42
[1] 3048
[1] 192  69
[1] 3049
[1] 192  75
[1] 3050
[1] 192  37
[1] 3051
[1] 192  65
[1] 3052
[1] 192  60
[1] 3053
[1] 192  57
[1] 3054
[1] 192  45
[1] 3055
[1] 192  54
[1] 3056
[1] 192  72
[1] 3057
[1] 192  86
[1] 3058
[1] 192  26
[1] 3059
[1] 192  18
[1] 3060
[1] 192  20
[1] 3061
[1] 192  23
[1] 3062
[1] 192  35
[1] 3063
[1] 192  46
[1] 3064
[1] 192  57
[1] 3065
[1] 192  45
[1] 3066
[1] 192  42
[1] 3067
[1] 192  33
[1] 3068
[1] 192  56
[1] 3069
[1] 192  31
[1] 3070
[1] 192  50
[1] 3071
[1] 192  92
[1] 3072
[1] 192  18
[1] 3073
[1] 192  24
[1] 3074
[1] 192  54
[1] 3075
[1] 192  45
[1] 3076
[1] 192  42
[1] 3077
[1] 192  46
[1] 3078
[1] 192  36
[1] 3079
[1] 192  54
[1] 3080
[1] 192  47
[1] 3081
[1] 192  36
[1] 3082
[1] 192  76
[1] 3083
[1] 192  78
[1] 3084
[1] 192  42
[1] 3085
[1] 192  86
[1] 3086
[1] 192  44
[1] 3087
[1] 192  45
[1] 3088
[1] 192  49
[1] 3089
[1] 192  60
[1] 3090
[1] 192  43
[1] 3091
[1] 192  58
[1] 3092
[1] 192  57
[1] 3093
[1] 192 119
[1] 3094
[1] 192  51
[1] 3095
[1] 192  38
[1] 3096
[1] 192  38
[1] 3097
[1] 192  44
[1] 3098
[1] 192  53
[1] 3099
[1] 192  37
[1] 3100
[1] 192  51
