[1] 2801
[1] 192  42
[1] 2802
[1] 192  42
[1] 2803
[1] 192  29
[1] 2804
[1] 192  44
[1] 2805
[1] 192  36
[1] 2806
[1] 192  40
[1] 2807
[1] 192  48
[1] 2808
[1] 192  31
[1] 2809
[1] 192  40
[1] 2810
[1] 192  48
[1] 2811
[1] 192  24
[1] 2812
[1] 192  97
[1] 2813
[1] 192  17
[1] 2814
[1] 192  54
[1] 2815
[1] 192  27
[1] 2816
[1] 192  49
[1] 2817
[1] 192  52
[1] 2818
[1] 192  19
[1] 2819
[1] 192  46
[1] 2820
[1] 192  20
[1] 2821
[1] 192  18
[1] 2822
[1] 192  34
[1] 2823
[1] 192  18
[1] 2824
[1] 192  30
[1] 2825
[1] 192  25
[1] 2826
[1] 192  61
[1] 2827
[1] 192  69
[1] 2828
[1] 192  48
[1] 2829
[1] 192  40
[1] 2830
[1] 192  21
[1] 2831
[1] 192  45
[1] 2832
[1] 192  63
[1] 2833
[1] 192  42
[1] 2834
[1] 192  35
[1] 2835
[1] 192  75
[1] 2836
[1] 192 105
[1] 2837
[1] 192  70
[1] 2838
[1] 192  43
[1] 2839
[1] 192  41
[1] 2840
[1] 192  38
[1] 2841
[1] 192  43
[1] 2842
[1] 192  57
[1] 2843
[1] 192  17
[1] 2844
[1] 192  16
[1] 2845
[1] 192  27
[1] 2846
[1] 192  41
[1] 2847
[1] 192  42
[1] 2848
[1] 192  13
[1] 2849
[1] 192  14
[1] 2850
[1] 192  64
[1] 2851
[1] 192  42
[1] 2852
[1] 192  43
[1] 2853
[1] 192  37
[1] 2854
[1] 192  15
[1] 2855
[1] 192  74
[1] 2856
[1] 192  17
[1] 2857
[1] 192  30
[1] 2858
[1] 192  17
[1] 2859
[1] 192  44
[1] 2860
[1] 192  48
[1] 2861
[1] 192  56
[1] 2862
[1] 192  36
[1] 2863
[1] 192  26
[1] 2864
[1] 192  59
[1] 2865
[1] 192  69
[1] 2866
[1] 192  93
[1] 2867
[1] 192  71
[1] 2868
[1] 192  36
[1] 2869
[1] 192  38
[1] 2870
[1] 192  49
[1] 2871
[1] 192  41
[1] 2872
[1] 192  66
[1] 2873
[1] 192  36
[1] 2874
[1] 192  34
[1] 2875
[1] 192  20
[1] 2876
[1] 192  24
[1] 2877
[1] 192  18
[1] 2878
[1] 192  38
[1] 2879
[1] 192  53
[1] 2880
[1] 192  13
[1] 2881
[1] 192  45
[1] 2882
[1] 192  20
[1] 2883
[1] 192  38
[1] 2884
[1] 192  21
[1] 2885
[1] 192  47
[1] 2886
[1] 192  57
[1] 2887
[1] 192  36
[1] 2888
[1] 192  31
[1] 2889
[1] 192  34
[1] 2890
[1] 192  36
[1] 2891
[1] 192  50
[1] 2892
[1] 192  41
[1] 2893
[1] 192  41
[1] 2894
[1] 192  43
[1] 2895
[1] 192  23
[1] 2896
[1] 192  25
[1] 2897
[1] 192  24
[1] 2898
[1] 192  25
[1] 2899
[1] 192  25
[1] 2900
[1] 192  45
