[1] 3301
[1] 192  39
[1] 3302
[1] 192  26
[1] 3303
[1] 192  51
[1] 3304
[1] 192  32
[1] 3305
[1] 192  69
[1] 3306
[1] 192  49
[1] 3307
[1] 192  68
[1] 3308
[1] 192  19
[1] 3309
[1] 192  42
[1] 3310
[1] 192  37
[1] 3311
[1] 192  65
[1] 3312
[1] 192  57
[1] 3313
[1] 192  49
[1] 3314
[1] 192  51
[1] 3315
[1] 192  49
[1] 3316
[1] 192  40
[1] 3317
[1] 192  45
[1] 3318
[1] 192  61
[1] 3319
[1] 192  58
[1] 3320
[1] 192  42
[1] 3321
[1] 192  39
[1] 3322
[1] 192  43
[1] 3323
[1] 192  42
[1] 3324
[1] 192  44
[1] 3325
[1] 192  49
[1] 3326
[1] 192  57
[1] 3327
[1] 192  66
[1] 3328
[1] 192  30
[1] 3329
[1] 192  45
[1] 3330
[1] 192  30
[1] 3331
[1] 192  33
[1] 3332
[1] 192  46
[1] 3333
[1] 192  60
[1] 3334
[1] 192  74
[1] 3335
[1] 192  60
[1] 3336
[1] 192  81
[1] 3337
[1] 192  55
[1] 3338
[1] 192 104
[1] 3339
[1] 192  55
[1] 3340
[1] 192  28
[1] 3341
[1] 192 113
[1] 3342
[1] 192  41
[1] 3343
[1] 192  33
[1] 3344
[1] 192  63
[1] 3345
[1] 192  29
[1] 3346
[1] 192  24
[1] 3347
[1] 192  45
[1] 3348
[1] 192  16
[1] 3349
[1] 192  39
[1] 3350
[1] 192  54
[1] 3351
[1] 192  52
[1] 3352
[1] 192  62
[1] 3353
[1] 192  53
[1] 3354
[1] 192  53
[1] 3355
[1] 192  46
[1] 3356
[1] 192  35
[1] 3357
[1] 192  47
[1] 3358
[1] 192 100
[1] 3359
[1] 192  54
[1] 3360
[1] 192  71
[1] 3361
[1] 192  27
[1] 3362
[1] 192  26
[1] 3363
[1] 192  78
[1] 3364
[1] 192  64
[1] 3365
[1] 192  35
[1] 3366
[1] 192  25
[1] 3367
[1] 192  33
[1] 3368
[1] 192  62
[1] 3369
[1] 192  23
[1] 3370
[1] 192  40
[1] 3371
[1] 192  37
[1] 3372
[1] 192  26
[1] 3373
[1] 192  43
[1] 3374
[1] 192  26
[1] 3375
[1] 192  30
[1] 3376
[1] 192  21
[1] 3377
[1] 192  30
[1] 3378
[1] 192  26
[1] 3379
[1] 192  49
[1] 3380
[1] 192  42
[1] 3381
[1] 192  34
[1] 3382
[1] 192  62
[1] 3383
[1] 192  69
[1] 3384
[1] 192  43
[1] 3385
[1] 192  60
[1] 3386
[1] 192  64
[1] 3387
[1] 192  27
[1] 3388
[1] 192  53
[1] 3389
[1] 192  47
[1] 3390
[1] 192  35
[1] 3391
[1] 192  51
[1] 3392
[1] 192  59
[1] 3393
[1] 192  86
[1] 3394
[1] 192  76
[1] 3395
[1] 192  48
[1] 3396
[1] 192  46
[1] 3397
[1] 192  47
[1] 3398
[1] 192  91
[1] 3399
[1] 192  15
[1] 3400
[1] 192  63
