[1] 3701
[1] 192  53
[1] 3702
[1] 192  45
[1] 3703
[1] 192  81
[1] 3704
[1] 192  66
[1] 3705
[1] 192  26
[1] 3706
[1] 192  26
[1] 3707
[1] 192  35
[1] 3708
[1] 192  27
[1] 3709
[1] 192  29
[1] 3710
[1] 192  26
[1] 3711
[1] 192  33
[1] 3712
[1] 192  16
[1] 3713
[1] 192  53
[1] 3714
[1] 192  62
[1] 3715
[1] 192  53
[1] 3716
[1] 192  57
[1] 3717
[1] 192  94
[1] 3718
[1] 192  66
[1] 3719
[1] 192  64
[1] 3720
[1] 192  72
[1] 3721
[1] 192  40
[1] 3722
[1] 192  51
[1] 3723
[1] 192  40
[1] 3724
[1] 192  50
[1] 3725
[1] 192  45
[1] 3726
[1] 192  37
[1] 3727
[1] 192  35
[1] 3728
[1] 192  34
[1] 3729
[1] 192  31
[1] 3730
[1] 192  42
[1] 3731
[1] 192  50
[1] 3732
[1] 192  46
[1] 3733
[1] 192  62
[1] 3734
[1] 192  62
[1] 3735
[1] 192  60
[1] 3736
[1] 192  59
[1] 3737
[1] 192  64
[1] 3738
[1] 192  59
[1] 3739
[1] 192  58
[1] 3740
[1] 192  58
[1] 3741
[1] 192  59
[1] 3742
[1] 192  68
[1] 3743
[1] 192  81
[1] 3744
[1] 192  68
[1] 3745
[1] 192  79
[1] 3746
[1] 192  42
[1] 3747
[1] 192  55
[1] 3748
[1] 192  61
[1] 3749
[1] 192  80
[1] 3750
[1] 192  68
[1] 3751
[1] 192  69
[1] 3752
[1] 192  62
[1] 3753
[1] 192  79
[1] 3754
[1] 192  80
[1] 3755
[1] 192  63
[1] 3756
[1] 192  67
[1] 3757
[1] 192  86
[1] 3758
[1] 192  67
[1] 3759
[1] 192  64
[1] 3760
[1] 192  40
[1] 3761
[1] 192  87
[1] 3762
[1] 192  99
[1] 3763
[1] 192  61
[1] 3764
[1] 192  82
[1] 3765
[1] 192  85
[1] 3766
[1] 192  78
[1] 3767
[1] 192  70
[1] 3768
[1] 192  43
[1] 3769
[1] 192  84
[1] 3770
[1] 192  87
[1] 3771
[1] 192  38
[1] 3772
[1] 192  61
[1] 3773
[1] 192  39
[1] 3774
[1] 192  63
[1] 3775
[1] 192  65
[1] 3776
[1] 192  22
[1] 3777
[1] 192  17
[1] 3778
[1] 192  32
[1] 3779
[1] 192  20
[1] 3780
[1] 192  28
[1] 3781
[1] 192  33
[1] 3782
[1] 192  23
[1] 3783
[1] 192  38
[1] 3784
[1] 192  23
[1] 3785
[1] 192  18
[1] 3786
[1] 192   7
[1] 3787
[1] 192  23
[1] 3788
[1] 192  24
[1] 3789
[1] 192  52
[1] 3790
[1] 192  36
[1] 3791
[1] 192  25
[1] 3792
[1] 192  34
[1] 3793
[1] 192  24
[1] 3794
[1] 192  64
[1] 3795
[1] 192  56
[1] 3796
[1] 192  58
[1] 3797
[1] 192  43
[1] 3798
[1] 192  50
[1] 3799
[1] 192  31
[1] 3800
[1] 192  26
