[1] 1401
[1] 192  74
[1] 1402
[1] 192  66
[1] 1403
[1] 192  78
[1] 1404
[1] 192  67
[1] 1405
[1] 192  65
[1] 1406
[1] 192  63
[1] 1407
[1] 192  71
[1] 1408
[1] 192  69
[1] 1409
[1] 192  62
[1] 1410
[1] 192  81
[1] 1411
[1] 192  65
[1] 1412
[1] 192  65
[1] 1413
[1] 192  63
[1] 1414
[1] 192  31
[1] 1415
[1] 192  34
[1] 1416
[1] 192  44
[1] 1417
[1] 192  35
[1] 1418
[1] 192  34
[1] 1419
[1] 192  63
[1] 1420
[1] 192  89
[1] 1421
[1] 192  61
[1] 1422
[1] 192  55
[1] 1423
[1] 192  79
[1] 1424
[1] 192  43
[1] 1425
[1] 192  43
[1] 1426
[1] 192  43
[1] 1427
[1] 192  43
[1] 1428
[1] 192  40
[1] 1429
[1] 192  43
[1] 1430
[1] 192  52
[1] 1431
[1] 192  29
[1] 1432
[1] 192  45
[1] 1433
[1] 192  51
[1] 1434
[1] 192  56
[1] 1435
[1] 192  57
[1] 1436
[1] 192  58
[1] 1437
[1] 192  56
[1] 1438
[1] 192  37
[1] 1439
[1] 192  64
[1] 1440
[1] 192  57
[1] 1441
[1] 192  60
[1] 1442
[1] 192  54
[1] 1443
[1] 192  74
[1] 1444
[1] 192  42
[1] 1445
[1] 192  50
[1] 1446
[1] 192  33
[1] 1447
[1] 192  56
[1] 1448
[1] 192  52
[1] 1449
[1] 192  49
[1] 1450
[1] 192 102
[1] 1451
[1] 192  52
[1] 1452
[1] 192  97
[1] 1453
[1] 192  30
[1] 1454
[1] 192  52
[1] 1455
[1] 192  98
[1] 1456
[1] 192  42
[1] 1457
[1] 192  96
[1] 1458
[1] 192  44
[1] 1459
[1] 192  46
[1] 1460
[1] 192  18
[1] 1461
[1] 192  49
[1] 1462
[1] 192  50
[1] 1463
[1] 192  29
[1] 1464
[1] 192  36
[1] 1465
[1] 192  41
[1] 1466
[1] 192  64
[1] 1467
[1] 192  35
[1] 1468
[1] 192  37
[1] 1469
[1] 192  31
[1] 1470
[1] 192  32
[1] 1471
[1] 192  33
[1] 1472
[1] 192  34
[1] 1473
[1] 192  39
[1] 1474
[1] 192  35
[1] 1475
[1] 192  34
[1] 1476
[1] 192  86
[1] 1477
[1] 192  38
[1] 1478
[1] 192  83
[1] 1479
[1] 192  35
[1] 1480
[1] 192  61
[1] 1481
[1] 192  67
[1] 1482
[1] 192  96
[1] 1483
[1] 192  86
[1] 1484
[1] 192  40
[1] 1485
[1] 192  59
[1] 1486
[1] 192  38
[1] 1487
[1] 192  76
[1] 1488
[1] 192  43
[1] 1489
[1] 192  83
[1] 1490
[1] 192  63
[1] 1491
[1] 192  42
[1] 1492
[1] 192  46
[1] 1493
[1] 192  61
[1] 1494
[1] 192  64
[1] 1495
[1] 192  63
[1] 1496
[1] 192  62
[1] 1497
[1] 192  53
[1] 1498
[1] 192  63
[1] 1499
[1] 192  42
[1] 1500
[1] 192  51
