[1] 8501
[1] 192  43
[1] 8502
[1] 192  41
[1] 8503
[1] 192  34
[1] 8504
[1] 192  28
[1] 8505
[1] 192  34
[1] 8506
[1] 192 136
[1] 8507
[1] 192  62
[1] 8508
[1] 192  19
[1] 8509
[1] 192  18
[1] 8510
[1] 192  53
[1] 8511
[1] 192  72
[1] 8512
[1] 192  89
[1] 8513
[1] 192  56
[1] 8514
[1] 192  74
[1] 8515
[1] 192  51
[1] 8516
[1] 192  37
[1] 8517
[1] 192  71
[1] 8518
[1] 192  64
[1] 8519
[1] 192  45
[1] 8520
[1] 192  38
[1] 8521
[1] 192  17
[1] 8522
[1] 192  38
[1] 8523
[1] 192  55
[1] 8524
[1] 192  77
[1] 8525
[1] 192  54
[1] 8526
[1] 192  46
[1] 8527
[1] 192  68
[1] 8528
[1] 192  54
[1] 8529
[1] 192  69
[1] 8530
[1] 192  80
[1] 8531
[1] 192  63
[1] 8532
[1] 192  47
[1] 8533
[1] 192  78
[1] 8534
[1] 192  79
[1] 8535
[1] 192  57
[1] 8536
[1] 192  80
[1] 8537
[1] 192  39
[1] 8538
[1] 192  39
[1] 8539
[1] 192  24
[1] 8540
[1] 192  45
[1] 8541
[1] 192  38
[1] 8542
[1] 192  47
[1] 8543
[1] 192  25
[1] 8544
[1] 192  68
[1] 8545
[1] 192  67
[1] 8546
[1] 192  82
[1] 8547
[1] 192  56
[1] 8548
[1] 192  60
[1] 8549
[1] 192  60
[1] 8550
[1] 192  59
[1] 8551
[1] 192  40
[1] 8552
[1] 192  36
[1] 8553
[1] 192  70
[1] 8554
[1] 192  47
[1] 8555
[1] 192  56
[1] 8556
[1] 192  65
[1] 8557
[1] 192  45
[1] 8558
[1] 192  54
[1] 8559
[1] 192  57
[1] 8560
[1] 192  40
[1] 8561
[1] 192  42
[1] 8562
[1] 192  39
[1] 8563
[1] 192  53
[1] 8564
[1] 192  56
[1] 8565
[1] 192  50
[1] 8566
[1] 192  39
[1] 8567
[1] 192  49
[1] 8568
[1] 192  64
[1] 8569
[1] 192  65
[1] 8570
[1] 192  63
[1] 8571
[1] 192  47
[1] 8572
[1] 192  14
[1] 8573
[1] 192  84
[1] 8574
[1] 192  40
[1] 8575
[1] 192  50
[1] 8576
[1] 192  31
[1] 8577
[1] 192  21
[1] 8578
[1] 192  66
[1] 8579
[1] 192  50
[1] 8580
[1] 192  56
[1] 8581
[1] 192  23
[1] 8582
[1] 192  57
[1] 8583
[1] 192  62
[1] 8584
[1] 192  86
[1] 8585
[1] 192  53
[1] 8586
[1] 192  51
[1] 8587
[1] 192  57
[1] 8588
[1] 192  53
[1] 8589
[1] 192  88
[1] 8590
[1] 192  52
[1] 8591
[1] 192  53
[1] 8592
[1] 192  27
[1] 8593
[1] 192  27
[1] 8594
[1] 192  64
[1] 8595
[1] 192  53
[1] 8596
[1] 192  69
[1] 8597
[1] 192  34
[1] 8598
[1] 192  57
[1] 8599
[1] 192  60
[1] 8600
[1] 192  61
