[1] 701
[1] 192  50
[1] 702
[1] 192  36
[1] 703
[1] 192  53
[1] 704
[1] 192  55
[1] 705
[1] 192  89
[1] 706
[1] 192 131
[1] 707
[1] 192  49
[1] 708
[1] 192  63
[1] 709
[1] 192  10
[1] 710
[1] 192  10
[1] 711
[1] 192  29
[1] 712
[1] 192  51
[1] 713
[1] 192 157
[1] 714
[1] 192   8
[1] 715
[1] 192  46
[1] 716
[1] 192  53
[1] 717
[1] 192  43
[1] 718
[1] 192  35
[1] 719
[1] 192  31
[1] 720
[1] 192  57
[1] 721
[1] 192  65
[1] 722
[1] 192  54
[1] 723
[1] 192  85
[1] 724
[1] 192  68
[1] 725
[1] 192  72
[1] 726
[1] 192  73
[1] 727
[1] 192  43
[1] 728
[1] 192  80
[1] 729
[1] 192  59
[1] 730
[1] 192  78
[1] 731
[1] 192  69
[1] 732
[1] 192  35
[1] 733
[1] 192  60
[1] 734
[1] 192  53
[1] 735
[1] 192  62
[1] 736
[1] 192  46
[1] 737
[1] 192  73
[1] 738
[1] 192  58
[1] 739
[1] 192  23
[1] 740
[1] 192  75
[1] 741
[1] 192  66
[1] 742
[1] 192  37
[1] 743
[1] 192  48
[1] 744
[1] 192  18
[1] 745
[1] 192  45
[1] 746
[1] 192  51
[1] 747
[1] 192  28
[1] 748
[1] 192  56
[1] 749
[1] 192  51
[1] 750
[1] 192  37
[1] 751
[1] 192  30
[1] 752
[1] 192  52
[1] 753
[1] 192  65
[1] 754
[1] 192  75
[1] 755
[1] 192  84
[1] 756
[1] 192  38
[1] 757
[1] 192 102
[1] 758
[1] 192  64
[1] 759
[1] 192  72
[1] 760
[1] 192  76
[1] 761
[1] 192  71
[1] 762
[1] 192  58
[1] 763
[1] 192 141
[1] 764
[1] 192  24
[1] 765
[1] 192  78
[1] 766
[1] 192  42
[1] 767
[1] 192  47
[1] 768
[1] 192  48
[1] 769
[1] 192  61
[1] 770
[1] 192  57
[1] 771
[1] 192  46
[1] 772
[1] 192  57
[1] 773
[1] 192  54
[1] 774
[1] 192  25
[1] 775
[1] 192  46
[1] 776
[1] 192  26
[1] 777
[1] 192  46
[1] 778
[1] 192  42
[1] 779
[1] 192  33
[1] 780
[1] 192  30
[1] 781
[1] 192  60
[1] 782
[1] 192  43
[1] 783
[1] 192  20
[1] 784
[1] 192  15
[1] 785
[1] 192  49
[1] 786
[1] 192  35
[1] 787
[1] 192  55
[1] 788
[1] 192  31
[1] 789
[1] 192  38
[1] 790
[1] 192  29
[1] 791
[1] 192  33
[1] 792
[1] 192  28
[1] 793
[1] 192  69
[1] 794
[1] 192  54
[1] 795
[1] 192  72
[1] 796
[1] 192  23
[1] 797
[1] 192  78
[1] 798
[1] 192  64
[1] 799
[1] 192  55
[1] 800
[1] 192  69
