[1] 9601
[1] 192  15
[1] 9602
[1] 192  23
[1] 9603
[1] 192  38
[1] 9604
[1] 192  37
[1] 9605
[1] 192  53
[1] 9606
[1] 192  49
[1] 9607
[1] 192  59
[1] 9608
[1] 192  38
[1] 9609
[1] 192  56
[1] 9610
[1] 192  41
[1] 9611
[1] 192  37
[1] 9612
[1] 192  19
[1] 9613
[1] 192  56
[1] 9614
[1] 192 110
[1] 9615
[1] 192  94
[1] 9616
[1] 192  95
[1] 9617
[1] 192  27
[1] 9618
[1] 192  43
[1] 9619
[1] 192  34
[1] 9620
[1] 192  44
[1] 9621
[1] 192  57
[1] 9622
[1] 192  29
[1] 9623
[1] 192  45
[1] 9624
[1] 192  46
[1] 9625
[1] 192  36
[1] 9626
[1] 192  42
[1] 9627
[1] 192  39
[1] 9628
[1] 192  19
[1] 9629
[1] 192  76
[1] 9630
[1] 192  55
[1] 9631
[1] 192  12
[1] 9632
[1] 192  52
[1] 9633
[1] 192  65
[1] 9634
[1] 192  38
[1] 9635
[1] 192  49
[1] 9636
[1] 192  38
[1] 9637
[1] 192  46
[1] 9638
[1] 192  46
[1] 9639
[1] 192  57
[1] 9640
[1] 192  39
[1] 9641
[1] 192  26
[1] 9642
[1] 192  44
[1] 9643
[1] 192  10
[1] 9644
[1] 192  33
[1] 9645
[1] 192  41
[1] 9646
[1] 192  65
[1] 9647
[1] 192  50
[1] 9648
[1] 192  42
[1] 9649
[1] 192  53
[1] 9650
[1] 192  19
[1] 9651
[1] 192  86
[1] 9652
[1] 192  42
[1] 9653
[1] 192  40
[1] 9654
[1] 192  17
[1] 9655
[1] 192  60
[1] 9656
[1] 192  35
[1] 9657
[1] 192  34
[1] 9658
[1] 192  87
[1] 9659
[1] 192  30
[1] 9660
[1] 192  36
[1] 9661
[1] 192  32
[1] 9662
[1] 192  71
[1] 9663
[1] 192  37
[1] 9664
[1] 192  18
[1] 9665
[1] 192  48
[1] 9666
[1] 192  38
[1] 9667
[1] 192  69
[1] 9668
[1] 192  47
[1] 9669
[1] 192  32
[1] 9670
[1] 192  43
[1] 9671
[1] 192  93
[1] 9672
[1] 192  26
[1] 9673
[1] 192  60
[1] 9674
[1] 192  11
[1] 9675
[1] 192  37
[1] 9676
[1] 192  35
[1] 9677
[1] 192  97
[1] 9678
[1] 192  74
[1] 9679
[1] 192  41
[1] 9680
[1] 192  26
[1] 9681
[1] 192  62
[1] 9682
[1] 192  52
[1] 9683
[1] 192  42
[1] 9684
[1] 192  53
[1] 9685
[1] 192  35
[1] 9686
[1] 192  66
[1] 9687
[1] 192  24
[1] 9688
[1] 192  47
[1] 9689
[1] 192 128
[1] 9690
[1] 192  43
[1] 9691
[1] 192  66
[1] 9692
[1] 192  40
[1] 9693
[1] 192  14
[1] 9694
[1] 192  50
[1] 9695
[1] 192  67
[1] 9696
[1] 192  46
[1] 9697
[1] 192  32
[1] 9698
[1] 192  76
[1] 9699
[1] 192  62
[1] 9700
[1] 192  27
