[1] 4701
[1] 192  65
[1] 4702
[1] 192  61
[1] 4703
[1] 192  69
[1] 4704
[1] 192  31
[1] 4705
[1] 192  52
[1] 4706
[1] 192  43
[1] 4707
[1] 192  54
[1] 4708
[1] 192  52
[1] 4709
[1] 192  50
[1] 4710
[1] 192  50
[1] 4711
[1] 192  52
[1] 4712
[1] 192  25
[1] 4713
[1] 192  26
[1] 4714
[1] 192  31
[1] 4715
[1] 192  41
[1] 4716
[1] 192  32
[1] 4717
[1] 192  42
[1] 4718
[1] 192  42
[1] 4719
[1] 192  42
[1] 4720
[1] 192  54
[1] 4721
[1] 192  20
[1] 4722
[1] 192  54
[1] 4723
[1] 192  43
[1] 4724
[1] 192  94
[1] 4725
[1] 192  39
[1] 4726
[1] 192  38
[1] 4727
[1] 192  50
[1] 4728
[1] 192  19
[1] 4729
[1] 192  42
[1] 4730
[1] 192  52
[1] 4731
[1] 192  36
[1] 4732
[1] 192  24
[1] 4733
[1] 192  50
[1] 4734
[1] 192  15
[1] 4735
[1] 192  42
[1] 4736
[1] 192  64
[1] 4737
[1] 192  15
[1] 4738
[1] 192  48
[1] 4739
[1] 192  49
[1] 4740
[1] 192  54
[1] 4741
[1] 192  52
[1] 4742
[1] 192  63
[1] 4743
[1] 192  52
[1] 4744
[1] 192  20
[1] 4745
[1] 192 102
[1] 4746
[1] 192  22
[1] 4747
[1] 192  32
[1] 4748
[1] 192  78
[1] 4749
[1] 192  25
[1] 4750
[1] 192  67
[1] 4751
[1] 192  46
[1] 4752
[1] 192  43
[1] 4753
[1] 192  47
[1] 4754
[1] 192  44
[1] 4755
[1] 192  52
[1] 4756
[1] 192  32
[1] 4757
[1] 192  55
[1] 4758
[1] 192  46
[1] 4759
[1] 192  37
[1] 4760
[1] 192  36
[1] 4761
[1] 192  82
[1] 4762
[1] 192  71
[1] 4763
[1] 192  22
[1] 4764
[1] 192  64
[1] 4765
[1] 192  32
[1] 4766
[1] 192  45
[1] 4767
[1] 192  59
[1] 4768
[1] 192  23
[1] 4769
[1] 192  45
[1] 4770
[1] 192  58
[1] 4771
[1] 192  35
[1] 4772
[1] 192  54
[1] 4773
[1] 192  52
[1] 4774
[1] 192  45
[1] 4775
[1] 192  26
[1] 4776
[1] 192  28
[1] 4777
[1] 192  51
[1] 4778
[1] 192  53
[1] 4779
[1] 192  56
[1] 4780
[1] 192  41
[1] 4781
[1] 192  26
[1] 4782
[1] 192  11
[1] 4783
[1] 192  26
[1] 4784
[1] 192  47
[1] 4785
[1] 192  51
[1] 4786
[1] 192  60
[1] 4787
[1] 192  88
[1] 4788
[1] 192  40
[1] 4789
[1] 192  56
[1] 4790
[1] 192  54
[1] 4791
[1] 192  38
[1] 4792
[1] 192  33
[1] 4793
[1] 192  47
[1] 4794
[1] 192  37
[1] 4795
[1] 192  62
[1] 4796
[1] 192  47
[1] 4797
[1] 192  31
[1] 4798
[1] 192  40
[1] 4799
[1] 192  47
[1] 4800
[1] 192  71
