[1] 9101
[1] 192  46
[1] 9102
[1] 192  61
[1] 9103
[1] 192  52
[1] 9104
[1] 192  48
[1] 9105
[1] 192  47
[1] 9106
[1] 192  97
[1] 9107
[1] 192  52
[1] 9108
[1] 192  40
[1] 9109
[1] 192  73
[1] 9110
[1] 192  61
[1] 9111
[1] 192  75
[1] 9112
[1] 192  29
[1] 9113
[1] 192  53
[1] 9114
[1] 192  91
[1] 9115
[1] 192  18
[1] 9116
[1] 192  70
[1] 9117
[1] 192   2
[1] 9118
[1] 192  71
[1] 9119
[1] 192  66
[1] 9120
[1] 192  30
[1] 9121
[1] 192  39
[1] 9122
[1] 192  50
[1] 9123
[1] 192  75
[1] 9124
[1] 192  38
[1] 9125
[1] 192  30
[1] 9126
[1] 192  25
[1] 9127
[1] 192  70
[1] 9128
[1] 192  89
[1] 9129
[1] 192  26
[1] 9130
[1] 192  34
[1] 9131
[1] 192  39
[1] 9132
[1] 192  33
[1] 9133
[1] 192  35
[1] 9134
[1] 192  40
[1] 9135
[1] 192  22
[1] 9136
[1] 192  59
[1] 9137
[1] 192  65
[1] 9138
[1] 192  25
[1] 9139
[1] 192  22
[1] 9140
[1] 192  18
[1] 9141
[1] 192  41
[1] 9142
[1] 192  46
[1] 9143
[1] 192  37
[1] 9144
[1] 192  61
[1] 9145
[1] 192  60
[1] 9146
[1] 192 138
[1] 9147
[1] 192  22
[1] 9148
[1] 192  46
[1] 9149
[1] 192  70
[1] 9150
[1] 192  24
[1] 9151
[1] 192  62
[1] 9152
[1] 192  58
[1] 9153
[1] 192  34
[1] 9154
[1] 192  56
[1] 9155
[1] 192  26
[1] 9156
[1] 192  48
[1] 9157
[1] 192  27
[1] 9158
[1] 192  33
[1] 9159
[1] 192  42
[1] 9160
[1] 192  29
[1] 9161
[1] 192  33
[1] 9162
[1] 192   3
[1] 9163
[1] 192  71
[1] 9164
[1] 192  57
[1] 9165
[1] 192  51
[1] 9166
[1] 192  23
[1] 9167
[1] 192   8
[1] 9168
[1] 192  57
[1] 9169
[1] 192  87
[1] 9170
[1] 192  12
[1] 9171
[1] 192  38
[1] 9172
[1] 192  29
[1] 9173
[1] 192  30
[1] 9174
[1] 192  74
[1] 9175
[1] 192 118
[1] 9176
[1] 192  32
[1] 9177
[1] 192  40
[1] 9178
[1] 192 110
[1] 9179
[1] 192  61
[1] 9180
[1] 192  53
[1] 9181
[1] 192  81
[1] 9182
[1] 192  60
[1] 9183
[1] 192  42
[1] 9184
[1] 192  36
[1] 9185
[1] 192   9
[1] 9186
[1] 192  43
[1] 9187
[1] 192  61
[1] 9188
[1] 192  44
[1] 9189
[1] 192  16
[1] 9190
[1] 192  54
[1] 9191
[1] 192 138
[1] 9192
[1] 192  34
[1] 9193
[1] 192  63
[1] 9194
[1] 192  60
[1] 9195
[1] 192  99
[1] 9196
[1] 192  73
[1] 9197
[1] 192  31
[1] 9198
[1] 192  35
[1] 9199
[1] 192 102
[1] 9200
[1] 192  46
