[1] 4801
[1] 192  51
[1] 4802
[1] 192  65
[1] 4803
[1] 192  70
[1] 4804
[1] 192  55
[1] 4805
[1] 192  70
[1] 4806
[1] 192  59
[1] 4807
[1] 192  44
[1] 4808
[1] 192  36
[1] 4809
[1] 192  75
[1] 4810
[1] 192  37
[1] 4811
[1] 192  66
[1] 4812
[1] 192  42
[1] 4813
[1] 192  42
[1] 4814
[1] 192  68
[1] 4815
[1] 192  60
[1] 4816
[1] 192  35
[1] 4817
[1] 192  53
[1] 4818
[1] 192  65
[1] 4819
[1] 192  38
[1] 4820
[1] 192  58
[1] 4821
[1] 192  60
[1] 4822
[1] 192  74
[1] 4823
[1] 192  63
[1] 4824
[1] 192  70
[1] 4825
[1] 192  64
[1] 4826
[1] 192 101
[1] 4827
[1] 192  36
[1] 4828
[1] 192 207
[1] 4829
[1] 192 202
[1] 4830
[1] 192  49
[1] 4831
[1] 192 206
[1] 4832
[1] 192  49
[1] 4833
[1] 192 202
[1] 4834
[1] 192  67
[1] 4835
[1] 192  57
[1] 4836
[1] 192  46
[1] 4837
[1] 192  61
[1] 4838
[1] 192  52
[1] 4839
[1] 192  35
[1] 4840
[1] 192  19
[1] 4841
[1] 192  32
[1] 4842
[1] 192  46
[1] 4843
[1] 192  33
[1] 4844
[1] 192  60
[1] 4845
[1] 192  39
[1] 4846
[1] 192  18
[1] 4847
[1] 192  36
[1] 4848
[1] 192  39
[1] 4849
[1] 192  84
[1] 4850
[1] 192  47
[1] 4851
[1] 192  54
[1] 4852
[1] 192  40
[1] 4853
[1] 192  61
[1] 4854
[1] 192  87
[1] 4855
[1] 192  43
[1] 4856
[1] 192  35
[1] 4857
[1] 192  38
[1] 4858
[1] 192  60
[1] 4859
[1] 192  19
[1] 4860
[1] 192  44
[1] 4861
[1] 192  20
[1] 4862
[1] 192  71
[1] 4863
[1] 192  58
[1] 4864
[1] 192  56
[1] 4865
[1] 192  11
[1] 4866
[1] 192  32
[1] 4867
[1] 192  47
[1] 4868
[1] 192  37
[1] 4869
[1] 192  37
[1] 4870
[1] 192  23
[1] 4871
[1] 192  54
[1] 4872
[1] 192  25
[1] 4873
[1] 192  39
[1] 4874
[1] 192   7
[1] 4875
[1] 192  25
[1] 4876
[1] 192  30
[1] 4877
[1] 192  38
[1] 4878
[1] 192  25
[1] 4879
[1] 192  42
[1] 4880
[1] 192  31
[1] 4881
[1] 192  88
[1] 4882
[1] 192  62
[1] 4883
[1] 192  56
[1] 4884
[1] 192  41
[1] 4885
[1] 192 107
[1] 4886
[1] 192  47
[1] 4887
[1] 192  41
[1] 4888
[1] 192  59
[1] 4889
[1] 192  26
[1] 4890
[1] 192  37
[1] 4891
[1] 192  38
[1] 4892
[1] 192  38
[1] 4893
[1] 192  62
[1] 4894
[1] 192  26
[1] 4895
[1] 192  25
[1] 4896
[1] 192  27
[1] 4897
[1] 192  44
[1] 4898
[1] 192  23
[1] 4899
[1] 192  37
[1] 4900
[1] 192  24
