[1] 8101
[1] 192   1
[1] 8102
[1] 192  66
[1] 8103
[1] 192  40
[1] 8104
[1] 192  17
[1] 8105
[1] 192  79
[1] 8106
[1] 192  57
[1] 8107
[1] 192  42
[1] 8108
[1] 192  19
[1] 8109
[1] 192  41
[1] 8110
[1] 192  78
[1] 8111
[1] 192  59
[1] 8112
[1] 192  55
[1] 8113
[1] 192  57
[1] 8114
[1] 192  56
[1] 8115
[1] 192  15
[1] 8116
[1] 192  13
[1] 8117
[1] 192  28
[1] 8118
[1] 192  37
[1] 8119
[1] 192 291
[1] 8120
[1] 192  43
[1] 8121
[1] 192  62
[1] 8122
[1] 192  43
[1] 8123
[1] 192  86
[1] 8124
[1] 192  78
[1] 8125
[1] 192  44
[1] 8126
[1] 192  62
[1] 8127
[1] 192  64
[1] 8128
[1] 192  58
[1] 8129
[1] 192  46
[1] 8130
[1] 192  62
[1] 8131
[1] 192  75
[1] 8132
[1] 192  46
[1] 8133
[1] 192  69
[1] 8134
[1] 192  43
[1] 8135
[1] 192  59
[1] 8136
[1] 192  61
[1] 8137
[1] 192  23
[1] 8138
[1] 192  82
[1] 8139
[1] 192  43
[1] 8140
[1] 192  82
[1] 8141
[1] 192  32
[1] 8142
[1] 192  38
[1] 8143
[1] 192  59
[1] 8144
[1] 192  45
[1] 8145
[1] 192  68
[1] 8146
[1] 192  31
[1] 8147
[1] 192 117
[1] 8148
[1] 192  26
[1] 8149
[1] 192  58
[1] 8150
[1] 192  34
[1] 8151
[1] 192  25
[1] 8152
[1] 192  49
[1] 8153
[1] 192  40
[1] 8154
[1] 192  12
[1] 8155
[1] 192  36
[1] 8156
[1] 192  22
[1] 8157
[1] 192  38
[1] 8158
[1] 192  33
[1] 8159
[1] 192  37
[1] 8160
[1] 192  69
[1] 8161
[1] 192  49
[1] 8162
[1] 192  34
[1] 8163
[1] 192  51
[1] 8164
[1] 192  49
[1] 8165
[1] 192  36
[1] 8166
[1] 192  68
[1] 8167
[1] 192  26
[1] 8168
[1] 192  44
[1] 8169
[1] 192  45
[1] 8170
[1] 192  67
[1] 8171
[1] 192  33
[1] 8172
[1] 192  16
[1] 8173
[1] 192  16
[1] 8174
[1] 192  17
[1] 8175
[1] 192  41
[1] 8176
[1] 192  42
[1] 8177
[1] 192  49
[1] 8178
[1] 192  17
[1] 8179
[1] 192  51
[1] 8180
[1] 192  48
[1] 8181
[1] 192  50
[1] 8182
[1] 192 111
[1] 8183
[1] 192  45
[1] 8184
[1] 192  16
[1] 8185
[1] 192  38
[1] 8186
[1] 192  44
[1] 8187
[1] 192  87
[1] 8188
[1] 192  45
[1] 8189
[1] 192  53
[1] 8190
[1] 192  15
[1] 8191
[1] 192  44
[1] 8192
[1] 192  33
[1] 8193
[1] 192  19
[1] 8194
[1] 192  31
[1] 8195
[1] 192  31
[1] 8196
[1] 192  31
[1] 8197
[1] 192  55
[1] 8198
[1] 192  19
[1] 8199
[1] 192  25
[1] 8200
[1] 192  67
