[1] 1301
[1] 192  66
[1] 1302
[1] 192  69
[1] 1303
[1] 192  47
[1] 1304
[1] 192  55
[1] 1305
[1] 192  68
[1] 1306
[1] 192  38
[1] 1307
[1] 192  42
[1] 1308
[1] 192  16
[1] 1309
[1] 192  28
[1] 1310
[1] 192  46
[1] 1311
[1] 192  73
[1] 1312
[1] 192  62
[1] 1313
[1] 192  21
[1] 1314
[1] 192  18
[1] 1315
[1] 192   9
[1] 1316
[1] 192  46
[1] 1317
[1] 192  48
[1] 1318
[1] 192  67
[1] 1319
[1] 192  81
[1] 1320
[1] 192  63
[1] 1321
[1] 192  77
[1] 1322
[1] 192  55
[1] 1323
[1] 192  79
[1] 1324
[1] 192  73
[1] 1325
[1] 192  40
[1] 1326
[1] 192  38
[1] 1327
[1] 192  54
[1] 1328
[1] 192  54
[1] 1329
[1] 192  48
[1] 1330
[1] 192  20
[1] 1331
[1] 192  27
[1] 1332
[1] 192  29
[1] 1333
[1] 192  35
[1] 1334
[1] 192  40
[1] 1335
[1] 192  61
[1] 1336
[1] 192  63
[1] 1337
[1] 192  30
[1] 1338
[1] 192  29
[1] 1339
[1] 192  29
[1] 1340
[1] 192  45
[1] 1341
[1] 192  31
[1] 1342
[1] 192  37
[1] 1343
[1] 192  41
[1] 1344
[1] 192  57
[1] 1345
[1] 192  65
[1] 1346
[1] 192  87
[1] 1347
[1] 192  46
[1] 1348
[1] 192  31
[1] 1349
[1] 192  45
[1] 1350
[1] 192  57
[1] 1351
[1] 192  74
[1] 1352
[1] 192  73
[1] 1353
[1] 192  71
[1] 1354
[1] 192  85
[1] 1355
[1] 192  29
[1] 1356
[1] 192  64
[1] 1357
[1] 192  53
[1] 1358
[1] 192  86
[1] 1359
[1] 192  50
[1] 1360
[1] 192  46
[1] 1361
[1] 192  53
[1] 1362
[1] 192  48
[1] 1363
[1] 192  56
[1] 1364
[1] 192  85
[1] 1365
[1] 192  61
[1] 1366
[1] 192  75
[1] 1367
[1] 192  32
[1] 1368
[1] 192  64
[1] 1369
[1] 192  18
[1] 1370
[1] 192  51
[1] 1371
[1] 192  70
[1] 1372
[1] 192  73
[1] 1373
[1] 192  44
[1] 1374
[1] 192  33
[1] 1375
[1] 192  62
[1] 1376
[1] 192 142
[1] 1377
[1] 192  40
[1] 1378
[1] 192  29
[1] 1379
[1] 192  74
[1] 1380
[1] 192  60
[1] 1381
[1] 192  90
[1] 1382
[1] 192  40
[1] 1383
[1] 192  85
[1] 1384
[1] 192  73
[1] 1385
[1] 192  27
[1] 1386
[1] 192  79
[1] 1387
[1] 192  27
[1] 1388
[1] 192  69
[1] 1389
[1] 192  82
[1] 1390
[1] 192  42
[1] 1391
[1] 192  39
[1] 1392
[1] 192  22
[1] 1393
[1] 192  25
[1] 1394
[1] 192  60
[1] 1395
[1] 192  57
[1] 1396
[1] 192  60
[1] 1397
[1] 192  58
[1] 1398
[1] 192  56
[1] 1399
[1] 192  66
[1] 1400
[1] 192  70
