[1] 9201
[1] 192  64
[1] 9202
[1] 192  41
[1] 9203
[1] 192  41
[1] 9204
[1] 192 171
[1] 9205
[1] 192  54
[1] 9206
[1] 192 255
[1] 9207
[1] 192  26
[1] 9208
[1] 192  54
[1] 9209
[1] 192  62
[1] 9210
[1] 192  17
[1] 9211
[1] 192  41
[1] 9212
[1] 192  50
[1] 9213
[1] 192  82
[1] 9214
[1] 192  43
[1] 9215
[1] 192  69
[1] 9216
[1] 192  35
[1] 9217
[1] 192  79
[1] 9218
[1] 192  19
[1] 9219
[1] 192 140
[1] 9220
[1] 192  77
[1] 9221
[1] 192  27
[1] 9222
[1] 192  40
[1] 9223
[1] 192  33
[1] 9224
[1] 192  57
[1] 9225
[1] 192  43
[1] 9226
[1] 192  55
[1] 9227
[1] 192  71
[1] 9228
[1] 192  46
[1] 9229
[1] 192  60
[1] 9230
[1] 192  24
[1] 9231
[1] 192  53
[1] 9232
[1] 192  42
[1] 9233
[1] 192  13
[1] 9234
[1] 192  92
[1] 9235
[1] 192  69
[1] 9236
[1] 192  18
[1] 9237
[1] 192  37
[1] 9238
[1] 192  34
[1] 9239
[1] 192  11
[1] 9240
[1] 192  17
[1] 9241
[1] 192  57
[1] 9242
[1] 192  51
[1] 9243
[1] 192   9
[1] 9244
[1] 192  26
[1] 9245
[1] 192  65
[1] 9246
[1] 192  58
[1] 9247
[1] 192  26
[1] 9248
[1] 192   2
[1] 9249
[1] 192  10
[1] 9250
[1] 192  36
[1] 9251
[1] 192  58
[1] 9252
[1] 192  29
[1] 9253
[1] 192  64
[1] 9254
[1] 192  40
[1] 9255
[1] 192  28
[1] 9256
[1] 192  27
[1] 9257
[1] 192  46
[1] 9258
[1] 192  76
[1] 9259
[1] 192  29
[1] 9260
[1] 192  47
[1] 9261
[1] 192  68
[1] 9262
[1] 192  59
[1] 9263
[1] 192  23
[1] 9264
[1] 192 292
[1] 9265
[1] 192  39
[1] 9266
[1] 192  71
[1] 9267
[1] 192  43
[1] 9268
[1] 192  58
[1] 9269
[1] 192  47
[1] 9270
[1] 192  47
[1] 9271
[1] 192  59
[1] 9272
[1] 192  67
[1] 9273
[1] 192  43
[1] 9274
[1] 192  67
[1] 9275
[1] 192  32
[1] 9276
[1] 192  37
[1] 9277
[1] 192  71
[1] 9278
[1] 192  29
[1] 9279
[1] 192  54
[1] 9280
[1] 192  47
[1] 9281
[1] 192  63
[1] 9282
[1] 192  50
[1] 9283
[1] 192  68
[1] 9284
[1] 192  50
[1] 9285
[1] 192  55
[1] 9286
[1] 192  52
[1] 9287
[1] 192  25
[1] 9288
[1] 192  87
[1] 9289
[1] 192  25
[1] 9290
[1] 192  22
[1] 9291
[1] 192  28
[1] 9292
[1] 192  86
[1] 9293
[1] 192  65
[1] 9294
[1] 192  35
[1] 9295
[1] 192  17
[1] 9296
[1] 192  24
[1] 9297
[1] 192  13
[1] 9298
[1] 192  73
[1] 9299
[1] 192  32
[1] 9300
[1] 192  44
