[1] 5301
[1] 192  66
[1] 5302
[1] 192  37
[1] 5303
[1] 192  57
[1] 5304
[1] 192  58
[1] 5305
[1] 192  74
[1] 5306
[1] 192  65
[1] 5307
[1] 192  41
[1] 5308
[1] 192  65
[1] 5309
[1] 192  41
[1] 5310
[1] 192  45
[1] 5311
[1] 192  30
[1] 5312
[1] 192  49
[1] 5313
[1] 192  61
[1] 5314
[1] 192  53
[1] 5315
[1] 192  61
[1] 5316
[1] 192  64
[1] 5317
[1] 192  55
[1] 5318
[1] 192  70
[1] 5319
[1] 192  42
[1] 5320
[1] 192  51
[1] 5321
[1] 192  81
[1] 5322
[1] 192  57
[1] 5323
[1] 192  65
[1] 5324
[1] 192  31
[1] 5325
[1] 192  57
[1] 5326
[1] 192  55
[1] 5327
[1] 192  27
[1] 5328
[1] 192  72
[1] 5329
[1] 192  73
[1] 5330
[1] 192  56
[1] 5331
[1] 192  91
[1] 5332
[1] 192  44
[1] 5333
[1] 192  75
[1] 5334
[1] 192  45
[1] 5335
[1] 192  35
[1] 5336
[1] 192  58
[1] 5337
[1] 192  44
[1] 5338
[1] 192  56
[1] 5339
[1] 192  46
[1] 5340
[1] 192  44
[1] 5341
[1] 192  90
[1] 5342
[1] 192  50
[1] 5343
[1] 192  47
[1] 5344
[1] 192  64
[1] 5345
[1] 192  82
[1] 5346
[1] 192  52
[1] 5347
[1] 192  53
[1] 5348
[1] 192  68
[1] 5349
[1] 192  51
[1] 5350
[1] 192  34
[1] 5351
[1] 192  65
[1] 5352
[1] 192  64
[1] 5353
[1] 192  35
[1] 5354
[1] 192  63
[1] 5355
[1] 192   8
[1] 5356
[1] 192   8
[1] 5357
[1] 192  39
[1] 5358
[1] 192  62
[1] 5359
[1] 192  15
[1] 5360
[1] 192  20
[1] 5361
[1] 192  17
[1] 5362
[1] 192  63
[1] 5363
[1] 192  66
[1] 5364
[1] 192  59
[1] 5365
[1] 192  69
[1] 5366
[1] 192  62
[1] 5367
[1] 192  40
[1] 5368
[1] 192  48
[1] 5369
[1] 192  57
[1] 5370
[1] 192  34
[1] 5371
[1] 192  37
[1] 5372
[1] 192  38
[1] 5373
[1] 192  32
[1] 5374
[1] 192  52
[1] 5375
[1] 192  30
[1] 5376
[1] 192  49
[1] 5377
[1] 192  58
[1] 5378
[1] 192  51
[1] 5379
[1] 192  39
[1] 5380
[1] 192  68
[1] 5381
[1] 192  42
[1] 5382
[1] 192  33
[1] 5383
[1] 192  71
[1] 5384
[1] 192  54
[1] 5385
[1] 192  40
[1] 5386
[1] 192  59
[1] 5387
[1] 192  50
[1] 5388
[1] 192  62
[1] 5389
[1] 192  65
[1] 5390
[1] 192  86
[1] 5391
[1] 192  66
[1] 5392
[1] 192  39
[1] 5393
[1] 192  51
[1] 5394
[1] 192  50
[1] 5395
[1] 192  72
[1] 5396
[1] 192  94
[1] 5397
[1] 192  44
[1] 5398
[1] 192  54
[1] 5399
[1] 192  49
[1] 5400
[1] 192  62
