[1] 2001
[1] 192  74
[1] 2002
[1] 192  49
[1] 2003
[1] 192  55
[1] 2004
[1] 192  44
[1] 2005
[1] 192  61
[1] 2006
[1] 192  47
[1] 2007
[1] 192  53
[1] 2008
[1] 192  48
[1] 2009
[1] 192  46
[1] 2010
[1] 192  28
[1] 2011
[1] 192  38
[1] 2012
[1] 192  44
[1] 2013
[1] 192  48
[1] 2014
[1] 192  55
[1] 2015
[1] 192  56
[1] 2016
[1] 192  31
[1] 2017
[1] 192  56
[1] 2018
[1] 192  31
[1] 2019
[1] 192  41
[1] 2020
[1] 192  66
[1] 2021
[1] 192  37
[1] 2022
[1] 192  53
[1] 2023
[1] 192  65
[1] 2024
[1] 192  47
[1] 2025
[1] 192  66
[1] 2026
[1] 192  28
[1] 2027
[1] 192  49
[1] 2028
[1] 192  62
[1] 2029
[1] 192  27
[1] 2030
[1] 192  47
[1] 2031
[1] 192  44
[1] 2032
[1] 192  57
[1] 2033
[1] 192  54
[1] 2034
[1] 192  50
[1] 2035
[1] 192  23
[1] 2036
[1] 192  53
[1] 2037
[1] 192  68
[1] 2038
[1] 192  71
[1] 2039
[1] 192  61
[1] 2040
[1] 192  58
[1] 2041
[1] 192  40
[1] 2042
[1] 192  15
[1] 2043
[1] 192  31
[1] 2044
[1] 192  77
[1] 2045
[1] 192  10
[1] 2046
[1] 192  67
[1] 2047
[1] 192  75
[1] 2048
[1] 192  73
[1] 2049
[1] 192  81
[1] 2050
[1] 192  76
[1] 2051
[1] 192  80
[1] 2052
[1] 192  81
[1] 2053
[1] 192  61
[1] 2054
[1] 192  74
[1] 2055
[1] 192  58
[1] 2056
[1] 192  42
[1] 2057
[1] 192  78
[1] 2058
[1] 192  81
[1] 2059
[1] 192  43
[1] 2060
[1] 192  76
[1] 2061
[1] 192  68
[1] 2062
[1] 192  30
[1] 2063
[1] 192  30
[1] 2064
[1] 192  25
[1] 2065
[1] 192  22
[1] 2066
[1] 192  24
[1] 2067
[1] 192  59
[1] 2068
[1] 192  58
[1] 2069
[1] 192  56
[1] 2070
[1] 192  77
[1] 2071
[1] 192  74
[1] 2072
[1] 192  55
[1] 2073
[1] 192  65
[1] 2074
[1] 192  47
[1] 2075
[1] 192  39
[1] 2076
[1] 192  40
[1] 2077
[1] 192  38
[1] 2078
[1] 192  69
[1] 2079
[1] 192  71
[1] 2080
[1] 192  46
[1] 2081
[1] 192  81
[1] 2082
[1] 192  79
[1] 2083
[1] 192  46
[1] 2084
[1] 192  45
[1] 2085
[1] 192  27
[1] 2086
[1] 192  73
[1] 2087
[1] 192  42
[1] 2088
[1] 192  38
[1] 2089
[1] 192   9
[1] 2090
[1] 192  38
[1] 2091
[1] 192  12
[1] 2092
[1] 192  70
[1] 2093
[1] 192  36
[1] 2094
[1] 192  57
[1] 2095
[1] 192  65
[1] 2096
[1] 192  79
[1] 2097
[1] 192  49
[1] 2098
[1] 192  45
[1] 2099
[1] 192  22
[1] 2100
[1] 192  32
