[1] 4201
[1] 192  57
[1] 4202
[1] 192  53
[1] 4203
[1] 192  57
[1] 4204
[1] 192  61
[1] 4205
[1] 192  54
[1] 4206
[1] 192  44
[1] 4207
[1] 192  20
[1] 4208
[1] 192  38
[1] 4209
[1] 192  22
[1] 4210
[1] 192  30
[1] 4211
[1] 192  58
[1] 4212
[1] 192  55
[1] 4213
[1] 192  23
[1] 4214
[1] 192  23
[1] 4215
[1] 192  45
[1] 4216
[1] 192  23
[1] 4217
[1] 192  49
[1] 4218
[1] 192  76
[1] 4219
[1] 192  91
[1] 4220
[1] 192  82
[1] 4221
[1] 192  90
[1] 4222
[1] 192  83
[1] 4223
[1] 192  61
[1] 4224
[1] 192  17
[1] 4225
[1] 192  76
[1] 4226
[1] 192  65
[1] 4227
[1] 192  65
[1] 4228
[1] 192  51
[1] 4229
[1] 192  73
[1] 4230
[1] 192  57
[1] 4231
[1] 192  37
[1] 4232
[1] 192  66
[1] 4233
[1] 192  29
[1] 4234
[1] 192  36
[1] 4235
[1] 192  34
[1] 4236
[1] 192  34
[1] 4237
[1] 192  35
[1] 4238
[1] 192  65
[1] 4239
[1] 192  49
[1] 4240
[1] 192  61
[1] 4241
[1] 192  47
[1] 4242
[1] 192  54
[1] 4243
[1] 192  55
[1] 4244
[1] 192  18
[1] 4245
[1] 192  55
[1] 4246
[1] 192  73
[1] 4247
[1] 192  57
[1] 4248
[1] 192  82
[1] 4249
[1] 192  18
[1] 4250
[1] 192  70
[1] 4251
[1] 192 158
[1] 4252
[1] 192 122
[1] 4253
[1] 192  75
[1] 4254
[1] 192  70
[1] 4255
[1] 192  69
[1] 4256
[1] 192  60
[1] 4257
[1] 192  42
[1] 4258
[1] 192  42
[1] 4259
[1] 192  34
[1] 4260
[1] 192  53
[1] 4261
[1] 192  53
[1] 4262
[1] 192  52
[1] 4263
[1] 192  56
[1] 4264
[1] 192  71
[1] 4265
[1] 192  59
[1] 4266
[1] 192  51
[1] 4267
[1] 192  68
[1] 4268
[1] 192  58
[1] 4269
[1] 192  71
[1] 4270
[1] 192  68
[1] 4271
[1] 192  59
[1] 4272
[1] 192  58
[1] 4273
[1] 192  83
[1] 4274
[1] 192  50
[1] 4275
[1] 192  57
[1] 4276
[1] 192  57
[1] 4277
[1] 192  29
[1] 4278
[1] 192  45
[1] 4279
[1] 192  57
[1] 4280
[1] 192  60
[1] 4281
[1] 192  17
[1] 4282
[1] 192  39
[1] 4283
[1] 192  36
[1] 4284
[1] 192  47
[1] 4285
[1] 192  56
[1] 4286
[1] 192  57
[1] 4287
[1] 192  40
[1] 4288
[1] 192  62
[1] 4289
[1] 192  57
[1] 4290
[1] 192  63
[1] 4291
[1] 192  65
[1] 4292
[1] 192  70
[1] 4293
[1] 192  32
[1] 4294
[1] 192  71
[1] 4295
[1] 192  25
[1] 4296
[1] 192  47
[1] 4297
[1] 192  27
[1] 4298
[1] 192  26
[1] 4299
[1] 192  24
[1] 4300
[1] 192  21
