[1] 2101
[1] 192  28
[1] 2102
[1] 192  32
[1] 2103
[1] 192  42
[1] 2104
[1] 192  36
[1] 2105
[1] 192  56
[1] 2106
[1] 192  50
[1] 2107
[1] 192  71
[1] 2108
[1] 192  34
[1] 2109
[1] 192  30
[1] 2110
[1] 192 101
[1] 2111
[1] 192  44
[1] 2112
[1] 192 151
[1] 2113
[1] 192  42
[1] 2114
[1] 192  80
[1] 2115
[1] 192  86
[1] 2116
[1] 192  49
[1] 2117
[1] 192  66
[1] 2118
[1] 192  52
[1] 2119
[1] 192  55
[1] 2120
[1] 192  47
[1] 2121
[1] 192  29
[1] 2122
[1] 192  34
[1] 2123
[1] 192  61
[1] 2124
[1] 192  41
[1] 2125
[1] 192  75
[1] 2126
[1] 192  57
[1] 2127
[1] 192  64
[1] 2128
[1] 192  67
[1] 2129
[1] 192  38
[1] 2130
[1] 192  26
[1] 2131
[1] 192  33
[1] 2132
[1] 192  44
[1] 2133
[1] 192  62
[1] 2134
[1] 192  53
[1] 2135
[1] 192  88
[1] 2136
[1] 192 122
[1] 2137
[1] 192  82
[1] 2138
[1] 192  39
[1] 2139
[1] 192  45
[1] 2140
[1] 192  43
[1] 2141
[1] 192  39
[1] 2142
[1] 192  47
[1] 2143
[1] 192  36
[1] 2144
[1] 192  32
[1] 2145
[1] 192  32
[1] 2146
[1] 192  44
[1] 2147
[1] 192  18
[1] 2148
[1] 192  19
[1] 2149
[1] 192  19
[1] 2150
[1] 192  22
[1] 2151
[1] 192  36
[1] 2152
[1] 192  58
[1] 2153
[1] 192  57
[1] 2154
[1] 192  47
[1] 2155
[1] 192  61
[1] 2156
[1] 192  33
[1] 2157
[1] 192  37
[1] 2158
[1] 192  25
[1] 2159
[1] 192  40
[1] 2160
[1] 192  38
[1] 2161
[1] 192  37
[1] 2162
[1] 192  41
[1] 2163
[1] 192  31
[1] 2164
[1] 192  34
[1] 2165
[1] 192  46
[1] 2166
[1] 192  52
[1] 2167
[1] 192  49
[1] 2168
[1] 192  64
[1] 2169
[1] 192  57
[1] 2170
[1] 192  82
[1] 2171
[1] 192  58
[1] 2172
[1] 192  99
[1] 2173
[1] 192  90
[1] 2174
[1] 192  52
[1] 2175
[1] 192  94
[1] 2176
[1] 192  44
[1] 2177
[1] 192  49
[1] 2178
[1] 192  47
[1] 2179
[1] 192  90
[1] 2180
[1] 192  90
[1] 2181
[1] 192  90
[1] 2182
[1] 192  43
[1] 2183
[1] 192  54
[1] 2184
[1] 192  86
[1] 2185
[1] 192  29
[1] 2186
[1] 192  30
[1] 2187
[1] 192  58
[1] 2188
[1] 192  41
[1] 2189
[1] 192  51
[1] 2190
[1] 192  26
[1] 2191
[1] 192  70
[1] 2192
[1] 192 110
[1] 2193
[1] 192  53
[1] 2194
[1] 192  53
[1] 2195
[1] 192  51
[1] 2196
[1] 192  51
[1] 2197
[1] 192  36
[1] 2198
[1] 192  44
[1] 2199
[1] 192  37
[1] 2200
[1] 192  25
