[1] 3901
[1] 192  46
[1] 3902
[1] 192  68
[1] 3903
[1] 192  71
[1] 3904
[1] 192  28
[1] 3905
[1] 192  69
[1] 3906
[1] 192  98
[1] 3907
[1] 192  35
[1] 3908
[1] 192  54
[1] 3909
[1] 192  34
[1] 3910
[1] 192  53
[1] 3911
[1] 192  42
[1] 3912
[1] 192  28
[1] 3913
[1] 192  36
[1] 3914
[1] 192  54
[1] 3915
[1] 192  62
[1] 3916
[1] 192 105
[1] 3917
[1] 192  90
[1] 3918
[1] 192  88
[1] 3919
[1] 192  59
[1] 3920
[1] 192  88
[1] 3921
[1] 192  54
[1] 3922
[1] 192  70
[1] 3923
[1] 192  36
[1] 3924
[1] 192  32
[1] 3925
[1] 192  58
[1] 3926
[1] 192  40
[1] 3927
[1] 192  53
[1] 3928
[1] 192  25
[1] 3929
[1] 192  80
[1] 3930
[1] 192  29
[1] 3931
[1] 192  52
[1] 3932
[1] 192  43
[1] 3933
[1] 192  56
[1] 3934
[1] 192  94
[1] 3935
[1] 192  33
[1] 3936
[1] 192  46
[1] 3937
[1] 192  45
[1] 3938
[1] 192  38
[1] 3939
[1] 192  58
[1] 3940
[1] 192  37
[1] 3941
[1] 192  52
[1] 3942
[1] 192  56
[1] 3943
[1] 192  49
[1] 3944
[1] 192  44
[1] 3945
[1] 192  43
[1] 3946
[1] 192  23
[1] 3947
[1] 192  22
[1] 3948
[1] 192  33
[1] 3949
[1] 192  30
[1] 3950
[1] 192  64
[1] 3951
[1] 192  45
[1] 3952
[1] 192  57
[1] 3953
[1] 192  93
[1] 3954
[1] 192  68
[1] 3955
[1] 192  30
[1] 3956
[1] 192  77
[1] 3957
[1] 192  24
[1] 3958
[1] 192  20
[1] 3959
[1] 192  56
[1] 3960
[1] 192  31
[1] 3961
[1] 192  59
[1] 3962
[1] 192  36
[1] 3963
[1] 192  62
[1] 3964
[1] 192  62
[1] 3965
[1] 192  23
[1] 3966
[1] 192  23
[1] 3967
[1] 192  46
[1] 3968
[1] 192  38
[1] 3969
[1] 192  79
[1] 3970
[1] 192  44
[1] 3971
[1] 192  20
[1] 3972
[1] 192  57
[1] 3973
[1] 192  42
[1] 3974
[1] 192  36
[1] 3975
[1] 192  29
[1] 3976
[1] 192  28
[1] 3977
[1] 192  37
[1] 3978
[1] 192 104
[1] 3979
[1] 192  73
[1] 3980
[1] 192  64
[1] 3981
[1] 192  58
[1] 3982
[1] 192  43
[1] 3983
[1] 192  64
[1] 3984
[1] 192  90
[1] 3985
[1] 192  62
[1] 3986
[1] 192  61
[1] 3987
[1] 192  74
[1] 3988
[1] 192  58
[1] 3989
[1] 192  66
[1] 3990
[1] 192  64
[1] 3991
[1] 192  65
[1] 3992
[1] 192  46
[1] 3993
[1] 192  62
[1] 3994
[1] 192  63
[1] 3995
[1] 192  51
[1] 3996
[1] 192  34
[1] 3997
[1] 192  50
[1] 3998
[1] 192  40
[1] 3999
[1] 192  44
[1] 4000
[1] 192  48
