[1] 8601
[1] 192  34
[1] 8602
[1] 192  36
[1] 8603
[1] 192  41
[1] 8604
[1] 192  40
[1] 8605
[1] 192  62
[1] 8606
[1] 192  26
[1] 8607
[1] 192  56
[1] 8608
[1] 192  64
[1] 8609
[1] 192  15
[1] 8610
[1] 192  45
[1] 8611
[1] 192  68
[1] 8612
[1] 192  45
[1] 8613
[1] 192  54
[1] 8614
[1] 192  51
[1] 8615
[1] 192  50
[1] 8616
[1] 192  47
[1] 8617
[1] 192  15
[1] 8618
[1] 192  48
[1] 8619
[1] 192  29
[1] 8620
[1] 192  54
[1] 8621
[1] 192  59
[1] 8622
[1] 192  38
[1] 8623
[1] 192  51
[1] 8624
[1] 192  33
[1] 8625
[1] 192  21
[1] 8626
[1] 192  41
[1] 8627
[1] 192  20
[1] 8628
[1] 192  27
[1] 8629
[1] 192  48
[1] 8630
[1] 192  62
[1] 8631
[1] 192   8
[1] 8632
[1] 192   4
[1] 8633
[1] 192  58
[1] 8634
[1] 192  67
[1] 8635
[1] 192  20
[1] 8636
[1] 192  76
[1] 8637
[1] 192  54
[1] 8638
[1] 192  48
[1] 8639
[1] 192  32
[1] 8640
[1] 192  75
[1] 8641
[1] 192  22
[1] 8642
[1] 192  36
[1] 8643
[1] 192  80
[1] 8644
[1] 192  54
[1] 8645
[1] 192  20
[1] 8646
[1] 192  55
[1] 8647
[1] 192  27
[1] 8648
[1] 192  37
[1] 8649
[1] 192  69
[1] 8650
[1] 192  55
[1] 8651
[1] 192  52
[1] 8652
[1] 192  38
[1] 8653
[1] 192  56
[1] 8654
[1] 192  66
[1] 8655
[1] 192  40
[1] 8656
[1] 192  20
[1] 8657
[1] 192  35
[1] 8658
[1] 192  72
[1] 8659
[1] 192  20
[1] 8660
[1] 192  49
[1] 8661
[1] 192  36
[1] 8662
[1] 192 166
[1] 8663
[1] 192  26
[1] 8664
[1] 192  39
[1] 8665
[1] 192  73
[1] 8666
[1] 192  40
[1] 8667
[1] 192  28
[1] 8668
[1] 192  35
[1] 8669
[1] 192  23
[1] 8670
[1] 192  18
[1] 8671
[1] 192  38
[1] 8672
[1] 192  39
[1] 8673
[1] 192  37
[1] 8674
[1] 192  35
[1] 8675
[1] 192  69
[1] 8676
[1] 192  35
[1] 8677
[1] 192  39
[1] 8678
[1] 192  36
[1] 8679
[1] 192  39
[1] 8680
[1] 192  67
[1] 8681
[1] 192  39
[1] 8682
[1] 192  59
[1] 8683
[1] 192  70
[1] 8684
[1] 192  20
[1] 8685
[1] 192  68
[1] 8686
[1] 192  33
[1] 8687
[1] 192  46
[1] 8688
[1] 192  35
[1] 8689
[1] 192  48
[1] 8690
[1] 192  76
[1] 8691
[1] 192  22
[1] 8692
[1] 192  47
[1] 8693
[1] 192  67
[1] 8694
[1] 192  49
[1] 8695
[1] 192  59
[1] 8696
[1] 192  33
[1] 8697
[1] 192  63
[1] 8698
[1] 192  79
[1] 8699
[1] 192  65
[1] 8700
[1] 192  76
