[1] 6501
[1] 192  44
[1] 6502
[1] 192  68
[1] 6503
[1] 192  63
[1] 6504
[1] 192  49
[1] 6505
[1] 192  45
[1] 6506
[1] 192  43
[1] 6507
[1] 192  49
[1] 6508
[1] 192  43
[1] 6509
[1] 192  43
[1] 6510
[1] 192  46
[1] 6511
[1] 192  66
[1] 6512
[1] 192  18
[1] 6513
[1] 192  20
[1] 6514
[1] 192  50
[1] 6515
[1] 192  59
[1] 6516
[1] 192  35
[1] 6517
[1] 192  59
[1] 6518
[1] 192  42
[1] 6519
[1] 192  49
[1] 6520
[1] 192  73
[1] 6521
[1] 192  43
[1] 6522
[1] 192  57
[1] 6523
[1] 192  37
[1] 6524
[1] 192  36
[1] 6525
[1] 192  35
[1] 6526
[1] 192   8
[1] 6527
[1] 192  87
[1] 6528
[1] 192  51
[1] 6529
[1] 192  74
[1] 6530
[1] 192  44
[1] 6531
[1] 192  42
[1] 6532
[1] 192  48
[1] 6533
[1] 192  19
[1] 6534
[1] 192  47
[1] 6535
[1] 192  36
[1] 6536
[1] 192  52
[1] 6537
[1] 192  63
[1] 6538
[1] 192  66
[1] 6539
[1] 192  62
[1] 6540
[1] 192  73
[1] 6541
[1] 192  70
[1] 6542
[1] 192  75
[1] 6543
[1] 192  29
[1] 6544
[1] 192  47
[1] 6545
[1] 192  51
[1] 6546
[1] 192  51
[1] 6547
[1] 192  33
[1] 6548
[1] 192  44
[1] 6549
[1] 192  36
[1] 6550
[1] 192  32
[1] 6551
[1] 192  57
[1] 6552
[1] 192  49
[1] 6553
[1] 192  71
[1] 6554
[1] 192  44
[1] 6555
[1] 192  27
[1] 6556
[1] 192  56
[1] 6557
[1] 192  37
[1] 6558
[1] 192  66
[1] 6559
[1] 192  20
[1] 6560
[1] 192  20
[1] 6561
[1] 192  18
[1] 6562
[1] 192  60
[1] 6563
[1] 192  64
[1] 6564
[1] 192  53
[1] 6565
[1] 192  11
[1] 6566
[1] 192  11
[1] 6567
[1] 192  12
[1] 6568
[1] 192  10
[1] 6569
[1] 192  59
[1] 6570
[1] 192  14
[1] 6571
[1] 192  31
[1] 6572
[1] 192  95
[1] 6573
[1] 192  36
[1] 6574
[1] 192  52
[1] 6575
[1] 192  53
[1] 6576
[1] 192  71
[1] 6577
[1] 192  67
[1] 6578
[1] 192  72
[1] 6579
[1] 192  49
[1] 6580
[1] 192  35
[1] 6581
[1] 192  60
[1] 6582
[1] 192  35
[1] 6583
[1] 192   8
[1] 6584
[1] 192   8
[1] 6585
[1] 192   8
[1] 6586
[1] 192  10
[1] 6587
[1] 192  16
[1] 6588
[1] 192  28
[1] 6589
[1] 192  25
[1] 6590
[1] 192  37
[1] 6591
[1] 192  39
[1] 6592
[1] 192  66
[1] 6593
[1] 192  71
[1] 6594
[1] 192  70
[1] 6595
[1] 192  55
[1] 6596
[1] 192 101
[1] 6597
[1] 192 100
[1] 6598
[1] 192  80
[1] 6599
[1] 192  60
[1] 6600
[1] 192  58
