[1] 401
[1] 192  45
[1] 402
[1] 192  37
[1] 403
[1] 192  49
[1] 404
[1] 192  41
[1] 405
[1] 192  47
[1] 406
[1] 192 138
[1] 407
[1] 192  49
[1] 408
[1] 192  56
[1] 409
[1] 192  57
[1] 410
[1] 192  41
[1] 411
[1] 192  62
[1] 412
[1] 192  95
[1] 413
[1] 192  60
[1] 414
[1] 192  31
[1] 415
[1] 192  44
[1] 416
[1] 192  18
[1] 417
[1] 192  25
[1] 418
[1] 192  78
[1] 419
[1] 192  51
[1] 420
[1] 192 104
[1] 421
[1] 192  77
[1] 422
[1] 192  30
[1] 423
[1] 192  56
[1] 424
[1] 192  75
[1] 425
[1] 192 127
[1] 426
[1] 192  67
[1] 427
[1] 192  41
[1] 428
[1] 192  45
[1] 429
[1] 192  82
[1] 430
[1] 192  33
[1] 431
[1] 192  38
[1] 432
[1] 192  52
[1] 433
[1] 192  31
[1] 434
[1] 192  40
[1] 435
[1] 192  47
[1] 436
[1] 192  51
[1] 437
[1] 192  73
[1] 438
[1] 192 100
[1] 439
[1] 192  35
[1] 440
[1] 192  64
[1] 441
[1] 192  72
[1] 442
[1] 192  40
[1] 443
[1] 192  43
[1] 444
[1] 192  44
[1] 445
[1] 192  30
[1] 446
[1] 192  81
[1] 447
[1] 192  30
[1] 448
[1] 192  28
[1] 449
[1] 192  24
[1] 450
[1] 192  53
[1] 451
[1] 192  38
[1] 452
[1] 192  23
[1] 453
[1] 192  61
[1] 454
[1] 192  47
[1] 455
[1] 192  48
[1] 456
[1] 192  97
[1] 457
[1] 192 117
[1] 458
[1] 192  57
[1] 459
[1] 192  56
[1] 460
[1] 192  38
[1] 461
[1] 192  69
[1] 462
[1] 192  68
[1] 463
[1] 192  28
[1] 464
[1] 192  54
[1] 465
[1] 192  19
[1] 466
[1] 192  40
[1] 467
[1] 192  63
[1] 468
[1] 192  44
[1] 469
[1] 192  91
[1] 470
[1] 192  24
[1] 471
[1] 192  38
[1] 472
[1] 192 107
[1] 473
[1] 192  61
[1] 474
[1] 192  31
[1] 475
[1] 192  61
[1] 476
[1] 192  32
[1] 477
[1] 192  32
[1] 478
[1] 192  53
[1] 479
[1] 192  39
[1] 480
[1] 192  70
[1] 481
[1] 192  70
[1] 482
[1] 192  19
[1] 483
[1] 192  39
[1] 484
[1] 192  61
[1] 485
[1] 192  64
[1] 486
[1] 192  65
[1] 487
[1] 192  76
[1] 488
[1] 192  48
[1] 489
[1] 192  38
[1] 490
[1] 192  48
[1] 491
[1] 192  40
[1] 492
[1] 192 109
[1] 493
[1] 192  27
[1] 494
[1] 192  37
[1] 495
[1] 192  55
[1] 496
[1] 192  41
[1] 497
[1] 192  48
[1] 498
[1] 192  55
[1] 499
[1] 192  57
[1] 500
[1] 192  79
