[1] 9301
[1] 192  37
[1] 9302
[1] 192  47
[1] 9303
[1] 192  23
[1] 9304
[1] 192  29
[1] 9305
[1] 192  59
[1] 9306
[1] 192 104
[1] 9307
[1] 192  38
[1] 9308
[1] 192  35
[1] 9309
[1] 192  39
[1] 9310
[1] 192  17
[1] 9311
[1] 192  64
[1] 9312
[1] 192  24
[1] 9313
[1] 192  20
[1] 9314
[1] 192  70
[1] 9315
[1] 192  42
[1] 9316
[1] 192  41
[1] 9317
[1] 192  42
[1] 9318
[1] 192  52
[1] 9319
[1] 192  37
[1] 9320
[1] 192  70
[1] 9321
[1] 192  44
[1] 9322
[1] 192  43
[1] 9323
[1] 192  47
[1] 9324
[1] 192  52
[1] 9325
[1] 192  49
[1] 9326
[1] 192  75
[1] 9327
[1] 192  53
[1] 9328
[1] 192  41
[1] 9329
[1] 192  33
[1] 9330
[1] 192  37
[1] 9331
[1] 192  85
[1] 9332
[1] 192  10
[1] 9333
[1] 192  36
[1] 9334
[1] 192 101
[1] 9335
[1] 192  29
[1] 9336
[1] 192  55
[1] 9337
[1] 192  61
[1] 9338
[1] 192  66
[1] 9339
[1] 192  69
[1] 9340
[1] 192  39
[1] 9341
[1] 192  53
[1] 9342
[1] 192  48
[1] 9343
[1] 192  22
[1] 9344
[1] 192  41
[1] 9345
[1] 192  55
[1] 9346
[1] 192  48
[1] 9347
[1] 192  57
[1] 9348
[1] 192  92
[1] 9349
[1] 192  75
[1] 9350
[1] 192  62
[1] 9351
[1] 192  86
[1] 9352
[1] 192  53
[1] 9353
[1] 192  38
[1] 9354
[1] 192  66
[1] 9355
[1] 192  57
[1] 9356
[1] 192 236
[1] 9357
[1] 192  29
[1] 9358
[1] 192  38
[1] 9359
[1] 192 118
[1] 9360
[1] 192  38
[1] 9361
[1] 192  68
[1] 9362
[1] 192  36
[1] 9363
[1] 192  71
[1] 9364
[1] 192  57
[1] 9365
[1] 192  63
[1] 9366
[1] 192  34
[1] 9367
[1] 192  44
[1] 9368
[1] 192  44
[1] 9369
[1] 192  48
[1] 9370
[1] 192  28
[1] 9371
[1] 192 131
[1] 9372
[1] 192  74
[1] 9373
[1] 192  61
[1] 9374
[1] 192  44
[1] 9375
[1] 192  50
[1] 9376
[1] 192  20
[1] 9377
[1] 192  45
[1] 9378
[1] 192  74
[1] 9379
[1] 192  41
[1] 9380
[1] 192  57
[1] 9381
[1] 192  34
[1] 9382
[1] 192  21
[1] 9383
[1] 192  13
[1] 9384
[1] 192  44
[1] 9385
[1] 192  52
[1] 9386
[1] 192  59
[1] 9387
[1] 192  64
[1] 9388
[1] 192  21
[1] 9389
[1] 192  48
[1] 9390
[1] 192  53
[1] 9391
[1] 192  28
[1] 9392
[1] 192  27
[1] 9393
[1] 192  30
[1] 9394
[1] 192  50
[1] 9395
[1] 192  56
[1] 9396
[1] 192  51
[1] 9397
[1] 192  39
[1] 9398
[1] 192  15
[1] 9399
[1] 192  78
[1] 9400
[1] 192  19
