[1] 1201
[1] 192  44
[1] 1202
[1] 192  82
[1] 1203
[1] 192  40
[1] 1204
[1] 192  48
[1] 1205
[1] 192  60
[1] 1206
[1] 192  44
[1] 1207
[1] 192  83
[1] 1208
[1] 192  36
[1] 1209
[1] 192  29
[1] 1210
[1] 192  32
[1] 1211
[1] 192  31
[1] 1212
[1] 192 131
[1] 1213
[1] 192  84
[1] 1214
[1] 192  45
[1] 1215
[1] 192  18
[1] 1216
[1] 192  13
[1] 1217
[1] 192  40
[1] 1218
[1] 192  78
[1] 1219
[1] 192  36
[1] 1220
[1] 192  71
[1] 1221
[1] 192  37
[1] 1222
[1] 192  26
[1] 1223
[1] 192  36
[1] 1224
[1] 192  51
[1] 1225
[1] 192  51
[1] 1226
[1] 192  80
[1] 1227
[1] 192  41
[1] 1228
[1] 192  43
[1] 1229
[1] 192  60
[1] 1230
[1] 192  40
[1] 1231
[1] 192  81
[1] 1232
[1] 192  60
[1] 1233
[1] 192  50
[1] 1234
[1] 192  26
[1] 1235
[1] 192  30
[1] 1236
[1] 192  55
[1] 1237
[1] 192  55
[1] 1238
[1] 192  16
[1] 1239
[1] 192  20
[1] 1240
[1] 192  27
[1] 1241
[1] 192  24
[1] 1242
[1] 192  22
[1] 1243
[1] 192  47
[1] 1244
[1] 192  47
[1] 1245
[1] 192  78
[1] 1246
[1] 192  50
[1] 1247
[1] 192  36
[1] 1248
[1] 192  30
[1] 1249
[1] 192  75
[1] 1250
[1] 192  89
[1] 1251
[1] 192  46
[1] 1252
[1] 192  66
[1] 1253
[1] 192  73
[1] 1254
[1] 192  16
[1] 1255
[1] 192  52
[1] 1256
[1] 192  38
[1] 1257
[1] 192  75
[1] 1258
[1] 192  61
[1] 1259
[1] 192  73
[1] 1260
[1] 192  16
[1] 1261
[1] 192  10
[1] 1262
[1] 192  57
[1] 1263
[1] 192  53
[1] 1264
[1] 192  46
[1] 1265
[1] 192  55
[1] 1266
[1] 192  54
[1] 1267
[1] 192  51
[1] 1268
[1] 192  37
[1] 1269
[1] 192  50
[1] 1270
[1] 192  40
[1] 1271
[1] 192  38
[1] 1272
[1] 192  53
[1] 1273
[1] 192  46
[1] 1274
[1] 192  66
[1] 1275
[1] 192  39
[1] 1276
[1] 192  62
[1] 1277
[1] 192  71
[1] 1278
[1] 192  67
[1] 1279
[1] 192  77
[1] 1280
[1] 192  57
[1] 1281
[1] 192  42
[1] 1282
[1] 192  92
[1] 1283
[1] 192  64
[1] 1284
[1] 192  10
[1] 1285
[1] 192  41
[1] 1286
[1] 192  74
[1] 1287
[1] 192  94
[1] 1288
[1] 192  34
[1] 1289
[1] 192  45
[1] 1290
[1] 192  48
[1] 1291
[1] 192  45
[1] 1292
[1] 192  65
[1] 1293
[1] 192  69
[1] 1294
[1] 192 116
[1] 1295
[1] 192  65
[1] 1296
[1] 192  48
[1] 1297
[1] 192  38
[1] 1298
[1] 192  35
[1] 1299
[1] 192  40
[1] 1300
[1] 192  60
