[1] 4501
[1] 192  37
[1] 4502
[1] 192  44
[1] 4503
[1] 192  48
[1] 4504
[1] 192  41
[1] 4505
[1] 192 128
[1] 4506
[1] 192  96
[1] 4507
[1] 192  58
[1] 4508
[1] 192  58
[1] 4509
[1] 192  51
[1] 4510
[1] 192  93
[1] 4511
[1] 192  87
[1] 4512
[1] 192  87
[1] 4513
[1] 192  84
[1] 4514
[1] 192  97
[1] 4515
[1] 192  42
[1] 4516
[1] 192  84
[1] 4517
[1] 192  42
[1] 4518
[1] 192  52
[1] 4519
[1] 192  78
[1] 4520
[1] 192  45
[1] 4521
[1] 192  52
[1] 4522
[1] 192  70
[1] 4523
[1] 192  49
[1] 4524
[1] 192  27
[1] 4525
[1] 192  48
[1] 4526
[1] 192  37
[1] 4527
[1] 192  78
[1] 4528
[1] 192  54
[1] 4529
[1] 192  41
[1] 4530
[1] 192  30
[1] 4531
[1] 192  59
[1] 4532
[1] 192  56
[1] 4533
[1] 192  40
[1] 4534
[1] 192  75
[1] 4535
[1] 192  60
[1] 4536
[1] 192  66
[1] 4537
[1] 192  58
[1] 4538
[1] 192  32
[1] 4539
[1] 192  45
[1] 4540
[1] 192  54
[1] 4541
[1] 192  61
[1] 4542
[1] 192  38
[1] 4543
[1] 192  14
[1] 4544
[1] 192  37
[1] 4545
[1] 192  37
[1] 4546
[1] 192  36
[1] 4547
[1] 192  27
[1] 4548
[1] 192  43
[1] 4549
[1] 192  36
[1] 4550
[1] 192  43
[1] 4551
[1] 192  36
[1] 4552
[1] 192  46
[1] 4553
[1] 192  39
[1] 4554
[1] 192  41
[1] 4555
[1] 192  67
[1] 4556
[1] 192  44
[1] 4557
[1] 192  39
[1] 4558
[1] 192  35
[1] 4559
[1] 192  46
[1] 4560
[1] 192  43
[1] 4561
[1] 192  47
[1] 4562
[1] 192  59
[1] 4563
[1] 192  51
[1] 4564
[1] 192  55
[1] 4565
[1] 192  54
[1] 4566
[1] 192  38
[1] 4567
[1] 192  31
[1] 4568
[1] 192  30
[1] 4569
[1] 192  27
[1] 4570
[1] 192  35
[1] 4571
[1] 192  35
[1] 4572
[1] 192  42
[1] 4573
[1] 192  30
[1] 4574
[1] 192  31
[1] 4575
[1] 192  34
[1] 4576
[1] 192  22
[1] 4577
[1] 192  33
[1] 4578
[1] 192  50
[1] 4579
[1] 192  29
[1] 4580
[1] 192  31
[1] 4581
[1] 192  30
[1] 4582
[1] 192  75
[1] 4583
[1] 192  21
[1] 4584
[1] 192  31
[1] 4585
[1] 192  51
[1] 4586
[1] 192  38
[1] 4587
[1] 192  64
[1] 4588
[1] 192  26
[1] 4589
[1] 192  35
[1] 4590
[1] 192  38
[1] 4591
[1] 192  62
[1] 4592
[1] 192  42
[1] 4593
[1] 192  32
[1] 4594
[1] 192  78
[1] 4595
[1] 192  35
[1] 4596
[1] 192  36
[1] 4597
[1] 192  61
[1] 4598
[1] 192  35
[1] 4599
[1] 192  39
[1] 4600
[1] 192  37
