[1] 2601
[1] 192  62
[1] 2602
[1] 192  41
[1] 2603
[1] 192  60
[1] 2604
[1] 192  52
[1] 2605
[1] 192  46
[1] 2606
[1] 192  54
[1] 2607
[1] 192  65
[1] 2608
[1] 192  41
[1] 2609
[1] 192  32
[1] 2610
[1] 192  59
[1] 2611
[1] 192  33
[1] 2612
[1] 192  28
[1] 2613
[1] 192  34
[1] 2614
[1] 192  50
[1] 2615
[1] 192  85
[1] 2616
[1] 192  60
[1] 2617
[1] 192  47
[1] 2618
[1] 192  43
[1] 2619
[1] 192  47
[1] 2620
[1] 192  59
[1] 2621
[1] 192  37
[1] 2622
[1] 192  81
[1] 2623
[1] 192  52
[1] 2624
[1] 192  37
[1] 2625
[1] 192  50
[1] 2626
[1] 192  55
[1] 2627
[1] 192  78
[1] 2628
[1] 192  41
[1] 2629
[1] 192  52
[1] 2630
[1] 192  55
[1] 2631
[1] 192  29
[1] 2632
[1] 192  37
[1] 2633
[1] 192  90
[1] 2634
[1] 192  66
[1] 2635
[1] 192  63
[1] 2636
[1] 192  38
[1] 2637
[1] 192  31
[1] 2638
[1] 192  54
[1] 2639
[1] 192  59
[1] 2640
[1] 192  67
[1] 2641
[1] 192  61
[1] 2642
[1] 192  62
[1] 2643
[1] 192  53
[1] 2644
[1] 192  68
[1] 2645
[1] 192  52
[1] 2646
[1] 192 100
[1] 2647
[1] 192  52
[1] 2648
[1] 192  59
[1] 2649
[1] 192  58
[1] 2650
[1] 192  76
[1] 2651
[1] 192  51
[1] 2652
[1] 192  59
[1] 2653
[1] 192  31
[1] 2654
[1] 192  28
[1] 2655
[1] 192  27
[1] 2656
[1] 192  54
[1] 2657
[1] 192  56
[1] 2658
[1] 192  59
[1] 2659
[1] 192  65
[1] 2660
[1] 192  69
[1] 2661
[1] 192  22
[1] 2662
[1] 192  54
[1] 2663
[1] 192  55
[1] 2664
[1] 192  43
[1] 2665
[1] 192  52
[1] 2666
[1] 192  79
[1] 2667
[1] 192  88
[1] 2668
[1] 192  51
[1] 2669
[1] 192  61
[1] 2670
[1] 192  75
[1] 2671
[1] 192  67
[1] 2672
[1] 192  23
[1] 2673
[1] 192  63
[1] 2674
[1] 192  49
[1] 2675
[1] 192  33
[1] 2676
[1] 192  42
[1] 2677
[1] 192  44
[1] 2678
[1] 192  89
[1] 2679
[1] 192 237
[1] 2680
[1] 192 109
[1] 2681
[1] 192 106
[1] 2682
[1] 192  81
[1] 2683
[1] 192  48
[1] 2684
[1] 192 105
[1] 2685
[1] 192  65
[1] 2686
[1] 192  56
[1] 2687
[1] 192  66
[1] 2688
[1] 192  30
[1] 2689
[1] 192  31
[1] 2690
[1] 192  37
[1] 2691
[1] 192  40
[1] 2692
[1] 192  43
[1] 2693
[1] 192  37
[1] 2694
[1] 192  44
[1] 2695
[1] 192  80
[1] 2696
[1] 192  22
[1] 2697
[1] 192  24
[1] 2698
[1] 192 113
[1] 2699
[1] 192  42
[1] 2700
[1] 192  61
