[1] 9801
[1] 192  38
[1] 9802
[1] 192  27
[1] 9803
[1] 192  40
[1] 9804
[1] 192  64
[1] 9805
[1] 192  60
[1] 9806
[1] 192  31
[1] 9807
[1] 192  68
[1] 9808
[1] 192  22
[1] 9809
[1] 192  90
[1] 9810
[1] 192  43
[1] 9811
[1] 192  70
[1] 9812
[1] 192  20
[1] 9813
[1] 192  52
[1] 9814
[1] 192  62
[1] 9815
[1] 192  55
[1] 9816
[1] 192  49
[1] 9817
[1] 192  22
[1] 9818
[1] 192  40
[1] 9819
[1] 192  50
[1] 9820
[1] 192  30
[1] 9821
[1] 192  51
[1] 9822
[1] 192  60
[1] 9823
[1] 192  41
[1] 9824
[1] 192  32
[1] 9825
[1] 192  24
[1] 9826
[1] 192  33
[1] 9827
[1] 192  27
[1] 9828
[1] 192  74
[1] 9829
[1] 192  41
[1] 9830
[1] 192  42
[1] 9831
[1] 192  63
[1] 9832
[1] 192  17
[1] 9833
[1] 192  47
[1] 9834
[1] 192  49
[1] 9835
[1] 192  57
[1] 9836
[1] 192  40
[1] 9837
[1] 192  22
[1] 9838
[1] 192  58
[1] 9839
[1] 192  67
[1] 9840
[1] 192  42
[1] 9841
[1] 192  29
[1] 9842
[1] 192  73
[1] 9843
[1] 192  44
[1] 9844
[1] 192  27
[1] 9845
[1] 192  55
[1] 9846
[1] 192  60
[1] 9847
[1] 192  64
[1] 9848
[1] 192  32
[1] 9849
[1] 192  27
[1] 9850
[1] 192  42
[1] 9851
[1] 192  57
[1] 9852
[1] 192  35
[1] 9853
[1] 192  41
[1] 9854
[1] 192  21
[1] 9855
[1] 192  56
[1] 9856
[1] 192  34
[1] 9857
[1] 192  37
[1] 9858
[1] 192  73
[1] 9859
[1] 192  74
[1] 9860
[1] 192  40
[1] 9861
[1] 192  60
[1] 9862
[1] 192  52
[1] 9863
[1] 192  55
[1] 9864
[1] 192  10
[1] 9865
[1] 192  70
[1] 9866
[1] 192  66
[1] 9867
[1] 192  31
[1] 9868
[1] 192  46
[1] 9869
[1] 192  56
[1] 9870
[1] 192  55
[1] 9871
[1] 192  43
[1] 9872
[1] 192  29
[1] 9873
[1] 192  73
[1] 9874
[1] 192  58
[1] 9875
[1] 192  45
[1] 9876
[1] 192  51
[1] 9877
[1] 192  15
[1] 9878
[1] 192  38
[1] 9879
[1] 192 324
[1] 9880
[1] 192  55
[1] 9881
[1] 192  23
[1] 9882
[1] 192  36
[1] 9883
[1] 192  60
[1] 9884
[1] 192  50
[1] 9885
[1] 192  52
[1] 9886
[1] 192  55
[1] 9887
[1] 192  89
[1] 9888
[1] 192  48
[1] 9889
[1] 192  50
[1] 9890
[1] 192  93
[1] 9891
[1] 192  80
[1] 9892
[1] 192  51
[1] 9893
[1] 192  91
[1] 9894
[1] 192  40
[1] 9895
[1] 192  82
[1] 9896
[1] 192  50
[1] 9897
[1] 192  58
[1] 9898
[1] 192  70
[1] 9899
[1] 192  31
[1] 9900
[1] 192  43
