[1] 7201
[1] 192  39
[1] 7202
[1] 192  47
[1] 7203
[1] 192  91
[1] 7204
[1] 192  42
[1] 7205
[1] 192 122
[1] 7206
[1] 192  32
[1] 7207
[1] 192  48
[1] 7208
[1] 192  63
[1] 7209
[1] 192  99
[1] 7210
[1] 192  12
[1] 7211
[1] 192  70
[1] 7212
[1] 192  42
[1] 7213
[1] 192  45
[1] 7214
[1] 192  41
[1] 7215
[1] 192  45
[1] 7216
[1] 192  69
[1] 7217
[1] 192  40
[1] 7218
[1] 192  64
[1] 7219
[1] 192  42
[1] 7220
[1] 192  40
[1] 7221
[1] 192  47
[1] 7222
[1] 192  29
[1] 7223
[1] 192  41
[1] 7224
[1] 192  27
[1] 7225
[1] 192  56
[1] 7226
[1] 192  63
[1] 7227
[1] 192  47
[1] 7228
[1] 192  40
[1] 7229
[1] 192  44
[1] 7230
[1] 192  29
[1] 7231
[1] 192  26
[1] 7232
[1] 192  25
[1] 7233
[1] 192  38
[1] 7234
[1] 192  51
[1] 7235
[1] 192  82
[1] 7236
[1] 192  31
[1] 7237
[1] 192  52
[1] 7238
[1] 192  48
[1] 7239
[1] 192  56
[1] 7240
[1] 192  30
[1] 7241
[1] 192  46
[1] 7242
[1] 192  36
[1] 7243
[1] 192  63
[1] 7244
[1] 192  37
[1] 7245
[1] 192  59
[1] 7246
[1] 192  20
[1] 7247
[1] 192  74
[1] 7248
[1] 192  38
[1] 7249
[1] 192  70
[1] 7250
[1] 192  54
[1] 7251
[1] 192  49
[1] 7252
[1] 192  33
[1] 7253
[1] 192  37
[1] 7254
[1] 192  35
[1] 7255
[1] 192  34
[1] 7256
[1] 192  46
[1] 7257
[1] 192  40
[1] 7258
[1] 192  45
[1] 7259
[1] 192  75
[1] 7260
[1] 192  33
[1] 7261
[1] 192  40
[1] 7262
[1] 192  23
[1] 7263
[1] 192  57
[1] 7264
[1] 192  53
[1] 7265
[1] 192  47
[1] 7266
[1] 192  52
[1] 7267
[1] 192  66
[1] 7268
[1] 192  87
[1] 7269
[1] 192  37
[1] 7270
[1] 192  36
[1] 7271
[1] 192  51
[1] 7272
[1] 192  58
[1] 7273
[1] 192  48
[1] 7274
[1] 192  47
[1] 7275
[1] 192  56
[1] 7276
[1] 192  62
[1] 7277
[1] 192  60
[1] 7278
[1] 192  61
[1] 7279
[1] 192  49
[1] 7280
[1] 192  57
[1] 7281
[1] 192  61
[1] 7282
[1] 192  57
[1] 7283
[1] 192  34
[1] 7284
[1] 192  55
[1] 7285
[1] 192  40
[1] 7286
[1] 192  49
[1] 7287
[1] 192  77
[1] 7288
[1] 192 113
[1] 7289
[1] 192  67
[1] 7290
[1] 192  69
[1] 7291
[1] 192  59
[1] 7292
[1] 192  36
[1] 7293
[1] 192  59
[1] 7294
[1] 192  33
[1] 7295
[1] 192  90
[1] 7296
[1] 192  59
[1] 7297
[1] 192  69
[1] 7298
[1] 192  72
[1] 7299
[1] 192  31
[1] 7300
[1] 192  56
