[1] 2201
[1] 192  30
[1] 2202
[1] 192 104
[1] 2203
[1] 192 104
[1] 2204
[1] 192  36
[1] 2205
[1] 192  35
[1] 2206
[1] 192   6
[1] 2207
[1] 192  52
[1] 2208
[1] 192  49
[1] 2209
[1] 192  79
[1] 2210
[1] 192  63
[1] 2211
[1] 192  65
[1] 2212
[1] 192  65
[1] 2213
[1] 192  52
[1] 2214
[1] 192  56
[1] 2215
[1] 192  51
[1] 2216
[1] 192  35
[1] 2217
[1] 192  33
[1] 2218
[1] 192  30
[1] 2219
[1] 192  90
[1] 2220
[1] 192  53
[1] 2221
[1] 192  58
[1] 2222
[1] 192  19
[1] 2223
[1] 192  58
[1] 2224
[1] 192 160
[1] 2225
[1] 192 139
[1] 2226
[1] 192  46
[1] 2227
[1] 192  42
[1] 2228
[1] 192  53
[1] 2229
[1] 192  62
[1] 2230
[1] 192  67
[1] 2231
[1] 192  48
[1] 2232
[1] 192  51
[1] 2233
[1] 192  65
[1] 2234
[1] 192  80
[1] 2235
[1] 192  44
[1] 2236
[1] 192  51
[1] 2237
[1] 192  65
[1] 2238
[1] 192  60
[1] 2239
[1] 192  32
[1] 2240
[1] 192  48
[1] 2241
[1] 192  43
[1] 2242
[1] 192  44
[1] 2243
[1] 192  34
[1] 2244
[1] 192  61
[1] 2245
[1] 192  36
[1] 2246
[1] 192  59
[1] 2247
[1] 192  57
[1] 2248
[1] 192  76
[1] 2249
[1] 192  47
[1] 2250
[1] 192  51
[1] 2251
[1] 192  40
[1] 2252
[1] 192  66
[1] 2253
[1] 192  41
[1] 2254
[1] 192  53
[1] 2255
[1] 192  76
[1] 2256
[1] 192  33
[1] 2257
[1] 192  50
[1] 2258
[1] 192  55
[1] 2259
[1] 192  75
[1] 2260
[1] 192  54
[1] 2261
[1] 192  67
[1] 2262
[1] 192  92
[1] 2263
[1] 192  19
[1] 2264
[1] 192  14
[1] 2265
[1] 192  74
[1] 2266
[1] 192  50
[1] 2267
[1] 192  44
[1] 2268
[1] 192  59
[1] 2269
[1] 192  76
[1] 2270
[1] 192  46
[1] 2271
[1] 192  45
[1] 2272
[1] 192  23
[1] 2273
[1] 192  20
[1] 2274
[1] 192  20
[1] 2275
[1] 192  35
[1] 2276
[1] 192  31
[1] 2277
[1] 192  61
[1] 2278
[1] 192  30
[1] 2279
[1] 192  30
[1] 2280
[1] 192  47
[1] 2281
[1] 192  48
[1] 2282
[1] 192  87
[1] 2283
[1] 192  56
[1] 2284
[1] 192  58
[1] 2285
[1] 192  47
[1] 2286
[1] 192  52
[1] 2287
[1] 192  64
[1] 2288
[1] 192  88
[1] 2289
[1] 192  48
[1] 2290
[1] 192  59
[1] 2291
[1] 192  44
[1] 2292
[1] 192  65
[1] 2293
[1] 192  74
[1] 2294
[1] 192  27
[1] 2295
[1] 192  57
[1] 2296
[1] 192  58
[1] 2297
[1] 192  30
[1] 2298
[1] 192  75
[1] 2299
[1] 192  38
[1] 2300
[1] 192  41
