[1] 301
[1] 192  29
[1] 302
[1] 192  25
[1] 303
[1] 192  50
[1] 304
[1] 192  41
[1] 305
[1] 192  43
[1] 306
[1] 192  38
[1] 307
[1] 192  73
[1] 308
[1] 192  64
[1] 309
[1] 192  61
[1] 310
[1] 192  72
[1] 311
[1] 192  29
[1] 312
[1] 192  75
[1] 313
[1] 192  73
[1] 314
[1] 192  78
[1] 315
[1] 192  66
[1] 316
[1] 192  44
[1] 317
[1] 192  46
[1] 318
[1] 192  32
[1] 319
[1] 192  59
[1] 320
[1] 192  52
[1] 321
[1] 192  46
[1] 322
[1] 192  32
[1] 323
[1] 192  29
[1] 324
[1] 192  24
[1] 325
[1] 192  42
[1] 326
[1] 192  63
[1] 327
[1] 192  31
[1] 328
[1] 192  48
[1] 329
[1] 192  43
[1] 330
[1] 192  27
[1] 331
[1] 192  34
[1] 332
[1] 192  59
[1] 333
[1] 192  55
[1] 334
[1] 192  48
[1] 335
[1] 192  28
[1] 336
[1] 192  64
[1] 337
[1] 192  52
[1] 338
[1] 192  44
[1] 339
[1] 192  46
[1] 340
[1] 192  21
[1] 341
[1] 192  52
[1] 342
[1] 192  71
[1] 343
[1] 192  52
[1] 344
[1] 192  56
[1] 345
[1] 192  44
[1] 346
[1] 192  35
[1] 347
[1] 192  51
[1] 348
[1] 192  71
[1] 349
[1] 192  42
[1] 350
[1] 192  64
[1] 351
[1] 192  15
[1] 352
[1] 192  88
[1] 353
[1] 192  57
[1] 354
[1] 192 108
[1] 355
[1] 192  96
[1] 356
[1] 192  36
[1] 357
[1] 192  34
[1] 358
[1] 192  62
[1] 359
[1] 192  12
[1] 360
[1] 192  84
[1] 361
[1] 192  42
[1] 362
[1] 192  48
[1] 363
[1] 192  75
[1] 364
[1] 192  58
[1] 365
[1] 192  93
[1] 366
[1] 192  37
[1] 367
[1] 192  63
[1] 368
[1] 192  42
[1] 369
[1] 192  55
[1] 370
[1] 192  60
[1] 371
[1] 192  38
[1] 372
[1] 192  54
[1] 373
[1] 192  64
[1] 374
[1] 192  48
[1] 375
[1] 192  39
[1] 376
[1] 192  65
[1] 377
[1] 192  62
[1] 378
[1] 192  33
[1] 379
[1] 192  55
[1] 380
[1] 192  34
[1] 381
[1] 192  56
[1] 382
[1] 192  44
[1] 383
[1] 192  36
[1] 384
[1] 192  28
[1] 385
[1] 192  97
[1] 386
[1] 192  24
[1] 387
[1] 192  59
[1] 388
[1] 192  77
[1] 389
[1] 192  58
[1] 390
[1] 192  62
[1] 391
[1] 192  31
[1] 392
[1] 192  77
[1] 393
[1] 192  47
[1] 394
[1] 192  31
[1] 395
[1] 192  78
[1] 396
[1] 192  64
[1] 397
[1] 192  63
[1] 398
[1] 192  21
[1] 399
[1] 192  60
[1] 400
[1] 192  46
