[1] 7301
[1] 192  52
[1] 7302
[1] 192  62
[1] 7303
[1] 192  51
[1] 7304
[1] 192  90
[1] 7305
[1] 192  37
[1] 7306
[1] 192  35
[1] 7307
[1] 192  33
[1] 7308
[1] 192  83
[1] 7309
[1] 192  41
[1] 7310
[1] 192  41
[1] 7311
[1] 192  31
[1] 7312
[1] 192  63
[1] 7313
[1] 192  43
[1] 7314
[1] 192  75
[1] 7315
[1] 192  69
[1] 7316
[1] 192  96
[1] 7317
[1] 192  65
[1] 7318
[1] 192 124
[1] 7319
[1] 192  55
[1] 7320
[1] 192  58
[1] 7321
[1] 192  56
[1] 7322
[1] 192  49
[1] 7323
[1] 192  47
[1] 7324
[1] 192  63
[1] 7325
[1] 192  55
[1] 7326
[1] 192  70
[1] 7327
[1] 192  55
[1] 7328
[1] 192  51
[1] 7329
[1] 192  66
[1] 7330
[1] 192  53
[1] 7331
[1] 192  54
[1] 7332
[1] 192  13
[1] 7333
[1] 192  58
[1] 7334
[1] 192  50
[1] 7335
[1] 192  52
[1] 7336
[1] 192  43
[1] 7337
[1] 192  44
[1] 7338
[1] 192  36
[1] 7339
[1] 192  30
[1] 7340
[1] 192  26
[1] 7341
[1] 192  32
[1] 7342
[1] 192  26
[1] 7343
[1] 192  27
[1] 7344
[1] 192  53
[1] 7345
[1] 192  18
[1] 7346
[1] 192  24
[1] 7347
[1] 192  21
[1] 7348
[1] 192  21
[1] 7349
[1] 192  43
[1] 7350
[1] 192  23
[1] 7351
[1] 192   8
[1] 7352
[1] 192  23
[1] 7353
[1] 192  58
[1] 7354
[1] 192  35
[1] 7355
[1] 192 106
[1] 7356
[1] 192  91
[1] 7357
[1] 192  58
[1] 7358
[1] 192  54
[1] 7359
[1] 192  83
[1] 7360
[1] 192  21
[1] 7361
[1] 192  70
[1] 7362
[1] 192  53
[1] 7363
[1] 192  83
[1] 7364
[1] 192  37
[1] 7365
[1] 192  73
[1] 7366
[1] 192  77
[1] 7367
[1] 192  43
[1] 7368
[1] 192  42
[1] 7369
[1] 192  40
[1] 7370
[1] 192  72
[1] 7371
[1] 192  37
[1] 7372
[1] 192  71
[1] 7373
[1] 192  73
[1] 7374
[1] 192  13
[1] 7375
[1] 192  75
[1] 7376
[1] 192  75
[1] 7377
[1] 192  75
[1] 7378
[1] 192  76
[1] 7379
[1] 192  73
[1] 7380
[1] 192  65
[1] 7381
[1] 192  20
[1] 7382
[1] 192  56
[1] 7383
[1] 192  79
[1] 7384
[1] 192 115
[1] 7385
[1] 192  93
[1] 7386
[1] 192  37
[1] 7387
[1] 192  78
[1] 7388
[1] 192  82
[1] 7389
[1] 192  55
[1] 7390
[1] 192  64
[1] 7391
[1] 192  48
[1] 7392
[1] 192  48
[1] 7393
[1] 192  61
[1] 7394
[1] 192  56
[1] 7395
[1] 192 112
[1] 7396
[1] 192  43
[1] 7397
[1] 192 110
[1] 7398
[1] 192 111
[1] 7399
[1] 192  35
[1] 7400
[1] 192  29
