[1] 7901
[1] 192  29
[1] 7902
[1] 192  47
[1] 7903
[1] 192  57
[1] 7904
[1] 192  31
[1] 7905
[1] 192  52
[1] 7906
[1] 192  46
[1] 7907
[1] 192  57
[1] 7908
[1] 192  47
[1] 7909
[1] 192  55
[1] 7910
[1] 192  73
[1] 7911
[1] 192  49
[1] 7912
[1] 192  80
[1] 7913
[1] 192  45
[1] 7914
[1] 192  76
[1] 7915
[1] 192  18
[1] 7916
[1] 192  91
[1] 7917
[1] 192  35
[1] 7918
[1] 192  26
[1] 7919
[1] 192  50
[1] 7920
[1] 192  66
[1] 7921
[1] 192  20
[1] 7922
[1] 192  19
[1] 7923
[1] 192  55
[1] 7924
[1] 192  23
[1] 7925
[1] 192  56
[1] 7926
[1] 192  21
[1] 7927
[1] 192  74
[1] 7928
[1] 192  94
[1] 7929
[1] 192  17
[1] 7930
[1] 192  78
[1] 7931
[1] 192  45
[1] 7932
[1] 192  62
[1] 7933
[1] 192  21
[1] 7934
[1] 192 198
[1] 7935
[1] 192  30
[1] 7936
[1] 192  66
[1] 7937
[1] 192  62
[1] 7938
[1] 192  46
[1] 7939
[1] 192  64
[1] 7940
[1] 192  20
[1] 7941
[1] 192  42
[1] 7942
[1] 192  18
[1] 7943
[1] 192  20
[1] 7944
[1] 192  42
[1] 7945
[1] 192  71
[1] 7946
[1] 192  66
[1] 7947
[1] 192  41
[1] 7948
[1] 192  42
[1] 7949
[1] 192  57
[1] 7950
[1] 192  26
[1] 7951
[1] 192  44
[1] 7952
[1] 192 104
[1] 7953
[1] 192  46
[1] 7954
[1] 192  41
[1] 7955
[1] 192  97
[1] 7956
[1] 192  52
[1] 7957
[1] 192  30
[1] 7958
[1] 192  73
[1] 7959
[1] 192  41
[1] 7960
[1] 192  10
[1] 7961
[1] 192   6
[1] 7962
[1] 192  31
[1] 7963
[1] 192  46
[1] 7964
[1] 192  33
[1] 7965
[1] 192  66
[1] 7966
[1] 192  67
[1] 7967
[1] 192  86
[1] 7968
[1] 192  59
[1] 7969
[1] 192  54
[1] 7970
[1] 192  72
[1] 7971
[1] 192  62
[1] 7972
[1] 192  64
[1] 7973
[1] 192  52
[1] 7974
[1] 192  25
[1] 7975
[1] 192  55
[1] 7976
[1] 192  33
[1] 7977
[1] 192  41
[1] 7978
[1] 192  20
[1] 7979
[1] 192  76
[1] 7980
[1] 192  73
[1] 7981
[1] 192  68
[1] 7982
[1] 192  50
[1] 7983
[1] 192  51
[1] 7984
[1] 192  29
[1] 7985
[1] 192  81
[1] 7986
[1] 192  81
[1] 7987
[1] 192  79
[1] 7988
[1] 192  31
[1] 7989
[1] 192  21
[1] 7990
[1] 192  67
[1] 7991
[1] 192  83
[1] 7992
[1] 192  38
[1] 7993
[1] 192  40
[1] 7994
[1] 192  59
[1] 7995
[1] 192  34
[1] 7996
[1] 192  34
[1] 7997
[1] 192  71
[1] 7998
[1] 192  34
[1] 7999
[1] 192  58
[1] 8000
[1] 192   9
