[1] 5901
[1] 192  33
[1] 5902
[1] 192  43
[1] 5903
[1] 192  26
[1] 5904
[1] 192  61
[1] 5905
[1] 192  80
[1] 5906
[1] 192  15
[1] 5907
[1] 192  38
[1] 5908
[1] 192  71
[1] 5909
[1] 192  16
[1] 5910
[1] 192  23
[1] 5911
[1] 192  15
[1] 5912
[1] 192  68
[1] 5913
[1] 192  23
[1] 5914
[1] 192  63
[1] 5915
[1] 192   7
[1] 5916
[1] 192  12
[1] 5917
[1] 192  23
[1] 5918
[1] 192  41
[1] 5919
[1] 192  51
[1] 5920
[1] 192  49
[1] 5921
[1] 192  45
[1] 5922
[1] 192  31
[1] 5923
[1] 192  45
[1] 5924
[1] 192  43
[1] 5925
[1] 192  18
[1] 5926
[1] 192  70
[1] 5927
[1] 192  72
[1] 5928
[1] 192  49
[1] 5929
[1] 192  49
[1] 5930
[1] 192  34
[1] 5931
[1] 192  40
[1] 5932
[1] 192  34
[1] 5933
[1] 192  34
[1] 5934
[1] 192  37
[1] 5935
[1] 192  21
[1] 5936
[1] 192  21
[1] 5937
[1] 192  22
[1] 5938
[1] 192  22
[1] 5939
[1] 192  22
[1] 5940
[1] 192  22
[1] 5941
[1] 192  22
[1] 5942
[1] 192  23
[1] 5943
[1] 192  50
[1] 5944
[1] 192  84
[1] 5945
[1] 192  55
[1] 5946
[1] 192  36
[1] 5947
[1] 192  68
[1] 5948
[1] 192  41
[1] 5949
[1] 192  39
[1] 5950
[1] 192  65
[1] 5951
[1] 192  72
[1] 5952
[1] 192  48
[1] 5953
[1] 192  72
[1] 5954
[1] 192  70
[1] 5955
[1] 192  65
[1] 5956
[1] 192  52
[1] 5957
[1] 192  52
[1] 5958
[1] 192  42
[1] 5959
[1] 192  64
[1] 5960
[1] 192  50
[1] 5961
[1] 192  75
[1] 5962
[1] 192 187
[1] 5963
[1] 192  84
[1] 5964
[1] 192  50
[1] 5965
[1] 192  42
[1] 5966
[1] 192  55
[1] 5967
[1] 192  61
[1] 5968
[1] 192 168
[1] 5969
[1] 192  29
[1] 5970
[1] 192  25
[1] 5971
[1] 192  24
[1] 5972
[1] 192  24
[1] 5973
[1] 192  37
[1] 5974
[1] 192  29
[1] 5975
[1] 192  60
[1] 5976
[1] 192  99
[1] 5977
[1] 192  60
[1] 5978
[1] 192  22
[1] 5979
[1] 192  26
[1] 5980
[1] 192  70
[1] 5981
[1] 192  71
[1] 5982
[1] 192  44
[1] 5983
[1] 192  45
[1] 5984
[1] 192  37
[1] 5985
[1] 192  24
[1] 5986
[1] 192  55
[1] 5987
[1] 192  39
[1] 5988
[1] 192  26
[1] 5989
[1] 192  61
[1] 5990
[1] 192 137
[1] 5991
[1] 192  34
[1] 5992
[1] 192  39
[1] 5993
[1] 192  31
[1] 5994
[1] 192  30
[1] 5995
[1] 192  54
[1] 5996
[1] 192 131
[1] 5997
[1] 192  80
[1] 5998
[1] 192  69
[1] 5999
[1] 192  26
[1] 6000
[1] 192  43
