[1] 5401
[1] 192  58
[1] 5402
[1] 192  57
[1] 5403
[1] 192  59
[1] 5404
[1] 192  57
[1] 5405
[1] 192  59
[1] 5406
[1] 192  60
[1] 5407
[1] 192  50
[1] 5408
[1] 192  54
[1] 5409
[1] 192  42
[1] 5410
[1] 192  44
[1] 5411
[1] 192  43
[1] 5412
[1] 192  37
[1] 5413
[1] 192  40
[1] 5414
[1] 192   8
[1] 5415
[1] 192  35
[1] 5416
[1] 192  28
[1] 5417
[1] 192  37
[1] 5418
[1] 192  48
[1] 5419
[1] 192  37
[1] 5420
[1] 192  29
[1] 5421
[1] 192  36
[1] 5422
[1] 192  31
[1] 5423
[1] 192  34
[1] 5424
[1] 192  38
[1] 5425
[1] 192  19
[1] 5426
[1] 192  37
[1] 5427
[1] 192  32
[1] 5428
[1] 192  36
[1] 5429
[1] 192  29
[1] 5430
[1] 192  44
[1] 5431
[1] 192  37
[1] 5432
[1] 192  35
[1] 5433
[1] 192  36
[1] 5434
[1] 192  30
[1] 5435
[1] 192  39
[1] 5436
[1] 192  32
[1] 5437
[1] 192  62
[1] 5438
[1] 192  59
[1] 5439
[1] 192  38
[1] 5440
[1] 192  39
[1] 5441
[1] 192  42
[1] 5442
[1] 192  54
[1] 5443
[1] 192  51
[1] 5444
[1] 192  66
[1] 5445
[1] 192  45
[1] 5446
[1] 192  40
[1] 5447
[1] 192  42
[1] 5448
[1] 192  15
[1] 5449
[1] 192  15
[1] 5450
[1] 192  28
[1] 5451
[1] 192  33
[1] 5452
[1] 192  25
[1] 5453
[1] 192  34
[1] 5454
[1] 192  17
[1] 5455
[1] 192  33
[1] 5456
[1] 192  17
[1] 5457
[1] 192  41
[1] 5458
[1] 192  34
[1] 5459
[1] 192  33
[1] 5460
[1] 192  17
[1] 5461
[1] 192  27
[1] 5462
[1] 192  41
[1] 5463
[1] 192  46
[1] 5464
[1] 192  62
[1] 5465
[1] 192  85
[1] 5466
[1] 192  60
[1] 5467
[1] 192  27
[1] 5468
[1] 192  51
[1] 5469
[1] 192  39
[1] 5470
[1] 192  51
[1] 5471
[1] 192  40
[1] 5472
[1] 192  57
[1] 5473
[1] 192  33
[1] 5474
[1] 192  35
[1] 5475
[1] 192  44
[1] 5476
[1] 192  57
[1] 5477
[1] 192  34
[1] 5478
[1] 192  48
[1] 5479
[1] 192  67
[1] 5480
[1] 192  62
[1] 5481
[1] 192  42
[1] 5482
[1] 192  45
[1] 5483
[1] 192  57
[1] 5484
[1] 192  47
[1] 5485
[1] 192  60
[1] 5486
[1] 192  38
[1] 5487
[1] 192  56
[1] 5488
[1] 192  52
[1] 5489
[1] 192  52
[1] 5490
[1] 192  64
[1] 5491
[1] 192  72
[1] 5492
[1] 192  57
[1] 5493
[1] 192  75
[1] 5494
[1] 192  46
[1] 5495
[1] 192  53
[1] 5496
[1] 192  82
[1] 5497
[1] 192  68
[1] 5498
[1] 192  64
[1] 5499
[1] 192  53
[1] 5500
[1] 192  48
