[1] 601
[1] 192  26
[1] 602
[1] 192  40
[1] 603
[1] 192  72
[1] 604
[1] 192  77
[1] 605
[1] 192  93
[1] 606
[1] 192  83
[1] 607
[1] 192  21
[1] 608
[1] 192  22
[1] 609
[1] 192  29
[1] 610
[1] 192  30
[1] 611
[1] 192  58
[1] 612
[1] 192  49
[1] 613
[1] 192  39
[1] 614
[1] 192  57
[1] 615
[1] 192  34
[1] 616
[1] 192  28
[1] 617
[1] 192  60
[1] 618
[1] 192  63
[1] 619
[1] 192  44
[1] 620
[1] 192  22
[1] 621
[1] 192  40
[1] 622
[1] 192  54
[1] 623
[1] 192  96
[1] 624
[1] 192  65
[1] 625
[1] 192  53
[1] 626
[1] 192 110
[1] 627
[1] 192  42
[1] 628
[1] 192  98
[1] 629
[1] 192  32
[1] 630
[1] 192  30
[1] 631
[1] 192  48
[1] 632
[1] 192  44
[1] 633
[1] 192  57
[1] 634
[1] 192  62
[1] 635
[1] 192  72
[1] 636
[1] 192  35
[1] 637
[1] 192  42
[1] 638
[1] 192  34
[1] 639
[1] 192  65
[1] 640
[1] 192  34
[1] 641
[1] 192  39
[1] 642
[1] 192 276
[1] 643
[1] 192  34
[1] 644
[1] 192  62
[1] 645
[1] 192  67
[1] 646
[1] 192  85
[1] 647
[1] 192  33
[1] 648
[1] 192  56
[1] 649
[1] 192  67
[1] 650
[1] 192  32
[1] 651
[1] 192  38
[1] 652
[1] 192  27
[1] 653
[1] 192  22
[1] 654
[1] 192  51
[1] 655
[1] 192  34
[1] 656
[1] 192  30
[1] 657
[1] 192  70
[1] 658
[1] 192  40
[1] 659
[1] 192  94
[1] 660
[1] 192  52
[1] 661
[1] 192  82
[1] 662
[1] 192  34
[1] 663
[1] 192  40
[1] 664
[1] 192  26
[1] 665
[1] 192  63
[1] 666
[1] 192  34
[1] 667
[1] 192  56
[1] 668
[1] 192   8
[1] 669
[1] 192  28
[1] 670
[1] 192  57
[1] 671
[1] 192  60
[1] 672
[1] 192  25
[1] 673
[1] 192  51
[1] 674
[1] 192  25
[1] 675
[1] 192  39
[1] 676
[1] 192  62
[1] 677
[1] 192  37
[1] 678
[1] 192  45
[1] 679
[1] 192  90
[1] 680
[1] 192  58
[1] 681
[1] 192   6
[1] 682
[1] 192  19
[1] 683
[1] 192  19
[1] 684
[1] 192 103
[1] 685
[1] 192  20
[1] 686
[1] 192  18
[1] 687
[1] 192  16
[1] 688
[1] 192  26
[1] 689
[1] 192  22
[1] 690
[1] 192  87
[1] 691
[1] 192  28
[1] 692
[1] 192  78
[1] 693
[1] 192  53
[1] 694
[1] 192  61
[1] 695
[1] 192  91
[1] 696
[1] 192  18
[1] 697
[1] 192  86
[1] 698
[1] 192  46
[1] 699
[1] 192  47
[1] 700
[1] 192  41
