[1] 3501
[1] 192  33
[1] 3502
[1] 192  34
[1] 3503
[1] 192  83
[1] 3504
[1] 192  24
[1] 3505
[1] 192  57
[1] 3506
[1] 192  46
[1] 3507
[1] 192  44
[1] 3508
[1] 192  60
[1] 3509
[1] 192  44
[1] 3510
[1] 192  52
[1] 3511
[1] 192  73
[1] 3512
[1] 192  54
[1] 3513
[1] 192  45
[1] 3514
[1] 192  42
[1] 3515
[1] 192  71
[1] 3516
[1] 192  53
[1] 3517
[1] 192  62
[1] 3518
[1] 192  25
[1] 3519
[1] 192  28
[1] 3520
[1] 192  13
[1] 3521
[1] 192  14
[1] 3522
[1] 192  43
[1] 3523
[1] 192  28
[1] 3524
[1] 192  57
[1] 3525
[1] 192 105
[1] 3526
[1] 192  54
[1] 3527
[1] 192  13
[1] 3528
[1] 192  41
[1] 3529
[1] 192  29
[1] 3530
[1] 192  45
[1] 3531
[1] 192  76
[1] 3532
[1] 192  11
[1] 3533
[1] 192  66
[1] 3534
[1] 192 124
[1] 3535
[1] 192  75
[1] 3536
[1] 192  37
[1] 3537
[1] 192  57
[1] 3538
[1] 192  56
[1] 3539
[1] 192  60
[1] 3540
[1] 192  26
[1] 3541
[1] 192  31
[1] 3542
[1] 192  62
[1] 3543
[1] 192  32
[1] 3544
[1] 192  53
[1] 3545
[1] 192  74
[1] 3546
[1] 192  44
[1] 3547
[1] 192  39
[1] 3548
[1] 192  93
[1] 3549
[1] 192  64
[1] 3550
[1] 192  28
[1] 3551
[1] 192  36
[1] 3552
[1] 192  38
[1] 3553
[1] 192  30
[1] 3554
[1] 192  26
[1] 3555
[1] 192  30
[1] 3556
[1] 192  58
[1] 3557
[1] 192  19
[1] 3558
[1] 192  35
[1] 3559
[1] 192  60
[1] 3560
[1] 192  20
[1] 3561
[1] 192  39
[1] 3562
[1] 192  27
[1] 3563
[1] 192  35
[1] 3564
[1] 192  28
[1] 3565
[1] 192  94
[1] 3566
[1] 192  57
[1] 3567
[1] 192  51
[1] 3568
[1] 192  96
[1] 3569
[1] 192  32
[1] 3570
[1] 192  53
[1] 3571
[1] 192  65
[1] 3572
[1] 192  54
[1] 3573
[1] 192  58
[1] 3574
[1] 192  44
[1] 3575
[1] 192  78
[1] 3576
[1] 192  80
[1] 3577
[1] 192  46
[1] 3578
[1] 192  55
[1] 3579
[1] 192  50
[1] 3580
[1] 192  44
[1] 3581
[1] 192  61
[1] 3582
[1] 192  35
[1] 3583
[1] 192  76
[1] 3584
[1] 192  33
[1] 3585
[1] 192  46
[1] 3586
[1] 192  38
[1] 3587
[1] 192  54
[1] 3588
[1] 192  50
[1] 3589
[1] 192  46
[1] 3590
[1] 192  56
[1] 3591
[1] 192  13
[1] 3592
[1] 192  10
[1] 3593
[1] 192  56
[1] 3594
[1] 192  50
[1] 3595
[1] 192  42
[1] 3596
[1] 192  71
[1] 3597
[1] 192  64
[1] 3598
[1] 192  39
[1] 3599
[1] 192  65
[1] 3600
[1] 192  64
