[1] 8701
[1] 192  29
[1] 8702
[1] 192  67
[1] 8703
[1] 192  34
[1] 8704
[1] 192  73
[1] 8705
[1] 192  63
[1] 8706
[1] 192  65
[1] 8707
[1] 192  31
[1] 8708
[1] 192  36
[1] 8709
[1] 192  64
[1] 8710
[1] 192  21
[1] 8711
[1] 192  55
[1] 8712
[1] 192  52
[1] 8713
[1] 192  32
[1] 8714
[1] 192  24
[1] 8715
[1] 192  46
[1] 8716
[1] 192  32
[1] 8717
[1] 192  53
[1] 8718
[1] 192  21
[1] 8719
[1] 192  97
[1] 8720
[1] 192  21
[1] 8721
[1] 192  20
[1] 8722
[1] 192  18
[1] 8723
[1] 192  73
[1] 8724
[1] 192 138
[1] 8725
[1] 192  48
[1] 8726
[1] 192  31
[1] 8727
[1] 192 317
[1] 8728
[1] 192  38
[1] 8729
[1] 192  28
[1] 8730
[1] 192  50
[1] 8731
[1] 192  30
[1] 8732
[1] 192  61
[1] 8733
[1] 192  59
[1] 8734
[1] 192  19
[1] 8735
[1] 192  13
[1] 8736
[1] 192  36
[1] 8737
[1] 192  88
[1] 8738
[1] 192  30
[1] 8739
[1] 192  82
[1] 8740
[1] 192  35
[1] 8741
[1] 192  62
[1] 8742
[1] 192  56
[1] 8743
[1] 192  35
[1] 8744
[1] 192  50
[1] 8745
[1] 192  45
[1] 8746
[1] 192   8
[1] 8747
[1] 192  55
[1] 8748
[1] 192  10
[1] 8749
[1] 192  49
[1] 8750
[1] 192  45
[1] 8751
[1] 192   9
[1] 8752
[1] 192  60
[1] 8753
[1] 192  33
[1] 8754
[1] 192  62
[1] 8755
[1] 192  11
[1] 8756
[1] 192  11
[1] 8757
[1] 192  47
[1] 8758
[1] 192  39
[1] 8759
[1] 192  12
[1] 8760
[1] 192  66
[1] 8761
[1] 192  12
[1] 8762
[1] 192  20
[1] 8763
[1] 192  51
[1] 8764
[1] 192  68
[1] 8765
[1] 192  61
[1] 8766
[1] 192  78
[1] 8767
[1] 192  17
[1] 8768
[1] 192  11
[1] 8769
[1] 192  51
[1] 8770
[1] 192  71
[1] 8771
[1] 192  73
[1] 8772
[1] 192  22
[1] 8773
[1] 192  28
[1] 8774
[1] 192  27
[1] 8775
[1] 192  69
[1] 8776
[1] 192  25
[1] 8777
[1] 192  51
[1] 8778
[1] 192  57
[1] 8779
[1] 192  80
[1] 8780
[1] 192  17
[1] 8781
[1] 192  62
[1] 8782
[1] 192  73
[1] 8783
[1] 192  71
[1] 8784
[1] 192  30
[1] 8785
[1] 192  25
[1] 8786
[1] 192  59
[1] 8787
[1] 192  60
[1] 8788
[1] 192  18
[1] 8789
[1] 192  60
[1] 8790
[1] 192  47
[1] 8791
[1] 192  69
[1] 8792
[1] 192  62
[1] 8793
[1] 192  37
[1] 8794
[1] 192  38
[1] 8795
[1] 192  52
[1] 8796
[1] 192  58
[1] 8797
[1] 192  55
[1] 8798
[1] 192  55
[1] 8799
[1] 192  57
[1] 8800
[1] 192  70
