[1] 10001
[1] 192 379
[1] 10002
[1] 192  33
[1] 10003
[1] 192 269
[1] 10004
[1] 192 235
[1] 10005
[1] 192  42
[1] 10006
[1] 192  44
[1] 10007
[1] 192  46
[1] 10008
[1] 192 187
[1] 10009
[1] 192  74
[1] 10010
[1] 192 176
[1] 10011
[1] 192 173
[1] 10012
[1] 192 167
[1] 10013
[1] 192  27
[1] 10014
[1] 192 175
[1] 10015
[1] 192  51
[1] 10016
[1] 192 173
[1] 10017
[1] 192 168
[1] 10018
[1] 192 175
[1] 10019
[1] 192  48
[1] 10020
[1] 192 252
[1] 10021
[1] 192 246
[1] 10022
[1] 192 255
[1] 10023
[1] 192  57
[1] 10024
[1] 192  51
[1] 10025
[1] 192 436
[1] 10026
[1] 192 425
[1] 10027
[1] 192 418
[1] 10028
[1] 192 197
[1] 10029
[1] 192 193
[1] 10030
[1] 192 211
[1] 10031
[1] 192 214
[1] 10032
[1] 192 203
[1] 10033
[1] 192 190
[1] 10034
[1] 192  70
[1] 10035
[1] 192  71
[1] 10036
[1] 192 274
[1] 10037
[1] 192  31
[1] 10038
[1] 192  96
[1] 10039
[1] 192  41
[1] 10040
[1] 192 303
[1] 10041
[1] 192  22
[1] 10042
[1] 192  49
[1] 10043
[1] 192  27
[1] 10044
[1] 192  66
[1] 10045
[1] 192   1
[1] 10046
[1] 192  18
[1] 10047
[1] 192  29
[1] 10048
[1] 192  23
[1] 10049
[1] 192  24
[1] 10050
[1] 192  14
[1] 10051
[1] 192  36
[1] 10052
[1] 192  64
[1] 10053
[1] 192  46
[1] 10054
[1] 192  34
[1] 10055
[1] 192  56
[1] 10056
[1] 192  23
[1] 10057
[1] 192  50
[1] 10058
[1] 192  58
[1] 10059
[1] 192  31
[1] 10060
[1] 192  36
[1] 10061
[1] 192  65
[1] 10062
[1] 192  59
[1] 10063
[1] 192  53
[1] 10064
[1] 192  97
[1] 10065
[1] 192  34
[1] 10066
[1] 192  41
[1] 10067
[1] 192  59
[1] 10068
[1] 192  37
[1] 10069
[1] 192  40
[1] 10070
[1] 192  50
[1] 10071
[1] 192  18
[1] 10072
[1] 192  56
[1] 10073
[1] 192  13
[1] 10074
[1] 192  20
[1] 10075
[1] 192  25
[1] 10076
[1] 192  14
[1] 10077
[1] 192  32
[1] 10078
[1] 192  68
[1] 10079
[1] 192  39
[1] 10080
[1] 192  43
[1] 10081
[1] 192  33
[1] 10082
[1] 192  41
[1] 10083
[1] 192  28
[1] 10084
[1] 192  44
[1] 10085
[1] 192  57
[1] 10086
[1] 192  39
[1] 10087
[1] 192  59
[1] 10088
[1] 192  92
[1] 10089
[1] 192  64
[1] 10090
[1] 192  64
[1] 10091
[1] 192   0
[1] 10092
[1] 192   0
[1] 10093
[1] 192  58
[1] 10094
[1] 192  22
[1] 10095
[1] 192  45
[1] 10096
[1] 192  69
[1] 10097
[1] 192  47
[1] 10098
[1] 192  64
[1] 10099
[1] 192  60
[1] 10100
[1] 192  62
