[1] 4401
[1] 192  39
[1] 4402
[1] 192  36
[1] 4403
[1] 192  40
[1] 4404
[1] 192  39
[1] 4405
[1] 192  40
[1] 4406
[1] 192  92
[1] 4407
[1] 192  58
[1] 4408
[1] 192  42
[1] 4409
[1] 192  44
[1] 4410
[1] 192  37
[1] 4411
[1] 192  44
[1] 4412
[1] 192  35
[1] 4413
[1] 192 104
[1] 4414
[1] 192  75
[1] 4415
[1] 192  37
[1] 4416
[1] 192  33
[1] 4417
[1] 192  36
[1] 4418
[1] 192  40
[1] 4419
[1] 192  40
[1] 4420
[1] 192  36
[1] 4421
[1] 192  45
[1] 4422
[1] 192  67
[1] 4423
[1] 192  54
[1] 4424
[1] 192  60
[1] 4425
[1] 192  60
[1] 4426
[1] 192  64
[1] 4427
[1] 192  55
[1] 4428
[1] 192  43
[1] 4429
[1] 192  43
[1] 4430
[1] 192  46
[1] 4431
[1] 192  58
[1] 4432
[1] 192  37
[1] 4433
[1] 192  54
[1] 4434
[1] 192  58
[1] 4435
[1] 192  61
[1] 4436
[1] 192 107
[1] 4437
[1] 192  43
[1] 4438
[1] 192  52
[1] 4439
[1] 192  55
[1] 4440
[1] 192  74
[1] 4441
[1] 192  24
[1] 4442
[1] 192  47
[1] 4443
[1] 192  84
[1] 4444
[1] 192  51
[1] 4445
[1] 192  46
[1] 4446
[1] 192  90
[1] 4447
[1] 192  55
[1] 4448
[1] 192  49
[1] 4449
[1] 192  29
[1] 4450
[1] 192  30
[1] 4451
[1] 192  61
[1] 4452
[1] 192  37
[1] 4453
[1] 192  50
[1] 4454
[1] 192  37
[1] 4455
[1] 192  67
[1] 4456
[1] 192  70
[1] 4457
[1] 192  76
[1] 4458
[1] 192  38
[1] 4459
[1] 192  46
[1] 4460
[1] 192  45
[1] 4461
[1] 192  39
[1] 4462
[1] 192  87
[1] 4463
[1] 192  30
[1] 4464
[1] 192  65
[1] 4465
[1] 192  17
[1] 4466
[1] 192  70
[1] 4467
[1] 192  86
[1] 4468
[1] 192  66
[1] 4469
[1] 192  75
[1] 4470
[1] 192  81
[1] 4471
[1] 192  69
[1] 4472
[1] 192  49
[1] 4473
[1] 192  17
[1] 4474
[1] 192  51
[1] 4475
[1] 192  66
[1] 4476
[1] 192  41
[1] 4477
[1] 192  96
[1] 4478
[1] 192  20
[1] 4479
[1] 192  34
[1] 4480
[1] 192  34
[1] 4481
[1] 192  65
[1] 4482
[1] 192  21
[1] 4483
[1] 192  52
[1] 4484
[1] 192  53
[1] 4485
[1] 192  63
[1] 4486
[1] 192  40
[1] 4487
[1] 192  10
[1] 4488
[1] 192  24
[1] 4489
[1] 192  16
[1] 4490
[1] 192  67
[1] 4491
[1] 192  43
[1] 4492
[1] 192  48
[1] 4493
[1] 192  48
[1] 4494
[1] 192  40
[1] 4495
[1] 192  48
[1] 4496
[1] 192  39
[1] 4497
[1] 192  27
[1] 4498
[1] 192  46
[1] 4499
[1] 192  70
[1] 4500
[1] 192  66
