[1] 1101
[1] 192  51
[1] 1102
[1] 192  18
[1] 1103
[1] 192  15
[1] 1104
[1] 192  17
[1] 1105
[1] 192  15
[1] 1106
[1] 192  65
[1] 1107
[1] 192  31
[1] 1108
[1] 192  57
[1] 1109
[1] 192  69
[1] 1110
[1] 192  36
[1] 1111
[1] 192  42
[1] 1112
[1] 192  36
[1] 1113
[1] 192  44
[1] 1114
[1] 192  46
[1] 1115
[1] 192  46
[1] 1116
[1] 192  47
[1] 1117
[1] 192  24
[1] 1118
[1] 192  48
[1] 1119
[1] 192  26
[1] 1120
[1] 192  99
[1] 1121
[1] 192  60
[1] 1122
[1] 192  69
[1] 1123
[1] 192  44
[1] 1124
[1] 192  39
[1] 1125
[1] 192  25
[1] 1126
[1] 192  32
[1] 1127
[1] 192  72
[1] 1128
[1] 192  66
[1] 1129
[1] 192  48
[1] 1130
[1] 192  23
[1] 1131
[1] 192  75
[1] 1132
[1] 192  56
[1] 1133
[1] 192  69
[1] 1134
[1] 192  81
[1] 1135
[1] 192  55
[1] 1136
[1] 192  58
[1] 1137
[1] 192  64
[1] 1138
[1] 192  57
[1] 1139
[1] 192  69
[1] 1140
[1] 192  36
[1] 1141
[1] 192  30
[1] 1142
[1] 192  35
[1] 1143
[1] 192  30
[1] 1144
[1] 192  84
[1] 1145
[1] 192  29
[1] 1146
[1] 192  36
[1] 1147
[1] 192  75
[1] 1148
[1] 192  63
[1] 1149
[1] 192  55
[1] 1150
[1] 192  33
[1] 1151
[1] 192  41
[1] 1152
[1] 192  40
[1] 1153
[1] 192  50
[1] 1154
[1] 192  46
[1] 1155
[1] 192  69
[1] 1156
[1] 192  32
[1] 1157
[1] 192  38
[1] 1158
[1] 192  74
[1] 1159
[1] 192  63
[1] 1160
[1] 192  58
[1] 1161
[1] 192  61
[1] 1162
[1] 192  69
[1] 1163
[1] 192  57
[1] 1164
[1] 192  37
[1] 1165
[1] 192  55
[1] 1166
[1] 192  28
[1] 1167
[1] 192  59
[1] 1168
[1] 192  35
[1] 1169
[1] 192  42
[1] 1170
[1] 192  37
[1] 1171
[1] 192  67
[1] 1172
[1] 192  42
[1] 1173
[1] 192  53
[1] 1174
[1] 192  49
[1] 1175
[1] 192  26
[1] 1176
[1] 192  26
[1] 1177
[1] 192  29
[1] 1178
[1] 192  73
[1] 1179
[1] 192  58
[1] 1180
[1] 192  13
[1] 1181
[1] 192  59
[1] 1182
[1] 192  16
[1] 1183
[1] 192 102
[1] 1184
[1] 192  79
[1] 1185
[1] 192  31
[1] 1186
[1] 192  69
[1] 1187
[1] 192  90
[1] 1188
[1] 192  70
[1] 1189
[1] 192  74
[1] 1190
[1] 192  84
[1] 1191
[1] 192  65
[1] 1192
[1] 192  75
[1] 1193
[1] 192  37
[1] 1194
[1] 192  38
[1] 1195
[1] 192  42
[1] 1196
[1] 192  81
[1] 1197
[1] 192  13
[1] 1198
[1] 192  18
[1] 1199
[1] 192  52
[1] 1200
[1] 192  49
