[1] 6901
[1] 192  53
[1] 6902
[1] 192  64
[1] 6903
[1] 192  52
[1] 6904
[1] 192  57
[1] 6905
[1] 192  19
[1] 6906
[1] 192  61
[1] 6907
[1] 192  58
[1] 6908
[1] 192  29
[1] 6909
[1] 192  44
[1] 6910
[1] 192  41
[1] 6911
[1] 192  63
[1] 6912
[1] 192  57
[1] 6913
[1] 192  84
[1] 6914
[1] 192  31
[1] 6915
[1] 192  38
[1] 6916
[1] 192  47
[1] 6917
[1] 192  50
[1] 6918
[1] 192  22
[1] 6919
[1] 192  25
[1] 6920
[1] 192  25
[1] 6921
[1] 192  42
[1] 6922
[1] 192  43
[1] 6923
[1] 192  55
[1] 6924
[1] 192  61
[1] 6925
[1] 192  31
[1] 6926
[1] 192  44
[1] 6927
[1] 192  60
[1] 6928
[1] 192  79
[1] 6929
[1] 192  47
[1] 6930
[1] 192  56
[1] 6931
[1] 192  59
[1] 6932
[1] 192  42
[1] 6933
[1] 192  70
[1] 6934
[1] 192  70
[1] 6935
[1] 192  48
[1] 6936
[1] 192  38
[1] 6937
[1] 192  36
[1] 6938
[1] 192  54
[1] 6939
[1] 192  43
[1] 6940
[1] 192  73
[1] 6941
[1] 192  40
[1] 6942
[1] 192  40
[1] 6943
[1] 192  49
[1] 6944
[1] 192  21
[1] 6945
[1] 192  55
[1] 6946
[1] 192  70
[1] 6947
[1] 192  68
[1] 6948
[1] 192  48
[1] 6949
[1] 192  43
[1] 6950
[1] 192  33
[1] 6951
[1] 192  42
[1] 6952
[1] 192  40
[1] 6953
[1] 192  49
[1] 6954
[1] 192  66
[1] 6955
[1] 192  51
[1] 6956
[1] 192  86
[1] 6957
[1] 192  54
[1] 6958
[1] 192  41
[1] 6959
[1] 192  38
[1] 6960
[1] 192  38
[1] 6961
[1] 192  46
[1] 6962
[1] 192  42
[1] 6963
[1] 192  50
[1] 6964
[1] 192  58
[1] 6965
[1] 192  51
[1] 6966
[1] 192  53
[1] 6967
[1] 192  44
[1] 6968
[1] 192  90
[1] 6969
[1] 192 104
[1] 6970
[1] 192  37
[1] 6971
[1] 192  39
[1] 6972
[1] 192  41
[1] 6973
[1] 192  48
[1] 6974
[1] 192  56
[1] 6975
[1] 192  35
[1] 6976
[1] 192  25
[1] 6977
[1] 192  23
[1] 6978
[1] 192  42
[1] 6979
[1] 192  46
[1] 6980
[1] 192  57
[1] 6981
[1] 192  54
[1] 6982
[1] 192  56
[1] 6983
[1] 192  58
[1] 6984
[1] 192  67
[1] 6985
[1] 192  76
[1] 6986
[1] 192  36
[1] 6987
[1] 192  26
[1] 6988
[1] 192  31
[1] 6989
[1] 192  26
[1] 6990
[1] 192  37
[1] 6991
[1] 192  69
[1] 6992
[1] 192  47
[1] 6993
[1] 192  63
[1] 6994
[1] 192  53
[1] 6995
[1] 192  71
[1] 6996
[1] 192  15
[1] 6997
[1] 192  62
[1] 6998
[1] 192  52
[1] 6999
[1] 192  27
[1] 7000
[1] 192  43
