[1] 10201
[1] 192  42
[1] 10202
[1] 192  81
[1] 10203
[1] 192  16
[1] 10204
[1] 192  32
[1] 10205
[1] 192  55
[1] 10206
[1] 192  62
[1] 10207
[1] 192  31
[1] 10208
[1] 192  41
[1] 10209
[1] 192  67
[1] 10210
[1] 192  47
[1] 10211
[1] 192  75
[1] 10212
[1] 192  34
[1] 10213
[1] 192  32
[1] 10214
[1] 192  58
[1] 10215
[1] 192  47
[1] 10216
[1] 192  94
[1] 10217
[1] 192  25
[1] 10218
[1] 192  45
[1] 10219
[1] 192  52
[1] 10220
[1] 192  42
[1] 10221
[1] 192  42
[1] 10222
[1] 192  49
[1] 10223
[1] 192  27
[1] 10224
[1] 192  20
[1] 10225
[1] 192  46
[1] 10226
[1] 192  23
[1] 10227
[1] 192  16
[1] 10228
[1] 192  31
[1] 10229
[1] 192  23
[1] 10230
[1] 192  80
[1] 10231
[1] 192  51
[1] 10232
[1] 192  60
[1] 10233
[1] 192   0
[1] 10234
[1] 192  42
[1] 10235
[1] 192  39
[1] 10236
[1] 192  67
[1] 10237
[1] 192  69
[1] 10238
[1] 192  60
[1] 10239
[1] 192  48
[1] 10240
[1] 192  64
[1] 10241
[1] 192  51
[1] 10242
[1] 192  66
[1] 10243
[1] 192  42
[1] 10244
[1] 192  20
[1] 10245
[1] 192  49
[1] 10246
[1] 192  31
[1] 10247
[1] 192  27
[1] 10248
[1] 192  59
[1] 10249
[1] 192  47
[1] 10250
[1] 192  76
[1] 10251
[1] 192  18
[1] 10252
[1] 192  32
[1] 10253
[1] 192  43
[1] 10254
[1] 192 137
[1] 10255
[1] 192  40
[1] 10256
[1] 192  54
[1] 10257
[1] 192 178
[1] 10258
[1] 192  15
[1] 10259
[1] 192 118
[1] 10260
[1] 192  33
[1] 10261
[1] 192  65
[1] 10262
[1] 192  37
[1] 10263
[1] 192  28
[1] 10264
[1] 192  34
[1] 10265
[1] 192  20
[1] 10266
[1] 192  56
[1] 10267
[1] 192  67
[1] 10268
[1] 192  13
[1] 10269
[1] 192  66
[1] 10270
[1] 192  57
[1] 10271
[1] 192  66
[1] 10272
[1] 192  45
[1] 10273
[1] 192  44
[1] 10274
[1] 192  76
[1] 10275
[1] 192  72
[1] 10276
[1] 192  43
[1] 10277
[1] 192  77
[1] 10278
[1] 192  33
[1] 10279
[1] 192  45
[1] 10280
[1] 192  51
[1] 10281
[1] 192  16
[1] 10282
[1] 192   8
[1] 10283
[1] 192  34
[1] 10284
[1] 192  23
[1] 10285
[1] 192  39
[1] 10286
[1] 192  34
[1] 10287
[1] 192  48
[1] 10288
[1] 192  54
[1] 10289
[1] 192   9
[1] 10290
[1] 192  34
[1] 10291
[1] 192  43
[1] 10292
[1] 192  20
[1] 10293
[1] 192  72
[1] 10294
[1] 192  45
[1] 10295
[1] 192  61
[1] 10296
[1] 192  33
[1] 10297
[1] 192  27
[1] 10298
[1] 192  67
[1] 10299
[1] 192  15
[1] 10300
[1] 192  29
