[1] 4001
[1] 192  46
[1] 4002
[1] 192 132
[1] 4003
[1] 192  94
[1] 4004
[1] 192  60
[1] 4005
[1] 192  67
[1] 4006
[1] 192  63
[1] 4007
[1] 192  27
[1] 4008
[1] 192 108
[1] 4009
[1] 192  35
[1] 4010
[1] 192  49
[1] 4011
[1] 192  47
[1] 4012
[1] 192  96
[1] 4013
[1] 192  14
[1] 4014
[1] 192  57
[1] 4015
[1] 192  71
[1] 4016
[1] 192 118
[1] 4017
[1] 192  63
[1] 4018
[1] 192  63
[1] 4019
[1] 192  47
[1] 4020
[1] 192  11
[1] 4021
[1] 192  95
[1] 4022
[1] 192  53
[1] 4023
[1] 192  15
[1] 4024
[1] 192  37
[1] 4025
[1] 192  63
[1] 4026
[1] 192  67
[1] 4027
[1] 192  62
[1] 4028
[1] 192  46
[1] 4029
[1] 192  56
[1] 4030
[1] 192  29
[1] 4031
[1] 192  61
[1] 4032
[1] 192  91
[1] 4033
[1] 192  42
[1] 4034
[1] 192  56
[1] 4035
[1] 192  50
[1] 4036
[1] 192  85
[1] 4037
[1] 192  49
[1] 4038
[1] 192  98
[1] 4039
[1] 192  63
[1] 4040
[1] 192  43
[1] 4041
[1] 192  55
[1] 4042
[1] 192  42
[1] 4043
[1] 192  50
[1] 4044
[1] 192  42
[1] 4045
[1] 192  43
[1] 4046
[1] 192  59
[1] 4047
[1] 192  69
[1] 4048
[1] 192  54
[1] 4049
[1] 192  49
[1] 4050
[1] 192  51
[1] 4051
[1] 192  48
[1] 4052
[1] 192  48
[1] 4053
[1] 192  52
[1] 4054
[1] 192  38
[1] 4055
[1] 192  61
[1] 4056
[1] 192  55
[1] 4057
[1] 192  82
[1] 4058
[1] 192  73
[1] 4059
[1] 192  69
[1] 4060
[1] 192  74
[1] 4061
[1] 192  13
[1] 4062
[1] 192  75
[1] 4063
[1] 192  65
[1] 4064
[1] 192  75
[1] 4065
[1] 192  75
[1] 4066
[1] 192  68
[1] 4067
[1] 192  76
[1] 4068
[1] 192  71
[1] 4069
[1] 192  71
[1] 4070
[1] 192  83
[1] 4071
[1] 192  79
[1] 4072
[1] 192  52
[1] 4073
[1] 192  63
[1] 4074
[1] 192  70
[1] 4075
[1] 192  41
[1] 4076
[1] 192  79
[1] 4077
[1] 192  98
[1] 4078
[1] 192  18
[1] 4079
[1] 192  61
[1] 4080
[1] 192  58
[1] 4081
[1] 192  74
[1] 4082
[1] 192  84
[1] 4083
[1] 192  59
[1] 4084
[1] 192  60
[1] 4085
[1] 192  63
[1] 4086
[1] 192  66
[1] 4087
[1] 192  67
[1] 4088
[1] 192  56
[1] 4089
[1] 192  70
[1] 4090
[1] 192  44
[1] 4091
[1] 192  95
[1] 4092
[1] 192  60
[1] 4093
[1] 192  50
[1] 4094
[1] 192  45
[1] 4095
[1] 192 105
[1] 4096
[1] 192  59
[1] 4097
[1] 192  58
[1] 4098
[1] 192  56
[1] 4099
[1] 192  13
[1] 4100
[1] 192  65
