[1] 3401
[1] 192  36
[1] 3402
[1] 192  39
[1] 3403
[1] 192  40
[1] 3404
[1] 192  32
[1] 3405
[1] 192  53
[1] 3406
[1] 192   8
[1] 3407
[1] 192  65
[1] 3408
[1] 192  43
[1] 3409
[1] 192  47
[1] 3410
[1] 192  48
[1] 3411
[1] 192  45
[1] 3412
[1] 192  36
[1] 3413
[1] 192  29
[1] 3414
[1] 192  34
[1] 3415
[1] 192  22
[1] 3416
[1] 192  70
[1] 3417
[1] 192  60
[1] 3418
[1] 192  49
[1] 3419
[1] 192 140
[1] 3420
[1] 192  41
[1] 3421
[1] 192  72
[1] 3422
[1] 192  45
[1] 3423
[1] 192  37
[1] 3424
[1] 192  68
[1] 3425
[1] 192  30
[1] 3426
[1] 192  65
[1] 3427
[1] 192  58
[1] 3428
[1] 192  61
[1] 3429
[1] 192  50
[1] 3430
[1] 192  32
[1] 3431
[1] 192  32
[1] 3432
[1] 192  46
[1] 3433
[1] 192  43
[1] 3434
[1] 192  56
[1] 3435
[1] 192  41
[1] 3436
[1] 192  22
[1] 3437
[1] 192  49
[1] 3438
[1] 192  38
[1] 3439
[1] 192  35
[1] 3440
[1] 192  33
[1] 3441
[1] 192  75
[1] 3442
[1] 192  26
[1] 3443
[1] 192  58
[1] 3444
[1] 192  39
[1] 3445
[1] 192  45
[1] 3446
[1] 192  45
[1] 3447
[1] 192  19
[1] 3448
[1] 192  14
[1] 3449
[1] 192  23
[1] 3450
[1] 192  20
[1] 3451
[1] 192  35
[1] 3452
[1] 192  57
[1] 3453
[1] 192  50
[1] 3454
[1] 192  21
[1] 3455
[1] 192 128
[1] 3456
[1] 192  57
[1] 3457
[1] 192  47
[1] 3458
[1] 192  46
[1] 3459
[1] 192  46
[1] 3460
[1] 192  42
[1] 3461
[1] 192  39
[1] 3462
[1] 192  34
[1] 3463
[1] 192  41
[1] 3464
[1] 192  54
[1] 3465
[1] 192  55
[1] 3466
[1] 192  54
[1] 3467
[1] 192  74
[1] 3468
[1] 192  34
[1] 3469
[1] 192  68
[1] 3470
[1] 192  69
[1] 3471
[1] 192  35
[1] 3472
[1] 192  42
[1] 3473
[1] 192  65
[1] 3474
[1] 192  56
[1] 3475
[1] 192  54
[1] 3476
[1] 192  62
[1] 3477
[1] 192  26
[1] 3478
[1] 192  57
[1] 3479
[1] 192  56
[1] 3480
[1] 192  54
[1] 3481
[1] 192  29
[1] 3482
[1] 192  56
[1] 3483
[1] 192  27
[1] 3484
[1] 192  50
[1] 3485
[1] 192  53
[1] 3486
[1] 192  30
[1] 3487
[1] 192  16
[1] 3488
[1] 192  51
[1] 3489
[1] 192  77
[1] 3490
[1] 192  26
[1] 3491
[1] 192  31
[1] 3492
[1] 192  60
[1] 3493
[1] 192  80
[1] 3494
[1] 192  35
[1] 3495
[1] 192  55
[1] 3496
[1] 192  36
[1] 3497
[1] 192  35
[1] 3498
[1] 192  65
[1] 3499
[1] 192  77
[1] 3500
[1] 192  60
