[1] 5001
[1] 192  64
[1] 5002
[1] 192  58
[1] 5003
[1] 192  33
[1] 5004
[1] 192  52
[1] 5005
[1] 192 105
[1] 5006
[1] 192  51
[1] 5007
[1] 192  49
[1] 5008
[1] 192  22
[1] 5009
[1] 192  42
[1] 5010
[1] 192  47
[1] 5011
[1] 192  70
[1] 5012
[1] 192  49
[1] 5013
[1] 192  46
[1] 5014
[1] 192  32
[1] 5015
[1] 192  39
[1] 5016
[1] 192  47
[1] 5017
[1] 192  50
[1] 5018
[1] 192  58
[1] 5019
[1] 192  73
[1] 5020
[1] 192  81
[1] 5021
[1] 192  75
[1] 5022
[1] 192  41
[1] 5023
[1] 192  33
[1] 5024
[1] 192  92
[1] 5025
[1] 192  67
[1] 5026
[1] 192  32
[1] 5027
[1] 192  40
[1] 5028
[1] 192  54
[1] 5029
[1] 192  85
[1] 5030
[1] 192  17
[1] 5031
[1] 192  41
[1] 5032
[1] 192  86
[1] 5033
[1] 192  39
[1] 5034
[1] 192  30
[1] 5035
[1] 192  57
[1] 5036
[1] 192  41
[1] 5037
[1] 192  78
[1] 5038
[1] 192  40
[1] 5039
[1] 192  73
[1] 5040
[1] 192  53
[1] 5041
[1] 192  40
[1] 5042
[1] 192  44
[1] 5043
[1] 192  45
[1] 5044
[1] 192  39
[1] 5045
[1] 192  61
[1] 5046
[1] 192  44
[1] 5047
[1] 192  31
[1] 5048
[1] 192  52
[1] 5049
[1] 192  62
[1] 5050
[1] 192  38
[1] 5051
[1] 192  52
[1] 5052
[1] 192  34
[1] 5053
[1] 192  39
[1] 5054
[1] 192  25
[1] 5055
[1] 192  28
[1] 5056
[1] 192  86
[1] 5057
[1] 192  52
[1] 5058
[1] 192  43
[1] 5059
[1] 192 117
[1] 5060
[1] 192  95
[1] 5061
[1] 192  59
[1] 5062
[1] 192  40
[1] 5063
[1] 192  40
[1] 5064
[1] 192  54
[1] 5065
[1] 192  34
[1] 5066
[1] 192  26
[1] 5067
[1] 192  30
[1] 5068
[1] 192  55
[1] 5069
[1] 192  68
[1] 5070
[1] 192  56
[1] 5071
[1] 192  68
[1] 5072
[1] 192  19
[1] 5073
[1] 192  30
[1] 5074
[1] 192  30
[1] 5075
[1] 192  27
[1] 5076
[1] 192  61
[1] 5077
[1] 192  51
[1] 5078
[1] 192  38
[1] 5079
[1] 192  46
[1] 5080
[1] 192  35
[1] 5081
[1] 192  28
[1] 5082
[1] 192  29
[1] 5083
[1] 192  21
[1] 5084
[1] 192  41
[1] 5085
[1] 192  31
[1] 5086
[1] 192  36
[1] 5087
[1] 192  27
[1] 5088
[1] 192  19
[1] 5089
[1] 192  59
[1] 5090
[1] 192  28
[1] 5091
[1] 192  26
[1] 5092
[1] 192  42
[1] 5093
[1] 192  28
[1] 5094
[1] 192  24
[1] 5095
[1] 192  42
[1] 5096
[1] 192  27
[1] 5097
[1] 192  65
[1] 5098
[1] 192  43
[1] 5099
[1] 192  57
[1] 5100
[1] 192  70
