[1] 7601
[1] 192  57
[1] 7602
[1] 192  50
[1] 7603
[1] 192  48
[1] 7604
[1] 192  55
[1] 7605
[1] 192  57
[1] 7606
[1] 192  44
[1] 7607
[1] 192  53
[1] 7608
[1] 192  45
[1] 7609
[1] 192  43
[1] 7610
[1] 192  37
[1] 7611
[1] 192  36
[1] 7612
[1] 192  42
[1] 7613
[1] 192  14
[1] 7614
[1] 192  19
[1] 7615
[1] 192  39
[1] 7616
[1] 192  27
[1] 7617
[1] 192  77
[1] 7618
[1] 192  21
[1] 7619
[1] 192  28
[1] 7620
[1] 192  35
[1] 7621
[1] 192  27
[1] 7622
[1] 192  40
[1] 7623
[1] 192  40
[1] 7624
[1] 192  47
[1] 7625
[1] 192  57
[1] 7626
[1] 192 103
[1] 7627
[1] 192  62
[1] 7628
[1] 192  43
[1] 7629
[1] 192  38
[1] 7630
[1] 192  39
[1] 7631
[1] 192  39
[1] 7632
[1] 192  62
[1] 7633
[1] 192  83
[1] 7634
[1] 192  35
[1] 7635
[1] 192  41
[1] 7636
[1] 192  49
[1] 7637
[1] 192  40
[1] 7638
[1] 192  26
[1] 7639
[1] 192  59
[1] 7640
[1] 192  42
[1] 7641
[1] 192  40
[1] 7642
[1] 192  35
[1] 7643
[1] 192  47
[1] 7644
[1] 192  15
[1] 7645
[1] 192  35
[1] 7646
[1] 192  19
[1] 7647
[1] 192  73
[1] 7648
[1] 192  42
[1] 7649
[1] 192  56
[1] 7650
[1] 192  52
[1] 7651
[1] 192  20
[1] 7652
[1] 192  41
[1] 7653
[1] 192  62
[1] 7654
[1] 192  23
[1] 7655
[1] 192  35
[1] 7656
[1] 192  43
[1] 7657
[1] 192  63
[1] 7658
[1] 192  23
[1] 7659
[1] 192  31
[1] 7660
[1] 192  57
[1] 7661
[1] 192  74
[1] 7662
[1] 192  35
[1] 7663
[1] 192  15
[1] 7664
[1] 192  41
[1] 7665
[1] 192  56
[1] 7666
[1] 192  66
[1] 7667
[1] 192  58
[1] 7668
[1] 192  40
[1] 7669
[1] 192  50
[1] 7670
[1] 192  23
[1] 7671
[1] 192  64
[1] 7672
[1] 192  35
[1] 7673
[1] 192  57
[1] 7674
[1] 192  40
[1] 7675
[1] 192  38
[1] 7676
[1] 192  35
[1] 7677
[1] 192  36
[1] 7678
[1] 192  37
[1] 7679
[1] 192  54
[1] 7680
[1] 192  57
[1] 7681
[1] 192  33
[1] 7682
[1] 192  58
[1] 7683
[1] 192  50
[1] 7684
[1] 192  97
[1] 7685
[1] 192  37
[1] 7686
[1] 192  41
[1] 7687
[1] 192  24
[1] 7688
[1] 192  37
[1] 7689
[1] 192  66
[1] 7690
[1] 192 116
[1] 7691
[1] 192  39
[1] 7692
[1] 192  51
[1] 7693
[1] 192   9
[1] 7694
[1] 192  49
[1] 7695
[1] 192  68
[1] 7696
[1] 192  72
[1] 7697
[1] 192  67
[1] 7698
[1] 192  58
[1] 7699
[1] 192  32
[1] 7700
[1] 192  27
