[1] 8901
[1] 192  65
[1] 8902
[1] 192   8
[1] 8903
[1] 192  59
[1] 8904
[1] 192  27
[1] 8905
[1] 192  86
[1] 8906
[1] 192  84
[1] 8907
[1] 192  41
[1] 8908
[1] 192  67
[1] 8909
[1] 192  16
[1] 8910
[1] 192  24
[1] 8911
[1] 192  59
[1] 8912
[1] 192  25
[1] 8913
[1] 192  72
[1] 8914
[1] 192  75
[1] 8915
[1] 192  42
[1] 8916
[1] 192  46
[1] 8917
[1] 192  38
[1] 8918
[1] 192  49
[1] 8919
[1] 192  38
[1] 8920
[1] 192  32
[1] 8921
[1] 192  50
[1] 8922
[1] 192  57
[1] 8923
[1] 192 103
[1] 8924
[1] 192  58
[1] 8925
[1] 192  35
[1] 8926
[1] 192  28
[1] 8927
[1] 192  57
[1] 8928
[1] 192  65
[1] 8929
[1] 192  48
[1] 8930
[1] 192  25
[1] 8931
[1] 192  65
[1] 8932
[1] 192  69
[1] 8933
[1] 192  25
[1] 8934
[1] 192 160
[1] 8935
[1] 192  23
[1] 8936
[1] 192  58
[1] 8937
[1] 192 186
[1] 8938
[1] 192  57
[1] 8939
[1] 192  56
[1] 8940
[1] 192  53
[1] 8941
[1] 192  33
[1] 8942
[1] 192  63
[1] 8943
[1] 192  20
[1] 8944
[1] 192   9
[1] 8945
[1] 192  13
[1] 8946
[1] 192  43
[1] 8947
[1] 192  68
[1] 8948
[1] 192  48
[1] 8949
[1] 192   8
[1] 8950
[1] 192  71
[1] 8951
[1] 192  19
[1] 8952
[1] 192  32
[1] 8953
[1] 192  43
[1] 8954
[1] 192  49
[1] 8955
[1] 192  70
[1] 8956
[1] 192  44
[1] 8957
[1] 192  45
[1] 8958
[1] 192 152
[1] 8959
[1] 192  39
[1] 8960
[1] 192  49
[1] 8961
[1] 192  13
[1] 8962
[1] 192  94
[1] 8963
[1] 192  71
[1] 8964
[1] 192  55
[1] 8965
[1] 192  32
[1] 8966
[1] 192  64
[1] 8967
[1] 192  63
[1] 8968
[1] 192  83
[1] 8969
[1] 192  64
[1] 8970
[1] 192  42
[1] 8971
[1] 192 151
[1] 8972
[1] 192   1
[1] 8973
[1] 192  65
[1] 8974
[1] 192  48
[1] 8975
[1] 192  29
[1] 8976
[1] 192 182
[1] 8977
[1] 192  82
[1] 8978
[1] 192  32
[1] 8979
[1] 192  61
[1] 8980
[1] 192  47
[1] 8981
[1] 192  47
[1] 8982
[1] 192  97
[1] 8983
[1] 192  40
[1] 8984
[1] 192  36
[1] 8985
[1] 192  65
[1] 8986
[1] 192  73
[1] 8987
[1] 192  38
[1] 8988
[1] 192  17
[1] 8989
[1] 192  45
[1] 8990
[1] 192  64
[1] 8991
[1] 192  36
[1] 8992
[1] 192  18
[1] 8993
[1] 192  52
[1] 8994
[1] 192  48
[1] 8995
[1] 192  38
[1] 8996
[1] 192  60
[1] 8997
[1] 192  86
[1] 8998
[1] 192  10
[1] 8999
[1] 192  48
[1] 9000
[1] 192  59
