[1] 6401
[1] 192  56
[1] 6402
[1] 192  46
[1] 6403
[1] 192  10
[1] 6404
[1] 192  21
[1] 6405
[1] 192  22
[1] 6406
[1] 192  58
[1] 6407
[1] 192  54
[1] 6408
[1] 192  65
[1] 6409
[1] 192  55
[1] 6410
[1] 192  59
[1] 6411
[1] 192  48
[1] 6412
[1] 192  75
[1] 6413
[1] 192  44
[1] 6414
[1] 192  59
[1] 6415
[1] 192  40
[1] 6416
[1] 192  62
[1] 6417
[1] 192  72
[1] 6418
[1] 192  88
[1] 6419
[1] 192  55
[1] 6420
[1] 192  59
[1] 6421
[1] 192  74
[1] 6422
[1] 192  30
[1] 6423
[1] 192  60
[1] 6424
[1] 192  94
[1] 6425
[1] 192  17
[1] 6426
[1] 192  41
[1] 6427
[1] 192  33
[1] 6428
[1] 192  56
[1] 6429
[1] 192  52
[1] 6430
[1] 192  58
[1] 6431
[1] 192  56
[1] 6432
[1] 192  54
[1] 6433
[1] 192  74
[1] 6434
[1] 192  31
[1] 6435
[1] 192  57
[1] 6436
[1] 192  39
[1] 6437
[1] 192  43
[1] 6438
[1] 192  47
[1] 6439
[1] 192  61
[1] 6440
[1] 192  51
[1] 6441
[1] 192  52
[1] 6442
[1] 192  64
[1] 6443
[1] 192  54
[1] 6444
[1] 192  24
[1] 6445
[1] 192 112
[1] 6446
[1] 192  25
[1] 6447
[1] 192  49
[1] 6448
[1] 192  81
[1] 6449
[1] 192  47
[1] 6450
[1] 192  89
[1] 6451
[1] 192  18
[1] 6452
[1] 192  68
[1] 6453
[1] 192 111
[1] 6454
[1] 192  35
[1] 6455
[1] 192  67
[1] 6456
[1] 192  11
[1] 6457
[1] 192  20
[1] 6458
[1] 192  27
[1] 6459
[1] 192  38
[1] 6460
[1] 192  36
[1] 6461
[1] 192  31
[1] 6462
[1] 192  17
[1] 6463
[1] 192  18
[1] 6464
[1] 192  25
[1] 6465
[1] 192  21
[1] 6466
[1] 192  90
[1] 6467
[1] 192  61
[1] 6468
[1] 192 103
[1] 6469
[1] 192  61
[1] 6470
[1] 192  28
[1] 6471
[1] 192  60
[1] 6472
[1] 192  15
[1] 6473
[1] 192  26
[1] 6474
[1] 192  25
[1] 6475
[1] 192  55
[1] 6476
[1] 192  39
[1] 6477
[1] 192  55
[1] 6478
[1] 192  47
[1] 6479
[1] 192  20
[1] 6480
[1] 192  84
[1] 6481
[1] 192  79
[1] 6482
[1] 192  41
[1] 6483
[1] 192  77
[1] 6484
[1] 192  20
[1] 6485
[1] 192  52
[1] 6486
[1] 192  66
[1] 6487
[1] 192  73
[1] 6488
[1] 192  56
[1] 6489
[1] 192  74
[1] 6490
[1] 192  72
[1] 6491
[1] 192  73
[1] 6492
[1] 192  65
[1] 6493
[1] 192  56
[1] 6494
[1] 192  59
[1] 6495
[1] 192  61
[1] 6496
[1] 192  61
[1] 6497
[1] 192  52
[1] 6498
[1] 192  51
[1] 6499
[1] 192  65
[1] 6500
[1] 192  43
