[1] 2201
[1] 419  30
[1] 2202
[1] 419 104
[1] 2203
[1] 419 104
[1] 2204
[1] 419  36
[1] 2205
[1] 419  35
[1] 2206
[1] 419   6
[1] 2207
[1] 419  52
[1] 2208
[1] 419  49
[1] 2209
[1] 419  79
[1] 2210
[1] 419  63
[1] 2211
[1] 419  65
[1] 2212
[1] 419  65
[1] 2213
[1] 419  52
[1] 2214
[1] 419  56
[1] 2215
[1] 419  51
[1] 2216
[1] 419  35
[1] 2217
[1] 419  33
[1] 2218
[1] 419  30
[1] 2219
[1] 419  90
[1] 2220
[1] 419  53
[1] 2221
[1] 419  58
[1] 2222
[1] 419  19
[1] 2223
[1] 419  58
[1] 2224
[1] 419 160
[1] 2225
[1] 419 139
[1] 2226
[1] 419  46
[1] 2227
[1] 419  42
[1] 2228
[1] 419  53
[1] 2229
[1] 419  62
[1] 2230
[1] 419  67
[1] 2231
[1] 419  48
[1] 2232
[1] 419  51
[1] 2233
[1] 419  65
[1] 2234
[1] 419  80
[1] 2235
[1] 419  44
[1] 2236
[1] 419  51
[1] 2237
[1] 419  65
[1] 2238
[1] 419  60
[1] 2239
[1] 419  32
[1] 2240
[1] 419  48
[1] 2241
[1] 419  43
[1] 2242
[1] 419  44
[1] 2243
[1] 419  34
[1] 2244
[1] 419  61
[1] 2245
[1] 419  36
[1] 2246
[1] 419  59
[1] 2247
[1] 419  57
[1] 2248
[1] 419  76
[1] 2249
[1] 419  47
[1] 2250
[1] 419  51
[1] 2251
[1] 419  40
[1] 2252
[1] 419  66
[1] 2253
[1] 419  41
[1] 2254
[1] 419  53
[1] 2255
[1] 419  76
[1] 2256
[1] 419  33
[1] 2257
[1] 419  50
[1] 2258
[1] 419  55
[1] 2259
[1] 419  75
[1] 2260
[1] 419  54
[1] 2261
[1] 419  67
[1] 2262
[1] 419  92
[1] 2263
[1] 419  19
[1] 2264
[1] 419  14
[1] 2265
[1] 419  74
[1] 2266
[1] 419  50
[1] 2267
[1] 419  44
[1] 2268
[1] 419  59
[1] 2269
[1] 419  76
[1] 2270
[1] 419  46
[1] 2271
[1] 419  45
[1] 2272
[1] 419  23
[1] 2273
[1] 419  20
[1] 2274
[1] 419  20
[1] 2275
[1] 419  35
[1] 2276
[1] 419  31
[1] 2277
[1] 419  61
[1] 2278
[1] 419  30
[1] 2279
[1] 419  30
[1] 2280
[1] 419  47
[1] 2281
[1] 419  48
[1] 2282
[1] 419  87
[1] 2283
[1] 419  56
[1] 2284
[1] 419  58
[1] 2285
[1] 419  47
[1] 2286
[1] 419  52
[1] 2287
[1] 419  64
[1] 2288
[1] 419  88
[1] 2289
[1] 419  48
[1] 2290
[1] 419  59
[1] 2291
[1] 419  44
[1] 2292
[1] 419  65
[1] 2293
[1] 419  74
[1] 2294
[1] 419  27
[1] 2295
[1] 419  57
[1] 2296
[1] 419  58
[1] 2297
[1] 419  30
[1] 2298
[1] 419  75
[1] 2299
[1] 419  38
[1] 2300
[1] 419  41
