[1] 9301
[1] 419  37
[1] 9302
[1] 419  47
[1] 9303
[1] 419  23
[1] 9304
[1] 419  29
[1] 9305
[1] 419  59
[1] 9306
[1] 419 104
[1] 9307
[1] 419  38
[1] 9308
[1] 419  35
[1] 9309
[1] 419  39
[1] 9310
[1] 419  17
[1] 9311
[1] 419  64
[1] 9312
[1] 419  24
[1] 9313
[1] 419  20
[1] 9314
[1] 419  70
[1] 9315
[1] 419  42
[1] 9316
[1] 419  41
[1] 9317
[1] 419  42
[1] 9318
[1] 419  52
[1] 9319
[1] 419  37
[1] 9320
[1] 419  70
[1] 9321
[1] 419  44
[1] 9322
[1] 419  43
[1] 9323
[1] 419  47
[1] 9324
[1] 419  52
[1] 9325
[1] 419  49
[1] 9326
[1] 419  75
[1] 9327
[1] 419  53
[1] 9328
[1] 419  41
[1] 9329
[1] 419  33
[1] 9330
[1] 419  37
[1] 9331
[1] 419  85
[1] 9332
[1] 419  10
[1] 9333
[1] 419  36
[1] 9334
[1] 419 101
[1] 9335
[1] 419  29
[1] 9336
[1] 419  55
[1] 9337
[1] 419  61
[1] 9338
[1] 419  66
[1] 9339
[1] 419  69
[1] 9340
[1] 419  39
[1] 9341
[1] 419  53
[1] 9342
[1] 419  48
[1] 9343
[1] 419  22
[1] 9344
[1] 419  41
[1] 9345
[1] 419  55
[1] 9346
[1] 419  48
[1] 9347
[1] 419  57
[1] 9348
[1] 419  92
[1] 9349
[1] 419  75
[1] 9350
[1] 419  62
[1] 9351
[1] 419  86
[1] 9352
[1] 419  53
[1] 9353
[1] 419  38
[1] 9354
[1] 419  66
[1] 9355
[1] 419  57
[1] 9356
[1] 419 236
[1] 9357
[1] 419  29
[1] 9358
[1] 419  38
[1] 9359
[1] 419 118
[1] 9360
[1] 419  38
[1] 9361
[1] 419  68
[1] 9362
[1] 419  36
[1] 9363
[1] 419  71
[1] 9364
[1] 419  57
[1] 9365
[1] 419  63
[1] 9366
[1] 419  34
[1] 9367
[1] 419  44
[1] 9368
[1] 419  44
[1] 9369
[1] 419  48
[1] 9370
[1] 419  28
[1] 9371
[1] 419 131
[1] 9372
[1] 419  74
[1] 9373
[1] 419  61
[1] 9374
[1] 419  44
[1] 9375
[1] 419  50
[1] 9376
[1] 419  20
[1] 9377
[1] 419  45
[1] 9378
[1] 419  74
[1] 9379
[1] 419  41
[1] 9380
[1] 419  57
[1] 9381
[1] 419  34
[1] 9382
[1] 419  21
[1] 9383
[1] 419  13
[1] 9384
[1] 419  44
[1] 9385
[1] 419  52
[1] 9386
[1] 419  59
[1] 9387
[1] 419  64
[1] 9388
[1] 419  21
[1] 9389
[1] 419  48
[1] 9390
[1] 419  53
[1] 9391
[1] 419  28
[1] 9392
[1] 419  27
[1] 9393
[1] 419  30
[1] 9394
[1] 419  50
[1] 9395
[1] 419  56
[1] 9396
[1] 419  51
[1] 9397
[1] 419  39
[1] 9398
[1] 419  15
[1] 9399
[1] 419  78
[1] 9400
[1] 419  19
