[1] 1601
[1] 419  71
[1] 1602
[1] 419  62
[1] 1603
[1] 419  54
[1] 1604
[1] 419  33
[1] 1605
[1] 419  49
[1] 1606
[1] 419  45
[1] 1607
[1] 419  76
[1] 1608
[1] 419  47
[1] 1609
[1] 419  56
[1] 1610
[1] 419  49
[1] 1611
[1] 419  44
[1] 1612
[1] 419  41
[1] 1613
[1] 419  48
[1] 1614
[1] 419  48
[1] 1615
[1] 419  37
[1] 1616
[1] 419  50
[1] 1617
[1] 419  57
[1] 1618
[1] 419  48
[1] 1619
[1] 419  58
[1] 1620
[1] 419  38
[1] 1621
[1] 419  57
[1] 1622
[1] 419  58
[1] 1623
[1] 419  56
[1] 1624
[1] 419  59
[1] 1625
[1] 419  37
[1] 1626
[1] 419  58
[1] 1627
[1] 419  45
[1] 1628
[1] 419  37
[1] 1629
[1] 419  40
[1] 1630
[1] 419  43
[1] 1631
[1] 419  30
[1] 1632
[1] 419  28
[1] 1633
[1] 419  56
[1] 1634
[1] 419  52
[1] 1635
[1] 419  54
[1] 1636
[1] 419  40
[1] 1637
[1] 419  44
[1] 1638
[1] 419  20
[1] 1639
[1] 419  18
[1] 1640
[1] 419  39
[1] 1641
[1] 419  50
[1] 1642
[1] 419  69
[1] 1643
[1] 419  51
[1] 1644
[1] 419  69
[1] 1645
[1] 419  58
[1] 1646
[1] 419  56
[1] 1647
[1] 419  81
[1] 1648
[1] 419  61
[1] 1649
[1] 419  53
[1] 1650
[1] 419  53
[1] 1651
[1] 419  50
[1] 1652
[1] 419  47
[1] 1653
[1] 419  48
[1] 1654
[1] 419  63
[1] 1655
[1] 419  50
[1] 1656
[1] 419  71
[1] 1657
[1] 419  66
[1] 1658
[1] 419  82
[1] 1659
[1] 419  73
[1] 1660
[1] 419  69
[1] 1661
[1] 419  74
[1] 1662
[1] 419  70
[1] 1663
[1] 419  77
[1] 1664
[1] 419  60
[1] 1665
[1] 419  62
[1] 1666
[1] 419  82
[1] 1667
[1] 419  65
[1] 1668
[1] 419  51
[1] 1669
[1] 419  66
[1] 1670
[1] 419  82
[1] 1671
[1] 419  81
[1] 1672
[1] 419  55
[1] 1673
[1] 419  20
[1] 1674
[1] 419  59
[1] 1675
[1] 419  76
[1] 1676
[1] 419 104
[1] 1677
[1] 419  17
[1] 1678
[1] 419  29
[1] 1679
[1] 419  68
[1] 1680
[1] 419  23
[1] 1681
[1] 419  28
[1] 1682
[1] 419  27
[1] 1683
[1] 419  36
[1] 1684
[1] 419  76
[1] 1685
[1] 419  37
[1] 1686
[1] 419  75
[1] 1687
[1] 419  58
[1] 1688
[1] 419  28
[1] 1689
[1] 419  41
[1] 1690
[1] 419  22
[1] 1691
[1] 419  55
[1] 1692
[1] 419  23
[1] 1693
[1] 419  61
[1] 1694
[1] 419  36
[1] 1695
[1] 419  61
[1] 1696
[1] 419  20
[1] 1697
[1] 419  37
[1] 1698
[1] 419  43
[1] 1699
[1] 419  56
[1] 1700
[1] 419  19
