[1] 6601
[1] 419  54
[1] 6602
[1] 419  53
[1] 6603
[1] 419  56
[1] 6604
[1] 419  45
[1] 6605
[1] 419  47
[1] 6606
[1] 419  47
[1] 6607
[1] 419  47
[1] 6608
[1] 419  76
[1] 6609
[1] 419  64
[1] 6610
[1] 419  57
[1] 6611
[1] 419  39
[1] 6612
[1] 419  62
[1] 6613
[1] 419  64
[1] 6614
[1] 419  92
[1] 6615
[1] 419  71
[1] 6616
[1] 419  83
[1] 6617
[1] 419  85
[1] 6618
[1] 419  80
[1] 6619
[1] 419  74
[1] 6620
[1] 419  77
[1] 6621
[1] 419  61
[1] 6622
[1] 419  40
[1] 6623
[1] 419  64
[1] 6624
[1] 419  35
[1] 6625
[1] 419 105
[1] 6626
[1] 419 106
[1] 6627
[1] 419  68
[1] 6628
[1] 419  39
[1] 6629
[1] 419  40
[1] 6630
[1] 419  33
[1] 6631
[1] 419  32
[1] 6632
[1] 419  60
[1] 6633
[1] 419  88
[1] 6634
[1] 419  19
[1] 6635
[1] 419  18
[1] 6636
[1] 419  18
[1] 6637
[1] 419  50
[1] 6638
[1] 419  31
[1] 6639
[1] 419  71
[1] 6640
[1] 419  10
[1] 6641
[1] 419 102
[1] 6642
[1] 419  29
[1] 6643
[1] 419  27
[1] 6644
[1] 419  51
[1] 6645
[1] 419  60
[1] 6646
[1] 419  35
[1] 6647
[1] 419  50
[1] 6648
[1] 419  52
[1] 6649
[1] 419  40
[1] 6650
[1] 419  41
[1] 6651
[1] 419  62
[1] 6652
[1] 419  56
[1] 6653
[1] 419  18
[1] 6654
[1] 419  45
[1] 6655
[1] 419  27
[1] 6656
[1] 419  25
[1] 6657
[1] 419  27
[1] 6658
[1] 419  40
[1] 6659
[1] 419  39
[1] 6660
[1] 419  39
[1] 6661
[1] 419  31
[1] 6662
[1] 419  27
[1] 6663
[1] 419  21
[1] 6664
[1] 419  57
[1] 6665
[1] 419  53
[1] 6666
[1] 419  25
[1] 6667
[1] 419  37
[1] 6668
[1] 419  15
[1] 6669
[1] 419  16
[1] 6670
[1] 419  65
[1] 6671
[1] 419  25
[1] 6672
[1] 419  27
[1] 6673
[1] 419  63
[1] 6674
[1] 419  27
[1] 6675
[1] 419  27
[1] 6676
[1] 419  88
[1] 6677
[1] 419  27
[1] 6678
[1] 419  27
[1] 6679
[1] 419  28
[1] 6680
[1] 419  27
[1] 6681
[1] 419  38
[1] 6682
[1] 419  39
[1] 6683
[1] 419  39
[1] 6684
[1] 419  19
[1] 6685
[1] 419  50
[1] 6686
[1] 419  26
[1] 6687
[1] 419  20
[1] 6688
[1] 419  34
[1] 6689
[1] 419  65
[1] 6690
[1] 419  35
[1] 6691
[1] 419  69
[1] 6692
[1] 419  66
[1] 6693
[1] 419  68
[1] 6694
[1] 419  43
[1] 6695
[1] 419  55
[1] 6696
[1] 419  72
[1] 6697
[1] 419  50
[1] 6698
[1] 419  46
[1] 6699
[1] 419  34
[1] 6700
[1] 419  27
