[1] 1001
[1] 419  44
[1] 1002
[1] 419  44
[1] 1003
[1] 419  42
[1] 1004
[1] 419  21
[1] 1005
[1] 419   6
[1] 1006
[1] 419  50
[1] 1007
[1] 419  35
[1] 1008
[1] 419  44
[1] 1009
[1] 419  72
[1] 1010
[1] 419  59
[1] 1011
[1] 419  38
[1] 1012
[1] 419  60
[1] 1013
[1] 419  84
[1] 1014
[1] 419  73
[1] 1015
[1] 419  57
[1] 1016
[1] 419  49
[1] 1017
[1] 419  42
[1] 1018
[1] 419  55
[1] 1019
[1] 419  70
[1] 1020
[1] 419  29
[1] 1021
[1] 419  53
[1] 1022
[1] 419  88
[1] 1023
[1] 419  60
[1] 1024
[1] 419  60
[1] 1025
[1] 419  45
[1] 1026
[1] 419  40
[1] 1027
[1] 419  43
[1] 1028
[1] 419  42
[1] 1029
[1] 419  61
[1] 1030
[1] 419  62
[1] 1031
[1] 419  86
[1] 1032
[1] 419  75
[1] 1033
[1] 419  36
[1] 1034
[1] 419  52
[1] 1035
[1] 419  36
[1] 1036
[1] 419  36
[1] 1037
[1] 419  44
[1] 1038
[1] 419  54
[1] 1039
[1] 419  40
[1] 1040
[1] 419  50
[1] 1041
[1] 419  40
[1] 1042
[1] 419  67
[1] 1043
[1] 419  32
[1] 1044
[1] 419  65
[1] 1045
[1] 419 103
[1] 1046
[1] 419  45
[1] 1047
[1] 419  77
[1] 1048
[1] 419  66
[1] 1049
[1] 419  32
[1] 1050
[1] 419  41
[1] 1051
[1] 419  28
[1] 1052
[1] 419  50
[1] 1053
[1] 419  41
[1] 1054
[1] 419  49
[1] 1055
[1] 419  58
[1] 1056
[1] 419  52
[1] 1057
[1] 419  42
[1] 1058
[1] 419  81
[1] 1059
[1] 419  51
[1] 1060
[1] 419  92
[1] 1061
[1] 419  30
[1] 1062
[1] 419  49
[1] 1063
[1] 419  42
[1] 1064
[1] 419  44
[1] 1065
[1] 419  17
[1] 1066
[1] 419  70
[1] 1067
[1] 419  76
[1] 1068
[1] 419  43
[1] 1069
[1] 419  39
[1] 1070
[1] 419  48
[1] 1071
[1] 419  84
[1] 1072
[1] 419  89
[1] 1073
[1] 419  47
[1] 1074
[1] 419   8
[1] 1075
[1] 419  40
[1] 1076
[1] 419   8
[1] 1077
[1] 419  27
[1] 1078
[1] 419  32
[1] 1079
[1] 419  35
[1] 1080
[1] 419  35
[1] 1081
[1] 419  23
[1] 1082
[1] 419  60
[1] 1083
[1] 419  75
[1] 1084
[1] 419  25
[1] 1085
[1] 419  45
[1] 1086
[1] 419 106
[1] 1087
[1] 419  37
[1] 1088
[1] 419  39
[1] 1089
[1] 419  35
[1] 1090
[1] 419  56
[1] 1091
[1] 419  59
[1] 1092
[1] 419  56
[1] 1093
[1] 419  48
[1] 1094
[1] 419  67
[1] 1095
[1] 419  78
[1] 1096
[1] 419  56
[1] 1097
[1] 419  53
[1] 1098
[1] 419  52
[1] 1099
[1] 419  10
[1] 1100
[1] 419  57
