[1] 8801
[1] 419  58
[1] 8802
[1] 419  35
[1] 8803
[1] 419  41
[1] 8804
[1] 419  58
[1] 8805
[1] 419  61
[1] 8806
[1] 419  43
[1] 8807
[1] 419  38
[1] 8808
[1] 419  66
[1] 8809
[1] 419  44
[1] 8810
[1] 419  56
[1] 8811
[1] 419  49
[1] 8812
[1] 419  25
[1] 8813
[1] 419  63
[1] 8814
[1] 419  40
[1] 8815
[1] 419  33
[1] 8816
[1] 419  29
[1] 8817
[1] 419  33
[1] 8818
[1] 419  56
[1] 8819
[1] 419  40
[1] 8820
[1] 419  67
[1] 8821
[1] 419  37
[1] 8822
[1] 419  59
[1] 8823
[1] 419  83
[1] 8824
[1] 419  52
[1] 8825
[1] 419  46
[1] 8826
[1] 419  75
[1] 8827
[1] 419  44
[1] 8828
[1] 419  55
[1] 8829
[1] 419  45
[1] 8830
[1] 419  48
[1] 8831
[1] 419  75
[1] 8832
[1] 419  46
[1] 8833
[1] 419  58
[1] 8834
[1] 419  69
[1] 8835
[1] 419  30
[1] 8836
[1] 419  30
[1] 8837
[1] 419  41
[1] 8838
[1] 419  45
[1] 8839
[1] 419  34
[1] 8840
[1] 419  50
[1] 8841
[1] 419  37
[1] 8842
[1] 419  52
[1] 8843
[1] 419  86
[1] 8844
[1] 419  18
[1] 8845
[1] 419  52
[1] 8846
[1] 419  80
[1] 8847
[1] 419  21
[1] 8848
[1] 419  48
[1] 8849
[1] 419  18
[1] 8850
[1] 419  48
[1] 8851
[1] 419  71
[1] 8852
[1] 419  22
[1] 8853
[1] 419  35
[1] 8854
[1] 419  77
[1] 8855
[1] 419  34
[1] 8856
[1] 419  27
[1] 8857
[1] 419  18
[1] 8858
[1] 419  48
[1] 8859
[1] 419  25
[1] 8860
[1] 419  40
[1] 8861
[1] 419  79
[1] 8862
[1] 419  41
[1] 8863
[1] 419  40
[1] 8864
[1] 419  31
[1] 8865
[1] 419  59
[1] 8866
[1] 419  46
[1] 8867
[1] 419  58
[1] 8868
[1] 419  66
[1] 8869
[1] 419  37
[1] 8870
[1] 419  29
[1] 8871
[1] 419  33
[1] 8872
[1] 419  32
[1] 8873
[1] 419  48
[1] 8874
[1] 419  37
[1] 8875
[1] 419  47
[1] 8876
[1] 419  56
[1] 8877
[1] 419  65
[1] 8878
[1] 419  64
[1] 8879
[1] 419  60
[1] 8880
[1] 419  52
[1] 8881
[1] 419  72
[1] 8882
[1] 419  59
[1] 8883
[1] 419  54
[1] 8884
[1] 419  66
[1] 8885
[1] 419  32
[1] 8886
[1] 419  66
[1] 8887
[1] 419  44
[1] 8888
[1] 419  36
[1] 8889
[1] 419  50
[1] 8890
[1] 419  77
[1] 8891
[1] 419  35
[1] 8892
[1] 419  47
[1] 8893
[1] 419  41
[1] 8894
[1] 419  72
[1] 8895
[1] 419  13
[1] 8896
[1] 419  22
[1] 8897
[1] 419 129
[1] 8898
[1] 419  17
[1] 8899
[1] 419  74
[1] 8900
[1] 419  32
