[1] 1301
[1] 419  66
[1] 1302
[1] 419  69
[1] 1303
[1] 419  47
[1] 1304
[1] 419  55
[1] 1305
[1] 419  68
[1] 1306
[1] 419  38
[1] 1307
[1] 419  42
[1] 1308
[1] 419  16
[1] 1309
[1] 419  28
[1] 1310
[1] 419  46
[1] 1311
[1] 419  73
[1] 1312
[1] 419  62
[1] 1313
[1] 419  21
[1] 1314
[1] 419  18
[1] 1315
[1] 419   9
[1] 1316
[1] 419  46
[1] 1317
[1] 419  48
[1] 1318
[1] 419  67
[1] 1319
[1] 419  81
[1] 1320
[1] 419  63
[1] 1321
[1] 419  77
[1] 1322
[1] 419  55
[1] 1323
[1] 419  79
[1] 1324
[1] 419  73
[1] 1325
[1] 419  40
[1] 1326
[1] 419  38
[1] 1327
[1] 419  54
[1] 1328
[1] 419  54
[1] 1329
[1] 419  48
[1] 1330
[1] 419  20
[1] 1331
[1] 419  27
[1] 1332
[1] 419  29
[1] 1333
[1] 419  35
[1] 1334
[1] 419  40
[1] 1335
[1] 419  61
[1] 1336
[1] 419  63
[1] 1337
[1] 419  30
[1] 1338
[1] 419  29
[1] 1339
[1] 419  29
[1] 1340
[1] 419  45
[1] 1341
[1] 419  31
[1] 1342
[1] 419  37
[1] 1343
[1] 419  41
[1] 1344
[1] 419  57
[1] 1345
[1] 419  65
[1] 1346
[1] 419  87
[1] 1347
[1] 419  46
[1] 1348
[1] 419  31
[1] 1349
[1] 419  45
[1] 1350
[1] 419  57
[1] 1351
[1] 419  74
[1] 1352
[1] 419  73
[1] 1353
[1] 419  71
[1] 1354
[1] 419  85
[1] 1355
[1] 419  29
[1] 1356
[1] 419  64
[1] 1357
[1] 419  53
[1] 1358
[1] 419  86
[1] 1359
[1] 419  50
[1] 1360
[1] 419  46
[1] 1361
[1] 419  53
[1] 1362
[1] 419  48
[1] 1363
[1] 419  56
[1] 1364
[1] 419  85
[1] 1365
[1] 419  61
[1] 1366
[1] 419  75
[1] 1367
[1] 419  32
[1] 1368
[1] 419  64
[1] 1369
[1] 419  18
[1] 1370
[1] 419  51
[1] 1371
[1] 419  70
[1] 1372
[1] 419  73
[1] 1373
[1] 419  44
[1] 1374
[1] 419  33
[1] 1375
[1] 419  62
[1] 1376
[1] 419 142
[1] 1377
[1] 419  40
[1] 1378
[1] 419  29
[1] 1379
[1] 419  74
[1] 1380
[1] 419  60
[1] 1381
[1] 419  90
[1] 1382
[1] 419  40
[1] 1383
[1] 419  85
[1] 1384
[1] 419  73
[1] 1385
[1] 419  27
[1] 1386
[1] 419  79
[1] 1387
[1] 419  27
[1] 1388
[1] 419  69
[1] 1389
[1] 419  82
[1] 1390
[1] 419  42
[1] 1391
[1] 419  39
[1] 1392
[1] 419  22
[1] 1393
[1] 419  25
[1] 1394
[1] 419  60
[1] 1395
[1] 419  57
[1] 1396
[1] 419  60
[1] 1397
[1] 419  58
[1] 1398
[1] 419  56
[1] 1399
[1] 419  66
[1] 1400
[1] 419  70
