[1] 2401
[1] 419  42
[1] 2402
[1] 419  90
[1] 2403
[1] 419  29
[1] 2404
[1] 419  29
[1] 2405
[1] 419  27
[1] 2406
[1] 419  26
[1] 2407
[1] 419  30
[1] 2408
[1] 419  37
[1] 2409
[1] 419  45
[1] 2410
[1] 419  18
[1] 2411
[1] 419  14
[1] 2412
[1] 419  28
[1] 2413
[1] 419  40
[1] 2414
[1] 419  43
[1] 2415
[1] 419  32
[1] 2416
[1] 419  29
[1] 2417
[1] 419  18
[1] 2418
[1] 419  71
[1] 2419
[1] 419  45
[1] 2420
[1] 419  30
[1] 2421
[1] 419  43
[1] 2422
[1] 419  34
[1] 2423
[1] 419  61
[1] 2424
[1] 419  47
[1] 2425
[1] 419  74
[1] 2426
[1] 419  70
[1] 2427
[1] 419  55
[1] 2428
[1] 419  18
[1] 2429
[1] 419  40
[1] 2430
[1] 419  49
[1] 2431
[1] 419  37
[1] 2432
[1] 419  58
[1] 2433
[1] 419  62
[1] 2434
[1] 419  66
[1] 2435
[1] 419  49
[1] 2436
[1] 419  62
[1] 2437
[1] 419  43
[1] 2438
[1] 419  57
[1] 2439
[1] 419  40
[1] 2440
[1] 419  28
[1] 2441
[1] 419  21
[1] 2442
[1] 419  52
[1] 2443
[1] 419  39
[1] 2444
[1] 419  52
[1] 2445
[1] 419  76
[1] 2446
[1] 419  51
[1] 2447
[1] 419  65
[1] 2448
[1] 419  54
[1] 2449
[1] 419 102
[1] 2450
[1] 419  36
[1] 2451
[1] 419  51
[1] 2452
[1] 419  73
[1] 2453
[1] 419  71
[1] 2454
[1] 419  70
[1] 2455
[1] 419  49
[1] 2456
[1] 419  46
[1] 2457
[1] 419  83
[1] 2458
[1] 419  26
[1] 2459
[1] 419  26
[1] 2460
[1] 419  54
[1] 2461
[1] 419  63
[1] 2462
[1] 419  83
[1] 2463
[1] 419  50
[1] 2464
[1] 419  59
[1] 2465
[1] 419  40
[1] 2466
[1] 419  37
[1] 2467
[1] 419  21
[1] 2468
[1] 419  28
[1] 2469
[1] 419  67
[1] 2470
[1] 419  79
[1] 2471
[1] 419  37
[1] 2472
[1] 419  71
[1] 2473
[1] 419  35
[1] 2474
[1] 419  85
[1] 2475
[1] 419  47
[1] 2476
[1] 419  75
[1] 2477
[1] 419  52
[1] 2478
[1] 419  56
[1] 2479
[1] 419  54
[1] 2480
[1] 419  59
[1] 2481
[1] 419  76
[1] 2482
[1] 419  37
[1] 2483
[1] 419  11
[1] 2484
[1] 419  14
[1] 2485
[1] 419  51
[1] 2486
[1] 419  72
[1] 2487
[1] 419  57
[1] 2488
[1] 419  58
[1] 2489
[1] 419  45
[1] 2490
[1] 419  48
[1] 2491
[1] 419  35
[1] 2492
[1] 419  51
[1] 2493
[1] 419  71
[1] 2494
[1] 419  60
[1] 2495
[1] 419  75
[1] 2496
[1] 419  66
[1] 2497
[1] 419  62
[1] 2498
[1] 419  28
[1] 2499
[1] 419  34
[1] 2500
[1] 419  40
