[1] 8001
[1] 419   9
[1] 8002
[1] 419  34
[1] 8003
[1] 419  34
[1] 8004
[1] 419  29
[1] 8005
[1] 419  26
[1] 8006
[1] 419  47
[1] 8007
[1] 419  11
[1] 8008
[1] 419  17
[1] 8009
[1] 419  25
[1] 8010
[1] 419  91
[1] 8011
[1] 419  46
[1] 8012
[1] 419  10
[1] 8013
[1] 419  60
[1] 8014
[1] 419  39
[1] 8015
[1] 419  41
[1] 8016
[1] 419  84
[1] 8017
[1] 419  67
[1] 8018
[1] 419  54
[1] 8019
[1] 419  91
[1] 8020
[1] 419  54
[1] 8021
[1] 419  53
[1] 8022
[1] 419  56
[1] 8023
[1] 419  88
[1] 8024
[1] 419  57
[1] 8025
[1] 419  81
[1] 8026
[1] 419  67
[1] 8027
[1] 419  97
[1] 8028
[1] 419  64
[1] 8029
[1] 419  89
[1] 8030
[1] 419  37
[1] 8031
[1] 419  30
[1] 8032
[1] 419  27
[1] 8033
[1] 419  36
[1] 8034
[1] 419  24
[1] 8035
[1] 419  30
[1] 8036
[1] 419  53
[1] 8037
[1] 419  45
[1] 8038
[1] 419  24
[1] 8039
[1] 419  20
[1] 8040
[1] 419  59
[1] 8041
[1] 419  71
[1] 8042
[1] 419  46
[1] 8043
[1] 419  23
[1] 8044
[1] 419  65
[1] 8045
[1] 419  68
[1] 8046
[1] 419  49
[1] 8047
[1] 419  27
[1] 8048
[1] 419  26
[1] 8049
[1] 419  68
[1] 8050
[1] 419  51
[1] 8051
[1] 419  66
[1] 8052
[1] 419  40
[1] 8053
[1] 419  53
[1] 8054
[1] 419  42
[1] 8055
[1] 419  31
[1] 8056
[1] 419  31
[1] 8057
[1] 419  62
[1] 8058
[1] 419  31
[1] 8059
[1] 419 124
[1] 8060
[1] 419  93
[1] 8061
[1] 419 164
[1] 8062
[1] 419  44
[1] 8063
[1] 419  35
[1] 8064
[1] 419  32
[1] 8065
[1] 419  56
[1] 8066
[1] 419  50
[1] 8067
[1] 419  51
[1] 8068
[1] 419  64
[1] 8069
[1] 419  58
[1] 8070
[1] 419  38
[1] 8071
[1] 419  23
[1] 8072
[1] 419  75
[1] 8073
[1] 419  72
[1] 8074
[1] 419  62
[1] 8075
[1] 419  73
[1] 8076
[1] 419  63
[1] 8077
[1] 419  63
[1] 8078
[1] 419  62
[1] 8079
[1] 419  63
[1] 8080
[1] 419  77
[1] 8081
[1] 419 110
[1] 8082
[1] 419  24
[1] 8083
[1] 419  65
[1] 8084
[1] 419  37
[1] 8085
[1] 419  52
[1] 8086
[1] 419  43
[1] 8087
[1] 419  34
[1] 8088
[1] 419  61
[1] 8089
[1] 419  93
[1] 8090
[1] 419  47
[1] 8091
[1] 419  56
[1] 8092
[1] 419  47
[1] 8093
[1] 419  59
[1] 8094
[1] 419  55
[1] 8095
[1] 419  22
[1] 8096
[1] 419  24
[1] 8097
[1] 419  23
[1] 8098
[1] 419  48
[1] 8099
[1] 419   1
[1] 8100
[1] 419  73
