[1] 5701
[1] 419  41
[1] 5702
[1] 419  68
[1] 5703
[1] 419  55
[1] 5704
[1] 419  42
[1] 5705
[1] 419  66
[1] 5706
[1] 419  57
[1] 5707
[1] 419  37
[1] 5708
[1] 419  54
[1] 5709
[1] 419  70
[1] 5710
[1] 419  19
[1] 5711
[1] 419  23
[1] 5712
[1] 419  74
[1] 5713
[1] 419  50
[1] 5714
[1] 419  93
[1] 5715
[1] 419  56
[1] 5716
[1] 419  56
[1] 5717
[1] 419   6
[1] 5718
[1] 419  85
[1] 5719
[1] 419 102
[1] 5720
[1] 419  82
[1] 5721
[1] 419  72
[1] 5722
[1] 419  31
[1] 5723
[1] 419  43
[1] 5724
[1] 419  38
[1] 5725
[1] 419  44
[1] 5726
[1] 419  34
[1] 5727
[1] 419  38
[1] 5728
[1] 419  32
[1] 5729
[1] 419  36
[1] 5730
[1] 419  38
[1] 5731
[1] 419  43
[1] 5732
[1] 419  19
[1] 5733
[1] 419  87
[1] 5734
[1] 419  24
[1] 5735
[1] 419  27
[1] 5736
[1] 419  57
[1] 5737
[1] 419  45
[1] 5738
[1] 419  36
[1] 5739
[1] 419  21
[1] 5740
[1] 419  59
[1] 5741
[1] 419  64
[1] 5742
[1] 419  53
[1] 5743
[1] 419  43
[1] 5744
[1] 419  37
[1] 5745
[1] 419  30
[1] 5746
[1] 419  38
[1] 5747
[1] 419  52
[1] 5748
[1] 419  33
[1] 5749
[1] 419 135
[1] 5750
[1] 419 100
[1] 5751
[1] 419  71
[1] 5752
[1] 419  76
[1] 5753
[1] 419  87
[1] 5754
[1] 419  47
[1] 5755
[1] 419  53
[1] 5756
[1] 419  97
[1] 5757
[1] 419  84
[1] 5758
[1] 419  70
[1] 5759
[1] 419  25
[1] 5760
[1] 419  25
[1] 5761
[1] 419  52
[1] 5762
[1] 419  17
[1] 5763
[1] 419  53
[1] 5764
[1] 419  31
[1] 5765
[1] 419  36
[1] 5766
[1] 419  47
[1] 5767
[1] 419  26
[1] 5768
[1] 419  49
[1] 5769
[1] 419  65
[1] 5770
[1] 419  62
[1] 5771
[1] 419  51
[1] 5772
[1] 419  50
[1] 5773
[1] 419  41
[1] 5774
[1] 419  30
[1] 5775
[1] 419  56
[1] 5776
[1] 419  60
[1] 5777
[1] 419  50
[1] 5778
[1] 419  63
[1] 5779
[1] 419  66
[1] 5780
[1] 419  45
[1] 5781
[1] 419  20
[1] 5782
[1] 419  25
[1] 5783
[1] 419  57
[1] 5784
[1] 419  98
[1] 5785
[1] 419  87
[1] 5786
[1] 419  60
[1] 5787
[1] 419  98
[1] 5788
[1] 419  88
[1] 5789
[1] 419  65
[1] 5790
[1] 419  77
[1] 5791
[1] 419  62
[1] 5792
[1] 419  72
[1] 5793
[1] 419  59
[1] 5794
[1] 419  38
[1] 5795
[1] 419   0
[1] 5796
[1] 419  54
[1] 5797
[1] 419  50
[1] 5798
[1] 419  57
[1] 5799
[1] 419  53
[1] 5800
[1] 419  53
