[1] 6801
[1] 419  30
[1] 6802
[1] 419  29
[1] 6803
[1] 419  32
[1] 6804
[1] 419  42
[1] 6805
[1] 419  43
[1] 6806
[1] 419  34
[1] 6807
[1] 419  64
[1] 6808
[1] 419  53
[1] 6809
[1] 419  41
[1] 6810
[1] 419  69
[1] 6811
[1] 419  47
[1] 6812
[1] 419  27
[1] 6813
[1] 419  31
[1] 6814
[1] 419  52
[1] 6815
[1] 419  37
[1] 6816
[1] 419  73
[1] 6817
[1] 419  52
[1] 6818
[1] 419  43
[1] 6819
[1] 419  37
[1] 6820
[1] 419  36
[1] 6821
[1] 419  37
[1] 6822
[1] 419  54
[1] 6823
[1] 419  55
[1] 6824
[1] 419  47
[1] 6825
[1] 419  67
[1] 6826
[1] 419  72
[1] 6827
[1] 419  50
[1] 6828
[1] 419  35
[1] 6829
[1] 419  72
[1] 6830
[1] 419  45
[1] 6831
[1] 419   0
[1] 6832
[1] 419  54
[1] 6833
[1] 419  52
[1] 6834
[1] 419  58
[1] 6835
[1] 419  53
[1] 6836
[1] 419  65
[1] 6837
[1] 419  61
[1] 6838
[1] 419  35
[1] 6839
[1] 419  44
[1] 6840
[1] 419  43
[1] 6841
[1] 419  39
[1] 6842
[1] 419  47
[1] 6843
[1] 419  46
[1] 6844
[1] 419  42
[1] 6845
[1] 419  43
[1] 6846
[1] 419  27
[1] 6847
[1] 419  28
[1] 6848
[1] 419  26
[1] 6849
[1] 419  32
[1] 6850
[1] 419  53
[1] 6851
[1] 419  45
[1] 6852
[1] 419  57
[1] 6853
[1] 419  28
[1] 6854
[1] 419  39
[1] 6855
[1] 419  29
[1] 6856
[1] 419  34
[1] 6857
[1] 419  37
[1] 6858
[1] 419  31
[1] 6859
[1] 419  60
[1] 6860
[1] 419  50
[1] 6861
[1] 419  23
[1] 6862
[1] 419  48
[1] 6863
[1] 419  23
[1] 6864
[1] 419  49
[1] 6865
[1] 419  15
[1] 6866
[1] 419  21
[1] 6867
[1] 419  39
[1] 6868
[1] 419  61
[1] 6869
[1] 419  10
[1] 6870
[1] 419  27
[1] 6871
[1] 419  65
[1] 6872
[1] 419  67
[1] 6873
[1] 419  37
[1] 6874
[1] 419  37
[1] 6875
[1] 419  36
[1] 6876
[1] 419  63
[1] 6877
[1] 419  53
[1] 6878
[1] 419  52
[1] 6879
[1] 419  36
[1] 6880
[1] 419  75
[1] 6881
[1] 419  43
[1] 6882
[1] 419  39
[1] 6883
[1] 419  39
[1] 6884
[1] 419  31
[1] 6885
[1] 419  36
[1] 6886
[1] 419  48
[1] 6887
[1] 419  26
[1] 6888
[1] 419  62
[1] 6889
[1] 419  66
[1] 6890
[1] 419  44
[1] 6891
[1] 419  42
[1] 6892
[1] 419  31
[1] 6893
[1] 419  49
[1] 6894
[1] 419  51
[1] 6895
[1] 419  53
[1] 6896
[1] 419  73
[1] 6897
[1] 419  52
[1] 6898
[1] 419  57
[1] 6899
[1] 419  60
[1] 6900
[1] 419  15
