[1] 2501
[1] 419  28
[1] 2502
[1] 419  28
[1] 2503
[1] 419  91
[1] 2504
[1] 419  72
[1] 2505
[1] 419  77
[1] 2506
[1] 419  62
[1] 2507
[1] 419  87
[1] 2508
[1] 419  51
[1] 2509
[1] 419  37
[1] 2510
[1] 419  37
[1] 2511
[1] 419  37
[1] 2512
[1] 419  51
[1] 2513
[1] 419  32
[1] 2514
[1] 419  32
[1] 2515
[1] 419  35
[1] 2516
[1] 419  52
[1] 2517
[1] 419  51
[1] 2518
[1] 419  48
[1] 2519
[1] 419  40
[1] 2520
[1] 419  88
[1] 2521
[1] 419  32
[1] 2522
[1] 419  41
[1] 2523
[1] 419  38
[1] 2524
[1] 419  51
[1] 2525
[1] 419  63
[1] 2526
[1] 419  57
[1] 2527
[1] 419  41
[1] 2528
[1] 419  36
[1] 2529
[1] 419  55
[1] 2530
[1] 419  42
[1] 2531
[1] 419  57
[1] 2532
[1] 419  29
[1] 2533
[1] 419  41
[1] 2534
[1] 419  45
[1] 2535
[1] 419  45
[1] 2536
[1] 419  29
[1] 2537
[1] 419  54
[1] 2538
[1] 419  65
[1] 2539
[1] 419  63
[1] 2540
[1] 419  52
[1] 2541
[1] 419  74
[1] 2542
[1] 419  78
[1] 2543
[1] 419  71
[1] 2544
[1] 419  50
[1] 2545
[1] 419  53
[1] 2546
[1] 419  54
[1] 2547
[1] 419  51
[1] 2548
[1] 419  55
[1] 2549
[1] 419  58
[1] 2550
[1] 419  72
[1] 2551
[1] 419  13
[1] 2552
[1] 419  13
[1] 2553
[1] 419  13
[1] 2554
[1] 419  58
[1] 2555
[1] 419  24
[1] 2556
[1] 419  62
[1] 2557
[1] 419  58
[1] 2558
[1] 419  21
[1] 2559
[1] 419  19
[1] 2560
[1] 419  59
[1] 2561
[1] 419  16
[1] 2562
[1] 419  60
[1] 2563
[1] 419  60
[1] 2564
[1] 419  17
[1] 2565
[1] 419  20
[1] 2566
[1] 419  36
[1] 2567
[1] 419  34
[1] 2568
[1] 419  34
[1] 2569
[1] 419  41
[1] 2570
[1] 419  49
[1] 2571
[1] 419  55
[1] 2572
[1] 419  82
[1] 2573
[1] 419  38
[1] 2574
[1] 419  35
[1] 2575
[1] 419  19
[1] 2576
[1] 419  65
[1] 2577
[1] 419  40
[1] 2578
[1] 419  76
[1] 2579
[1] 419  30
[1] 2580
[1] 419  59
[1] 2581
[1] 419  43
[1] 2582
[1] 419  54
[1] 2583
[1] 419  58
[1] 2584
[1] 419  61
[1] 2585
[1] 419  66
[1] 2586
[1] 419  39
[1] 2587
[1] 419  50
[1] 2588
[1] 419  62
[1] 2589
[1] 419  40
[1] 2590
[1] 419  67
[1] 2591
[1] 419  39
[1] 2592
[1] 419  38
[1] 2593
[1] 419  62
[1] 2594
[1] 419  41
[1] 2595
[1] 419  49
[1] 2596
[1] 419  50
[1] 2597
[1] 419  50
[1] 2598
[1] 419  52
[1] 2599
[1] 419  54
[1] 2600
[1] 419  76
