[1] 9201
[1] 419  64
[1] 9202
[1] 419  41
[1] 9203
[1] 419  41
[1] 9204
[1] 419 171
[1] 9205
[1] 419  54
[1] 9206
[1] 419 255
[1] 9207
[1] 419  26
[1] 9208
[1] 419  54
[1] 9209
[1] 419  62
[1] 9210
[1] 419  17
[1] 9211
[1] 419  41
[1] 9212
[1] 419  50
[1] 9213
[1] 419  82
[1] 9214
[1] 419  43
[1] 9215
[1] 419  69
[1] 9216
[1] 419  35
[1] 9217
[1] 419  79
[1] 9218
[1] 419  19
[1] 9219
[1] 419 140
[1] 9220
[1] 419  77
[1] 9221
[1] 419  27
[1] 9222
[1] 419  40
[1] 9223
[1] 419  33
[1] 9224
[1] 419  57
[1] 9225
[1] 419  43
[1] 9226
[1] 419  55
[1] 9227
[1] 419  71
[1] 9228
[1] 419  46
[1] 9229
[1] 419  60
[1] 9230
[1] 419  24
[1] 9231
[1] 419  53
[1] 9232
[1] 419  42
[1] 9233
[1] 419  13
[1] 9234
[1] 419  92
[1] 9235
[1] 419  69
[1] 9236
[1] 419  18
[1] 9237
[1] 419  37
[1] 9238
[1] 419  34
[1] 9239
[1] 419  11
[1] 9240
[1] 419  17
[1] 9241
[1] 419  57
[1] 9242
[1] 419  51
[1] 9243
[1] 419   9
[1] 9244
[1] 419  26
[1] 9245
[1] 419  65
[1] 9246
[1] 419  58
[1] 9247
[1] 419  26
[1] 9248
[1] 419   2
[1] 9249
[1] 419  10
[1] 9250
[1] 419  36
[1] 9251
[1] 419  58
[1] 9252
[1] 419  29
[1] 9253
[1] 419  64
[1] 9254
[1] 419  40
[1] 9255
[1] 419  28
[1] 9256
[1] 419  27
[1] 9257
[1] 419  46
[1] 9258
[1] 419  76
[1] 9259
[1] 419  29
[1] 9260
[1] 419  47
[1] 9261
[1] 419  68
[1] 9262
[1] 419  59
[1] 9263
[1] 419  23
[1] 9264
[1] 419 292
[1] 9265
[1] 419  39
[1] 9266
[1] 419  71
[1] 9267
[1] 419  43
[1] 9268
[1] 419  58
[1] 9269
[1] 419  47
[1] 9270
[1] 419  47
[1] 9271
[1] 419  59
[1] 9272
[1] 419  67
[1] 9273
[1] 419  43
[1] 9274
[1] 419  67
[1] 9275
[1] 419  32
[1] 9276
[1] 419  37
[1] 9277
[1] 419  71
[1] 9278
[1] 419  29
[1] 9279
[1] 419  54
[1] 9280
[1] 419  47
[1] 9281
[1] 419  63
[1] 9282
[1] 419  50
[1] 9283
[1] 419  68
[1] 9284
[1] 419  50
[1] 9285
[1] 419  55
[1] 9286
[1] 419  52
[1] 9287
[1] 419  25
[1] 9288
[1] 419  87
[1] 9289
[1] 419  25
[1] 9290
[1] 419  22
[1] 9291
[1] 419  28
[1] 9292
[1] 419  86
[1] 9293
[1] 419  65
[1] 9294
[1] 419  35
[1] 9295
[1] 419  17
[1] 9296
[1] 419  24
[1] 9297
[1] 419  13
[1] 9298
[1] 419  73
[1] 9299
[1] 419  32
[1] 9300
[1] 419  44
