[1] 9001
[1] 419  10
[1] 9002
[1] 419  55
[1] 9003
[1] 419  77
[1] 9004
[1] 419  48
[1] 9005
[1] 419  34
[1] 9006
[1] 419  41
[1] 9007
[1] 419  63
[1] 9008
[1] 419  34
[1] 9009
[1] 419   8
[1] 9010
[1] 419  63
[1] 9011
[1] 419  97
[1] 9012
[1] 419  58
[1] 9013
[1] 419  54
[1] 9014
[1] 419  77
[1] 9015
[1] 419   7
[1] 9016
[1] 419  51
[1] 9017
[1] 419  62
[1] 9018
[1] 419  25
[1] 9019
[1] 419  34
[1] 9020
[1] 419  50
[1] 9021
[1] 419  57
[1] 9022
[1] 419  77
[1] 9023
[1] 419  55
[1] 9024
[1] 419  43
[1] 9025
[1] 419  40
[1] 9026
[1] 419  68
[1] 9027
[1] 419  31
[1] 9028
[1] 419  93
[1] 9029
[1] 419  36
[1] 9030
[1] 419  24
[1] 9031
[1] 419  43
[1] 9032
[1] 419  48
[1] 9033
[1] 419  52
[1] 9034
[1] 419  66
[1] 9035
[1] 419  29
[1] 9036
[1] 419  33
[1] 9037
[1] 419  28
[1] 9038
[1] 419  51
[1] 9039
[1] 419  43
[1] 9040
[1] 419  27
[1] 9041
[1] 419  28
[1] 9042
[1] 419  63
[1] 9043
[1] 419  22
[1] 9044
[1] 419  72
[1] 9045
[1] 419   8
[1] 9046
[1] 419  26
[1] 9047
[1] 419  42
[1] 9048
[1] 419  66
[1] 9049
[1] 419  21
[1] 9050
[1] 419  42
[1] 9051
[1] 419 104
[1] 9052
[1] 419  25
[1] 9053
[1] 419  47
[1] 9054
[1] 419  46
[1] 9055
[1] 419  27
[1] 9056
[1] 419  69
[1] 9057
[1] 419  33
[1] 9058
[1] 419  25
[1] 9059
[1] 419  54
[1] 9060
[1] 419  44
[1] 9061
[1] 419  15
[1] 9062
[1] 419  28
[1] 9063
[1] 419  37
[1] 9064
[1] 419  49
[1] 9065
[1] 419  59
[1] 9066
[1] 419  56
[1] 9067
[1] 419  36
[1] 9068
[1] 419  44
[1] 9069
[1] 419  21
[1] 9070
[1] 419  27
[1] 9071
[1] 419  44
[1] 9072
[1] 419  39
[1] 9073
[1] 419  35
[1] 9074
[1] 419  62
[1] 9075
[1] 419   8
[1] 9076
[1] 419  44
[1] 9077
[1] 419  45
[1] 9078
[1] 419  63
[1] 9079
[1] 419  71
[1] 9080
[1] 419  25
[1] 9081
[1] 419  88
[1] 9082
[1] 419  62
[1] 9083
[1] 419  26
[1] 9084
[1] 419  92
[1] 9085
[1] 419  27
[1] 9086
[1] 419  42
[1] 9087
[1] 419  48
[1] 9088
[1] 419  58
[1] 9089
[1] 419  67
[1] 9090
[1] 419  38
[1] 9091
[1] 419  34
[1] 9092
[1] 419  34
[1] 9093
[1] 419  74
[1] 9094
[1] 419  86
[1] 9095
[1] 419 100
[1] 9096
[1] 419  28
[1] 9097
[1] 419  11
[1] 9098
[1] 419  62
[1] 9099
[1] 419  37
[1] 9100
[1] 419  76
