[1] 7501
[1] 419  36
[1] 7502
[1] 419  33
[1] 7503
[1] 419  78
[1] 7504
[1] 419  55
[1] 7505
[1] 419  28
[1] 7506
[1] 419  19
[1] 7507
[1] 419  36
[1] 7508
[1] 419 130
[1] 7509
[1] 419  39
[1] 7510
[1] 419  73
[1] 7511
[1] 419  43
[1] 7512
[1] 419  77
[1] 7513
[1] 419  56
[1] 7514
[1] 419  32
[1] 7515
[1] 419  81
[1] 7516
[1] 419  64
[1] 7517
[1] 419  25
[1] 7518
[1] 419  52
[1] 7519
[1] 419  63
[1] 7520
[1] 419  48
[1] 7521
[1] 419  66
[1] 7522
[1] 419  30
[1] 7523
[1] 419  31
[1] 7524
[1] 419  32
[1] 7525
[1] 419  26
[1] 7526
[1] 419  87
[1] 7527
[1] 419  79
[1] 7528
[1] 419  64
[1] 7529
[1] 419  59
[1] 7530
[1] 419  46
[1] 7531
[1] 419  50
[1] 7532
[1] 419  76
[1] 7533
[1] 419  69
[1] 7534
[1] 419  64
[1] 7535
[1] 419  65
[1] 7536
[1] 419  59
[1] 7537
[1] 419  27
[1] 7538
[1] 419  52
[1] 7539
[1] 419  53
[1] 7540
[1] 419  34
[1] 7541
[1] 419  26
[1] 7542
[1] 419  19
[1] 7543
[1] 419  32
[1] 7544
[1] 419  30
[1] 7545
[1] 419  22
[1] 7546
[1] 419  24
[1] 7547
[1] 419  67
[1] 7548
[1] 419  70
[1] 7549
[1] 419  66
[1] 7550
[1] 419  49
[1] 7551
[1] 419  67
[1] 7552
[1] 419  49
[1] 7553
[1] 419  54
[1] 7554
[1] 419  54
[1] 7555
[1] 419  45
[1] 7556
[1] 419  66
[1] 7557
[1] 419  65
[1] 7558
[1] 419   8
[1] 7559
[1] 419 131
[1] 7560
[1] 419  35
[1] 7561
[1] 419  63
[1] 7562
[1] 419  47
[1] 7563
[1] 419  52
[1] 7564
[1] 419  45
[1] 7565
[1] 419  45
[1] 7566
[1] 419  89
[1] 7567
[1] 419  58
[1] 7568
[1] 419  58
[1] 7569
[1] 419  57
[1] 7570
[1] 419  63
[1] 7571
[1] 419  62
[1] 7572
[1] 419  80
[1] 7573
[1] 419  83
[1] 7574
[1] 419  61
[1] 7575
[1] 419  64
[1] 7576
[1] 419  27
[1] 7577
[1] 419  27
[1] 7578
[1] 419  76
[1] 7579
[1] 419  69
[1] 7580
[1] 419  47
[1] 7581
[1] 419  46
[1] 7582
[1] 419  54
[1] 7583
[1] 419  47
[1] 7584
[1] 419  93
[1] 7585
[1] 419  90
[1] 7586
[1] 419  75
[1] 7587
[1] 419  33
[1] 7588
[1] 419  60
[1] 7589
[1] 419  72
[1] 7590
[1] 419  48
[1] 7591
[1] 419  44
[1] 7592
[1] 419  39
[1] 7593
[1] 419  37
[1] 7594
[1] 419  39
[1] 7595
[1] 419  26
[1] 7596
[1] 419  59
[1] 7597
[1] 419  69
[1] 7598
[1] 419  46
[1] 7599
[1] 419  44
[1] 7600
[1] 419  39
