[1] 6201
[1] 419  46
[1] 6202
[1] 419  84
[1] 6203
[1] 419  59
[1] 6204
[1] 419  71
[1] 6205
[1] 419  50
[1] 6206
[1] 419  40
[1] 6207
[1] 419  74
[1] 6208
[1] 419  54
[1] 6209
[1] 419  53
[1] 6210
[1] 419  33
[1] 6211
[1] 419  56
[1] 6212
[1] 419  11
[1] 6213
[1] 419 124
[1] 6214
[1] 419 100
[1] 6215
[1] 419  57
[1] 6216
[1] 419  44
[1] 6217
[1] 419  45
[1] 6218
[1] 419  57
[1] 6219
[1] 419  80
[1] 6220
[1] 419  67
[1] 6221
[1] 419  76
[1] 6222
[1] 419  52
[1] 6223
[1] 419  47
[1] 6224
[1] 419  43
[1] 6225
[1] 419  71
[1] 6226
[1] 419  42
[1] 6227
[1] 419  45
[1] 6228
[1] 419  33
[1] 6229
[1] 419  22
[1] 6230
[1] 419  60
[1] 6231
[1] 419  66
[1] 6232
[1] 419 136
[1] 6233
[1] 419  39
[1] 6234
[1] 419  59
[1] 6235
[1] 419  57
[1] 6236
[1] 419  56
[1] 6237
[1] 419  25
[1] 6238
[1] 419  44
[1] 6239
[1] 419  50
[1] 6240
[1] 419  42
[1] 6241
[1] 419  44
[1] 6242
[1] 419  64
[1] 6243
[1] 419  43
[1] 6244
[1] 419  55
[1] 6245
[1] 419  60
[1] 6246
[1] 419  81
[1] 6247
[1] 419  39
[1] 6248
[1] 419  74
[1] 6249
[1] 419  85
[1] 6250
[1] 419  51
[1] 6251
[1] 419  58
[1] 6252
[1] 419  80
[1] 6253
[1] 419  81
[1] 6254
[1] 419 120
[1] 6255
[1] 419  59
[1] 6256
[1] 419  50
[1] 6257
[1] 419  51
[1] 6258
[1] 419  44
[1] 6259
[1] 419  56
[1] 6260
[1] 419  41
[1] 6261
[1] 419  43
[1] 6262
[1] 419  53
[1] 6263
[1] 419  66
[1] 6264
[1] 419  64
[1] 6265
[1] 419  32
[1] 6266
[1] 419  28
[1] 6267
[1] 419  30
[1] 6268
[1] 419  58
[1] 6269
[1] 419  73
[1] 6270
[1] 419  93
[1] 6271
[1] 419  59
[1] 6272
[1] 419  67
[1] 6273
[1] 419  52
[1] 6274
[1] 419  54
[1] 6275
[1] 419  77
[1] 6276
[1] 419  55
[1] 6277
[1] 419  80
[1] 6278
[1] 419  36
[1] 6279
[1] 419  67
[1] 6280
[1] 419  36
[1] 6281
[1] 419  14
[1] 6282
[1] 419  42
[1] 6283
[1] 419  42
[1] 6284
[1] 419  43
[1] 6285
[1] 419  51
[1] 6286
[1] 419  36
[1] 6287
[1] 419  40
[1] 6288
[1] 419  23
[1] 6289
[1] 419  64
[1] 6290
[1] 419  67
[1] 6291
[1] 419  58
[1] 6292
[1] 419  43
[1] 6293
[1] 419  51
[1] 6294
[1] 419  51
[1] 6295
[1] 419  69
[1] 6296
[1] 419  42
[1] 6297
[1] 419  47
[1] 6298
[1] 419  41
[1] 6299
[1] 419  40
[1] 6300
[1] 419  71
