[1] 6901
[1] 419  53
[1] 6902
[1] 419  64
[1] 6903
[1] 419  52
[1] 6904
[1] 419  57
[1] 6905
[1] 419  19
[1] 6906
[1] 419  61
[1] 6907
[1] 419  58
[1] 6908
[1] 419  29
[1] 6909
[1] 419  44
[1] 6910
[1] 419  41
[1] 6911
[1] 419  63
[1] 6912
[1] 419  57
[1] 6913
[1] 419  84
[1] 6914
[1] 419  31
[1] 6915
[1] 419  38
[1] 6916
[1] 419  47
[1] 6917
[1] 419  50
[1] 6918
[1] 419  22
[1] 6919
[1] 419  25
[1] 6920
[1] 419  25
[1] 6921
[1] 419  42
[1] 6922
[1] 419  43
[1] 6923
[1] 419  55
[1] 6924
[1] 419  61
[1] 6925
[1] 419  31
[1] 6926
[1] 419  44
[1] 6927
[1] 419  60
[1] 6928
[1] 419  79
[1] 6929
[1] 419  47
[1] 6930
[1] 419  56
[1] 6931
[1] 419  59
[1] 6932
[1] 419  42
[1] 6933
[1] 419  70
[1] 6934
[1] 419  70
[1] 6935
[1] 419  48
[1] 6936
[1] 419  38
[1] 6937
[1] 419  36
[1] 6938
[1] 419  54
[1] 6939
[1] 419  43
[1] 6940
[1] 419  73
[1] 6941
[1] 419  40
[1] 6942
[1] 419  40
[1] 6943
[1] 419  49
[1] 6944
[1] 419  21
[1] 6945
[1] 419  55
[1] 6946
[1] 419  70
[1] 6947
[1] 419  68
[1] 6948
[1] 419  48
[1] 6949
[1] 419  43
[1] 6950
[1] 419  33
[1] 6951
[1] 419  42
[1] 6952
[1] 419  40
[1] 6953
[1] 419  49
[1] 6954
[1] 419  66
[1] 6955
[1] 419  51
[1] 6956
[1] 419  86
[1] 6957
[1] 419  54
[1] 6958
[1] 419  41
[1] 6959
[1] 419  38
[1] 6960
[1] 419  38
[1] 6961
[1] 419  46
[1] 6962
[1] 419  42
[1] 6963
[1] 419  50
[1] 6964
[1] 419  58
[1] 6965
[1] 419  51
[1] 6966
[1] 419  53
[1] 6967
[1] 419  44
[1] 6968
[1] 419  90
[1] 6969
[1] 419 104
[1] 6970
[1] 419  37
[1] 6971
[1] 419  39
[1] 6972
[1] 419  41
[1] 6973
[1] 419  48
[1] 6974
[1] 419  56
[1] 6975
[1] 419  35
[1] 6976
[1] 419  25
[1] 6977
[1] 419  23
[1] 6978
[1] 419  42
[1] 6979
[1] 419  46
[1] 6980
[1] 419  57
[1] 6981
[1] 419  54
[1] 6982
[1] 419  56
[1] 6983
[1] 419  58
[1] 6984
[1] 419  67
[1] 6985
[1] 419  76
[1] 6986
[1] 419  36
[1] 6987
[1] 419  26
[1] 6988
[1] 419  31
[1] 6989
[1] 419  26
[1] 6990
[1] 419  37
[1] 6991
[1] 419  69
[1] 6992
[1] 419  47
[1] 6993
[1] 419  63
[1] 6994
[1] 419  53
[1] 6995
[1] 419  71
[1] 6996
[1] 419  15
[1] 6997
[1] 419  62
[1] 6998
[1] 419  52
[1] 6999
[1] 419  27
[1] 7000
[1] 419  43
