[1] 4601
[1] 419  36
[1] 4602
[1] 419  18
[1] 4603
[1] 419  23
[1] 4604
[1] 419  66
[1] 4605
[1] 419  58
[1] 4606
[1] 419  45
[1] 4607
[1] 419  60
[1] 4608
[1] 419  44
[1] 4609
[1] 419 116
[1] 4610
[1] 419  58
[1] 4611
[1] 419  97
[1] 4612
[1] 419  19
[1] 4613
[1] 419  14
[1] 4614
[1] 419  13
[1] 4615
[1] 419  72
[1] 4616
[1] 419  87
[1] 4617
[1] 419  84
[1] 4618
[1] 419  36
[1] 4619
[1] 419  84
[1] 4620
[1] 419  46
[1] 4621
[1] 419  52
[1] 4622
[1] 419  46
[1] 4623
[1] 419  32
[1] 4624
[1] 419  59
[1] 4625
[1] 419  32
[1] 4626
[1] 419  46
[1] 4627
[1] 419  45
[1] 4628
[1] 419  59
[1] 4629
[1] 419  47
[1] 4630
[1] 419  17
[1] 4631
[1] 419  71
[1] 4632
[1] 419  55
[1] 4633
[1] 419  23
[1] 4634
[1] 419  34
[1] 4635
[1] 419  53
[1] 4636
[1] 419  58
[1] 4637
[1] 419  49
[1] 4638
[1] 419  32
[1] 4639
[1] 419  28
[1] 4640
[1] 419  44
[1] 4641
[1] 419  61
[1] 4642
[1] 419  83
[1] 4643
[1] 419  23
[1] 4644
[1] 419  32
[1] 4645
[1] 419  26
[1] 4646
[1] 419  50
[1] 4647
[1] 419  20
[1] 4648
[1] 419  39
[1] 4649
[1] 419  57
[1] 4650
[1] 419  79
[1] 4651
[1] 419  23
[1] 4652
[1] 419  31
[1] 4653
[1] 419  46
[1] 4654
[1] 419  81
[1] 4655
[1] 419  26
[1] 4656
[1] 419  43
[1] 4657
[1] 419  54
[1] 4658
[1] 419  43
[1] 4659
[1] 419  50
[1] 4660
[1] 419  45
[1] 4661
[1] 419  56
[1] 4662
[1] 419  29
[1] 4663
[1] 419  14
[1] 4664
[1] 419  62
[1] 4665
[1] 419  13
[1] 4666
[1] 419  40
[1] 4667
[1] 419  64
[1] 4668
[1] 419  42
[1] 4669
[1] 419  38
[1] 4670
[1] 419  55
[1] 4671
[1] 419  29
[1] 4672
[1] 419  55
[1] 4673
[1] 419  46
[1] 4674
[1] 419  85
[1] 4675
[1] 419  16
[1] 4676
[1] 419  46
[1] 4677
[1] 419  30
[1] 4678
[1] 419  39
[1] 4679
[1] 419  21
[1] 4680
[1] 419  57
[1] 4681
[1] 419  57
[1] 4682
[1] 419  50
[1] 4683
[1] 419  28
[1] 4684
[1] 419  62
[1] 4685
[1] 419  42
[1] 4686
[1] 419 102
[1] 4687
[1] 419  45
[1] 4688
[1] 419  47
[1] 4689
[1] 419  31
[1] 4690
[1] 419  45
[1] 4691
[1] 419  96
[1] 4692
[1] 419  64
[1] 4693
[1] 419  19
[1] 4694
[1] 419 114
[1] 4695
[1] 419  55
[1] 4696
[1] 419  72
[1] 4697
[1] 419  64
[1] 4698
[1] 419 119
[1] 4699
[1] 419  58
[1] 4700
[1] 419  64
