[1] 6101
[1] 419  50
[1] 6102
[1] 419  59
[1] 6103
[1] 419  58
[1] 6104
[1] 419  56
[1] 6105
[1] 419  52
[1] 6106
[1] 419  51
[1] 6107
[1] 419  43
[1] 6108
[1] 419  20
[1] 6109
[1] 419  76
[1] 6110
[1] 419  73
[1] 6111
[1] 419  35
[1] 6112
[1] 419  57
[1] 6113
[1] 419  64
[1] 6114
[1] 419 116
[1] 6115
[1] 419  55
[1] 6116
[1] 419  55
[1] 6117
[1] 419  43
[1] 6118
[1] 419  35
[1] 6119
[1] 419  84
[1] 6120
[1] 419  50
[1] 6121
[1] 419  33
[1] 6122
[1] 419  94
[1] 6123
[1] 419  75
[1] 6124
[1] 419  20
[1] 6125
[1] 419  24
[1] 6126
[1] 419  51
[1] 6127
[1] 419  48
[1] 6128
[1] 419  96
[1] 6129
[1] 419  56
[1] 6130
[1] 419  61
[1] 6131
[1] 419  40
[1] 6132
[1] 419  63
[1] 6133
[1] 419  40
[1] 6134
[1] 419  38
[1] 6135
[1] 419  87
[1] 6136
[1] 419  53
[1] 6137
[1] 419  68
[1] 6138
[1] 419  51
[1] 6139
[1] 419  57
[1] 6140
[1] 419  48
[1] 6141
[1] 419  39
[1] 6142
[1] 419  98
[1] 6143
[1] 419  52
[1] 6144
[1] 419  53
[1] 6145
[1] 419  36
[1] 6146
[1] 419  30
[1] 6147
[1] 419  45
[1] 6148
[1] 419  48
[1] 6149
[1] 419  30
[1] 6150
[1] 419  64
[1] 6151
[1] 419  44
[1] 6152
[1] 419  38
[1] 6153
[1] 419  57
[1] 6154
[1] 419  54
[1] 6155
[1] 419  63
[1] 6156
[1] 419  78
[1] 6157
[1] 419  51
[1] 6158
[1] 419  33
[1] 6159
[1] 419  75
[1] 6160
[1] 419  30
[1] 6161
[1] 419  34
[1] 6162
[1] 419  36
[1] 6163
[1] 419  70
[1] 6164
[1] 419  41
[1] 6165
[1] 419  80
[1] 6166
[1] 419  75
[1] 6167
[1] 419  52
[1] 6168
[1] 419  44
[1] 6169
[1] 419  23
[1] 6170
[1] 419  22
[1] 6171
[1] 419  41
[1] 6172
[1] 419 405
[1] 6173
[1] 419  76
[1] 6174
[1] 419  29
[1] 6175
[1] 419  49
[1] 6176
[1] 419  93
[1] 6177
[1] 419  94
[1] 6178
[1] 419  45
[1] 6179
[1] 419  54
[1] 6180
[1] 419  64
[1] 6181
[1] 419  58
[1] 6182
[1] 419  49
[1] 6183
[1] 419  82
[1] 6184
[1] 419  28
[1] 6185
[1] 419  42
[1] 6186
[1] 419  46
[1] 6187
[1] 419  50
[1] 6188
[1] 419  92
[1] 6189
[1] 419 101
[1] 6190
[1] 419  52
[1] 6191
[1] 419  89
[1] 6192
[1] 419  31
[1] 6193
[1] 419  35
[1] 6194
[1] 419  42
[1] 6195
[1] 419  62
[1] 6196
[1] 419  46
[1] 6197
[1] 419  59
[1] 6198
[1] 419  35
[1] 6199
[1] 419  34
[1] 6200
[1] 419  74
