[1] 6501
[1] 419  44
[1] 6502
[1] 419  68
[1] 6503
[1] 419  63
[1] 6504
[1] 419  49
[1] 6505
[1] 419  45
[1] 6506
[1] 419  43
[1] 6507
[1] 419  49
[1] 6508
[1] 419  43
[1] 6509
[1] 419  43
[1] 6510
[1] 419  46
[1] 6511
[1] 419  66
[1] 6512
[1] 419  18
[1] 6513
[1] 419  20
[1] 6514
[1] 419  50
[1] 6515
[1] 419  59
[1] 6516
[1] 419  35
[1] 6517
[1] 419  59
[1] 6518
[1] 419  42
[1] 6519
[1] 419  49
[1] 6520
[1] 419  73
[1] 6521
[1] 419  43
[1] 6522
[1] 419  57
[1] 6523
[1] 419  37
[1] 6524
[1] 419  36
[1] 6525
[1] 419  35
[1] 6526
[1] 419   8
[1] 6527
[1] 419  87
[1] 6528
[1] 419  51
[1] 6529
[1] 419  74
[1] 6530
[1] 419  44
[1] 6531
[1] 419  42
[1] 6532
[1] 419  48
[1] 6533
[1] 419  19
[1] 6534
[1] 419  47
[1] 6535
[1] 419  36
[1] 6536
[1] 419  52
[1] 6537
[1] 419  63
[1] 6538
[1] 419  66
[1] 6539
[1] 419  62
[1] 6540
[1] 419  73
[1] 6541
[1] 419  70
[1] 6542
[1] 419  75
[1] 6543
[1] 419  29
[1] 6544
[1] 419  47
[1] 6545
[1] 419  51
[1] 6546
[1] 419  51
[1] 6547
[1] 419  33
[1] 6548
[1] 419  44
[1] 6549
[1] 419  36
[1] 6550
[1] 419  32
[1] 6551
[1] 419  57
[1] 6552
[1] 419  49
[1] 6553
[1] 419  71
[1] 6554
[1] 419  44
[1] 6555
[1] 419  27
[1] 6556
[1] 419  56
[1] 6557
[1] 419  37
[1] 6558
[1] 419  66
[1] 6559
[1] 419  20
[1] 6560
[1] 419  20
[1] 6561
[1] 419  18
[1] 6562
[1] 419  60
[1] 6563
[1] 419  64
[1] 6564
[1] 419  53
[1] 6565
[1] 419  11
[1] 6566
[1] 419  11
[1] 6567
[1] 419  12
[1] 6568
[1] 419  10
[1] 6569
[1] 419  59
[1] 6570
[1] 419  14
[1] 6571
[1] 419  31
[1] 6572
[1] 419  95
[1] 6573
[1] 419  36
[1] 6574
[1] 419  52
[1] 6575
[1] 419  53
[1] 6576
[1] 419  71
[1] 6577
[1] 419  67
[1] 6578
[1] 419  72
[1] 6579
[1] 419  49
[1] 6580
[1] 419  35
[1] 6581
[1] 419  60
[1] 6582
[1] 419  35
[1] 6583
[1] 419   8
[1] 6584
[1] 419   8
[1] 6585
[1] 419   8
[1] 6586
[1] 419  10
[1] 6587
[1] 419  16
[1] 6588
[1] 419  28
[1] 6589
[1] 419  25
[1] 6590
[1] 419  37
[1] 6591
[1] 419  39
[1] 6592
[1] 419  66
[1] 6593
[1] 419  71
[1] 6594
[1] 419  70
[1] 6595
[1] 419  55
[1] 6596
[1] 419 101
[1] 6597
[1] 419 100
[1] 6598
[1] 419  80
[1] 6599
[1] 419  60
[1] 6600
[1] 419  58
