[1] 8901
[1] 419  65
[1] 8902
[1] 419   8
[1] 8903
[1] 419  59
[1] 8904
[1] 419  27
[1] 8905
[1] 419  86
[1] 8906
[1] 419  84
[1] 8907
[1] 419  41
[1] 8908
[1] 419  67
[1] 8909
[1] 419  16
[1] 8910
[1] 419  24
[1] 8911
[1] 419  59
[1] 8912
[1] 419  25
[1] 8913
[1] 419  72
[1] 8914
[1] 419  75
[1] 8915
[1] 419  42
[1] 8916
[1] 419  46
[1] 8917
[1] 419  38
[1] 8918
[1] 419  49
[1] 8919
[1] 419  38
[1] 8920
[1] 419  32
[1] 8921
[1] 419  50
[1] 8922
[1] 419  57
[1] 8923
[1] 419 103
[1] 8924
[1] 419  58
[1] 8925
[1] 419  35
[1] 8926
[1] 419  28
[1] 8927
[1] 419  57
[1] 8928
[1] 419  65
[1] 8929
[1] 419  48
[1] 8930
[1] 419  25
[1] 8931
[1] 419  65
[1] 8932
[1] 419  69
[1] 8933
[1] 419  25
[1] 8934
[1] 419 160
[1] 8935
[1] 419  23
[1] 8936
[1] 419  58
[1] 8937
[1] 419 186
[1] 8938
[1] 419  57
[1] 8939
[1] 419  56
[1] 8940
[1] 419  53
[1] 8941
[1] 419  33
[1] 8942
[1] 419  63
[1] 8943
[1] 419  20
[1] 8944
[1] 419   9
[1] 8945
[1] 419  13
[1] 8946
[1] 419  43
[1] 8947
[1] 419  68
[1] 8948
[1] 419  48
[1] 8949
[1] 419   8
[1] 8950
[1] 419  71
[1] 8951
[1] 419  19
[1] 8952
[1] 419  32
[1] 8953
[1] 419  43
[1] 8954
[1] 419  49
[1] 8955
[1] 419  70
[1] 8956
[1] 419  44
[1] 8957
[1] 419  45
[1] 8958
[1] 419 152
[1] 8959
[1] 419  39
[1] 8960
[1] 419  49
[1] 8961
[1] 419  13
[1] 8962
[1] 419  94
[1] 8963
[1] 419  71
[1] 8964
[1] 419  55
[1] 8965
[1] 419  32
[1] 8966
[1] 419  64
[1] 8967
[1] 419  63
[1] 8968
[1] 419  83
[1] 8969
[1] 419  64
[1] 8970
[1] 419  42
[1] 8971
[1] 419 151
[1] 8972
[1] 419   1
[1] 8973
[1] 419  65
[1] 8974
[1] 419  48
[1] 8975
[1] 419  29
[1] 8976
[1] 419 182
[1] 8977
[1] 419  82
[1] 8978
[1] 419  32
[1] 8979
[1] 419  61
[1] 8980
[1] 419  47
[1] 8981
[1] 419  47
[1] 8982
[1] 419  97
[1] 8983
[1] 419  40
[1] 8984
[1] 419  36
[1] 8985
[1] 419  65
[1] 8986
[1] 419  73
[1] 8987
[1] 419  38
[1] 8988
[1] 419  17
[1] 8989
[1] 419  45
[1] 8990
[1] 419  64
[1] 8991
[1] 419  36
[1] 8992
[1] 419  18
[1] 8993
[1] 419  52
[1] 8994
[1] 419  48
[1] 8995
[1] 419  38
[1] 8996
[1] 419  60
[1] 8997
[1] 419  86
[1] 8998
[1] 419  10
[1] 8999
[1] 419  48
[1] 9000
[1] 419  59
