[1] 4001
[1] 419  46
[1] 4002
[1] 419 132
[1] 4003
[1] 419  94
[1] 4004
[1] 419  60
[1] 4005
[1] 419  67
[1] 4006
[1] 419  63
[1] 4007
[1] 419  27
[1] 4008
[1] 419 108
[1] 4009
[1] 419  35
[1] 4010
[1] 419  49
[1] 4011
[1] 419  47
[1] 4012
[1] 419  96
[1] 4013
[1] 419  14
[1] 4014
[1] 419  57
[1] 4015
[1] 419  71
[1] 4016
[1] 419 118
[1] 4017
[1] 419  63
[1] 4018
[1] 419  63
[1] 4019
[1] 419  47
[1] 4020
[1] 419  11
[1] 4021
[1] 419  95
[1] 4022
[1] 419  53
[1] 4023
[1] 419  15
[1] 4024
[1] 419  37
[1] 4025
[1] 419  63
[1] 4026
[1] 419  67
[1] 4027
[1] 419  62
[1] 4028
[1] 419  46
[1] 4029
[1] 419  56
[1] 4030
[1] 419  29
[1] 4031
[1] 419  61
[1] 4032
[1] 419  91
[1] 4033
[1] 419  42
[1] 4034
[1] 419  56
[1] 4035
[1] 419  50
[1] 4036
[1] 419  85
[1] 4037
[1] 419  49
[1] 4038
[1] 419  98
[1] 4039
[1] 419  63
[1] 4040
[1] 419  43
[1] 4041
[1] 419  55
[1] 4042
[1] 419  42
[1] 4043
[1] 419  50
[1] 4044
[1] 419  42
[1] 4045
[1] 419  43
[1] 4046
[1] 419  59
[1] 4047
[1] 419  69
[1] 4048
[1] 419  54
[1] 4049
[1] 419  49
[1] 4050
[1] 419  51
[1] 4051
[1] 419  48
[1] 4052
[1] 419  48
[1] 4053
[1] 419  52
[1] 4054
[1] 419  38
[1] 4055
[1] 419  61
[1] 4056
[1] 419  55
[1] 4057
[1] 419  82
[1] 4058
[1] 419  73
[1] 4059
[1] 419  69
[1] 4060
[1] 419  74
[1] 4061
[1] 419  13
[1] 4062
[1] 419  75
[1] 4063
[1] 419  65
[1] 4064
[1] 419  75
[1] 4065
[1] 419  75
[1] 4066
[1] 419  68
[1] 4067
[1] 419  76
[1] 4068
[1] 419  71
[1] 4069
[1] 419  71
[1] 4070
[1] 419  83
[1] 4071
[1] 419  79
[1] 4072
[1] 419  52
[1] 4073
[1] 419  63
[1] 4074
[1] 419  70
[1] 4075
[1] 419  41
[1] 4076
[1] 419  79
[1] 4077
[1] 419  98
[1] 4078
[1] 419  18
[1] 4079
[1] 419  61
[1] 4080
[1] 419  58
[1] 4081
[1] 419  74
[1] 4082
[1] 419  84
[1] 4083
[1] 419  59
[1] 4084
[1] 419  60
[1] 4085
[1] 419  63
[1] 4086
[1] 419  66
[1] 4087
[1] 419  67
[1] 4088
[1] 419  56
[1] 4089
[1] 419  70
[1] 4090
[1] 419  44
[1] 4091
[1] 419  95
[1] 4092
[1] 419  60
[1] 4093
[1] 419  50
[1] 4094
[1] 419  45
[1] 4095
[1] 419 105
[1] 4096
[1] 419  59
[1] 4097
[1] 419  58
[1] 4098
[1] 419  56
[1] 4099
[1] 419  13
[1] 4100
[1] 419  65
