[1] 7601
[1] 419  57
[1] 7602
[1] 419  50
[1] 7603
[1] 419  48
[1] 7604
[1] 419  55
[1] 7605
[1] 419  57
[1] 7606
[1] 419  44
[1] 7607
[1] 419  53
[1] 7608
[1] 419  45
[1] 7609
[1] 419  43
[1] 7610
[1] 419  37
[1] 7611
[1] 419  36
[1] 7612
[1] 419  42
[1] 7613
[1] 419  14
[1] 7614
[1] 419  19
[1] 7615
[1] 419  39
[1] 7616
[1] 419  27
[1] 7617
[1] 419  77
[1] 7618
[1] 419  21
[1] 7619
[1] 419  28
[1] 7620
[1] 419  35
[1] 7621
[1] 419  27
[1] 7622
[1] 419  40
[1] 7623
[1] 419  40
[1] 7624
[1] 419  47
[1] 7625
[1] 419  57
[1] 7626
[1] 419 103
[1] 7627
[1] 419  62
[1] 7628
[1] 419  43
[1] 7629
[1] 419  38
[1] 7630
[1] 419  39
[1] 7631
[1] 419  39
[1] 7632
[1] 419  62
[1] 7633
[1] 419  83
[1] 7634
[1] 419  35
[1] 7635
[1] 419  41
[1] 7636
[1] 419  49
[1] 7637
[1] 419  40
[1] 7638
[1] 419  26
[1] 7639
[1] 419  59
[1] 7640
[1] 419  42
[1] 7641
[1] 419  40
[1] 7642
[1] 419  35
[1] 7643
[1] 419  47
[1] 7644
[1] 419  15
[1] 7645
[1] 419  35
[1] 7646
[1] 419  19
[1] 7647
[1] 419  73
[1] 7648
[1] 419  42
[1] 7649
[1] 419  56
[1] 7650
[1] 419  52
[1] 7651
[1] 419  20
[1] 7652
[1] 419  41
[1] 7653
[1] 419  62
[1] 7654
[1] 419  23
[1] 7655
[1] 419  35
[1] 7656
[1] 419  43
[1] 7657
[1] 419  63
[1] 7658
[1] 419  23
[1] 7659
[1] 419  31
[1] 7660
[1] 419  57
[1] 7661
[1] 419  74
[1] 7662
[1] 419  35
[1] 7663
[1] 419  15
[1] 7664
[1] 419  41
[1] 7665
[1] 419  56
[1] 7666
[1] 419  66
[1] 7667
[1] 419  58
[1] 7668
[1] 419  40
[1] 7669
[1] 419  50
[1] 7670
[1] 419  23
[1] 7671
[1] 419  64
[1] 7672
[1] 419  35
[1] 7673
[1] 419  57
[1] 7674
[1] 419  40
[1] 7675
[1] 419  38
[1] 7676
[1] 419  35
[1] 7677
[1] 419  36
[1] 7678
[1] 419  37
[1] 7679
[1] 419  54
[1] 7680
[1] 419  57
[1] 7681
[1] 419  33
[1] 7682
[1] 419  58
[1] 7683
[1] 419  50
[1] 7684
[1] 419  97
[1] 7685
[1] 419  37
[1] 7686
[1] 419  41
[1] 7687
[1] 419  24
[1] 7688
[1] 419  37
[1] 7689
[1] 419  66
[1] 7690
[1] 419 116
[1] 7691
[1] 419  39
[1] 7692
[1] 419  51
[1] 7693
[1] 419   9
[1] 7694
[1] 419  49
[1] 7695
[1] 419  68
[1] 7696
[1] 419  72
[1] 7697
[1] 419  67
[1] 7698
[1] 419  58
[1] 7699
[1] 419  32
[1] 7700
[1] 419  27
