[1] 801
[1] 419  63
[1] 802
[1] 419  91
[1] 803
[1] 419  70
[1] 804
[1] 419  45
[1] 805
[1] 419  53
[1] 806
[1] 419  73
[1] 807
[1] 419  65
[1] 808
[1] 419  80
[1] 809
[1] 419  43
[1] 810
[1] 419  47
[1] 811
[1] 419  65
[1] 812
[1] 419  47
[1] 813
[1] 419  41
[1] 814
[1] 419  47
[1] 815
[1] 419  53
[1] 816
[1] 419  73
[1] 817
[1] 419  29
[1] 818
[1] 419  45
[1] 819
[1] 419  57
[1] 820
[1] 419  56
[1] 821
[1] 419  95
[1] 822
[1] 419  55
[1] 823
[1] 419  30
[1] 824
[1] 419  68
[1] 825
[1] 419  52
[1] 826
[1] 419  63
[1] 827
[1] 419  54
[1] 828
[1] 419  31
[1] 829
[1] 419  52
[1] 830
[1] 419  58
[1] 831
[1] 419  42
[1] 832
[1] 419  57
[1] 833
[1] 419  87
[1] 834
[1] 419 103
[1] 835
[1] 419  25
[1] 836
[1] 419  56
[1] 837
[1] 419  37
[1] 838
[1] 419  75
[1] 839
[1] 419  88
[1] 840
[1] 419  30
[1] 841
[1] 419  55
[1] 842
[1] 419  62
[1] 843
[1] 419  51
[1] 844
[1] 419  82
[1] 845
[1] 419  27
[1] 846
[1] 419  58
[1] 847
[1] 419  34
[1] 848
[1] 419  69
[1] 849
[1] 419  34
[1] 850
[1] 419  80
[1] 851
[1] 419  84
[1] 852
[1] 419  77
[1] 853
[1] 419  36
[1] 854
[1] 419  72
[1] 855
[1] 419  22
[1] 856
[1] 419  60
[1] 857
[1] 419 101
[1] 858
[1] 419  55
[1] 859
[1] 419  61
[1] 860
[1] 419  19
[1] 861
[1] 419  40
[1] 862
[1] 419  44
[1] 863
[1] 419 105
[1] 864
[1] 419  34
[1] 865
[1] 419  41
[1] 866
[1] 419  34
[1] 867
[1] 419  38
[1] 868
[1] 419  36
[1] 869
[1] 419  62
[1] 870
[1] 419  45
[1] 871
[1] 419  40
[1] 872
[1] 419  52
[1] 873
[1] 419  53
[1] 874
[1] 419  71
[1] 875
[1] 419  50
[1] 876
[1] 419  30
[1] 877
[1] 419  65
[1] 878
[1] 419  61
[1] 879
[1] 419  40
[1] 880
[1] 419  41
[1] 881
[1] 419  16
[1] 882
[1] 419  40
[1] 883
[1] 419  53
[1] 884
[1] 419  84
[1] 885
[1] 419  22
[1] 886
[1] 419  84
[1] 887
[1] 419  29
[1] 888
[1] 419  24
[1] 889
[1] 419  54
[1] 890
[1] 419  68
[1] 891
[1] 419  26
[1] 892
[1] 419  75
[1] 893
[1] 419  59
[1] 894
[1] 419  31
[1] 895
[1] 419  45
[1] 896
[1] 419  69
[1] 897
[1] 419  70
[1] 898
[1] 419  22
[1] 899
[1] 419  70
[1] 900
[1] 419  72
