[1] 9601
[1] 419  15
[1] 9602
[1] 419  23
[1] 9603
[1] 419  38
[1] 9604
[1] 419  37
[1] 9605
[1] 419  53
[1] 9606
[1] 419  49
[1] 9607
[1] 419  59
[1] 9608
[1] 419  38
[1] 9609
[1] 419  56
[1] 9610
[1] 419  41
[1] 9611
[1] 419  37
[1] 9612
[1] 419  19
[1] 9613
[1] 419  56
[1] 9614
[1] 419 110
[1] 9615
[1] 419  94
[1] 9616
[1] 419  95
[1] 9617
[1] 419  27
[1] 9618
[1] 419  43
[1] 9619
[1] 419  34
[1] 9620
[1] 419  44
[1] 9621
[1] 419  57
[1] 9622
[1] 419  29
[1] 9623
[1] 419  45
[1] 9624
[1] 419  46
[1] 9625
[1] 419  36
[1] 9626
[1] 419  42
[1] 9627
[1] 419  39
[1] 9628
[1] 419  19
[1] 9629
[1] 419  76
[1] 9630
[1] 419  55
[1] 9631
[1] 419  12
[1] 9632
[1] 419  52
[1] 9633
[1] 419  65
[1] 9634
[1] 419  38
[1] 9635
[1] 419  49
[1] 9636
[1] 419  38
[1] 9637
[1] 419  46
[1] 9638
[1] 419  46
[1] 9639
[1] 419  57
[1] 9640
[1] 419  39
[1] 9641
[1] 419  26
[1] 9642
[1] 419  44
[1] 9643
[1] 419  10
[1] 9644
[1] 419  33
[1] 9645
[1] 419  41
[1] 9646
[1] 419  65
[1] 9647
[1] 419  50
[1] 9648
[1] 419  42
[1] 9649
[1] 419  53
[1] 9650
[1] 419  19
[1] 9651
[1] 419  86
[1] 9652
[1] 419  42
[1] 9653
[1] 419  40
[1] 9654
[1] 419  17
[1] 9655
[1] 419  60
[1] 9656
[1] 419  35
[1] 9657
[1] 419  34
[1] 9658
[1] 419  87
[1] 9659
[1] 419  30
[1] 9660
[1] 419  36
[1] 9661
[1] 419  32
[1] 9662
[1] 419  71
[1] 9663
[1] 419  37
[1] 9664
[1] 419  18
[1] 9665
[1] 419  48
[1] 9666
[1] 419  38
[1] 9667
[1] 419  69
[1] 9668
[1] 419  47
[1] 9669
[1] 419  32
[1] 9670
[1] 419  43
[1] 9671
[1] 419  93
[1] 9672
[1] 419  26
[1] 9673
[1] 419  60
[1] 9674
[1] 419  11
[1] 9675
[1] 419  37
[1] 9676
[1] 419  35
[1] 9677
[1] 419  97
[1] 9678
[1] 419  74
[1] 9679
[1] 419  41
[1] 9680
[1] 419  26
[1] 9681
[1] 419  62
[1] 9682
[1] 419  52
[1] 9683
[1] 419  42
[1] 9684
[1] 419  53
[1] 9685
[1] 419  35
[1] 9686
[1] 419  66
[1] 9687
[1] 419  24
[1] 9688
[1] 419  47
[1] 9689
[1] 419 128
[1] 9690
[1] 419  43
[1] 9691
[1] 419  66
[1] 9692
[1] 419  40
[1] 9693
[1] 419  14
[1] 9694
[1] 419  50
[1] 9695
[1] 419  67
[1] 9696
[1] 419  46
[1] 9697
[1] 419  32
[1] 9698
[1] 419  76
[1] 9699
[1] 419  62
[1] 9700
[1] 419  27
