[1] 8601
[1] 419  34
[1] 8602
[1] 419  36
[1] 8603
[1] 419  41
[1] 8604
[1] 419  40
[1] 8605
[1] 419  62
[1] 8606
[1] 419  26
[1] 8607
[1] 419  56
[1] 8608
[1] 419  64
[1] 8609
[1] 419  15
[1] 8610
[1] 419  45
[1] 8611
[1] 419  68
[1] 8612
[1] 419  45
[1] 8613
[1] 419  54
[1] 8614
[1] 419  51
[1] 8615
[1] 419  50
[1] 8616
[1] 419  47
[1] 8617
[1] 419  15
[1] 8618
[1] 419  48
[1] 8619
[1] 419  29
[1] 8620
[1] 419  54
[1] 8621
[1] 419  59
[1] 8622
[1] 419  38
[1] 8623
[1] 419  51
[1] 8624
[1] 419  33
[1] 8625
[1] 419  21
[1] 8626
[1] 419  41
[1] 8627
[1] 419  20
[1] 8628
[1] 419  27
[1] 8629
[1] 419  48
[1] 8630
[1] 419  62
[1] 8631
[1] 419   8
[1] 8632
[1] 419   4
[1] 8633
[1] 419  58
[1] 8634
[1] 419  67
[1] 8635
[1] 419  20
[1] 8636
[1] 419  76
[1] 8637
[1] 419  54
[1] 8638
[1] 419  48
[1] 8639
[1] 419  32
[1] 8640
[1] 419  75
[1] 8641
[1] 419  22
[1] 8642
[1] 419  36
[1] 8643
[1] 419  80
[1] 8644
[1] 419  54
[1] 8645
[1] 419  20
[1] 8646
[1] 419  55
[1] 8647
[1] 419  27
[1] 8648
[1] 419  37
[1] 8649
[1] 419  69
[1] 8650
[1] 419  55
[1] 8651
[1] 419  52
[1] 8652
[1] 419  38
[1] 8653
[1] 419  56
[1] 8654
[1] 419  66
[1] 8655
[1] 419  40
[1] 8656
[1] 419  20
[1] 8657
[1] 419  35
[1] 8658
[1] 419  72
[1] 8659
[1] 419  20
[1] 8660
[1] 419  49
[1] 8661
[1] 419  36
[1] 8662
[1] 419 166
[1] 8663
[1] 419  26
[1] 8664
[1] 419  39
[1] 8665
[1] 419  73
[1] 8666
[1] 419  40
[1] 8667
[1] 419  28
[1] 8668
[1] 419  35
[1] 8669
[1] 419  23
[1] 8670
[1] 419  18
[1] 8671
[1] 419  38
[1] 8672
[1] 419  39
[1] 8673
[1] 419  37
[1] 8674
[1] 419  35
[1] 8675
[1] 419  69
[1] 8676
[1] 419  35
[1] 8677
[1] 419  39
[1] 8678
[1] 419  36
[1] 8679
[1] 419  39
[1] 8680
[1] 419  67
[1] 8681
[1] 419  39
[1] 8682
[1] 419  59
[1] 8683
[1] 419  70
[1] 8684
[1] 419  20
[1] 8685
[1] 419  68
[1] 8686
[1] 419  33
[1] 8687
[1] 419  46
[1] 8688
[1] 419  35
[1] 8689
[1] 419  48
[1] 8690
[1] 419  76
[1] 8691
[1] 419  22
[1] 8692
[1] 419  47
[1] 8693
[1] 419  67
[1] 8694
[1] 419  49
[1] 8695
[1] 419  59
[1] 8696
[1] 419  33
[1] 8697
[1] 419  63
[1] 8698
[1] 419  79
[1] 8699
[1] 419  65
[1] 8700
[1] 419  76
