[1] 7101
[1] 419  44
[1] 7102
[1] 419  41
[1] 7103
[1] 419  38
[1] 7104
[1] 419  68
[1] 7105
[1] 419  82
[1] 7106
[1] 419  54
[1] 7107
[1] 419  60
[1] 7108
[1] 419  76
[1] 7109
[1] 419  57
[1] 7110
[1] 419  65
[1] 7111
[1] 419  54
[1] 7112
[1] 419  82
[1] 7113
[1] 419  44
[1] 7114
[1] 419  55
[1] 7115
[1] 419  48
[1] 7116
[1] 419 105
[1] 7117
[1] 419  53
[1] 7118
[1] 419  63
[1] 7119
[1] 419  78
[1] 7120
[1] 419  35
[1] 7121
[1] 419  36
[1] 7122
[1] 419  28
[1] 7123
[1] 419  41
[1] 7124
[1] 419  60
[1] 7125
[1] 419  59
[1] 7126
[1] 419  72
[1] 7127
[1] 419  51
[1] 7128
[1] 419  60
[1] 7129
[1] 419  68
[1] 7130
[1] 419  87
[1] 7131
[1] 419  68
[1] 7132
[1] 419  48
[1] 7133
[1] 419  49
[1] 7134
[1] 419  42
[1] 7135
[1] 419  65
[1] 7136
[1] 419  44
[1] 7137
[1] 419  27
[1] 7138
[1] 419  49
[1] 7139
[1] 419  35
[1] 7140
[1] 419  56
[1] 7141
[1] 419  32
[1] 7142
[1] 419  55
[1] 7143
[1] 419  29
[1] 7144
[1] 419  59
[1] 7145
[1] 419  72
[1] 7146
[1] 419  35
[1] 7147
[1] 419  52
[1] 7148
[1] 419  52
[1] 7149
[1] 419 108
[1] 7150
[1] 419  66
[1] 7151
[1] 419  60
[1] 7152
[1] 419  34
[1] 7153
[1] 419  65
[1] 7154
[1] 419  34
[1] 7155
[1] 419  34
[1] 7156
[1] 419  36
[1] 7157
[1] 419  56
[1] 7158
[1] 419  55
[1] 7159
[1] 419  42
[1] 7160
[1] 419  69
[1] 7161
[1] 419  67
[1] 7162
[1] 419 157
[1] 7163
[1] 419  36
[1] 7164
[1] 419  45
[1] 7165
[1] 419  48
[1] 7166
[1] 419  59
[1] 7167
[1] 419  18
[1] 7168
[1] 419  80
[1] 7169
[1] 419  36
[1] 7170
[1] 419  37
[1] 7171
[1] 419  50
[1] 7172
[1] 419  81
[1] 7173
[1] 419  47
[1] 7174
[1] 419  98
[1] 7175
[1] 419  54
[1] 7176
[1] 419  87
[1] 7177
[1] 419  88
[1] 7178
[1] 419  84
[1] 7179
[1] 419  83
[1] 7180
[1] 419  28
[1] 7181
[1] 419  57
[1] 7182
[1] 419  63
[1] 7183
[1] 419  74
[1] 7184
[1] 419  18
[1] 7185
[1] 419  48
[1] 7186
[1] 419  56
[1] 7187
[1] 419  43
[1] 7188
[1] 419  41
[1] 7189
[1] 419  43
[1] 7190
[1] 419  51
[1] 7191
[1] 419  41
[1] 7192
[1] 419 106
[1] 7193
[1] 419  54
[1] 7194
[1] 419  42
[1] 7195
[1] 419  49
[1] 7196
[1] 419  37
[1] 7197
[1] 419  41
[1] 7198
[1] 419  35
[1] 7199
[1] 419  54
[1] 7200
[1] 419  34
