[1] 2301
[1] 419  66
[1] 2302
[1] 419  66
[1] 2303
[1] 419 115
[1] 2304
[1] 419  64
[1] 2305
[1] 419  50
[1] 2306
[1] 419  64
[1] 2307
[1] 419  31
[1] 2308
[1] 419  19
[1] 2309
[1] 419  34
[1] 2310
[1] 419  57
[1] 2311
[1] 419  46
[1] 2312
[1] 419  28
[1] 2313
[1] 419  38
[1] 2314
[1] 419  37
[1] 2315
[1] 419  42
[1] 2316
[1] 419  36
[1] 2317
[1] 419  39
[1] 2318
[1] 419  27
[1] 2319
[1] 419  44
[1] 2320
[1] 419  39
[1] 2321
[1] 419  45
[1] 2322
[1] 419  31
[1] 2323
[1] 419  23
[1] 2324
[1] 419  39
[1] 2325
[1] 419  38
[1] 2326
[1] 419  23
[1] 2327
[1] 419  31
[1] 2328
[1] 419  24
[1] 2329
[1] 419  32
[1] 2330
[1] 419  46
[1] 2331
[1] 419  42
[1] 2332
[1] 419  22
[1] 2333
[1] 419  22
[1] 2334
[1] 419  41
[1] 2335
[1] 419  43
[1] 2336
[1] 419  55
[1] 2337
[1] 419  30
[1] 2338
[1] 419  60
[1] 2339
[1] 419  21
[1] 2340
[1] 419  24
[1] 2341
[1] 419  64
[1] 2342
[1] 419  63
[1] 2343
[1] 419  63
[1] 2344
[1] 419  61
[1] 2345
[1] 419  42
[1] 2346
[1] 419  68
[1] 2347
[1] 419  65
[1] 2348
[1] 419  19
[1] 2349
[1] 419  25
[1] 2350
[1] 419  20
[1] 2351
[1] 419  34
[1] 2352
[1] 419  74
[1] 2353
[1] 419  39
[1] 2354
[1] 419  28
[1] 2355
[1] 419  32
[1] 2356
[1] 419  30
[1] 2357
[1] 419  49
[1] 2358
[1] 419  17
[1] 2359
[1] 419  45
[1] 2360
[1] 419  21
[1] 2361
[1] 419  32
[1] 2362
[1] 419  81
[1] 2363
[1] 419  39
[1] 2364
[1] 419  62
[1] 2365
[1] 419  71
[1] 2366
[1] 419  47
[1] 2367
[1] 419  33
[1] 2368
[1] 419  33
[1] 2369
[1] 419  33
[1] 2370
[1] 419  29
[1] 2371
[1] 419  28
[1] 2372
[1] 419  24
[1] 2373
[1] 419  22
[1] 2374
[1] 419  44
[1] 2375
[1] 419  20
[1] 2376
[1] 419  50
[1] 2377
[1] 419  18
[1] 2378
[1] 419  52
[1] 2379
[1] 419  18
[1] 2380
[1] 419  36
[1] 2381
[1] 419  50
[1] 2382
[1] 419  46
[1] 2383
[1] 419  19
[1] 2384
[1] 419  45
[1] 2385
[1] 419  42
[1] 2386
[1] 419  76
[1] 2387
[1] 419  86
[1] 2388
[1] 419  67
[1] 2389
[1] 419  55
[1] 2390
[1] 419  66
[1] 2391
[1] 419  51
[1] 2392
[1] 419  54
[1] 2393
[1] 419  40
[1] 2394
[1] 419  30
[1] 2395
[1] 419  70
[1] 2396
[1] 419  68
[1] 2397
[1] 419  74
[1] 2398
[1] 419  31
[1] 2399
[1] 419  31
[1] 2400
[1] 419  31
