[1] 7401
[1] 419  43
[1] 7402
[1] 419  46
[1] 7403
[1] 419  17
[1] 7404
[1] 419  40
[1] 7405
[1] 419  17
[1] 7406
[1] 419  27
[1] 7407
[1] 419  35
[1] 7408
[1] 419  37
[1] 7409
[1] 419  37
[1] 7410
[1] 419  56
[1] 7411
[1] 419  35
[1] 7412
[1] 419  86
[1] 7413
[1] 419  76
[1] 7414
[1] 419  86
[1] 7415
[1] 419  56
[1] 7416
[1] 419  26
[1] 7417
[1] 419  16
[1] 7418
[1] 419  61
[1] 7419
[1] 419  40
[1] 7420
[1] 419 101
[1] 7421
[1] 419  78
[1] 7422
[1] 419  75
[1] 7423
[1] 419  47
[1] 7424
[1] 419  54
[1] 7425
[1] 419   9
[1] 7426
[1] 419  57
[1] 7427
[1] 419   8
[1] 7428
[1] 419  52
[1] 7429
[1] 419  50
[1] 7430
[1] 419  57
[1] 7431
[1] 419  36
[1] 7432
[1] 419  36
[1] 7433
[1] 419  52
[1] 7434
[1] 419  17
[1] 7435
[1] 419  23
[1] 7436
[1] 419  29
[1] 7437
[1] 419  12
[1] 7438
[1] 419  65
[1] 7439
[1] 419  57
[1] 7440
[1] 419  40
[1] 7441
[1] 419  49
[1] 7442
[1] 419  26
[1] 7443
[1] 419 162
[1] 7444
[1] 419  31
[1] 7445
[1] 419  38
[1] 7446
[1] 419  26
[1] 7447
[1] 419  32
[1] 7448
[1] 419  43
[1] 7449
[1] 419  32
[1] 7450
[1] 419  41
[1] 7451
[1] 419  34
[1] 7452
[1] 419  33
[1] 7453
[1] 419  37
[1] 7454
[1] 419  33
[1] 7455
[1] 419  65
[1] 7456
[1] 419  32
[1] 7457
[1] 419  18
[1] 7458
[1] 419  30
[1] 7459
[1] 419  21
[1] 7460
[1] 419  19
[1] 7461
[1] 419  35
[1] 7462
[1] 419  63
[1] 7463
[1] 419  38
[1] 7464
[1] 419  52
[1] 7465
[1] 419  21
[1] 7466
[1] 419  51
[1] 7467
[1] 419  21
[1] 7468
[1] 419  66
[1] 7469
[1] 419  62
[1] 7470
[1] 419  29
[1] 7471
[1] 419  48
[1] 7472
[1] 419  53
[1] 7473
[1] 419  38
[1] 7474
[1] 419  37
[1] 7475
[1] 419  32
[1] 7476
[1] 419  20
[1] 7477
[1] 419  55
[1] 7478
[1] 419  54
[1] 7479
[1] 419  61
[1] 7480
[1] 419  45
[1] 7481
[1] 419  13
[1] 7482
[1] 419  34
[1] 7483
[1] 419  52
[1] 7484
[1] 419  38
[1] 7485
[1] 419  58
[1] 7486
[1] 419  36
[1] 7487
[1] 419  33
[1] 7488
[1] 419  33
[1] 7489
[1] 419  31
[1] 7490
[1] 419  31
[1] 7491
[1] 419  29
[1] 7492
[1] 419  39
[1] 7493
[1] 419  17
[1] 7494
[1] 419  21
[1] 7495
[1] 419  44
[1] 7496
[1] 419  40
[1] 7497
[1] 419  54
[1] 7498
[1] 419  60
[1] 7499
[1] 419  31
[1] 7500
[1] 419  50
