[1] 3101
[1] 419 125
[1] 3102
[1] 419  51
[1] 3103
[1] 419  49
[1] 3104
[1] 419  61
[1] 3105
[1] 419  15
[1] 3106
[1] 419  62
[1] 3107
[1] 419  56
[1] 3108
[1] 419  20
[1] 3109
[1] 419  52
[1] 3110
[1] 419  42
[1] 3111
[1] 419  30
[1] 3112
[1] 419  35
[1] 3113
[1] 419  51
[1] 3114
[1] 419  23
[1] 3115
[1] 419  21
[1] 3116
[1] 419  47
[1] 3117
[1] 419  46
[1] 3118
[1] 419  46
[1] 3119
[1] 419  39
[1] 3120
[1] 419  36
[1] 3121
[1] 419  35
[1] 3122
[1] 419  35
[1] 3123
[1] 419  45
[1] 3124
[1] 419  24
[1] 3125
[1] 419  26
[1] 3126
[1] 419  33
[1] 3127
[1] 419  51
[1] 3128
[1] 419  56
[1] 3129
[1] 419  55
[1] 3130
[1] 419  47
[1] 3131
[1] 419  45
[1] 3132
[1] 419  27
[1] 3133
[1] 419  19
[1] 3134
[1] 419  59
[1] 3135
[1] 419  79
[1] 3136
[1] 419  48
[1] 3137
[1] 419  53
[1] 3138
[1] 419  58
[1] 3139
[1] 419  32
[1] 3140
[1] 419  43
[1] 3141
[1] 419  36
[1] 3142
[1] 419  14
[1] 3143
[1] 419  54
[1] 3144
[1] 419  52
[1] 3145
[1] 419  56
[1] 3146
[1] 419  51
[1] 3147
[1] 419  51
[1] 3148
[1] 419  37
[1] 3149
[1] 419  52
[1] 3150
[1] 419  35
[1] 3151
[1] 419  33
[1] 3152
[1] 419  47
[1] 3153
[1] 419  45
[1] 3154
[1] 419  59
[1] 3155
[1] 419  57
[1] 3156
[1] 419  69
[1] 3157
[1] 419  26
[1] 3158
[1] 419  65
[1] 3159
[1] 419  21
[1] 3160
[1] 419  19
[1] 3161
[1] 419  20
[1] 3162
[1] 419  48
[1] 3163
[1] 419  42
[1] 3164
[1] 419  21
[1] 3165
[1] 419  10
[1] 3166
[1] 419  53
[1] 3167
[1] 419  58
[1] 3168
[1] 419  54
[1] 3169
[1] 419  20
[1] 3170
[1] 419  64
[1] 3171
[1] 419  65
[1] 3172
[1] 419  30
[1] 3173
[1] 419  64
[1] 3174
[1] 419  43
[1] 3175
[1] 419  31
[1] 3176
[1] 419  81
[1] 3177
[1] 419  38
[1] 3178
[1] 419  38
[1] 3179
[1] 419  43
[1] 3180
[1] 419  86
[1] 3181
[1] 419  44
[1] 3182
[1] 419  62
[1] 3183
[1] 419  71
[1] 3184
[1] 419  50
[1] 3185
[1] 419  61
[1] 3186
[1] 419  70
[1] 3187
[1] 419  57
[1] 3188
[1] 419  46
[1] 3189
[1] 419  72
[1] 3190
[1] 419  50
[1] 3191
[1] 419  21
[1] 3192
[1] 419  22
[1] 3193
[1] 419  32
[1] 3194
[1] 419  52
[1] 3195
[1] 419  39
[1] 3196
[1] 419  51
[1] 3197
[1] 419  47
[1] 3198
[1] 419  32
[1] 3199
[1] 419  69
[1] 3200
[1] 419  20
