[1] 5001
[1] 419  64
[1] 5002
[1] 419  58
[1] 5003
[1] 419  33
[1] 5004
[1] 419  52
[1] 5005
[1] 419 105
[1] 5006
[1] 419  51
[1] 5007
[1] 419  49
[1] 5008
[1] 419  22
[1] 5009
[1] 419  42
[1] 5010
[1] 419  47
[1] 5011
[1] 419  70
[1] 5012
[1] 419  49
[1] 5013
[1] 419  46
[1] 5014
[1] 419  32
[1] 5015
[1] 419  39
[1] 5016
[1] 419  47
[1] 5017
[1] 419  50
[1] 5018
[1] 419  58
[1] 5019
[1] 419  73
[1] 5020
[1] 419  81
[1] 5021
[1] 419  75
[1] 5022
[1] 419  41
[1] 5023
[1] 419  33
[1] 5024
[1] 419  92
[1] 5025
[1] 419  67
[1] 5026
[1] 419  32
[1] 5027
[1] 419  40
[1] 5028
[1] 419  54
[1] 5029
[1] 419  85
[1] 5030
[1] 419  17
[1] 5031
[1] 419  41
[1] 5032
[1] 419  86
[1] 5033
[1] 419  39
[1] 5034
[1] 419  30
[1] 5035
[1] 419  57
[1] 5036
[1] 419  41
[1] 5037
[1] 419  78
[1] 5038
[1] 419  40
[1] 5039
[1] 419  73
[1] 5040
[1] 419  53
[1] 5041
[1] 419  40
[1] 5042
[1] 419  44
[1] 5043
[1] 419  45
[1] 5044
[1] 419  39
[1] 5045
[1] 419  61
[1] 5046
[1] 419  44
[1] 5047
[1] 419  31
[1] 5048
[1] 419  52
[1] 5049
[1] 419  62
[1] 5050
[1] 419  38
[1] 5051
[1] 419  52
[1] 5052
[1] 419  34
[1] 5053
[1] 419  39
[1] 5054
[1] 419  25
[1] 5055
[1] 419  28
[1] 5056
[1] 419  86
[1] 5057
[1] 419  52
[1] 5058
[1] 419  43
[1] 5059
[1] 419 117
[1] 5060
[1] 419  95
[1] 5061
[1] 419  59
[1] 5062
[1] 419  40
[1] 5063
[1] 419  40
[1] 5064
[1] 419  54
[1] 5065
[1] 419  34
[1] 5066
[1] 419  26
[1] 5067
[1] 419  30
[1] 5068
[1] 419  55
[1] 5069
[1] 419  68
[1] 5070
[1] 419  56
[1] 5071
[1] 419  68
[1] 5072
[1] 419  19
[1] 5073
[1] 419  30
[1] 5074
[1] 419  30
[1] 5075
[1] 419  27
[1] 5076
[1] 419  61
[1] 5077
[1] 419  51
[1] 5078
[1] 419  38
[1] 5079
[1] 419  46
[1] 5080
[1] 419  35
[1] 5081
[1] 419  28
[1] 5082
[1] 419  29
[1] 5083
[1] 419  21
[1] 5084
[1] 419  41
[1] 5085
[1] 419  31
[1] 5086
[1] 419  36
[1] 5087
[1] 419  27
[1] 5088
[1] 419  19
[1] 5089
[1] 419  59
[1] 5090
[1] 419  28
[1] 5091
[1] 419  26
[1] 5092
[1] 419  42
[1] 5093
[1] 419  28
[1] 5094
[1] 419  24
[1] 5095
[1] 419  42
[1] 5096
[1] 419  27
[1] 5097
[1] 419  65
[1] 5098
[1] 419  43
[1] 5099
[1] 419  57
[1] 5100
[1] 419  70
