[1] 4301
[1] 419  25
[1] 4302
[1] 419  28
[1] 4303
[1] 419  26
[1] 4304
[1] 419  88
[1] 4305
[1] 419  60
[1] 4306
[1] 419  48
[1] 4307
[1] 419  48
[1] 4308
[1] 419  55
[1] 4309
[1] 419  48
[1] 4310
[1] 419  73
[1] 4311
[1] 419  16
[1] 4312
[1] 419  48
[1] 4313
[1] 419  17
[1] 4314
[1] 419  53
[1] 4315
[1] 419  28
[1] 4316
[1] 419  46
[1] 4317
[1] 419  51
[1] 4318
[1] 419  34
[1] 4319
[1] 419  25
[1] 4320
[1] 419  35
[1] 4321
[1] 419  23
[1] 4322
[1] 419  24
[1] 4323
[1] 419  23
[1] 4324
[1] 419  48
[1] 4325
[1] 419  28
[1] 4326
[1] 419  59
[1] 4327
[1] 419  66
[1] 4328
[1] 419  41
[1] 4329
[1] 419  59
[1] 4330
[1] 419 113
[1] 4331
[1] 419  70
[1] 4332
[1] 419  56
[1] 4333
[1] 419  31
[1] 4334
[1] 419  29
[1] 4335
[1] 419  61
[1] 4336
[1] 419  60
[1] 4337
[1] 419  55
[1] 4338
[1] 419  58
[1] 4339
[1] 419  64
[1] 4340
[1] 419  70
[1] 4341
[1] 419  47
[1] 4342
[1] 419  49
[1] 4343
[1] 419  60
[1] 4344
[1] 419  54
[1] 4345
[1] 419 114
[1] 4346
[1] 419  75
[1] 4347
[1] 419  61
[1] 4348
[1] 419  81
[1] 4349
[1] 419  31
[1] 4350
[1] 419  33
[1] 4351
[1] 419  53
[1] 4352
[1] 419  82
[1] 4353
[1] 419  76
[1] 4354
[1] 419 113
[1] 4355
[1] 419  60
[1] 4356
[1] 419  54
[1] 4357
[1] 419  71
[1] 4358
[1] 419  67
[1] 4359
[1] 419  59
[1] 4360
[1] 419  48
[1] 4361
[1] 419  80
[1] 4362
[1] 419  68
[1] 4363
[1] 419  48
[1] 4364
[1] 419  58
[1] 4365
[1] 419  52
[1] 4366
[1] 419  35
[1] 4367
[1] 419  18
[1] 4368
[1] 419  60
[1] 4369
[1] 419  72
[1] 4370
[1] 419  44
[1] 4371
[1] 419 150
[1] 4372
[1] 419  44
[1] 4373
[1] 419  57
[1] 4374
[1] 419  92
[1] 4375
[1] 419  24
[1] 4376
[1] 419  49
[1] 4377
[1] 419  89
[1] 4378
[1] 419  56
[1] 4379
[1] 419  71
[1] 4380
[1] 419  28
[1] 4381
[1] 419  57
[1] 4382
[1] 419  34
[1] 4383
[1] 419  31
[1] 4384
[1] 419  62
[1] 4385
[1] 419  62
[1] 4386
[1] 419  55
[1] 4387
[1] 419  69
[1] 4388
[1] 419  66
[1] 4389
[1] 419  30
[1] 4390
[1] 419  53
[1] 4391
[1] 419  34
[1] 4392
[1] 419  19
[1] 4393
[1] 419  18
[1] 4394
[1] 419  40
[1] 4395
[1] 419  53
[1] 4396
[1] 419  69
[1] 4397
[1] 419  89
[1] 4398
[1] 419  39
[1] 4399
[1] 419  59
[1] 4400
[1] 419  40
