[1] 2601
[1] 419  62
[1] 2602
[1] 419  41
[1] 2603
[1] 419  60
[1] 2604
[1] 419  52
[1] 2605
[1] 419  46
[1] 2606
[1] 419  54
[1] 2607
[1] 419  65
[1] 2608
[1] 419  41
[1] 2609
[1] 419  32
[1] 2610
[1] 419  59
[1] 2611
[1] 419  33
[1] 2612
[1] 419  28
[1] 2613
[1] 419  34
[1] 2614
[1] 419  50
[1] 2615
[1] 419  85
[1] 2616
[1] 419  60
[1] 2617
[1] 419  47
[1] 2618
[1] 419  43
[1] 2619
[1] 419  47
[1] 2620
[1] 419  59
[1] 2621
[1] 419  37
[1] 2622
[1] 419  81
[1] 2623
[1] 419  52
[1] 2624
[1] 419  37
[1] 2625
[1] 419  50
[1] 2626
[1] 419  55
[1] 2627
[1] 419  78
[1] 2628
[1] 419  41
[1] 2629
[1] 419  52
[1] 2630
[1] 419  55
[1] 2631
[1] 419  29
[1] 2632
[1] 419  37
[1] 2633
[1] 419  90
[1] 2634
[1] 419  66
[1] 2635
[1] 419  63
[1] 2636
[1] 419  38
[1] 2637
[1] 419  31
[1] 2638
[1] 419  54
[1] 2639
[1] 419  59
[1] 2640
[1] 419  67
[1] 2641
[1] 419  61
[1] 2642
[1] 419  62
[1] 2643
[1] 419  53
[1] 2644
[1] 419  68
[1] 2645
[1] 419  52
[1] 2646
[1] 419 100
[1] 2647
[1] 419  52
[1] 2648
[1] 419  59
[1] 2649
[1] 419  58
[1] 2650
[1] 419  76
[1] 2651
[1] 419  51
[1] 2652
[1] 419  59
[1] 2653
[1] 419  31
[1] 2654
[1] 419  28
[1] 2655
[1] 419  27
[1] 2656
[1] 419  54
[1] 2657
[1] 419  56
[1] 2658
[1] 419  59
[1] 2659
[1] 419  65
[1] 2660
[1] 419  69
[1] 2661
[1] 419  22
[1] 2662
[1] 419  54
[1] 2663
[1] 419  55
[1] 2664
[1] 419  43
[1] 2665
[1] 419  52
[1] 2666
[1] 419  79
[1] 2667
[1] 419  88
[1] 2668
[1] 419  51
[1] 2669
[1] 419  61
[1] 2670
[1] 419  75
[1] 2671
[1] 419  67
[1] 2672
[1] 419  23
[1] 2673
[1] 419  63
[1] 2674
[1] 419  49
[1] 2675
[1] 419  33
[1] 2676
[1] 419  42
[1] 2677
[1] 419  44
[1] 2678
[1] 419  89
[1] 2679
[1] 419 237
[1] 2680
[1] 419 109
[1] 2681
[1] 419 106
[1] 2682
[1] 419  81
[1] 2683
[1] 419  48
[1] 2684
[1] 419 105
[1] 2685
[1] 419  65
[1] 2686
[1] 419  56
[1] 2687
[1] 419  66
[1] 2688
[1] 419  30
[1] 2689
[1] 419  31
[1] 2690
[1] 419  37
[1] 2691
[1] 419  40
[1] 2692
[1] 419  43
[1] 2693
[1] 419  37
[1] 2694
[1] 419  44
[1] 2695
[1] 419  80
[1] 2696
[1] 419  22
[1] 2697
[1] 419  24
[1] 2698
[1] 419 113
[1] 2699
[1] 419  42
[1] 2700
[1] 419  61
