[1] 10101
[1] 419  41
[1] 10102
[1] 419  19
[1] 10103
[1] 419  84
[1] 10104
[1] 419  72
[1] 10105
[1] 419  86
[1] 10106
[1] 419  50
[1] 10107
[1] 419  31
[1] 10108
[1] 419  18
[1] 10109
[1] 419  72
[1] 10110
[1] 419 322
[1] 10111
[1] 419  31
[1] 10112
[1] 419  35
[1] 10113
[1] 419  48
[1] 10114
[1] 419  48
[1] 10115
[1] 419  49
[1] 10116
[1] 419  73
[1] 10117
[1] 419  26
[1] 10118
[1] 419  53
[1] 10119
[1] 419  45
[1] 10120
[1] 419  26
[1] 10121
[1] 419  64
[1] 10122
[1] 419  17
[1] 10123
[1] 419  72
[1] 10124
[1] 419  28
[1] 10125
[1] 419  67
[1] 10126
[1] 419  63
[1] 10127
[1] 419  81
[1] 10128
[1] 419  41
[1] 10129
[1] 419  37
[1] 10130
[1] 419  67
[1] 10131
[1] 419  57
[1] 10132
[1] 419  20
[1] 10133
[1] 419  43
[1] 10134
[1] 419   9
[1] 10135
[1] 419  46
[1] 10136
[1] 419  42
[1] 10137
[1] 419  25
[1] 10138
[1] 419  37
[1] 10139
[1] 419  46
[1] 10140
[1] 419  59
[1] 10141
[1] 419  90
[1] 10142
[1] 419  14
[1] 10143
[1] 419  50
[1] 10144
[1] 419  21
[1] 10145
[1] 419  32
[1] 10146
[1] 419  39
[1] 10147
[1] 419  22
[1] 10148
[1] 419  39
[1] 10149
[1] 419  42
[1] 10150
[1] 419  38
[1] 10151
[1] 419  58
[1] 10152
[1] 419  26
[1] 10153
[1] 419  61
[1] 10154
[1] 419  13
[1] 10155
[1] 419  30
[1] 10156
[1] 419  48
[1] 10157
[1] 419  25
[1] 10158
[1] 419  39
[1] 10159
[1] 419  39
[1] 10160
[1] 419  36
[1] 10161
[1] 419  26
[1] 10162
[1] 419  37
[1] 10163
[1] 419  14
[1] 10164
[1] 419  27
[1] 10165
[1] 419  53
[1] 10166
[1] 419  95
[1] 10167
[1] 419  27
[1] 10168
[1] 419   6
[1] 10169
[1] 419  28
[1] 10170
[1] 419  56
[1] 10171
[1] 419  53
[1] 10172
[1] 419  63
[1] 10173
[1] 419  75
[1] 10174
[1] 419  18
[1] 10175
[1] 419  17
[1] 10176
[1] 419  23
[1] 10177
[1] 419  56
[1] 10178
[1] 419  39
[1] 10179
[1] 419  38
[1] 10180
[1] 419  49
[1] 10181
[1] 419  59
[1] 10182
[1] 419  80
[1] 10183
[1] 419  71
[1] 10184
[1] 419  17
[1] 10185
[1] 419  58
[1] 10186
[1] 419  43
[1] 10187
[1] 419  54
[1] 10188
[1] 419  50
[1] 10189
[1] 419  49
[1] 10190
[1] 419  38
[1] 10191
[1] 419 101
[1] 10192
[1] 419  60
[1] 10193
[1] 419  17
[1] 10194
[1] 419  94
[1] 10195
[1] 419  53
[1] 10196
[1] 419  38
[1] 10197
[1] 419  94
[1] 10198
[1] 419  25
[1] 10199
[1] 419  52
[1] 10200
[1] 419  39
