[1] 1501
[1] 419  63
[1] 1502
[1] 419  63
[1] 1503
[1] 419  61
[1] 1504
[1] 419  53
[1] 1505
[1] 419  50
[1] 1506
[1] 419  38
[1] 1507
[1] 419  83
[1] 1508
[1] 419  49
[1] 1509
[1] 419  44
[1] 1510
[1] 419  36
[1] 1511
[1] 419  41
[1] 1512
[1] 419  38
[1] 1513
[1] 419  59
[1] 1514
[1] 419  82
[1] 1515
[1] 419  81
[1] 1516
[1] 419  88
[1] 1517
[1] 419  59
[1] 1518
[1] 419  57
[1] 1519
[1] 419  56
[1] 1520
[1] 419  40
[1] 1521
[1] 419  29
[1] 1522
[1] 419  66
[1] 1523
[1] 419  62
[1] 1524
[1] 419  79
[1] 1525
[1] 419  24
[1] 1526
[1] 419  73
[1] 1527
[1] 419  94
[1] 1528
[1] 419  21
[1] 1529
[1] 419  24
[1] 1530
[1] 419  32
[1] 1531
[1] 419  29
[1] 1532
[1] 419  30
[1] 1533
[1] 419  22
[1] 1534
[1] 419  22
[1] 1535
[1] 419  21
[1] 1536
[1] 419  88
[1] 1537
[1] 419  20
[1] 1538
[1] 419  21
[1] 1539
[1] 419  71
[1] 1540
[1] 419  39
[1] 1541
[1] 419  72
[1] 1542
[1] 419  70
[1] 1543
[1] 419  11
[1] 1544
[1] 419  63
[1] 1545
[1] 419  63
[1] 1546
[1] 419  61
[1] 1547
[1] 419  39
[1] 1548
[1] 419  41
[1] 1549
[1] 419  36
[1] 1550
[1] 419  46
[1] 1551
[1] 419  57
[1] 1552
[1] 419  47
[1] 1553
[1] 419  74
[1] 1554
[1] 419  79
[1] 1555
[1] 419  37
[1] 1556
[1] 419  40
[1] 1557
[1] 419  52
[1] 1558
[1] 419  41
[1] 1559
[1] 419  44
[1] 1560
[1] 419  49
[1] 1561
[1] 419  36
[1] 1562
[1] 419  43
[1] 1563
[1] 419  42
[1] 1564
[1] 419  43
[1] 1565
[1] 419  29
[1] 1566
[1] 419  64
[1] 1567
[1] 419  44
[1] 1568
[1] 419  70
[1] 1569
[1] 419  58
[1] 1570
[1] 419  72
[1] 1571
[1] 419  58
[1] 1572
[1] 419  81
[1] 1573
[1] 419  52
[1] 1574
[1] 419  60
[1] 1575
[1] 419  53
[1] 1576
[1] 419  65
[1] 1577
[1] 419  27
[1] 1578
[1] 419  30
[1] 1579
[1] 419  97
[1] 1580
[1] 419  36
[1] 1581
[1] 419  48
[1] 1582
[1] 419  34
[1] 1583
[1] 419  45
[1] 1584
[1] 419  77
[1] 1585
[1] 419  25
[1] 1586
[1] 419  49
[1] 1587
[1] 419  30
[1] 1588
[1] 419  57
[1] 1589
[1] 419  58
[1] 1590
[1] 419  48
[1] 1591
[1] 419  79
[1] 1592
[1] 419  51
[1] 1593
[1] 419  51
[1] 1594
[1] 419  69
[1] 1595
[1] 419  72
[1] 1596
[1] 419  37
[1] 1597
[1] 419  69
[1] 1598
[1] 419 107
[1] 1599
[1] 419  57
[1] 1600
[1] 419 111
