[1] 10001
[1] 419 379
[1] 10002
[1] 419  33
[1] 10003
[1] 419 269
[1] 10004
[1] 419 235
[1] 10005
[1] 419  42
[1] 10006
[1] 419  44
[1] 10007
[1] 419  46
[1] 10008
[1] 419 187
[1] 10009
[1] 419  74
[1] 10010
[1] 419 176
[1] 10011
[1] 419 173
[1] 10012
[1] 419 167
[1] 10013
[1] 419  27
[1] 10014
[1] 419 175
[1] 10015
[1] 419  51
[1] 10016
[1] 419 173
[1] 10017
[1] 419 168
[1] 10018
[1] 419 175
[1] 10019
[1] 419  48
[1] 10020
[1] 419 252
[1] 10021
[1] 419 246
[1] 10022
[1] 419 255
[1] 10023
[1] 419  57
[1] 10024
[1] 419  51
[1] 10025
[1] 419 436
[1] 10026
[1] 419 425
[1] 10027
[1] 419 418
[1] 10028
[1] 419 197
[1] 10029
[1] 419 193
[1] 10030
[1] 419 211
[1] 10031
[1] 419 214
[1] 10032
[1] 419 203
[1] 10033
[1] 419 190
[1] 10034
[1] 419  70
[1] 10035
[1] 419  71
[1] 10036
[1] 419 274
[1] 10037
[1] 419  31
[1] 10038
[1] 419  96
[1] 10039
[1] 419  41
[1] 10040
[1] 419 303
[1] 10041
[1] 419  22
[1] 10042
[1] 419  49
[1] 10043
[1] 419  27
[1] 10044
[1] 419  66
[1] 10045
[1] 419   1
[1] 10046
[1] 419  18
[1] 10047
[1] 419  29
[1] 10048
[1] 419  23
[1] 10049
[1] 419  24
[1] 10050
[1] 419  14
[1] 10051
[1] 419  36
[1] 10052
[1] 419  64
[1] 10053
[1] 419  46
[1] 10054
[1] 419  34
[1] 10055
[1] 419  56
[1] 10056
[1] 419  23
[1] 10057
[1] 419  50
[1] 10058
[1] 419  58
[1] 10059
[1] 419  31
[1] 10060
[1] 419  36
[1] 10061
[1] 419  65
[1] 10062
[1] 419  59
[1] 10063
[1] 419  53
[1] 10064
[1] 419  97
[1] 10065
[1] 419  34
[1] 10066
[1] 419  41
[1] 10067
[1] 419  59
[1] 10068
[1] 419  37
[1] 10069
[1] 419  40
[1] 10070
[1] 419  50
[1] 10071
[1] 419  18
[1] 10072
[1] 419  56
[1] 10073
[1] 419  13
[1] 10074
[1] 419  20
[1] 10075
[1] 419  25
[1] 10076
[1] 419  14
[1] 10077
[1] 419  32
[1] 10078
[1] 419  68
[1] 10079
[1] 419  39
[1] 10080
[1] 419  43
[1] 10081
[1] 419  33
[1] 10082
[1] 419  41
[1] 10083
[1] 419  28
[1] 10084
[1] 419  44
[1] 10085
[1] 419  57
[1] 10086
[1] 419  39
[1] 10087
[1] 419  59
[1] 10088
[1] 419  92
[1] 10089
[1] 419  64
[1] 10090
[1] 419  64
[1] 10091
[1] 419   0
[1] 10092
[1] 419   0
[1] 10093
[1] 419  58
[1] 10094
[1] 419  22
[1] 10095
[1] 419  45
[1] 10096
[1] 419  69
[1] 10097
[1] 419  47
[1] 10098
[1] 419  64
[1] 10099
[1] 419  60
