[1] 1401
[1] 419  74
[1] 1402
[1] 419  66
[1] 1403
[1] 419  78
[1] 1404
[1] 419  67
[1] 1405
[1] 419  65
[1] 1406
[1] 419  63
[1] 1407
[1] 419  71
[1] 1408
[1] 419  69
[1] 1409
[1] 419  62
[1] 1410
[1] 419  81
[1] 1411
[1] 419  65
[1] 1412
[1] 419  65
[1] 1413
[1] 419  63
[1] 1414
[1] 419  31
[1] 1415
[1] 419  34
[1] 1416
[1] 419  44
[1] 1417
[1] 419  35
[1] 1418
[1] 419  34
[1] 1419
[1] 419  63
[1] 1420
[1] 419  89
[1] 1421
[1] 419  61
[1] 1422
[1] 419  55
[1] 1423
[1] 419  79
[1] 1424
[1] 419  43
[1] 1425
[1] 419  43
[1] 1426
[1] 419  43
[1] 1427
[1] 419  43
[1] 1428
[1] 419  40
[1] 1429
[1] 419  43
[1] 1430
[1] 419  52
[1] 1431
[1] 419  29
[1] 1432
[1] 419  45
[1] 1433
[1] 419  51
[1] 1434
[1] 419  56
[1] 1435
[1] 419  57
[1] 1436
[1] 419  58
[1] 1437
[1] 419  56
[1] 1438
[1] 419  37
[1] 1439
[1] 419  64
[1] 1440
[1] 419  57
[1] 1441
[1] 419  60
[1] 1442
[1] 419  54
[1] 1443
[1] 419  74
[1] 1444
[1] 419  42
[1] 1445
[1] 419  50
[1] 1446
[1] 419  33
[1] 1447
[1] 419  56
[1] 1448
[1] 419  52
[1] 1449
[1] 419  49
[1] 1450
[1] 419 102
[1] 1451
[1] 419  52
[1] 1452
[1] 419  97
[1] 1453
[1] 419  30
[1] 1454
[1] 419  52
[1] 1455
[1] 419  98
[1] 1456
[1] 419  42
[1] 1457
[1] 419  96
[1] 1458
[1] 419  44
[1] 1459
[1] 419  46
[1] 1460
[1] 419  18
[1] 1461
[1] 419  49
[1] 1462
[1] 419  50
[1] 1463
[1] 419  29
[1] 1464
[1] 419  36
[1] 1465
[1] 419  41
[1] 1466
[1] 419  64
[1] 1467
[1] 419  35
[1] 1468
[1] 419  37
[1] 1469
[1] 419  31
[1] 1470
[1] 419  32
[1] 1471
[1] 419  33
[1] 1472
[1] 419  34
[1] 1473
[1] 419  39
[1] 1474
[1] 419  35
[1] 1475
[1] 419  34
[1] 1476
[1] 419  86
[1] 1477
[1] 419  38
[1] 1478
[1] 419  83
[1] 1479
[1] 419  35
[1] 1480
[1] 419  61
[1] 1481
[1] 419  67
[1] 1482
[1] 419  96
[1] 1483
[1] 419  86
[1] 1484
[1] 419  40
[1] 1485
[1] 419  59
[1] 1486
[1] 419  38
[1] 1487
[1] 419  76
[1] 1488
[1] 419  43
[1] 1489
[1] 419  83
[1] 1490
[1] 419  63
[1] 1491
[1] 419  42
[1] 1492
[1] 419  46
[1] 1493
[1] 419  61
[1] 1494
[1] 419  64
[1] 1495
[1] 419  63
[1] 1496
[1] 419  62
[1] 1497
[1] 419  53
[1] 1498
[1] 419  63
[1] 1499
[1] 419  42
[1] 1500
[1] 419  51
