[1] 301
[1] 419  29
[1] 302
[1] 419  25
[1] 303
[1] 419  50
[1] 304
[1] 419  41
[1] 305
[1] 419  43
[1] 306
[1] 419  38
[1] 307
[1] 419  73
[1] 308
[1] 419  64
[1] 309
[1] 419  61
[1] 310
[1] 419  72
[1] 311
[1] 419  29
[1] 312
[1] 419  75
[1] 313
[1] 419  73
[1] 314
[1] 419  78
[1] 315
[1] 419  66
[1] 316
[1] 419  44
[1] 317
[1] 419  46
[1] 318
[1] 419  32
[1] 319
[1] 419  59
[1] 320
[1] 419  52
[1] 321
[1] 419  46
[1] 322
[1] 419  32
[1] 323
[1] 419  29
[1] 324
[1] 419  24
[1] 325
[1] 419  42
[1] 326
[1] 419  63
[1] 327
[1] 419  31
[1] 328
[1] 419  48
[1] 329
[1] 419  43
[1] 330
[1] 419  27
[1] 331
[1] 419  34
[1] 332
[1] 419  59
[1] 333
[1] 419  55
[1] 334
[1] 419  48
[1] 335
[1] 419  28
[1] 336
[1] 419  64
[1] 337
[1] 419  52
[1] 338
[1] 419  44
[1] 339
[1] 419  46
[1] 340
[1] 419  21
[1] 341
[1] 419  52
[1] 342
[1] 419  71
[1] 343
[1] 419  52
[1] 344
[1] 419  56
[1] 345
[1] 419  44
[1] 346
[1] 419  35
[1] 347
[1] 419  51
[1] 348
[1] 419  71
[1] 349
[1] 419  42
[1] 350
[1] 419  64
[1] 351
[1] 419  15
[1] 352
[1] 419  88
[1] 353
[1] 419  57
[1] 354
[1] 419 108
[1] 355
[1] 419  96
[1] 356
[1] 419  36
[1] 357
[1] 419  34
[1] 358
[1] 419  62
[1] 359
[1] 419  12
[1] 360
[1] 419  84
[1] 361
[1] 419  42
[1] 362
[1] 419  48
[1] 363
[1] 419  75
[1] 364
[1] 419  58
[1] 365
[1] 419  93
[1] 366
[1] 419  37
[1] 367
[1] 419  63
[1] 368
[1] 419  42
[1] 369
[1] 419  55
[1] 370
[1] 419  60
[1] 371
[1] 419  38
[1] 372
[1] 419  54
[1] 373
[1] 419  64
[1] 374
[1] 419  48
[1] 375
[1] 419  39
[1] 376
[1] 419  65
[1] 377
[1] 419  62
[1] 378
[1] 419  33
[1] 379
[1] 419  55
[1] 380
[1] 419  34
[1] 381
[1] 419  56
[1] 382
[1] 419  44
[1] 383
[1] 419  36
[1] 384
[1] 419  28
[1] 385
[1] 419  97
[1] 386
[1] 419  24
[1] 387
[1] 419  59
[1] 388
[1] 419  77
[1] 389
[1] 419  58
[1] 390
[1] 419  62
[1] 391
[1] 419  31
[1] 392
[1] 419  77
[1] 393
[1] 419  47
[1] 394
[1] 419  31
[1] 395
[1] 419  78
[1] 396
[1] 419  64
[1] 397
[1] 419  63
[1] 398
[1] 419  21
[1] 399
[1] 419  60
[1] 400
[1] 419  46
