[1] 4701
[1] 419  65
[1] 4702
[1] 419  61
[1] 4703
[1] 419  69
[1] 4704
[1] 419  31
[1] 4705
[1] 419  52
[1] 4706
[1] 419  43
[1] 4707
[1] 419  54
[1] 4708
[1] 419  52
[1] 4709
[1] 419  50
[1] 4710
[1] 419  50
[1] 4711
[1] 419  52
[1] 4712
[1] 419  25
[1] 4713
[1] 419  26
[1] 4714
[1] 419  31
[1] 4715
[1] 419  41
[1] 4716
[1] 419  32
[1] 4717
[1] 419  42
[1] 4718
[1] 419  42
[1] 4719
[1] 419  42
[1] 4720
[1] 419  54
[1] 4721
[1] 419  20
[1] 4722
[1] 419  54
[1] 4723
[1] 419  43
[1] 4724
[1] 419  94
[1] 4725
[1] 419  39
[1] 4726
[1] 419  38
[1] 4727
[1] 419  50
[1] 4728
[1] 419  19
[1] 4729
[1] 419  42
[1] 4730
[1] 419  52
[1] 4731
[1] 419  36
[1] 4732
[1] 419  24
[1] 4733
[1] 419  50
[1] 4734
[1] 419  15
[1] 4735
[1] 419  42
[1] 4736
[1] 419  64
[1] 4737
[1] 419  15
[1] 4738
[1] 419  48
[1] 4739
[1] 419  49
[1] 4740
[1] 419  54
[1] 4741
[1] 419  52
[1] 4742
[1] 419  63
[1] 4743
[1] 419  52
[1] 4744
[1] 419  20
[1] 4745
[1] 419 102
[1] 4746
[1] 419  22
[1] 4747
[1] 419  32
[1] 4748
[1] 419  78
[1] 4749
[1] 419  25
[1] 4750
[1] 419  67
[1] 4751
[1] 419  46
[1] 4752
[1] 419  43
[1] 4753
[1] 419  47
[1] 4754
[1] 419  44
[1] 4755
[1] 419  52
[1] 4756
[1] 419  32
[1] 4757
[1] 419  55
[1] 4758
[1] 419  46
[1] 4759
[1] 419  37
[1] 4760
[1] 419  36
[1] 4761
[1] 419  82
[1] 4762
[1] 419  71
[1] 4763
[1] 419  22
[1] 4764
[1] 419  64
[1] 4765
[1] 419  32
[1] 4766
[1] 419  45
[1] 4767
[1] 419  59
[1] 4768
[1] 419  23
[1] 4769
[1] 419  45
[1] 4770
[1] 419  58
[1] 4771
[1] 419  35
[1] 4772
[1] 419  54
[1] 4773
[1] 419  52
[1] 4774
[1] 419  45
[1] 4775
[1] 419  26
[1] 4776
[1] 419  28
[1] 4777
[1] 419  51
[1] 4778
[1] 419  53
[1] 4779
[1] 419  56
[1] 4780
[1] 419  41
[1] 4781
[1] 419  26
[1] 4782
[1] 419  11
[1] 4783
[1] 419  26
[1] 4784
[1] 419  47
[1] 4785
[1] 419  51
[1] 4786
[1] 419  60
[1] 4787
[1] 419  88
[1] 4788
[1] 419  40
[1] 4789
[1] 419  56
[1] 4790
[1] 419  54
[1] 4791
[1] 419  38
[1] 4792
[1] 419  33
[1] 4793
[1] 419  47
[1] 4794
[1] 419  37
[1] 4795
[1] 419  62
[1] 4796
[1] 419  47
[1] 4797
[1] 419  31
[1] 4798
[1] 419  40
[1] 4799
[1] 419  47
[1] 4800
[1] 419  71
