[1] 2001
[1] 419  74
[1] 2002
[1] 419  49
[1] 2003
[1] 419  55
[1] 2004
[1] 419  44
[1] 2005
[1] 419  61
[1] 2006
[1] 419  47
[1] 2007
[1] 419  53
[1] 2008
[1] 419  48
[1] 2009
[1] 419  46
[1] 2010
[1] 419  28
[1] 2011
[1] 419  38
[1] 2012
[1] 419  44
[1] 2013
[1] 419  48
[1] 2014
[1] 419  55
[1] 2015
[1] 419  56
[1] 2016
[1] 419  31
[1] 2017
[1] 419  56
[1] 2018
[1] 419  31
[1] 2019
[1] 419  41
[1] 2020
[1] 419  66
[1] 2021
[1] 419  37
[1] 2022
[1] 419  53
[1] 2023
[1] 419  65
[1] 2024
[1] 419  47
[1] 2025
[1] 419  66
[1] 2026
[1] 419  28
[1] 2027
[1] 419  49
[1] 2028
[1] 419  62
[1] 2029
[1] 419  27
[1] 2030
[1] 419  47
[1] 2031
[1] 419  44
[1] 2032
[1] 419  57
[1] 2033
[1] 419  54
[1] 2034
[1] 419  50
[1] 2035
[1] 419  23
[1] 2036
[1] 419  53
[1] 2037
[1] 419  68
[1] 2038
[1] 419  71
[1] 2039
[1] 419  61
[1] 2040
[1] 419  58
[1] 2041
[1] 419  40
[1] 2042
[1] 419  15
[1] 2043
[1] 419  31
[1] 2044
[1] 419  77
[1] 2045
[1] 419  10
[1] 2046
[1] 419  67
[1] 2047
[1] 419  75
[1] 2048
[1] 419  73
[1] 2049
[1] 419  81
[1] 2050
[1] 419  76
[1] 2051
[1] 419  80
[1] 2052
[1] 419  81
[1] 2053
[1] 419  61
[1] 2054
[1] 419  74
[1] 2055
[1] 419  58
[1] 2056
[1] 419  42
[1] 2057
[1] 419  78
[1] 2058
[1] 419  81
[1] 2059
[1] 419  43
[1] 2060
[1] 419  76
[1] 2061
[1] 419  68
[1] 2062
[1] 419  30
[1] 2063
[1] 419  30
[1] 2064
[1] 419  25
[1] 2065
[1] 419  22
[1] 2066
[1] 419  24
[1] 2067
[1] 419  59
[1] 2068
[1] 419  58
[1] 2069
[1] 419  56
[1] 2070
[1] 419  77
[1] 2071
[1] 419  74
[1] 2072
[1] 419  55
[1] 2073
[1] 419  65
[1] 2074
[1] 419  47
[1] 2075
[1] 419  39
[1] 2076
[1] 419  40
[1] 2077
[1] 419  38
[1] 2078
[1] 419  69
[1] 2079
[1] 419  71
[1] 2080
[1] 419  46
[1] 2081
[1] 419  81
[1] 2082
[1] 419  79
[1] 2083
[1] 419  46
[1] 2084
[1] 419  45
[1] 2085
[1] 419  27
[1] 2086
[1] 419  73
[1] 2087
[1] 419  42
[1] 2088
[1] 419  38
[1] 2089
[1] 419   9
[1] 2090
[1] 419  38
[1] 2091
[1] 419  12
[1] 2092
[1] 419  70
[1] 2093
[1] 419  36
[1] 2094
[1] 419  57
[1] 2095
[1] 419  65
[1] 2096
[1] 419  79
[1] 2097
[1] 419  49
[1] 2098
[1] 419  45
[1] 2099
[1] 419  22
[1] 2100
[1] 419  32
