[1] 5601
[1] 419  58
[1] 5602
[1] 419  90
[1] 5603
[1] 419 127
[1] 5604
[1] 419  79
[1] 5605
[1] 419 119
[1] 5606
[1] 419  51
[1] 5607
[1] 419  45
[1] 5608
[1] 419  14
[1] 5609
[1] 419  52
[1] 5610
[1] 419  29
[1] 5611
[1] 419  43
[1] 5612
[1] 419  59
[1] 5613
[1] 419  50
[1] 5614
[1] 419  46
[1] 5615
[1] 419  42
[1] 5616
[1] 419  39
[1] 5617
[1] 419  70
[1] 5618
[1] 419  20
[1] 5619
[1] 419  89
[1] 5620
[1] 419  53
[1] 5621
[1] 419  64
[1] 5622
[1] 419  53
[1] 5623
[1] 419  38
[1] 5624
[1] 419  63
[1] 5625
[1] 419  60
[1] 5626
[1] 419  39
[1] 5627
[1] 419  57
[1] 5628
[1] 419  16
[1] 5629
[1] 419  57
[1] 5630
[1] 419  55
[1] 5631
[1] 419  80
[1] 5632
[1] 419  66
[1] 5633
[1] 419  60
[1] 5634
[1] 419  70
[1] 5635
[1] 419 105
[1] 5636
[1] 419  38
[1] 5637
[1] 419  62
[1] 5638
[1] 419  54
[1] 5639
[1] 419  50
[1] 5640
[1] 419  36
[1] 5641
[1] 419  59
[1] 5642
[1] 419  69
[1] 5643
[1] 419  65
[1] 5644
[1] 419  64
[1] 5645
[1] 419 110
[1] 5646
[1] 419  61
[1] 5647
[1] 419  23
[1] 5648
[1] 419  19
[1] 5649
[1] 419  24
[1] 5650
[1] 419  34
[1] 5651
[1] 419  39
[1] 5652
[1] 419   1
[1] 5653
[1] 419  40
[1] 5654
[1] 419  45
[1] 5655
[1] 419  51
[1] 5656
[1] 419  44
[1] 5657
[1] 419  99
[1] 5658
[1] 419  65
[1] 5659
[1] 419  46
[1] 5660
[1] 419  30
[1] 5661
[1] 419  70
[1] 5662
[1] 419  43
[1] 5663
[1] 419  46
[1] 5664
[1] 419  53
[1] 5665
[1] 419  40
[1] 5666
[1] 419  58
[1] 5667
[1] 419  63
[1] 5668
[1] 419  29
[1] 5669
[1] 419  56
[1] 5670
[1] 419  87
[1] 5671
[1] 419  56
[1] 5672
[1] 419  53
[1] 5673
[1] 419  51
[1] 5674
[1] 419  55
[1] 5675
[1] 419  54
[1] 5676
[1] 419  83
[1] 5677
[1] 419 156
[1] 5678
[1] 419  63
[1] 5679
[1] 419  60
[1] 5680
[1] 419 115
[1] 5681
[1] 419 147
[1] 5682
[1] 419  26
[1] 5683
[1] 419  35
[1] 5684
[1] 419  31
[1] 5685
[1] 419  37
[1] 5686
[1] 419  39
[1] 5687
[1] 419  62
[1] 5688
[1] 419  61
[1] 5689
[1] 419  43
[1] 5690
[1] 419  48
[1] 5691
[1] 419  36
[1] 5692
[1] 419  34
[1] 5693
[1] 419  55
[1] 5694
[1] 419  34
[1] 5695
[1] 419  38
[1] 5696
[1] 419  61
[1] 5697
[1] 419  26
[1] 5698
[1] 419  31
[1] 5699
[1] 419  39
[1] 5700
[1] 419  29
