[1] 5101
[1] 419  97
[1] 5102
[1] 419  49
[1] 5103
[1] 419  58
[1] 5104
[1] 419  62
[1] 5105
[1] 419  57
[1] 5106
[1] 419  65
[1] 5107
[1] 419  92
[1] 5108
[1] 419  81
[1] 5109
[1] 419  70
[1] 5110
[1] 419  30
[1] 5111
[1] 419  38
[1] 5112
[1] 419  61
[1] 5113
[1] 419  50
[1] 5114
[1] 419  23
[1] 5115
[1] 419  61
[1] 5116
[1] 419  62
[1] 5117
[1] 419  49
[1] 5118
[1] 419  58
[1] 5119
[1] 419  62
[1] 5120
[1] 419  54
[1] 5121
[1] 419  54
[1] 5122
[1] 419  40
[1] 5123
[1] 419  42
[1] 5124
[1] 419  46
[1] 5125
[1] 419  15
[1] 5126
[1] 419  66
[1] 5127
[1] 419  29
[1] 5128
[1] 419  17
[1] 5129
[1] 419  24
[1] 5130
[1] 419  50
[1] 5131
[1] 419  50
[1] 5132
[1] 419  54
[1] 5133
[1] 419  58
[1] 5134
[1] 419  65
[1] 5135
[1] 419  34
[1] 5136
[1] 419  19
[1] 5137
[1] 419  34
[1] 5138
[1] 419  26
[1] 5139
[1] 419  42
[1] 5140
[1] 419  45
[1] 5141
[1] 419  22
[1] 5142
[1] 419  61
[1] 5143
[1] 419  57
[1] 5144
[1] 419  18
[1] 5145
[1] 419  17
[1] 5146
[1] 419  51
[1] 5147
[1] 419  65
[1] 5148
[1] 419  95
[1] 5149
[1] 419  27
[1] 5150
[1] 419  31
[1] 5151
[1] 419  42
[1] 5152
[1] 419  25
[1] 5153
[1] 419  62
[1] 5154
[1] 419  58
[1] 5155
[1] 419  35
[1] 5156
[1] 419  36
[1] 5157
[1] 419  72
[1] 5158
[1] 419  59
[1] 5159
[1] 419  61
[1] 5160
[1] 419  79
[1] 5161
[1] 419  61
[1] 5162
[1] 419  37
[1] 5163
[1] 419  71
[1] 5164
[1] 419  61
[1] 5165
[1] 419  64
[1] 5166
[1] 419 116
[1] 5167
[1] 419  55
[1] 5168
[1] 419  71
[1] 5169
[1] 419  67
[1] 5170
[1] 419  41
[1] 5171
[1] 419  52
[1] 5172
[1] 419  50
[1] 5173
[1] 419  61
[1] 5174
[1] 419  52
[1] 5175
[1] 419  45
[1] 5176
[1] 419  46
[1] 5177
[1] 419  45
[1] 5178
[1] 419  27
[1] 5179
[1] 419 109
[1] 5180
[1] 419  21
[1] 5181
[1] 419  15
[1] 5182
[1] 419  53
[1] 5183
[1] 419  15
[1] 5184
[1] 419  46
[1] 5185
[1] 419  53
[1] 5186
[1] 419  55
[1] 5187
[1] 419  37
[1] 5188
[1] 419  49
[1] 5189
[1] 419  75
[1] 5190
[1] 419  78
[1] 5191
[1] 419  83
[1] 5192
[1] 419  97
[1] 5193
[1] 419 113
[1] 5194
[1] 419  33
[1] 5195
[1] 419  60
[1] 5196
[1] 419  14
[1] 5197
[1] 419  62
[1] 5198
[1] 419 114
[1] 5199
[1] 419 355
[1] 5200
[1] 419 131
