[1] 5301
[1] 419  66
[1] 5302
[1] 419  37
[1] 5303
[1] 419  57
[1] 5304
[1] 419  58
[1] 5305
[1] 419  74
[1] 5306
[1] 419  65
[1] 5307
[1] 419  41
[1] 5308
[1] 419  65
[1] 5309
[1] 419  41
[1] 5310
[1] 419  45
[1] 5311
[1] 419  30
[1] 5312
[1] 419  49
[1] 5313
[1] 419  61
[1] 5314
[1] 419  53
[1] 5315
[1] 419  61
[1] 5316
[1] 419  64
[1] 5317
[1] 419  55
[1] 5318
[1] 419  70
[1] 5319
[1] 419  42
[1] 5320
[1] 419  51
[1] 5321
[1] 419  81
[1] 5322
[1] 419  57
[1] 5323
[1] 419  65
[1] 5324
[1] 419  31
[1] 5325
[1] 419  57
[1] 5326
[1] 419  55
[1] 5327
[1] 419  27
[1] 5328
[1] 419  72
[1] 5329
[1] 419  73
[1] 5330
[1] 419  56
[1] 5331
[1] 419  91
[1] 5332
[1] 419  44
[1] 5333
[1] 419  75
[1] 5334
[1] 419  45
[1] 5335
[1] 419  35
[1] 5336
[1] 419  58
[1] 5337
[1] 419  44
[1] 5338
[1] 419  56
[1] 5339
[1] 419  46
[1] 5340
[1] 419  44
[1] 5341
[1] 419  90
[1] 5342
[1] 419  50
[1] 5343
[1] 419  47
[1] 5344
[1] 419  64
[1] 5345
[1] 419  82
[1] 5346
[1] 419  52
[1] 5347
[1] 419  53
[1] 5348
[1] 419  68
[1] 5349
[1] 419  51
[1] 5350
[1] 419  34
[1] 5351
[1] 419  65
[1] 5352
[1] 419  64
[1] 5353
[1] 419  35
[1] 5354
[1] 419  63
[1] 5355
[1] 419   8
[1] 5356
[1] 419   8
[1] 5357
[1] 419  39
[1] 5358
[1] 419  62
[1] 5359
[1] 419  15
[1] 5360
[1] 419  20
[1] 5361
[1] 419  17
[1] 5362
[1] 419  63
[1] 5363
[1] 419  66
[1] 5364
[1] 419  59
[1] 5365
[1] 419  69
[1] 5366
[1] 419  62
[1] 5367
[1] 419  40
[1] 5368
[1] 419  48
[1] 5369
[1] 419  57
[1] 5370
[1] 419  34
[1] 5371
[1] 419  37
[1] 5372
[1] 419  38
[1] 5373
[1] 419  32
[1] 5374
[1] 419  52
[1] 5375
[1] 419  30
[1] 5376
[1] 419  49
[1] 5377
[1] 419  58
[1] 5378
[1] 419  51
[1] 5379
[1] 419  39
[1] 5380
[1] 419  68
[1] 5381
[1] 419  42
[1] 5382
[1] 419  33
[1] 5383
[1] 419  71
[1] 5384
[1] 419  54
[1] 5385
[1] 419  40
[1] 5386
[1] 419  59
[1] 5387
[1] 419  50
[1] 5388
[1] 419  62
[1] 5389
[1] 419  65
[1] 5390
[1] 419  86
[1] 5391
[1] 419  66
[1] 5392
[1] 419  39
[1] 5393
[1] 419  51
[1] 5394
[1] 419  50
[1] 5395
[1] 419  72
[1] 5396
[1] 419  94
[1] 5397
[1] 419  44
[1] 5398
[1] 419  54
[1] 5399
[1] 419  49
[1] 5400
[1] 419  62
