[1] 3001
[1] 419  44
[1] 3002
[1] 419  47
[1] 3003
[1] 419  58
[1] 3004
[1] 419  78
[1] 3005
[1] 419  56
[1] 3006
[1] 419  61
[1] 3007
[1] 419  64
[1] 3008
[1] 419  22
[1] 3009
[1] 419  43
[1] 3010
[1] 419  55
[1] 3011
[1] 419  53
[1] 3012
[1] 419  58
[1] 3013
[1] 419  34
[1] 3014
[1] 419  46
[1] 3015
[1] 419  42
[1] 3016
[1] 419  38
[1] 3017
[1] 419  69
[1] 3018
[1] 419  47
[1] 3019
[1] 419  32
[1] 3020
[1] 419  31
[1] 3021
[1] 419  44
[1] 3022
[1] 419  41
[1] 3023
[1] 419  38
[1] 3024
[1] 419  55
[1] 3025
[1] 419  59
[1] 3026
[1] 419  46
[1] 3027
[1] 419  41
[1] 3028
[1] 419  47
[1] 3029
[1] 419  44
[1] 3030
[1] 419  82
[1] 3031
[1] 419  83
[1] 3032
[1] 419 103
[1] 3033
[1] 419  10
[1] 3034
[1] 419  47
[1] 3035
[1] 419  21
[1] 3036
[1] 419  28
[1] 3037
[1] 419  27
[1] 3038
[1] 419   7
[1] 3039
[1] 419  21
[1] 3040
[1] 419  22
[1] 3041
[1] 419  28
[1] 3042
[1] 419  68
[1] 3043
[1] 419  35
[1] 3044
[1] 419  50
[1] 3045
[1] 419  70
[1] 3046
[1] 419  61
[1] 3047
[1] 419  42
[1] 3048
[1] 419  69
[1] 3049
[1] 419  75
[1] 3050
[1] 419  37
[1] 3051
[1] 419  65
[1] 3052
[1] 419  60
[1] 3053
[1] 419  57
[1] 3054
[1] 419  45
[1] 3055
[1] 419  54
[1] 3056
[1] 419  72
[1] 3057
[1] 419  86
[1] 3058
[1] 419  26
[1] 3059
[1] 419  18
[1] 3060
[1] 419  20
[1] 3061
[1] 419  23
[1] 3062
[1] 419  35
[1] 3063
[1] 419  46
[1] 3064
[1] 419  57
[1] 3065
[1] 419  45
[1] 3066
[1] 419  42
[1] 3067
[1] 419  33
[1] 3068
[1] 419  56
[1] 3069
[1] 419  31
[1] 3070
[1] 419  50
[1] 3071
[1] 419  92
[1] 3072
[1] 419  18
[1] 3073
[1] 419  24
[1] 3074
[1] 419  54
[1] 3075
[1] 419  45
[1] 3076
[1] 419  42
[1] 3077
[1] 419  46
[1] 3078
[1] 419  36
[1] 3079
[1] 419  54
[1] 3080
[1] 419  47
[1] 3081
[1] 419  36
[1] 3082
[1] 419  76
[1] 3083
[1] 419  78
[1] 3084
[1] 419  42
[1] 3085
[1] 419  86
[1] 3086
[1] 419  44
[1] 3087
[1] 419  45
[1] 3088
[1] 419  49
[1] 3089
[1] 419  60
[1] 3090
[1] 419  43
[1] 3091
[1] 419  58
[1] 3092
[1] 419  57
[1] 3093
[1] 419 119
[1] 3094
[1] 419  51
[1] 3095
[1] 419  38
[1] 3096
[1] 419  38
[1] 3097
[1] 419  44
[1] 3098
[1] 419  53
[1] 3099
[1] 419  37
[1] 3100
[1] 419  51
