[1] 7801
[1] 419  62
[1] 7802
[1] 419  26
[1] 7803
[1] 419  24
[1] 7804
[1] 419  17
[1] 7805
[1] 419  41
[1] 7806
[1] 419  22
[1] 7807
[1] 419  54
[1] 7808
[1] 419  30
[1] 7809
[1] 419  73
[1] 7810
[1] 419  55
[1] 7811
[1] 419  42
[1] 7812
[1] 419  41
[1] 7813
[1] 419  77
[1] 7814
[1] 419  18
[1] 7815
[1] 419  31
[1] 7816
[1] 419  22
[1] 7817
[1] 419  40
[1] 7818
[1] 419  46
[1] 7819
[1] 419  14
[1] 7820
[1] 419  24
[1] 7821
[1] 419  25
[1] 7822
[1] 419  57
[1] 7823
[1] 419  25
[1] 7824
[1] 419  53
[1] 7825
[1] 419  26
[1] 7826
[1] 419  29
[1] 7827
[1] 419  27
[1] 7828
[1] 419  47
[1] 7829
[1] 419  25
[1] 7830
[1] 419  25
[1] 7831
[1] 419  25
[1] 7832
[1] 419  25
[1] 7833
[1] 419  48
[1] 7834
[1] 419 106
[1] 7835
[1] 419  25
[1] 7836
[1] 419  29
[1] 7837
[1] 419  38
[1] 7838
[1] 419 105
[1] 7839
[1] 419  81
[1] 7840
[1] 419  26
[1] 7841
[1] 419  38
[1] 7842
[1] 419  33
[1] 7843
[1] 419  90
[1] 7844
[1] 419 105
[1] 7845
[1] 419  52
[1] 7846
[1] 419  75
[1] 7847
[1] 419  48
[1] 7848
[1] 419  53
[1] 7849
[1] 419  44
[1] 7850
[1] 419  69
[1] 7851
[1] 419  25
[1] 7852
[1] 419  41
[1] 7853
[1] 419  64
[1] 7854
[1] 419  17
[1] 7855
[1] 419  72
[1] 7856
[1] 419  70
[1] 7857
[1] 419  10
[1] 7858
[1] 419   9
[1] 7859
[1] 419  31
[1] 7860
[1] 419  73
[1] 7861
[1] 419  35
[1] 7862
[1] 419  47
[1] 7863
[1] 419  25
[1] 7864
[1] 419  67
[1] 7865
[1] 419  61
[1] 7866
[1] 419  68
[1] 7867
[1] 419  33
[1] 7868
[1] 419  51
[1] 7869
[1] 419  55
[1] 7870
[1] 419  54
[1] 7871
[1] 419  35
[1] 7872
[1] 419  59
[1] 7873
[1] 419  36
[1] 7874
[1] 419  43
[1] 7875
[1] 419  55
[1] 7876
[1] 419  26
[1] 7877
[1] 419  35
[1] 7878
[1] 419  46
[1] 7879
[1] 419  70
[1] 7880
[1] 419  28
[1] 7881
[1] 419  21
[1] 7882
[1] 419  38
[1] 7883
[1] 419  16
[1] 7884
[1] 419  51
[1] 7885
[1] 419  56
[1] 7886
[1] 419  52
[1] 7887
[1] 419  81
[1] 7888
[1] 419  37
[1] 7889
[1] 419  48
[1] 7890
[1] 419  33
[1] 7891
[1] 419  53
[1] 7892
[1] 419  64
[1] 7893
[1] 419  40
[1] 7894
[1] 419  47
[1] 7895
[1] 419  57
[1] 7896
[1] 419  61
[1] 7897
[1] 419  80
[1] 7898
[1] 419  61
[1] 7899
[1] 419  96
[1] 7900
[1] 419  47
