[1] 9401
[1] 419  30
[1] 9402
[1] 419  57
[1] 9403
[1] 419  74
[1] 9404
[1] 419  34
[1] 9405
[1] 419  26
[1] 9406
[1] 419  31
[1] 9407
[1] 419  26
[1] 9408
[1] 419  45
[1] 9409
[1] 419   4
[1] 9410
[1] 419  54
[1] 9411
[1] 419  56
[1] 9412
[1] 419  31
[1] 9413
[1] 419  34
[1] 9414
[1] 419  52
[1] 9415
[1] 419  37
[1] 9416
[1] 419  49
[1] 9417
[1] 419  42
[1] 9418
[1] 419  22
[1] 9419
[1] 419  36
[1] 9420
[1] 419  31
[1] 9421
[1] 419  88
[1] 9422
[1] 419   9
[1] 9423
[1] 419  36
[1] 9424
[1] 419  61
[1] 9425
[1] 419  47
[1] 9426
[1] 419  40
[1] 9427
[1] 419  59
[1] 9428
[1] 419  57
[1] 9429
[1] 419  18
[1] 9430
[1] 419  50
[1] 9431
[1] 419  69
[1] 9432
[1] 419  23
[1] 9433
[1] 419  55
[1] 9434
[1] 419  49
[1] 9435
[1] 419  22
[1] 9436
[1] 419   0
[1] 9437
[1] 419  33
[1] 9438
[1] 419  43
[1] 9439
[1] 419  37
[1] 9440
[1] 419  48
[1] 9441
[1] 419  26
[1] 9442
[1] 419 121
[1] 9443
[1] 419  49
[1] 9444
[1] 419  26
[1] 9445
[1] 419  54
[1] 9446
[1] 419  43
[1] 9447
[1] 419  48
[1] 9448
[1] 419  27
[1] 9449
[1] 419  54
[1] 9450
[1] 419  70
[1] 9451
[1] 419  51
[1] 9452
[1] 419  44
[1] 9453
[1] 419  62
[1] 9454
[1] 419  44
[1] 9455
[1] 419  46
[1] 9456
[1] 419  19
[1] 9457
[1] 419  39
[1] 9458
[1] 419  44
[1] 9459
[1] 419  26
[1] 9460
[1] 419  41
[1] 9461
[1] 419  49
[1] 9462
[1] 419  70
[1] 9463
[1] 419  30
[1] 9464
[1] 419  47
[1] 9465
[1] 419  56
[1] 9466
[1] 419  45
[1] 9467
[1] 419  33
[1] 9468
[1] 419  57
[1] 9469
[1] 419  32
[1] 9470
[1] 419  54
[1] 9471
[1] 419  54
[1] 9472
[1] 419  19
[1] 9473
[1] 419  27
[1] 9474
[1] 419  39
[1] 9475
[1] 419  83
[1] 9476
[1] 419  43
[1] 9477
[1] 419  22
[1] 9478
[1] 419  47
[1] 9479
[1] 419  57
[1] 9480
[1] 419  44
[1] 9481
[1] 419  43
[1] 9482
[1] 419  68
[1] 9483
[1] 419  34
[1] 9484
[1] 419  22
[1] 9485
[1] 419  36
[1] 9486
[1] 419  19
[1] 9487
[1] 419  56
[1] 9488
[1] 419  63
[1] 9489
[1] 419  21
[1] 9490
[1] 419  48
[1] 9491
[1] 419  50
[1] 9492
[1] 419 278
[1] 9493
[1] 419  49
[1] 9494
[1] 419  59
[1] 9495
[1] 419  44
[1] 9496
[1] 419 143
[1] 9497
[1] 419  24
[1] 9498
[1] 419  45
[1] 9499
[1] 419  45
[1] 9500
[1] 419  43
