[1] 4201
[1] 419  57
[1] 4202
[1] 419  53
[1] 4203
[1] 419  57
[1] 4204
[1] 419  61
[1] 4205
[1] 419  54
[1] 4206
[1] 419  44
[1] 4207
[1] 419  20
[1] 4208
[1] 419  38
[1] 4209
[1] 419  22
[1] 4210
[1] 419  30
[1] 4211
[1] 419  58
[1] 4212
[1] 419  55
[1] 4213
[1] 419  23
[1] 4214
[1] 419  23
[1] 4215
[1] 419  45
[1] 4216
[1] 419  23
[1] 4217
[1] 419  49
[1] 4218
[1] 419  76
[1] 4219
[1] 419  91
[1] 4220
[1] 419  82
[1] 4221
[1] 419  90
[1] 4222
[1] 419  83
[1] 4223
[1] 419  61
[1] 4224
[1] 419  17
[1] 4225
[1] 419  76
[1] 4226
[1] 419  65
[1] 4227
[1] 419  65
[1] 4228
[1] 419  51
[1] 4229
[1] 419  73
[1] 4230
[1] 419  57
[1] 4231
[1] 419  37
[1] 4232
[1] 419  66
[1] 4233
[1] 419  29
[1] 4234
[1] 419  36
[1] 4235
[1] 419  34
[1] 4236
[1] 419  34
[1] 4237
[1] 419  35
[1] 4238
[1] 419  65
[1] 4239
[1] 419  49
[1] 4240
[1] 419  61
[1] 4241
[1] 419  47
[1] 4242
[1] 419  54
[1] 4243
[1] 419  55
[1] 4244
[1] 419  18
[1] 4245
[1] 419  55
[1] 4246
[1] 419  73
[1] 4247
[1] 419  57
[1] 4248
[1] 419  82
[1] 4249
[1] 419  18
[1] 4250
[1] 419  70
[1] 4251
[1] 419 158
[1] 4252
[1] 419 122
[1] 4253
[1] 419  75
[1] 4254
[1] 419  70
[1] 4255
[1] 419  69
[1] 4256
[1] 419  60
[1] 4257
[1] 419  42
[1] 4258
[1] 419  42
[1] 4259
[1] 419  34
[1] 4260
[1] 419  53
[1] 4261
[1] 419  53
[1] 4262
[1] 419  52
[1] 4263
[1] 419  56
[1] 4264
[1] 419  71
[1] 4265
[1] 419  59
[1] 4266
[1] 419  51
[1] 4267
[1] 419  68
[1] 4268
[1] 419  58
[1] 4269
[1] 419  71
[1] 4270
[1] 419  68
[1] 4271
[1] 419  59
[1] 4272
[1] 419  58
[1] 4273
[1] 419  83
[1] 4274
[1] 419  50
[1] 4275
[1] 419  57
[1] 4276
[1] 419  57
[1] 4277
[1] 419  29
[1] 4278
[1] 419  45
[1] 4279
[1] 419  57
[1] 4280
[1] 419  60
[1] 4281
[1] 419  17
[1] 4282
[1] 419  39
[1] 4283
[1] 419  36
[1] 4284
[1] 419  47
[1] 4285
[1] 419  56
[1] 4286
[1] 419  57
[1] 4287
[1] 419  40
[1] 4288
[1] 419  62
[1] 4289
[1] 419  57
[1] 4290
[1] 419  63
[1] 4291
[1] 419  65
[1] 4292
[1] 419  70
[1] 4293
[1] 419  32
[1] 4294
[1] 419  71
[1] 4295
[1] 419  25
[1] 4296
[1] 419  47
[1] 4297
[1] 419  27
[1] 4298
[1] 419  26
[1] 4299
[1] 419  24
[1] 4300
[1] 419  21
