[1] 4101
[1] 419  73
[1] 4102
[1] 419  66
[1] 4103
[1] 419  63
[1] 4104
[1] 419  47
[1] 4105
[1] 419  50
[1] 4106
[1] 419  42
[1] 4107
[1] 419  43
[1] 4108
[1] 419  53
[1] 4109
[1] 419  42
[1] 4110
[1] 419  27
[1] 4111
[1] 419  27
[1] 4112
[1] 419  28
[1] 4113
[1] 419  59
[1] 4114
[1] 419  44
[1] 4115
[1] 419  50
[1] 4116
[1] 419  30
[1] 4117
[1] 419  30
[1] 4118
[1] 419  32
[1] 4119
[1] 419  29
[1] 4120
[1] 419  69
[1] 4121
[1] 419  57
[1] 4122
[1] 419  19
[1] 4123
[1] 419  20
[1] 4124
[1] 419  17
[1] 4125
[1] 419  19
[1] 4126
[1] 419  20
[1] 4127
[1] 419  35
[1] 4128
[1] 419  25
[1] 4129
[1] 419 124
[1] 4130
[1] 419  64
[1] 4131
[1] 419  63
[1] 4132
[1] 419  63
[1] 4133
[1] 419  69
[1] 4134
[1] 419  21
[1] 4135
[1] 419  76
[1] 4136
[1] 419  93
[1] 4137
[1] 419  69
[1] 4138
[1] 419  21
[1] 4139
[1] 419  36
[1] 4140
[1] 419  27
[1] 4141
[1] 419  31
[1] 4142
[1] 419  39
[1] 4143
[1] 419  46
[1] 4144
[1] 419  28
[1] 4145
[1] 419  91
[1] 4146
[1] 419  29
[1] 4147
[1] 419  23
[1] 4148
[1] 419  26
[1] 4149
[1] 419  27
[1] 4150
[1] 419  28
[1] 4151
[1] 419  37
[1] 4152
[1] 419  41
[1] 4153
[1] 419  71
[1] 4154
[1] 419  58
[1] 4155
[1] 419  65
[1] 4156
[1] 419  25
[1] 4157
[1] 419  78
[1] 4158
[1] 419  79
[1] 4159
[1] 419  72
[1] 4160
[1] 419  68
[1] 4161
[1] 419  54
[1] 4162
[1] 419  39
[1] 4163
[1] 419  38
[1] 4164
[1] 419  60
[1] 4165
[1] 419  62
[1] 4166
[1] 419  36
[1] 4167
[1] 419  35
[1] 4168
[1] 419  60
[1] 4169
[1] 419  53
[1] 4170
[1] 419  66
[1] 4171
[1] 419  41
[1] 4172
[1] 419  44
[1] 4173
[1] 419  37
[1] 4174
[1] 419 105
[1] 4175
[1] 419  40
[1] 4176
[1] 419 108
[1] 4177
[1] 419  43
[1] 4178
[1] 419 101
[1] 4179
[1] 419  47
[1] 4180
[1] 419  63
[1] 4181
[1] 419  41
[1] 4182
[1] 419  52
[1] 4183
[1] 419  71
[1] 4184
[1] 419  22
[1] 4185
[1] 419  20
[1] 4186
[1] 419  18
[1] 4187
[1] 419  24
[1] 4188
[1] 419  47
[1] 4189
[1] 419  20
[1] 4190
[1] 419  19
[1] 4191
[1] 419  23
[1] 4192
[1] 419  29
[1] 4193
[1] 419  78
[1] 4194
[1] 419  62
[1] 4195
[1] 419  30
[1] 4196
[1] 419  74
[1] 4197
[1] 419  36
[1] 4198
[1] 419  38
[1] 4199
[1] 419  75
[1] 4200
[1] 419  58
