[1] 2901
[1] 419  29
[1] 2902
[1] 419  25
[1] 2903
[1] 419  90
[1] 2904
[1] 419  25
[1] 2905
[1] 419  47
[1] 2906
[1] 419  44
[1] 2907
[1] 419  17
[1] 2908
[1] 419  16
[1] 2909
[1] 419  18
[1] 2910
[1] 419  20
[1] 2911
[1] 419  42
[1] 2912
[1] 419  17
[1] 2913
[1] 419  48
[1] 2914
[1] 419  71
[1] 2915
[1] 419  18
[1] 2916
[1] 419  74
[1] 2917
[1] 419  18
[1] 2918
[1] 419  21
[1] 2919
[1] 419  22
[1] 2920
[1] 419  58
[1] 2921
[1] 419  58
[1] 2922
[1] 419  84
[1] 2923
[1] 419  68
[1] 2924
[1] 419  48
[1] 2925
[1] 419  27
[1] 2926
[1] 419  60
[1] 2927
[1] 419  34
[1] 2928
[1] 419  61
[1] 2929
[1] 419  43
[1] 2930
[1] 419  53
[1] 2931
[1] 419  48
[1] 2932
[1] 419  60
[1] 2933
[1] 419  31
[1] 2934
[1] 419  49
[1] 2935
[1] 419  64
[1] 2936
[1] 419  54
[1] 2937
[1] 419  46
[1] 2938
[1] 419  32
[1] 2939
[1] 419  63
[1] 2940
[1] 419  50
[1] 2941
[1] 419  20
[1] 2942
[1] 419  26
[1] 2943
[1] 419  27
[1] 2944
[1] 419  58
[1] 2945
[1] 419  44
[1] 2946
[1] 419  48
[1] 2947
[1] 419  26
[1] 2948
[1] 419  24
[1] 2949
[1] 419  31
[1] 2950
[1] 419  36
[1] 2951
[1] 419  26
[1] 2952
[1] 419  97
[1] 2953
[1] 419  82
[1] 2954
[1] 419  39
[1] 2955
[1] 419  62
[1] 2956
[1] 419  41
[1] 2957
[1] 419  47
[1] 2958
[1] 419  62
[1] 2959
[1] 419  55
[1] 2960
[1] 419  62
[1] 2961
[1] 419  35
[1] 2962
[1] 419  34
[1] 2963
[1] 419  79
[1] 2964
[1] 419  85
[1] 2965
[1] 419  69
[1] 2966
[1] 419  43
[1] 2967
[1] 419  87
[1] 2968
[1] 419  34
[1] 2969
[1] 419  28
[1] 2970
[1] 419  42
[1] 2971
[1] 419  53
[1] 2972
[1] 419  50
[1] 2973
[1] 419  52
[1] 2974
[1] 419  30
[1] 2975
[1] 419  60
[1] 2976
[1] 419  99
[1] 2977
[1] 419  38
[1] 2978
[1] 419  45
[1] 2979
[1] 419  53
[1] 2980
[1] 419  32
[1] 2981
[1] 419  43
[1] 2982
[1] 419  37
[1] 2983
[1] 419  50
[1] 2984
[1] 419  68
[1] 2985
[1] 419  31
[1] 2986
[1] 419  37
[1] 2987
[1] 419  24
[1] 2988
[1] 419 108
[1] 2989
[1] 419  43
[1] 2990
[1] 419  48
[1] 2991
[1] 419  47
[1] 2992
[1] 419  40
[1] 2993
[1] 419  40
[1] 2994
[1] 419  84
[1] 2995
[1] 419  40
[1] 2996
[1] 419  37
[1] 2997
[1] 419  44
[1] 2998
[1] 419  59
[1] 2999
[1] 419  19
[1] 3000
[1] 419  62
