[1] 1801
[1] 419 114
[1] 1802
[1] 419  65
[1] 1803
[1] 419  51
[1] 1804
[1] 419  50
[1] 1805
[1] 419  76
[1] 1806
[1] 419  46
[1] 1807
[1] 419  93
[1] 1808
[1] 419  62
[1] 1809
[1] 419 114
[1] 1810
[1] 419  71
[1] 1811
[1] 419  60
[1] 1812
[1] 419  61
[1] 1813
[1] 419  70
[1] 1814
[1] 419  61
[1] 1815
[1] 419  69
[1] 1816
[1] 419  59
[1] 1817
[1] 419  75
[1] 1818
[1] 419  77
[1] 1819
[1] 419  38
[1] 1820
[1] 419  19
[1] 1821
[1] 419  65
[1] 1822
[1] 419  76
[1] 1823
[1] 419  56
[1] 1824
[1] 419  53
[1] 1825
[1] 419  48
[1] 1826
[1] 419  30
[1] 1827
[1] 419  34
[1] 1828
[1] 419  43
[1] 1829
[1] 419  34
[1] 1830
[1] 419 106
[1] 1831
[1] 419  37
[1] 1832
[1] 419  37
[1] 1833
[1] 419   9
[1] 1834
[1] 419  52
[1] 1835
[1] 419  56
[1] 1836
[1] 419  30
[1] 1837
[1] 419  16
[1] 1838
[1] 419  39
[1] 1839
[1] 419  60
[1] 1840
[1] 419  25
[1] 1841
[1] 419  26
[1] 1842
[1] 419  27
[1] 1843
[1] 419  35
[1] 1844
[1] 419  37
[1] 1845
[1] 419  13
[1] 1846
[1] 419  65
[1] 1847
[1] 419  61
[1] 1848
[1] 419  74
[1] 1849
[1] 419  14
[1] 1850
[1] 419  51
[1] 1851
[1] 419  52
[1] 1852
[1] 419  59
[1] 1853
[1] 419  31
[1] 1854
[1] 419  43
[1] 1855
[1] 419  13
[1] 1856
[1] 419  33
[1] 1857
[1] 419  36
[1] 1858
[1] 419  36
[1] 1859
[1] 419  59
[1] 1860
[1] 419  37
[1] 1861
[1] 419  37
[1] 1862
[1] 419  62
[1] 1863
[1] 419  88
[1] 1864
[1] 419  46
[1] 1865
[1] 419  61
[1] 1866
[1] 419  41
[1] 1867
[1] 419  47
[1] 1868
[1] 419  85
[1] 1869
[1] 419  59
[1] 1870
[1] 419  28
[1] 1871
[1] 419  43
[1] 1872
[1] 419  30
[1] 1873
[1] 419  52
[1] 1874
[1] 419  48
[1] 1875
[1] 419  59
[1] 1876
[1] 419  50
[1] 1877
[1] 419  26
[1] 1878
[1] 419  41
[1] 1879
[1] 419   8
[1] 1880
[1] 419   9
[1] 1881
[1] 419  21
[1] 1882
[1] 419  34
[1] 1883
[1] 419  36
[1] 1884
[1] 419  27
[1] 1885
[1] 419  13
[1] 1886
[1] 419 122
[1] 1887
[1] 419  12
[1] 1888
[1] 419  82
[1] 1889
[1] 419  20
[1] 1890
[1] 419  74
[1] 1891
[1] 419  35
[1] 1892
[1] 419  20
[1] 1893
[1] 419  47
[1] 1894
[1] 419  40
[1] 1895
[1] 419  45
[1] 1896
[1] 419  42
[1] 1897
[1] 419  79
[1] 1898
[1] 419  40
[1] 1899
[1] 419  33
[1] 1900
[1] 419  49
