[1] 5501
[1] 419  52
[1] 5502
[1] 419  35
[1] 5503
[1] 419  38
[1] 5504
[1] 419  57
[1] 5505
[1] 419  42
[1] 5506
[1] 419  19
[1] 5507
[1] 419  15
[1] 5508
[1] 419  21
[1] 5509
[1] 419  17
[1] 5510
[1] 419  36
[1] 5511
[1] 419  53
[1] 5512
[1] 419  32
[1] 5513
[1] 419  74
[1] 5514
[1] 419  34
[1] 5515
[1] 419  51
[1] 5516
[1] 419   5
[1] 5517
[1] 419   5
[1] 5518
[1] 419  45
[1] 5519
[1] 419  40
[1] 5520
[1] 419  29
[1] 5521
[1] 419  30
[1] 5522
[1] 419  44
[1] 5523
[1] 419  32
[1] 5524
[1] 419  14
[1] 5525
[1] 419  20
[1] 5526
[1] 419  68
[1] 5527
[1] 419  28
[1] 5528
[1] 419  38
[1] 5529
[1] 419  38
[1] 5530
[1] 419  94
[1] 5531
[1] 419  63
[1] 5532
[1] 419  35
[1] 5533
[1] 419  59
[1] 5534
[1] 419  55
[1] 5535
[1] 419  41
[1] 5536
[1] 419  51
[1] 5537
[1] 419  40
[1] 5538
[1] 419  24
[1] 5539
[1] 419  23
[1] 5540
[1] 419  40
[1] 5541
[1] 419  23
[1] 5542
[1] 419  25
[1] 5543
[1] 419  27
[1] 5544
[1] 419 104
[1] 5545
[1] 419 167
[1] 5546
[1] 419  63
[1] 5547
[1] 419  47
[1] 5548
[1] 419  47
[1] 5549
[1] 419  81
[1] 5550
[1] 419  27
[1] 5551
[1] 419  50
[1] 5552
[1] 419  70
[1] 5553
[1] 419  73
[1] 5554
[1] 419  77
[1] 5555
[1] 419  53
[1] 5556
[1] 419  39
[1] 5557
[1] 419  27
[1] 5558
[1] 419  28
[1] 5559
[1] 419  55
[1] 5560
[1] 419  45
[1] 5561
[1] 419  46
[1] 5562
[1] 419  61
[1] 5563
[1] 419 150
[1] 5564
[1] 419 101
[1] 5565
[1] 419  47
[1] 5566
[1] 419  37
[1] 5567
[1] 419  50
[1] 5568
[1] 419  46
[1] 5569
[1] 419  40
[1] 5570
[1] 419  58
[1] 5571
[1] 419 123
[1] 5572
[1] 419  53
[1] 5573
[1] 419  48
[1] 5574
[1] 419  60
[1] 5575
[1] 419  51
[1] 5576
[1] 419  55
[1] 5577
[1] 419  50
[1] 5578
[1] 419  52
[1] 5579
[1] 419  54
[1] 5580
[1] 419  20
[1] 5581
[1] 419  53
[1] 5582
[1] 419  52
[1] 5583
[1] 419  87
[1] 5584
[1] 419  71
[1] 5585
[1] 419  73
[1] 5586
[1] 419  33
[1] 5587
[1] 419  47
[1] 5588
[1] 419  74
[1] 5589
[1] 419  91
[1] 5590
[1] 419  49
[1] 5591
[1] 419  32
[1] 5592
[1] 419  40
[1] 5593
[1] 419 117
[1] 5594
[1] 419  67
[1] 5595
[1] 419  39
[1] 5596
[1] 419  20
[1] 5597
[1] 419  21
[1] 5598
[1] 419  20
[1] 5599
[1] 419   9
[1] 5600
[1] 419   8
