[1] 3501
[1] 419  33
[1] 3502
[1] 419  34
[1] 3503
[1] 419  83
[1] 3504
[1] 419  24
[1] 3505
[1] 419  57
[1] 3506
[1] 419  46
[1] 3507
[1] 419  44
[1] 3508
[1] 419  60
[1] 3509
[1] 419  44
[1] 3510
[1] 419  52
[1] 3511
[1] 419  73
[1] 3512
[1] 419  54
[1] 3513
[1] 419  45
[1] 3514
[1] 419  42
[1] 3515
[1] 419  71
[1] 3516
[1] 419  53
[1] 3517
[1] 419  62
[1] 3518
[1] 419  25
[1] 3519
[1] 419  28
[1] 3520
[1] 419  13
[1] 3521
[1] 419  14
[1] 3522
[1] 419  43
[1] 3523
[1] 419  28
[1] 3524
[1] 419  57
[1] 3525
[1] 419 105
[1] 3526
[1] 419  54
[1] 3527
[1] 419  13
[1] 3528
[1] 419  41
[1] 3529
[1] 419  29
[1] 3530
[1] 419  45
[1] 3531
[1] 419  76
[1] 3532
[1] 419  11
[1] 3533
[1] 419  66
[1] 3534
[1] 419 124
[1] 3535
[1] 419  75
[1] 3536
[1] 419  37
[1] 3537
[1] 419  57
[1] 3538
[1] 419  56
[1] 3539
[1] 419  60
[1] 3540
[1] 419  26
[1] 3541
[1] 419  31
[1] 3542
[1] 419  62
[1] 3543
[1] 419  32
[1] 3544
[1] 419  53
[1] 3545
[1] 419  74
[1] 3546
[1] 419  44
[1] 3547
[1] 419  39
[1] 3548
[1] 419  93
[1] 3549
[1] 419  64
[1] 3550
[1] 419  28
[1] 3551
[1] 419  36
[1] 3552
[1] 419  38
[1] 3553
[1] 419  30
[1] 3554
[1] 419  26
[1] 3555
[1] 419  30
[1] 3556
[1] 419  58
[1] 3557
[1] 419  19
[1] 3558
[1] 419  35
[1] 3559
[1] 419  60
[1] 3560
[1] 419  20
[1] 3561
[1] 419  39
[1] 3562
[1] 419  27
[1] 3563
[1] 419  35
[1] 3564
[1] 419  28
[1] 3565
[1] 419  94
[1] 3566
[1] 419  57
[1] 3567
[1] 419  51
[1] 3568
[1] 419  96
[1] 3569
[1] 419  32
[1] 3570
[1] 419  53
[1] 3571
[1] 419  65
[1] 3572
[1] 419  54
[1] 3573
[1] 419  58
[1] 3574
[1] 419  44
[1] 3575
[1] 419  78
[1] 3576
[1] 419  80
[1] 3577
[1] 419  46
[1] 3578
[1] 419  55
[1] 3579
[1] 419  50
[1] 3580
[1] 419  44
[1] 3581
[1] 419  61
[1] 3582
[1] 419  35
[1] 3583
[1] 419  76
[1] 3584
[1] 419  33
[1] 3585
[1] 419  46
[1] 3586
[1] 419  38
[1] 3587
[1] 419  54
[1] 3588
[1] 419  50
[1] 3589
[1] 419  46
[1] 3590
[1] 419  56
[1] 3591
[1] 419  13
[1] 3592
[1] 419  10
[1] 3593
[1] 419  56
[1] 3594
[1] 419  50
[1] 3595
[1] 419  42
[1] 3596
[1] 419  71
[1] 3597
[1] 419  64
[1] 3598
[1] 419  39
[1] 3599
[1] 419  65
[1] 3600
[1] 419  64
