[1] 3301
[1] 419  39
[1] 3302
[1] 419  26
[1] 3303
[1] 419  51
[1] 3304
[1] 419  32
[1] 3305
[1] 419  69
[1] 3306
[1] 419  49
[1] 3307
[1] 419  68
[1] 3308
[1] 419  19
[1] 3309
[1] 419  42
[1] 3310
[1] 419  37
[1] 3311
[1] 419  65
[1] 3312
[1] 419  57
[1] 3313
[1] 419  49
[1] 3314
[1] 419  51
[1] 3315
[1] 419  49
[1] 3316
[1] 419  40
[1] 3317
[1] 419  45
[1] 3318
[1] 419  61
[1] 3319
[1] 419  58
[1] 3320
[1] 419  42
[1] 3321
[1] 419  39
[1] 3322
[1] 419  43
[1] 3323
[1] 419  42
[1] 3324
[1] 419  44
[1] 3325
[1] 419  49
[1] 3326
[1] 419  57
[1] 3327
[1] 419  66
[1] 3328
[1] 419  30
[1] 3329
[1] 419  45
[1] 3330
[1] 419  30
[1] 3331
[1] 419  33
[1] 3332
[1] 419  46
[1] 3333
[1] 419  60
[1] 3334
[1] 419  74
[1] 3335
[1] 419  60
[1] 3336
[1] 419  81
[1] 3337
[1] 419  55
[1] 3338
[1] 419 104
[1] 3339
[1] 419  55
[1] 3340
[1] 419  28
[1] 3341
[1] 419 113
[1] 3342
[1] 419  41
[1] 3343
[1] 419  33
[1] 3344
[1] 419  63
[1] 3345
[1] 419  29
[1] 3346
[1] 419  24
[1] 3347
[1] 419  45
[1] 3348
[1] 419  16
[1] 3349
[1] 419  39
[1] 3350
[1] 419  54
[1] 3351
[1] 419  52
[1] 3352
[1] 419  62
[1] 3353
[1] 419  53
[1] 3354
[1] 419  53
[1] 3355
[1] 419  46
[1] 3356
[1] 419  35
[1] 3357
[1] 419  47
[1] 3358
[1] 419 100
[1] 3359
[1] 419  54
[1] 3360
[1] 419  71
[1] 3361
[1] 419  27
[1] 3362
[1] 419  26
[1] 3363
[1] 419  78
[1] 3364
[1] 419  64
[1] 3365
[1] 419  35
[1] 3366
[1] 419  25
[1] 3367
[1] 419  33
[1] 3368
[1] 419  62
[1] 3369
[1] 419  23
[1] 3370
[1] 419  40
[1] 3371
[1] 419  37
[1] 3372
[1] 419  26
[1] 3373
[1] 419  43
[1] 3374
[1] 419  26
[1] 3375
[1] 419  30
[1] 3376
[1] 419  21
[1] 3377
[1] 419  30
[1] 3378
[1] 419  26
[1] 3379
[1] 419  49
[1] 3380
[1] 419  42
[1] 3381
[1] 419  34
[1] 3382
[1] 419  62
[1] 3383
[1] 419  69
[1] 3384
[1] 419  43
[1] 3385
[1] 419  60
[1] 3386
[1] 419  64
[1] 3387
[1] 419  27
[1] 3388
[1] 419  53
[1] 3389
[1] 419  47
[1] 3390
[1] 419  35
[1] 3391
[1] 419  51
[1] 3392
[1] 419  59
[1] 3393
[1] 419  86
[1] 3394
[1] 419  76
[1] 3395
[1] 419  48
[1] 3396
[1] 419  46
[1] 3397
[1] 419  47
[1] 3398
[1] 419  91
[1] 3399
[1] 419  15
[1] 3400
[1] 419  63
