[1] 901
[1] 419  55
[1] 902
[1] 419  57
[1] 903
[1] 419  36
[1] 904
[1] 419  46
[1] 905
[1] 419  55
[1] 906
[1] 419  39
[1] 907
[1] 419  53
[1] 908
[1] 419  38
[1] 909
[1] 419  42
[1] 910
[1] 419  56
[1] 911
[1] 419  25
[1] 912
[1] 419  62
[1] 913
[1] 419  44
[1] 914
[1] 419  46
[1] 915
[1] 419  37
[1] 916
[1] 419  50
[1] 917
[1] 419  49
[1] 918
[1] 419  53
[1] 919
[1] 419  72
[1] 920
[1] 419  69
[1] 921
[1] 419  40
[1] 922
[1] 419  37
[1] 923
[1] 419  23
[1] 924
[1] 419  62
[1] 925
[1] 419  42
[1] 926
[1] 419  52
[1] 927
[1] 419  94
[1] 928
[1] 419  51
[1] 929
[1] 419  87
[1] 930
[1] 419  75
[1] 931
[1] 419  54
[1] 932
[1] 419  43
[1] 933
[1] 419  55
[1] 934
[1] 419  53
[1] 935
[1] 419  61
[1] 936
[1] 419  62
[1] 937
[1] 419 122
[1] 938
[1] 419  42
[1] 939
[1] 419  42
[1] 940
[1] 419  24
[1] 941
[1] 419  16
[1] 942
[1] 419  22
[1] 943
[1] 419 112
[1] 944
[1] 419  36
[1] 945
[1] 419  58
[1] 946
[1] 419  25
[1] 947
[1] 419  39
[1] 948
[1] 419  62
[1] 949
[1] 419  54
[1] 950
[1] 419  42
[1] 951
[1] 419  56
[1] 952
[1] 419  56
[1] 953
[1] 419  63
[1] 954
[1] 419  57
[1] 955
[1] 419  66
[1] 956
[1] 419  52
[1] 957
[1] 419  61
[1] 958
[1] 419  64
[1] 959
[1] 419  61
[1] 960
[1] 419  57
[1] 961
[1] 419  45
[1] 962
[1] 419  60
[1] 963
[1] 419  34
[1] 964
[1] 419  13
[1] 965
[1] 419  74
[1] 966
[1] 419   9
[1] 967
[1] 419  24
[1] 968
[1] 419 119
[1] 969
[1] 419  53
[1] 970
[1] 419  59
[1] 971
[1] 419  46
[1] 972
[1] 419  65
[1] 973
[1] 419  69
[1] 974
[1] 419  46
[1] 975
[1] 419  56
[1] 976
[1] 419  55
[1] 977
[1] 419  69
[1] 978
[1] 419  50
[1] 979
[1] 419  44
[1] 980
[1] 419  43
[1] 981
[1] 419  17
[1] 982
[1] 419  96
[1] 983
[1] 419  56
[1] 984
[1] 419  57
[1] 985
[1] 419  63
[1] 986
[1] 419  48
[1] 987
[1] 419  58
[1] 988
[1] 419  57
[1] 989
[1] 419  39
[1] 990
[1] 419  40
[1] 991
[1] 419  33
[1] 992
[1] 419  26
[1] 993
[1] 419  66
[1] 994
[1] 419  37
[1] 995
[1] 419  51
[1] 996
[1] 419  22
[1] 997
[1] 419  35
[1] 998
[1] 419  34
[1] 999
[1] 419  27
[1] 1000
[1] 419  45
