[1] 7901
[1] 419  29
[1] 7902
[1] 419  47
[1] 7903
[1] 419  57
[1] 7904
[1] 419  31
[1] 7905
[1] 419  52
[1] 7906
[1] 419  46
[1] 7907
[1] 419  57
[1] 7908
[1] 419  47
[1] 7909
[1] 419  55
[1] 7910
[1] 419  73
[1] 7911
[1] 419  49
[1] 7912
[1] 419  80
[1] 7913
[1] 419  45
[1] 7914
[1] 419  76
[1] 7915
[1] 419  18
[1] 7916
[1] 419  91
[1] 7917
[1] 419  35
[1] 7918
[1] 419  26
[1] 7919
[1] 419  50
[1] 7920
[1] 419  66
[1] 7921
[1] 419  20
[1] 7922
[1] 419  19
[1] 7923
[1] 419  55
[1] 7924
[1] 419  23
[1] 7925
[1] 419  56
[1] 7926
[1] 419  21
[1] 7927
[1] 419  74
[1] 7928
[1] 419  94
[1] 7929
[1] 419  17
[1] 7930
[1] 419  78
[1] 7931
[1] 419  45
[1] 7932
[1] 419  62
[1] 7933
[1] 419  21
[1] 7934
[1] 419 198
[1] 7935
[1] 419  30
[1] 7936
[1] 419  66
[1] 7937
[1] 419  62
[1] 7938
[1] 419  46
[1] 7939
[1] 419  64
[1] 7940
[1] 419  20
[1] 7941
[1] 419  42
[1] 7942
[1] 419  18
[1] 7943
[1] 419  20
[1] 7944
[1] 419  42
[1] 7945
[1] 419  71
[1] 7946
[1] 419  66
[1] 7947
[1] 419  41
[1] 7948
[1] 419  42
[1] 7949
[1] 419  57
[1] 7950
[1] 419  26
[1] 7951
[1] 419  44
[1] 7952
[1] 419 104
[1] 7953
[1] 419  46
[1] 7954
[1] 419  41
[1] 7955
[1] 419  97
[1] 7956
[1] 419  52
[1] 7957
[1] 419  30
[1] 7958
[1] 419  73
[1] 7959
[1] 419  41
[1] 7960
[1] 419  10
[1] 7961
[1] 419   6
[1] 7962
[1] 419  31
[1] 7963
[1] 419  46
[1] 7964
[1] 419  33
[1] 7965
[1] 419  66
[1] 7966
[1] 419  67
[1] 7967
[1] 419  86
[1] 7968
[1] 419  59
[1] 7969
[1] 419  54
[1] 7970
[1] 419  72
[1] 7971
[1] 419  62
[1] 7972
[1] 419  64
[1] 7973
[1] 419  52
[1] 7974
[1] 419  25
[1] 7975
[1] 419  55
[1] 7976
[1] 419  33
[1] 7977
[1] 419  41
[1] 7978
[1] 419  20
[1] 7979
[1] 419  76
[1] 7980
[1] 419  73
[1] 7981
[1] 419  68
[1] 7982
[1] 419  50
[1] 7983
[1] 419  51
[1] 7984
[1] 419  29
[1] 7985
[1] 419  81
[1] 7986
[1] 419  81
[1] 7987
[1] 419  79
[1] 7988
[1] 419  31
[1] 7989
[1] 419  21
[1] 7990
[1] 419  67
[1] 7991
[1] 419  83
[1] 7992
[1] 419  38
[1] 7993
[1] 419  40
[1] 7994
[1] 419  59
[1] 7995
[1] 419  34
[1] 7996
[1] 419  34
[1] 7997
[1] 419  71
[1] 7998
[1] 419  34
[1] 7999
[1] 419  58
[1] 8000
[1] 419   9
