[1] 8501
[1] 419  43
[1] 8502
[1] 419  41
[1] 8503
[1] 419  34
[1] 8504
[1] 419  28
[1] 8505
[1] 419  34
[1] 8506
[1] 419 136
[1] 8507
[1] 419  62
[1] 8508
[1] 419  19
[1] 8509
[1] 419  18
[1] 8510
[1] 419  53
[1] 8511
[1] 419  72
[1] 8512
[1] 419  89
[1] 8513
[1] 419  56
[1] 8514
[1] 419  74
[1] 8515
[1] 419  51
[1] 8516
[1] 419  37
[1] 8517
[1] 419  71
[1] 8518
[1] 419  64
[1] 8519
[1] 419  45
[1] 8520
[1] 419  38
[1] 8521
[1] 419  17
[1] 8522
[1] 419  38
[1] 8523
[1] 419  55
[1] 8524
[1] 419  77
[1] 8525
[1] 419  54
[1] 8526
[1] 419  46
[1] 8527
[1] 419  68
[1] 8528
[1] 419  54
[1] 8529
[1] 419  69
[1] 8530
[1] 419  80
[1] 8531
[1] 419  63
[1] 8532
[1] 419  47
[1] 8533
[1] 419  78
[1] 8534
[1] 419  79
[1] 8535
[1] 419  57
[1] 8536
[1] 419  80
[1] 8537
[1] 419  39
[1] 8538
[1] 419  39
[1] 8539
[1] 419  24
[1] 8540
[1] 419  45
[1] 8541
[1] 419  38
[1] 8542
[1] 419  47
[1] 8543
[1] 419  25
[1] 8544
[1] 419  68
[1] 8545
[1] 419  67
[1] 8546
[1] 419  82
[1] 8547
[1] 419  56
[1] 8548
[1] 419  60
[1] 8549
[1] 419  60
[1] 8550
[1] 419  59
[1] 8551
[1] 419  40
[1] 8552
[1] 419  36
[1] 8553
[1] 419  70
[1] 8554
[1] 419  47
[1] 8555
[1] 419  56
[1] 8556
[1] 419  65
[1] 8557
[1] 419  45
[1] 8558
[1] 419  54
[1] 8559
[1] 419  57
[1] 8560
[1] 419  40
[1] 8561
[1] 419  42
[1] 8562
[1] 419  39
[1] 8563
[1] 419  53
[1] 8564
[1] 419  56
[1] 8565
[1] 419  50
[1] 8566
[1] 419  39
[1] 8567
[1] 419  49
[1] 8568
[1] 419  64
[1] 8569
[1] 419  65
[1] 8570
[1] 419  63
[1] 8571
[1] 419  47
[1] 8572
[1] 419  14
[1] 8573
[1] 419  84
[1] 8574
[1] 419  40
[1] 8575
[1] 419  50
[1] 8576
[1] 419  31
[1] 8577
[1] 419  21
[1] 8578
[1] 419  66
[1] 8579
[1] 419  50
[1] 8580
[1] 419  56
[1] 8581
[1] 419  23
[1] 8582
[1] 419  57
[1] 8583
[1] 419  62
[1] 8584
[1] 419  86
[1] 8585
[1] 419  53
[1] 8586
[1] 419  51
[1] 8587
[1] 419  57
[1] 8588
[1] 419  53
[1] 8589
[1] 419  88
[1] 8590
[1] 419  52
[1] 8591
[1] 419  53
[1] 8592
[1] 419  27
[1] 8593
[1] 419  27
[1] 8594
[1] 419  64
[1] 8595
[1] 419  53
[1] 8596
[1] 419  69
[1] 8597
[1] 419  34
[1] 8598
[1] 419  57
[1] 8599
[1] 419  60
[1] 8600
[1] 419  61
