[1] 1
[1] 419  49
[1] 2
[1] 419  53
[1] 3
[1] 419  77
[1] 4
[1] 419  66
[1] 5
[1] 419  75
[1] 6
[1] 419  58
[1] 7
[1] 419  70
[1] 8
[1] 419  62
[1] 9
[1] 419  21
[1] 10
[1] 419  44
[1] 11
[1] 419  30
[1] 12
[1] 419  24
[1] 13
[1] 419  22
[1] 14
[1] 419  43
[1] 15
[1] 419  53
[1] 16
[1] 419  57
[1] 17
[1] 419  85
[1] 18
[1] 419  53
[1] 19
[1] 419  39
[1] 20
[1] 419  61
[1] 21
[1] 419  87
[1] 22
[1] 419  39
[1] 23
[1] 419  43
[1] 24
[1] 419  31
[1] 25
[1] 419  34
[1] 26
[1] 419  32
[1] 27
[1] 419  44
[1] 28
[1] 419  24
[1] 29
[1] 419 108
[1] 30
[1] 419  30
[1] 31
[1] 419  30
[1] 32
[1] 419  36
[1] 33
[1] 419  31
[1] 34
[1] 419  45
[1] 35
[1] 419  39
[1] 36
[1] 419  34
[1] 37
[1] 419  66
[1] 38
[1] 419  48
[1] 39
[1] 419  31
[1] 40
[1] 419  64
[1] 41
[1] 419  41
[1] 42
[1] 419  49
[1] 43
[1] 419  52
[1] 44
[1] 419  64
[1] 45
[1] 419  41
[1] 46
[1] 419  71
[1] 47
[1] 419  53
[1] 48
[1] 419  26
[1] 49
[1] 419  69
[1] 50
[1] 419  42
[1] 51
[1] 419  57
[1] 52
[1] 419  52
[1] 53
[1] 419  57
[1] 54
[1] 419  25
[1] 55
[1] 419  53
[1] 56
[1] 419  60
[1] 57
[1] 419  69
[1] 58
[1] 419  18
[1] 59
[1] 419  51
[1] 60
[1] 419  31
[1] 61
[1] 419  54
[1] 62
[1] 419  48
[1] 63
[1] 419  65
[1] 64
[1] 419  53
[1] 65
[1] 419  40
[1] 66
[1] 419  46
[1] 67
[1] 419  43
[1] 68
[1] 419  29
[1] 69
[1] 419  62
[1] 70
[1] 419  44
[1] 71
[1] 419  49
[1] 72
[1] 419  35
[1] 73
[1] 419  43
[1] 74
[1] 419  55
[1] 75
[1] 419  56
[1] 76
[1] 419  53
[1] 77
[1] 419  50
[1] 78
[1] 419  60
[1] 79
[1] 419  44
[1] 80
[1] 419  44
[1] 81
[1] 419  45
[1] 82
[1] 419  66
[1] 83
[1] 419  70
[1] 84
[1] 419  36
[1] 85
[1] 419  64
[1] 86
[1] 419  59
[1] 87
[1] 419  54
[1] 88
[1] 419  40
[1] 89
[1] 419  19
[1] 90
[1] 419  35
[1] 91
[1] 419  92
[1] 92
[1] 419  33
[1] 93
[1] 419  46
[1] 94
[1] 419  70
[1] 95
[1] 419  70
[1] 96
[1] 419 102
[1] 97
[1] 419  59
[1] 98
[1] 419  51
[1] 99
[1] 419  82
[1] 100
[1] 419  81
