[1] 8701
[1] 419  29
[1] 8702
[1] 419  67
[1] 8703
[1] 419  34
[1] 8704
[1] 419  73
[1] 8705
[1] 419  63
[1] 8706
[1] 419  65
[1] 8707
[1] 419  31
[1] 8708
[1] 419  36
[1] 8709
[1] 419  64
[1] 8710
[1] 419  21
[1] 8711
[1] 419  55
[1] 8712
[1] 419  52
[1] 8713
[1] 419  32
[1] 8714
[1] 419  24
[1] 8715
[1] 419  46
[1] 8716
[1] 419  32
[1] 8717
[1] 419  53
[1] 8718
[1] 419  21
[1] 8719
[1] 419  97
[1] 8720
[1] 419  21
[1] 8721
[1] 419  20
[1] 8722
[1] 419  18
[1] 8723
[1] 419  73
[1] 8724
[1] 419 138
[1] 8725
[1] 419  48
[1] 8726
[1] 419  31
[1] 8727
[1] 419 317
[1] 8728
[1] 419  38
[1] 8729
[1] 419  28
[1] 8730
[1] 419  50
[1] 8731
[1] 419  30
[1] 8732
[1] 419  61
[1] 8733
[1] 419  59
[1] 8734
[1] 419  19
[1] 8735
[1] 419  13
[1] 8736
[1] 419  36
[1] 8737
[1] 419  88
[1] 8738
[1] 419  30
[1] 8739
[1] 419  82
[1] 8740
[1] 419  35
[1] 8741
[1] 419  62
[1] 8742
[1] 419  56
[1] 8743
[1] 419  35
[1] 8744
[1] 419  50
[1] 8745
[1] 419  45
[1] 8746
[1] 419   8
[1] 8747
[1] 419  55
[1] 8748
[1] 419  10
[1] 8749
[1] 419  49
[1] 8750
[1] 419  45
[1] 8751
[1] 419   9
[1] 8752
[1] 419  60
[1] 8753
[1] 419  33
[1] 8754
[1] 419  62
[1] 8755
[1] 419  11
[1] 8756
[1] 419  11
[1] 8757
[1] 419  47
[1] 8758
[1] 419  39
[1] 8759
[1] 419  12
[1] 8760
[1] 419  66
[1] 8761
[1] 419  12
[1] 8762
[1] 419  20
[1] 8763
[1] 419  51
[1] 8764
[1] 419  68
[1] 8765
[1] 419  61
[1] 8766
[1] 419  78
[1] 8767
[1] 419  17
[1] 8768
[1] 419  11
[1] 8769
[1] 419  51
[1] 8770
[1] 419  71
[1] 8771
[1] 419  73
[1] 8772
[1] 419  22
[1] 8773
[1] 419  28
[1] 8774
[1] 419  27
[1] 8775
[1] 419  69
[1] 8776
[1] 419  25
[1] 8777
[1] 419  51
[1] 8778
[1] 419  57
[1] 8779
[1] 419  80
[1] 8780
[1] 419  17
[1] 8781
[1] 419  62
[1] 8782
[1] 419  73
[1] 8783
[1] 419  71
[1] 8784
[1] 419  30
[1] 8785
[1] 419  25
[1] 8786
[1] 419  59
[1] 8787
[1] 419  60
[1] 8788
[1] 419  18
[1] 8789
[1] 419  60
[1] 8790
[1] 419  47
[1] 8791
[1] 419  69
[1] 8792
[1] 419  62
[1] 8793
[1] 419  37
[1] 8794
[1] 419  38
[1] 8795
[1] 419  52
[1] 8796
[1] 419  58
[1] 8797
[1] 419  55
[1] 8798
[1] 419  55
[1] 8799
[1] 419  57
[1] 8800
[1] 419  70
