[1] 2801
[1] 419  42
[1] 2802
[1] 419  42
[1] 2803
[1] 419  29
[1] 2804
[1] 419  44
[1] 2805
[1] 419  36
[1] 2806
[1] 419  40
[1] 2807
[1] 419  48
[1] 2808
[1] 419  31
[1] 2809
[1] 419  40
[1] 2810
[1] 419  48
[1] 2811
[1] 419  24
[1] 2812
[1] 419  97
[1] 2813
[1] 419  17
[1] 2814
[1] 419  54
[1] 2815
[1] 419  27
[1] 2816
[1] 419  49
[1] 2817
[1] 419  52
[1] 2818
[1] 419  19
[1] 2819
[1] 419  46
[1] 2820
[1] 419  20
[1] 2821
[1] 419  18
[1] 2822
[1] 419  34
[1] 2823
[1] 419  18
[1] 2824
[1] 419  30
[1] 2825
[1] 419  25
[1] 2826
[1] 419  61
[1] 2827
[1] 419  69
[1] 2828
[1] 419  48
[1] 2829
[1] 419  40
[1] 2830
[1] 419  21
[1] 2831
[1] 419  45
[1] 2832
[1] 419  63
[1] 2833
[1] 419  42
[1] 2834
[1] 419  35
[1] 2835
[1] 419  75
[1] 2836
[1] 419 105
[1] 2837
[1] 419  70
[1] 2838
[1] 419  43
[1] 2839
[1] 419  41
[1] 2840
[1] 419  38
[1] 2841
[1] 419  43
[1] 2842
[1] 419  57
[1] 2843
[1] 419  17
[1] 2844
[1] 419  16
[1] 2845
[1] 419  27
[1] 2846
[1] 419  41
[1] 2847
[1] 419  42
[1] 2848
[1] 419  13
[1] 2849
[1] 419  14
[1] 2850
[1] 419  64
[1] 2851
[1] 419  42
[1] 2852
[1] 419  43
[1] 2853
[1] 419  37
[1] 2854
[1] 419  15
[1] 2855
[1] 419  74
[1] 2856
[1] 419  17
[1] 2857
[1] 419  30
[1] 2858
[1] 419  17
[1] 2859
[1] 419  44
[1] 2860
[1] 419  48
[1] 2861
[1] 419  56
[1] 2862
[1] 419  36
[1] 2863
[1] 419  26
[1] 2864
[1] 419  59
[1] 2865
[1] 419  69
[1] 2866
[1] 419  93
[1] 2867
[1] 419  71
[1] 2868
[1] 419  36
[1] 2869
[1] 419  38
[1] 2870
[1] 419  49
[1] 2871
[1] 419  41
[1] 2872
[1] 419  66
[1] 2873
[1] 419  36
[1] 2874
[1] 419  34
[1] 2875
[1] 419  20
[1] 2876
[1] 419  24
[1] 2877
[1] 419  18
[1] 2878
[1] 419  38
[1] 2879
[1] 419  53
[1] 2880
[1] 419  13
[1] 2881
[1] 419  45
[1] 2882
[1] 419  20
[1] 2883
[1] 419  38
[1] 2884
[1] 419  21
[1] 2885
[1] 419  47
[1] 2886
[1] 419  57
[1] 2887
[1] 419  36
[1] 2888
[1] 419  31
[1] 2889
[1] 419  34
[1] 2890
[1] 419  36
[1] 2891
[1] 419  50
[1] 2892
[1] 419  41
[1] 2893
[1] 419  41
[1] 2894
[1] 419  43
[1] 2895
[1] 419  23
[1] 2896
[1] 419  25
[1] 2897
[1] 419  24
[1] 2898
[1] 419  25
[1] 2899
[1] 419  25
[1] 2900
[1] 419  45
