[1] 4801
[1] 419  51
[1] 4802
[1] 419  65
[1] 4803
[1] 419  70
[1] 4804
[1] 419  55
[1] 4805
[1] 419  70
[1] 4806
[1] 419  59
[1] 4807
[1] 419  44
[1] 4808
[1] 419  36
[1] 4809
[1] 419  75
[1] 4810
[1] 419  37
[1] 4811
[1] 419  66
[1] 4812
[1] 419  42
[1] 4813
[1] 419  42
[1] 4814
[1] 419  68
[1] 4815
[1] 419  60
[1] 4816
[1] 419  35
[1] 4817
[1] 419  53
[1] 4818
[1] 419  65
[1] 4819
[1] 419  38
[1] 4820
[1] 419  58
[1] 4821
[1] 419  60
[1] 4822
[1] 419  74
[1] 4823
[1] 419  63
[1] 4824
[1] 419  70
[1] 4825
[1] 419  64
[1] 4826
[1] 419 101
[1] 4827
[1] 419  36
[1] 4828
[1] 419 207
[1] 4829
[1] 419 202
[1] 4830
[1] 419  49
[1] 4831
[1] 419 206
[1] 4832
[1] 419  49
[1] 4833
[1] 419 202
[1] 4834
[1] 419  67
[1] 4835
[1] 419  57
[1] 4836
[1] 419  46
[1] 4837
[1] 419  61
[1] 4838
[1] 419  52
[1] 4839
[1] 419  35
[1] 4840
[1] 419  19
[1] 4841
[1] 419  32
[1] 4842
[1] 419  46
[1] 4843
[1] 419  33
[1] 4844
[1] 419  60
[1] 4845
[1] 419  39
[1] 4846
[1] 419  18
[1] 4847
[1] 419  36
[1] 4848
[1] 419  39
[1] 4849
[1] 419  84
[1] 4850
[1] 419  47
[1] 4851
[1] 419  54
[1] 4852
[1] 419  40
[1] 4853
[1] 419  61
[1] 4854
[1] 419  87
[1] 4855
[1] 419  43
[1] 4856
[1] 419  35
[1] 4857
[1] 419  38
[1] 4858
[1] 419  60
[1] 4859
[1] 419  19
[1] 4860
[1] 419  44
[1] 4861
[1] 419  20
[1] 4862
[1] 419  71
[1] 4863
[1] 419  58
[1] 4864
[1] 419  56
[1] 4865
[1] 419  11
[1] 4866
[1] 419  32
[1] 4867
[1] 419  47
[1] 4868
[1] 419  37
[1] 4869
[1] 419  37
[1] 4870
[1] 419  23
[1] 4871
[1] 419  54
[1] 4872
[1] 419  25
[1] 4873
[1] 419  39
[1] 4874
[1] 419   7
[1] 4875
[1] 419  25
[1] 4876
[1] 419  30
[1] 4877
[1] 419  38
[1] 4878
[1] 419  25
[1] 4879
[1] 419  42
[1] 4880
[1] 419  31
[1] 4881
[1] 419  88
[1] 4882
[1] 419  62
[1] 4883
[1] 419  56
[1] 4884
[1] 419  41
[1] 4885
[1] 419 107
[1] 4886
[1] 419  47
[1] 4887
[1] 419  41
[1] 4888
[1] 419  59
[1] 4889
[1] 419  26
[1] 4890
[1] 419  37
[1] 4891
[1] 419  38
[1] 4892
[1] 419  38
[1] 4893
[1] 419  62
[1] 4894
[1] 419  26
[1] 4895
[1] 419  25
[1] 4896
[1] 419  27
[1] 4897
[1] 419  44
[1] 4898
[1] 419  23
[1] 4899
[1] 419  37
[1] 4900
[1] 419  24
