[1] 9501
[1] 419  63
[1] 9502
[1] 419  23
[1] 9503
[1] 419  44
[1] 9504
[1] 419  28
[1] 9505
[1] 419  74
[1] 9506
[1] 419  48
[1] 9507
[1] 419  46
[1] 9508
[1] 419  14
[1] 9509
[1] 419  14
[1] 9510
[1] 419 343
[1] 9511
[1] 419  96
[1] 9512
[1] 419  74
[1] 9513
[1] 419  20
[1] 9514
[1] 419  51
[1] 9515
[1] 419  37
[1] 9516
[1] 419  42
[1] 9517
[1] 419  23
[1] 9518
[1] 419  47
[1] 9519
[1] 419  45
[1] 9520
[1] 419  57
[1] 9521
[1] 419  30
[1] 9522
[1] 419  51
[1] 9523
[1] 419  60
[1] 9524
[1] 419  86
[1] 9525
[1] 419  43
[1] 9526
[1] 419  57
[1] 9527
[1] 419  55
[1] 9528
[1] 419  28
[1] 9529
[1] 419  33
[1] 9530
[1] 419  31
[1] 9531
[1] 419  68
[1] 9532
[1] 419  67
[1] 9533
[1] 419  40
[1] 9534
[1] 419  11
[1] 9535
[1] 419  73
[1] 9536
[1] 419  35
[1] 9537
[1] 419  21
[1] 9538
[1] 419  20
[1] 9539
[1] 419  14
[1] 9540
[1] 419   8
[1] 9541
[1] 419  59
[1] 9542
[1] 419  26
[1] 9543
[1] 419  19
[1] 9544
[1] 419  39
[1] 9545
[1] 419  37
[1] 9546
[1] 419  68
[1] 9547
[1] 419  55
[1] 9548
[1] 419  64
[1] 9549
[1] 419  68
[1] 9550
[1] 419  20
[1] 9551
[1] 419  30
[1] 9552
[1] 419  21
[1] 9553
[1] 419  69
[1] 9554
[1] 419  59
[1] 9555
[1] 419  47
[1] 9556
[1] 419  76
[1] 9557
[1] 419  60
[1] 9558
[1] 419  23
[1] 9559
[1] 419  71
[1] 9560
[1] 419  60
[1] 9561
[1] 419  93
[1] 9562
[1] 419  26
[1] 9563
[1] 419  49
[1] 9564
[1] 419  43
[1] 9565
[1] 419  52
[1] 9566
[1] 419  39
[1] 9567
[1] 419  21
[1] 9568
[1] 419  35
[1] 9569
[1] 419  32
[1] 9570
[1] 419  56
[1] 9571
[1] 419  51
[1] 9572
[1] 419  93
[1] 9573
[1] 419  16
[1] 9574
[1] 419  59
[1] 9575
[1] 419  35
[1] 9576
[1] 419  14
[1] 9577
[1] 419  62
[1] 9578
[1] 419  37
[1] 9579
[1] 419  98
[1] 9580
[1] 419  40
[1] 9581
[1] 419  58
[1] 9582
[1] 419   5
[1] 9583
[1] 419  36
[1] 9584
[1] 419  30
[1] 9585
[1] 419  69
[1] 9586
[1] 419  39
[1] 9587
[1] 419  14
[1] 9588
[1] 419  71
[1] 9589
[1] 419  79
[1] 9590
[1] 419  48
[1] 9591
[1] 419  45
[1] 9592
[1] 419  38
[1] 9593
[1] 419  62
[1] 9594
[1] 419   9
[1] 9595
[1] 419  43
[1] 9596
[1] 419  75
[1] 9597
[1] 419  44
[1] 9598
[1] 419  64
[1] 9599
[1] 419   6
[1] 9600
[1] 419  35
