[1] 701
[1] 419  50
[1] 702
[1] 419  36
[1] 703
[1] 419  53
[1] 704
[1] 419  55
[1] 705
[1] 419  89
[1] 706
[1] 419 131
[1] 707
[1] 419  49
[1] 708
[1] 419  63
[1] 709
[1] 419  10
[1] 710
[1] 419  10
[1] 711
[1] 419  29
[1] 712
[1] 419  51
[1] 713
[1] 419 157
[1] 714
[1] 419   8
[1] 715
[1] 419  46
[1] 716
[1] 419  53
[1] 717
[1] 419  43
[1] 718
[1] 419  35
[1] 719
[1] 419  31
[1] 720
[1] 419  57
[1] 721
[1] 419  65
[1] 722
[1] 419  54
[1] 723
[1] 419  85
[1] 724
[1] 419  68
[1] 725
[1] 419  72
[1] 726
[1] 419  73
[1] 727
[1] 419  43
[1] 728
[1] 419  80
[1] 729
[1] 419  59
[1] 730
[1] 419  78
[1] 731
[1] 419  69
[1] 732
[1] 419  35
[1] 733
[1] 419  60
[1] 734
[1] 419  53
[1] 735
[1] 419  62
[1] 736
[1] 419  46
[1] 737
[1] 419  73
[1] 738
[1] 419  58
[1] 739
[1] 419  23
[1] 740
[1] 419  75
[1] 741
[1] 419  66
[1] 742
[1] 419  37
[1] 743
[1] 419  48
[1] 744
[1] 419  18
[1] 745
[1] 419  45
[1] 746
[1] 419  51
[1] 747
[1] 419  28
[1] 748
[1] 419  56
[1] 749
[1] 419  51
[1] 750
[1] 419  37
[1] 751
[1] 419  30
[1] 752
[1] 419  52
[1] 753
[1] 419  65
[1] 754
[1] 419  75
[1] 755
[1] 419  84
[1] 756
[1] 419  38
[1] 757
[1] 419 102
[1] 758
[1] 419  64
[1] 759
[1] 419  72
[1] 760
[1] 419  76
[1] 761
[1] 419  71
[1] 762
[1] 419  58
[1] 763
[1] 419 141
[1] 764
[1] 419  24
[1] 765
[1] 419  78
[1] 766
[1] 419  42
[1] 767
[1] 419  47
[1] 768
[1] 419  48
[1] 769
[1] 419  61
[1] 770
[1] 419  57
[1] 771
[1] 419  46
[1] 772
[1] 419  57
[1] 773
[1] 419  54
[1] 774
[1] 419  25
[1] 775
[1] 419  46
[1] 776
[1] 419  26
[1] 777
[1] 419  46
[1] 778
[1] 419  42
[1] 779
[1] 419  33
[1] 780
[1] 419  30
[1] 781
[1] 419  60
[1] 782
[1] 419  43
[1] 783
[1] 419  20
[1] 784
[1] 419  15
[1] 785
[1] 419  49
[1] 786
[1] 419  35
[1] 787
[1] 419  55
[1] 788
[1] 419  31
[1] 789
[1] 419  38
[1] 790
[1] 419  29
[1] 791
[1] 419  33
[1] 792
[1] 419  28
[1] 793
[1] 419  69
[1] 794
[1] 419  54
[1] 795
[1] 419  72
[1] 796
[1] 419  23
[1] 797
[1] 419  78
[1] 798
[1] 419  64
[1] 799
[1] 419  55
[1] 800
[1] 419  69
