[1] 501
[1] 419  51
[1] 502
[1] 419  78
[1] 503
[1] 419  30
[1] 504
[1] 419  82
[1] 505
[1] 419  62
[1] 506
[1] 419  61
[1] 507
[1] 419 102
[1] 508
[1] 419  28
[1] 509
[1] 419  20
[1] 510
[1] 419  40
[1] 511
[1] 419  14
[1] 512
[1] 419  61
[1] 513
[1] 419  50
[1] 514
[1] 419  33
[1] 515
[1] 419  34
[1] 516
[1] 419  36
[1] 517
[1] 419  59
[1] 518
[1] 419  72
[1] 519
[1] 419  54
[1] 520
[1] 419  51
[1] 521
[1] 419  84
[1] 522
[1] 419  43
[1] 523
[1] 419  46
[1] 524
[1] 419  55
[1] 525
[1] 419  59
[1] 526
[1] 419  57
[1] 527
[1] 419  45
[1] 528
[1] 419  68
[1] 529
[1] 419  38
[1] 530
[1] 419  67
[1] 531
[1] 419  23
[1] 532
[1] 419  52
[1] 533
[1] 419  43
[1] 534
[1] 419  48
[1] 535
[1] 419  33
[1] 536
[1] 419  82
[1] 537
[1] 419  39
[1] 538
[1] 419  77
[1] 539
[1] 419  62
[1] 540
[1] 419  67
[1] 541
[1] 419  30
[1] 542
[1] 419  34
[1] 543
[1] 419  77
[1] 544
[1] 419  64
[1] 545
[1] 419  45
[1] 546
[1] 419  45
[1] 547
[1] 419  34
[1] 548
[1] 419  51
[1] 549
[1] 419  32
[1] 550
[1] 419  31
[1] 551
[1] 419  42
[1] 552
[1] 419  57
[1] 553
[1] 419  54
[1] 554
[1] 419  29
[1] 555
[1] 419   4
[1] 556
[1] 419  55
[1] 557
[1] 419  64
[1] 558
[1] 419  75
[1] 559
[1] 419  66
[1] 560
[1] 419  74
[1] 561
[1] 419  58
[1] 562
[1] 419  72
[1] 563
[1] 419  78
[1] 564
[1] 419  46
[1] 565
[1] 419  80
[1] 566
[1] 419  76
[1] 567
[1] 419  65
[1] 568
[1] 419  57
[1] 569
[1] 419  70
[1] 570
[1] 419  52
[1] 571
[1] 419  50
[1] 572
[1] 419  56
[1] 573
[1] 419  50
[1] 574
[1] 419  53
[1] 575
[1] 419  51
[1] 576
[1] 419  56
[1] 577
[1] 419  28
[1] 578
[1] 419  32
[1] 579
[1] 419  36
[1] 580
[1] 419  56
[1] 581
[1] 419  40
[1] 582
[1] 419  47
[1] 583
[1] 419  62
[1] 584
[1] 419  71
[1] 585
[1] 419  71
[1] 586
[1] 419  63
[1] 587
[1] 419  39
[1] 588
[1] 419  75
[1] 589
[1] 419  27
[1] 590
[1] 419  62
[1] 591
[1] 419  31
[1] 592
[1] 419  41
[1] 593
[1] 419  76
[1] 594
[1] 419  38
[1] 595
[1] 419  65
[1] 596
[1] 419  63
[1] 597
[1] 419  39
[1] 598
[1] 419  49
[1] 599
[1] 419  62
[1] 600
[1] 419  80
