[1] 5901
[1] 419  33
[1] 5902
[1] 419  43
[1] 5903
[1] 419  26
[1] 5904
[1] 419  61
[1] 5905
[1] 419  80
[1] 5906
[1] 419  15
[1] 5907
[1] 419  38
[1] 5908
[1] 419  71
[1] 5909
[1] 419  16
[1] 5910
[1] 419  23
[1] 5911
[1] 419  15
[1] 5912
[1] 419  68
[1] 5913
[1] 419  23
[1] 5914
[1] 419  63
[1] 5915
[1] 419   7
[1] 5916
[1] 419  12
[1] 5917
[1] 419  23
[1] 5918
[1] 419  41
[1] 5919
[1] 419  51
[1] 5920
[1] 419  49
[1] 5921
[1] 419  45
[1] 5922
[1] 419  31
[1] 5923
[1] 419  45
[1] 5924
[1] 419  43
[1] 5925
[1] 419  18
[1] 5926
[1] 419  70
[1] 5927
[1] 419  72
[1] 5928
[1] 419  49
[1] 5929
[1] 419  49
[1] 5930
[1] 419  34
[1] 5931
[1] 419  40
[1] 5932
[1] 419  34
[1] 5933
[1] 419  34
[1] 5934
[1] 419  37
[1] 5935
[1] 419  21
[1] 5936
[1] 419  21
[1] 5937
[1] 419  22
[1] 5938
[1] 419  22
[1] 5939
[1] 419  22
[1] 5940
[1] 419  22
[1] 5941
[1] 419  22
[1] 5942
[1] 419  23
[1] 5943
[1] 419  50
[1] 5944
[1] 419  84
[1] 5945
[1] 419  55
[1] 5946
[1] 419  36
[1] 5947
[1] 419  68
[1] 5948
[1] 419  41
[1] 5949
[1] 419  39
[1] 5950
[1] 419  65
[1] 5951
[1] 419  72
[1] 5952
[1] 419  48
[1] 5953
[1] 419  72
[1] 5954
[1] 419  70
[1] 5955
[1] 419  65
[1] 5956
[1] 419  52
[1] 5957
[1] 419  52
[1] 5958
[1] 419  42
[1] 5959
[1] 419  64
[1] 5960
[1] 419  50
[1] 5961
[1] 419  75
[1] 5962
[1] 419 187
[1] 5963
[1] 419  84
[1] 5964
[1] 419  50
[1] 5965
[1] 419  42
[1] 5966
[1] 419  55
[1] 5967
[1] 419  61
[1] 5968
[1] 419 168
[1] 5969
[1] 419  29
[1] 5970
[1] 419  25
[1] 5971
[1] 419  24
[1] 5972
[1] 419  24
[1] 5973
[1] 419  37
[1] 5974
[1] 419  29
[1] 5975
[1] 419  60
[1] 5976
[1] 419  99
[1] 5977
[1] 419  60
[1] 5978
[1] 419  22
[1] 5979
[1] 419  26
[1] 5980
[1] 419  70
[1] 5981
[1] 419  71
[1] 5982
[1] 419  44
[1] 5983
[1] 419  45
[1] 5984
[1] 419  37
[1] 5985
[1] 419  24
[1] 5986
[1] 419  55
[1] 5987
[1] 419  39
[1] 5988
[1] 419  26
[1] 5989
[1] 419  61
[1] 5990
[1] 419 137
[1] 5991
[1] 419  34
[1] 5992
[1] 419  39
[1] 5993
[1] 419  31
[1] 5994
[1] 419  30
[1] 5995
[1] 419  54
[1] 5996
[1] 419 131
[1] 5997
[1] 419  80
[1] 5998
[1] 419  69
[1] 5999
[1] 419  26
[1] 6000
[1] 419  43
