[1] 3901
[1] 419  46
[1] 3902
[1] 419  68
[1] 3903
[1] 419  71
[1] 3904
[1] 419  28
[1] 3905
[1] 419  69
[1] 3906
[1] 419  98
[1] 3907
[1] 419  35
[1] 3908
[1] 419  54
[1] 3909
[1] 419  34
[1] 3910
[1] 419  53
[1] 3911
[1] 419  42
[1] 3912
[1] 419  28
[1] 3913
[1] 419  36
[1] 3914
[1] 419  54
[1] 3915
[1] 419  62
[1] 3916
[1] 419 105
[1] 3917
[1] 419  90
[1] 3918
[1] 419  88
[1] 3919
[1] 419  59
[1] 3920
[1] 419  88
[1] 3921
[1] 419  54
[1] 3922
[1] 419  70
[1] 3923
[1] 419  36
[1] 3924
[1] 419  32
[1] 3925
[1] 419  58
[1] 3926
[1] 419  40
[1] 3927
[1] 419  53
[1] 3928
[1] 419  25
[1] 3929
[1] 419  80
[1] 3930
[1] 419  29
[1] 3931
[1] 419  52
[1] 3932
[1] 419  43
[1] 3933
[1] 419  56
[1] 3934
[1] 419  94
[1] 3935
[1] 419  33
[1] 3936
[1] 419  46
[1] 3937
[1] 419  45
[1] 3938
[1] 419  38
[1] 3939
[1] 419  58
[1] 3940
[1] 419  37
[1] 3941
[1] 419  52
[1] 3942
[1] 419  56
[1] 3943
[1] 419  49
[1] 3944
[1] 419  44
[1] 3945
[1] 419  43
[1] 3946
[1] 419  23
[1] 3947
[1] 419  22
[1] 3948
[1] 419  33
[1] 3949
[1] 419  30
[1] 3950
[1] 419  64
[1] 3951
[1] 419  45
[1] 3952
[1] 419  57
[1] 3953
[1] 419  93
[1] 3954
[1] 419  68
[1] 3955
[1] 419  30
[1] 3956
[1] 419  77
[1] 3957
[1] 419  24
[1] 3958
[1] 419  20
[1] 3959
[1] 419  56
[1] 3960
[1] 419  31
[1] 3961
[1] 419  59
[1] 3962
[1] 419  36
[1] 3963
[1] 419  62
[1] 3964
[1] 419  62
[1] 3965
[1] 419  23
[1] 3966
[1] 419  23
[1] 3967
[1] 419  46
[1] 3968
[1] 419  38
[1] 3969
[1] 419  79
[1] 3970
[1] 419  44
[1] 3971
[1] 419  20
[1] 3972
[1] 419  57
[1] 3973
[1] 419  42
[1] 3974
[1] 419  36
[1] 3975
[1] 419  29
[1] 3976
[1] 419  28
[1] 3977
[1] 419  37
[1] 3978
[1] 419 104
[1] 3979
[1] 419  73
[1] 3980
[1] 419  64
[1] 3981
[1] 419  58
[1] 3982
[1] 419  43
[1] 3983
[1] 419  64
[1] 3984
[1] 419  90
[1] 3985
[1] 419  62
[1] 3986
[1] 419  61
[1] 3987
[1] 419  74
[1] 3988
[1] 419  58
[1] 3989
[1] 419  66
[1] 3990
[1] 419  64
[1] 3991
[1] 419  65
[1] 3992
[1] 419  46
[1] 3993
[1] 419  62
[1] 3994
[1] 419  63
[1] 3995
[1] 419  51
[1] 3996
[1] 419  34
[1] 3997
[1] 419  50
[1] 3998
[1] 419  40
[1] 3999
[1] 419  44
[1] 4000
[1] 419  48
