[1] 401
[1] 419  45
[1] 402
[1] 419  37
[1] 403
[1] 419  49
[1] 404
[1] 419  41
[1] 405
[1] 419  47
[1] 406
[1] 419 138
[1] 407
[1] 419  49
[1] 408
[1] 419  56
[1] 409
[1] 419  57
[1] 410
[1] 419  41
[1] 411
[1] 419  62
[1] 412
[1] 419  95
[1] 413
[1] 419  60
[1] 414
[1] 419  31
[1] 415
[1] 419  44
[1] 416
[1] 419  18
[1] 417
[1] 419  25
[1] 418
[1] 419  78
[1] 419
[1] 419  51
[1] 420
[1] 419 104
[1] 421
[1] 419  77
[1] 422
[1] 419  30
[1] 423
[1] 419  56
[1] 424
[1] 419  75
[1] 425
[1] 419 127
[1] 426
[1] 419  67
[1] 427
[1] 419  41
[1] 428
[1] 419  45
[1] 429
[1] 419  82
[1] 430
[1] 419  33
[1] 431
[1] 419  38
[1] 432
[1] 419  52
[1] 433
[1] 419  31
[1] 434
[1] 419  40
[1] 435
[1] 419  47
[1] 436
[1] 419  51
[1] 437
[1] 419  73
[1] 438
[1] 419 100
[1] 439
[1] 419  35
[1] 440
[1] 419  64
[1] 441
[1] 419  72
[1] 442
[1] 419  40
[1] 443
[1] 419  43
[1] 444
[1] 419  44
[1] 445
[1] 419  30
[1] 446
[1] 419  81
[1] 447
[1] 419  30
[1] 448
[1] 419  28
[1] 449
[1] 419  24
[1] 450
[1] 419  53
[1] 451
[1] 419  38
[1] 452
[1] 419  23
[1] 453
[1] 419  61
[1] 454
[1] 419  47
[1] 455
[1] 419  48
[1] 456
[1] 419  97
[1] 457
[1] 419 117
[1] 458
[1] 419  57
[1] 459
[1] 419  56
[1] 460
[1] 419  38
[1] 461
[1] 419  69
[1] 462
[1] 419  68
[1] 463
[1] 419  28
[1] 464
[1] 419  54
[1] 465
[1] 419  19
[1] 466
[1] 419  40
[1] 467
[1] 419  63
[1] 468
[1] 419  44
[1] 469
[1] 419  91
[1] 470
[1] 419  24
[1] 471
[1] 419  38
[1] 472
[1] 419 107
[1] 473
[1] 419  61
[1] 474
[1] 419  31
[1] 475
[1] 419  61
[1] 476
[1] 419  32
[1] 477
[1] 419  32
[1] 478
[1] 419  53
[1] 479
[1] 419  39
[1] 480
[1] 419  70
[1] 481
[1] 419  70
[1] 482
[1] 419  19
[1] 483
[1] 419  39
[1] 484
[1] 419  61
[1] 485
[1] 419  64
[1] 486
[1] 419  65
[1] 487
[1] 419  76
[1] 488
[1] 419  48
[1] 489
[1] 419  38
[1] 490
[1] 419  48
[1] 491
[1] 419  40
[1] 492
[1] 419 109
[1] 493
[1] 419  27
[1] 494
[1] 419  37
[1] 495
[1] 419  55
[1] 496
[1] 419  41
[1] 497
[1] 419  48
[1] 498
[1] 419  55
[1] 499
[1] 419  57
[1] 500
[1] 419  79
