[1] 4901
[1] 419  38
[1] 4902
[1] 419  54
[1] 4903
[1] 419  48
[1] 4904
[1] 419  70
[1] 4905
[1] 419  46
[1] 4906
[1] 419  45
[1] 4907
[1] 419  81
[1] 4908
[1] 419  54
[1] 4909
[1] 419  56
[1] 4910
[1] 419  23
[1] 4911
[1] 419  21
[1] 4912
[1] 419  47
[1] 4913
[1] 419  44
[1] 4914
[1] 419  65
[1] 4915
[1] 419  21
[1] 4916
[1] 419  27
[1] 4917
[1] 419  78
[1] 4918
[1] 419  51
[1] 4919
[1] 419  32
[1] 4920
[1] 419  32
[1] 4921
[1] 419 107
[1] 4922
[1] 419  60
[1] 4923
[1] 419  58
[1] 4924
[1] 419  40
[1] 4925
[1] 419  42
[1] 4926
[1] 419  92
[1] 4927
[1] 419  50
[1] 4928
[1] 419  47
[1] 4929
[1] 419  88
[1] 4930
[1] 419  61
[1] 4931
[1] 419  53
[1] 4932
[1] 419  71
[1] 4933
[1] 419  38
[1] 4934
[1] 419  43
[1] 4935
[1] 419  18
[1] 4936
[1] 419  14
[1] 4937
[1] 419  15
[1] 4938
[1] 419  15
[1] 4939
[1] 419  57
[1] 4940
[1] 419  47
[1] 4941
[1] 419  43
[1] 4942
[1] 419  51
[1] 4943
[1] 419  54
[1] 4944
[1] 419  53
[1] 4945
[1] 419  51
[1] 4946
[1] 419  24
[1] 4947
[1] 419  36
[1] 4948
[1] 419  38
[1] 4949
[1] 419  43
[1] 4950
[1] 419  52
[1] 4951
[1] 419  58
[1] 4952
[1] 419  68
[1] 4953
[1] 419  51
[1] 4954
[1] 419  49
[1] 4955
[1] 419  33
[1] 4956
[1] 419  34
[1] 4957
[1] 419  21
[1] 4958
[1] 419  19
[1] 4959
[1] 419  24
[1] 4960
[1] 419  38
[1] 4961
[1] 419  25
[1] 4962
[1] 419  49
[1] 4963
[1] 419  70
[1] 4964
[1] 419  45
[1] 4965
[1] 419  60
[1] 4966
[1] 419  28
[1] 4967
[1] 419  40
[1] 4968
[1] 419  38
[1] 4969
[1] 419  33
[1] 4970
[1] 419  35
[1] 4971
[1] 419  26
[1] 4972
[1] 419  32
[1] 4973
[1] 419  44
[1] 4974
[1] 419  27
[1] 4975
[1] 419  35
[1] 4976
[1] 419  32
[1] 4977
[1] 419  38
[1] 4978
[1] 419  76
[1] 4979
[1] 419  97
[1] 4980
[1] 419  59
[1] 4981
[1] 419  48
[1] 4982
[1] 419  30
[1] 4983
[1] 419  62
[1] 4984
[1] 419  57
[1] 4985
[1] 419  30
[1] 4986
[1] 419  36
[1] 4987
[1] 419  96
[1] 4988
[1] 419  42
[1] 4989
[1] 419  59
[1] 4990
[1] 419  49
[1] 4991
[1] 419  45
[1] 4992
[1] 419  29
[1] 4993
[1] 419  49
[1] 4994
[1] 419  70
[1] 4995
[1] 419  51
[1] 4996
[1] 419  64
[1] 4997
[1] 419  39
[1] 4998
[1] 419  52
[1] 4999
[1] 419  58
[1] 5000
[1] 419  88
