[1] 1901
[1] 419  50
[1] 1902
[1] 419  56
[1] 1903
[1] 419  37
[1] 1904
[1] 419  72
[1] 1905
[1] 419  21
[1] 1906
[1] 419  18
[1] 1907
[1] 419  21
[1] 1908
[1] 419  54
[1] 1909
[1] 419  59
[1] 1910
[1] 419  34
[1] 1911
[1] 419  42
[1] 1912
[1] 419  35
[1] 1913
[1] 419  42
[1] 1914
[1] 419  35
[1] 1915
[1] 419  50
[1] 1916
[1] 419  31
[1] 1917
[1] 419  35
[1] 1918
[1] 419  90
[1] 1919
[1] 419  39
[1] 1920
[1] 419  63
[1] 1921
[1] 419  60
[1] 1922
[1] 419  63
[1] 1923
[1] 419  60
[1] 1924
[1] 419  60
[1] 1925
[1] 419  49
[1] 1926
[1] 419  87
[1] 1927
[1] 419  93
[1] 1928
[1] 419  99
[1] 1929
[1] 419  42
[1] 1930
[1] 419  62
[1] 1931
[1] 419  41
[1] 1932
[1] 419  38
[1] 1933
[1] 419  88
[1] 1934
[1] 419  39
[1] 1935
[1] 419  81
[1] 1936
[1] 419  36
[1] 1937
[1] 419  91
[1] 1938
[1] 419  54
[1] 1939
[1] 419 140
[1] 1940
[1] 419 115
[1] 1941
[1] 419  73
[1] 1942
[1] 419  10
[1] 1943
[1] 419  52
[1] 1944
[1] 419  90
[1] 1945
[1] 419  72
[1] 1946
[1] 419  31
[1] 1947
[1] 419  77
[1] 1948
[1] 419  75
[1] 1949
[1] 419  66
[1] 1950
[1] 419  36
[1] 1951
[1] 419  44
[1] 1952
[1] 419  48
[1] 1953
[1] 419  51
[1] 1954
[1] 419  45
[1] 1955
[1] 419  55
[1] 1956
[1] 419  61
[1] 1957
[1] 419  53
[1] 1958
[1] 419  52
[1] 1959
[1] 419  58
[1] 1960
[1] 419  58
[1] 1961
[1] 419  47
[1] 1962
[1] 419  44
[1] 1963
[1] 419  52
[1] 1964
[1] 419  66
[1] 1965
[1] 419  59
[1] 1966
[1] 419  55
[1] 1967
[1] 419  52
[1] 1968
[1] 419  78
[1] 1969
[1] 419  68
[1] 1970
[1] 419  26
[1] 1971
[1] 419  54
[1] 1972
[1] 419  68
[1] 1973
[1] 419  52
[1] 1974
[1] 419  71
[1] 1975
[1] 419  37
[1] 1976
[1] 419  37
[1] 1977
[1] 419  60
[1] 1978
[1] 419  41
[1] 1979
[1] 419  49
[1] 1980
[1] 419  42
[1] 1981
[1] 419  65
[1] 1982
[1] 419  65
[1] 1983
[1] 419  45
[1] 1984
[1] 419  72
[1] 1985
[1] 419  41
[1] 1986
[1] 419  74
[1] 1987
[1] 419  29
[1] 1988
[1] 419  32
[1] 1989
[1] 419  94
[1] 1990
[1] 419  45
[1] 1991
[1] 419  55
[1] 1992
[1] 419  81
[1] 1993
[1] 419  34
[1] 1994
[1] 419  51
[1] 1995
[1] 419  56
[1] 1996
[1] 419  57
[1] 1997
[1] 419  62
[1] 1998
[1] 419  70
[1] 1999
[1] 419  86
[1] 2000
[1] 419  80
