[1] 7201
[1] 419  39
[1] 7202
[1] 419  47
[1] 7203
[1] 419  91
[1] 7204
[1] 419  42
[1] 7205
[1] 419 122
[1] 7206
[1] 419  32
[1] 7207
[1] 419  48
[1] 7208
[1] 419  63
[1] 7209
[1] 419  99
[1] 7210
[1] 419  12
[1] 7211
[1] 419  70
[1] 7212
[1] 419  42
[1] 7213
[1] 419  45
[1] 7214
[1] 419  41
[1] 7215
[1] 419  45
[1] 7216
[1] 419  69
[1] 7217
[1] 419  40
[1] 7218
[1] 419  64
[1] 7219
[1] 419  42
[1] 7220
[1] 419  40
[1] 7221
[1] 419  47
[1] 7222
[1] 419  29
[1] 7223
[1] 419  41
[1] 7224
[1] 419  27
[1] 7225
[1] 419  56
[1] 7226
[1] 419  63
[1] 7227
[1] 419  47
[1] 7228
[1] 419  40
[1] 7229
[1] 419  44
[1] 7230
[1] 419  29
[1] 7231
[1] 419  26
[1] 7232
[1] 419  25
[1] 7233
[1] 419  38
[1] 7234
[1] 419  51
[1] 7235
[1] 419  82
[1] 7236
[1] 419  31
[1] 7237
[1] 419  52
[1] 7238
[1] 419  48
[1] 7239
[1] 419  56
[1] 7240
[1] 419  30
[1] 7241
[1] 419  46
[1] 7242
[1] 419  36
[1] 7243
[1] 419  63
[1] 7244
[1] 419  37
[1] 7245
[1] 419  59
[1] 7246
[1] 419  20
[1] 7247
[1] 419  74
[1] 7248
[1] 419  38
[1] 7249
[1] 419  70
[1] 7250
[1] 419  54
[1] 7251
[1] 419  49
[1] 7252
[1] 419  33
[1] 7253
[1] 419  37
[1] 7254
[1] 419  35
[1] 7255
[1] 419  34
[1] 7256
[1] 419  46
[1] 7257
[1] 419  40
[1] 7258
[1] 419  45
[1] 7259
[1] 419  75
[1] 7260
[1] 419  33
[1] 7261
[1] 419  40
[1] 7262
[1] 419  23
[1] 7263
[1] 419  57
[1] 7264
[1] 419  53
[1] 7265
[1] 419  47
[1] 7266
[1] 419  52
[1] 7267
[1] 419  66
[1] 7268
[1] 419  87
[1] 7269
[1] 419  37
[1] 7270
[1] 419  36
[1] 7271
[1] 419  51
[1] 7272
[1] 419  58
[1] 7273
[1] 419  48
[1] 7274
[1] 419  47
[1] 7275
[1] 419  56
[1] 7276
[1] 419  62
[1] 7277
[1] 419  60
[1] 7278
[1] 419  61
[1] 7279
[1] 419  49
[1] 7280
[1] 419  57
[1] 7281
[1] 419  61
[1] 7282
[1] 419  57
[1] 7283
[1] 419  34
[1] 7284
[1] 419  55
[1] 7285
[1] 419  40
[1] 7286
[1] 419  49
[1] 7287
[1] 419  77
[1] 7288
[1] 419 113
[1] 7289
[1] 419  67
[1] 7290
[1] 419  69
[1] 7291
[1] 419  59
[1] 7292
[1] 419  36
[1] 7293
[1] 419  59
[1] 7294
[1] 419  33
[1] 7295
[1] 419  90
[1] 7296
[1] 419  59
[1] 7297
[1] 419  69
[1] 7298
[1] 419  72
[1] 7299
[1] 419  31
[1] 7300
[1] 419  56
