[1] 3701
[1] 419  53
[1] 3702
[1] 419  45
[1] 3703
[1] 419  81
[1] 3704
[1] 419  66
[1] 3705
[1] 419  26
[1] 3706
[1] 419  26
[1] 3707
[1] 419  35
[1] 3708
[1] 419  27
[1] 3709
[1] 419  29
[1] 3710
[1] 419  26
[1] 3711
[1] 419  33
[1] 3712
[1] 419  16
[1] 3713
[1] 419  53
[1] 3714
[1] 419  62
[1] 3715
[1] 419  53
[1] 3716
[1] 419  57
[1] 3717
[1] 419  94
[1] 3718
[1] 419  66
[1] 3719
[1] 419  64
[1] 3720
[1] 419  72
[1] 3721
[1] 419  40
[1] 3722
[1] 419  51
[1] 3723
[1] 419  40
[1] 3724
[1] 419  50
[1] 3725
[1] 419  45
[1] 3726
[1] 419  37
[1] 3727
[1] 419  35
[1] 3728
[1] 419  34
[1] 3729
[1] 419  31
[1] 3730
[1] 419  42
[1] 3731
[1] 419  50
[1] 3732
[1] 419  46
[1] 3733
[1] 419  62
[1] 3734
[1] 419  62
[1] 3735
[1] 419  60
[1] 3736
[1] 419  59
[1] 3737
[1] 419  64
[1] 3738
[1] 419  59
[1] 3739
[1] 419  58
[1] 3740
[1] 419  58
[1] 3741
[1] 419  59
[1] 3742
[1] 419  68
[1] 3743
[1] 419  81
[1] 3744
[1] 419  68
[1] 3745
[1] 419  79
[1] 3746
[1] 419  42
[1] 3747
[1] 419  55
[1] 3748
[1] 419  61
[1] 3749
[1] 419  80
[1] 3750
[1] 419  68
[1] 3751
[1] 419  69
[1] 3752
[1] 419  62
[1] 3753
[1] 419  79
[1] 3754
[1] 419  80
[1] 3755
[1] 419  63
[1] 3756
[1] 419  67
[1] 3757
[1] 419  86
[1] 3758
[1] 419  67
[1] 3759
[1] 419  64
[1] 3760
[1] 419  40
[1] 3761
[1] 419  87
[1] 3762
[1] 419  99
[1] 3763
[1] 419  61
[1] 3764
[1] 419  82
[1] 3765
[1] 419  85
[1] 3766
[1] 419  78
[1] 3767
[1] 419  70
[1] 3768
[1] 419  43
[1] 3769
[1] 419  84
[1] 3770
[1] 419  87
[1] 3771
[1] 419  38
[1] 3772
[1] 419  61
[1] 3773
[1] 419  39
[1] 3774
[1] 419  63
[1] 3775
[1] 419  65
[1] 3776
[1] 419  22
[1] 3777
[1] 419  17
[1] 3778
[1] 419  32
[1] 3779
[1] 419  20
[1] 3780
[1] 419  28
[1] 3781
[1] 419  33
[1] 3782
[1] 419  23
[1] 3783
[1] 419  38
[1] 3784
[1] 419  23
[1] 3785
[1] 419  18
[1] 3786
[1] 419   7
[1] 3787
[1] 419  23
[1] 3788
[1] 419  24
[1] 3789
[1] 419  52
[1] 3790
[1] 419  36
[1] 3791
[1] 419  25
[1] 3792
[1] 419  34
[1] 3793
[1] 419  24
[1] 3794
[1] 419  64
[1] 3795
[1] 419  56
[1] 3796
[1] 419  58
[1] 3797
[1] 419  43
[1] 3798
[1] 419  50
[1] 3799
[1] 419  31
[1] 3800
[1] 419  26
