[1] 5801
[1] 419  63
[1] 5802
[1] 419  45
[1] 5803
[1] 419  73
[1] 5804
[1] 419  59
[1] 5805
[1] 419  38
[1] 5806
[1] 419  44
[1] 5807
[1] 419  57
[1] 5808
[1] 419  40
[1] 5809
[1] 419  61
[1] 5810
[1] 419 189
[1] 5811
[1] 419  63
[1] 5812
[1] 419  96
[1] 5813
[1] 419  87
[1] 5814
[1] 419  94
[1] 5815
[1] 419  94
[1] 5816
[1] 419  91
[1] 5817
[1] 419  94
[1] 5818
[1] 419 104
[1] 5819
[1] 419  95
[1] 5820
[1] 419  87
[1] 5821
[1] 419  57
[1] 5822
[1] 419  35
[1] 5823
[1] 419  58
[1] 5824
[1] 419  39
[1] 5825
[1] 419  36
[1] 5826
[1] 419  38
[1] 5827
[1] 419  43
[1] 5828
[1] 419  51
[1] 5829
[1] 419  42
[1] 5830
[1] 419  57
[1] 5831
[1] 419  58
[1] 5832
[1] 419  60
[1] 5833
[1] 419  35
[1] 5834
[1] 419  63
[1] 5835
[1] 419  57
[1] 5836
[1] 419  65
[1] 5837
[1] 419   9
[1] 5838
[1] 419  34
[1] 5839
[1] 419  56
[1] 5840
[1] 419  86
[1] 5841
[1] 419  46
[1] 5842
[1] 419 100
[1] 5843
[1] 419  94
[1] 5844
[1] 419  41
[1] 5845
[1] 419  43
[1] 5846
[1] 419  38
[1] 5847
[1] 419  42
[1] 5848
[1] 419  41
[1] 5849
[1] 419  30
[1] 5850
[1] 419  26
[1] 5851
[1] 419  50
[1] 5852
[1] 419  54
[1] 5853
[1] 419  53
[1] 5854
[1] 419  61
[1] 5855
[1] 419  40
[1] 5856
[1] 419  16
[1] 5857
[1] 419  65
[1] 5858
[1] 419  56
[1] 5859
[1] 419 102
[1] 5860
[1] 419  27
[1] 5861
[1] 419  50
[1] 5862
[1] 419  63
[1] 5863
[1] 419  49
[1] 5864
[1] 419  51
[1] 5865
[1] 419  37
[1] 5866
[1] 419  37
[1] 5867
[1] 419  22
[1] 5868
[1] 419  34
[1] 5869
[1] 419  41
[1] 5870
[1] 419  73
[1] 5871
[1] 419  48
[1] 5872
[1] 419  43
[1] 5873
[1] 419  41
[1] 5874
[1] 419  20
[1] 5875
[1] 419  47
[1] 5876
[1] 419  24
[1] 5877
[1] 419  78
[1] 5878
[1] 419  86
[1] 5879
[1] 419  68
[1] 5880
[1] 419  70
[1] 5881
[1] 419  29
[1] 5882
[1] 419  52
[1] 5883
[1] 419  47
[1] 5884
[1] 419  31
[1] 5885
[1] 419  48
[1] 5886
[1] 419  42
[1] 5887
[1] 419  44
[1] 5888
[1] 419  31
[1] 5889
[1] 419  43
[1] 5890
[1] 419  63
[1] 5891
[1] 419  68
[1] 5892
[1] 419  58
[1] 5893
[1] 419 137
[1] 5894
[1] 419  51
[1] 5895
[1] 419  48
[1] 5896
[1] 419  40
[1] 5897
[1] 419  51
[1] 5898
[1] 419  51
[1] 5899
[1] 419  63
[1] 5900
[1] 419  78
