[1] 6301
[1] 419  67
[1] 6302
[1] 419  35
[1] 6303
[1] 419  37
[1] 6304
[1] 419  45
[1] 6305
[1] 419  60
[1] 6306
[1] 419 122
[1] 6307
[1] 419  73
[1] 6308
[1] 419  51
[1] 6309
[1] 419  75
[1] 6310
[1] 419  45
[1] 6311
[1] 419  54
[1] 6312
[1] 419  88
[1] 6313
[1] 419  44
[1] 6314
[1] 419  81
[1] 6315
[1] 419  89
[1] 6316
[1] 419 183
[1] 6317
[1] 419  59
[1] 6318
[1] 419  15
[1] 6319
[1] 419  51
[1] 6320
[1] 419  51
[1] 6321
[1] 419  60
[1] 6322
[1] 419  40
[1] 6323
[1] 419  15
[1] 6324
[1] 419  46
[1] 6325
[1] 419  68
[1] 6326
[1] 419  79
[1] 6327
[1] 419  76
[1] 6328
[1] 419  47
[1] 6329
[1] 419  48
[1] 6330
[1] 419  45
[1] 6331
[1] 419  42
[1] 6332
[1] 419  45
[1] 6333
[1] 419  72
[1] 6334
[1] 419  86
[1] 6335
[1] 419  62
[1] 6336
[1] 419  62
[1] 6337
[1] 419  34
[1] 6338
[1] 419  33
[1] 6339
[1] 419  37
[1] 6340
[1] 419  43
[1] 6341
[1] 419  32
[1] 6342
[1] 419  61
[1] 6343
[1] 419  40
[1] 6344
[1] 419  44
[1] 6345
[1] 419  54
[1] 6346
[1] 419  98
[1] 6347
[1] 419  62
[1] 6348
[1] 419  55
[1] 6349
[1] 419  37
[1] 6350
[1] 419  78
[1] 6351
[1] 419  57
[1] 6352
[1] 419  63
[1] 6353
[1] 419  38
[1] 6354
[1] 419  27
[1] 6355
[1] 419  24
[1] 6356
[1] 419  77
[1] 6357
[1] 419  41
[1] 6358
[1] 419  36
[1] 6359
[1] 419  37
[1] 6360
[1] 419  19
[1] 6361
[1] 419  49
[1] 6362
[1] 419  13
[1] 6363
[1] 419  50
[1] 6364
[1] 419  60
[1] 6365
[1] 419  58
[1] 6366
[1] 419  71
[1] 6367
[1] 419  12
[1] 6368
[1] 419  11
[1] 6369
[1] 419  15
[1] 6370
[1] 419  34
[1] 6371
[1] 419  31
[1] 6372
[1] 419  28
[1] 6373
[1] 419  58
[1] 6374
[1] 419  40
[1] 6375
[1] 419  44
[1] 6376
[1] 419  14
[1] 6377
[1] 419  66
[1] 6378
[1] 419  34
[1] 6379
[1] 419  85
[1] 6380
[1] 419  37
[1] 6381
[1] 419  35
[1] 6382
[1] 419  70
[1] 6383
[1] 419  78
[1] 6384
[1] 419  69
[1] 6385
[1] 419  10
[1] 6386
[1] 419  11
[1] 6387
[1] 419  24
[1] 6388
[1] 419  43
[1] 6389
[1] 419  45
[1] 6390
[1] 419  42
[1] 6391
[1] 419  35
[1] 6392
[1] 419  64
[1] 6393
[1] 419  25
[1] 6394
[1] 419  77
[1] 6395
[1] 419  73
[1] 6396
[1] 419  51
[1] 6397
[1] 419  70
[1] 6398
[1] 419  51
[1] 6399
[1] 419  60
[1] 6400
[1] 419  16
