[1] 1201
[1] 419  44
[1] 1202
[1] 419  82
[1] 1203
[1] 419  40
[1] 1204
[1] 419  48
[1] 1205
[1] 419  60
[1] 1206
[1] 419  44
[1] 1207
[1] 419  83
[1] 1208
[1] 419  36
[1] 1209
[1] 419  29
[1] 1210
[1] 419  32
[1] 1211
[1] 419  31
[1] 1212
[1] 419 131
[1] 1213
[1] 419  84
[1] 1214
[1] 419  45
[1] 1215
[1] 419  18
[1] 1216
[1] 419  13
[1] 1217
[1] 419  40
[1] 1218
[1] 419  78
[1] 1219
[1] 419  36
[1] 1220
[1] 419  71
[1] 1221
[1] 419  37
[1] 1222
[1] 419  26
[1] 1223
[1] 419  36
[1] 1224
[1] 419  51
[1] 1225
[1] 419  51
[1] 1226
[1] 419  80
[1] 1227
[1] 419  41
[1] 1228
[1] 419  43
[1] 1229
[1] 419  60
[1] 1230
[1] 419  40
[1] 1231
[1] 419  81
[1] 1232
[1] 419  60
[1] 1233
[1] 419  50
[1] 1234
[1] 419  26
[1] 1235
[1] 419  30
[1] 1236
[1] 419  55
[1] 1237
[1] 419  55
[1] 1238
[1] 419  16
[1] 1239
[1] 419  20
[1] 1240
[1] 419  27
[1] 1241
[1] 419  24
[1] 1242
[1] 419  22
[1] 1243
[1] 419  47
[1] 1244
[1] 419  47
[1] 1245
[1] 419  78
[1] 1246
[1] 419  50
[1] 1247
[1] 419  36
[1] 1248
[1] 419  30
[1] 1249
[1] 419  75
[1] 1250
[1] 419  89
[1] 1251
[1] 419  46
[1] 1252
[1] 419  66
[1] 1253
[1] 419  73
[1] 1254
[1] 419  16
[1] 1255
[1] 419  52
[1] 1256
[1] 419  38
[1] 1257
[1] 419  75
[1] 1258
[1] 419  61
[1] 1259
[1] 419  73
[1] 1260
[1] 419  16
[1] 1261
[1] 419  10
[1] 1262
[1] 419  57
[1] 1263
[1] 419  53
[1] 1264
[1] 419  46
[1] 1265
[1] 419  55
[1] 1266
[1] 419  54
[1] 1267
[1] 419  51
[1] 1268
[1] 419  37
[1] 1269
[1] 419  50
[1] 1270
[1] 419  40
[1] 1271
[1] 419  38
[1] 1272
[1] 419  53
[1] 1273
[1] 419  46
[1] 1274
[1] 419  66
[1] 1275
[1] 419  39
[1] 1276
[1] 419  62
[1] 1277
[1] 419  71
[1] 1278
[1] 419  67
[1] 1279
[1] 419  77
[1] 1280
[1] 419  57
[1] 1281
[1] 419  42
[1] 1282
[1] 419  92
[1] 1283
[1] 419  64
[1] 1284
[1] 419  10
[1] 1285
[1] 419  41
[1] 1286
[1] 419  74
[1] 1287
[1] 419  94
[1] 1288
[1] 419  34
[1] 1289
[1] 419  45
[1] 1290
[1] 419  48
[1] 1291
[1] 419  45
[1] 1292
[1] 419  65
[1] 1293
[1] 419  69
[1] 1294
[1] 419 116
[1] 1295
[1] 419  65
[1] 1296
[1] 419  48
[1] 1297
[1] 419  38
[1] 1298
[1] 419  35
[1] 1299
[1] 419  40
[1] 1300
[1] 419  60
