[1] 6001
[1] 419  42
[1] 6002
[1] 419  46
[1] 6003
[1] 419  85
[1] 6004
[1] 419  60
[1] 6005
[1] 419  35
[1] 6006
[1] 419  36
[1] 6007
[1] 419  94
[1] 6008
[1] 419 100
[1] 6009
[1] 419  56
[1] 6010
[1] 419  51
[1] 6011
[1] 419  77
[1] 6012
[1] 419  64
[1] 6013
[1] 419  46
[1] 6014
[1] 419  71
[1] 6015
[1] 419  65
[1] 6016
[1] 419  68
[1] 6017
[1] 419  54
[1] 6018
[1] 419 203
[1] 6019
[1] 419  41
[1] 6020
[1] 419  51
[1] 6021
[1] 419  50
[1] 6022
[1] 419  49
[1] 6023
[1] 419  58
[1] 6024
[1] 419  69
[1] 6025
[1] 419  61
[1] 6026
[1] 419  40
[1] 6027
[1] 419  41
[1] 6028
[1] 419  46
[1] 6029
[1] 419  63
[1] 6030
[1] 419  70
[1] 6031
[1] 419  53
[1] 6032
[1] 419  59
[1] 6033
[1] 419  27
[1] 6034
[1] 419  38
[1] 6035
[1] 419  88
[1] 6036
[1] 419  48
[1] 6037
[1] 419  68
[1] 6038
[1] 419  59
[1] 6039
[1] 419  67
[1] 6040
[1] 419  58
[1] 6041
[1] 419  55
[1] 6042
[1] 419 121
[1] 6043
[1] 419  48
[1] 6044
[1] 419  54
[1] 6045
[1] 419  44
[1] 6046
[1] 419  96
[1] 6047
[1] 419 228
[1] 6048
[1] 419  46
[1] 6049
[1] 419 115
[1] 6050
[1] 419  71
[1] 6051
[1] 419  15
[1] 6052
[1] 419  41
[1] 6053
[1] 419  64
[1] 6054
[1] 419  68
[1] 6055
[1] 419  68
[1] 6056
[1] 419  61
[1] 6057
[1] 419  43
[1] 6058
[1] 419  66
[1] 6059
[1] 419  54
[1] 6060
[1] 419  68
[1] 6061
[1] 419  24
[1] 6062
[1] 419  18
[1] 6063
[1] 419  25
[1] 6064
[1] 419  85
[1] 6065
[1] 419  34
[1] 6066
[1] 419  72
[1] 6067
[1] 419  46
[1] 6068
[1] 419  40
[1] 6069
[1] 419  40
[1] 6070
[1] 419 127
[1] 6071
[1] 419  46
[1] 6072
[1] 419  47
[1] 6073
[1] 419  39
[1] 6074
[1] 419  38
[1] 6075
[1] 419  45
[1] 6076
[1] 419  61
[1] 6077
[1] 419  61
[1] 6078
[1] 419  69
[1] 6079
[1] 419  65
[1] 6080
[1] 419  57
[1] 6081
[1] 419  54
[1] 6082
[1] 419  40
[1] 6083
[1] 419  77
[1] 6084
[1] 419  51
[1] 6085
[1] 419  55
[1] 6086
[1] 419  68
[1] 6087
[1] 419  66
[1] 6088
[1] 419  70
[1] 6089
[1] 419  66
[1] 6090
[1] 419  50
[1] 6091
[1] 419  55
[1] 6092
[1] 419  67
[1] 6093
[1] 419  71
[1] 6094
[1] 419  62
[1] 6095
[1] 419  63
[1] 6096
[1] 419  60
[1] 6097
[1] 419  71
[1] 6098
[1] 419  70
[1] 6099
[1] 419  75
[1] 6100
[1] 419  41
