[1] 6401
[1] 419  56
[1] 6402
[1] 419  46
[1] 6403
[1] 419  10
[1] 6404
[1] 419  21
[1] 6405
[1] 419  22
[1] 6406
[1] 419  58
[1] 6407
[1] 419  54
[1] 6408
[1] 419  65
[1] 6409
[1] 419  55
[1] 6410
[1] 419  59
[1] 6411
[1] 419  48
[1] 6412
[1] 419  75
[1] 6413
[1] 419  44
[1] 6414
[1] 419  59
[1] 6415
[1] 419  40
[1] 6416
[1] 419  62
[1] 6417
[1] 419  72
[1] 6418
[1] 419  88
[1] 6419
[1] 419  55
[1] 6420
[1] 419  59
[1] 6421
[1] 419  74
[1] 6422
[1] 419  30
[1] 6423
[1] 419  60
[1] 6424
[1] 419  94
[1] 6425
[1] 419  17
[1] 6426
[1] 419  41
[1] 6427
[1] 419  33
[1] 6428
[1] 419  56
[1] 6429
[1] 419  52
[1] 6430
[1] 419  58
[1] 6431
[1] 419  56
[1] 6432
[1] 419  54
[1] 6433
[1] 419  74
[1] 6434
[1] 419  31
[1] 6435
[1] 419  57
[1] 6436
[1] 419  39
[1] 6437
[1] 419  43
[1] 6438
[1] 419  47
[1] 6439
[1] 419  61
[1] 6440
[1] 419  51
[1] 6441
[1] 419  52
[1] 6442
[1] 419  64
[1] 6443
[1] 419  54
[1] 6444
[1] 419  24
[1] 6445
[1] 419 112
[1] 6446
[1] 419  25
[1] 6447
[1] 419  49
[1] 6448
[1] 419  81
[1] 6449
[1] 419  47
[1] 6450
[1] 419  89
[1] 6451
[1] 419  18
[1] 6452
[1] 419  68
[1] 6453
[1] 419 111
[1] 6454
[1] 419  35
[1] 6455
[1] 419  67
[1] 6456
[1] 419  11
[1] 6457
[1] 419  20
[1] 6458
[1] 419  27
[1] 6459
[1] 419  38
[1] 6460
[1] 419  36
[1] 6461
[1] 419  31
[1] 6462
[1] 419  17
[1] 6463
[1] 419  18
[1] 6464
[1] 419  25
[1] 6465
[1] 419  21
[1] 6466
[1] 419  90
[1] 6467
[1] 419  61
[1] 6468
[1] 419 103
[1] 6469
[1] 419  61
[1] 6470
[1] 419  28
[1] 6471
[1] 419  60
[1] 6472
[1] 419  15
[1] 6473
[1] 419  26
[1] 6474
[1] 419  25
[1] 6475
[1] 419  55
[1] 6476
[1] 419  39
[1] 6477
[1] 419  55
[1] 6478
[1] 419  47
[1] 6479
[1] 419  20
[1] 6480
[1] 419  84
[1] 6481
[1] 419  79
[1] 6482
[1] 419  41
[1] 6483
[1] 419  77
[1] 6484
[1] 419  20
[1] 6485
[1] 419  52
[1] 6486
[1] 419  66
[1] 6487
[1] 419  73
[1] 6488
[1] 419  56
[1] 6489
[1] 419  74
[1] 6490
[1] 419  72
[1] 6491
[1] 419  73
[1] 6492
[1] 419  65
[1] 6493
[1] 419  56
[1] 6494
[1] 419  59
[1] 6495
[1] 419  61
[1] 6496
[1] 419  61
[1] 6497
[1] 419  52
[1] 6498
[1] 419  51
[1] 6499
[1] 419  65
[1] 6500
[1] 419  43
