[1] 7001
[1] 419  65
[1] 7002
[1] 419  59
[1] 7003
[1] 419  63
[1] 7004
[1] 419  62
[1] 7005
[1] 419  61
[1] 7006
[1] 419  67
[1] 7007
[1] 419  32
[1] 7008
[1] 419  47
[1] 7009
[1] 419  40
[1] 7010
[1] 419  37
[1] 7011
[1] 419  83
[1] 7012
[1] 419  70
[1] 7013
[1] 419  22
[1] 7014
[1] 419  37
[1] 7015
[1] 419  38
[1] 7016
[1] 419  38
[1] 7017
[1] 419  50
[1] 7018
[1] 419  36
[1] 7019
[1] 419  41
[1] 7020
[1] 419  59
[1] 7021
[1] 419  77
[1] 7022
[1] 419  25
[1] 7023
[1] 419  60
[1] 7024
[1] 419  37
[1] 7025
[1] 419  41
[1] 7026
[1] 419  46
[1] 7027
[1] 419  46
[1] 7028
[1] 419  53
[1] 7029
[1] 419  38
[1] 7030
[1] 419  42
[1] 7031
[1] 419  46
[1] 7032
[1] 419  42
[1] 7033
[1] 419  23
[1] 7034
[1] 419  53
[1] 7035
[1] 419  41
[1] 7036
[1] 419  41
[1] 7037
[1] 419  21
[1] 7038
[1] 419  20
[1] 7039
[1] 419  31
[1] 7040
[1] 419  19
[1] 7041
[1] 419  20
[1] 7042
[1] 419  20
[1] 7043
[1] 419  20
[1] 7044
[1] 419  23
[1] 7045
[1] 419  25
[1] 7046
[1] 419  44
[1] 7047
[1] 419  25
[1] 7048
[1] 419  19
[1] 7049
[1] 419  27
[1] 7050
[1] 419  18
[1] 7051
[1] 419  16
[1] 7052
[1] 419  18
[1] 7053
[1] 419  29
[1] 7054
[1] 419  30
[1] 7055
[1] 419  15
[1] 7056
[1] 419  13
[1] 7057
[1] 419  12
[1] 7058
[1] 419  18
[1] 7059
[1] 419  23
[1] 7060
[1] 419  17
[1] 7061
[1] 419  21
[1] 7062
[1] 419  53
[1] 7063
[1] 419  47
[1] 7064
[1] 419  30
[1] 7065
[1] 419  30
[1] 7066
[1] 419  40
[1] 7067
[1] 419  67
[1] 7068
[1] 419  51
[1] 7069
[1] 419  57
[1] 7070
[1] 419  66
[1] 7071
[1] 419  41
[1] 7072
[1] 419  44
[1] 7073
[1] 419  56
[1] 7074
[1] 419  70
[1] 7075
[1] 419  31
[1] 7076
[1] 419  24
[1] 7077
[1] 419  30
[1] 7078
[1] 419  47
[1] 7079
[1] 419  27
[1] 7080
[1] 419  26
[1] 7081
[1] 419  72
[1] 7082
[1] 419  68
[1] 7083
[1] 419  24
[1] 7084
[1] 419  33
[1] 7085
[1] 419  32
[1] 7086
[1] 419  41
[1] 7087
[1] 419  94
[1] 7088
[1] 419  16
[1] 7089
[1] 419  45
[1] 7090
[1] 419  43
[1] 7091
[1] 419  41
[1] 7092
[1] 419  58
[1] 7093
[1] 419  28
[1] 7094
[1] 419  36
[1] 7095
[1] 419  70
[1] 7096
[1] 419  58
[1] 7097
[1] 419  83
[1] 7098
[1] 419  52
[1] 7099
[1] 419  60
[1] 7100
[1] 419  56
