[1] 9901
[1] 419  18
[1] 9902
[1] 419  54
[1] 9903
[1] 419  38
[1] 9904
[1] 419  21
[1] 9905
[1] 419  56
[1] 9906
[1] 419  60
[1] 9907
[1] 419  50
[1] 9908
[1] 419  29
[1] 9909
[1] 419  20
[1] 9910
[1] 419  54
[1] 9911
[1] 419  33
[1] 9912
[1] 419  49
[1] 9913
[1] 419  61
[1] 9914
[1] 419  38
[1] 9915
[1] 419  74
[1] 9916
[1] 419  49
[1] 9917
[1] 419  54
[1] 9918
[1] 419  39
[1] 9919
[1] 419  74
[1] 9920
[1] 419  36
[1] 9921
[1] 419 112
[1] 9922
[1] 419  47
[1] 9923
[1] 419  57
[1] 9924
[1] 419  83
[1] 9925
[1] 419  36
[1] 9926
[1] 419  63
[1] 9927
[1] 419  46
[1] 9928
[1] 419  47
[1] 9929
[1] 419  54
[1] 9930
[1] 419  69
[1] 9931
[1] 419  18
[1] 9932
[1] 419  43
[1] 9933
[1] 419  10
[1] 9934
[1] 419  36
[1] 9935
[1] 419  51
[1] 9936
[1] 419  45
[1] 9937
[1] 419  83
[1] 9938
[1] 419  56
[1] 9939
[1] 419  54
[1] 9940
[1] 419  19
[1] 9941
[1] 419  35
[1] 9942
[1] 419  50
[1] 9943
[1] 419  34
[1] 9944
[1] 419  21
[1] 9945
[1] 419  48
[1] 9946
[1] 419  44
[1] 9947
[1] 419  64
[1] 9948
[1] 419  63
[1] 9949
[1] 419  30
[1] 9950
[1] 419  44
[1] 9951
[1] 419  66
[1] 9952
[1] 419  32
[1] 9953
[1] 419  35
[1] 9954
[1] 419  52
[1] 9955
[1] 419  44
[1] 9956
[1] 419  18
[1] 9957
[1] 419  54
[1] 9958
[1] 419  87
[1] 9959
[1] 419  42
[1] 9960
[1] 419  69
[1] 9961
[1] 419  59
[1] 9962
[1] 419  63
[1] 9963
[1] 419  49
[1] 9964
[1] 419  40
[1] 9965
[1] 419  43
[1] 9966
[1] 419  40
[1] 9967
[1] 419  42
[1] 9968
[1] 419  53
[1] 9969
[1] 419  74
[1] 9970
[1] 419  55
[1] 9971
[1] 419  70
[1] 9972
[1] 419  48
[1] 9973
[1] 419  74
[1] 9974
[1] 419  55
[1] 9975
[1] 419  36
[1] 9976
[1] 419  20
[1] 9977
[1] 419  53
[1] 9978
[1] 419  61
[1] 9979
[1] 419  79
[1] 9980
[1] 419   8
[1] 9981
[1] 419  27
[1] 9982
[1] 419  17
[1] 9983
[1] 419  18
[1] 9984
[1] 419  31
[1] 9985
[1] 419  52
[1] 9986
[1] 419  35
[1] 9987
[1] 419  61
[1] 9988
[1] 419  57
[1] 9989
[1] 419  67
[1] 9990
[1] 419  65
[1] 9991
[1] 419  57
[1] 9992
[1] 419  21
[1] 9993
[1] 419  35
[1] 9994
[1] 419  12
[1] 9995
[1] 419  21
[1] 9996
[1] 419  21
[1] 9997
[1] 419 173
[1] 9998
[1] 419  27
[1] 9999
[1] 419 177
[1] 10000
[1] 419  40
