[1] 2101
[1] 419  28
[1] 2102
[1] 419  32
[1] 2103
[1] 419  42
[1] 2104
[1] 419  36
[1] 2105
[1] 419  56
[1] 2106
[1] 419  50
[1] 2107
[1] 419  71
[1] 2108
[1] 419  34
[1] 2109
[1] 419  30
[1] 2110
[1] 419 101
[1] 2111
[1] 419  44
[1] 2112
[1] 419 151
[1] 2113
[1] 419  42
[1] 2114
[1] 419  80
[1] 2115
[1] 419  86
[1] 2116
[1] 419  49
[1] 2117
[1] 419  66
[1] 2118
[1] 419  52
[1] 2119
[1] 419  55
[1] 2120
[1] 419  47
[1] 2121
[1] 419  29
[1] 2122
[1] 419  34
[1] 2123
[1] 419  61
[1] 2124
[1] 419  41
[1] 2125
[1] 419  75
[1] 2126
[1] 419  57
[1] 2127
[1] 419  64
[1] 2128
[1] 419  67
[1] 2129
[1] 419  38
[1] 2130
[1] 419  26
[1] 2131
[1] 419  33
[1] 2132
[1] 419  44
[1] 2133
[1] 419  62
[1] 2134
[1] 419  53
[1] 2135
[1] 419  88
[1] 2136
[1] 419 122
[1] 2137
[1] 419  82
[1] 2138
[1] 419  39
[1] 2139
[1] 419  45
[1] 2140
[1] 419  43
[1] 2141
[1] 419  39
[1] 2142
[1] 419  47
[1] 2143
[1] 419  36
[1] 2144
[1] 419  32
[1] 2145
[1] 419  32
[1] 2146
[1] 419  44
[1] 2147
[1] 419  18
[1] 2148
[1] 419  19
[1] 2149
[1] 419  19
[1] 2150
[1] 419  22
[1] 2151
[1] 419  36
[1] 2152
[1] 419  58
[1] 2153
[1] 419  57
[1] 2154
[1] 419  47
[1] 2155
[1] 419  61
[1] 2156
[1] 419  33
[1] 2157
[1] 419  37
[1] 2158
[1] 419  25
[1] 2159
[1] 419  40
[1] 2160
[1] 419  38
[1] 2161
[1] 419  37
[1] 2162
[1] 419  41
[1] 2163
[1] 419  31
[1] 2164
[1] 419  34
[1] 2165
[1] 419  46
[1] 2166
[1] 419  52
[1] 2167
[1] 419  49
[1] 2168
[1] 419  64
[1] 2169
[1] 419  57
[1] 2170
[1] 419  82
[1] 2171
[1] 419  58
[1] 2172
[1] 419  99
[1] 2173
[1] 419  90
[1] 2174
[1] 419  52
[1] 2175
[1] 419  94
[1] 2176
[1] 419  44
[1] 2177
[1] 419  49
[1] 2178
[1] 419  47
[1] 2179
[1] 419  90
[1] 2180
[1] 419  90
[1] 2181
[1] 419  90
[1] 2182
[1] 419  43
[1] 2183
[1] 419  54
[1] 2184
[1] 419  86
[1] 2185
[1] 419  29
[1] 2186
[1] 419  30
[1] 2187
[1] 419  58
[1] 2188
[1] 419  41
[1] 2189
[1] 419  51
[1] 2190
[1] 419  26
[1] 2191
[1] 419  70
[1] 2192
[1] 419 110
[1] 2193
[1] 419  53
[1] 2194
[1] 419  53
[1] 2195
[1] 419  51
[1] 2196
[1] 419  51
[1] 2197
[1] 419  36
[1] 2198
[1] 419  44
[1] 2199
[1] 419  37
[1] 2200
[1] 419  25
