[1] 101
[1] 419  60
[1] 102
[1] 419  63
[1] 103
[1] 419  30
[1] 104
[1] 419  48
[1] 105
[1] 419  62
[1] 106
[1] 419  49
[1] 107
[1] 419  70
[1] 108
[1] 419  26
[1] 109
[1] 419  43
[1] 110
[1] 419  73
[1] 111
[1] 419  61
[1] 112
[1] 419  37
[1] 113
[1] 419  44
[1] 114
[1] 419  63
[1] 115
[1] 419  30
[1] 116
[1] 419  74
[1] 117
[1] 419  27
[1] 118
[1] 419  29
[1] 119
[1] 419  64
[1] 120
[1] 419  24
[1] 121
[1] 419  39
[1] 122
[1] 419  51
[1] 123
[1] 419  66
[1] 124
[1] 419  48
[1] 125
[1] 419  63
[1] 126
[1] 419  73
[1] 127
[1] 419  41
[1] 128
[1] 419 100
[1] 129
[1] 419  58
[1] 130
[1] 419  61
[1] 131
[1] 419  44
[1] 132
[1] 419  69
[1] 133
[1] 419  45
[1] 134
[1] 419  36
[1] 135
[1] 419  34
[1] 136
[1] 419  22
[1] 137
[1] 419  64
[1] 138
[1] 419  45
[1] 139
[1] 419  19
[1] 140
[1] 419  71
[1] 141
[1] 419  38
[1] 142
[1] 419  34
[1] 143
[1] 419  54
[1] 144
[1] 419  41
[1] 145
[1] 419  56
[1] 146
[1] 419  74
[1] 147
[1] 419  35
[1] 148
[1] 419  20
[1] 149
[1] 419  73
[1] 150
[1] 419  71
[1] 151
[1] 419  58
[1] 152
[1] 419  62
[1] 153
[1] 419  22
[1] 154
[1] 419  26
[1] 155
[1] 419  45
[1] 156
[1] 419  52
[1] 157
[1] 419  76
[1] 158
[1] 419  54
[1] 159
[1] 419  33
[1] 160
[1] 419  30
[1] 161
[1] 419  68
[1] 162
[1] 419  28
[1] 163
[1] 419  32
[1] 164
[1] 419  84
[1] 165
[1] 419  46
[1] 166
[1] 419  63
[1] 167
[1] 419  48
[1] 168
[1] 419  33
[1] 169
[1] 419  65
[1] 170
[1] 419  39
[1] 171
[1] 419  41
[1] 172
[1] 419  38
[1] 173
[1] 419  17
[1] 174
[1] 419  77
[1] 175
[1] 419  49
[1] 176
[1] 419  69
[1] 177
[1] 419  63
[1] 178
[1] 419  68
[1] 179
[1] 419  73
[1] 180
[1] 419  69
[1] 181
[1] 419  22
[1] 182
[1] 419  60
[1] 183
[1] 419  61
[1] 184
[1] 419  49
[1] 185
[1] 419  33
[1] 186
[1] 419  47
[1] 187
[1] 419  25
[1] 188
[1] 419  64
[1] 189
[1] 419  44
[1] 190
[1] 419  63
[1] 191
[1] 419  42
[1] 192
[1] 419  42
[1] 193
[1] 419  54
[1] 194
[1] 419  68
[1] 195
[1] 419  37
[1] 196
[1] 419  52
[1] 197
[1] 419  75
[1] 198
[1] 419  29
[1] 199
[1] 419  27
[1] 200
[1] 419  66
