[1] 7301
[1] 419  52
[1] 7302
[1] 419  62
[1] 7303
[1] 419  51
[1] 7304
[1] 419  90
[1] 7305
[1] 419  37
[1] 7306
[1] 419  35
[1] 7307
[1] 419  33
[1] 7308
[1] 419  83
[1] 7309
[1] 419  41
[1] 7310
[1] 419  41
[1] 7311
[1] 419  31
[1] 7312
[1] 419  63
[1] 7313
[1] 419  43
[1] 7314
[1] 419  75
[1] 7315
[1] 419  69
[1] 7316
[1] 419  96
[1] 7317
[1] 419  65
[1] 7318
[1] 419 124
[1] 7319
[1] 419  55
[1] 7320
[1] 419  58
[1] 7321
[1] 419  56
[1] 7322
[1] 419  49
[1] 7323
[1] 419  47
[1] 7324
[1] 419  63
[1] 7325
[1] 419  55
[1] 7326
[1] 419  70
[1] 7327
[1] 419  55
[1] 7328
[1] 419  51
[1] 7329
[1] 419  66
[1] 7330
[1] 419  53
[1] 7331
[1] 419  54
[1] 7332
[1] 419  13
[1] 7333
[1] 419  58
[1] 7334
[1] 419  50
[1] 7335
[1] 419  52
[1] 7336
[1] 419  43
[1] 7337
[1] 419  44
[1] 7338
[1] 419  36
[1] 7339
[1] 419  30
[1] 7340
[1] 419  26
[1] 7341
[1] 419  32
[1] 7342
[1] 419  26
[1] 7343
[1] 419  27
[1] 7344
[1] 419  53
[1] 7345
[1] 419  18
[1] 7346
[1] 419  24
[1] 7347
[1] 419  21
[1] 7348
[1] 419  21
[1] 7349
[1] 419  43
[1] 7350
[1] 419  23
[1] 7351
[1] 419   8
[1] 7352
[1] 419  23
[1] 7353
[1] 419  58
[1] 7354
[1] 419  35
[1] 7355
[1] 419 106
[1] 7356
[1] 419  91
[1] 7357
[1] 419  58
[1] 7358
[1] 419  54
[1] 7359
[1] 419  83
[1] 7360
[1] 419  21
[1] 7361
[1] 419  70
[1] 7362
[1] 419  53
[1] 7363
[1] 419  83
[1] 7364
[1] 419  37
[1] 7365
[1] 419  73
[1] 7366
[1] 419  77
[1] 7367
[1] 419  43
[1] 7368
[1] 419  42
[1] 7369
[1] 419  40
[1] 7370
[1] 419  72
[1] 7371
[1] 419  37
[1] 7372
[1] 419  71
[1] 7373
[1] 419  73
[1] 7374
[1] 419  13
[1] 7375
[1] 419  75
[1] 7376
[1] 419  75
[1] 7377
[1] 419  75
[1] 7378
[1] 419  76
[1] 7379
[1] 419  73
[1] 7380
[1] 419  65
[1] 7381
[1] 419  20
[1] 7382
[1] 419  56
[1] 7383
[1] 419  79
[1] 7384
[1] 419 115
[1] 7385
[1] 419  93
[1] 7386
[1] 419  37
[1] 7387
[1] 419  78
[1] 7388
[1] 419  82
[1] 7389
[1] 419  55
[1] 7390
[1] 419  64
[1] 7391
[1] 419  48
[1] 7392
[1] 419  48
[1] 7393
[1] 419  61
[1] 7394
[1] 419  56
[1] 7395
[1] 419 112
[1] 7396
[1] 419  43
[1] 7397
[1] 419 110
[1] 7398
[1] 419 111
[1] 7399
[1] 419  35
[1] 7400
[1] 419  29
