[1] 7701
[1] 419  30
[1] 7702
[1] 419  38
[1] 7703
[1] 419  54
[1] 7704
[1] 419   3
[1] 7705
[1] 419  37
[1] 7706
[1] 419  51
[1] 7707
[1] 419  39
[1] 7708
[1] 419  49
[1] 7709
[1] 419  59
[1] 7710
[1] 419  57
[1] 7711
[1] 419  49
[1] 7712
[1] 419  94
[1] 7713
[1] 419  12
[1] 7714
[1] 419  61
[1] 7715
[1] 419  61
[1] 7716
[1] 419  48
[1] 7717
[1] 419  22
[1] 7718
[1] 419  21
[1] 7719
[1] 419  47
[1] 7720
[1] 419  48
[1] 7721
[1] 419  39
[1] 7722
[1] 419  26
[1] 7723
[1] 419  51
[1] 7724
[1] 419  21
[1] 7725
[1] 419  24
[1] 7726
[1] 419  22
[1] 7727
[1] 419  59
[1] 7728
[1] 419  81
[1] 7729
[1] 419  54
[1] 7730
[1] 419  52
[1] 7731
[1] 419  12
[1] 7732
[1] 419  51
[1] 7733
[1] 419  64
[1] 7734
[1] 419  34
[1] 7735
[1] 419  58
[1] 7736
[1] 419  57
[1] 7737
[1] 419  57
[1] 7738
[1] 419  57
[1] 7739
[1] 419  90
[1] 7740
[1] 419  60
[1] 7741
[1] 419  39
[1] 7742
[1] 419  82
[1] 7743
[1] 419  26
[1] 7744
[1] 419  25
[1] 7745
[1] 419  25
[1] 7746
[1] 419  45
[1] 7747
[1] 419 103
[1] 7748
[1] 419  58
[1] 7749
[1] 419  47
[1] 7750
[1] 419  40
[1] 7751
[1] 419  62
[1] 7752
[1] 419  47
[1] 7753
[1] 419  64
[1] 7754
[1] 419  71
[1] 7755
[1] 419  49
[1] 7756
[1] 419  40
[1] 7757
[1] 419  72
[1] 7758
[1] 419  64
[1] 7759
[1] 419  58
[1] 7760
[1] 419  22
[1] 7761
[1] 419  76
[1] 7762
[1] 419  74
[1] 7763
[1] 419  65
[1] 7764
[1] 419  37
[1] 7765
[1] 419  14
[1] 7766
[1] 419  42
[1] 7767
[1] 419  50
[1] 7768
[1] 419  61
[1] 7769
[1] 419  47
[1] 7770
[1] 419  67
[1] 7771
[1] 419  53
[1] 7772
[1] 419  10
[1] 7773
[1] 419  10
[1] 7774
[1] 419  41
[1] 7775
[1] 419  10
[1] 7776
[1] 419  41
[1] 7777
[1] 419  38
[1] 7778
[1] 419  38
[1] 7779
[1] 419  30
[1] 7780
[1] 419  31
[1] 7781
[1] 419  31
[1] 7782
[1] 419  27
[1] 7783
[1] 419  47
[1] 7784
[1] 419  35
[1] 7785
[1] 419  35
[1] 7786
[1] 419  64
[1] 7787
[1] 419  63
[1] 7788
[1] 419  37
[1] 7789
[1] 419  29
[1] 7790
[1] 419  83
[1] 7791
[1] 419  26
[1] 7792
[1] 419  18
[1] 7793
[1] 419  67
[1] 7794
[1] 419  27
[1] 7795
[1] 419  31
[1] 7796
[1] 419  26
[1] 7797
[1] 419  57
[1] 7798
[1] 419  64
[1] 7799
[1] 419  29
[1] 7800
[1] 419  78
