[1] 10201
[1] 419  42
[1] 10202
[1] 419  81
[1] 10203
[1] 419  16
[1] 10204
[1] 419  32
[1] 10205
[1] 419  55
[1] 10206
[1] 419  62
[1] 10207
[1] 419  31
[1] 10208
[1] 419  41
[1] 10209
[1] 419  67
[1] 10210
[1] 419  47
[1] 10211
[1] 419  75
[1] 10212
[1] 419  34
[1] 10213
[1] 419  32
[1] 10214
[1] 419  58
[1] 10215
[1] 419  47
[1] 10216
[1] 419  94
[1] 10217
[1] 419  25
[1] 10218
[1] 419  45
[1] 10219
[1] 419  52
[1] 10220
[1] 419  42
[1] 10221
[1] 419  42
[1] 10222
[1] 419  49
[1] 10223
[1] 419  27
[1] 10224
[1] 419  20
[1] 10225
[1] 419  46
[1] 10226
[1] 419  23
[1] 10227
[1] 419  16
[1] 10228
[1] 419  31
[1] 10229
[1] 419  23
[1] 10230
[1] 419  80
[1] 10231
[1] 419  51
[1] 10232
[1] 419  60
[1] 10233
[1] 419   0
[1] 10234
[1] 419  42
[1] 10235
[1] 419  39
[1] 10236
[1] 419  67
[1] 10237
[1] 419  69
[1] 10238
[1] 419  60
[1] 10239
[1] 419  48
[1] 10240
[1] 419  64
[1] 10241
[1] 419  51
[1] 10242
[1] 419  66
[1] 10243
[1] 419  42
[1] 10244
[1] 419  20
[1] 10245
[1] 419  49
[1] 10246
[1] 419  31
[1] 10247
[1] 419  27
[1] 10248
[1] 419  59
[1] 10249
[1] 419  47
[1] 10250
[1] 419  76
[1] 10251
[1] 419  18
[1] 10252
[1] 419  32
[1] 10253
[1] 419  43
[1] 10254
[1] 419 137
[1] 10255
[1] 419  40
[1] 10256
[1] 419  54
[1] 10257
[1] 419 178
[1] 10258
[1] 419  15
[1] 10259
[1] 419 118
[1] 10260
[1] 419  33
[1] 10261
[1] 419  65
[1] 10262
[1] 419  37
[1] 10263
[1] 419  28
[1] 10264
[1] 419  34
[1] 10265
[1] 419  20
[1] 10266
[1] 419  56
[1] 10267
[1] 419  67
[1] 10268
[1] 419  13
[1] 10269
[1] 419  66
[1] 10270
[1] 419  57
[1] 10271
[1] 419  66
[1] 10272
[1] 419  45
[1] 10273
[1] 419  44
[1] 10274
[1] 419  76
[1] 10275
[1] 419  72
[1] 10276
[1] 419  43
[1] 10277
[1] 419  77
[1] 10278
[1] 419  33
[1] 10279
[1] 419  45
[1] 10280
[1] 419  51
[1] 10281
[1] 419  16
[1] 10282
[1] 419   8
[1] 10283
[1] 419  34
[1] 10284
[1] 419  23
[1] 10285
[1] 419  39
[1] 10286
[1] 419  34
[1] 10287
[1] 419  48
[1] 10288
[1] 419  54
[1] 10289
[1] 419   9
[1] 10290
[1] 419  34
[1] 10291
[1] 419  43
[1] 10292
[1] 419  20
[1] 10293
[1] 419  72
[1] 10294
[1] 419  45
[1] 10295
[1] 419  61
[1] 10296
[1] 419  33
[1] 10297
[1] 419  27
[1] 10298
[1] 419  67
[1] 10299
[1] 419  15
[1] 10300
[1] 419  29
