[1] 3801
[1] 419  67
[1] 3802
[1] 419  26
[1] 3803
[1] 419  44
[1] 3804
[1] 419  62
[1] 3805
[1] 419  39
[1] 3806
[1] 419  55
[1] 3807
[1] 419  49
[1] 3808
[1] 419  48
[1] 3809
[1] 419  50
[1] 3810
[1] 419  48
[1] 3811
[1] 419  49
[1] 3812
[1] 419  47
[1] 3813
[1] 419  17
[1] 3814
[1] 419  26
[1] 3815
[1] 419  21
[1] 3816
[1] 419  52
[1] 3817
[1] 419  43
[1] 3818
[1] 419  20
[1] 3819
[1] 419  21
[1] 3820
[1] 419  12
[1] 3821
[1] 419  62
[1] 3822
[1] 419  53
[1] 3823
[1] 419  32
[1] 3824
[1] 419  45
[1] 3825
[1] 419  63
[1] 3826
[1] 419  38
[1] 3827
[1] 419  45
[1] 3828
[1] 419  39
[1] 3829
[1] 419  39
[1] 3830
[1] 419  22
[1] 3831
[1] 419  48
[1] 3832
[1] 419  25
[1] 3833
[1] 419  52
[1] 3834
[1] 419  52
[1] 3835
[1] 419  58
[1] 3836
[1] 419  50
[1] 3837
[1] 419  50
[1] 3838
[1] 419  35
[1] 3839
[1] 419  28
[1] 3840
[1] 419  45
[1] 3841
[1] 419  37
[1] 3842
[1] 419  27
[1] 3843
[1] 419  64
[1] 3844
[1] 419  76
[1] 3845
[1] 419  59
[1] 3846
[1] 419  44
[1] 3847
[1] 419  60
[1] 3848
[1] 419  70
[1] 3849
[1] 419  50
[1] 3850
[1] 419  55
[1] 3851
[1] 419  43
[1] 3852
[1] 419  70
[1] 3853
[1] 419  73
[1] 3854
[1] 419  33
[1] 3855
[1] 419  42
[1] 3856
[1] 419  42
[1] 3857
[1] 419  57
[1] 3858
[1] 419  87
[1] 3859
[1] 419  55
[1] 3860
[1] 419  48
[1] 3861
[1] 419  27
[1] 3862
[1] 419  42
[1] 3863
[1] 419  57
[1] 3864
[1] 419  65
[1] 3865
[1] 419  65
[1] 3866
[1] 419  59
[1] 3867
[1] 419  59
[1] 3868
[1] 419  62
[1] 3869
[1] 419  71
[1] 3870
[1] 419  62
[1] 3871
[1] 419  61
[1] 3872
[1] 419  75
[1] 3873
[1] 419  27
[1] 3874
[1] 419  93
[1] 3875
[1] 419  51
[1] 3876
[1] 419  48
[1] 3877
[1] 419  34
[1] 3878
[1] 419  32
[1] 3879
[1] 419 103
[1] 3880
[1] 419  54
[1] 3881
[1] 419  53
[1] 3882
[1] 419  29
[1] 3883
[1] 419  42
[1] 3884
[1] 419  58
[1] 3885
[1] 419  58
[1] 3886
[1] 419  54
[1] 3887
[1] 419  48
[1] 3888
[1] 419  43
[1] 3889
[1] 419  48
[1] 3890
[1] 419  17
[1] 3891
[1] 419  37
[1] 3892
[1] 419  41
[1] 3893
[1] 419  17
[1] 3894
[1] 419  42
[1] 3895
[1] 419  34
[1] 3896
[1] 419  45
[1] 3897
[1] 419  38
[1] 3898
[1] 419  69
[1] 3899
[1] 419  28
[1] 3900
[1] 419  69
