[1] 3401
[1] 419  36
[1] 3402
[1] 419  39
[1] 3403
[1] 419  40
[1] 3404
[1] 419  32
[1] 3405
[1] 419  53
[1] 3406
[1] 419   8
[1] 3407
[1] 419  65
[1] 3408
[1] 419  43
[1] 3409
[1] 419  47
[1] 3410
[1] 419  48
[1] 3411
[1] 419  45
[1] 3412
[1] 419  36
[1] 3413
[1] 419  29
[1] 3414
[1] 419  34
[1] 3415
[1] 419  22
[1] 3416
[1] 419  70
[1] 3417
[1] 419  60
[1] 3418
[1] 419  49
[1] 3419
[1] 419 140
[1] 3420
[1] 419  41
[1] 3421
[1] 419  72
[1] 3422
[1] 419  45
[1] 3423
[1] 419  37
[1] 3424
[1] 419  68
[1] 3425
[1] 419  30
[1] 3426
[1] 419  65
[1] 3427
[1] 419  58
[1] 3428
[1] 419  61
[1] 3429
[1] 419  50
[1] 3430
[1] 419  32
[1] 3431
[1] 419  32
[1] 3432
[1] 419  46
[1] 3433
[1] 419  43
[1] 3434
[1] 419  56
[1] 3435
[1] 419  41
[1] 3436
[1] 419  22
[1] 3437
[1] 419  49
[1] 3438
[1] 419  38
[1] 3439
[1] 419  35
[1] 3440
[1] 419  33
[1] 3441
[1] 419  75
[1] 3442
[1] 419  26
[1] 3443
[1] 419  58
[1] 3444
[1] 419  39
[1] 3445
[1] 419  45
[1] 3446
[1] 419  45
[1] 3447
[1] 419  19
[1] 3448
[1] 419  14
[1] 3449
[1] 419  23
[1] 3450
[1] 419  20
[1] 3451
[1] 419  35
[1] 3452
[1] 419  57
[1] 3453
[1] 419  50
[1] 3454
[1] 419  21
[1] 3455
[1] 419 128
[1] 3456
[1] 419  57
[1] 3457
[1] 419  47
[1] 3458
[1] 419  46
[1] 3459
[1] 419  46
[1] 3460
[1] 419  42
[1] 3461
[1] 419  39
[1] 3462
[1] 419  34
[1] 3463
[1] 419  41
[1] 3464
[1] 419  54
[1] 3465
[1] 419  55
[1] 3466
[1] 419  54
[1] 3467
[1] 419  74
[1] 3468
[1] 419  34
[1] 3469
[1] 419  68
[1] 3470
[1] 419  69
[1] 3471
[1] 419  35
[1] 3472
[1] 419  42
[1] 3473
[1] 419  65
[1] 3474
[1] 419  56
[1] 3475
[1] 419  54
[1] 3476
[1] 419  62
[1] 3477
[1] 419  26
[1] 3478
[1] 419  57
[1] 3479
[1] 419  56
[1] 3480
[1] 419  54
[1] 3481
[1] 419  29
[1] 3482
[1] 419  56
[1] 3483
[1] 419  27
[1] 3484
[1] 419  50
[1] 3485
[1] 419  53
[1] 3486
[1] 419  30
[1] 3487
[1] 419  16
[1] 3488
[1] 419  51
[1] 3489
[1] 419  77
[1] 3490
[1] 419  26
[1] 3491
[1] 419  31
[1] 3492
[1] 419  60
[1] 3493
[1] 419  80
[1] 3494
[1] 419  35
[1] 3495
[1] 419  55
[1] 3496
[1] 419  36
[1] 3497
[1] 419  35
[1] 3498
[1] 419  65
[1] 3499
[1] 419  77
[1] 3500
[1] 419  60
