[1] 3201
[1] 419  48
[1] 3202
[1] 419  48
[1] 3203
[1] 419  71
[1] 3204
[1] 419  38
[1] 3205
[1] 419  50
[1] 3206
[1] 419  52
[1] 3207
[1] 419  51
[1] 3208
[1] 419  46
[1] 3209
[1] 419  33
[1] 3210
[1] 419  41
[1] 3211
[1] 419  64
[1] 3212
[1] 419  46
[1] 3213
[1] 419  85
[1] 3214
[1] 419  42
[1] 3215
[1] 419  47
[1] 3216
[1] 419  36
[1] 3217
[1] 419  18
[1] 3218
[1] 419  87
[1] 3219
[1] 419  79
[1] 3220
[1] 419  48
[1] 3221
[1] 419  59
[1] 3222
[1] 419  43
[1] 3223
[1] 419  68
[1] 3224
[1] 419  68
[1] 3225
[1] 419  60
[1] 3226
[1] 419  59
[1] 3227
[1] 419  66
[1] 3228
[1] 419  80
[1] 3229
[1] 419  82
[1] 3230
[1] 419  52
[1] 3231
[1] 419  42
[1] 3232
[1] 419  19
[1] 3233
[1] 419  27
[1] 3234
[1] 419  17
[1] 3235
[1] 419  33
[1] 3236
[1] 419  68
[1] 3237
[1] 419  58
[1] 3238
[1] 419  34
[1] 3239
[1] 419  37
[1] 3240
[1] 419  48
[1] 3241
[1] 419  49
[1] 3242
[1] 419  83
[1] 3243
[1] 419  76
[1] 3244
[1] 419  53
[1] 3245
[1] 419  52
[1] 3246
[1] 419  83
[1] 3247
[1] 419  76
[1] 3248
[1] 419  71
[1] 3249
[1] 419  20
[1] 3250
[1] 419  21
[1] 3251
[1] 419  43
[1] 3252
[1] 419  24
[1] 3253
[1] 419  36
[1] 3254
[1] 419  40
[1] 3255
[1] 419  65
[1] 3256
[1] 419  29
[1] 3257
[1] 419  33
[1] 3258
[1] 419  70
[1] 3259
[1] 419  27
[1] 3260
[1] 419  38
[1] 3261
[1] 419  62
[1] 3262
[1] 419  40
[1] 3263
[1] 419  39
[1] 3264
[1] 419  25
[1] 3265
[1] 419  31
[1] 3266
[1] 419  66
[1] 3267
[1] 419  80
[1] 3268
[1] 419  52
[1] 3269
[1] 419  47
[1] 3270
[1] 419  46
[1] 3271
[1] 419  48
[1] 3272
[1] 419  35
[1] 3273
[1] 419  38
[1] 3274
[1] 419  49
[1] 3275
[1] 419  36
[1] 3276
[1] 419  32
[1] 3277
[1] 419  67
[1] 3278
[1] 419  46
[1] 3279
[1] 419  39
[1] 3280
[1] 419  60
[1] 3281
[1] 419  40
[1] 3282
[1] 419  49
[1] 3283
[1] 419  62
[1] 3284
[1] 419  38
[1] 3285
[1] 419  42
[1] 3286
[1] 419  40
[1] 3287
[1] 419  70
[1] 3288
[1] 419  48
[1] 3289
[1] 419  41
[1] 3290
[1] 419  32
[1] 3291
[1] 419  91
[1] 3292
[1] 419  60
[1] 3293
[1] 419  56
[1] 3294
[1] 419  44
[1] 3295
[1] 419  33
[1] 3296
[1] 419  60
[1] 3297
[1] 419  46
[1] 3298
[1] 419  44
[1] 3299
[1] 419  55
[1] 3300
[1] 419  29
