[1] 8301
[1] 419  20
[1] 8302
[1] 419  75
[1] 8303
[1] 419  38
[1] 8304
[1] 419  36
[1] 8305
[1] 419  70
[1] 8306
[1] 419  79
[1] 8307
[1] 419  35
[1] 8308
[1] 419  34
[1] 8309
[1] 419  64
[1] 8310
[1] 419  73
[1] 8311
[1] 419  53
[1] 8312
[1] 419  80
[1] 8313
[1] 419  51
[1] 8314
[1] 419   2
[1] 8315
[1] 419   3
[1] 8316
[1] 419  16
[1] 8317
[1] 419  58
[1] 8318
[1] 419  54
[1] 8319
[1] 419  51
[1] 8320
[1] 419  21
[1] 8321
[1] 419 285
[1] 8322
[1] 419  39
[1] 8323
[1] 419  37
[1] 8324
[1] 419  15
[1] 8325
[1] 419  42
[1] 8326
[1] 419  55
[1] 8327
[1] 419  40
[1] 8328
[1] 419  22
[1] 8329
[1] 419  57
[1] 8330
[1] 419  36
[1] 8331
[1] 419  31
[1] 8332
[1] 419  60
[1] 8333
[1] 419  76
[1] 8334
[1] 419  27
[1] 8335
[1] 419  44
[1] 8336
[1] 419  45
[1] 8337
[1] 419  38
[1] 8338
[1] 419  72
[1] 8339
[1] 419  87
[1] 8340
[1] 419  50
[1] 8341
[1] 419  25
[1] 8342
[1] 419  54
[1] 8343
[1] 419  45
[1] 8344
[1] 419  45
[1] 8345
[1] 419  56
[1] 8346
[1] 419  64
[1] 8347
[1] 419  68
[1] 8348
[1] 419  48
[1] 8349
[1] 419  63
[1] 8350
[1] 419  34
[1] 8351
[1] 419  34
[1] 8352
[1] 419  19
[1] 8353
[1] 419  41
[1] 8354
[1] 419  40
[1] 8355
[1] 419  41
[1] 8356
[1] 419  60
[1] 8357
[1] 419  39
[1] 8358
[1] 419  78
[1] 8359
[1] 419  53
[1] 8360
[1] 419  37
[1] 8361
[1] 419  30
[1] 8362
[1] 419  27
[1] 8363
[1] 419  28
[1] 8364
[1] 419  78
[1] 8365
[1] 419  42
[1] 8366
[1] 419  42
[1] 8367
[1] 419  39
[1] 8368
[1] 419  52
[1] 8369
[1] 419  29
[1] 8370
[1] 419  52
[1] 8371
[1] 419  31
[1] 8372
[1] 419  45
[1] 8373
[1] 419  58
[1] 8374
[1] 419  71
[1] 8375
[1] 419  48
[1] 8376
[1] 419  48
[1] 8377
[1] 419  10
[1] 8378
[1] 419  33
[1] 8379
[1] 419 111
[1] 8380
[1] 419  72
[1] 8381
[1] 419  68
[1] 8382
[1] 419  48
[1] 8383
[1] 419  62
[1] 8384
[1] 419  37
[1] 8385
[1] 419  75
[1] 8386
[1] 419  38
[1] 8387
[1] 419  64
[1] 8388
[1] 419  18
[1] 8389
[1] 419  35
[1] 8390
[1] 419  20
[1] 8391
[1] 419  21
[1] 8392
[1] 419  86
[1] 8393
[1] 419  21
[1] 8394
[1] 419  37
[1] 8395
[1] 419  75
[1] 8396
[1] 419  65
[1] 8397
[1] 419  35
[1] 8398
[1] 419  23
[1] 8399
[1] 419  22
[1] 8400
[1] 419  44
