[1] 9701
[1] 419  34
[1] 9702
[1] 419  55
[1] 9703
[1] 419  70
[1] 9704
[1] 419  92
[1] 9705
[1] 419  18
[1] 9706
[1] 419  37
[1] 9707
[1] 419  36
[1] 9708
[1] 419  60
[1] 9709
[1] 419  71
[1] 9710
[1] 419  59
[1] 9711
[1] 419  15
[1] 9712
[1] 419  22
[1] 9713
[1] 419 105
[1] 9714
[1] 419  69
[1] 9715
[1] 419  64
[1] 9716
[1] 419  78
[1] 9717
[1] 419  32
[1] 9718
[1] 419  23
[1] 9719
[1] 419  54
[1] 9720
[1] 419  78
[1] 9721
[1] 419  67
[1] 9722
[1] 419  64
[1] 9723
[1] 419  78
[1] 9724
[1] 419  31
[1] 9725
[1] 419  46
[1] 9726
[1] 419  46
[1] 9727
[1] 419  39
[1] 9728
[1] 419  56
[1] 9729
[1] 419  45
[1] 9730
[1] 419  14
[1] 9731
[1] 419  64
[1] 9732
[1] 419  45
[1] 9733
[1] 419  69
[1] 9734
[1] 419  37
[1] 9735
[1] 419  35
[1] 9736
[1] 419  26
[1] 9737
[1] 419  41
[1] 9738
[1] 419  57
[1] 9739
[1] 419  12
[1] 9740
[1] 419  90
[1] 9741
[1] 419  67
[1] 9742
[1] 419  15
[1] 9743
[1] 419  80
[1] 9744
[1] 419  56
[1] 9745
[1] 419  19
[1] 9746
[1] 419 109
[1] 9747
[1] 419  44
[1] 9748
[1] 419  42
[1] 9749
[1] 419  56
[1] 9750
[1] 419  55
[1] 9751
[1] 419  58
[1] 9752
[1] 419  54
[1] 9753
[1] 419  32
[1] 9754
[1] 419  26
[1] 9755
[1] 419  82
[1] 9756
[1] 419  29
[1] 9757
[1] 419  46
[1] 9758
[1] 419  15
[1] 9759
[1] 419  43
[1] 9760
[1] 419  49
[1] 9761
[1] 419  68
[1] 9762
[1] 419  39
[1] 9763
[1] 419  38
[1] 9764
[1] 419  45
[1] 9765
[1] 419  37
[1] 9766
[1] 419  48
[1] 9767
[1] 419  67
[1] 9768
[1] 419  55
[1] 9769
[1] 419  57
[1] 9770
[1] 419  48
[1] 9771
[1] 419  30
[1] 9772
[1] 419  67
[1] 9773
[1] 419  61
[1] 9774
[1] 419  26
[1] 9775
[1] 419  19
[1] 9776
[1] 419  80
[1] 9777
[1] 419  42
[1] 9778
[1] 419  38
[1] 9779
[1] 419  76
[1] 9780
[1] 419  97
[1] 9781
[1] 419  58
[1] 9782
[1] 419  64
[1] 9783
[1] 419  43
[1] 9784
[1] 419  37
[1] 9785
[1] 419  21
[1] 9786
[1] 419  66
[1] 9787
[1] 419  76
[1] 9788
[1] 419  89
[1] 9789
[1] 419  49
[1] 9790
[1] 419  19
[1] 9791
[1] 419  34
[1] 9792
[1] 419  53
[1] 9793
[1] 419  59
[1] 9794
[1] 419  60
[1] 9795
[1] 419  24
[1] 9796
[1] 419  29
[1] 9797
[1] 419  26
[1] 9798
[1] 419  37
[1] 9799
[1] 419  75
[1] 9800
[1] 419  39
