[1] 8401
[1] 419  63
[1] 8402
[1] 419  39
[1] 8403
[1] 419  36
[1] 8404
[1] 419  11
[1] 8405
[1] 419  39
[1] 8406
[1] 419  35
[1] 8407
[1] 419  41
[1] 8408
[1] 419  58
[1] 8409
[1] 419  39
[1] 8410
[1] 419  52
[1] 8411
[1] 419  66
[1] 8412
[1] 419  40
[1] 8413
[1] 419  59
[1] 8414
[1] 419  46
[1] 8415
[1] 419  18
[1] 8416
[1] 419  44
[1] 8417
[1] 419  72
[1] 8418
[1] 419  20
[1] 8419
[1] 419 130
[1] 8420
[1] 419  47
[1] 8421
[1] 419  46
[1] 8422
[1] 419  26
[1] 8423
[1] 419  46
[1] 8424
[1] 419  35
[1] 8425
[1] 419  36
[1] 8426
[1] 419  33
[1] 8427
[1] 419  45
[1] 8428
[1] 419  43
[1] 8429
[1] 419  64
[1] 8430
[1] 419  45
[1] 8431
[1] 419  39
[1] 8432
[1] 419  32
[1] 8433
[1] 419  96
[1] 8434
[1] 419  42
[1] 8435
[1] 419  60
[1] 8436
[1] 419  20
[1] 8437
[1] 419  59
[1] 8438
[1] 419  44
[1] 8439
[1] 419  34
[1] 8440
[1] 419  58
[1] 8441
[1] 419  43
[1] 8442
[1] 419  40
[1] 8443
[1] 419  33
[1] 8444
[1] 419 147
[1] 8445
[1] 419  61
[1] 8446
[1] 419  40
[1] 8447
[1] 419  32
[1] 8448
[1] 419  49
[1] 8449
[1] 419  78
[1] 8450
[1] 419  53
[1] 8451
[1] 419 102
[1] 8452
[1] 419  50
[1] 8453
[1] 419  25
[1] 8454
[1] 419  75
[1] 8455
[1] 419  57
[1] 8456
[1] 419  21
[1] 8457
[1] 419  38
[1] 8458
[1] 419  26
[1] 8459
[1] 419  39
[1] 8460
[1] 419  49
[1] 8461
[1] 419  27
[1] 8462
[1] 419  37
[1] 8463
[1] 419  68
[1] 8464
[1] 419  60
[1] 8465
[1] 419  46
[1] 8466
[1] 419  52
[1] 8467
[1] 419  25
[1] 8468
[1] 419  66
[1] 8469
[1] 419  27
[1] 8470
[1] 419  52
[1] 8471
[1] 419  34
[1] 8472
[1] 419  76
[1] 8473
[1] 419  73
[1] 8474
[1] 419  98
[1] 8475
[1] 419  56
[1] 8476
[1] 419  62
[1] 8477
[1] 419  33
[1] 8478
[1] 419  44
[1] 8479
[1] 419  47
[1] 8480
[1] 419  63
[1] 8481
[1] 419 138
[1] 8482
[1] 419  19
[1] 8483
[1] 419  22
[1] 8484
[1] 419  65
[1] 8485
[1] 419  44
[1] 8486
[1] 419  55
[1] 8487
[1] 419  54
[1] 8488
[1] 419  18
[1] 8489
[1] 419  46
[1] 8490
[1] 419  61
[1] 8491
[1] 419  30
[1] 8492
[1] 419  30
[1] 8493
[1] 419  27
[1] 8494
[1] 419  66
[1] 8495
[1] 419  12
[1] 8496
[1] 419  23
[1] 8497
[1] 419  65
[1] 8498
[1] 419  56
[1] 8499
[1] 419  56
[1] 8500
[1] 419  94
