[1] 3601
[1] 419  61
[1] 3602
[1] 419  60
[1] 3603
[1] 419  65
[1] 3604
[1] 419  46
[1] 3605
[1] 419  50
[1] 3606
[1] 419  49
[1] 3607
[1] 419  34
[1] 3608
[1] 419  38
[1] 3609
[1] 419  63
[1] 3610
[1] 419  45
[1] 3611
[1] 419  47
[1] 3612
[1] 419  37
[1] 3613
[1] 419  57
[1] 3614
[1] 419  63
[1] 3615
[1] 419  58
[1] 3616
[1] 419  44
[1] 3617
[1] 419  44
[1] 3618
[1] 419  44
[1] 3619
[1] 419  65
[1] 3620
[1] 419  61
[1] 3621
[1] 419  83
[1] 3622
[1] 419  45
[1] 3623
[1] 419  42
[1] 3624
[1] 419  52
[1] 3625
[1] 419  55
[1] 3626
[1] 419  78
[1] 3627
[1] 419  73
[1] 3628
[1] 419  76
[1] 3629
[1] 419  71
[1] 3630
[1] 419  38
[1] 3631
[1] 419  69
[1] 3632
[1] 419  58
[1] 3633
[1] 419  59
[1] 3634
[1] 419  33
[1] 3635
[1] 419  57
[1] 3636
[1] 419  78
[1] 3637
[1] 419  38
[1] 3638
[1] 419  68
[1] 3639
[1] 419  67
[1] 3640
[1] 419  60
[1] 3641
[1] 419  73
[1] 3642
[1] 419  49
[1] 3643
[1] 419  51
[1] 3644
[1] 419  59
[1] 3645
[1] 419  83
[1] 3646
[1] 419  92
[1] 3647
[1] 419  32
[1] 3648
[1] 419  34
[1] 3649
[1] 419  72
[1] 3650
[1] 419  43
[1] 3651
[1] 419  30
[1] 3652
[1] 419  58
[1] 3653
[1] 419  30
[1] 3654
[1] 419  70
[1] 3655
[1] 419  47
[1] 3656
[1] 419  67
[1] 3657
[1] 419  58
[1] 3658
[1] 419  61
[1] 3659
[1] 419  34
[1] 3660
[1] 419  35
[1] 3661
[1] 419  50
[1] 3662
[1] 419  28
[1] 3663
[1] 419  57
[1] 3664
[1] 419  34
[1] 3665
[1] 419  43
[1] 3666
[1] 419  58
[1] 3667
[1] 419  30
[1] 3668
[1] 419  30
[1] 3669
[1] 419  59
[1] 3670
[1] 419  48
[1] 3671
[1] 419  58
[1] 3672
[1] 419  77
[1] 3673
[1] 419  60
[1] 3674
[1] 419  61
[1] 3675
[1] 419  44
[1] 3676
[1] 419  37
[1] 3677
[1] 419  48
[1] 3678
[1] 419  53
[1] 3679
[1] 419  59
[1] 3680
[1] 419  79
[1] 3681
[1] 419  73
[1] 3682
[1] 419  28
[1] 3683
[1] 419  39
[1] 3684
[1] 419  57
[1] 3685
[1] 419  54
[1] 3686
[1] 419  55
[1] 3687
[1] 419  57
[1] 3688
[1] 419  46
[1] 3689
[1] 419  16
[1] 3690
[1] 419  52
[1] 3691
[1] 419  66
[1] 3692
[1] 419  90
[1] 3693
[1] 419  49
[1] 3694
[1] 419  37
[1] 3695
[1] 419 132
[1] 3696
[1] 419  56
[1] 3697
[1] 419  61
[1] 3698
[1] 419  35
[1] 3699
[1] 419  62
[1] 3700
[1] 419  41
