[1] 9801
[1] 419  38
[1] 9802
[1] 419  27
[1] 9803
[1] 419  40
[1] 9804
[1] 419  64
[1] 9805
[1] 419  60
[1] 9806
[1] 419  31
[1] 9807
[1] 419  68
[1] 9808
[1] 419  22
[1] 9809
[1] 419  90
[1] 9810
[1] 419  43
[1] 9811
[1] 419  70
[1] 9812
[1] 419  20
[1] 9813
[1] 419  52
[1] 9814
[1] 419  62
[1] 9815
[1] 419  55
[1] 9816
[1] 419  49
[1] 9817
[1] 419  22
[1] 9818
[1] 419  40
[1] 9819
[1] 419  50
[1] 9820
[1] 419  30
[1] 9821
[1] 419  51
[1] 9822
[1] 419  60
[1] 9823
[1] 419  41
[1] 9824
[1] 419  32
[1] 9825
[1] 419  24
[1] 9826
[1] 419  33
[1] 9827
[1] 419  27
[1] 9828
[1] 419  74
[1] 9829
[1] 419  41
[1] 9830
[1] 419  42
[1] 9831
[1] 419  63
[1] 9832
[1] 419  17
[1] 9833
[1] 419  47
[1] 9834
[1] 419  49
[1] 9835
[1] 419  57
[1] 9836
[1] 419  40
[1] 9837
[1] 419  22
[1] 9838
[1] 419  58
[1] 9839
[1] 419  67
[1] 9840
[1] 419  42
[1] 9841
[1] 419  29
[1] 9842
[1] 419  73
[1] 9843
[1] 419  44
[1] 9844
[1] 419  27
[1] 9845
[1] 419  55
[1] 9846
[1] 419  60
[1] 9847
[1] 419  64
[1] 9848
[1] 419  32
[1] 9849
[1] 419  27
[1] 9850
[1] 419  42
[1] 9851
[1] 419  57
[1] 9852
[1] 419  35
[1] 9853
[1] 419  41
[1] 9854
[1] 419  21
[1] 9855
[1] 419  56
[1] 9856
[1] 419  34
[1] 9857
[1] 419  37
[1] 9858
[1] 419  73
[1] 9859
[1] 419  74
[1] 9860
[1] 419  40
[1] 9861
[1] 419  60
[1] 9862
[1] 419  52
[1] 9863
[1] 419  55
[1] 9864
[1] 419  10
[1] 9865
[1] 419  70
[1] 9866
[1] 419  66
[1] 9867
[1] 419  31
[1] 9868
[1] 419  46
[1] 9869
[1] 419  56
[1] 9870
[1] 419  55
[1] 9871
[1] 419  43
[1] 9872
[1] 419  29
[1] 9873
[1] 419  73
[1] 9874
[1] 419  58
[1] 9875
[1] 419  45
[1] 9876
[1] 419  51
[1] 9877
[1] 419  15
[1] 9878
[1] 419  38
[1] 9879
[1] 419 324
[1] 9880
[1] 419  55
[1] 9881
[1] 419  23
[1] 9882
[1] 419  36
[1] 9883
[1] 419  60
[1] 9884
[1] 419  50
[1] 9885
[1] 419  52
[1] 9886
[1] 419  55
[1] 9887
[1] 419  89
[1] 9888
[1] 419  48
[1] 9889
[1] 419  50
[1] 9890
[1] 419  93
[1] 9891
[1] 419  80
[1] 9892
[1] 419  51
[1] 9893
[1] 419  91
[1] 9894
[1] 419  40
[1] 9895
[1] 419  82
[1] 9896
[1] 419  50
[1] 9897
[1] 419  58
[1] 9898
[1] 419  70
[1] 9899
[1] 419  31
[1] 9900
[1] 419  43
