[1] 201
[1] 419  23
[1] 202
[1] 419  23
[1] 203
[1] 419  37
[1] 204
[1] 419  42
[1] 205
[1] 419  58
[1] 206
[1] 419  63
[1] 207
[1] 419  56
[1] 208
[1] 419  62
[1] 209
[1] 419  27
[1] 210
[1] 419  42
[1] 211
[1] 419  41
[1] 212
[1] 419  66
[1] 213
[1] 419  38
[1] 214
[1] 419  22
[1] 215
[1] 419  50
[1] 216
[1] 419  59
[1] 217
[1] 419  55
[1] 218
[1] 419  25
[1] 219
[1] 419  25
[1] 220
[1] 419  55
[1] 221
[1] 419  66
[1] 222
[1] 419  21
[1] 223
[1] 419  51
[1] 224
[1] 419  12
[1] 225
[1] 419  38
[1] 226
[1] 419  55
[1] 227
[1] 419  36
[1] 228
[1] 419  32
[1] 229
[1] 419  77
[1] 230
[1] 419  36
[1] 231
[1] 419  75
[1] 232
[1] 419  40
[1] 233
[1] 419  51
[1] 234
[1] 419  56
[1] 235
[1] 419  66
[1] 236
[1] 419  34
[1] 237
[1] 419  29
[1] 238
[1] 419  50
[1] 239
[1] 419  45
[1] 240
[1] 419   7
[1] 241
[1] 419  75
[1] 242
[1] 419  32
[1] 243
[1] 419  62
[1] 244
[1] 419  23
[1] 245
[1] 419  89
[1] 246
[1] 419  21
[1] 247
[1] 419  83
[1] 248
[1] 419  75
[1] 249
[1] 419  61
[1] 250
[1] 419  67
[1] 251
[1] 419  84
[1] 252
[1] 419  38
[1] 253
[1] 419  34
[1] 254
[1] 419  39
[1] 255
[1] 419  66
[1] 256
[1] 419  43
[1] 257
[1] 419  55
[1] 258
[1] 419  26
[1] 259
[1] 419  17
[1] 260
[1] 419  18
[1] 261
[1] 419  48
[1] 262
[1] 419  39
[1] 263
[1] 419  26
[1] 264
[1] 419  38
[1] 265
[1] 419  18
[1] 266
[1] 419  61
[1] 267
[1] 419  44
[1] 268
[1] 419  53
[1] 269
[1] 419  46
[1] 270
[1] 419  55
[1] 271
[1] 419  59
[1] 272
[1] 419  36
[1] 273
[1] 419  29
[1] 274
[1] 419  38
[1] 275
[1] 419  37
[1] 276
[1] 419  76
[1] 277
[1] 419  36
[1] 278
[1] 419  57
[1] 279
[1] 419  12
[1] 280
[1] 419  63
[1] 281
[1] 419  67
[1] 282
[1] 419  75
[1] 283
[1] 419  49
[1] 284
[1] 419  76
[1] 285
[1] 419 134
[1] 286
[1] 419  69
[1] 287
[1] 419  57
[1] 288
[1] 419  38
[1] 289
[1] 419  47
[1] 290
[1] 419  60
[1] 291
[1] 419  48
[1] 292
[1] 419  24
[1] 293
[1] 419  45
[1] 294
[1] 419  63
[1] 295
[1] 419  16
[1] 296
[1] 419  36
[1] 297
[1] 419  63
[1] 298
[1] 419  75
[1] 299
[1] 419  30
[1] 300
[1] 419  95
