[1] 601
[1] 419  26
[1] 602
[1] 419  40
[1] 603
[1] 419  72
[1] 604
[1] 419  77
[1] 605
[1] 419  93
[1] 606
[1] 419  83
[1] 607
[1] 419  21
[1] 608
[1] 419  22
[1] 609
[1] 419  29
[1] 610
[1] 419  30
[1] 611
[1] 419  58
[1] 612
[1] 419  49
[1] 613
[1] 419  39
[1] 614
[1] 419  57
[1] 615
[1] 419  34
[1] 616
[1] 419  28
[1] 617
[1] 419  60
[1] 618
[1] 419  63
[1] 619
[1] 419  44
[1] 620
[1] 419  22
[1] 621
[1] 419  40
[1] 622
[1] 419  54
[1] 623
[1] 419  96
[1] 624
[1] 419  65
[1] 625
[1] 419  53
[1] 626
[1] 419 110
[1] 627
[1] 419  42
[1] 628
[1] 419  98
[1] 629
[1] 419  32
[1] 630
[1] 419  30
[1] 631
[1] 419  48
[1] 632
[1] 419  44
[1] 633
[1] 419  57
[1] 634
[1] 419  62
[1] 635
[1] 419  72
[1] 636
[1] 419  35
[1] 637
[1] 419  42
[1] 638
[1] 419  34
[1] 639
[1] 419  65
[1] 640
[1] 419  34
[1] 641
[1] 419  39
[1] 642
[1] 419 276
[1] 643
[1] 419  34
[1] 644
[1] 419  62
[1] 645
[1] 419  67
[1] 646
[1] 419  85
[1] 647
[1] 419  33
[1] 648
[1] 419  56
[1] 649
[1] 419  67
[1] 650
[1] 419  32
[1] 651
[1] 419  38
[1] 652
[1] 419  27
[1] 653
[1] 419  22
[1] 654
[1] 419  51
[1] 655
[1] 419  34
[1] 656
[1] 419  30
[1] 657
[1] 419  70
[1] 658
[1] 419  40
[1] 659
[1] 419  94
[1] 660
[1] 419  52
[1] 661
[1] 419  82
[1] 662
[1] 419  34
[1] 663
[1] 419  40
[1] 664
[1] 419  26
[1] 665
[1] 419  63
[1] 666
[1] 419  34
[1] 667
[1] 419  56
[1] 668
[1] 419   8
[1] 669
[1] 419  28
[1] 670
[1] 419  57
[1] 671
[1] 419  60
[1] 672
[1] 419  25
[1] 673
[1] 419  51
[1] 674
[1] 419  25
[1] 675
[1] 419  39
[1] 676
[1] 419  62
[1] 677
[1] 419  37
[1] 678
[1] 419  45
[1] 679
[1] 419  90
[1] 680
[1] 419  58
[1] 681
[1] 419   6
[1] 682
[1] 419  19
[1] 683
[1] 419  19
[1] 684
[1] 419 103
[1] 685
[1] 419  20
[1] 686
[1] 419  18
[1] 687
[1] 419  16
[1] 688
[1] 419  26
[1] 689
[1] 419  22
[1] 690
[1] 419  87
[1] 691
[1] 419  28
[1] 692
[1] 419  78
[1] 693
[1] 419  53
[1] 694
[1] 419  61
[1] 695
[1] 419  91
[1] 696
[1] 419  18
[1] 697
[1] 419  86
[1] 698
[1] 419  46
[1] 699
[1] 419  47
[1] 700
[1] 419  41
