[1] 1101
[1] 419  51
[1] 1102
[1] 419  18
[1] 1103
[1] 419  15
[1] 1104
[1] 419  17
[1] 1105
[1] 419  15
[1] 1106
[1] 419  65
[1] 1107
[1] 419  31
[1] 1108
[1] 419  57
[1] 1109
[1] 419  69
[1] 1110
[1] 419  36
[1] 1111
[1] 419  42
[1] 1112
[1] 419  36
[1] 1113
[1] 419  44
[1] 1114
[1] 419  46
[1] 1115
[1] 419  46
[1] 1116
[1] 419  47
[1] 1117
[1] 419  24
[1] 1118
[1] 419  48
[1] 1119
[1] 419  26
[1] 1120
[1] 419  99
[1] 1121
[1] 419  60
[1] 1122
[1] 419  69
[1] 1123
[1] 419  44
[1] 1124
[1] 419  39
[1] 1125
[1] 419  25
[1] 1126
[1] 419  32
[1] 1127
[1] 419  72
[1] 1128
[1] 419  66
[1] 1129
[1] 419  48
[1] 1130
[1] 419  23
[1] 1131
[1] 419  75
[1] 1132
[1] 419  56
[1] 1133
[1] 419  69
[1] 1134
[1] 419  81
[1] 1135
[1] 419  55
[1] 1136
[1] 419  58
[1] 1137
[1] 419  64
[1] 1138
[1] 419  57
[1] 1139
[1] 419  69
[1] 1140
[1] 419  36
[1] 1141
[1] 419  30
[1] 1142
[1] 419  35
[1] 1143
[1] 419  30
[1] 1144
[1] 419  84
[1] 1145
[1] 419  29
[1] 1146
[1] 419  36
[1] 1147
[1] 419  75
[1] 1148
[1] 419  63
[1] 1149
[1] 419  55
[1] 1150
[1] 419  33
[1] 1151
[1] 419  41
[1] 1152
[1] 419  40
[1] 1153
[1] 419  50
[1] 1154
[1] 419  46
[1] 1155
[1] 419  69
[1] 1156
[1] 419  32
[1] 1157
[1] 419  38
[1] 1158
[1] 419  74
[1] 1159
[1] 419  63
[1] 1160
[1] 419  58
[1] 1161
[1] 419  61
[1] 1162
[1] 419  69
[1] 1163
[1] 419  57
[1] 1164
[1] 419  37
[1] 1165
[1] 419  55
[1] 1166
[1] 419  28
[1] 1167
[1] 419  59
[1] 1168
[1] 419  35
[1] 1169
[1] 419  42
[1] 1170
[1] 419  37
[1] 1171
[1] 419  67
[1] 1172
[1] 419  42
[1] 1173
[1] 419  53
[1] 1174
[1] 419  49
[1] 1175
[1] 419  26
[1] 1176
[1] 419  26
[1] 1177
[1] 419  29
[1] 1178
[1] 419  73
[1] 1179
[1] 419  58
[1] 1180
[1] 419  13
[1] 1181
[1] 419  59
[1] 1182
[1] 419  16
[1] 1183
[1] 419 102
[1] 1184
[1] 419  79
[1] 1185
[1] 419  31
[1] 1186
[1] 419  69
[1] 1187
[1] 419  90
[1] 1188
[1] 419  70
[1] 1189
[1] 419  74
[1] 1190
[1] 419  84
[1] 1191
[1] 419  65
[1] 1192
[1] 419  75
[1] 1193
[1] 419  37
[1] 1194
[1] 419  38
[1] 1195
[1] 419  42
[1] 1196
[1] 419  81
[1] 1197
[1] 419  13
[1] 1198
[1] 419  18
[1] 1199
[1] 419  52
[1] 1200
[1] 419  49
