[1] 9101
[1] 419  46
[1] 9102
[1] 419  61
[1] 9103
[1] 419  52
[1] 9104
[1] 419  48
[1] 9105
[1] 419  47
[1] 9106
[1] 419  97
[1] 9107
[1] 419  52
[1] 9108
[1] 419  40
[1] 9109
[1] 419  73
[1] 9110
[1] 419  61
[1] 9111
[1] 419  75
[1] 9112
[1] 419  29
[1] 9113
[1] 419  53
[1] 9114
[1] 419  91
[1] 9115
[1] 419  18
[1] 9116
[1] 419  70
[1] 9117
[1] 419   2
[1] 9118
[1] 419  71
[1] 9119
[1] 419  66
[1] 9120
[1] 419  30
[1] 9121
[1] 419  39
[1] 9122
[1] 419  50
[1] 9123
[1] 419  75
[1] 9124
[1] 419  38
[1] 9125
[1] 419  30
[1] 9126
[1] 419  25
[1] 9127
[1] 419  70
[1] 9128
[1] 419  89
[1] 9129
[1] 419  26
[1] 9130
[1] 419  34
[1] 9131
[1] 419  39
[1] 9132
[1] 419  33
[1] 9133
[1] 419  35
[1] 9134
[1] 419  40
[1] 9135
[1] 419  22
[1] 9136
[1] 419  59
[1] 9137
[1] 419  65
[1] 9138
[1] 419  25
[1] 9139
[1] 419  22
[1] 9140
[1] 419  18
[1] 9141
[1] 419  41
[1] 9142
[1] 419  46
[1] 9143
[1] 419  37
[1] 9144
[1] 419  61
[1] 9145
[1] 419  60
[1] 9146
[1] 419 138
[1] 9147
[1] 419  22
[1] 9148
[1] 419  46
[1] 9149
[1] 419  70
[1] 9150
[1] 419  24
[1] 9151
[1] 419  62
[1] 9152
[1] 419  58
[1] 9153
[1] 419  34
[1] 9154
[1] 419  56
[1] 9155
[1] 419  26
[1] 9156
[1] 419  48
[1] 9157
[1] 419  27
[1] 9158
[1] 419  33
[1] 9159
[1] 419  42
[1] 9160
[1] 419  29
[1] 9161
[1] 419  33
[1] 9162
[1] 419   3
[1] 9163
[1] 419  71
[1] 9164
[1] 419  57
[1] 9165
[1] 419  51
[1] 9166
[1] 419  23
[1] 9167
[1] 419   8
[1] 9168
[1] 419  57
[1] 9169
[1] 419  87
[1] 9170
[1] 419  12
[1] 9171
[1] 419  38
[1] 9172
[1] 419  29
[1] 9173
[1] 419  30
[1] 9174
[1] 419  74
[1] 9175
[1] 419 118
[1] 9176
[1] 419  32
[1] 9177
[1] 419  40
[1] 9178
[1] 419 110
[1] 9179
[1] 419  61
[1] 9180
[1] 419  53
[1] 9181
[1] 419  81
[1] 9182
[1] 419  60
[1] 9183
[1] 419  42
[1] 9184
[1] 419  36
[1] 9185
[1] 419   9
[1] 9186
[1] 419  43
[1] 9187
[1] 419  61
[1] 9188
[1] 419  44
[1] 9189
[1] 419  16
[1] 9190
[1] 419  54
[1] 9191
[1] 419 138
[1] 9192
[1] 419  34
[1] 9193
[1] 419  63
[1] 9194
[1] 419  60
[1] 9195
[1] 419  99
[1] 9196
[1] 419  73
[1] 9197
[1] 419  31
[1] 9198
[1] 419  35
[1] 9199
[1] 419 102
[1] 9200
[1] 419  46
