[1] 2701
[1] 419  49
[1] 2702
[1] 419  61
[1] 2703
[1] 419  45
[1] 2704
[1] 419  64
[1] 2705
[1] 419  42
[1] 2706
[1] 419  37
[1] 2707
[1] 419  46
[1] 2708
[1] 419  48
[1] 2709
[1] 419  26
[1] 2710
[1] 419  48
[1] 2711
[1] 419  49
[1] 2712
[1] 419  59
[1] 2713
[1] 419 109
[1] 2714
[1] 419  68
[1] 2715
[1] 419  21
[1] 2716
[1] 419  75
[1] 2717
[1] 419  29
[1] 2718
[1] 419  28
[1] 2719
[1] 419  25
[1] 2720
[1] 419  12
[1] 2721
[1] 419  18
[1] 2722
[1] 419  23
[1] 2723
[1] 419  52
[1] 2724
[1] 419  28
[1] 2725
[1] 419  27
[1] 2726
[1] 419  23
[1] 2727
[1] 419  58
[1] 2728
[1] 419  23
[1] 2729
[1] 419  27
[1] 2730
[1] 419  41
[1] 2731
[1] 419  46
[1] 2732
[1] 419  67
[1] 2733
[1] 419  75
[1] 2734
[1] 419  58
[1] 2735
[1] 419  60
[1] 2736
[1] 419  62
[1] 2737
[1] 419  84
[1] 2738
[1] 419  71
[1] 2739
[1] 419  46
[1] 2740
[1] 419  68
[1] 2741
[1] 419  63
[1] 2742
[1] 419  51
[1] 2743
[1] 419  83
[1] 2744
[1] 419  82
[1] 2745
[1] 419  44
[1] 2746
[1] 419  30
[1] 2747
[1] 419  49
[1] 2748
[1] 419  59
[1] 2749
[1] 419  31
[1] 2750
[1] 419  64
[1] 2751
[1] 419 176
[1] 2752
[1] 419  62
[1] 2753
[1] 419  60
[1] 2754
[1] 419  69
[1] 2755
[1] 419  64
[1] 2756
[1] 419  33
[1] 2757
[1] 419  59
[1] 2758
[1] 419  31
[1] 2759
[1] 419  14
[1] 2760
[1] 419  32
[1] 2761
[1] 419  51
[1] 2762
[1] 419  61
[1] 2763
[1] 419  51
[1] 2764
[1] 419  42
[1] 2765
[1] 419  51
[1] 2766
[1] 419  43
[1] 2767
[1] 419  47
[1] 2768
[1] 419  37
[1] 2769
[1] 419  33
[1] 2770
[1] 419  57
[1] 2771
[1] 419  67
[1] 2772
[1] 419  83
[1] 2773
[1] 419  55
[1] 2774
[1] 419  36
[1] 2775
[1] 419  60
[1] 2776
[1] 419  45
[1] 2777
[1] 419  80
[1] 2778
[1] 419  75
[1] 2779
[1] 419  68
[1] 2780
[1] 419  56
[1] 2781
[1] 419  62
[1] 2782
[1] 419  70
[1] 2783
[1] 419  68
[1] 2784
[1] 419  40
[1] 2785
[1] 419  26
[1] 2786
[1] 419  49
[1] 2787
[1] 419  24
[1] 2788
[1] 419  54
[1] 2789
[1] 419  73
[1] 2790
[1] 419  59
[1] 2791
[1] 419  78
[1] 2792
[1] 419  81
[1] 2793
[1] 419  35
[1] 2794
[1] 419  53
[1] 2795
[1] 419  33
[1] 2796
[1] 419  29
[1] 2797
[1] 419  57
[1] 2798
[1] 419  37
[1] 2799
[1] 419  69
[1] 2800
[1] 419  23
