[1] 8101
[1] 419   1
[1] 8102
[1] 419  66
[1] 8103
[1] 419  40
[1] 8104
[1] 419  17
[1] 8105
[1] 419  79
[1] 8106
[1] 419  57
[1] 8107
[1] 419  42
[1] 8108
[1] 419  19
[1] 8109
[1] 419  41
[1] 8110
[1] 419  78
[1] 8111
[1] 419  59
[1] 8112
[1] 419  55
[1] 8113
[1] 419  57
[1] 8114
[1] 419  56
[1] 8115
[1] 419  15
[1] 8116
[1] 419  13
[1] 8117
[1] 419  28
[1] 8118
[1] 419  37
[1] 8119
[1] 419 291
[1] 8120
[1] 419  43
[1] 8121
[1] 419  62
[1] 8122
[1] 419  43
[1] 8123
[1] 419  86
[1] 8124
[1] 419  78
[1] 8125
[1] 419  44
[1] 8126
[1] 419  62
[1] 8127
[1] 419  64
[1] 8128
[1] 419  58
[1] 8129
[1] 419  46
[1] 8130
[1] 419  62
[1] 8131
[1] 419  75
[1] 8132
[1] 419  46
[1] 8133
[1] 419  69
[1] 8134
[1] 419  43
[1] 8135
[1] 419  59
[1] 8136
[1] 419  61
[1] 8137
[1] 419  23
[1] 8138
[1] 419  82
[1] 8139
[1] 419  43
[1] 8140
[1] 419  82
[1] 8141
[1] 419  32
[1] 8142
[1] 419  38
[1] 8143
[1] 419  59
[1] 8144
[1] 419  45
[1] 8145
[1] 419  68
[1] 8146
[1] 419  31
[1] 8147
[1] 419 117
[1] 8148
[1] 419  26
[1] 8149
[1] 419  58
[1] 8150
[1] 419  34
[1] 8151
[1] 419  25
[1] 8152
[1] 419  49
[1] 8153
[1] 419  40
[1] 8154
[1] 419  12
[1] 8155
[1] 419  36
[1] 8156
[1] 419  22
[1] 8157
[1] 419  38
[1] 8158
[1] 419  33
[1] 8159
[1] 419  37
[1] 8160
[1] 419  69
[1] 8161
[1] 419  49
[1] 8162
[1] 419  34
[1] 8163
[1] 419  51
[1] 8164
[1] 419  49
[1] 8165
[1] 419  36
[1] 8166
[1] 419  68
[1] 8167
[1] 419  26
[1] 8168
[1] 419  44
[1] 8169
[1] 419  45
[1] 8170
[1] 419  67
[1] 8171
[1] 419  33
[1] 8172
[1] 419  16
[1] 8173
[1] 419  16
[1] 8174
[1] 419  17
[1] 8175
[1] 419  41
[1] 8176
[1] 419  42
[1] 8177
[1] 419  49
[1] 8178
[1] 419  17
[1] 8179
[1] 419  51
[1] 8180
[1] 419  48
[1] 8181
[1] 419  50
[1] 8182
[1] 419 111
[1] 8183
[1] 419  45
[1] 8184
[1] 419  16
[1] 8185
[1] 419  38
[1] 8186
[1] 419  44
[1] 8187
[1] 419  87
[1] 8188
[1] 419  45
[1] 8189
[1] 419  53
[1] 8190
[1] 419  15
[1] 8191
[1] 419  44
[1] 8192
[1] 419  33
[1] 8193
[1] 419  19
[1] 8194
[1] 419  31
[1] 8195
[1] 419  31
[1] 8196
[1] 419  31
[1] 8197
[1] 419  55
[1] 8198
[1] 419  19
[1] 8199
[1] 419  25
[1] 8200
[1] 419  67
