[1] 8201
[1] 419  43
[1] 8202
[1] 419  56
[1] 8203
[1] 419  16
[1] 8204
[1] 419  47
[1] 8205
[1] 419  28
[1] 8206
[1] 419  29
[1] 8207
[1] 419  48
[1] 8208
[1] 419  50
[1] 8209
[1] 419  34
[1] 8210
[1] 419  55
[1] 8211
[1] 419  38
[1] 8212
[1] 419  58
[1] 8213
[1] 419  58
[1] 8214
[1] 419  53
[1] 8215
[1] 419  67
[1] 8216
[1] 419  53
[1] 8217
[1] 419  29
[1] 8218
[1] 419  23
[1] 8219
[1] 419  97
[1] 8220
[1] 419 100
[1] 8221
[1] 419  91
[1] 8222
[1] 419  82
[1] 8223
[1] 419  47
[1] 8224
[1] 419  52
[1] 8225
[1] 419  32
[1] 8226
[1] 419  27
[1] 8227
[1] 419 242
[1] 8228
[1] 419  74
[1] 8229
[1] 419  69
[1] 8230
[1] 419  68
[1] 8231
[1] 419  36
[1] 8232
[1] 419  40
[1] 8233
[1] 419  50
[1] 8234
[1] 419  45
[1] 8235
[1] 419  21
[1] 8236
[1] 419  55
[1] 8237
[1] 419 147
[1] 8238
[1] 419  50
[1] 8239
[1] 419  50
[1] 8240
[1] 419  49
[1] 8241
[1] 419  85
[1] 8242
[1] 419  78
[1] 8243
[1] 419  27
[1] 8244
[1] 419  15
[1] 8245
[1] 419  60
[1] 8246
[1] 419  30
[1] 8247
[1] 419  43
[1] 8248
[1] 419  84
[1] 8249
[1] 419  66
[1] 8250
[1] 419  82
[1] 8251
[1] 419  54
[1] 8252
[1] 419  17
[1] 8253
[1] 419  37
[1] 8254
[1] 419  15
[1] 8255
[1] 419  16
[1] 8256
[1] 419  66
[1] 8257
[1] 419  16
[1] 8258
[1] 419  43
[1] 8259
[1] 419  33
[1] 8260
[1] 419  56
[1] 8261
[1] 419  70
[1] 8262
[1] 419  34
[1] 8263
[1] 419  29
[1] 8264
[1] 419  73
[1] 8265
[1] 419  34
[1] 8266
[1] 419  43
[1] 8267
[1] 419  71
[1] 8268
[1] 419  60
[1] 8269
[1] 419  72
[1] 8270
[1] 419  93
[1] 8271
[1] 419  32
[1] 8272
[1] 419  83
[1] 8273
[1] 419  32
[1] 8274
[1] 419  33
[1] 8275
[1] 419  36
[1] 8276
[1] 419  35
[1] 8277
[1] 419  36
[1] 8278
[1] 419  32
[1] 8279
[1] 419  40
[1] 8280
[1] 419  31
[1] 8281
[1] 419  39
[1] 8282
[1] 419  36
[1] 8283
[1] 419  58
[1] 8284
[1] 419  32
[1] 8285
[1] 419  82
[1] 8286
[1] 419  67
[1] 8287
[1] 419  35
[1] 8288
[1] 419  31
[1] 8289
[1] 419  49
[1] 8290
[1] 419  48
[1] 8291
[1] 419  39
[1] 8292
[1] 419  36
[1] 8293
[1] 419  20
[1] 8294
[1] 419  38
[1] 8295
[1] 419  69
[1] 8296
[1] 419  28
[1] 8297
[1] 419  37
[1] 8298
[1] 419  39
[1] 8299
[1] 419  25
[1] 8300
[1] 419  74
