[1] 5201
[1] 419  59
[1] 5202
[1] 419  52
[1] 5203
[1] 419  63
[1] 5204
[1] 419  63
[1] 5205
[1] 419  27
[1] 5206
[1] 419  46
[1] 5207
[1] 419  51
[1] 5208
[1] 419  59
[1] 5209
[1] 419  70
[1] 5210
[1] 419  38
[1] 5211
[1] 419  46
[1] 5212
[1] 419  26
[1] 5213
[1] 419  40
[1] 5214
[1] 419  39
[1] 5215
[1] 419  25
[1] 5216
[1] 419  72
[1] 5217
[1] 419  28
[1] 5218
[1] 419  16
[1] 5219
[1] 419  13
[1] 5220
[1] 419  12
[1] 5221
[1] 419  30
[1] 5222
[1] 419  24
[1] 5223
[1] 419  39
[1] 5224
[1] 419  45
[1] 5225
[1] 419  36
[1] 5226
[1] 419  43
[1] 5227
[1] 419  65
[1] 5228
[1] 419  79
[1] 5229
[1] 419  35
[1] 5230
[1] 419  77
[1] 5231
[1] 419  47
[1] 5232
[1] 419  42
[1] 5233
[1] 419  43
[1] 5234
[1] 419  28
[1] 5235
[1] 419  76
[1] 5236
[1] 419  33
[1] 5237
[1] 419  32
[1] 5238
[1] 419  54
[1] 5239
[1] 419  28
[1] 5240
[1] 419  55
[1] 5241
[1] 419  42
[1] 5242
[1] 419  37
[1] 5243
[1] 419  31
[1] 5244
[1] 419  57
[1] 5245
[1] 419  77
[1] 5246
[1] 419  43
[1] 5247
[1] 419  49
[1] 5248
[1] 419  36
[1] 5249
[1] 419  38
[1] 5250
[1] 419  14
[1] 5251
[1] 419  78
[1] 5252
[1] 419  42
[1] 5253
[1] 419  37
[1] 5254
[1] 419  69
[1] 5255
[1] 419  39
[1] 5256
[1] 419  60
[1] 5257
[1] 419  59
[1] 5258
[1] 419  70
[1] 5259
[1] 419  65
[1] 5260
[1] 419  63
[1] 5261
[1] 419  79
[1] 5262
[1] 419  58
[1] 5263
[1] 419  84
[1] 5264
[1] 419  40
[1] 5265
[1] 419  47
[1] 5266
[1] 419  42
[1] 5267
[1] 419  62
[1] 5268
[1] 419  81
[1] 5269
[1] 419  45
[1] 5270
[1] 419  42
[1] 5271
[1] 419  80
[1] 5272
[1] 419  61
[1] 5273
[1] 419  49
[1] 5274
[1] 419 122
[1] 5275
[1] 419  63
[1] 5276
[1] 419  44
[1] 5277
[1] 419  58
[1] 5278
[1] 419  60
[1] 5279
[1] 419  64
[1] 5280
[1] 419  87
[1] 5281
[1] 419  44
[1] 5282
[1] 419  51
[1] 5283
[1] 419  54
[1] 5284
[1] 419  62
[1] 5285
[1] 419  67
[1] 5286
[1] 419  76
[1] 5287
[1] 419  43
[1] 5288
[1] 419  44
[1] 5289
[1] 419  24
[1] 5290
[1] 419  39
[1] 5291
[1] 419  45
[1] 5292
[1] 419  45
[1] 5293
[1] 419  43
[1] 5294
[1] 419  24
[1] 5295
[1] 419  45
[1] 5296
[1] 419  44
[1] 5297
[1] 419  31
[1] 5298
[1] 419  65
[1] 5299
[1] 419  59
[1] 5300
[1] 419  69
