[1] 1701
[1] 419  60
[1] 1702
[1] 419  22
[1] 1703
[1] 419  52
[1] 1704
[1] 419  53
[1] 1705
[1] 419  42
[1] 1706
[1] 419  64
[1] 1707
[1] 419  69
[1] 1708
[1] 419  37
[1] 1709
[1] 419  41
[1] 1710
[1] 419  47
[1] 1711
[1] 419  80
[1] 1712
[1] 419  67
[1] 1713
[1] 419  69
[1] 1714
[1] 419  76
[1] 1715
[1] 419  82
[1] 1716
[1] 419  42
[1] 1717
[1] 419  67
[1] 1718
[1] 419  51
[1] 1719
[1] 419  53
[1] 1720
[1] 419  59
[1] 1721
[1] 419  90
[1] 1722
[1] 419  52
[1] 1723
[1] 419  74
[1] 1724
[1] 419  30
[1] 1725
[1] 419  32
[1] 1726
[1] 419  37
[1] 1727
[1] 419  36
[1] 1728
[1] 419  53
[1] 1729
[1] 419  59
[1] 1730
[1] 419  35
[1] 1731
[1] 419  53
[1] 1732
[1] 419  36
[1] 1733
[1] 419  55
[1] 1734
[1] 419  55
[1] 1735
[1] 419 113
[1] 1736
[1] 419  41
[1] 1737
[1] 419  46
[1] 1738
[1] 419  40
[1] 1739
[1] 419  97
[1] 1740
[1] 419  85
[1] 1741
[1] 419  40
[1] 1742
[1] 419  37
[1] 1743
[1] 419  30
[1] 1744
[1] 419  54
[1] 1745
[1] 419  63
[1] 1746
[1] 419  75
[1] 1747
[1] 419  70
[1] 1748
[1] 419  39
[1] 1749
[1] 419  35
[1] 1750
[1] 419  51
[1] 1751
[1] 419  40
[1] 1752
[1] 419  45
[1] 1753
[1] 419  18
[1] 1754
[1] 419  19
[1] 1755
[1] 419   8
[1] 1756
[1] 419  42
[1] 1757
[1] 419  15
[1] 1758
[1] 419  90
[1] 1759
[1] 419  15
[1] 1760
[1] 419  43
[1] 1761
[1] 419  32
[1] 1762
[1] 419  30
[1] 1763
[1] 419  49
[1] 1764
[1] 419  54
[1] 1765
[1] 419  93
[1] 1766
[1] 419  51
[1] 1767
[1] 419  12
[1] 1768
[1] 419  10
[1] 1769
[1] 419  61
[1] 1770
[1] 419  10
[1] 1771
[1] 419  47
[1] 1772
[1] 419  56
[1] 1773
[1] 419  52
[1] 1774
[1] 419  31
[1] 1775
[1] 419  48
[1] 1776
[1] 419  63
[1] 1777
[1] 419  48
[1] 1778
[1] 419  41
[1] 1779
[1] 419  43
[1] 1780
[1] 419  46
[1] 1781
[1] 419  27
[1] 1782
[1] 419  22
[1] 1783
[1] 419  37
[1] 1784
[1] 419  23
[1] 1785
[1] 419  18
[1] 1786
[1] 419  18
[1] 1787
[1] 419  17
[1] 1788
[1] 419  18
[1] 1789
[1] 419  65
[1] 1790
[1] 419  96
[1] 1791
[1] 419 113
[1] 1792
[1] 419  52
[1] 1793
[1] 419  58
[1] 1794
[1] 419  35
[1] 1795
[1] 419 101
[1] 1796
[1] 419  28
[1] 1797
[1] 419 113
[1] 1798
[1] 419 123
[1] 1799
[1] 419  68
[1] 1800
[1] 419 123
