[1] 2301
[1] 110  66
[1] 2302
[1] 110  66
[1] 2303
[1] 110 115
[1] 2304
[1] 110  64
[1] 2305
[1] 110  50
[1] 2306
[1] 110  64
[1] 2307
[1] 110  31
[1] 2308
[1] 110  19
[1] 2309
[1] 110  34
[1] 2310
[1] 110  57
[1] 2311
[1] 110  46
[1] 2312
[1] 110  28
[1] 2313
[1] 110  38
[1] 2314
[1] 110  37
[1] 2315
[1] 110  42
[1] 2316
[1] 110  36
[1] 2317
[1] 110  39
[1] 2318
[1] 110  27
[1] 2319
[1] 110  44
[1] 2320
[1] 110  39
[1] 2321
[1] 110  45
[1] 2322
[1] 110  31
[1] 2323
[1] 110  23
[1] 2324
[1] 110  39
[1] 2325
[1] 110  38
[1] 2326
[1] 110  23
[1] 2327
[1] 110  31
[1] 2328
[1] 110  24
[1] 2329
[1] 110  32
[1] 2330
[1] 110  46
[1] 2331
[1] 110  42
[1] 2332
[1] 110  22
[1] 2333
[1] 110  22
[1] 2334
[1] 110  41
[1] 2335
[1] 110  43
[1] 2336
[1] 110  55
[1] 2337
[1] 110  30
[1] 2338
[1] 110  60
[1] 2339
[1] 110  21
[1] 2340
[1] 110  24
[1] 2341
[1] 110  64
[1] 2342
[1] 110  63
[1] 2343
[1] 110  63
[1] 2344
[1] 110  61
[1] 2345
[1] 110  42
[1] 2346
[1] 110  68
[1] 2347
[1] 110  65
[1] 2348
[1] 110  19
[1] 2349
[1] 110  25
[1] 2350
[1] 110  20
[1] 2351
[1] 110  34
[1] 2352
[1] 110  74
[1] 2353
[1] 110  39
[1] 2354
[1] 110  28
[1] 2355
[1] 110  32
[1] 2356
[1] 110  30
[1] 2357
[1] 110  49
[1] 2358
[1] 110  17
[1] 2359
[1] 110  45
[1] 2360
[1] 110  21
[1] 2361
[1] 110  32
[1] 2362
[1] 110  81
[1] 2363
[1] 110  39
[1] 2364
[1] 110  62
[1] 2365
[1] 110  71
[1] 2366
[1] 110  47
[1] 2367
[1] 110  33
[1] 2368
[1] 110  33
[1] 2369
[1] 110  33
[1] 2370
[1] 110  29
[1] 2371
[1] 110  28
[1] 2372
[1] 110  24
[1] 2373
[1] 110  22
[1] 2374
[1] 110  44
[1] 2375
[1] 110  20
[1] 2376
[1] 110  50
[1] 2377
[1] 110  18
[1] 2378
[1] 110  52
[1] 2379
[1] 110  18
[1] 2380
[1] 110  36
[1] 2381
[1] 110  50
[1] 2382
[1] 110  46
[1] 2383
[1] 110  19
[1] 2384
[1] 110  45
[1] 2385
[1] 110  42
[1] 2386
[1] 110  76
[1] 2387
[1] 110  86
[1] 2388
[1] 110  67
[1] 2389
[1] 110  55
[1] 2390
[1] 110  66
[1] 2391
[1] 110  51
[1] 2392
[1] 110  54
[1] 2393
[1] 110  40
[1] 2394
[1] 110  30
[1] 2395
[1] 110  70
[1] 2396
[1] 110  68
[1] 2397
[1] 110  74
[1] 2398
[1] 110  31
[1] 2399
[1] 110  31
[1] 2400
[1] 110  31
