[1] 8401
[1] 110  63
[1] 8402
[1] 110  39
[1] 8403
[1] 110  36
[1] 8404
[1] 110  11
[1] 8405
[1] 110  39
[1] 8406
[1] 110  35
[1] 8407
[1] 110  41
[1] 8408
[1] 110  58
[1] 8409
[1] 110  39
[1] 8410
[1] 110  52
[1] 8411
[1] 110  66
[1] 8412
[1] 110  40
[1] 8413
[1] 110  59
[1] 8414
[1] 110  46
[1] 8415
[1] 110  18
[1] 8416
[1] 110  44
[1] 8417
[1] 110  72
[1] 8418
[1] 110  20
[1] 8419
[1] 110 130
[1] 8420
[1] 110  47
[1] 8421
[1] 110  46
[1] 8422
[1] 110  26
[1] 8423
[1] 110  46
[1] 8424
[1] 110  35
[1] 8425
[1] 110  36
[1] 8426
[1] 110  33
[1] 8427
[1] 110  45
[1] 8428
[1] 110  43
[1] 8429
[1] 110  64
[1] 8430
[1] 110  45
[1] 8431
[1] 110  39
[1] 8432
[1] 110  32
[1] 8433
[1] 110  96
[1] 8434
[1] 110  42
[1] 8435
[1] 110  60
[1] 8436
[1] 110  20
[1] 8437
[1] 110  59
[1] 8438
[1] 110  44
[1] 8439
[1] 110  34
[1] 8440
[1] 110  58
[1] 8441
[1] 110  43
[1] 8442
[1] 110  40
[1] 8443
[1] 110  33
[1] 8444
[1] 110 147
[1] 8445
[1] 110  61
[1] 8446
[1] 110  40
[1] 8447
[1] 110  32
[1] 8448
[1] 110  49
[1] 8449
[1] 110  78
[1] 8450
[1] 110  53
[1] 8451
[1] 110 102
[1] 8452
[1] 110  50
[1] 8453
[1] 110  25
[1] 8454
[1] 110  75
[1] 8455
[1] 110  57
[1] 8456
[1] 110  21
[1] 8457
[1] 110  38
[1] 8458
[1] 110  26
[1] 8459
[1] 110  39
[1] 8460
[1] 110  49
[1] 8461
[1] 110  27
[1] 8462
[1] 110  37
[1] 8463
[1] 110  68
[1] 8464
[1] 110  60
[1] 8465
[1] 110  46
[1] 8466
[1] 110  52
[1] 8467
[1] 110  25
[1] 8468
[1] 110  66
[1] 8469
[1] 110  27
[1] 8470
[1] 110  52
[1] 8471
[1] 110  34
[1] 8472
[1] 110  76
[1] 8473
[1] 110  73
[1] 8474
[1] 110  98
[1] 8475
[1] 110  56
[1] 8476
[1] 110  62
[1] 8477
[1] 110  33
[1] 8478
[1] 110  44
[1] 8479
[1] 110  47
[1] 8480
[1] 110  63
[1] 8481
[1] 110 138
[1] 8482
[1] 110  19
[1] 8483
[1] 110  22
[1] 8484
[1] 110  65
[1] 8485
[1] 110  44
[1] 8486
[1] 110  55
[1] 8487
[1] 110  54
[1] 8488
[1] 110  18
[1] 8489
[1] 110  46
[1] 8490
[1] 110  61
[1] 8491
[1] 110  30
[1] 8492
[1] 110  30
[1] 8493
[1] 110  27
[1] 8494
[1] 110  66
[1] 8495
[1] 110  12
[1] 8496
[1] 110  23
[1] 8497
[1] 110  65
[1] 8498
[1] 110  56
[1] 8499
[1] 110  56
[1] 8500
[1] 110  94
