[1] 1901
[1] 110  50
[1] 1902
[1] 110  56
[1] 1903
[1] 110  37
[1] 1904
[1] 110  72
[1] 1905
[1] 110  21
[1] 1906
[1] 110  18
[1] 1907
[1] 110  21
[1] 1908
[1] 110  54
[1] 1909
[1] 110  59
[1] 1910
[1] 110  34
[1] 1911
[1] 110  42
[1] 1912
[1] 110  35
[1] 1913
[1] 110  42
[1] 1914
[1] 110  35
[1] 1915
[1] 110  50
[1] 1916
[1] 110  31
[1] 1917
[1] 110  35
[1] 1918
[1] 110  90
[1] 1919
[1] 110  39
[1] 1920
[1] 110  63
[1] 1921
[1] 110  60
[1] 1922
[1] 110  63
[1] 1923
[1] 110  60
[1] 1924
[1] 110  60
[1] 1925
[1] 110  49
[1] 1926
[1] 110  87
[1] 1927
[1] 110  93
[1] 1928
[1] 110  99
[1] 1929
[1] 110  42
[1] 1930
[1] 110  62
[1] 1931
[1] 110  41
[1] 1932
[1] 110  38
[1] 1933
[1] 110  88
[1] 1934
[1] 110  39
[1] 1935
[1] 110  81
[1] 1936
[1] 110  36
[1] 1937
[1] 110  91
[1] 1938
[1] 110  54
[1] 1939
[1] 110 140
[1] 1940
[1] 110 115
[1] 1941
[1] 110  73
[1] 1942
[1] 110  10
[1] 1943
[1] 110  52
[1] 1944
[1] 110  90
[1] 1945
[1] 110  72
[1] 1946
[1] 110  31
[1] 1947
[1] 110  77
[1] 1948
[1] 110  75
[1] 1949
[1] 110  66
[1] 1950
[1] 110  36
[1] 1951
[1] 110  44
[1] 1952
[1] 110  48
[1] 1953
[1] 110  51
[1] 1954
[1] 110  45
[1] 1955
[1] 110  55
[1] 1956
[1] 110  61
[1] 1957
[1] 110  53
[1] 1958
[1] 110  52
[1] 1959
[1] 110  58
[1] 1960
[1] 110  58
[1] 1961
[1] 110  47
[1] 1962
[1] 110  44
[1] 1963
[1] 110  52
[1] 1964
[1] 110  66
[1] 1965
[1] 110  59
[1] 1966
[1] 110  55
[1] 1967
[1] 110  52
[1] 1968
[1] 110  78
[1] 1969
[1] 110  68
[1] 1970
[1] 110  26
[1] 1971
[1] 110  54
[1] 1972
[1] 110  68
[1] 1973
[1] 110  52
[1] 1974
[1] 110  71
[1] 1975
[1] 110  37
[1] 1976
[1] 110  37
[1] 1977
[1] 110  60
[1] 1978
[1] 110  41
[1] 1979
[1] 110  49
[1] 1980
[1] 110  42
[1] 1981
[1] 110  65
[1] 1982
[1] 110  65
[1] 1983
[1] 110  45
[1] 1984
[1] 110  72
[1] 1985
[1] 110  41
[1] 1986
[1] 110  74
[1] 1987
[1] 110  29
[1] 1988
[1] 110  32
[1] 1989
[1] 110  94
[1] 1990
[1] 110  45
[1] 1991
[1] 110  55
[1] 1992
[1] 110  81
[1] 1993
[1] 110  34
[1] 1994
[1] 110  51
[1] 1995
[1] 110  56
[1] 1996
[1] 110  57
[1] 1997
[1] 110  62
[1] 1998
[1] 110  70
[1] 1999
[1] 110  86
[1] 2000
[1] 110  80
