[1] 3101
[1] 110 125
[1] 3102
[1] 110  51
[1] 3103
[1] 110  49
[1] 3104
[1] 110  61
[1] 3105
[1] 110  15
[1] 3106
[1] 110  62
[1] 3107
[1] 110  56
[1] 3108
[1] 110  20
[1] 3109
[1] 110  52
[1] 3110
[1] 110  42
[1] 3111
[1] 110  30
[1] 3112
[1] 110  35
[1] 3113
[1] 110  51
[1] 3114
[1] 110  23
[1] 3115
[1] 110  21
[1] 3116
[1] 110  47
[1] 3117
[1] 110  46
[1] 3118
[1] 110  46
[1] 3119
[1] 110  39
[1] 3120
[1] 110  36
[1] 3121
[1] 110  35
[1] 3122
[1] 110  35
[1] 3123
[1] 110  45
[1] 3124
[1] 110  24
[1] 3125
[1] 110  26
[1] 3126
[1] 110  33
[1] 3127
[1] 110  51
[1] 3128
[1] 110  56
[1] 3129
[1] 110  55
[1] 3130
[1] 110  47
[1] 3131
[1] 110  45
[1] 3132
[1] 110  27
[1] 3133
[1] 110  19
[1] 3134
[1] 110  59
[1] 3135
[1] 110  79
[1] 3136
[1] 110  48
[1] 3137
[1] 110  53
[1] 3138
[1] 110  58
[1] 3139
[1] 110  32
[1] 3140
[1] 110  43
[1] 3141
[1] 110  36
[1] 3142
[1] 110  14
[1] 3143
[1] 110  54
[1] 3144
[1] 110  52
[1] 3145
[1] 110  56
[1] 3146
[1] 110  51
[1] 3147
[1] 110  51
[1] 3148
[1] 110  37
[1] 3149
[1] 110  52
[1] 3150
[1] 110  35
[1] 3151
[1] 110  33
[1] 3152
[1] 110  47
[1] 3153
[1] 110  45
[1] 3154
[1] 110  59
[1] 3155
[1] 110  57
[1] 3156
[1] 110  69
[1] 3157
[1] 110  26
[1] 3158
[1] 110  65
[1] 3159
[1] 110  21
[1] 3160
[1] 110  19
[1] 3161
[1] 110  20
[1] 3162
[1] 110  48
[1] 3163
[1] 110  42
[1] 3164
[1] 110  21
[1] 3165
[1] 110  10
[1] 3166
[1] 110  53
[1] 3167
[1] 110  58
[1] 3168
[1] 110  54
[1] 3169
[1] 110  20
[1] 3170
[1] 110  64
[1] 3171
[1] 110  65
[1] 3172
[1] 110  30
[1] 3173
[1] 110  64
[1] 3174
[1] 110  43
[1] 3175
[1] 110  31
[1] 3176
[1] 110  81
[1] 3177
[1] 110  38
[1] 3178
[1] 110  38
[1] 3179
[1] 110  43
[1] 3180
[1] 110  86
[1] 3181
[1] 110  44
[1] 3182
[1] 110  62
[1] 3183
[1] 110  71
[1] 3184
[1] 110  50
[1] 3185
[1] 110  61
[1] 3186
[1] 110  70
[1] 3187
[1] 110  57
[1] 3188
[1] 110  46
[1] 3189
[1] 110  72
[1] 3190
[1] 110  50
[1] 3191
[1] 110  21
[1] 3192
[1] 110  22
[1] 3193
[1] 110  32
[1] 3194
[1] 110  52
[1] 3195
[1] 110  39
[1] 3196
[1] 110  51
[1] 3197
[1] 110  47
[1] 3198
[1] 110  32
[1] 3199
[1] 110  69
[1] 3200
[1] 110  20
