[1] 2201
[1] 110  30
[1] 2202
[1] 110 104
[1] 2203
[1] 110 104
[1] 2204
[1] 110  36
[1] 2205
[1] 110  35
[1] 2206
[1] 110   6
[1] 2207
[1] 110  52
[1] 2208
[1] 110  49
[1] 2209
[1] 110  79
[1] 2210
[1] 110  63
[1] 2211
[1] 110  65
[1] 2212
[1] 110  65
[1] 2213
[1] 110  52
[1] 2214
[1] 110  56
[1] 2215
[1] 110  51
[1] 2216
[1] 110  35
[1] 2217
[1] 110  33
[1] 2218
[1] 110  30
[1] 2219
[1] 110  90
[1] 2220
[1] 110  53
[1] 2221
[1] 110  58
[1] 2222
[1] 110  19
[1] 2223
[1] 110  58
[1] 2224
[1] 110 160
[1] 2225
[1] 110 139
[1] 2226
[1] 110  46
[1] 2227
[1] 110  42
[1] 2228
[1] 110  53
[1] 2229
[1] 110  62
[1] 2230
[1] 110  67
[1] 2231
[1] 110  48
[1] 2232
[1] 110  51
[1] 2233
[1] 110  65
[1] 2234
[1] 110  80
[1] 2235
[1] 110  44
[1] 2236
[1] 110  51
[1] 2237
[1] 110  65
[1] 2238
[1] 110  60
[1] 2239
[1] 110  32
[1] 2240
[1] 110  48
[1] 2241
[1] 110  43
[1] 2242
[1] 110  44
[1] 2243
[1] 110  34
[1] 2244
[1] 110  61
[1] 2245
[1] 110  36
[1] 2246
[1] 110  59
[1] 2247
[1] 110  57
[1] 2248
[1] 110  76
[1] 2249
[1] 110  47
[1] 2250
[1] 110  51
[1] 2251
[1] 110  40
[1] 2252
[1] 110  66
[1] 2253
[1] 110  41
[1] 2254
[1] 110  53
[1] 2255
[1] 110  76
[1] 2256
[1] 110  33
[1] 2257
[1] 110  50
[1] 2258
[1] 110  55
[1] 2259
[1] 110  75
[1] 2260
[1] 110  54
[1] 2261
[1] 110  67
[1] 2262
[1] 110  92
[1] 2263
[1] 110  19
[1] 2264
[1] 110  14
[1] 2265
[1] 110  74
[1] 2266
[1] 110  50
[1] 2267
[1] 110  44
[1] 2268
[1] 110  59
[1] 2269
[1] 110  76
[1] 2270
[1] 110  46
[1] 2271
[1] 110  45
[1] 2272
[1] 110  23
[1] 2273
[1] 110  20
[1] 2274
[1] 110  20
[1] 2275
[1] 110  35
[1] 2276
[1] 110  31
[1] 2277
[1] 110  61
[1] 2278
[1] 110  30
[1] 2279
[1] 110  30
[1] 2280
[1] 110  47
[1] 2281
[1] 110  48
[1] 2282
[1] 110  87
[1] 2283
[1] 110  56
[1] 2284
[1] 110  58
[1] 2285
[1] 110  47
[1] 2286
[1] 110  52
[1] 2287
[1] 110  64
[1] 2288
[1] 110  88
[1] 2289
[1] 110  48
[1] 2290
[1] 110  59
[1] 2291
[1] 110  44
[1] 2292
[1] 110  65
[1] 2293
[1] 110  74
[1] 2294
[1] 110  27
[1] 2295
[1] 110  57
[1] 2296
[1] 110  58
[1] 2297
[1] 110  30
[1] 2298
[1] 110  75
[1] 2299
[1] 110  38
[1] 2300
[1] 110  41
