[1] 3801
[1] 110  67
[1] 3802
[1] 110  26
[1] 3803
[1] 110  44
[1] 3804
[1] 110  62
[1] 3805
[1] 110  39
[1] 3806
[1] 110  55
[1] 3807
[1] 110  49
[1] 3808
[1] 110  48
[1] 3809
[1] 110  50
[1] 3810
[1] 110  48
[1] 3811
[1] 110  49
[1] 3812
[1] 110  47
[1] 3813
[1] 110  17
[1] 3814
[1] 110  26
[1] 3815
[1] 110  21
[1] 3816
[1] 110  52
[1] 3817
[1] 110  43
[1] 3818
[1] 110  20
[1] 3819
[1] 110  21
[1] 3820
[1] 110  12
[1] 3821
[1] 110  62
[1] 3822
[1] 110  53
[1] 3823
[1] 110  32
[1] 3824
[1] 110  45
[1] 3825
[1] 110  63
[1] 3826
[1] 110  38
[1] 3827
[1] 110  45
[1] 3828
[1] 110  39
[1] 3829
[1] 110  39
[1] 3830
[1] 110  22
[1] 3831
[1] 110  48
[1] 3832
[1] 110  25
[1] 3833
[1] 110  52
[1] 3834
[1] 110  52
[1] 3835
[1] 110  58
[1] 3836
[1] 110  50
[1] 3837
[1] 110  50
[1] 3838
[1] 110  35
[1] 3839
[1] 110  28
[1] 3840
[1] 110  45
[1] 3841
[1] 110  37
[1] 3842
[1] 110  27
[1] 3843
[1] 110  64
[1] 3844
[1] 110  76
[1] 3845
[1] 110  59
[1] 3846
[1] 110  44
[1] 3847
[1] 110  60
[1] 3848
[1] 110  70
[1] 3849
[1] 110  50
[1] 3850
[1] 110  55
[1] 3851
[1] 110  43
[1] 3852
[1] 110  70
[1] 3853
[1] 110  73
[1] 3854
[1] 110  33
[1] 3855
[1] 110  42
[1] 3856
[1] 110  42
[1] 3857
[1] 110  57
[1] 3858
[1] 110  87
[1] 3859
[1] 110  55
[1] 3860
[1] 110  48
[1] 3861
[1] 110  27
[1] 3862
[1] 110  42
[1] 3863
[1] 110  57
[1] 3864
[1] 110  65
[1] 3865
[1] 110  65
[1] 3866
[1] 110  59
[1] 3867
[1] 110  59
[1] 3868
[1] 110  62
[1] 3869
[1] 110  71
[1] 3870
[1] 110  62
[1] 3871
[1] 110  61
[1] 3872
[1] 110  75
[1] 3873
[1] 110  27
[1] 3874
[1] 110  93
[1] 3875
[1] 110  51
[1] 3876
[1] 110  48
[1] 3877
[1] 110  34
[1] 3878
[1] 110  32
[1] 3879
[1] 110 103
[1] 3880
[1] 110  54
[1] 3881
[1] 110  53
[1] 3882
[1] 110  29
[1] 3883
[1] 110  42
[1] 3884
[1] 110  58
[1] 3885
[1] 110  58
[1] 3886
[1] 110  54
[1] 3887
[1] 110  48
[1] 3888
[1] 110  43
[1] 3889
[1] 110  48
[1] 3890
[1] 110  17
[1] 3891
[1] 110  37
[1] 3892
[1] 110  41
[1] 3893
[1] 110  17
[1] 3894
[1] 110  42
[1] 3895
[1] 110  34
[1] 3896
[1] 110  45
[1] 3897
[1] 110  38
[1] 3898
[1] 110  69
[1] 3899
[1] 110  28
[1] 3900
[1] 110  69
