[1] 6101
[1] 110  50
[1] 6102
[1] 110  59
[1] 6103
[1] 110  58
[1] 6104
[1] 110  56
[1] 6105
[1] 110  52
[1] 6106
[1] 110  51
[1] 6107
[1] 110  43
[1] 6108
[1] 110  20
[1] 6109
[1] 110  76
[1] 6110
[1] 110  73
[1] 6111
[1] 110  35
[1] 6112
[1] 110  57
[1] 6113
[1] 110  64
[1] 6114
[1] 110 116
[1] 6115
[1] 110  55
[1] 6116
[1] 110  55
[1] 6117
[1] 110  43
[1] 6118
[1] 110  35
[1] 6119
[1] 110  84
[1] 6120
[1] 110  50
[1] 6121
[1] 110  33
[1] 6122
[1] 110  94
[1] 6123
[1] 110  75
[1] 6124
[1] 110  20
[1] 6125
[1] 110  24
[1] 6126
[1] 110  51
[1] 6127
[1] 110  48
[1] 6128
[1] 110  96
[1] 6129
[1] 110  56
[1] 6130
[1] 110  61
[1] 6131
[1] 110  40
[1] 6132
[1] 110  63
[1] 6133
[1] 110  40
[1] 6134
[1] 110  38
[1] 6135
[1] 110  87
[1] 6136
[1] 110  53
[1] 6137
[1] 110  68
[1] 6138
[1] 110  51
[1] 6139
[1] 110  57
[1] 6140
[1] 110  48
[1] 6141
[1] 110  39
[1] 6142
[1] 110  98
[1] 6143
[1] 110  52
[1] 6144
[1] 110  53
[1] 6145
[1] 110  36
[1] 6146
[1] 110  30
[1] 6147
[1] 110  45
[1] 6148
[1] 110  48
[1] 6149
[1] 110  30
[1] 6150
[1] 110  64
[1] 6151
[1] 110  44
[1] 6152
[1] 110  38
[1] 6153
[1] 110  57
[1] 6154
[1] 110  54
[1] 6155
[1] 110  63
[1] 6156
[1] 110  78
[1] 6157
[1] 110  51
[1] 6158
[1] 110  33
[1] 6159
[1] 110  75
[1] 6160
[1] 110  30
[1] 6161
[1] 110  34
[1] 6162
[1] 110  36
[1] 6163
[1] 110  70
[1] 6164
[1] 110  41
[1] 6165
[1] 110  80
[1] 6166
[1] 110  75
[1] 6167
[1] 110  52
[1] 6168
[1] 110  44
[1] 6169
[1] 110  23
[1] 6170
[1] 110  22
[1] 6171
[1] 110  41
[1] 6172
[1] 110 405
[1] 6173
[1] 110  76
[1] 6174
[1] 110  29
[1] 6175
[1] 110  49
[1] 6176
[1] 110  93
[1] 6177
[1] 110  94
[1] 6178
[1] 110  45
[1] 6179
[1] 110  54
[1] 6180
[1] 110  64
[1] 6181
[1] 110  58
[1] 6182
[1] 110  49
[1] 6183
[1] 110  82
[1] 6184
[1] 110  28
[1] 6185
[1] 110  42
[1] 6186
[1] 110  46
[1] 6187
[1] 110  50
[1] 6188
[1] 110  92
[1] 6189
[1] 110 101
[1] 6190
[1] 110  52
[1] 6191
[1] 110  89
[1] 6192
[1] 110  31
[1] 6193
[1] 110  35
[1] 6194
[1] 110  42
[1] 6195
[1] 110  62
[1] 6196
[1] 110  46
[1] 6197
[1] 110  59
[1] 6198
[1] 110  35
[1] 6199
[1] 110  34
[1] 6200
[1] 110  74
