[1] 10201
[1] 110  42
[1] 10202
[1] 110  81
[1] 10203
[1] 110  16
[1] 10204
[1] 110  32
[1] 10205
[1] 110  55
[1] 10206
[1] 110  62
[1] 10207
[1] 110  31
[1] 10208
[1] 110  41
[1] 10209
[1] 110  67
[1] 10210
[1] 110  47
[1] 10211
[1] 110  75
[1] 10212
[1] 110  34
[1] 10213
[1] 110  32
[1] 10214
[1] 110  58
[1] 10215
[1] 110  47
[1] 10216
[1] 110  94
[1] 10217
[1] 110  25
[1] 10218
[1] 110  45
[1] 10219
[1] 110  52
[1] 10220
[1] 110  42
[1] 10221
[1] 110  42
[1] 10222
[1] 110  49
[1] 10223
[1] 110  27
[1] 10224
[1] 110  20
[1] 10225
[1] 110  46
[1] 10226
[1] 110  23
[1] 10227
[1] 110  16
[1] 10228
[1] 110  31
[1] 10229
[1] 110  23
[1] 10230
[1] 110  80
[1] 10231
[1] 110  51
[1] 10232
[1] 110  60
[1] 10233
[1] 110   0
[1] 10234
[1] 110  42
[1] 10235
[1] 110  39
[1] 10236
[1] 110  67
[1] 10237
[1] 110  69
[1] 10238
[1] 110  60
[1] 10239
[1] 110  48
[1] 10240
[1] 110  64
[1] 10241
[1] 110  51
[1] 10242
[1] 110  66
[1] 10243
[1] 110  42
[1] 10244
[1] 110  20
[1] 10245
[1] 110  49
[1] 10246
[1] 110  31
[1] 10247
[1] 110  27
[1] 10248
[1] 110  59
[1] 10249
[1] 110  47
[1] 10250
[1] 110  76
[1] 10251
[1] 110  18
[1] 10252
[1] 110  32
[1] 10253
[1] 110  43
[1] 10254
[1] 110 137
[1] 10255
[1] 110  40
[1] 10256
[1] 110  54
[1] 10257
[1] 110 178
[1] 10258
[1] 110  15
[1] 10259
[1] 110 118
[1] 10260
[1] 110  33
[1] 10261
[1] 110  65
[1] 10262
[1] 110  37
[1] 10263
[1] 110  28
[1] 10264
[1] 110  34
[1] 10265
[1] 110  20
[1] 10266
[1] 110  56
[1] 10267
[1] 110  67
[1] 10268
[1] 110  13
[1] 10269
[1] 110  66
[1] 10270
[1] 110  57
[1] 10271
[1] 110  66
[1] 10272
[1] 110  45
[1] 10273
[1] 110  44
[1] 10274
[1] 110  76
[1] 10275
[1] 110  72
[1] 10276
[1] 110  43
[1] 10277
[1] 110  77
[1] 10278
[1] 110  33
[1] 10279
[1] 110  45
[1] 10280
[1] 110  51
[1] 10281
[1] 110  16
[1] 10282
[1] 110   8
[1] 10283
[1] 110  34
[1] 10284
[1] 110  23
[1] 10285
[1] 110  39
[1] 10286
[1] 110  34
[1] 10287
[1] 110  48
[1] 10288
[1] 110  54
[1] 10289
[1] 110   9
[1] 10290
[1] 110  34
[1] 10291
[1] 110  43
[1] 10292
[1] 110  20
[1] 10293
[1] 110  72
[1] 10294
[1] 110  45
[1] 10295
[1] 110  61
[1] 10296
[1] 110  33
[1] 10297
[1] 110  27
[1] 10298
[1] 110  67
[1] 10299
[1] 110  15
[1] 10300
[1] 110  29
