[1] 9901
[1] 110  18
[1] 9902
[1] 110  54
[1] 9903
[1] 110  38
[1] 9904
[1] 110  21
[1] 9905
[1] 110  56
[1] 9906
[1] 110  60
[1] 9907
[1] 110  50
[1] 9908
[1] 110  29
[1] 9909
[1] 110  20
[1] 9910
[1] 110  54
[1] 9911
[1] 110  33
[1] 9912
[1] 110  49
[1] 9913
[1] 110  61
[1] 9914
[1] 110  38
[1] 9915
[1] 110  74
[1] 9916
[1] 110  49
[1] 9917
[1] 110  54
[1] 9918
[1] 110  39
[1] 9919
[1] 110  74
[1] 9920
[1] 110  36
[1] 9921
[1] 110 112
[1] 9922
[1] 110  47
[1] 9923
[1] 110  57
[1] 9924
[1] 110  83
[1] 9925
[1] 110  36
[1] 9926
[1] 110  63
[1] 9927
[1] 110  46
[1] 9928
[1] 110  47
[1] 9929
[1] 110  54
[1] 9930
[1] 110  69
[1] 9931
[1] 110  18
[1] 9932
[1] 110  43
[1] 9933
[1] 110  10
[1] 9934
[1] 110  36
[1] 9935
[1] 110  51
[1] 9936
[1] 110  45
[1] 9937
[1] 110  83
[1] 9938
[1] 110  56
[1] 9939
[1] 110  54
[1] 9940
[1] 110  19
[1] 9941
[1] 110  35
[1] 9942
[1] 110  50
[1] 9943
[1] 110  34
[1] 9944
[1] 110  21
[1] 9945
[1] 110  48
[1] 9946
[1] 110  44
[1] 9947
[1] 110  64
[1] 9948
[1] 110  63
[1] 9949
[1] 110  30
[1] 9950
[1] 110  44
[1] 9951
[1] 110  66
[1] 9952
[1] 110  32
[1] 9953
[1] 110  35
[1] 9954
[1] 110  52
[1] 9955
[1] 110  44
[1] 9956
[1] 110  18
[1] 9957
[1] 110  54
[1] 9958
[1] 110  87
[1] 9959
[1] 110  42
[1] 9960
[1] 110  69
[1] 9961
[1] 110  59
[1] 9962
[1] 110  63
[1] 9963
[1] 110  49
[1] 9964
[1] 110  40
[1] 9965
[1] 110  43
[1] 9966
[1] 110  40
[1] 9967
[1] 110  42
[1] 9968
[1] 110  53
[1] 9969
[1] 110  74
[1] 9970
[1] 110  55
[1] 9971
[1] 110  70
[1] 9972
[1] 110  48
[1] 9973
[1] 110  74
[1] 9974
[1] 110  55
[1] 9975
[1] 110  36
[1] 9976
[1] 110  20
[1] 9977
[1] 110  53
[1] 9978
[1] 110  61
[1] 9979
[1] 110  79
[1] 9980
[1] 110   8
[1] 9981
[1] 110  27
[1] 9982
[1] 110  17
[1] 9983
[1] 110  18
[1] 9984
[1] 110  31
[1] 9985
[1] 110  52
[1] 9986
[1] 110  35
[1] 9987
[1] 110  61
[1] 9988
[1] 110  57
[1] 9989
[1] 110  67
[1] 9990
[1] 110  65
[1] 9991
[1] 110  57
[1] 9992
[1] 110  21
[1] 9993
[1] 110  35
[1] 9994
[1] 110  12
[1] 9995
[1] 110  21
[1] 9996
[1] 110  21
[1] 9997
[1] 110 173
[1] 9998
[1] 110  27
[1] 9999
[1] 110 177
[1] 10000
[1] 110  40
