[1] 1001
[1] 110  44
[1] 1002
[1] 110  44
[1] 1003
[1] 110  42
[1] 1004
[1] 110  21
[1] 1005
[1] 110   6
[1] 1006
[1] 110  50
[1] 1007
[1] 110  35
[1] 1008
[1] 110  44
[1] 1009
[1] 110  72
[1] 1010
[1] 110  59
[1] 1011
[1] 110  38
[1] 1012
[1] 110  60
[1] 1013
[1] 110  84
[1] 1014
[1] 110  73
[1] 1015
[1] 110  57
[1] 1016
[1] 110  49
[1] 1017
[1] 110  42
[1] 1018
[1] 110  55
[1] 1019
[1] 110  70
[1] 1020
[1] 110  29
[1] 1021
[1] 110  53
[1] 1022
[1] 110  88
[1] 1023
[1] 110  60
[1] 1024
[1] 110  60
[1] 1025
[1] 110  45
[1] 1026
[1] 110  40
[1] 1027
[1] 110  43
[1] 1028
[1] 110  42
[1] 1029
[1] 110  61
[1] 1030
[1] 110  62
[1] 1031
[1] 110  86
[1] 1032
[1] 110  75
[1] 1033
[1] 110  36
[1] 1034
[1] 110  52
[1] 1035
[1] 110  36
[1] 1036
[1] 110  36
[1] 1037
[1] 110  44
[1] 1038
[1] 110  54
[1] 1039
[1] 110  40
[1] 1040
[1] 110  50
[1] 1041
[1] 110  40
[1] 1042
[1] 110  67
[1] 1043
[1] 110  32
[1] 1044
[1] 110  65
[1] 1045
[1] 110 103
[1] 1046
[1] 110  45
[1] 1047
[1] 110  77
[1] 1048
[1] 110  66
[1] 1049
[1] 110  32
[1] 1050
[1] 110  41
[1] 1051
[1] 110  28
[1] 1052
[1] 110  50
[1] 1053
[1] 110  41
[1] 1054
[1] 110  49
[1] 1055
[1] 110  58
[1] 1056
[1] 110  52
[1] 1057
[1] 110  42
[1] 1058
[1] 110  81
[1] 1059
[1] 110  51
[1] 1060
[1] 110  92
[1] 1061
[1] 110  30
[1] 1062
[1] 110  49
[1] 1063
[1] 110  42
[1] 1064
[1] 110  44
[1] 1065
[1] 110  17
[1] 1066
[1] 110  70
[1] 1067
[1] 110  76
[1] 1068
[1] 110  43
[1] 1069
[1] 110  39
[1] 1070
[1] 110  48
[1] 1071
[1] 110  84
[1] 1072
[1] 110  89
[1] 1073
[1] 110  47
[1] 1074
[1] 110   8
[1] 1075
[1] 110  40
[1] 1076
[1] 110   8
[1] 1077
[1] 110  27
[1] 1078
[1] 110  32
[1] 1079
[1] 110  35
[1] 1080
[1] 110  35
[1] 1081
[1] 110  23
[1] 1082
[1] 110  60
[1] 1083
[1] 110  75
[1] 1084
[1] 110  25
[1] 1085
[1] 110  45
[1] 1086
[1] 110 106
[1] 1087
[1] 110  37
[1] 1088
[1] 110  39
[1] 1089
[1] 110  35
[1] 1090
[1] 110  56
[1] 1091
[1] 110  59
[1] 1092
[1] 110  56
[1] 1093
[1] 110  48
[1] 1094
[1] 110  67
[1] 1095
[1] 110  78
[1] 1096
[1] 110  56
[1] 1097
[1] 110  53
[1] 1098
[1] 110  52
[1] 1099
[1] 110  10
[1] 1100
[1] 110  57
