[1] 2501
[1] 110  28
[1] 2502
[1] 110  28
[1] 2503
[1] 110  91
[1] 2504
[1] 110  72
[1] 2505
[1] 110  77
[1] 2506
[1] 110  62
[1] 2507
[1] 110  87
[1] 2508
[1] 110  51
[1] 2509
[1] 110  37
[1] 2510
[1] 110  37
[1] 2511
[1] 110  37
[1] 2512
[1] 110  51
[1] 2513
[1] 110  32
[1] 2514
[1] 110  32
[1] 2515
[1] 110  35
[1] 2516
[1] 110  52
[1] 2517
[1] 110  51
[1] 2518
[1] 110  48
[1] 2519
[1] 110  40
[1] 2520
[1] 110  88
[1] 2521
[1] 110  32
[1] 2522
[1] 110  41
[1] 2523
[1] 110  38
[1] 2524
[1] 110  51
[1] 2525
[1] 110  63
[1] 2526
[1] 110  57
[1] 2527
[1] 110  41
[1] 2528
[1] 110  36
[1] 2529
[1] 110  55
[1] 2530
[1] 110  42
[1] 2531
[1] 110  57
[1] 2532
[1] 110  29
[1] 2533
[1] 110  41
[1] 2534
[1] 110  45
[1] 2535
[1] 110  45
[1] 2536
[1] 110  29
[1] 2537
[1] 110  54
[1] 2538
[1] 110  65
[1] 2539
[1] 110  63
[1] 2540
[1] 110  52
[1] 2541
[1] 110  74
[1] 2542
[1] 110  78
[1] 2543
[1] 110  71
[1] 2544
[1] 110  50
[1] 2545
[1] 110  53
[1] 2546
[1] 110  54
[1] 2547
[1] 110  51
[1] 2548
[1] 110  55
[1] 2549
[1] 110  58
[1] 2550
[1] 110  72
[1] 2551
[1] 110  13
[1] 2552
[1] 110  13
[1] 2553
[1] 110  13
[1] 2554
[1] 110  58
[1] 2555
[1] 110  24
[1] 2556
[1] 110  62
[1] 2557
[1] 110  58
[1] 2558
[1] 110  21
[1] 2559
[1] 110  19
[1] 2560
[1] 110  59
[1] 2561
[1] 110  16
[1] 2562
[1] 110  60
[1] 2563
[1] 110  60
[1] 2564
[1] 110  17
[1] 2565
[1] 110  20
[1] 2566
[1] 110  36
[1] 2567
[1] 110  34
[1] 2568
[1] 110  34
[1] 2569
[1] 110  41
[1] 2570
[1] 110  49
[1] 2571
[1] 110  55
[1] 2572
[1] 110  82
[1] 2573
[1] 110  38
[1] 2574
[1] 110  35
[1] 2575
[1] 110  19
[1] 2576
[1] 110  65
[1] 2577
[1] 110  40
[1] 2578
[1] 110  76
[1] 2579
[1] 110  30
[1] 2580
[1] 110  59
[1] 2581
[1] 110  43
[1] 2582
[1] 110  54
[1] 2583
[1] 110  58
[1] 2584
[1] 110  61
[1] 2585
[1] 110  66
[1] 2586
[1] 110  39
[1] 2587
[1] 110  50
[1] 2588
[1] 110  62
[1] 2589
[1] 110  40
[1] 2590
[1] 110  67
[1] 2591
[1] 110  39
[1] 2592
[1] 110  38
[1] 2593
[1] 110  62
[1] 2594
[1] 110  41
[1] 2595
[1] 110  49
[1] 2596
[1] 110  50
[1] 2597
[1] 110  50
[1] 2598
[1] 110  52
[1] 2599
[1] 110  54
[1] 2600
[1] 110  76
