[1] 3701
[1] 110  53
[1] 3702
[1] 110  45
[1] 3703
[1] 110  81
[1] 3704
[1] 110  66
[1] 3705
[1] 110  26
[1] 3706
[1] 110  26
[1] 3707
[1] 110  35
[1] 3708
[1] 110  27
[1] 3709
[1] 110  29
[1] 3710
[1] 110  26
[1] 3711
[1] 110  33
[1] 3712
[1] 110  16
[1] 3713
[1] 110  53
[1] 3714
[1] 110  62
[1] 3715
[1] 110  53
[1] 3716
[1] 110  57
[1] 3717
[1] 110  94
[1] 3718
[1] 110  66
[1] 3719
[1] 110  64
[1] 3720
[1] 110  72
[1] 3721
[1] 110  40
[1] 3722
[1] 110  51
[1] 3723
[1] 110  40
[1] 3724
[1] 110  50
[1] 3725
[1] 110  45
[1] 3726
[1] 110  37
[1] 3727
[1] 110  35
[1] 3728
[1] 110  34
[1] 3729
[1] 110  31
[1] 3730
[1] 110  42
[1] 3731
[1] 110  50
[1] 3732
[1] 110  46
[1] 3733
[1] 110  62
[1] 3734
[1] 110  62
[1] 3735
[1] 110  60
[1] 3736
[1] 110  59
[1] 3737
[1] 110  64
[1] 3738
[1] 110  59
[1] 3739
[1] 110  58
[1] 3740
[1] 110  58
[1] 3741
[1] 110  59
[1] 3742
[1] 110  68
[1] 3743
[1] 110  81
[1] 3744
[1] 110  68
[1] 3745
[1] 110  79
[1] 3746
[1] 110  42
[1] 3747
[1] 110  55
[1] 3748
[1] 110  61
[1] 3749
[1] 110  80
[1] 3750
[1] 110  68
[1] 3751
[1] 110  69
[1] 3752
[1] 110  62
[1] 3753
[1] 110  79
[1] 3754
[1] 110  80
[1] 3755
[1] 110  63
[1] 3756
[1] 110  67
[1] 3757
[1] 110  86
[1] 3758
[1] 110  67
[1] 3759
[1] 110  64
[1] 3760
[1] 110  40
[1] 3761
[1] 110  87
[1] 3762
[1] 110  99
[1] 3763
[1] 110  61
[1] 3764
[1] 110  82
[1] 3765
[1] 110  85
[1] 3766
[1] 110  78
[1] 3767
[1] 110  70
[1] 3768
[1] 110  43
[1] 3769
[1] 110  84
[1] 3770
[1] 110  87
[1] 3771
[1] 110  38
[1] 3772
[1] 110  61
[1] 3773
[1] 110  39
[1] 3774
[1] 110  63
[1] 3775
[1] 110  65
[1] 3776
[1] 110  22
[1] 3777
[1] 110  17
[1] 3778
[1] 110  32
[1] 3779
[1] 110  20
[1] 3780
[1] 110  28
[1] 3781
[1] 110  33
[1] 3782
[1] 110  23
[1] 3783
[1] 110  38
[1] 3784
[1] 110  23
[1] 3785
[1] 110  18
[1] 3786
[1] 110   7
[1] 3787
[1] 110  23
[1] 3788
[1] 110  24
[1] 3789
[1] 110  52
[1] 3790
[1] 110  36
[1] 3791
[1] 110  25
[1] 3792
[1] 110  34
[1] 3793
[1] 110  24
[1] 3794
[1] 110  64
[1] 3795
[1] 110  56
[1] 3796
[1] 110  58
[1] 3797
[1] 110  43
[1] 3798
[1] 110  50
[1] 3799
[1] 110  31
[1] 3800
[1] 110  26
