[1] 2101
[1] 110  28
[1] 2102
[1] 110  32
[1] 2103
[1] 110  42
[1] 2104
[1] 110  36
[1] 2105
[1] 110  56
[1] 2106
[1] 110  50
[1] 2107
[1] 110  71
[1] 2108
[1] 110  34
[1] 2109
[1] 110  30
[1] 2110
[1] 110 101
[1] 2111
[1] 110  44
[1] 2112
[1] 110 151
[1] 2113
[1] 110  42
[1] 2114
[1] 110  80
[1] 2115
[1] 110  86
[1] 2116
[1] 110  49
[1] 2117
[1] 110  66
[1] 2118
[1] 110  52
[1] 2119
[1] 110  55
[1] 2120
[1] 110  47
[1] 2121
[1] 110  29
[1] 2122
[1] 110  34
[1] 2123
[1] 110  61
[1] 2124
[1] 110  41
[1] 2125
[1] 110  75
[1] 2126
[1] 110  57
[1] 2127
[1] 110  64
[1] 2128
[1] 110  67
[1] 2129
[1] 110  38
[1] 2130
[1] 110  26
[1] 2131
[1] 110  33
[1] 2132
[1] 110  44
[1] 2133
[1] 110  62
[1] 2134
[1] 110  53
[1] 2135
[1] 110  88
[1] 2136
[1] 110 122
[1] 2137
[1] 110  82
[1] 2138
[1] 110  39
[1] 2139
[1] 110  45
[1] 2140
[1] 110  43
[1] 2141
[1] 110  39
[1] 2142
[1] 110  47
[1] 2143
[1] 110  36
[1] 2144
[1] 110  32
[1] 2145
[1] 110  32
[1] 2146
[1] 110  44
[1] 2147
[1] 110  18
[1] 2148
[1] 110  19
[1] 2149
[1] 110  19
[1] 2150
[1] 110  22
[1] 2151
[1] 110  36
[1] 2152
[1] 110  58
[1] 2153
[1] 110  57
[1] 2154
[1] 110  47
[1] 2155
[1] 110  61
[1] 2156
[1] 110  33
[1] 2157
[1] 110  37
[1] 2158
[1] 110  25
[1] 2159
[1] 110  40
[1] 2160
[1] 110  38
[1] 2161
[1] 110  37
[1] 2162
[1] 110  41
[1] 2163
[1] 110  31
[1] 2164
[1] 110  34
[1] 2165
[1] 110  46
[1] 2166
[1] 110  52
[1] 2167
[1] 110  49
[1] 2168
[1] 110  64
[1] 2169
[1] 110  57
[1] 2170
[1] 110  82
[1] 2171
[1] 110  58
[1] 2172
[1] 110  99
[1] 2173
[1] 110  90
[1] 2174
[1] 110  52
[1] 2175
[1] 110  94
[1] 2176
[1] 110  44
[1] 2177
[1] 110  49
[1] 2178
[1] 110  47
[1] 2179
[1] 110  90
[1] 2180
[1] 110  90
[1] 2181
[1] 110  90
[1] 2182
[1] 110  43
[1] 2183
[1] 110  54
[1] 2184
[1] 110  86
[1] 2185
[1] 110  29
[1] 2186
[1] 110  30
[1] 2187
[1] 110  58
[1] 2188
[1] 110  41
[1] 2189
[1] 110  51
[1] 2190
[1] 110  26
[1] 2191
[1] 110  70
[1] 2192
[1] 110 110
[1] 2193
[1] 110  53
[1] 2194
[1] 110  53
[1] 2195
[1] 110  51
[1] 2196
[1] 110  51
[1] 2197
[1] 110  36
[1] 2198
[1] 110  44
[1] 2199
[1] 110  37
[1] 2200
[1] 110  25
