[1] 4801
[1] 110  51
[1] 4802
[1] 110  65
[1] 4803
[1] 110  70
[1] 4804
[1] 110  55
[1] 4805
[1] 110  70
[1] 4806
[1] 110  59
[1] 4807
[1] 110  44
[1] 4808
[1] 110  36
[1] 4809
[1] 110  75
[1] 4810
[1] 110  37
[1] 4811
[1] 110  66
[1] 4812
[1] 110  42
[1] 4813
[1] 110  42
[1] 4814
[1] 110  68
[1] 4815
[1] 110  60
[1] 4816
[1] 110  35
[1] 4817
[1] 110  53
[1] 4818
[1] 110  65
[1] 4819
[1] 110  38
[1] 4820
[1] 110  58
[1] 4821
[1] 110  60
[1] 4822
[1] 110  74
[1] 4823
[1] 110  63
[1] 4824
[1] 110  70
[1] 4825
[1] 110  64
[1] 4826
[1] 110 101
[1] 4827
[1] 110  36
[1] 4828
[1] 110 207
[1] 4829
[1] 110 202
[1] 4830
[1] 110  49
[1] 4831
[1] 110 206
[1] 4832
[1] 110  49
[1] 4833
[1] 110 202
[1] 4834
[1] 110  67
[1] 4835
[1] 110  57
[1] 4836
[1] 110  46
[1] 4837
[1] 110  61
[1] 4838
[1] 110  52
[1] 4839
[1] 110  35
[1] 4840
[1] 110  19
[1] 4841
[1] 110  32
[1] 4842
[1] 110  46
[1] 4843
[1] 110  33
[1] 4844
[1] 110  60
[1] 4845
[1] 110  39
[1] 4846
[1] 110  18
[1] 4847
[1] 110  36
[1] 4848
[1] 110  39
[1] 4849
[1] 110  84
[1] 4850
[1] 110  47
[1] 4851
[1] 110  54
[1] 4852
[1] 110  40
[1] 4853
[1] 110  61
[1] 4854
[1] 110  87
[1] 4855
[1] 110  43
[1] 4856
[1] 110  35
[1] 4857
[1] 110  38
[1] 4858
[1] 110  60
[1] 4859
[1] 110  19
[1] 4860
[1] 110  44
[1] 4861
[1] 110  20
[1] 4862
[1] 110  71
[1] 4863
[1] 110  58
[1] 4864
[1] 110  56
[1] 4865
[1] 110  11
[1] 4866
[1] 110  32
[1] 4867
[1] 110  47
[1] 4868
[1] 110  37
[1] 4869
[1] 110  37
[1] 4870
[1] 110  23
[1] 4871
[1] 110  54
[1] 4872
[1] 110  25
[1] 4873
[1] 110  39
[1] 4874
[1] 110   7
[1] 4875
[1] 110  25
[1] 4876
[1] 110  30
[1] 4877
[1] 110  38
[1] 4878
[1] 110  25
[1] 4879
[1] 110  42
[1] 4880
[1] 110  31
[1] 4881
[1] 110  88
[1] 4882
[1] 110  62
[1] 4883
[1] 110  56
[1] 4884
[1] 110  41
[1] 4885
[1] 110 107
[1] 4886
[1] 110  47
[1] 4887
[1] 110  41
[1] 4888
[1] 110  59
[1] 4889
[1] 110  26
[1] 4890
[1] 110  37
[1] 4891
[1] 110  38
[1] 4892
[1] 110  38
[1] 4893
[1] 110  62
[1] 4894
[1] 110  26
[1] 4895
[1] 110  25
[1] 4896
[1] 110  27
[1] 4897
[1] 110  44
[1] 4898
[1] 110  23
[1] 4899
[1] 110  37
[1] 4900
[1] 110  24
