[1] 2401
[1] 110  42
[1] 2402
[1] 110  90
[1] 2403
[1] 110  29
[1] 2404
[1] 110  29
[1] 2405
[1] 110  27
[1] 2406
[1] 110  26
[1] 2407
[1] 110  30
[1] 2408
[1] 110  37
[1] 2409
[1] 110  45
[1] 2410
[1] 110  18
[1] 2411
[1] 110  14
[1] 2412
[1] 110  28
[1] 2413
[1] 110  40
[1] 2414
[1] 110  43
[1] 2415
[1] 110  32
[1] 2416
[1] 110  29
[1] 2417
[1] 110  18
[1] 2418
[1] 110  71
[1] 2419
[1] 110  45
[1] 2420
[1] 110  30
[1] 2421
[1] 110  43
[1] 2422
[1] 110  34
[1] 2423
[1] 110  61
[1] 2424
[1] 110  47
[1] 2425
[1] 110  74
[1] 2426
[1] 110  70
[1] 2427
[1] 110  55
[1] 2428
[1] 110  18
[1] 2429
[1] 110  40
[1] 2430
[1] 110  49
[1] 2431
[1] 110  37
[1] 2432
[1] 110  58
[1] 2433
[1] 110  62
[1] 2434
[1] 110  66
[1] 2435
[1] 110  49
[1] 2436
[1] 110  62
[1] 2437
[1] 110  43
[1] 2438
[1] 110  57
[1] 2439
[1] 110  40
[1] 2440
[1] 110  28
[1] 2441
[1] 110  21
[1] 2442
[1] 110  52
[1] 2443
[1] 110  39
[1] 2444
[1] 110  52
[1] 2445
[1] 110  76
[1] 2446
[1] 110  51
[1] 2447
[1] 110  65
[1] 2448
[1] 110  54
[1] 2449
[1] 110 102
[1] 2450
[1] 110  36
[1] 2451
[1] 110  51
[1] 2452
[1] 110  73
[1] 2453
[1] 110  71
[1] 2454
[1] 110  70
[1] 2455
[1] 110  49
[1] 2456
[1] 110  46
[1] 2457
[1] 110  83
[1] 2458
[1] 110  26
[1] 2459
[1] 110  26
[1] 2460
[1] 110  54
[1] 2461
[1] 110  63
[1] 2462
[1] 110  83
[1] 2463
[1] 110  50
[1] 2464
[1] 110  59
[1] 2465
[1] 110  40
[1] 2466
[1] 110  37
[1] 2467
[1] 110  21
[1] 2468
[1] 110  28
[1] 2469
[1] 110  67
[1] 2470
[1] 110  79
[1] 2471
[1] 110  37
[1] 2472
[1] 110  71
[1] 2473
[1] 110  35
[1] 2474
[1] 110  85
[1] 2475
[1] 110  47
[1] 2476
[1] 110  75
[1] 2477
[1] 110  52
[1] 2478
[1] 110  56
[1] 2479
[1] 110  54
[1] 2480
[1] 110  59
[1] 2481
[1] 110  76
[1] 2482
[1] 110  37
[1] 2483
[1] 110  11
[1] 2484
[1] 110  14
[1] 2485
[1] 110  51
[1] 2486
[1] 110  72
[1] 2487
[1] 110  57
[1] 2488
[1] 110  58
[1] 2489
[1] 110  45
[1] 2490
[1] 110  48
[1] 2491
[1] 110  35
[1] 2492
[1] 110  51
[1] 2493
[1] 110  71
[1] 2494
[1] 110  60
[1] 2495
[1] 110  75
[1] 2496
[1] 110  66
[1] 2497
[1] 110  62
[1] 2498
[1] 110  28
[1] 2499
[1] 110  34
[1] 2500
[1] 110  40
