[1] 5101
[1] 110  97
[1] 5102
[1] 110  49
[1] 5103
[1] 110  58
[1] 5104
[1] 110  62
[1] 5105
[1] 110  57
[1] 5106
[1] 110  65
[1] 5107
[1] 110  92
[1] 5108
[1] 110  81
[1] 5109
[1] 110  70
[1] 5110
[1] 110  30
[1] 5111
[1] 110  38
[1] 5112
[1] 110  61
[1] 5113
[1] 110  50
[1] 5114
[1] 110  23
[1] 5115
[1] 110  61
[1] 5116
[1] 110  62
[1] 5117
[1] 110  49
[1] 5118
[1] 110  58
[1] 5119
[1] 110  62
[1] 5120
[1] 110  54
[1] 5121
[1] 110  54
[1] 5122
[1] 110  40
[1] 5123
[1] 110  42
[1] 5124
[1] 110  46
[1] 5125
[1] 110  15
[1] 5126
[1] 110  66
[1] 5127
[1] 110  29
[1] 5128
[1] 110  17
[1] 5129
[1] 110  24
[1] 5130
[1] 110  50
[1] 5131
[1] 110  50
[1] 5132
[1] 110  54
[1] 5133
[1] 110  58
[1] 5134
[1] 110  65
[1] 5135
[1] 110  34
[1] 5136
[1] 110  19
[1] 5137
[1] 110  34
[1] 5138
[1] 110  26
[1] 5139
[1] 110  42
[1] 5140
[1] 110  45
[1] 5141
[1] 110  22
[1] 5142
[1] 110  61
[1] 5143
[1] 110  57
[1] 5144
[1] 110  18
[1] 5145
[1] 110  17
[1] 5146
[1] 110  51
[1] 5147
[1] 110  65
[1] 5148
[1] 110  95
[1] 5149
[1] 110  27
[1] 5150
[1] 110  31
[1] 5151
[1] 110  42
[1] 5152
[1] 110  25
[1] 5153
[1] 110  62
[1] 5154
[1] 110  58
[1] 5155
[1] 110  35
[1] 5156
[1] 110  36
[1] 5157
[1] 110  72
[1] 5158
[1] 110  59
[1] 5159
[1] 110  61
[1] 5160
[1] 110  79
[1] 5161
[1] 110  61
[1] 5162
[1] 110  37
[1] 5163
[1] 110  71
[1] 5164
[1] 110  61
[1] 5165
[1] 110  64
[1] 5166
[1] 110 116
[1] 5167
[1] 110  55
[1] 5168
[1] 110  71
[1] 5169
[1] 110  67
[1] 5170
[1] 110  41
[1] 5171
[1] 110  52
[1] 5172
[1] 110  50
[1] 5173
[1] 110  61
[1] 5174
[1] 110  52
[1] 5175
[1] 110  45
[1] 5176
[1] 110  46
[1] 5177
[1] 110  45
[1] 5178
[1] 110  27
[1] 5179
[1] 110 109
[1] 5180
[1] 110  21
[1] 5181
[1] 110  15
[1] 5182
[1] 110  53
[1] 5183
[1] 110  15
[1] 5184
[1] 110  46
[1] 5185
[1] 110  53
[1] 5186
[1] 110  55
[1] 5187
[1] 110  37
[1] 5188
[1] 110  49
[1] 5189
[1] 110  75
[1] 5190
[1] 110  78
[1] 5191
[1] 110  83
[1] 5192
[1] 110  97
[1] 5193
[1] 110 113
[1] 5194
[1] 110  33
[1] 5195
[1] 110  60
[1] 5196
[1] 110  14
[1] 5197
[1] 110  62
[1] 5198
[1] 110 114
[1] 5199
[1] 110 355
[1] 5200
[1] 110 131
