[1] 6801
[1] 110  30
[1] 6802
[1] 110  29
[1] 6803
[1] 110  32
[1] 6804
[1] 110  42
[1] 6805
[1] 110  43
[1] 6806
[1] 110  34
[1] 6807
[1] 110  64
[1] 6808
[1] 110  53
[1] 6809
[1] 110  41
[1] 6810
[1] 110  69
[1] 6811
[1] 110  47
[1] 6812
[1] 110  27
[1] 6813
[1] 110  31
[1] 6814
[1] 110  52
[1] 6815
[1] 110  37
[1] 6816
[1] 110  73
[1] 6817
[1] 110  52
[1] 6818
[1] 110  43
[1] 6819
[1] 110  37
[1] 6820
[1] 110  36
[1] 6821
[1] 110  37
[1] 6822
[1] 110  54
[1] 6823
[1] 110  55
[1] 6824
[1] 110  47
[1] 6825
[1] 110  67
[1] 6826
[1] 110  72
[1] 6827
[1] 110  50
[1] 6828
[1] 110  35
[1] 6829
[1] 110  72
[1] 6830
[1] 110  45
[1] 6831
[1] 110   0
[1] 6832
[1] 110  54
[1] 6833
[1] 110  52
[1] 6834
[1] 110  58
[1] 6835
[1] 110  53
[1] 6836
[1] 110  65
[1] 6837
[1] 110  61
[1] 6838
[1] 110  35
[1] 6839
[1] 110  44
[1] 6840
[1] 110  43
[1] 6841
[1] 110  39
[1] 6842
[1] 110  47
[1] 6843
[1] 110  46
[1] 6844
[1] 110  42
[1] 6845
[1] 110  43
[1] 6846
[1] 110  27
[1] 6847
[1] 110  28
[1] 6848
[1] 110  26
[1] 6849
[1] 110  32
[1] 6850
[1] 110  53
[1] 6851
[1] 110  45
[1] 6852
[1] 110  57
[1] 6853
[1] 110  28
[1] 6854
[1] 110  39
[1] 6855
[1] 110  29
[1] 6856
[1] 110  34
[1] 6857
[1] 110  37
[1] 6858
[1] 110  31
[1] 6859
[1] 110  60
[1] 6860
[1] 110  50
[1] 6861
[1] 110  23
[1] 6862
[1] 110  48
[1] 6863
[1] 110  23
[1] 6864
[1] 110  49
[1] 6865
[1] 110  15
[1] 6866
[1] 110  21
[1] 6867
[1] 110  39
[1] 6868
[1] 110  61
[1] 6869
[1] 110  10
[1] 6870
[1] 110  27
[1] 6871
[1] 110  65
[1] 6872
[1] 110  67
[1] 6873
[1] 110  37
[1] 6874
[1] 110  37
[1] 6875
[1] 110  36
[1] 6876
[1] 110  63
[1] 6877
[1] 110  53
[1] 6878
[1] 110  52
[1] 6879
[1] 110  36
[1] 6880
[1] 110  75
[1] 6881
[1] 110  43
[1] 6882
[1] 110  39
[1] 6883
[1] 110  39
[1] 6884
[1] 110  31
[1] 6885
[1] 110  36
[1] 6886
[1] 110  48
[1] 6887
[1] 110  26
[1] 6888
[1] 110  62
[1] 6889
[1] 110  66
[1] 6890
[1] 110  44
[1] 6891
[1] 110  42
[1] 6892
[1] 110  31
[1] 6893
[1] 110  49
[1] 6894
[1] 110  51
[1] 6895
[1] 110  53
[1] 6896
[1] 110  73
[1] 6897
[1] 110  52
[1] 6898
[1] 110  57
[1] 6899
[1] 110  60
[1] 6900
[1] 110  15
