[1] 1101
[1] 110  51
[1] 1102
[1] 110  18
[1] 1103
[1] 110  15
[1] 1104
[1] 110  17
[1] 1105
[1] 110  15
[1] 1106
[1] 110  65
[1] 1107
[1] 110  31
[1] 1108
[1] 110  57
[1] 1109
[1] 110  69
[1] 1110
[1] 110  36
[1] 1111
[1] 110  42
[1] 1112
[1] 110  36
[1] 1113
[1] 110  44
[1] 1114
[1] 110  46
[1] 1115
[1] 110  46
[1] 1116
[1] 110  47
[1] 1117
[1] 110  24
[1] 1118
[1] 110  48
[1] 1119
[1] 110  26
[1] 1120
[1] 110  99
[1] 1121
[1] 110  60
[1] 1122
[1] 110  69
[1] 1123
[1] 110  44
[1] 1124
[1] 110  39
[1] 1125
[1] 110  25
[1] 1126
[1] 110  32
[1] 1127
[1] 110  72
[1] 1128
[1] 110  66
[1] 1129
[1] 110  48
[1] 1130
[1] 110  23
[1] 1131
[1] 110  75
[1] 1132
[1] 110  56
[1] 1133
[1] 110  69
[1] 1134
[1] 110  81
[1] 1135
[1] 110  55
[1] 1136
[1] 110  58
[1] 1137
[1] 110  64
[1] 1138
[1] 110  57
[1] 1139
[1] 110  69
[1] 1140
[1] 110  36
[1] 1141
[1] 110  30
[1] 1142
[1] 110  35
[1] 1143
[1] 110  30
[1] 1144
[1] 110  84
[1] 1145
[1] 110  29
[1] 1146
[1] 110  36
[1] 1147
[1] 110  75
[1] 1148
[1] 110  63
[1] 1149
[1] 110  55
[1] 1150
[1] 110  33
[1] 1151
[1] 110  41
[1] 1152
[1] 110  40
[1] 1153
[1] 110  50
[1] 1154
[1] 110  46
[1] 1155
[1] 110  69
[1] 1156
[1] 110  32
[1] 1157
[1] 110  38
[1] 1158
[1] 110  74
[1] 1159
[1] 110  63
[1] 1160
[1] 110  58
[1] 1161
[1] 110  61
[1] 1162
[1] 110  69
[1] 1163
[1] 110  57
[1] 1164
[1] 110  37
[1] 1165
[1] 110  55
[1] 1166
[1] 110  28
[1] 1167
[1] 110  59
[1] 1168
[1] 110  35
[1] 1169
[1] 110  42
[1] 1170
[1] 110  37
[1] 1171
[1] 110  67
[1] 1172
[1] 110  42
[1] 1173
[1] 110  53
[1] 1174
[1] 110  49
[1] 1175
[1] 110  26
[1] 1176
[1] 110  26
[1] 1177
[1] 110  29
[1] 1178
[1] 110  73
[1] 1179
[1] 110  58
[1] 1180
[1] 110  13
[1] 1181
[1] 110  59
[1] 1182
[1] 110  16
[1] 1183
[1] 110 102
[1] 1184
[1] 110  79
[1] 1185
[1] 110  31
[1] 1186
[1] 110  69
[1] 1187
[1] 110  90
[1] 1188
[1] 110  70
[1] 1189
[1] 110  74
[1] 1190
[1] 110  84
[1] 1191
[1] 110  65
[1] 1192
[1] 110  75
[1] 1193
[1] 110  37
[1] 1194
[1] 110  38
[1] 1195
[1] 110  42
[1] 1196
[1] 110  81
[1] 1197
[1] 110  13
[1] 1198
[1] 110  18
[1] 1199
[1] 110  52
[1] 1200
[1] 110  49
