[1] 2001
[1] 110  74
[1] 2002
[1] 110  49
[1] 2003
[1] 110  55
[1] 2004
[1] 110  44
[1] 2005
[1] 110  61
[1] 2006
[1] 110  47
[1] 2007
[1] 110  53
[1] 2008
[1] 110  48
[1] 2009
[1] 110  46
[1] 2010
[1] 110  28
[1] 2011
[1] 110  38
[1] 2012
[1] 110  44
[1] 2013
[1] 110  48
[1] 2014
[1] 110  55
[1] 2015
[1] 110  56
[1] 2016
[1] 110  31
[1] 2017
[1] 110  56
[1] 2018
[1] 110  31
[1] 2019
[1] 110  41
[1] 2020
[1] 110  66
[1] 2021
[1] 110  37
[1] 2022
[1] 110  53
[1] 2023
[1] 110  65
[1] 2024
[1] 110  47
[1] 2025
[1] 110  66
[1] 2026
[1] 110  28
[1] 2027
[1] 110  49
[1] 2028
[1] 110  62
[1] 2029
[1] 110  27
[1] 2030
[1] 110  47
[1] 2031
[1] 110  44
[1] 2032
[1] 110  57
[1] 2033
[1] 110  54
[1] 2034
[1] 110  50
[1] 2035
[1] 110  23
[1] 2036
[1] 110  53
[1] 2037
[1] 110  68
[1] 2038
[1] 110  71
[1] 2039
[1] 110  61
[1] 2040
[1] 110  58
[1] 2041
[1] 110  40
[1] 2042
[1] 110  15
[1] 2043
[1] 110  31
[1] 2044
[1] 110  77
[1] 2045
[1] 110  10
[1] 2046
[1] 110  67
[1] 2047
[1] 110  75
[1] 2048
[1] 110  73
[1] 2049
[1] 110  81
[1] 2050
[1] 110  76
[1] 2051
[1] 110  80
[1] 2052
[1] 110  81
[1] 2053
[1] 110  61
[1] 2054
[1] 110  74
[1] 2055
[1] 110  58
[1] 2056
[1] 110  42
[1] 2057
[1] 110  78
[1] 2058
[1] 110  81
[1] 2059
[1] 110  43
[1] 2060
[1] 110  76
[1] 2061
[1] 110  68
[1] 2062
[1] 110  30
[1] 2063
[1] 110  30
[1] 2064
[1] 110  25
[1] 2065
[1] 110  22
[1] 2066
[1] 110  24
[1] 2067
[1] 110  59
[1] 2068
[1] 110  58
[1] 2069
[1] 110  56
[1] 2070
[1] 110  77
[1] 2071
[1] 110  74
[1] 2072
[1] 110  55
[1] 2073
[1] 110  65
[1] 2074
[1] 110  47
[1] 2075
[1] 110  39
[1] 2076
[1] 110  40
[1] 2077
[1] 110  38
[1] 2078
[1] 110  69
[1] 2079
[1] 110  71
[1] 2080
[1] 110  46
[1] 2081
[1] 110  81
[1] 2082
[1] 110  79
[1] 2083
[1] 110  46
[1] 2084
[1] 110  45
[1] 2085
[1] 110  27
[1] 2086
[1] 110  73
[1] 2087
[1] 110  42
[1] 2088
[1] 110  38
[1] 2089
[1] 110   9
[1] 2090
[1] 110  38
[1] 2091
[1] 110  12
[1] 2092
[1] 110  70
[1] 2093
[1] 110  36
[1] 2094
[1] 110  57
[1] 2095
[1] 110  65
[1] 2096
[1] 110  79
[1] 2097
[1] 110  49
[1] 2098
[1] 110  45
[1] 2099
[1] 110  22
[1] 2100
[1] 110  32
