[1] 7401
[1] 110  43
[1] 7402
[1] 110  46
[1] 7403
[1] 110  17
[1] 7404
[1] 110  40
[1] 7405
[1] 110  17
[1] 7406
[1] 110  27
[1] 7407
[1] 110  35
[1] 7408
[1] 110  37
[1] 7409
[1] 110  37
[1] 7410
[1] 110  56
[1] 7411
[1] 110  35
[1] 7412
[1] 110  86
[1] 7413
[1] 110  76
[1] 7414
[1] 110  86
[1] 7415
[1] 110  56
[1] 7416
[1] 110  26
[1] 7417
[1] 110  16
[1] 7418
[1] 110  61
[1] 7419
[1] 110  40
[1] 7420
[1] 110 101
[1] 7421
[1] 110  78
[1] 7422
[1] 110  75
[1] 7423
[1] 110  47
[1] 7424
[1] 110  54
[1] 7425
[1] 110   9
[1] 7426
[1] 110  57
[1] 7427
[1] 110   8
[1] 7428
[1] 110  52
[1] 7429
[1] 110  50
[1] 7430
[1] 110  57
[1] 7431
[1] 110  36
[1] 7432
[1] 110  36
[1] 7433
[1] 110  52
[1] 7434
[1] 110  17
[1] 7435
[1] 110  23
[1] 7436
[1] 110  29
[1] 7437
[1] 110  12
[1] 7438
[1] 110  65
[1] 7439
[1] 110  57
[1] 7440
[1] 110  40
[1] 7441
[1] 110  49
[1] 7442
[1] 110  26
[1] 7443
[1] 110 162
[1] 7444
[1] 110  31
[1] 7445
[1] 110  38
[1] 7446
[1] 110  26
[1] 7447
[1] 110  32
[1] 7448
[1] 110  43
[1] 7449
[1] 110  32
[1] 7450
[1] 110  41
[1] 7451
[1] 110  34
[1] 7452
[1] 110  33
[1] 7453
[1] 110  37
[1] 7454
[1] 110  33
[1] 7455
[1] 110  65
[1] 7456
[1] 110  32
[1] 7457
[1] 110  18
[1] 7458
[1] 110  30
[1] 7459
[1] 110  21
[1] 7460
[1] 110  19
[1] 7461
[1] 110  35
[1] 7462
[1] 110  63
[1] 7463
[1] 110  38
[1] 7464
[1] 110  52
[1] 7465
[1] 110  21
[1] 7466
[1] 110  51
[1] 7467
[1] 110  21
[1] 7468
[1] 110  66
[1] 7469
[1] 110  62
[1] 7470
[1] 110  29
[1] 7471
[1] 110  48
[1] 7472
[1] 110  53
[1] 7473
[1] 110  38
[1] 7474
[1] 110  37
[1] 7475
[1] 110  32
[1] 7476
[1] 110  20
[1] 7477
[1] 110  55
[1] 7478
[1] 110  54
[1] 7479
[1] 110  61
[1] 7480
[1] 110  45
[1] 7481
[1] 110  13
[1] 7482
[1] 110  34
[1] 7483
[1] 110  52
[1] 7484
[1] 110  38
[1] 7485
[1] 110  58
[1] 7486
[1] 110  36
[1] 7487
[1] 110  33
[1] 7488
[1] 110  33
[1] 7489
[1] 110  31
[1] 7490
[1] 110  31
[1] 7491
[1] 110  29
[1] 7492
[1] 110  39
[1] 7493
[1] 110  17
[1] 7494
[1] 110  21
[1] 7495
[1] 110  44
[1] 7496
[1] 110  40
[1] 7497
[1] 110  54
[1] 7498
[1] 110  60
[1] 7499
[1] 110  31
[1] 7500
[1] 110  50
