[1] 5901
[1] 110  33
[1] 5902
[1] 110  43
[1] 5903
[1] 110  26
[1] 5904
[1] 110  61
[1] 5905
[1] 110  80
[1] 5906
[1] 110  15
[1] 5907
[1] 110  38
[1] 5908
[1] 110  71
[1] 5909
[1] 110  16
[1] 5910
[1] 110  23
[1] 5911
[1] 110  15
[1] 5912
[1] 110  68
[1] 5913
[1] 110  23
[1] 5914
[1] 110  63
[1] 5915
[1] 110   7
[1] 5916
[1] 110  12
[1] 5917
[1] 110  23
[1] 5918
[1] 110  41
[1] 5919
[1] 110  51
[1] 5920
[1] 110  49
[1] 5921
[1] 110  45
[1] 5922
[1] 110  31
[1] 5923
[1] 110  45
[1] 5924
[1] 110  43
[1] 5925
[1] 110  18
[1] 5926
[1] 110  70
[1] 5927
[1] 110  72
[1] 5928
[1] 110  49
[1] 5929
[1] 110  49
[1] 5930
[1] 110  34
[1] 5931
[1] 110  40
[1] 5932
[1] 110  34
[1] 5933
[1] 110  34
[1] 5934
[1] 110  37
[1] 5935
[1] 110  21
[1] 5936
[1] 110  21
[1] 5937
[1] 110  22
[1] 5938
[1] 110  22
[1] 5939
[1] 110  22
[1] 5940
[1] 110  22
[1] 5941
[1] 110  22
[1] 5942
[1] 110  23
[1] 5943
[1] 110  50
[1] 5944
[1] 110  84
[1] 5945
[1] 110  55
[1] 5946
[1] 110  36
[1] 5947
[1] 110  68
[1] 5948
[1] 110  41
[1] 5949
[1] 110  39
[1] 5950
[1] 110  65
[1] 5951
[1] 110  72
[1] 5952
[1] 110  48
[1] 5953
[1] 110  72
[1] 5954
[1] 110  70
[1] 5955
[1] 110  65
[1] 5956
[1] 110  52
[1] 5957
[1] 110  52
[1] 5958
[1] 110  42
[1] 5959
[1] 110  64
[1] 5960
[1] 110  50
[1] 5961
[1] 110  75
[1] 5962
[1] 110 187
[1] 5963
[1] 110  84
[1] 5964
[1] 110  50
[1] 5965
[1] 110  42
[1] 5966
[1] 110  55
[1] 5967
[1] 110  61
[1] 5968
[1] 110 168
[1] 5969
[1] 110  29
[1] 5970
[1] 110  25
[1] 5971
[1] 110  24
[1] 5972
[1] 110  24
[1] 5973
[1] 110  37
[1] 5974
[1] 110  29
[1] 5975
[1] 110  60
[1] 5976
[1] 110  99
[1] 5977
[1] 110  60
[1] 5978
[1] 110  22
[1] 5979
[1] 110  26
[1] 5980
[1] 110  70
[1] 5981
[1] 110  71
[1] 5982
[1] 110  44
[1] 5983
[1] 110  45
[1] 5984
[1] 110  37
[1] 5985
[1] 110  24
[1] 5986
[1] 110  55
[1] 5987
[1] 110  39
[1] 5988
[1] 110  26
[1] 5989
[1] 110  61
[1] 5990
[1] 110 137
[1] 5991
[1] 110  34
[1] 5992
[1] 110  39
[1] 5993
[1] 110  31
[1] 5994
[1] 110  30
[1] 5995
[1] 110  54
[1] 5996
[1] 110 131
[1] 5997
[1] 110  80
[1] 5998
[1] 110  69
[1] 5999
[1] 110  26
[1] 6000
[1] 110  43
