[1] 10301
[1] 110  65
[1] 10302
[1] 110  65
[1] 10303
[1] 110  55
[1] 10304
[1] 110  25
[1] 10305
[1] 110  15
[1] 10306
[1] 110  37
[1] 10307
[1] 110  21
[1] 10308
[1] 110  11
[1] 10309
[1] 110  68
[1] 10310
[1] 110  14
[1] 10311
[1] 110  36
[1] 10312
[1] 110  32
[1] 10313
[1] 110  23
[1] 10314
[1] 110 112
[1] 10315
[1] 110  43
[1] 10316
[1] 110  21
[1] 10317
[1] 110  52
[1] 10318
[1] 110  64
[1] 10319
[1] 110  35
[1] 10320
[1] 110  26
[1] 10321
[1] 110  24
[1] 10322
[1] 110  58
[1] 10323
[1] 110  26
[1] 10324
[1] 110  69
[1] 10325
[1] 110  73
[1] 10326
[1] 110  62
[1] 10327
[1] 110  17
[1] 10328
[1] 110  21
[1] 10329
[1] 110  78
[1] 10330
[1] 110  49
[1] 10331
[1] 110  70
[1] 10332
[1] 110  57
[1] 10333
[1] 110  30
[1] 10334
[1] 110  67
[1] 10335
[1] 110  69
[1] 10336
[1] 110  26
[1] 10337
[1] 110  46
[1] 10338
[1] 110  31
[1] 10339
[1] 110  21
[1] 10340
[1] 110  38
[1] 10341
[1] 110  88
[1] 10342
[1] 110  34
[1] 10343
[1] 110  49
[1] 10344
[1] 110  11
[1] 10345
[1] 110  57
[1] 10346
[1] 110  79
[1] 10347
[1] 110  39
[1] 10348
[1] 110  30
[1] 10349
[1] 110  29
[1] 10350
[1] 110  40
[1] 10351
[1] 110  82
[1] 10352
[1] 110  29
[1] 10353
[1] 110  68
[1] 10354
[1] 110  56
[1] 10355
[1] 110  16
[1] 10356
[1] 110  34
[1] 10357
[1] 110  50
[1] 10358
[1] 110  29
[1] 10359
[1] 110   3
[1] 10360
[1] 110  58
[1] 10361
[1] 110  46
[1] 10362
[1] 110  37
[1] 10363
[1] 110  69
[1] 10364
[1] 110  27
[1] 10365
[1] 110  27
[1] 10366
[1] 110  57
[1] 10367
[1] 110  49
[1] 10368
[1] 110  54
[1] 10369
[1] 110  73
[1] 10370
[1] 110  47
[1] 10371
[1] 110  67
[1] 10372
[1] 110  19
[1] 10373
[1] 110  49
[1] 10374
[1] 110  16
[1] 10375
[1] 110 113
[1] 10376
[1] 110  34
[1] 10377
[1] 110  21
[1] 10378
[1] 110  41
[1] 10379
[1] 110  49
[1] 10380
[1] 110  28
[1] 10381
[1] 110  45
[1] 10382
[1] 110  27
[1] 10383
[1] 110  63
[1] 10384
[1] 110  24
[1] 10385
[1] 110  51
[1] 10386
[1] 110 120
[1] 10387
[1] 110  15
[1] 10388
[1] 110  43
[1] 10389
[1] 110  53
[1] 10390
[1] 110  58
[1] 10391
[1] 110  70
[1] 10392
[1] 110  35
[1] 10393
[1] 110  42
[1] 10394
[1] 110  33
[1] 10395
[1] 110  46
[1] 10396
[1] 110  50
[1] 10397
[1] 110  55
[1] 10398
[1] 110  61
[1] 10399
[1] 110  53
[1] 10400
[1] 110  17
