[1] 5601
[1] 110  58
[1] 5602
[1] 110  90
[1] 5603
[1] 110 127
[1] 5604
[1] 110  79
[1] 5605
[1] 110 119
[1] 5606
[1] 110  51
[1] 5607
[1] 110  45
[1] 5608
[1] 110  14
[1] 5609
[1] 110  52
[1] 5610
[1] 110  29
[1] 5611
[1] 110  43
[1] 5612
[1] 110  59
[1] 5613
[1] 110  50
[1] 5614
[1] 110  46
[1] 5615
[1] 110  42
[1] 5616
[1] 110  39
[1] 5617
[1] 110  70
[1] 5618
[1] 110  20
[1] 5619
[1] 110  89
[1] 5620
[1] 110  53
[1] 5621
[1] 110  64
[1] 5622
[1] 110  53
[1] 5623
[1] 110  38
[1] 5624
[1] 110  63
[1] 5625
[1] 110  60
[1] 5626
[1] 110  39
[1] 5627
[1] 110  57
[1] 5628
[1] 110  16
[1] 5629
[1] 110  57
[1] 5630
[1] 110  55
[1] 5631
[1] 110  80
[1] 5632
[1] 110  66
[1] 5633
[1] 110  60
[1] 5634
[1] 110  70
[1] 5635
[1] 110 105
[1] 5636
[1] 110  38
[1] 5637
[1] 110  62
[1] 5638
[1] 110  54
[1] 5639
[1] 110  50
[1] 5640
[1] 110  36
[1] 5641
[1] 110  59
[1] 5642
[1] 110  69
[1] 5643
[1] 110  65
[1] 5644
[1] 110  64
[1] 5645
[1] 110 110
[1] 5646
[1] 110  61
[1] 5647
[1] 110  23
[1] 5648
[1] 110  19
[1] 5649
[1] 110  24
[1] 5650
[1] 110  34
[1] 5651
[1] 110  39
[1] 5652
[1] 110   1
[1] 5653
[1] 110  40
[1] 5654
[1] 110  45
[1] 5655
[1] 110  51
[1] 5656
[1] 110  44
[1] 5657
[1] 110  99
[1] 5658
[1] 110  65
[1] 5659
[1] 110  46
[1] 5660
[1] 110  30
[1] 5661
[1] 110  70
[1] 5662
[1] 110  43
[1] 5663
[1] 110  46
[1] 5664
[1] 110  53
[1] 5665
[1] 110  40
[1] 5666
[1] 110  58
[1] 5667
[1] 110  63
[1] 5668
[1] 110  29
[1] 5669
[1] 110  56
[1] 5670
[1] 110  87
[1] 5671
[1] 110  56
[1] 5672
[1] 110  53
[1] 5673
[1] 110  51
[1] 5674
[1] 110  55
[1] 5675
[1] 110  54
[1] 5676
[1] 110  83
[1] 5677
[1] 110 156
[1] 5678
[1] 110  63
[1] 5679
[1] 110  60
[1] 5680
[1] 110 115
[1] 5681
[1] 110 147
[1] 5682
[1] 110  26
[1] 5683
[1] 110  35
[1] 5684
[1] 110  31
[1] 5685
[1] 110  37
[1] 5686
[1] 110  39
[1] 5687
[1] 110  62
[1] 5688
[1] 110  61
[1] 5689
[1] 110  43
[1] 5690
[1] 110  48
[1] 5691
[1] 110  36
[1] 5692
[1] 110  34
[1] 5693
[1] 110  55
[1] 5694
[1] 110  34
[1] 5695
[1] 110  38
[1] 5696
[1] 110  61
[1] 5697
[1] 110  26
[1] 5698
[1] 110  31
[1] 5699
[1] 110  39
[1] 5700
[1] 110  29
