[1] 8101
[1] 110   1
[1] 8102
[1] 110  66
[1] 8103
[1] 110  40
[1] 8104
[1] 110  17
[1] 8105
[1] 110  79
[1] 8106
[1] 110  57
[1] 8107
[1] 110  42
[1] 8108
[1] 110  19
[1] 8109
[1] 110  41
[1] 8110
[1] 110  78
[1] 8111
[1] 110  59
[1] 8112
[1] 110  55
[1] 8113
[1] 110  57
[1] 8114
[1] 110  56
[1] 8115
[1] 110  15
[1] 8116
[1] 110  13
[1] 8117
[1] 110  28
[1] 8118
[1] 110  37
[1] 8119
[1] 110 291
[1] 8120
[1] 110  43
[1] 8121
[1] 110  62
[1] 8122
[1] 110  43
[1] 8123
[1] 110  86
[1] 8124
[1] 110  78
[1] 8125
[1] 110  44
[1] 8126
[1] 110  62
[1] 8127
[1] 110  64
[1] 8128
[1] 110  58
[1] 8129
[1] 110  46
[1] 8130
[1] 110  62
[1] 8131
[1] 110  75
[1] 8132
[1] 110  46
[1] 8133
[1] 110  69
[1] 8134
[1] 110  43
[1] 8135
[1] 110  59
[1] 8136
[1] 110  61
[1] 8137
[1] 110  23
[1] 8138
[1] 110  82
[1] 8139
[1] 110  43
[1] 8140
[1] 110  82
[1] 8141
[1] 110  32
[1] 8142
[1] 110  38
[1] 8143
[1] 110  59
[1] 8144
[1] 110  45
[1] 8145
[1] 110  68
[1] 8146
[1] 110  31
[1] 8147
[1] 110 117
[1] 8148
[1] 110  26
[1] 8149
[1] 110  58
[1] 8150
[1] 110  34
[1] 8151
[1] 110  25
[1] 8152
[1] 110  49
[1] 8153
[1] 110  40
[1] 8154
[1] 110  12
[1] 8155
[1] 110  36
[1] 8156
[1] 110  22
[1] 8157
[1] 110  38
[1] 8158
[1] 110  33
[1] 8159
[1] 110  37
[1] 8160
[1] 110  69
[1] 8161
[1] 110  49
[1] 8162
[1] 110  34
[1] 8163
[1] 110  51
[1] 8164
[1] 110  49
[1] 8165
[1] 110  36
[1] 8166
[1] 110  68
[1] 8167
[1] 110  26
[1] 8168
[1] 110  44
[1] 8169
[1] 110  45
[1] 8170
[1] 110  67
[1] 8171
[1] 110  33
[1] 8172
[1] 110  16
[1] 8173
[1] 110  16
[1] 8174
[1] 110  17
[1] 8175
[1] 110  41
[1] 8176
[1] 110  42
[1] 8177
[1] 110  49
[1] 8178
[1] 110  17
[1] 8179
[1] 110  51
[1] 8180
[1] 110  48
[1] 8181
[1] 110  50
[1] 8182
[1] 110 111
[1] 8183
[1] 110  45
[1] 8184
[1] 110  16
[1] 8185
[1] 110  38
[1] 8186
[1] 110  44
[1] 8187
[1] 110  87
[1] 8188
[1] 110  45
[1] 8189
[1] 110  53
[1] 8190
[1] 110  15
[1] 8191
[1] 110  44
[1] 8192
[1] 110  33
[1] 8193
[1] 110  19
[1] 8194
[1] 110  31
[1] 8195
[1] 110  31
[1] 8196
[1] 110  31
[1] 8197
[1] 110  55
[1] 8198
[1] 110  19
[1] 8199
[1] 110  25
[1] 8200
[1] 110  67
