[1] 1301
[1] 110  66
[1] 1302
[1] 110  69
[1] 1303
[1] 110  47
[1] 1304
[1] 110  55
[1] 1305
[1] 110  68
[1] 1306
[1] 110  38
[1] 1307
[1] 110  42
[1] 1308
[1] 110  16
[1] 1309
[1] 110  28
[1] 1310
[1] 110  46
[1] 1311
[1] 110  73
[1] 1312
[1] 110  62
[1] 1313
[1] 110  21
[1] 1314
[1] 110  18
[1] 1315
[1] 110   9
[1] 1316
[1] 110  46
[1] 1317
[1] 110  48
[1] 1318
[1] 110  67
[1] 1319
[1] 110  81
[1] 1320
[1] 110  63
[1] 1321
[1] 110  77
[1] 1322
[1] 110  55
[1] 1323
[1] 110  79
[1] 1324
[1] 110  73
[1] 1325
[1] 110  40
[1] 1326
[1] 110  38
[1] 1327
[1] 110  54
[1] 1328
[1] 110  54
[1] 1329
[1] 110  48
[1] 1330
[1] 110  20
[1] 1331
[1] 110  27
[1] 1332
[1] 110  29
[1] 1333
[1] 110  35
[1] 1334
[1] 110  40
[1] 1335
[1] 110  61
[1] 1336
[1] 110  63
[1] 1337
[1] 110  30
[1] 1338
[1] 110  29
[1] 1339
[1] 110  29
[1] 1340
[1] 110  45
[1] 1341
[1] 110  31
[1] 1342
[1] 110  37
[1] 1343
[1] 110  41
[1] 1344
[1] 110  57
[1] 1345
[1] 110  65
[1] 1346
[1] 110  87
[1] 1347
[1] 110  46
[1] 1348
[1] 110  31
[1] 1349
[1] 110  45
[1] 1350
[1] 110  57
[1] 1351
[1] 110  74
[1] 1352
[1] 110  73
[1] 1353
[1] 110  71
[1] 1354
[1] 110  85
[1] 1355
[1] 110  29
[1] 1356
[1] 110  64
[1] 1357
[1] 110  53
[1] 1358
[1] 110  86
[1] 1359
[1] 110  50
[1] 1360
[1] 110  46
[1] 1361
[1] 110  53
[1] 1362
[1] 110  48
[1] 1363
[1] 110  56
[1] 1364
[1] 110  85
[1] 1365
[1] 110  61
[1] 1366
[1] 110  75
[1] 1367
[1] 110  32
[1] 1368
[1] 110  64
[1] 1369
[1] 110  18
[1] 1370
[1] 110  51
[1] 1371
[1] 110  70
[1] 1372
[1] 110  73
[1] 1373
[1] 110  44
[1] 1374
[1] 110  33
[1] 1375
[1] 110  62
[1] 1376
[1] 110 142
[1] 1377
[1] 110  40
[1] 1378
[1] 110  29
[1] 1379
[1] 110  74
[1] 1380
[1] 110  60
[1] 1381
[1] 110  90
[1] 1382
[1] 110  40
[1] 1383
[1] 110  85
[1] 1384
[1] 110  73
[1] 1385
[1] 110  27
[1] 1386
[1] 110  79
[1] 1387
[1] 110  27
[1] 1388
[1] 110  69
[1] 1389
[1] 110  82
[1] 1390
[1] 110  42
[1] 1391
[1] 110  39
[1] 1392
[1] 110  22
[1] 1393
[1] 110  25
[1] 1394
[1] 110  60
[1] 1395
[1] 110  57
[1] 1396
[1] 110  60
[1] 1397
[1] 110  58
[1] 1398
[1] 110  56
[1] 1399
[1] 110  66
[1] 1400
[1] 110  70
