[1] 7001
[1] 110  65
[1] 7002
[1] 110  59
[1] 7003
[1] 110  63
[1] 7004
[1] 110  62
[1] 7005
[1] 110  61
[1] 7006
[1] 110  67
[1] 7007
[1] 110  32
[1] 7008
[1] 110  47
[1] 7009
[1] 110  40
[1] 7010
[1] 110  37
[1] 7011
[1] 110  83
[1] 7012
[1] 110  70
[1] 7013
[1] 110  22
[1] 7014
[1] 110  37
[1] 7015
[1] 110  38
[1] 7016
[1] 110  38
[1] 7017
[1] 110  50
[1] 7018
[1] 110  36
[1] 7019
[1] 110  41
[1] 7020
[1] 110  59
[1] 7021
[1] 110  77
[1] 7022
[1] 110  25
[1] 7023
[1] 110  60
[1] 7024
[1] 110  37
[1] 7025
[1] 110  41
[1] 7026
[1] 110  46
[1] 7027
[1] 110  46
[1] 7028
[1] 110  53
[1] 7029
[1] 110  38
[1] 7030
[1] 110  42
[1] 7031
[1] 110  46
[1] 7032
[1] 110  42
[1] 7033
[1] 110  23
[1] 7034
[1] 110  53
[1] 7035
[1] 110  41
[1] 7036
[1] 110  41
[1] 7037
[1] 110  21
[1] 7038
[1] 110  20
[1] 7039
[1] 110  31
[1] 7040
[1] 110  19
[1] 7041
[1] 110  20
[1] 7042
[1] 110  20
[1] 7043
[1] 110  20
[1] 7044
[1] 110  23
[1] 7045
[1] 110  25
[1] 7046
[1] 110  44
[1] 7047
[1] 110  25
[1] 7048
[1] 110  19
[1] 7049
[1] 110  27
[1] 7050
[1] 110  18
[1] 7051
[1] 110  16
[1] 7052
[1] 110  18
[1] 7053
[1] 110  29
[1] 7054
[1] 110  30
[1] 7055
[1] 110  15
[1] 7056
[1] 110  13
[1] 7057
[1] 110  12
[1] 7058
[1] 110  18
[1] 7059
[1] 110  23
[1] 7060
[1] 110  17
[1] 7061
[1] 110  21
[1] 7062
[1] 110  53
[1] 7063
[1] 110  47
[1] 7064
[1] 110  30
[1] 7065
[1] 110  30
[1] 7066
[1] 110  40
[1] 7067
[1] 110  67
[1] 7068
[1] 110  51
[1] 7069
[1] 110  57
[1] 7070
[1] 110  66
[1] 7071
[1] 110  41
[1] 7072
[1] 110  44
[1] 7073
[1] 110  56
[1] 7074
[1] 110  70
[1] 7075
[1] 110  31
[1] 7076
[1] 110  24
[1] 7077
[1] 110  30
[1] 7078
[1] 110  47
[1] 7079
[1] 110  27
[1] 7080
[1] 110  26
[1] 7081
[1] 110  72
[1] 7082
[1] 110  68
[1] 7083
[1] 110  24
[1] 7084
[1] 110  33
[1] 7085
[1] 110  32
[1] 7086
[1] 110  41
[1] 7087
[1] 110  94
[1] 7088
[1] 110  16
[1] 7089
[1] 110  45
[1] 7090
[1] 110  43
[1] 7091
[1] 110  41
[1] 7092
[1] 110  58
[1] 7093
[1] 110  28
[1] 7094
[1] 110  36
[1] 7095
[1] 110  70
[1] 7096
[1] 110  58
[1] 7097
[1] 110  83
[1] 7098
[1] 110  52
[1] 7099
[1] 110  60
[1] 7100
[1] 110  56
