[1] 2901
[1] 110  29
[1] 2902
[1] 110  25
[1] 2903
[1] 110  90
[1] 2904
[1] 110  25
[1] 2905
[1] 110  47
[1] 2906
[1] 110  44
[1] 2907
[1] 110  17
[1] 2908
[1] 110  16
[1] 2909
[1] 110  18
[1] 2910
[1] 110  20
[1] 2911
[1] 110  42
[1] 2912
[1] 110  17
[1] 2913
[1] 110  48
[1] 2914
[1] 110  71
[1] 2915
[1] 110  18
[1] 2916
[1] 110  74
[1] 2917
[1] 110  18
[1] 2918
[1] 110  21
[1] 2919
[1] 110  22
[1] 2920
[1] 110  58
[1] 2921
[1] 110  58
[1] 2922
[1] 110  84
[1] 2923
[1] 110  68
[1] 2924
[1] 110  48
[1] 2925
[1] 110  27
[1] 2926
[1] 110  60
[1] 2927
[1] 110  34
[1] 2928
[1] 110  61
[1] 2929
[1] 110  43
[1] 2930
[1] 110  53
[1] 2931
[1] 110  48
[1] 2932
[1] 110  60
[1] 2933
[1] 110  31
[1] 2934
[1] 110  49
[1] 2935
[1] 110  64
[1] 2936
[1] 110  54
[1] 2937
[1] 110  46
[1] 2938
[1] 110  32
[1] 2939
[1] 110  63
[1] 2940
[1] 110  50
[1] 2941
[1] 110  20
[1] 2942
[1] 110  26
[1] 2943
[1] 110  27
[1] 2944
[1] 110  58
[1] 2945
[1] 110  44
[1] 2946
[1] 110  48
[1] 2947
[1] 110  26
[1] 2948
[1] 110  24
[1] 2949
[1] 110  31
[1] 2950
[1] 110  36
[1] 2951
[1] 110  26
[1] 2952
[1] 110  97
[1] 2953
[1] 110  82
[1] 2954
[1] 110  39
[1] 2955
[1] 110  62
[1] 2956
[1] 110  41
[1] 2957
[1] 110  47
[1] 2958
[1] 110  62
[1] 2959
[1] 110  55
[1] 2960
[1] 110  62
[1] 2961
[1] 110  35
[1] 2962
[1] 110  34
[1] 2963
[1] 110  79
[1] 2964
[1] 110  85
[1] 2965
[1] 110  69
[1] 2966
[1] 110  43
[1] 2967
[1] 110  87
[1] 2968
[1] 110  34
[1] 2969
[1] 110  28
[1] 2970
[1] 110  42
[1] 2971
[1] 110  53
[1] 2972
[1] 110  50
[1] 2973
[1] 110  52
[1] 2974
[1] 110  30
[1] 2975
[1] 110  60
[1] 2976
[1] 110  99
[1] 2977
[1] 110  38
[1] 2978
[1] 110  45
[1] 2979
[1] 110  53
[1] 2980
[1] 110  32
[1] 2981
[1] 110  43
[1] 2982
[1] 110  37
[1] 2983
[1] 110  50
[1] 2984
[1] 110  68
[1] 2985
[1] 110  31
[1] 2986
[1] 110  37
[1] 2987
[1] 110  24
[1] 2988
[1] 110 108
[1] 2989
[1] 110  43
[1] 2990
[1] 110  48
[1] 2991
[1] 110  47
[1] 2992
[1] 110  40
[1] 2993
[1] 110  40
[1] 2994
[1] 110  84
[1] 2995
[1] 110  40
[1] 2996
[1] 110  37
[1] 2997
[1] 110  44
[1] 2998
[1] 110  59
[1] 2999
[1] 110  19
[1] 3000
[1] 110  62
