[1] 8901
[1] 110  65
[1] 8902
[1] 110   8
[1] 8903
[1] 110  59
[1] 8904
[1] 110  27
[1] 8905
[1] 110  86
[1] 8906
[1] 110  84
[1] 8907
[1] 110  41
[1] 8908
[1] 110  67
[1] 8909
[1] 110  16
[1] 8910
[1] 110  24
[1] 8911
[1] 110  59
[1] 8912
[1] 110  25
[1] 8913
[1] 110  72
[1] 8914
[1] 110  75
[1] 8915
[1] 110  42
[1] 8916
[1] 110  46
[1] 8917
[1] 110  38
[1] 8918
[1] 110  49
[1] 8919
[1] 110  38
[1] 8920
[1] 110  32
[1] 8921
[1] 110  50
[1] 8922
[1] 110  57
[1] 8923
[1] 110 103
[1] 8924
[1] 110  58
[1] 8925
[1] 110  35
[1] 8926
[1] 110  28
[1] 8927
[1] 110  57
[1] 8928
[1] 110  65
[1] 8929
[1] 110  48
[1] 8930
[1] 110  25
[1] 8931
[1] 110  65
[1] 8932
[1] 110  69
[1] 8933
[1] 110  25
[1] 8934
[1] 110 160
[1] 8935
[1] 110  23
[1] 8936
[1] 110  58
[1] 8937
[1] 110 186
[1] 8938
[1] 110  57
[1] 8939
[1] 110  56
[1] 8940
[1] 110  53
[1] 8941
[1] 110  33
[1] 8942
[1] 110  63
[1] 8943
[1] 110  20
[1] 8944
[1] 110   9
[1] 8945
[1] 110  13
[1] 8946
[1] 110  43
[1] 8947
[1] 110  68
[1] 8948
[1] 110  48
[1] 8949
[1] 110   8
[1] 8950
[1] 110  71
[1] 8951
[1] 110  19
[1] 8952
[1] 110  32
[1] 8953
[1] 110  43
[1] 8954
[1] 110  49
[1] 8955
[1] 110  70
[1] 8956
[1] 110  44
[1] 8957
[1] 110  45
[1] 8958
[1] 110 152
[1] 8959
[1] 110  39
[1] 8960
[1] 110  49
[1] 8961
[1] 110  13
[1] 8962
[1] 110  94
[1] 8963
[1] 110  71
[1] 8964
[1] 110  55
[1] 8965
[1] 110  32
[1] 8966
[1] 110  64
[1] 8967
[1] 110  63
[1] 8968
[1] 110  83
[1] 8969
[1] 110  64
[1] 8970
[1] 110  42
[1] 8971
[1] 110 151
[1] 8972
[1] 110   1
[1] 8973
[1] 110  65
[1] 8974
[1] 110  48
[1] 8975
[1] 110  29
[1] 8976
[1] 110 182
[1] 8977
[1] 110  82
[1] 8978
[1] 110  32
[1] 8979
[1] 110  61
[1] 8980
[1] 110  47
[1] 8981
[1] 110  47
[1] 8982
[1] 110  97
[1] 8983
[1] 110  40
[1] 8984
[1] 110  36
[1] 8985
[1] 110  65
[1] 8986
[1] 110  73
[1] 8987
[1] 110  38
[1] 8988
[1] 110  17
[1] 8989
[1] 110  45
[1] 8990
[1] 110  64
[1] 8991
[1] 110  36
[1] 8992
[1] 110  18
[1] 8993
[1] 110  52
[1] 8994
[1] 110  48
[1] 8995
[1] 110  38
[1] 8996
[1] 110  60
[1] 8997
[1] 110  86
[1] 8998
[1] 110  10
[1] 8999
[1] 110  48
[1] 9000
[1] 110  59
