[1] 201
[1] 110  23
[1] 202
[1] 110  23
[1] 203
[1] 110  37
[1] 204
[1] 110  42
[1] 205
[1] 110  58
[1] 206
[1] 110  63
[1] 207
[1] 110  56
[1] 208
[1] 110  62
[1] 209
[1] 110  27
[1] 210
[1] 110  42
[1] 211
[1] 110  41
[1] 212
[1] 110  66
[1] 213
[1] 110  38
[1] 214
[1] 110  22
[1] 215
[1] 110  50
[1] 216
[1] 110  59
[1] 217
[1] 110  55
[1] 218
[1] 110  25
[1] 219
[1] 110  25
[1] 220
[1] 110  55
[1] 221
[1] 110  66
[1] 222
[1] 110  21
[1] 223
[1] 110  51
[1] 224
[1] 110  12
[1] 225
[1] 110  38
[1] 226
[1] 110  55
[1] 227
[1] 110  36
[1] 228
[1] 110  32
[1] 229
[1] 110  77
[1] 230
[1] 110  36
[1] 231
[1] 110  75
[1] 232
[1] 110  40
[1] 233
[1] 110  51
[1] 234
[1] 110  56
[1] 235
[1] 110  66
[1] 236
[1] 110  34
[1] 237
[1] 110  29
[1] 238
[1] 110  50
[1] 239
[1] 110  45
[1] 240
[1] 110   7
[1] 241
[1] 110  75
[1] 242
[1] 110  32
[1] 243
[1] 110  62
[1] 244
[1] 110  23
[1] 245
[1] 110  89
[1] 246
[1] 110  21
[1] 247
[1] 110  83
[1] 248
[1] 110  75
[1] 249
[1] 110  61
[1] 250
[1] 110  67
[1] 251
[1] 110  84
[1] 252
[1] 110  38
[1] 253
[1] 110  34
[1] 254
[1] 110  39
[1] 255
[1] 110  66
[1] 256
[1] 110  43
[1] 257
[1] 110  55
[1] 258
[1] 110  26
[1] 259
[1] 110  17
[1] 260
[1] 110  18
[1] 261
[1] 110  48
[1] 262
[1] 110  39
[1] 263
[1] 110  26
[1] 264
[1] 110  38
[1] 265
[1] 110  18
[1] 266
[1] 110  61
[1] 267
[1] 110  44
[1] 268
[1] 110  53
[1] 269
[1] 110  46
[1] 270
[1] 110  55
[1] 271
[1] 110  59
[1] 272
[1] 110  36
[1] 273
[1] 110  29
[1] 274
[1] 110  38
[1] 275
[1] 110  37
[1] 276
[1] 110  76
[1] 277
[1] 110  36
[1] 278
[1] 110  57
[1] 279
[1] 110  12
[1] 280
[1] 110  63
[1] 281
[1] 110  67
[1] 282
[1] 110  75
[1] 283
[1] 110  49
[1] 284
[1] 110  76
[1] 285
[1] 110 134
[1] 286
[1] 110  69
[1] 287
[1] 110  57
[1] 288
[1] 110  38
[1] 289
[1] 110  47
[1] 290
[1] 110  60
[1] 291
[1] 110  48
[1] 292
[1] 110  24
[1] 293
[1] 110  45
[1] 294
[1] 110  63
[1] 295
[1] 110  16
[1] 296
[1] 110  36
[1] 297
[1] 110  63
[1] 298
[1] 110  75
[1] 299
[1] 110  30
[1] 300
[1] 110  95
