[1] 501
[1] 110  51
[1] 502
[1] 110  78
[1] 503
[1] 110  30
[1] 504
[1] 110  82
[1] 505
[1] 110  62
[1] 506
[1] 110  61
[1] 507
[1] 110 102
[1] 508
[1] 110  28
[1] 509
[1] 110  20
[1] 510
[1] 110  40
[1] 511
[1] 110  14
[1] 512
[1] 110  61
[1] 513
[1] 110  50
[1] 514
[1] 110  33
[1] 515
[1] 110  34
[1] 516
[1] 110  36
[1] 517
[1] 110  59
[1] 518
[1] 110  72
[1] 519
[1] 110  54
[1] 520
[1] 110  51
[1] 521
[1] 110  84
[1] 522
[1] 110  43
[1] 523
[1] 110  46
[1] 524
[1] 110  55
[1] 525
[1] 110  59
[1] 526
[1] 110  57
[1] 527
[1] 110  45
[1] 528
[1] 110  68
[1] 529
[1] 110  38
[1] 530
[1] 110  67
[1] 531
[1] 110  23
[1] 532
[1] 110  52
[1] 533
[1] 110  43
[1] 534
[1] 110  48
[1] 535
[1] 110  33
[1] 536
[1] 110  82
[1] 537
[1] 110  39
[1] 538
[1] 110  77
[1] 539
[1] 110  62
[1] 540
[1] 110  67
[1] 541
[1] 110  30
[1] 542
[1] 110  34
[1] 543
[1] 110  77
[1] 544
[1] 110  64
[1] 545
[1] 110  45
[1] 546
[1] 110  45
[1] 547
[1] 110  34
[1] 548
[1] 110  51
[1] 549
[1] 110  32
[1] 550
[1] 110  31
[1] 551
[1] 110  42
[1] 552
[1] 110  57
[1] 553
[1] 110  54
[1] 554
[1] 110  29
[1] 555
[1] 110   4
[1] 556
[1] 110  55
[1] 557
[1] 110  64
[1] 558
[1] 110  75
[1] 559
[1] 110  66
[1] 560
[1] 110  74
[1] 561
[1] 110  58
[1] 562
[1] 110  72
[1] 563
[1] 110  78
[1] 564
[1] 110  46
[1] 565
[1] 110  80
[1] 566
[1] 110  76
[1] 567
[1] 110  65
[1] 568
[1] 110  57
[1] 569
[1] 110  70
[1] 570
[1] 110  52
[1] 571
[1] 110  50
[1] 572
[1] 110  56
[1] 573
[1] 110  50
[1] 574
[1] 110  53
[1] 575
[1] 110  51
[1] 576
[1] 110  56
[1] 577
[1] 110  28
[1] 578
[1] 110  32
[1] 579
[1] 110  36
[1] 580
[1] 110  56
[1] 581
[1] 110  40
[1] 582
[1] 110  47
[1] 583
[1] 110  62
[1] 584
[1] 110  71
[1] 585
[1] 110  71
[1] 586
[1] 110  63
[1] 587
[1] 110  39
[1] 588
[1] 110  75
[1] 589
[1] 110  27
[1] 590
[1] 110  62
[1] 591
[1] 110  31
[1] 592
[1] 110  41
[1] 593
[1] 110  76
[1] 594
[1] 110  38
[1] 595
[1] 110  65
[1] 596
[1] 110  63
[1] 597
[1] 110  39
[1] 598
[1] 110  49
[1] 599
[1] 110  62
[1] 600
[1] 110  80
