[1] 1201
[1] 110  44
[1] 1202
[1] 110  82
[1] 1203
[1] 110  40
[1] 1204
[1] 110  48
[1] 1205
[1] 110  60
[1] 1206
[1] 110  44
[1] 1207
[1] 110  83
[1] 1208
[1] 110  36
[1] 1209
[1] 110  29
[1] 1210
[1] 110  32
[1] 1211
[1] 110  31
[1] 1212
[1] 110 131
[1] 1213
[1] 110  84
[1] 1214
[1] 110  45
[1] 1215
[1] 110  18
[1] 1216
[1] 110  13
[1] 1217
[1] 110  40
[1] 1218
[1] 110  78
[1] 1219
[1] 110  36
[1] 1220
[1] 110  71
[1] 1221
[1] 110  37
[1] 1222
[1] 110  26
[1] 1223
[1] 110  36
[1] 1224
[1] 110  51
[1] 1225
[1] 110  51
[1] 1226
[1] 110  80
[1] 1227
[1] 110  41
[1] 1228
[1] 110  43
[1] 1229
[1] 110  60
[1] 1230
[1] 110  40
[1] 1231
[1] 110  81
[1] 1232
[1] 110  60
[1] 1233
[1] 110  50
[1] 1234
[1] 110  26
[1] 1235
[1] 110  30
[1] 1236
[1] 110  55
[1] 1237
[1] 110  55
[1] 1238
[1] 110  16
[1] 1239
[1] 110  20
[1] 1240
[1] 110  27
[1] 1241
[1] 110  24
[1] 1242
[1] 110  22
[1] 1243
[1] 110  47
[1] 1244
[1] 110  47
[1] 1245
[1] 110  78
[1] 1246
[1] 110  50
[1] 1247
[1] 110  36
[1] 1248
[1] 110  30
[1] 1249
[1] 110  75
[1] 1250
[1] 110  89
[1] 1251
[1] 110  46
[1] 1252
[1] 110  66
[1] 1253
[1] 110  73
[1] 1254
[1] 110  16
[1] 1255
[1] 110  52
[1] 1256
[1] 110  38
[1] 1257
[1] 110  75
[1] 1258
[1] 110  61
[1] 1259
[1] 110  73
[1] 1260
[1] 110  16
[1] 1261
[1] 110  10
[1] 1262
[1] 110  57
[1] 1263
[1] 110  53
[1] 1264
[1] 110  46
[1] 1265
[1] 110  55
[1] 1266
[1] 110  54
[1] 1267
[1] 110  51
[1] 1268
[1] 110  37
[1] 1269
[1] 110  50
[1] 1270
[1] 110  40
[1] 1271
[1] 110  38
[1] 1272
[1] 110  53
[1] 1273
[1] 110  46
[1] 1274
[1] 110  66
[1] 1275
[1] 110  39
[1] 1276
[1] 110  62
[1] 1277
[1] 110  71
[1] 1278
[1] 110  67
[1] 1279
[1] 110  77
[1] 1280
[1] 110  57
[1] 1281
[1] 110  42
[1] 1282
[1] 110  92
[1] 1283
[1] 110  64
[1] 1284
[1] 110  10
[1] 1285
[1] 110  41
[1] 1286
[1] 110  74
[1] 1287
[1] 110  94
[1] 1288
[1] 110  34
[1] 1289
[1] 110  45
[1] 1290
[1] 110  48
[1] 1291
[1] 110  45
[1] 1292
[1] 110  65
[1] 1293
[1] 110  69
[1] 1294
[1] 110 116
[1] 1295
[1] 110  65
[1] 1296
[1] 110  48
[1] 1297
[1] 110  38
[1] 1298
[1] 110  35
[1] 1299
[1] 110  40
[1] 1300
[1] 110  60
