[1] 5501
[1] 110  52
[1] 5502
[1] 110  35
[1] 5503
[1] 110  38
[1] 5504
[1] 110  57
[1] 5505
[1] 110  42
[1] 5506
[1] 110  19
[1] 5507
[1] 110  15
[1] 5508
[1] 110  21
[1] 5509
[1] 110  17
[1] 5510
[1] 110  36
[1] 5511
[1] 110  53
[1] 5512
[1] 110  32
[1] 5513
[1] 110  74
[1] 5514
[1] 110  34
[1] 5515
[1] 110  51
[1] 5516
[1] 110   5
[1] 5517
[1] 110   5
[1] 5518
[1] 110  45
[1] 5519
[1] 110  40
[1] 5520
[1] 110  29
[1] 5521
[1] 110  30
[1] 5522
[1] 110  44
[1] 5523
[1] 110  32
[1] 5524
[1] 110  14
[1] 5525
[1] 110  20
[1] 5526
[1] 110  68
[1] 5527
[1] 110  28
[1] 5528
[1] 110  38
[1] 5529
[1] 110  38
[1] 5530
[1] 110  94
[1] 5531
[1] 110  63
[1] 5532
[1] 110  35
[1] 5533
[1] 110  59
[1] 5534
[1] 110  55
[1] 5535
[1] 110  41
[1] 5536
[1] 110  51
[1] 5537
[1] 110  40
[1] 5538
[1] 110  24
[1] 5539
[1] 110  23
[1] 5540
[1] 110  40
[1] 5541
[1] 110  23
[1] 5542
[1] 110  25
[1] 5543
[1] 110  27
[1] 5544
[1] 110 104
[1] 5545
[1] 110 167
[1] 5546
[1] 110  63
[1] 5547
[1] 110  47
[1] 5548
[1] 110  47
[1] 5549
[1] 110  81
[1] 5550
[1] 110  27
[1] 5551
[1] 110  50
[1] 5552
[1] 110  70
[1] 5553
[1] 110  73
[1] 5554
[1] 110  77
[1] 5555
[1] 110  53
[1] 5556
[1] 110  39
[1] 5557
[1] 110  27
[1] 5558
[1] 110  28
[1] 5559
[1] 110  55
[1] 5560
[1] 110  45
[1] 5561
[1] 110  46
[1] 5562
[1] 110  61
[1] 5563
[1] 110 150
[1] 5564
[1] 110 101
[1] 5565
[1] 110  47
[1] 5566
[1] 110  37
[1] 5567
[1] 110  50
[1] 5568
[1] 110  46
[1] 5569
[1] 110  40
[1] 5570
[1] 110  58
[1] 5571
[1] 110 123
[1] 5572
[1] 110  53
[1] 5573
[1] 110  48
[1] 5574
[1] 110  60
[1] 5575
[1] 110  51
[1] 5576
[1] 110  55
[1] 5577
[1] 110  50
[1] 5578
[1] 110  52
[1] 5579
[1] 110  54
[1] 5580
[1] 110  20
[1] 5581
[1] 110  53
[1] 5582
[1] 110  52
[1] 5583
[1] 110  87
[1] 5584
[1] 110  71
[1] 5585
[1] 110  73
[1] 5586
[1] 110  33
[1] 5587
[1] 110  47
[1] 5588
[1] 110  74
[1] 5589
[1] 110  91
[1] 5590
[1] 110  49
[1] 5591
[1] 110  32
[1] 5592
[1] 110  40
[1] 5593
[1] 110 117
[1] 5594
[1] 110  67
[1] 5595
[1] 110  39
[1] 5596
[1] 110  20
[1] 5597
[1] 110  21
[1] 5598
[1] 110  20
[1] 5599
[1] 110   9
[1] 5600
[1] 110   8
