[1] 6901
[1] 110  53
[1] 6902
[1] 110  64
[1] 6903
[1] 110  52
[1] 6904
[1] 110  57
[1] 6905
[1] 110  19
[1] 6906
[1] 110  61
[1] 6907
[1] 110  58
[1] 6908
[1] 110  29
[1] 6909
[1] 110  44
[1] 6910
[1] 110  41
[1] 6911
[1] 110  63
[1] 6912
[1] 110  57
[1] 6913
[1] 110  84
[1] 6914
[1] 110  31
[1] 6915
[1] 110  38
[1] 6916
[1] 110  47
[1] 6917
[1] 110  50
[1] 6918
[1] 110  22
[1] 6919
[1] 110  25
[1] 6920
[1] 110  25
[1] 6921
[1] 110  42
[1] 6922
[1] 110  43
[1] 6923
[1] 110  55
[1] 6924
[1] 110  61
[1] 6925
[1] 110  31
[1] 6926
[1] 110  44
[1] 6927
[1] 110  60
[1] 6928
[1] 110  79
[1] 6929
[1] 110  47
[1] 6930
[1] 110  56
[1] 6931
[1] 110  59
[1] 6932
[1] 110  42
[1] 6933
[1] 110  70
[1] 6934
[1] 110  70
[1] 6935
[1] 110  48
[1] 6936
[1] 110  38
[1] 6937
[1] 110  36
[1] 6938
[1] 110  54
[1] 6939
[1] 110  43
[1] 6940
[1] 110  73
[1] 6941
[1] 110  40
[1] 6942
[1] 110  40
[1] 6943
[1] 110  49
[1] 6944
[1] 110  21
[1] 6945
[1] 110  55
[1] 6946
[1] 110  70
[1] 6947
[1] 110  68
[1] 6948
[1] 110  48
[1] 6949
[1] 110  43
[1] 6950
[1] 110  33
[1] 6951
[1] 110  42
[1] 6952
[1] 110  40
[1] 6953
[1] 110  49
[1] 6954
[1] 110  66
[1] 6955
[1] 110  51
[1] 6956
[1] 110  86
[1] 6957
[1] 110  54
[1] 6958
[1] 110  41
[1] 6959
[1] 110  38
[1] 6960
[1] 110  38
[1] 6961
[1] 110  46
[1] 6962
[1] 110  42
[1] 6963
[1] 110  50
[1] 6964
[1] 110  58
[1] 6965
[1] 110  51
[1] 6966
[1] 110  53
[1] 6967
[1] 110  44
[1] 6968
[1] 110  90
[1] 6969
[1] 110 104
[1] 6970
[1] 110  37
[1] 6971
[1] 110  39
[1] 6972
[1] 110  41
[1] 6973
[1] 110  48
[1] 6974
[1] 110  56
[1] 6975
[1] 110  35
[1] 6976
[1] 110  25
[1] 6977
[1] 110  23
[1] 6978
[1] 110  42
[1] 6979
[1] 110  46
[1] 6980
[1] 110  57
[1] 6981
[1] 110  54
[1] 6982
[1] 110  56
[1] 6983
[1] 110  58
[1] 6984
[1] 110  67
[1] 6985
[1] 110  76
[1] 6986
[1] 110  36
[1] 6987
[1] 110  26
[1] 6988
[1] 110  31
[1] 6989
[1] 110  26
[1] 6990
[1] 110  37
[1] 6991
[1] 110  69
[1] 6992
[1] 110  47
[1] 6993
[1] 110  63
[1] 6994
[1] 110  53
[1] 6995
[1] 110  71
[1] 6996
[1] 110  15
[1] 6997
[1] 110  62
[1] 6998
[1] 110  52
[1] 6999
[1] 110  27
[1] 7000
[1] 110  43
