[1] 2801
[1] 110  42
[1] 2802
[1] 110  42
[1] 2803
[1] 110  29
[1] 2804
[1] 110  44
[1] 2805
[1] 110  36
[1] 2806
[1] 110  40
[1] 2807
[1] 110  48
[1] 2808
[1] 110  31
[1] 2809
[1] 110  40
[1] 2810
[1] 110  48
[1] 2811
[1] 110  24
[1] 2812
[1] 110  97
[1] 2813
[1] 110  17
[1] 2814
[1] 110  54
[1] 2815
[1] 110  27
[1] 2816
[1] 110  49
[1] 2817
[1] 110  52
[1] 2818
[1] 110  19
[1] 2819
[1] 110  46
[1] 2820
[1] 110  20
[1] 2821
[1] 110  18
[1] 2822
[1] 110  34
[1] 2823
[1] 110  18
[1] 2824
[1] 110  30
[1] 2825
[1] 110  25
[1] 2826
[1] 110  61
[1] 2827
[1] 110  69
[1] 2828
[1] 110  48
[1] 2829
[1] 110  40
[1] 2830
[1] 110  21
[1] 2831
[1] 110  45
[1] 2832
[1] 110  63
[1] 2833
[1] 110  42
[1] 2834
[1] 110  35
[1] 2835
[1] 110  75
[1] 2836
[1] 110 105
[1] 2837
[1] 110  70
[1] 2838
[1] 110  43
[1] 2839
[1] 110  41
[1] 2840
[1] 110  38
[1] 2841
[1] 110  43
[1] 2842
[1] 110  57
[1] 2843
[1] 110  17
[1] 2844
[1] 110  16
[1] 2845
[1] 110  27
[1] 2846
[1] 110  41
[1] 2847
[1] 110  42
[1] 2848
[1] 110  13
[1] 2849
[1] 110  14
[1] 2850
[1] 110  64
[1] 2851
[1] 110  42
[1] 2852
[1] 110  43
[1] 2853
[1] 110  37
[1] 2854
[1] 110  15
[1] 2855
[1] 110  74
[1] 2856
[1] 110  17
[1] 2857
[1] 110  30
[1] 2858
[1] 110  17
[1] 2859
[1] 110  44
[1] 2860
[1] 110  48
[1] 2861
[1] 110  56
[1] 2862
[1] 110  36
[1] 2863
[1] 110  26
[1] 2864
[1] 110  59
[1] 2865
[1] 110  69
[1] 2866
[1] 110  93
[1] 2867
[1] 110  71
[1] 2868
[1] 110  36
[1] 2869
[1] 110  38
[1] 2870
[1] 110  49
[1] 2871
[1] 110  41
[1] 2872
[1] 110  66
[1] 2873
[1] 110  36
[1] 2874
[1] 110  34
[1] 2875
[1] 110  20
[1] 2876
[1] 110  24
[1] 2877
[1] 110  18
[1] 2878
[1] 110  38
[1] 2879
[1] 110  53
[1] 2880
[1] 110  13
[1] 2881
[1] 110  45
[1] 2882
[1] 110  20
[1] 2883
[1] 110  38
[1] 2884
[1] 110  21
[1] 2885
[1] 110  47
[1] 2886
[1] 110  57
[1] 2887
[1] 110  36
[1] 2888
[1] 110  31
[1] 2889
[1] 110  34
[1] 2890
[1] 110  36
[1] 2891
[1] 110  50
[1] 2892
[1] 110  41
[1] 2893
[1] 110  41
[1] 2894
[1] 110  43
[1] 2895
[1] 110  23
[1] 2896
[1] 110  25
[1] 2897
[1] 110  24
[1] 2898
[1] 110  25
[1] 2899
[1] 110  25
[1] 2900
[1] 110  45
