[1] 3401
[1] 110  36
[1] 3402
[1] 110  39
[1] 3403
[1] 110  40
[1] 3404
[1] 110  32
[1] 3405
[1] 110  53
[1] 3406
[1] 110   8
[1] 3407
[1] 110  65
[1] 3408
[1] 110  43
[1] 3409
[1] 110  47
[1] 3410
[1] 110  48
[1] 3411
[1] 110  45
[1] 3412
[1] 110  36
[1] 3413
[1] 110  29
[1] 3414
[1] 110  34
[1] 3415
[1] 110  22
[1] 3416
[1] 110  70
[1] 3417
[1] 110  60
[1] 3418
[1] 110  49
[1] 3419
[1] 110 140
[1] 3420
[1] 110  41
[1] 3421
[1] 110  72
[1] 3422
[1] 110  45
[1] 3423
[1] 110  37
[1] 3424
[1] 110  68
[1] 3425
[1] 110  30
[1] 3426
[1] 110  65
[1] 3427
[1] 110  58
[1] 3428
[1] 110  61
[1] 3429
[1] 110  50
[1] 3430
[1] 110  32
[1] 3431
[1] 110  32
[1] 3432
[1] 110  46
[1] 3433
[1] 110  43
[1] 3434
[1] 110  56
[1] 3435
[1] 110  41
[1] 3436
[1] 110  22
[1] 3437
[1] 110  49
[1] 3438
[1] 110  38
[1] 3439
[1] 110  35
[1] 3440
[1] 110  33
[1] 3441
[1] 110  75
[1] 3442
[1] 110  26
[1] 3443
[1] 110  58
[1] 3444
[1] 110  39
[1] 3445
[1] 110  45
[1] 3446
[1] 110  45
[1] 3447
[1] 110  19
[1] 3448
[1] 110  14
[1] 3449
[1] 110  23
[1] 3450
[1] 110  20
[1] 3451
[1] 110  35
[1] 3452
[1] 110  57
[1] 3453
[1] 110  50
[1] 3454
[1] 110  21
[1] 3455
[1] 110 128
[1] 3456
[1] 110  57
[1] 3457
[1] 110  47
[1] 3458
[1] 110  46
[1] 3459
[1] 110  46
[1] 3460
[1] 110  42
[1] 3461
[1] 110  39
[1] 3462
[1] 110  34
[1] 3463
[1] 110  41
[1] 3464
[1] 110  54
[1] 3465
[1] 110  55
[1] 3466
[1] 110  54
[1] 3467
[1] 110  74
[1] 3468
[1] 110  34
[1] 3469
[1] 110  68
[1] 3470
[1] 110  69
[1] 3471
[1] 110  35
[1] 3472
[1] 110  42
[1] 3473
[1] 110  65
[1] 3474
[1] 110  56
[1] 3475
[1] 110  54
[1] 3476
[1] 110  62
[1] 3477
[1] 110  26
[1] 3478
[1] 110  57
[1] 3479
[1] 110  56
[1] 3480
[1] 110  54
[1] 3481
[1] 110  29
[1] 3482
[1] 110  56
[1] 3483
[1] 110  27
[1] 3484
[1] 110  50
[1] 3485
[1] 110  53
[1] 3486
[1] 110  30
[1] 3487
[1] 110  16
[1] 3488
[1] 110  51
[1] 3489
[1] 110  77
[1] 3490
[1] 110  26
[1] 3491
[1] 110  31
[1] 3492
[1] 110  60
[1] 3493
[1] 110  80
[1] 3494
[1] 110  35
[1] 3495
[1] 110  55
[1] 3496
[1] 110  36
[1] 3497
[1] 110  35
[1] 3498
[1] 110  65
[1] 3499
[1] 110  77
[1] 3500
[1] 110  60
