[1] 7201
[1] 110  39
[1] 7202
[1] 110  47
[1] 7203
[1] 110  91
[1] 7204
[1] 110  42
[1] 7205
[1] 110 122
[1] 7206
[1] 110  32
[1] 7207
[1] 110  48
[1] 7208
[1] 110  63
[1] 7209
[1] 110  99
[1] 7210
[1] 110  12
[1] 7211
[1] 110  70
[1] 7212
[1] 110  42
[1] 7213
[1] 110  45
[1] 7214
[1] 110  41
[1] 7215
[1] 110  45
[1] 7216
[1] 110  69
[1] 7217
[1] 110  40
[1] 7218
[1] 110  64
[1] 7219
[1] 110  42
[1] 7220
[1] 110  40
[1] 7221
[1] 110  47
[1] 7222
[1] 110  29
[1] 7223
[1] 110  41
[1] 7224
[1] 110  27
[1] 7225
[1] 110  56
[1] 7226
[1] 110  63
[1] 7227
[1] 110  47
[1] 7228
[1] 110  40
[1] 7229
[1] 110  44
[1] 7230
[1] 110  29
[1] 7231
[1] 110  26
[1] 7232
[1] 110  25
[1] 7233
[1] 110  38
[1] 7234
[1] 110  51
[1] 7235
[1] 110  82
[1] 7236
[1] 110  31
[1] 7237
[1] 110  52
[1] 7238
[1] 110  48
[1] 7239
[1] 110  56
[1] 7240
[1] 110  30
[1] 7241
[1] 110  46
[1] 7242
[1] 110  36
[1] 7243
[1] 110  63
[1] 7244
[1] 110  37
[1] 7245
[1] 110  59
[1] 7246
[1] 110  20
[1] 7247
[1] 110  74
[1] 7248
[1] 110  38
[1] 7249
[1] 110  70
[1] 7250
[1] 110  54
[1] 7251
[1] 110  49
[1] 7252
[1] 110  33
[1] 7253
[1] 110  37
[1] 7254
[1] 110  35
[1] 7255
[1] 110  34
[1] 7256
[1] 110  46
[1] 7257
[1] 110  40
[1] 7258
[1] 110  45
[1] 7259
[1] 110  75
[1] 7260
[1] 110  33
[1] 7261
[1] 110  40
[1] 7262
[1] 110  23
[1] 7263
[1] 110  57
[1] 7264
[1] 110  53
[1] 7265
[1] 110  47
[1] 7266
[1] 110  52
[1] 7267
[1] 110  66
[1] 7268
[1] 110  87
[1] 7269
[1] 110  37
[1] 7270
[1] 110  36
[1] 7271
[1] 110  51
[1] 7272
[1] 110  58
[1] 7273
[1] 110  48
[1] 7274
[1] 110  47
[1] 7275
[1] 110  56
[1] 7276
[1] 110  62
[1] 7277
[1] 110  60
[1] 7278
[1] 110  61
[1] 7279
[1] 110  49
[1] 7280
[1] 110  57
[1] 7281
[1] 110  61
[1] 7282
[1] 110  57
[1] 7283
[1] 110  34
[1] 7284
[1] 110  55
[1] 7285
[1] 110  40
[1] 7286
[1] 110  49
[1] 7287
[1] 110  77
[1] 7288
[1] 110 113
[1] 7289
[1] 110  67
[1] 7290
[1] 110  69
[1] 7291
[1] 110  59
[1] 7292
[1] 110  36
[1] 7293
[1] 110  59
[1] 7294
[1] 110  33
[1] 7295
[1] 110  90
[1] 7296
[1] 110  59
[1] 7297
[1] 110  69
[1] 7298
[1] 110  72
[1] 7299
[1] 110  31
[1] 7300
[1] 110  56
