[1] 1401
[1] 110  74
[1] 1402
[1] 110  66
[1] 1403
[1] 110  78
[1] 1404
[1] 110  67
[1] 1405
[1] 110  65
[1] 1406
[1] 110  63
[1] 1407
[1] 110  71
[1] 1408
[1] 110  69
[1] 1409
[1] 110  62
[1] 1410
[1] 110  81
[1] 1411
[1] 110  65
[1] 1412
[1] 110  65
[1] 1413
[1] 110  63
[1] 1414
[1] 110  31
[1] 1415
[1] 110  34
[1] 1416
[1] 110  44
[1] 1417
[1] 110  35
[1] 1418
[1] 110  34
[1] 1419
[1] 110  63
[1] 1420
[1] 110  89
[1] 1421
[1] 110  61
[1] 1422
[1] 110  55
[1] 1423
[1] 110  79
[1] 1424
[1] 110  43
[1] 1425
[1] 110  43
[1] 1426
[1] 110  43
[1] 1427
[1] 110  43
[1] 1428
[1] 110  40
[1] 1429
[1] 110  43
[1] 1430
[1] 110  52
[1] 1431
[1] 110  29
[1] 1432
[1] 110  45
[1] 1433
[1] 110  51
[1] 1434
[1] 110  56
[1] 1435
[1] 110  57
[1] 1436
[1] 110  58
[1] 1437
[1] 110  56
[1] 1438
[1] 110  37
[1] 1439
[1] 110  64
[1] 1440
[1] 110  57
[1] 1441
[1] 110  60
[1] 1442
[1] 110  54
[1] 1443
[1] 110  74
[1] 1444
[1] 110  42
[1] 1445
[1] 110  50
[1] 1446
[1] 110  33
[1] 1447
[1] 110  56
[1] 1448
[1] 110  52
[1] 1449
[1] 110  49
[1] 1450
[1] 110 102
[1] 1451
[1] 110  52
[1] 1452
[1] 110  97
[1] 1453
[1] 110  30
[1] 1454
[1] 110  52
[1] 1455
[1] 110  98
[1] 1456
[1] 110  42
[1] 1457
[1] 110  96
[1] 1458
[1] 110  44
[1] 1459
[1] 110  46
[1] 1460
[1] 110  18
[1] 1461
[1] 110  49
[1] 1462
[1] 110  50
[1] 1463
[1] 110  29
[1] 1464
[1] 110  36
[1] 1465
[1] 110  41
[1] 1466
[1] 110  64
[1] 1467
[1] 110  35
[1] 1468
[1] 110  37
[1] 1469
[1] 110  31
[1] 1470
[1] 110  32
[1] 1471
[1] 110  33
[1] 1472
[1] 110  34
[1] 1473
[1] 110  39
[1] 1474
[1] 110  35
[1] 1475
[1] 110  34
[1] 1476
[1] 110  86
[1] 1477
[1] 110  38
[1] 1478
[1] 110  83
[1] 1479
[1] 110  35
[1] 1480
[1] 110  61
[1] 1481
[1] 110  67
[1] 1482
[1] 110  96
[1] 1483
[1] 110  86
[1] 1484
[1] 110  40
[1] 1485
[1] 110  59
[1] 1486
[1] 110  38
[1] 1487
[1] 110  76
[1] 1488
[1] 110  43
[1] 1489
[1] 110  83
[1] 1490
[1] 110  63
[1] 1491
[1] 110  42
[1] 1492
[1] 110  46
[1] 1493
[1] 110  61
[1] 1494
[1] 110  64
[1] 1495
[1] 110  63
[1] 1496
[1] 110  62
[1] 1497
[1] 110  53
[1] 1498
[1] 110  63
[1] 1499
[1] 110  42
[1] 1500
[1] 110  51
