[1] 6401
[1] 110  56
[1] 6402
[1] 110  46
[1] 6403
[1] 110  10
[1] 6404
[1] 110  21
[1] 6405
[1] 110  22
[1] 6406
[1] 110  58
[1] 6407
[1] 110  54
[1] 6408
[1] 110  65
[1] 6409
[1] 110  55
[1] 6410
[1] 110  59
[1] 6411
[1] 110  48
[1] 6412
[1] 110  75
[1] 6413
[1] 110  44
[1] 6414
[1] 110  59
[1] 6415
[1] 110  40
[1] 6416
[1] 110  62
[1] 6417
[1] 110  72
[1] 6418
[1] 110  88
[1] 6419
[1] 110  55
[1] 6420
[1] 110  59
[1] 6421
[1] 110  74
[1] 6422
[1] 110  30
[1] 6423
[1] 110  60
[1] 6424
[1] 110  94
[1] 6425
[1] 110  17
[1] 6426
[1] 110  41
[1] 6427
[1] 110  33
[1] 6428
[1] 110  56
[1] 6429
[1] 110  52
[1] 6430
[1] 110  58
[1] 6431
[1] 110  56
[1] 6432
[1] 110  54
[1] 6433
[1] 110  74
[1] 6434
[1] 110  31
[1] 6435
[1] 110  57
[1] 6436
[1] 110  39
[1] 6437
[1] 110  43
[1] 6438
[1] 110  47
[1] 6439
[1] 110  61
[1] 6440
[1] 110  51
[1] 6441
[1] 110  52
[1] 6442
[1] 110  64
[1] 6443
[1] 110  54
[1] 6444
[1] 110  24
[1] 6445
[1] 110 112
[1] 6446
[1] 110  25
[1] 6447
[1] 110  49
[1] 6448
[1] 110  81
[1] 6449
[1] 110  47
[1] 6450
[1] 110  89
[1] 6451
[1] 110  18
[1] 6452
[1] 110  68
[1] 6453
[1] 110 111
[1] 6454
[1] 110  35
[1] 6455
[1] 110  67
[1] 6456
[1] 110  11
[1] 6457
[1] 110  20
[1] 6458
[1] 110  27
[1] 6459
[1] 110  38
[1] 6460
[1] 110  36
[1] 6461
[1] 110  31
[1] 6462
[1] 110  17
[1] 6463
[1] 110  18
[1] 6464
[1] 110  25
[1] 6465
[1] 110  21
[1] 6466
[1] 110  90
[1] 6467
[1] 110  61
[1] 6468
[1] 110 103
[1] 6469
[1] 110  61
[1] 6470
[1] 110  28
[1] 6471
[1] 110  60
[1] 6472
[1] 110  15
[1] 6473
[1] 110  26
[1] 6474
[1] 110  25
[1] 6475
[1] 110  55
[1] 6476
[1] 110  39
[1] 6477
[1] 110  55
[1] 6478
[1] 110  47
[1] 6479
[1] 110  20
[1] 6480
[1] 110  84
[1] 6481
[1] 110  79
[1] 6482
[1] 110  41
[1] 6483
[1] 110  77
[1] 6484
[1] 110  20
[1] 6485
[1] 110  52
[1] 6486
[1] 110  66
[1] 6487
[1] 110  73
[1] 6488
[1] 110  56
[1] 6489
[1] 110  74
[1] 6490
[1] 110  72
[1] 6491
[1] 110  73
[1] 6492
[1] 110  65
[1] 6493
[1] 110  56
[1] 6494
[1] 110  59
[1] 6495
[1] 110  61
[1] 6496
[1] 110  61
[1] 6497
[1] 110  52
[1] 6498
[1] 110  51
[1] 6499
[1] 110  65
[1] 6500
[1] 110  43
