[1] 801
[1] 110  63
[1] 802
[1] 110  91
[1] 803
[1] 110  70
[1] 804
[1] 110  45
[1] 805
[1] 110  53
[1] 806
[1] 110  73
[1] 807
[1] 110  65
[1] 808
[1] 110  80
[1] 809
[1] 110  43
[1] 810
[1] 110  47
[1] 811
[1] 110  65
[1] 812
[1] 110  47
[1] 813
[1] 110  41
[1] 814
[1] 110  47
[1] 815
[1] 110  53
[1] 816
[1] 110  73
[1] 817
[1] 110  29
[1] 818
[1] 110  45
[1] 819
[1] 110  57
[1] 820
[1] 110  56
[1] 821
[1] 110  95
[1] 822
[1] 110  55
[1] 823
[1] 110  30
[1] 824
[1] 110  68
[1] 825
[1] 110  52
[1] 826
[1] 110  63
[1] 827
[1] 110  54
[1] 828
[1] 110  31
[1] 829
[1] 110  52
[1] 830
[1] 110  58
[1] 831
[1] 110  42
[1] 832
[1] 110  57
[1] 833
[1] 110  87
[1] 834
[1] 110 103
[1] 835
[1] 110  25
[1] 836
[1] 110  56
[1] 837
[1] 110  37
[1] 838
[1] 110  75
[1] 839
[1] 110  88
[1] 840
[1] 110  30
[1] 841
[1] 110  55
[1] 842
[1] 110  62
[1] 843
[1] 110  51
[1] 844
[1] 110  82
[1] 845
[1] 110  27
[1] 846
[1] 110  58
[1] 847
[1] 110  34
[1] 848
[1] 110  69
[1] 849
[1] 110  34
[1] 850
[1] 110  80
[1] 851
[1] 110  84
[1] 852
[1] 110  77
[1] 853
[1] 110  36
[1] 854
[1] 110  72
[1] 855
[1] 110  22
[1] 856
[1] 110  60
[1] 857
[1] 110 101
[1] 858
[1] 110  55
[1] 859
[1] 110  61
[1] 860
[1] 110  19
[1] 861
[1] 110  40
[1] 862
[1] 110  44
[1] 863
[1] 110 105
[1] 864
[1] 110  34
[1] 865
[1] 110  41
[1] 866
[1] 110  34
[1] 867
[1] 110  38
[1] 868
[1] 110  36
[1] 869
[1] 110  62
[1] 870
[1] 110  45
[1] 871
[1] 110  40
[1] 872
[1] 110  52
[1] 873
[1] 110  53
[1] 874
[1] 110  71
[1] 875
[1] 110  50
[1] 876
[1] 110  30
[1] 877
[1] 110  65
[1] 878
[1] 110  61
[1] 879
[1] 110  40
[1] 880
[1] 110  41
[1] 881
[1] 110  16
[1] 882
[1] 110  40
[1] 883
[1] 110  53
[1] 884
[1] 110  84
[1] 885
[1] 110  22
[1] 886
[1] 110  84
[1] 887
[1] 110  29
[1] 888
[1] 110  24
[1] 889
[1] 110  54
[1] 890
[1] 110  68
[1] 891
[1] 110  26
[1] 892
[1] 110  75
[1] 893
[1] 110  59
[1] 894
[1] 110  31
[1] 895
[1] 110  45
[1] 896
[1] 110  69
[1] 897
[1] 110  70
[1] 898
[1] 110  22
[1] 899
[1] 110  70
[1] 900
[1] 110  72
