[1] 7701
[1] 110  30
[1] 7702
[1] 110  38
[1] 7703
[1] 110  54
[1] 7704
[1] 110   3
[1] 7705
[1] 110  37
[1] 7706
[1] 110  51
[1] 7707
[1] 110  39
[1] 7708
[1] 110  49
[1] 7709
[1] 110  59
[1] 7710
[1] 110  57
[1] 7711
[1] 110  49
[1] 7712
[1] 110  94
[1] 7713
[1] 110  12
[1] 7714
[1] 110  61
[1] 7715
[1] 110  61
[1] 7716
[1] 110  48
[1] 7717
[1] 110  22
[1] 7718
[1] 110  21
[1] 7719
[1] 110  47
[1] 7720
[1] 110  48
[1] 7721
[1] 110  39
[1] 7722
[1] 110  26
[1] 7723
[1] 110  51
[1] 7724
[1] 110  21
[1] 7725
[1] 110  24
[1] 7726
[1] 110  22
[1] 7727
[1] 110  59
[1] 7728
[1] 110  81
[1] 7729
[1] 110  54
[1] 7730
[1] 110  52
[1] 7731
[1] 110  12
[1] 7732
[1] 110  51
[1] 7733
[1] 110  64
[1] 7734
[1] 110  34
[1] 7735
[1] 110  58
[1] 7736
[1] 110  57
[1] 7737
[1] 110  57
[1] 7738
[1] 110  57
[1] 7739
[1] 110  90
[1] 7740
[1] 110  60
[1] 7741
[1] 110  39
[1] 7742
[1] 110  82
[1] 7743
[1] 110  26
[1] 7744
[1] 110  25
[1] 7745
[1] 110  25
[1] 7746
[1] 110  45
[1] 7747
[1] 110 103
[1] 7748
[1] 110  58
[1] 7749
[1] 110  47
[1] 7750
[1] 110  40
[1] 7751
[1] 110  62
[1] 7752
[1] 110  47
[1] 7753
[1] 110  64
[1] 7754
[1] 110  71
[1] 7755
[1] 110  49
[1] 7756
[1] 110  40
[1] 7757
[1] 110  72
[1] 7758
[1] 110  64
[1] 7759
[1] 110  58
[1] 7760
[1] 110  22
[1] 7761
[1] 110  76
[1] 7762
[1] 110  74
[1] 7763
[1] 110  65
[1] 7764
[1] 110  37
[1] 7765
[1] 110  14
[1] 7766
[1] 110  42
[1] 7767
[1] 110  50
[1] 7768
[1] 110  61
[1] 7769
[1] 110  47
[1] 7770
[1] 110  67
[1] 7771
[1] 110  53
[1] 7772
[1] 110  10
[1] 7773
[1] 110  10
[1] 7774
[1] 110  41
[1] 7775
[1] 110  10
[1] 7776
[1] 110  41
[1] 7777
[1] 110  38
[1] 7778
[1] 110  38
[1] 7779
[1] 110  30
[1] 7780
[1] 110  31
[1] 7781
[1] 110  31
[1] 7782
[1] 110  27
[1] 7783
[1] 110  47
[1] 7784
[1] 110  35
[1] 7785
[1] 110  35
[1] 7786
[1] 110  64
[1] 7787
[1] 110  63
[1] 7788
[1] 110  37
[1] 7789
[1] 110  29
[1] 7790
[1] 110  83
[1] 7791
[1] 110  26
[1] 7792
[1] 110  18
[1] 7793
[1] 110  67
[1] 7794
[1] 110  27
[1] 7795
[1] 110  31
[1] 7796
[1] 110  26
[1] 7797
[1] 110  57
[1] 7798
[1] 110  64
[1] 7799
[1] 110  29
[1] 7800
[1] 110  78
