[1] 8801
[1] 110  58
[1] 8802
[1] 110  35
[1] 8803
[1] 110  41
[1] 8804
[1] 110  58
[1] 8805
[1] 110  61
[1] 8806
[1] 110  43
[1] 8807
[1] 110  38
[1] 8808
[1] 110  66
[1] 8809
[1] 110  44
[1] 8810
[1] 110  56
[1] 8811
[1] 110  49
[1] 8812
[1] 110  25
[1] 8813
[1] 110  63
[1] 8814
[1] 110  40
[1] 8815
[1] 110  33
[1] 8816
[1] 110  29
[1] 8817
[1] 110  33
[1] 8818
[1] 110  56
[1] 8819
[1] 110  40
[1] 8820
[1] 110  67
[1] 8821
[1] 110  37
[1] 8822
[1] 110  59
[1] 8823
[1] 110  83
[1] 8824
[1] 110  52
[1] 8825
[1] 110  46
[1] 8826
[1] 110  75
[1] 8827
[1] 110  44
[1] 8828
[1] 110  55
[1] 8829
[1] 110  45
[1] 8830
[1] 110  48
[1] 8831
[1] 110  75
[1] 8832
[1] 110  46
[1] 8833
[1] 110  58
[1] 8834
[1] 110  69
[1] 8835
[1] 110  30
[1] 8836
[1] 110  30
[1] 8837
[1] 110  41
[1] 8838
[1] 110  45
[1] 8839
[1] 110  34
[1] 8840
[1] 110  50
[1] 8841
[1] 110  37
[1] 8842
[1] 110  52
[1] 8843
[1] 110  86
[1] 8844
[1] 110  18
[1] 8845
[1] 110  52
[1] 8846
[1] 110  80
[1] 8847
[1] 110  21
[1] 8848
[1] 110  48
[1] 8849
[1] 110  18
[1] 8850
[1] 110  48
[1] 8851
[1] 110  71
[1] 8852
[1] 110  22
[1] 8853
[1] 110  35
[1] 8854
[1] 110  77
[1] 8855
[1] 110  34
[1] 8856
[1] 110  27
[1] 8857
[1] 110  18
[1] 8858
[1] 110  48
[1] 8859
[1] 110  25
[1] 8860
[1] 110  40
[1] 8861
[1] 110  79
[1] 8862
[1] 110  41
[1] 8863
[1] 110  40
[1] 8864
[1] 110  31
[1] 8865
[1] 110  59
[1] 8866
[1] 110  46
[1] 8867
[1] 110  58
[1] 8868
[1] 110  66
[1] 8869
[1] 110  37
[1] 8870
[1] 110  29
[1] 8871
[1] 110  33
[1] 8872
[1] 110  32
[1] 8873
[1] 110  48
[1] 8874
[1] 110  37
[1] 8875
[1] 110  47
[1] 8876
[1] 110  56
[1] 8877
[1] 110  65
[1] 8878
[1] 110  64
[1] 8879
[1] 110  60
[1] 8880
[1] 110  52
[1] 8881
[1] 110  72
[1] 8882
[1] 110  59
[1] 8883
[1] 110  54
[1] 8884
[1] 110  66
[1] 8885
[1] 110  32
[1] 8886
[1] 110  66
[1] 8887
[1] 110  44
[1] 8888
[1] 110  36
[1] 8889
[1] 110  50
[1] 8890
[1] 110  77
[1] 8891
[1] 110  35
[1] 8892
[1] 110  47
[1] 8893
[1] 110  41
[1] 8894
[1] 110  72
[1] 8895
[1] 110  13
[1] 8896
[1] 110  22
[1] 8897
[1] 110 129
[1] 8898
[1] 110  17
[1] 8899
[1] 110  74
[1] 8900
[1] 110  32
