[1] 8001
[1] 110   9
[1] 8002
[1] 110  34
[1] 8003
[1] 110  34
[1] 8004
[1] 110  29
[1] 8005
[1] 110  26
[1] 8006
[1] 110  47
[1] 8007
[1] 110  11
[1] 8008
[1] 110  17
[1] 8009
[1] 110  25
[1] 8010
[1] 110  91
[1] 8011
[1] 110  46
[1] 8012
[1] 110  10
[1] 8013
[1] 110  60
[1] 8014
[1] 110  39
[1] 8015
[1] 110  41
[1] 8016
[1] 110  84
[1] 8017
[1] 110  67
[1] 8018
[1] 110  54
[1] 8019
[1] 110  91
[1] 8020
[1] 110  54
[1] 8021
[1] 110  53
[1] 8022
[1] 110  56
[1] 8023
[1] 110  88
[1] 8024
[1] 110  57
[1] 8025
[1] 110  81
[1] 8026
[1] 110  67
[1] 8027
[1] 110  97
[1] 8028
[1] 110  64
[1] 8029
[1] 110  89
[1] 8030
[1] 110  37
[1] 8031
[1] 110  30
[1] 8032
[1] 110  27
[1] 8033
[1] 110  36
[1] 8034
[1] 110  24
[1] 8035
[1] 110  30
[1] 8036
[1] 110  53
[1] 8037
[1] 110  45
[1] 8038
[1] 110  24
[1] 8039
[1] 110  20
[1] 8040
[1] 110  59
[1] 8041
[1] 110  71
[1] 8042
[1] 110  46
[1] 8043
[1] 110  23
[1] 8044
[1] 110  65
[1] 8045
[1] 110  68
[1] 8046
[1] 110  49
[1] 8047
[1] 110  27
[1] 8048
[1] 110  26
[1] 8049
[1] 110  68
[1] 8050
[1] 110  51
[1] 8051
[1] 110  66
[1] 8052
[1] 110  40
[1] 8053
[1] 110  53
[1] 8054
[1] 110  42
[1] 8055
[1] 110  31
[1] 8056
[1] 110  31
[1] 8057
[1] 110  62
[1] 8058
[1] 110  31
[1] 8059
[1] 110 124
[1] 8060
[1] 110  93
[1] 8061
[1] 110 164
[1] 8062
[1] 110  44
[1] 8063
[1] 110  35
[1] 8064
[1] 110  32
[1] 8065
[1] 110  56
[1] 8066
[1] 110  50
[1] 8067
[1] 110  51
[1] 8068
[1] 110  64
[1] 8069
[1] 110  58
[1] 8070
[1] 110  38
[1] 8071
[1] 110  23
[1] 8072
[1] 110  75
[1] 8073
[1] 110  72
[1] 8074
[1] 110  62
[1] 8075
[1] 110  73
[1] 8076
[1] 110  63
[1] 8077
[1] 110  63
[1] 8078
[1] 110  62
[1] 8079
[1] 110  63
[1] 8080
[1] 110  77
[1] 8081
[1] 110 110
[1] 8082
[1] 110  24
[1] 8083
[1] 110  65
[1] 8084
[1] 110  37
[1] 8085
[1] 110  52
[1] 8086
[1] 110  43
[1] 8087
[1] 110  34
[1] 8088
[1] 110  61
[1] 8089
[1] 110  93
[1] 8090
[1] 110  47
[1] 8091
[1] 110  56
[1] 8092
[1] 110  47
[1] 8093
[1] 110  59
[1] 8094
[1] 110  55
[1] 8095
[1] 110  22
[1] 8096
[1] 110  24
[1] 8097
[1] 110  23
[1] 8098
[1] 110  48
[1] 8099
[1] 110   1
[1] 8100
[1] 110  73
