[1] 6301
[1] 110  67
[1] 6302
[1] 110  35
[1] 6303
[1] 110  37
[1] 6304
[1] 110  45
[1] 6305
[1] 110  60
[1] 6306
[1] 110 122
[1] 6307
[1] 110  73
[1] 6308
[1] 110  51
[1] 6309
[1] 110  75
[1] 6310
[1] 110  45
[1] 6311
[1] 110  54
[1] 6312
[1] 110  88
[1] 6313
[1] 110  44
[1] 6314
[1] 110  81
[1] 6315
[1] 110  89
[1] 6316
[1] 110 183
[1] 6317
[1] 110  59
[1] 6318
[1] 110  15
[1] 6319
[1] 110  51
[1] 6320
[1] 110  51
[1] 6321
[1] 110  60
[1] 6322
[1] 110  40
[1] 6323
[1] 110  15
[1] 6324
[1] 110  46
[1] 6325
[1] 110  68
[1] 6326
[1] 110  79
[1] 6327
[1] 110  76
[1] 6328
[1] 110  47
[1] 6329
[1] 110  48
[1] 6330
[1] 110  45
[1] 6331
[1] 110  42
[1] 6332
[1] 110  45
[1] 6333
[1] 110  72
[1] 6334
[1] 110  86
[1] 6335
[1] 110  62
[1] 6336
[1] 110  62
[1] 6337
[1] 110  34
[1] 6338
[1] 110  33
[1] 6339
[1] 110  37
[1] 6340
[1] 110  43
[1] 6341
[1] 110  32
[1] 6342
[1] 110  61
[1] 6343
[1] 110  40
[1] 6344
[1] 110  44
[1] 6345
[1] 110  54
[1] 6346
[1] 110  98
[1] 6347
[1] 110  62
[1] 6348
[1] 110  55
[1] 6349
[1] 110  37
[1] 6350
[1] 110  78
[1] 6351
[1] 110  57
[1] 6352
[1] 110  63
[1] 6353
[1] 110  38
[1] 6354
[1] 110  27
[1] 6355
[1] 110  24
[1] 6356
[1] 110  77
[1] 6357
[1] 110  41
[1] 6358
[1] 110  36
[1] 6359
[1] 110  37
[1] 6360
[1] 110  19
[1] 6361
[1] 110  49
[1] 6362
[1] 110  13
[1] 6363
[1] 110  50
[1] 6364
[1] 110  60
[1] 6365
[1] 110  58
[1] 6366
[1] 110  71
[1] 6367
[1] 110  12
[1] 6368
[1] 110  11
[1] 6369
[1] 110  15
[1] 6370
[1] 110  34
[1] 6371
[1] 110  31
[1] 6372
[1] 110  28
[1] 6373
[1] 110  58
[1] 6374
[1] 110  40
[1] 6375
[1] 110  44
[1] 6376
[1] 110  14
[1] 6377
[1] 110  66
[1] 6378
[1] 110  34
[1] 6379
[1] 110  85
[1] 6380
[1] 110  37
[1] 6381
[1] 110  35
[1] 6382
[1] 110  70
[1] 6383
[1] 110  78
[1] 6384
[1] 110  69
[1] 6385
[1] 110  10
[1] 6386
[1] 110  11
[1] 6387
[1] 110  24
[1] 6388
[1] 110  43
[1] 6389
[1] 110  45
[1] 6390
[1] 110  42
[1] 6391
[1] 110  35
[1] 6392
[1] 110  64
[1] 6393
[1] 110  25
[1] 6394
[1] 110  77
[1] 6395
[1] 110  73
[1] 6396
[1] 110  51
[1] 6397
[1] 110  70
[1] 6398
[1] 110  51
[1] 6399
[1] 110  60
[1] 6400
[1] 110  16
