[1] 901
[1] 110  55
[1] 902
[1] 110  57
[1] 903
[1] 110  36
[1] 904
[1] 110  46
[1] 905
[1] 110  55
[1] 906
[1] 110  39
[1] 907
[1] 110  53
[1] 908
[1] 110  38
[1] 909
[1] 110  42
[1] 910
[1] 110  56
[1] 911
[1] 110  25
[1] 912
[1] 110  62
[1] 913
[1] 110  44
[1] 914
[1] 110  46
[1] 915
[1] 110  37
[1] 916
[1] 110  50
[1] 917
[1] 110  49
[1] 918
[1] 110  53
[1] 919
[1] 110  72
[1] 920
[1] 110  69
[1] 921
[1] 110  40
[1] 922
[1] 110  37
[1] 923
[1] 110  23
[1] 924
[1] 110  62
[1] 925
[1] 110  42
[1] 926
[1] 110  52
[1] 927
[1] 110  94
[1] 928
[1] 110  51
[1] 929
[1] 110  87
[1] 930
[1] 110  75
[1] 931
[1] 110  54
[1] 932
[1] 110  43
[1] 933
[1] 110  55
[1] 934
[1] 110  53
[1] 935
[1] 110  61
[1] 936
[1] 110  62
[1] 937
[1] 110 122
[1] 938
[1] 110  42
[1] 939
[1] 110  42
[1] 940
[1] 110  24
[1] 941
[1] 110  16
[1] 942
[1] 110  22
[1] 943
[1] 110 112
[1] 944
[1] 110  36
[1] 945
[1] 110  58
[1] 946
[1] 110  25
[1] 947
[1] 110  39
[1] 948
[1] 110  62
[1] 949
[1] 110  54
[1] 950
[1] 110  42
[1] 951
[1] 110  56
[1] 952
[1] 110  56
[1] 953
[1] 110  63
[1] 954
[1] 110  57
[1] 955
[1] 110  66
[1] 956
[1] 110  52
[1] 957
[1] 110  61
[1] 958
[1] 110  64
[1] 959
[1] 110  61
[1] 960
[1] 110  57
[1] 961
[1] 110  45
[1] 962
[1] 110  60
[1] 963
[1] 110  34
[1] 964
[1] 110  13
[1] 965
[1] 110  74
[1] 966
[1] 110   9
[1] 967
[1] 110  24
[1] 968
[1] 110 119
[1] 969
[1] 110  53
[1] 970
[1] 110  59
[1] 971
[1] 110  46
[1] 972
[1] 110  65
[1] 973
[1] 110  69
[1] 974
[1] 110  46
[1] 975
[1] 110  56
[1] 976
[1] 110  55
[1] 977
[1] 110  69
[1] 978
[1] 110  50
[1] 979
[1] 110  44
[1] 980
[1] 110  43
[1] 981
[1] 110  17
[1] 982
[1] 110  96
[1] 983
[1] 110  56
[1] 984
[1] 110  57
[1] 985
[1] 110  63
[1] 986
[1] 110  48
[1] 987
[1] 110  58
[1] 988
[1] 110  57
[1] 989
[1] 110  39
[1] 990
[1] 110  40
[1] 991
[1] 110  33
[1] 992
[1] 110  26
[1] 993
[1] 110  66
[1] 994
[1] 110  37
[1] 995
[1] 110  51
[1] 996
[1] 110  22
[1] 997
[1] 110  35
[1] 998
[1] 110  34
[1] 999
[1] 110  27
[1] 1000
[1] 110  45
