[1] 6201
[1] 110  46
[1] 6202
[1] 110  84
[1] 6203
[1] 110  59
[1] 6204
[1] 110  71
[1] 6205
[1] 110  50
[1] 6206
[1] 110  40
[1] 6207
[1] 110  74
[1] 6208
[1] 110  54
[1] 6209
[1] 110  53
[1] 6210
[1] 110  33
[1] 6211
[1] 110  56
[1] 6212
[1] 110  11
[1] 6213
[1] 110 124
[1] 6214
[1] 110 100
[1] 6215
[1] 110  57
[1] 6216
[1] 110  44
[1] 6217
[1] 110  45
[1] 6218
[1] 110  57
[1] 6219
[1] 110  80
[1] 6220
[1] 110  67
[1] 6221
[1] 110  76
[1] 6222
[1] 110  52
[1] 6223
[1] 110  47
[1] 6224
[1] 110  43
[1] 6225
[1] 110  71
[1] 6226
[1] 110  42
[1] 6227
[1] 110  45
[1] 6228
[1] 110  33
[1] 6229
[1] 110  22
[1] 6230
[1] 110  60
[1] 6231
[1] 110  66
[1] 6232
[1] 110 136
[1] 6233
[1] 110  39
[1] 6234
[1] 110  59
[1] 6235
[1] 110  57
[1] 6236
[1] 110  56
[1] 6237
[1] 110  25
[1] 6238
[1] 110  44
[1] 6239
[1] 110  50
[1] 6240
[1] 110  42
[1] 6241
[1] 110  44
[1] 6242
[1] 110  64
[1] 6243
[1] 110  43
[1] 6244
[1] 110  55
[1] 6245
[1] 110  60
[1] 6246
[1] 110  81
[1] 6247
[1] 110  39
[1] 6248
[1] 110  74
[1] 6249
[1] 110  85
[1] 6250
[1] 110  51
[1] 6251
[1] 110  58
[1] 6252
[1] 110  80
[1] 6253
[1] 110  81
[1] 6254
[1] 110 120
[1] 6255
[1] 110  59
[1] 6256
[1] 110  50
[1] 6257
[1] 110  51
[1] 6258
[1] 110  44
[1] 6259
[1] 110  56
[1] 6260
[1] 110  41
[1] 6261
[1] 110  43
[1] 6262
[1] 110  53
[1] 6263
[1] 110  66
[1] 6264
[1] 110  64
[1] 6265
[1] 110  32
[1] 6266
[1] 110  28
[1] 6267
[1] 110  30
[1] 6268
[1] 110  58
[1] 6269
[1] 110  73
[1] 6270
[1] 110  93
[1] 6271
[1] 110  59
[1] 6272
[1] 110  67
[1] 6273
[1] 110  52
[1] 6274
[1] 110  54
[1] 6275
[1] 110  77
[1] 6276
[1] 110  55
[1] 6277
[1] 110  80
[1] 6278
[1] 110  36
[1] 6279
[1] 110  67
[1] 6280
[1] 110  36
[1] 6281
[1] 110  14
[1] 6282
[1] 110  42
[1] 6283
[1] 110  42
[1] 6284
[1] 110  43
[1] 6285
[1] 110  51
[1] 6286
[1] 110  36
[1] 6287
[1] 110  40
[1] 6288
[1] 110  23
[1] 6289
[1] 110  64
[1] 6290
[1] 110  67
[1] 6291
[1] 110  58
[1] 6292
[1] 110  43
[1] 6293
[1] 110  51
[1] 6294
[1] 110  51
[1] 6295
[1] 110  69
[1] 6296
[1] 110  42
[1] 6297
[1] 110  47
[1] 6298
[1] 110  41
[1] 6299
[1] 110  40
[1] 6300
[1] 110  71
