[1] 4701
[1] 110  65
[1] 4702
[1] 110  61
[1] 4703
[1] 110  69
[1] 4704
[1] 110  31
[1] 4705
[1] 110  52
[1] 4706
[1] 110  43
[1] 4707
[1] 110  54
[1] 4708
[1] 110  52
[1] 4709
[1] 110  50
[1] 4710
[1] 110  50
[1] 4711
[1] 110  52
[1] 4712
[1] 110  25
[1] 4713
[1] 110  26
[1] 4714
[1] 110  31
[1] 4715
[1] 110  41
[1] 4716
[1] 110  32
[1] 4717
[1] 110  42
[1] 4718
[1] 110  42
[1] 4719
[1] 110  42
[1] 4720
[1] 110  54
[1] 4721
[1] 110  20
[1] 4722
[1] 110  54
[1] 4723
[1] 110  43
[1] 4724
[1] 110  94
[1] 4725
[1] 110  39
[1] 4726
[1] 110  38
[1] 4727
[1] 110  50
[1] 4728
[1] 110  19
[1] 4729
[1] 110  42
[1] 4730
[1] 110  52
[1] 4731
[1] 110  36
[1] 4732
[1] 110  24
[1] 4733
[1] 110  50
[1] 4734
[1] 110  15
[1] 4735
[1] 110  42
[1] 4736
[1] 110  64
[1] 4737
[1] 110  15
[1] 4738
[1] 110  48
[1] 4739
[1] 110  49
[1] 4740
[1] 110  54
[1] 4741
[1] 110  52
[1] 4742
[1] 110  63
[1] 4743
[1] 110  52
[1] 4744
[1] 110  20
[1] 4745
[1] 110 102
[1] 4746
[1] 110  22
[1] 4747
[1] 110  32
[1] 4748
[1] 110  78
[1] 4749
[1] 110  25
[1] 4750
[1] 110  67
[1] 4751
[1] 110  46
[1] 4752
[1] 110  43
[1] 4753
[1] 110  47
[1] 4754
[1] 110  44
[1] 4755
[1] 110  52
[1] 4756
[1] 110  32
[1] 4757
[1] 110  55
[1] 4758
[1] 110  46
[1] 4759
[1] 110  37
[1] 4760
[1] 110  36
[1] 4761
[1] 110  82
[1] 4762
[1] 110  71
[1] 4763
[1] 110  22
[1] 4764
[1] 110  64
[1] 4765
[1] 110  32
[1] 4766
[1] 110  45
[1] 4767
[1] 110  59
[1] 4768
[1] 110  23
[1] 4769
[1] 110  45
[1] 4770
[1] 110  58
[1] 4771
[1] 110  35
[1] 4772
[1] 110  54
[1] 4773
[1] 110  52
[1] 4774
[1] 110  45
[1] 4775
[1] 110  26
[1] 4776
[1] 110  28
[1] 4777
[1] 110  51
[1] 4778
[1] 110  53
[1] 4779
[1] 110  56
[1] 4780
[1] 110  41
[1] 4781
[1] 110  26
[1] 4782
[1] 110  11
[1] 4783
[1] 110  26
[1] 4784
[1] 110  47
[1] 4785
[1] 110  51
[1] 4786
[1] 110  60
[1] 4787
[1] 110  88
[1] 4788
[1] 110  40
[1] 4789
[1] 110  56
[1] 4790
[1] 110  54
[1] 4791
[1] 110  38
[1] 4792
[1] 110  33
[1] 4793
[1] 110  47
[1] 4794
[1] 110  37
[1] 4795
[1] 110  62
[1] 4796
[1] 110  47
[1] 4797
[1] 110  31
[1] 4798
[1] 110  40
[1] 4799
[1] 110  47
[1] 4800
[1] 110  71
