[1] 8701
[1] 110  29
[1] 8702
[1] 110  67
[1] 8703
[1] 110  34
[1] 8704
[1] 110  73
[1] 8705
[1] 110  63
[1] 8706
[1] 110  65
[1] 8707
[1] 110  31
[1] 8708
[1] 110  36
[1] 8709
[1] 110  64
[1] 8710
[1] 110  21
[1] 8711
[1] 110  55
[1] 8712
[1] 110  52
[1] 8713
[1] 110  32
[1] 8714
[1] 110  24
[1] 8715
[1] 110  46
[1] 8716
[1] 110  32
[1] 8717
[1] 110  53
[1] 8718
[1] 110  21
[1] 8719
[1] 110  97
[1] 8720
[1] 110  21
[1] 8721
[1] 110  20
[1] 8722
[1] 110  18
[1] 8723
[1] 110  73
[1] 8724
[1] 110 138
[1] 8725
[1] 110  48
[1] 8726
[1] 110  31
[1] 8727
[1] 110 317
[1] 8728
[1] 110  38
[1] 8729
[1] 110  28
[1] 8730
[1] 110  50
[1] 8731
[1] 110  30
[1] 8732
[1] 110  61
[1] 8733
[1] 110  59
[1] 8734
[1] 110  19
[1] 8735
[1] 110  13
[1] 8736
[1] 110  36
[1] 8737
[1] 110  88
[1] 8738
[1] 110  30
[1] 8739
[1] 110  82
[1] 8740
[1] 110  35
[1] 8741
[1] 110  62
[1] 8742
[1] 110  56
[1] 8743
[1] 110  35
[1] 8744
[1] 110  50
[1] 8745
[1] 110  45
[1] 8746
[1] 110   8
[1] 8747
[1] 110  55
[1] 8748
[1] 110  10
[1] 8749
[1] 110  49
[1] 8750
[1] 110  45
[1] 8751
[1] 110   9
[1] 8752
[1] 110  60
[1] 8753
[1] 110  33
[1] 8754
[1] 110  62
[1] 8755
[1] 110  11
[1] 8756
[1] 110  11
[1] 8757
[1] 110  47
[1] 8758
[1] 110  39
[1] 8759
[1] 110  12
[1] 8760
[1] 110  66
[1] 8761
[1] 110  12
[1] 8762
[1] 110  20
[1] 8763
[1] 110  51
[1] 8764
[1] 110  68
[1] 8765
[1] 110  61
[1] 8766
[1] 110  78
[1] 8767
[1] 110  17
[1] 8768
[1] 110  11
[1] 8769
[1] 110  51
[1] 8770
[1] 110  71
[1] 8771
[1] 110  73
[1] 8772
[1] 110  22
[1] 8773
[1] 110  28
[1] 8774
[1] 110  27
[1] 8775
[1] 110  69
[1] 8776
[1] 110  25
[1] 8777
[1] 110  51
[1] 8778
[1] 110  57
[1] 8779
[1] 110  80
[1] 8780
[1] 110  17
[1] 8781
[1] 110  62
[1] 8782
[1] 110  73
[1] 8783
[1] 110  71
[1] 8784
[1] 110  30
[1] 8785
[1] 110  25
[1] 8786
[1] 110  59
[1] 8787
[1] 110  60
[1] 8788
[1] 110  18
[1] 8789
[1] 110  60
[1] 8790
[1] 110  47
[1] 8791
[1] 110  69
[1] 8792
[1] 110  62
[1] 8793
[1] 110  37
[1] 8794
[1] 110  38
[1] 8795
[1] 110  52
[1] 8796
[1] 110  58
[1] 8797
[1] 110  55
[1] 8798
[1] 110  55
[1] 8799
[1] 110  57
[1] 8800
[1] 110  70
