[1] 9201
[1] 110  64
[1] 9202
[1] 110  41
[1] 9203
[1] 110  41
[1] 9204
[1] 110 171
[1] 9205
[1] 110  54
[1] 9206
[1] 110 255
[1] 9207
[1] 110  26
[1] 9208
[1] 110  54
[1] 9209
[1] 110  62
[1] 9210
[1] 110  17
[1] 9211
[1] 110  41
[1] 9212
[1] 110  50
[1] 9213
[1] 110  82
[1] 9214
[1] 110  43
[1] 9215
[1] 110  69
[1] 9216
[1] 110  35
[1] 9217
[1] 110  79
[1] 9218
[1] 110  19
[1] 9219
[1] 110 140
[1] 9220
[1] 110  77
[1] 9221
[1] 110  27
[1] 9222
[1] 110  40
[1] 9223
[1] 110  33
[1] 9224
[1] 110  57
[1] 9225
[1] 110  43
[1] 9226
[1] 110  55
[1] 9227
[1] 110  71
[1] 9228
[1] 110  46
[1] 9229
[1] 110  60
[1] 9230
[1] 110  24
[1] 9231
[1] 110  53
[1] 9232
[1] 110  42
[1] 9233
[1] 110  13
[1] 9234
[1] 110  92
[1] 9235
[1] 110  69
[1] 9236
[1] 110  18
[1] 9237
[1] 110  37
[1] 9238
[1] 110  34
[1] 9239
[1] 110  11
[1] 9240
[1] 110  17
[1] 9241
[1] 110  57
[1] 9242
[1] 110  51
[1] 9243
[1] 110   9
[1] 9244
[1] 110  26
[1] 9245
[1] 110  65
[1] 9246
[1] 110  58
[1] 9247
[1] 110  26
[1] 9248
[1] 110   2
[1] 9249
[1] 110  10
[1] 9250
[1] 110  36
[1] 9251
[1] 110  58
[1] 9252
[1] 110  29
[1] 9253
[1] 110  64
[1] 9254
[1] 110  40
[1] 9255
[1] 110  28
[1] 9256
[1] 110  27
[1] 9257
[1] 110  46
[1] 9258
[1] 110  76
[1] 9259
[1] 110  29
[1] 9260
[1] 110  47
[1] 9261
[1] 110  68
[1] 9262
[1] 110  59
[1] 9263
[1] 110  23
[1] 9264
[1] 110 292
[1] 9265
[1] 110  39
[1] 9266
[1] 110  71
[1] 9267
[1] 110  43
[1] 9268
[1] 110  58
[1] 9269
[1] 110  47
[1] 9270
[1] 110  47
[1] 9271
[1] 110  59
[1] 9272
[1] 110  67
[1] 9273
[1] 110  43
[1] 9274
[1] 110  67
[1] 9275
[1] 110  32
[1] 9276
[1] 110  37
[1] 9277
[1] 110  71
[1] 9278
[1] 110  29
[1] 9279
[1] 110  54
[1] 9280
[1] 110  47
[1] 9281
[1] 110  63
[1] 9282
[1] 110  50
[1] 9283
[1] 110  68
[1] 9284
[1] 110  50
[1] 9285
[1] 110  55
[1] 9286
[1] 110  52
[1] 9287
[1] 110  25
[1] 9288
[1] 110  87
[1] 9289
[1] 110  25
[1] 9290
[1] 110  22
[1] 9291
[1] 110  28
[1] 9292
[1] 110  86
[1] 9293
[1] 110  65
[1] 9294
[1] 110  35
[1] 9295
[1] 110  17
[1] 9296
[1] 110  24
[1] 9297
[1] 110  13
[1] 9298
[1] 110  73
[1] 9299
[1] 110  32
[1] 9300
[1] 110  44
