[1] 7501
[1] 110  36
[1] 7502
[1] 110  33
[1] 7503
[1] 110  78
[1] 7504
[1] 110  55
[1] 7505
[1] 110  28
[1] 7506
[1] 110  19
[1] 7507
[1] 110  36
[1] 7508
[1] 110 130
[1] 7509
[1] 110  39
[1] 7510
[1] 110  73
[1] 7511
[1] 110  43
[1] 7512
[1] 110  77
[1] 7513
[1] 110  56
[1] 7514
[1] 110  32
[1] 7515
[1] 110  81
[1] 7516
[1] 110  64
[1] 7517
[1] 110  25
[1] 7518
[1] 110  52
[1] 7519
[1] 110  63
[1] 7520
[1] 110  48
[1] 7521
[1] 110  66
[1] 7522
[1] 110  30
[1] 7523
[1] 110  31
[1] 7524
[1] 110  32
[1] 7525
[1] 110  26
[1] 7526
[1] 110  87
[1] 7527
[1] 110  79
[1] 7528
[1] 110  64
[1] 7529
[1] 110  59
[1] 7530
[1] 110  46
[1] 7531
[1] 110  50
[1] 7532
[1] 110  76
[1] 7533
[1] 110  69
[1] 7534
[1] 110  64
[1] 7535
[1] 110  65
[1] 7536
[1] 110  59
[1] 7537
[1] 110  27
[1] 7538
[1] 110  52
[1] 7539
[1] 110  53
[1] 7540
[1] 110  34
[1] 7541
[1] 110  26
[1] 7542
[1] 110  19
[1] 7543
[1] 110  32
[1] 7544
[1] 110  30
[1] 7545
[1] 110  22
[1] 7546
[1] 110  24
[1] 7547
[1] 110  67
[1] 7548
[1] 110  70
[1] 7549
[1] 110  66
[1] 7550
[1] 110  49
[1] 7551
[1] 110  67
[1] 7552
[1] 110  49
[1] 7553
[1] 110  54
[1] 7554
[1] 110  54
[1] 7555
[1] 110  45
[1] 7556
[1] 110  66
[1] 7557
[1] 110  65
[1] 7558
[1] 110   8
[1] 7559
[1] 110 131
[1] 7560
[1] 110  35
[1] 7561
[1] 110  63
[1] 7562
[1] 110  47
[1] 7563
[1] 110  52
[1] 7564
[1] 110  45
[1] 7565
[1] 110  45
[1] 7566
[1] 110  89
[1] 7567
[1] 110  58
[1] 7568
[1] 110  58
[1] 7569
[1] 110  57
[1] 7570
[1] 110  63
[1] 7571
[1] 110  62
[1] 7572
[1] 110  80
[1] 7573
[1] 110  83
[1] 7574
[1] 110  61
[1] 7575
[1] 110  64
[1] 7576
[1] 110  27
[1] 7577
[1] 110  27
[1] 7578
[1] 110  76
[1] 7579
[1] 110  69
[1] 7580
[1] 110  47
[1] 7581
[1] 110  46
[1] 7582
[1] 110  54
[1] 7583
[1] 110  47
[1] 7584
[1] 110  93
[1] 7585
[1] 110  90
[1] 7586
[1] 110  75
[1] 7587
[1] 110  33
[1] 7588
[1] 110  60
[1] 7589
[1] 110  72
[1] 7590
[1] 110  48
[1] 7591
[1] 110  44
[1] 7592
[1] 110  39
[1] 7593
[1] 110  37
[1] 7594
[1] 110  39
[1] 7595
[1] 110  26
[1] 7596
[1] 110  59
[1] 7597
[1] 110  69
[1] 7598
[1] 110  46
[1] 7599
[1] 110  44
[1] 7600
[1] 110  39
