[1] 3501
[1] 110  33
[1] 3502
[1] 110  34
[1] 3503
[1] 110  83
[1] 3504
[1] 110  24
[1] 3505
[1] 110  57
[1] 3506
[1] 110  46
[1] 3507
[1] 110  44
[1] 3508
[1] 110  60
[1] 3509
[1] 110  44
[1] 3510
[1] 110  52
[1] 3511
[1] 110  73
[1] 3512
[1] 110  54
[1] 3513
[1] 110  45
[1] 3514
[1] 110  42
[1] 3515
[1] 110  71
[1] 3516
[1] 110  53
[1] 3517
[1] 110  62
[1] 3518
[1] 110  25
[1] 3519
[1] 110  28
[1] 3520
[1] 110  13
[1] 3521
[1] 110  14
[1] 3522
[1] 110  43
[1] 3523
[1] 110  28
[1] 3524
[1] 110  57
[1] 3525
[1] 110 105
[1] 3526
[1] 110  54
[1] 3527
[1] 110  13
[1] 3528
[1] 110  41
[1] 3529
[1] 110  29
[1] 3530
[1] 110  45
[1] 3531
[1] 110  76
[1] 3532
[1] 110  11
[1] 3533
[1] 110  66
[1] 3534
[1] 110 124
[1] 3535
[1] 110  75
[1] 3536
[1] 110  37
[1] 3537
[1] 110  57
[1] 3538
[1] 110  56
[1] 3539
[1] 110  60
[1] 3540
[1] 110  26
[1] 3541
[1] 110  31
[1] 3542
[1] 110  62
[1] 3543
[1] 110  32
[1] 3544
[1] 110  53
[1] 3545
[1] 110  74
[1] 3546
[1] 110  44
[1] 3547
[1] 110  39
[1] 3548
[1] 110  93
[1] 3549
[1] 110  64
[1] 3550
[1] 110  28
[1] 3551
[1] 110  36
[1] 3552
[1] 110  38
[1] 3553
[1] 110  30
[1] 3554
[1] 110  26
[1] 3555
[1] 110  30
[1] 3556
[1] 110  58
[1] 3557
[1] 110  19
[1] 3558
[1] 110  35
[1] 3559
[1] 110  60
[1] 3560
[1] 110  20
[1] 3561
[1] 110  39
[1] 3562
[1] 110  27
[1] 3563
[1] 110  35
[1] 3564
[1] 110  28
[1] 3565
[1] 110  94
[1] 3566
[1] 110  57
[1] 3567
[1] 110  51
[1] 3568
[1] 110  96
[1] 3569
[1] 110  32
[1] 3570
[1] 110  53
[1] 3571
[1] 110  65
[1] 3572
[1] 110  54
[1] 3573
[1] 110  58
[1] 3574
[1] 110  44
[1] 3575
[1] 110  78
[1] 3576
[1] 110  80
[1] 3577
[1] 110  46
[1] 3578
[1] 110  55
[1] 3579
[1] 110  50
[1] 3580
[1] 110  44
[1] 3581
[1] 110  61
[1] 3582
[1] 110  35
[1] 3583
[1] 110  76
[1] 3584
[1] 110  33
[1] 3585
[1] 110  46
[1] 3586
[1] 110  38
[1] 3587
[1] 110  54
[1] 3588
[1] 110  50
[1] 3589
[1] 110  46
[1] 3590
[1] 110  56
[1] 3591
[1] 110  13
[1] 3592
[1] 110  10
[1] 3593
[1] 110  56
[1] 3594
[1] 110  50
[1] 3595
[1] 110  42
[1] 3596
[1] 110  71
[1] 3597
[1] 110  64
[1] 3598
[1] 110  39
[1] 3599
[1] 110  65
[1] 3600
[1] 110  64
