[1] 4001
[1] 110  46
[1] 4002
[1] 110 132
[1] 4003
[1] 110  94
[1] 4004
[1] 110  60
[1] 4005
[1] 110  67
[1] 4006
[1] 110  63
[1] 4007
[1] 110  27
[1] 4008
[1] 110 108
[1] 4009
[1] 110  35
[1] 4010
[1] 110  49
[1] 4011
[1] 110  47
[1] 4012
[1] 110  96
[1] 4013
[1] 110  14
[1] 4014
[1] 110  57
[1] 4015
[1] 110  71
[1] 4016
[1] 110 118
[1] 4017
[1] 110  63
[1] 4018
[1] 110  63
[1] 4019
[1] 110  47
[1] 4020
[1] 110  11
[1] 4021
[1] 110  95
[1] 4022
[1] 110  53
[1] 4023
[1] 110  15
[1] 4024
[1] 110  37
[1] 4025
[1] 110  63
[1] 4026
[1] 110  67
[1] 4027
[1] 110  62
[1] 4028
[1] 110  46
[1] 4029
[1] 110  56
[1] 4030
[1] 110  29
[1] 4031
[1] 110  61
[1] 4032
[1] 110  91
[1] 4033
[1] 110  42
[1] 4034
[1] 110  56
[1] 4035
[1] 110  50
[1] 4036
[1] 110  85
[1] 4037
[1] 110  49
[1] 4038
[1] 110  98
[1] 4039
[1] 110  63
[1] 4040
[1] 110  43
[1] 4041
[1] 110  55
[1] 4042
[1] 110  42
[1] 4043
[1] 110  50
[1] 4044
[1] 110  42
[1] 4045
[1] 110  43
[1] 4046
[1] 110  59
[1] 4047
[1] 110  69
[1] 4048
[1] 110  54
[1] 4049
[1] 110  49
[1] 4050
[1] 110  51
[1] 4051
[1] 110  48
[1] 4052
[1] 110  48
[1] 4053
[1] 110  52
[1] 4054
[1] 110  38
[1] 4055
[1] 110  61
[1] 4056
[1] 110  55
[1] 4057
[1] 110  82
[1] 4058
[1] 110  73
[1] 4059
[1] 110  69
[1] 4060
[1] 110  74
[1] 4061
[1] 110  13
[1] 4062
[1] 110  75
[1] 4063
[1] 110  65
[1] 4064
[1] 110  75
[1] 4065
[1] 110  75
[1] 4066
[1] 110  68
[1] 4067
[1] 110  76
[1] 4068
[1] 110  71
[1] 4069
[1] 110  71
[1] 4070
[1] 110  83
[1] 4071
[1] 110  79
[1] 4072
[1] 110  52
[1] 4073
[1] 110  63
[1] 4074
[1] 110  70
[1] 4075
[1] 110  41
[1] 4076
[1] 110  79
[1] 4077
[1] 110  98
[1] 4078
[1] 110  18
[1] 4079
[1] 110  61
[1] 4080
[1] 110  58
[1] 4081
[1] 110  74
[1] 4082
[1] 110  84
[1] 4083
[1] 110  59
[1] 4084
[1] 110  60
[1] 4085
[1] 110  63
[1] 4086
[1] 110  66
[1] 4087
[1] 110  67
[1] 4088
[1] 110  56
[1] 4089
[1] 110  70
[1] 4090
[1] 110  44
[1] 4091
[1] 110  95
[1] 4092
[1] 110  60
[1] 4093
[1] 110  50
[1] 4094
[1] 110  45
[1] 4095
[1] 110 105
[1] 4096
[1] 110  59
[1] 4097
[1] 110  58
[1] 4098
[1] 110  56
[1] 4099
[1] 110  13
[1] 4100
[1] 110  65
