[1] 4601
[1] 110  36
[1] 4602
[1] 110  18
[1] 4603
[1] 110  23
[1] 4604
[1] 110  66
[1] 4605
[1] 110  58
[1] 4606
[1] 110  45
[1] 4607
[1] 110  60
[1] 4608
[1] 110  44
[1] 4609
[1] 110 116
[1] 4610
[1] 110  58
[1] 4611
[1] 110  97
[1] 4612
[1] 110  19
[1] 4613
[1] 110  14
[1] 4614
[1] 110  13
[1] 4615
[1] 110  72
[1] 4616
[1] 110  87
[1] 4617
[1] 110  84
[1] 4618
[1] 110  36
[1] 4619
[1] 110  84
[1] 4620
[1] 110  46
[1] 4621
[1] 110  52
[1] 4622
[1] 110  46
[1] 4623
[1] 110  32
[1] 4624
[1] 110  59
[1] 4625
[1] 110  32
[1] 4626
[1] 110  46
[1] 4627
[1] 110  45
[1] 4628
[1] 110  59
[1] 4629
[1] 110  47
[1] 4630
[1] 110  17
[1] 4631
[1] 110  71
[1] 4632
[1] 110  55
[1] 4633
[1] 110  23
[1] 4634
[1] 110  34
[1] 4635
[1] 110  53
[1] 4636
[1] 110  58
[1] 4637
[1] 110  49
[1] 4638
[1] 110  32
[1] 4639
[1] 110  28
[1] 4640
[1] 110  44
[1] 4641
[1] 110  61
[1] 4642
[1] 110  83
[1] 4643
[1] 110  23
[1] 4644
[1] 110  32
[1] 4645
[1] 110  26
[1] 4646
[1] 110  50
[1] 4647
[1] 110  20
[1] 4648
[1] 110  39
[1] 4649
[1] 110  57
[1] 4650
[1] 110  79
[1] 4651
[1] 110  23
[1] 4652
[1] 110  31
[1] 4653
[1] 110  46
[1] 4654
[1] 110  81
[1] 4655
[1] 110  26
[1] 4656
[1] 110  43
[1] 4657
[1] 110  54
[1] 4658
[1] 110  43
[1] 4659
[1] 110  50
[1] 4660
[1] 110  45
[1] 4661
[1] 110  56
[1] 4662
[1] 110  29
[1] 4663
[1] 110  14
[1] 4664
[1] 110  62
[1] 4665
[1] 110  13
[1] 4666
[1] 110  40
[1] 4667
[1] 110  64
[1] 4668
[1] 110  42
[1] 4669
[1] 110  38
[1] 4670
[1] 110  55
[1] 4671
[1] 110  29
[1] 4672
[1] 110  55
[1] 4673
[1] 110  46
[1] 4674
[1] 110  85
[1] 4675
[1] 110  16
[1] 4676
[1] 110  46
[1] 4677
[1] 110  30
[1] 4678
[1] 110  39
[1] 4679
[1] 110  21
[1] 4680
[1] 110  57
[1] 4681
[1] 110  57
[1] 4682
[1] 110  50
[1] 4683
[1] 110  28
[1] 4684
[1] 110  62
[1] 4685
[1] 110  42
[1] 4686
[1] 110 102
[1] 4687
[1] 110  45
[1] 4688
[1] 110  47
[1] 4689
[1] 110  31
[1] 4690
[1] 110  45
[1] 4691
[1] 110  96
[1] 4692
[1] 110  64
[1] 4693
[1] 110  19
[1] 4694
[1] 110 114
[1] 4695
[1] 110  55
[1] 4696
[1] 110  72
[1] 4697
[1] 110  64
[1] 4698
[1] 110 119
[1] 4699
[1] 110  58
[1] 4700
[1] 110  64
