[1] 10501
[1] 110 104
[1] 10502
[1] 110  22
[1] 10503
[1] 110  54
[1] 10504
[1] 110  61
[1] 10505
[1] 110  25
[1] 10506
[1] 110  76
[1] 10507
[1] 110  47
[1] 10508
[1] 110  51
[1] 10509
[1] 110  70
[1] 10510
[1] 110  16
[1] 10511
[1] 110  40
[1] 10512
[1] 110  41
[1] 10513
[1] 110  51
[1] 10514
[1] 110  59
[1] 10515
[1] 110  49
[1] 10516
[1] 110  23
[1] 10517
[1] 110  21
[1] 10518
[1] 110  71
[1] 10519
[1] 110  49
[1] 10520
[1] 110  33
[1] 10521
[1] 110  34
[1] 10522
[1] 110  65
[1] 10523
[1] 110  34
[1] 10524
[1] 110  32
[1] 10525
[1] 110  69
[1] 10526
[1] 110  27
[1] 10527
[1] 110  30
[1] 10528
[1] 110  77
[1] 10529
[1] 110  48
[1] 10530
[1] 110  54
[1] 10531
[1] 110  54
[1] 10532
[1] 110  70
[1] 10533
[1] 110  74
[1] 10534
[1] 110  26
[1] 10535
[1] 110  71
[1] 10536
[1] 110  94
[1] 10537
[1] 110  23
[1] 10538
[1] 110  64
[1] 10539
[1] 110  71
[1] 10540
[1] 110  81
[1] 10541
[1] 110  36
[1] 10542
[1] 110  64
[1] 10543
[1] 110  20
[1] 10544
[1] 110  53
[1] 10545
[1] 110  36
[1] 10546
[1] 110  39
[1] 10547
[1] 110  71
[1] 10548
[1] 110  40
[1] 10549
[1] 110  95
[1] 10550
[1] 110  45
[1] 10551
[1] 110  18
[1] 10552
[1] 110 124
[1] 10553
[1] 110  40
[1] 10554
[1] 110  42
[1] 10555
[1] 110  48
[1] 10556
[1] 110  42
[1] 10557
[1] 110  66
[1] 10558
[1] 110  51
[1] 10559
[1] 110  51
[1] 10560
[1] 110  49
[1] 10561
[1] 110  37
[1] 10562
[1] 110  20
[1] 10563
[1] 110  41
[1] 10564
[1] 110  19
[1] 10565
[1] 110  27
[1] 10566
[1] 110  20
[1] 10567
[1] 110  21
[1] 10568
[1] 110  59
[1] 10569
[1] 110  54
[1] 10570
[1] 110  49
[1] 10571
[1] 110  70
[1] 10572
[1] 110  18
[1] 10573
[1] 110  56
[1] 10574
[1] 110  54
[1] 10575
[1] 110  56
[1] 10576
[1] 110  66
[1] 10577
[1] 110  69
[1] 10578
[1] 110  33
[1] 10579
[1] 110  43
[1] 10580
[1] 110  27
[1] 10581
[1] 110  49
[1] 10582
[1] 110  35
[1] 10583
[1] 110  76
[1] 10584
[1] 110  52
[1] 10585
[1] 110  47
