[1] 2701
[1] 110  49
[1] 2702
[1] 110  61
[1] 2703
[1] 110  45
[1] 2704
[1] 110  64
[1] 2705
[1] 110  42
[1] 2706
[1] 110  37
[1] 2707
[1] 110  46
[1] 2708
[1] 110  48
[1] 2709
[1] 110  26
[1] 2710
[1] 110  48
[1] 2711
[1] 110  49
[1] 2712
[1] 110  59
[1] 2713
[1] 110 109
[1] 2714
[1] 110  68
[1] 2715
[1] 110  21
[1] 2716
[1] 110  75
[1] 2717
[1] 110  29
[1] 2718
[1] 110  28
[1] 2719
[1] 110  25
[1] 2720
[1] 110  12
[1] 2721
[1] 110  18
[1] 2722
[1] 110  23
[1] 2723
[1] 110  52
[1] 2724
[1] 110  28
[1] 2725
[1] 110  27
[1] 2726
[1] 110  23
[1] 2727
[1] 110  58
[1] 2728
[1] 110  23
[1] 2729
[1] 110  27
[1] 2730
[1] 110  41
[1] 2731
[1] 110  46
[1] 2732
[1] 110  67
[1] 2733
[1] 110  75
[1] 2734
[1] 110  58
[1] 2735
[1] 110  60
[1] 2736
[1] 110  62
[1] 2737
[1] 110  84
[1] 2738
[1] 110  71
[1] 2739
[1] 110  46
[1] 2740
[1] 110  68
[1] 2741
[1] 110  63
[1] 2742
[1] 110  51
[1] 2743
[1] 110  83
[1] 2744
[1] 110  82
[1] 2745
[1] 110  44
[1] 2746
[1] 110  30
[1] 2747
[1] 110  49
[1] 2748
[1] 110  59
[1] 2749
[1] 110  31
[1] 2750
[1] 110  64
[1] 2751
[1] 110 176
[1] 2752
[1] 110  62
[1] 2753
[1] 110  60
[1] 2754
[1] 110  69
[1] 2755
[1] 110  64
[1] 2756
[1] 110  33
[1] 2757
[1] 110  59
[1] 2758
[1] 110  31
[1] 2759
[1] 110  14
[1] 2760
[1] 110  32
[1] 2761
[1] 110  51
[1] 2762
[1] 110  61
[1] 2763
[1] 110  51
[1] 2764
[1] 110  42
[1] 2765
[1] 110  51
[1] 2766
[1] 110  43
[1] 2767
[1] 110  47
[1] 2768
[1] 110  37
[1] 2769
[1] 110  33
[1] 2770
[1] 110  57
[1] 2771
[1] 110  67
[1] 2772
[1] 110  83
[1] 2773
[1] 110  55
[1] 2774
[1] 110  36
[1] 2775
[1] 110  60
[1] 2776
[1] 110  45
[1] 2777
[1] 110  80
[1] 2778
[1] 110  75
[1] 2779
[1] 110  68
[1] 2780
[1] 110  56
[1] 2781
[1] 110  62
[1] 2782
[1] 110  70
[1] 2783
[1] 110  68
[1] 2784
[1] 110  40
[1] 2785
[1] 110  26
[1] 2786
[1] 110  49
[1] 2787
[1] 110  24
[1] 2788
[1] 110  54
[1] 2789
[1] 110  73
[1] 2790
[1] 110  59
[1] 2791
[1] 110  78
[1] 2792
[1] 110  81
[1] 2793
[1] 110  35
[1] 2794
[1] 110  53
[1] 2795
[1] 110  33
[1] 2796
[1] 110  29
[1] 2797
[1] 110  57
[1] 2798
[1] 110  37
[1] 2799
[1] 110  69
[1] 2800
[1] 110  23
