[1] 7101
[1] 110  44
[1] 7102
[1] 110  41
[1] 7103
[1] 110  38
[1] 7104
[1] 110  68
[1] 7105
[1] 110  82
[1] 7106
[1] 110  54
[1] 7107
[1] 110  60
[1] 7108
[1] 110  76
[1] 7109
[1] 110  57
[1] 7110
[1] 110  65
[1] 7111
[1] 110  54
[1] 7112
[1] 110  82
[1] 7113
[1] 110  44
[1] 7114
[1] 110  55
[1] 7115
[1] 110  48
[1] 7116
[1] 110 105
[1] 7117
[1] 110  53
[1] 7118
[1] 110  63
[1] 7119
[1] 110  78
[1] 7120
[1] 110  35
[1] 7121
[1] 110  36
[1] 7122
[1] 110  28
[1] 7123
[1] 110  41
[1] 7124
[1] 110  60
[1] 7125
[1] 110  59
[1] 7126
[1] 110  72
[1] 7127
[1] 110  51
[1] 7128
[1] 110  60
[1] 7129
[1] 110  68
[1] 7130
[1] 110  87
[1] 7131
[1] 110  68
[1] 7132
[1] 110  48
[1] 7133
[1] 110  49
[1] 7134
[1] 110  42
[1] 7135
[1] 110  65
[1] 7136
[1] 110  44
[1] 7137
[1] 110  27
[1] 7138
[1] 110  49
[1] 7139
[1] 110  35
[1] 7140
[1] 110  56
[1] 7141
[1] 110  32
[1] 7142
[1] 110  55
[1] 7143
[1] 110  29
[1] 7144
[1] 110  59
[1] 7145
[1] 110  72
[1] 7146
[1] 110  35
[1] 7147
[1] 110  52
[1] 7148
[1] 110  52
[1] 7149
[1] 110 108
[1] 7150
[1] 110  66
[1] 7151
[1] 110  60
[1] 7152
[1] 110  34
[1] 7153
[1] 110  65
[1] 7154
[1] 110  34
[1] 7155
[1] 110  34
[1] 7156
[1] 110  36
[1] 7157
[1] 110  56
[1] 7158
[1] 110  55
[1] 7159
[1] 110  42
[1] 7160
[1] 110  69
[1] 7161
[1] 110  67
[1] 7162
[1] 110 157
[1] 7163
[1] 110  36
[1] 7164
[1] 110  45
[1] 7165
[1] 110  48
[1] 7166
[1] 110  59
[1] 7167
[1] 110  18
[1] 7168
[1] 110  80
[1] 7169
[1] 110  36
[1] 7170
[1] 110  37
[1] 7171
[1] 110  50
[1] 7172
[1] 110  81
[1] 7173
[1] 110  47
[1] 7174
[1] 110  98
[1] 7175
[1] 110  54
[1] 7176
[1] 110  87
[1] 7177
[1] 110  88
[1] 7178
[1] 110  84
[1] 7179
[1] 110  83
[1] 7180
[1] 110  28
[1] 7181
[1] 110  57
[1] 7182
[1] 110  63
[1] 7183
[1] 110  74
[1] 7184
[1] 110  18
[1] 7185
[1] 110  48
[1] 7186
[1] 110  56
[1] 7187
[1] 110  43
[1] 7188
[1] 110  41
[1] 7189
[1] 110  43
[1] 7190
[1] 110  51
[1] 7191
[1] 110  41
[1] 7192
[1] 110 106
[1] 7193
[1] 110  54
[1] 7194
[1] 110  42
[1] 7195
[1] 110  49
[1] 7196
[1] 110  37
[1] 7197
[1] 110  41
[1] 7198
[1] 110  35
[1] 7199
[1] 110  54
[1] 7200
[1] 110  34
