[1] 8301
[1] 110  20
[1] 8302
[1] 110  75
[1] 8303
[1] 110  38
[1] 8304
[1] 110  36
[1] 8305
[1] 110  70
[1] 8306
[1] 110  79
[1] 8307
[1] 110  35
[1] 8308
[1] 110  34
[1] 8309
[1] 110  64
[1] 8310
[1] 110  73
[1] 8311
[1] 110  53
[1] 8312
[1] 110  80
[1] 8313
[1] 110  51
[1] 8314
[1] 110   2
[1] 8315
[1] 110   3
[1] 8316
[1] 110  16
[1] 8317
[1] 110  58
[1] 8318
[1] 110  54
[1] 8319
[1] 110  51
[1] 8320
[1] 110  21
[1] 8321
[1] 110 285
[1] 8322
[1] 110  39
[1] 8323
[1] 110  37
[1] 8324
[1] 110  15
[1] 8325
[1] 110  42
[1] 8326
[1] 110  55
[1] 8327
[1] 110  40
[1] 8328
[1] 110  22
[1] 8329
[1] 110  57
[1] 8330
[1] 110  36
[1] 8331
[1] 110  31
[1] 8332
[1] 110  60
[1] 8333
[1] 110  76
[1] 8334
[1] 110  27
[1] 8335
[1] 110  44
[1] 8336
[1] 110  45
[1] 8337
[1] 110  38
[1] 8338
[1] 110  72
[1] 8339
[1] 110  87
[1] 8340
[1] 110  50
[1] 8341
[1] 110  25
[1] 8342
[1] 110  54
[1] 8343
[1] 110  45
[1] 8344
[1] 110  45
[1] 8345
[1] 110  56
[1] 8346
[1] 110  64
[1] 8347
[1] 110  68
[1] 8348
[1] 110  48
[1] 8349
[1] 110  63
[1] 8350
[1] 110  34
[1] 8351
[1] 110  34
[1] 8352
[1] 110  19
[1] 8353
[1] 110  41
[1] 8354
[1] 110  40
[1] 8355
[1] 110  41
[1] 8356
[1] 110  60
[1] 8357
[1] 110  39
[1] 8358
[1] 110  78
[1] 8359
[1] 110  53
[1] 8360
[1] 110  37
[1] 8361
[1] 110  30
[1] 8362
[1] 110  27
[1] 8363
[1] 110  28
[1] 8364
[1] 110  78
[1] 8365
[1] 110  42
[1] 8366
[1] 110  42
[1] 8367
[1] 110  39
[1] 8368
[1] 110  52
[1] 8369
[1] 110  29
[1] 8370
[1] 110  52
[1] 8371
[1] 110  31
[1] 8372
[1] 110  45
[1] 8373
[1] 110  58
[1] 8374
[1] 110  71
[1] 8375
[1] 110  48
[1] 8376
[1] 110  48
[1] 8377
[1] 110  10
[1] 8378
[1] 110  33
[1] 8379
[1] 110 111
[1] 8380
[1] 110  72
[1] 8381
[1] 110  68
[1] 8382
[1] 110  48
[1] 8383
[1] 110  62
[1] 8384
[1] 110  37
[1] 8385
[1] 110  75
[1] 8386
[1] 110  38
[1] 8387
[1] 110  64
[1] 8388
[1] 110  18
[1] 8389
[1] 110  35
[1] 8390
[1] 110  20
[1] 8391
[1] 110  21
[1] 8392
[1] 110  86
[1] 8393
[1] 110  21
[1] 8394
[1] 110  37
[1] 8395
[1] 110  75
[1] 8396
[1] 110  65
[1] 8397
[1] 110  35
[1] 8398
[1] 110  23
[1] 8399
[1] 110  22
[1] 8400
[1] 110  44
