[1] 3601
[1] 110  61
[1] 3602
[1] 110  60
[1] 3603
[1] 110  65
[1] 3604
[1] 110  46
[1] 3605
[1] 110  50
[1] 3606
[1] 110  49
[1] 3607
[1] 110  34
[1] 3608
[1] 110  38
[1] 3609
[1] 110  63
[1] 3610
[1] 110  45
[1] 3611
[1] 110  47
[1] 3612
[1] 110  37
[1] 3613
[1] 110  57
[1] 3614
[1] 110  63
[1] 3615
[1] 110  58
[1] 3616
[1] 110  44
[1] 3617
[1] 110  44
[1] 3618
[1] 110  44
[1] 3619
[1] 110  65
[1] 3620
[1] 110  61
[1] 3621
[1] 110  83
[1] 3622
[1] 110  45
[1] 3623
[1] 110  42
[1] 3624
[1] 110  52
[1] 3625
[1] 110  55
[1] 3626
[1] 110  78
[1] 3627
[1] 110  73
[1] 3628
[1] 110  76
[1] 3629
[1] 110  71
[1] 3630
[1] 110  38
[1] 3631
[1] 110  69
[1] 3632
[1] 110  58
[1] 3633
[1] 110  59
[1] 3634
[1] 110  33
[1] 3635
[1] 110  57
[1] 3636
[1] 110  78
[1] 3637
[1] 110  38
[1] 3638
[1] 110  68
[1] 3639
[1] 110  67
[1] 3640
[1] 110  60
[1] 3641
[1] 110  73
[1] 3642
[1] 110  49
[1] 3643
[1] 110  51
[1] 3644
[1] 110  59
[1] 3645
[1] 110  83
[1] 3646
[1] 110  92
[1] 3647
[1] 110  32
[1] 3648
[1] 110  34
[1] 3649
[1] 110  72
[1] 3650
[1] 110  43
[1] 3651
[1] 110  30
[1] 3652
[1] 110  58
[1] 3653
[1] 110  30
[1] 3654
[1] 110  70
[1] 3655
[1] 110  47
[1] 3656
[1] 110  67
[1] 3657
[1] 110  58
[1] 3658
[1] 110  61
[1] 3659
[1] 110  34
[1] 3660
[1] 110  35
[1] 3661
[1] 110  50
[1] 3662
[1] 110  28
[1] 3663
[1] 110  57
[1] 3664
[1] 110  34
[1] 3665
[1] 110  43
[1] 3666
[1] 110  58
[1] 3667
[1] 110  30
[1] 3668
[1] 110  30
[1] 3669
[1] 110  59
[1] 3670
[1] 110  48
[1] 3671
[1] 110  58
[1] 3672
[1] 110  77
[1] 3673
[1] 110  60
[1] 3674
[1] 110  61
[1] 3675
[1] 110  44
[1] 3676
[1] 110  37
[1] 3677
[1] 110  48
[1] 3678
[1] 110  53
[1] 3679
[1] 110  59
[1] 3680
[1] 110  79
[1] 3681
[1] 110  73
[1] 3682
[1] 110  28
[1] 3683
[1] 110  39
[1] 3684
[1] 110  57
[1] 3685
[1] 110  54
[1] 3686
[1] 110  55
[1] 3687
[1] 110  57
[1] 3688
[1] 110  46
[1] 3689
[1] 110  16
[1] 3690
[1] 110  52
[1] 3691
[1] 110  66
[1] 3692
[1] 110  90
[1] 3693
[1] 110  49
[1] 3694
[1] 110  37
[1] 3695
[1] 110 132
[1] 3696
[1] 110  56
[1] 3697
[1] 110  61
[1] 3698
[1] 110  35
[1] 3699
[1] 110  62
[1] 3700
[1] 110  41
