[1] 401
[1] 110  45
[1] 402
[1] 110  37
[1] 403
[1] 110  49
[1] 404
[1] 110  41
[1] 405
[1] 110  47
[1] 406
[1] 110 138
[1] 407
[1] 110  49
[1] 408
[1] 110  56
[1] 409
[1] 110  57
[1] 410
[1] 110  41
[1] 411
[1] 110  62
[1] 412
[1] 110  95
[1] 413
[1] 110  60
[1] 414
[1] 110  31
[1] 415
[1] 110  44
[1] 416
[1] 110  18
[1] 417
[1] 110  25
[1] 418
[1] 110  78
[1] 419
[1] 110  51
[1] 420
[1] 110 104
[1] 421
[1] 110  77
[1] 422
[1] 110  30
[1] 423
[1] 110  56
[1] 424
[1] 110  75
[1] 425
[1] 110 127
[1] 426
[1] 110  67
[1] 427
[1] 110  41
[1] 428
[1] 110  45
[1] 429
[1] 110  82
[1] 430
[1] 110  33
[1] 431
[1] 110  38
[1] 432
[1] 110  52
[1] 433
[1] 110  31
[1] 434
[1] 110  40
[1] 435
[1] 110  47
[1] 436
[1] 110  51
[1] 437
[1] 110  73
[1] 438
[1] 110 100
[1] 439
[1] 110  35
[1] 440
[1] 110  64
[1] 441
[1] 110  72
[1] 442
[1] 110  40
[1] 443
[1] 110  43
[1] 444
[1] 110  44
[1] 445
[1] 110  30
[1] 446
[1] 110  81
[1] 447
[1] 110  30
[1] 448
[1] 110  28
[1] 449
[1] 110  24
[1] 450
[1] 110  53
[1] 451
[1] 110  38
[1] 452
[1] 110  23
[1] 453
[1] 110  61
[1] 454
[1] 110  47
[1] 455
[1] 110  48
[1] 456
[1] 110  97
[1] 457
[1] 110 117
[1] 458
[1] 110  57
[1] 459
[1] 110  56
[1] 460
[1] 110  38
[1] 461
[1] 110  69
[1] 462
[1] 110  68
[1] 463
[1] 110  28
[1] 464
[1] 110  54
[1] 465
[1] 110  19
[1] 466
[1] 110  40
[1] 467
[1] 110  63
[1] 468
[1] 110  44
[1] 469
[1] 110  91
[1] 470
[1] 110  24
[1] 471
[1] 110  38
[1] 472
[1] 110 107
[1] 473
[1] 110  61
[1] 474
[1] 110  31
[1] 475
[1] 110  61
[1] 476
[1] 110  32
[1] 477
[1] 110  32
[1] 478
[1] 110  53
[1] 479
[1] 110  39
[1] 480
[1] 110  70
[1] 481
[1] 110  70
[1] 482
[1] 110  19
[1] 483
[1] 110  39
[1] 484
[1] 110  61
[1] 485
[1] 110  64
[1] 486
[1] 110  65
[1] 487
[1] 110  76
[1] 488
[1] 110  48
[1] 489
[1] 110  38
[1] 490
[1] 110  48
[1] 491
[1] 110  40
[1] 492
[1] 110 109
[1] 493
[1] 110  27
[1] 494
[1] 110  37
[1] 495
[1] 110  55
[1] 496
[1] 110  41
[1] 497
[1] 110  48
[1] 498
[1] 110  55
[1] 499
[1] 110  57
[1] 500
[1] 110  79
