[1] 9801
[1] 110  38
[1] 9802
[1] 110  27
[1] 9803
[1] 110  40
[1] 9804
[1] 110  64
[1] 9805
[1] 110  60
[1] 9806
[1] 110  31
[1] 9807
[1] 110  68
[1] 9808
[1] 110  22
[1] 9809
[1] 110  90
[1] 9810
[1] 110  43
[1] 9811
[1] 110  70
[1] 9812
[1] 110  20
[1] 9813
[1] 110  52
[1] 9814
[1] 110  62
[1] 9815
[1] 110  55
[1] 9816
[1] 110  49
[1] 9817
[1] 110  22
[1] 9818
[1] 110  40
[1] 9819
[1] 110  50
[1] 9820
[1] 110  30
[1] 9821
[1] 110  51
[1] 9822
[1] 110  60
[1] 9823
[1] 110  41
[1] 9824
[1] 110  32
[1] 9825
[1] 110  24
[1] 9826
[1] 110  33
[1] 9827
[1] 110  27
[1] 9828
[1] 110  74
[1] 9829
[1] 110  41
[1] 9830
[1] 110  42
[1] 9831
[1] 110  63
[1] 9832
[1] 110  17
[1] 9833
[1] 110  47
[1] 9834
[1] 110  49
[1] 9835
[1] 110  57
[1] 9836
[1] 110  40
[1] 9837
[1] 110  22
[1] 9838
[1] 110  58
[1] 9839
[1] 110  67
[1] 9840
[1] 110  42
[1] 9841
[1] 110  29
[1] 9842
[1] 110  73
[1] 9843
[1] 110  44
[1] 9844
[1] 110  27
[1] 9845
[1] 110  55
[1] 9846
[1] 110  60
[1] 9847
[1] 110  64
[1] 9848
[1] 110  32
[1] 9849
[1] 110  27
[1] 9850
[1] 110  42
[1] 9851
[1] 110  57
[1] 9852
[1] 110  35
[1] 9853
[1] 110  41
[1] 9854
[1] 110  21
[1] 9855
[1] 110  56
[1] 9856
[1] 110  34
[1] 9857
[1] 110  37
[1] 9858
[1] 110  73
[1] 9859
[1] 110  74
[1] 9860
[1] 110  40
[1] 9861
[1] 110  60
[1] 9862
[1] 110  52
[1] 9863
[1] 110  55
[1] 9864
[1] 110  10
[1] 9865
[1] 110  70
[1] 9866
[1] 110  66
[1] 9867
[1] 110  31
[1] 9868
[1] 110  46
[1] 9869
[1] 110  56
[1] 9870
[1] 110  55
[1] 9871
[1] 110  43
[1] 9872
[1] 110  29
[1] 9873
[1] 110  73
[1] 9874
[1] 110  58
[1] 9875
[1] 110  45
[1] 9876
[1] 110  51
[1] 9877
[1] 110  15
[1] 9878
[1] 110  38
[1] 9879
[1] 110 324
[1] 9880
[1] 110  55
[1] 9881
[1] 110  23
[1] 9882
[1] 110  36
[1] 9883
[1] 110  60
[1] 9884
[1] 110  50
[1] 9885
[1] 110  52
[1] 9886
[1] 110  55
[1] 9887
[1] 110  89
[1] 9888
[1] 110  48
[1] 9889
[1] 110  50
[1] 9890
[1] 110  93
[1] 9891
[1] 110  80
[1] 9892
[1] 110  51
[1] 9893
[1] 110  91
[1] 9894
[1] 110  40
[1] 9895
[1] 110  82
[1] 9896
[1] 110  50
[1] 9897
[1] 110  58
[1] 9898
[1] 110  70
[1] 9899
[1] 110  31
[1] 9900
[1] 110  43
