[1] 4301
[1] 110  25
[1] 4302
[1] 110  28
[1] 4303
[1] 110  26
[1] 4304
[1] 110  88
[1] 4305
[1] 110  60
[1] 4306
[1] 110  48
[1] 4307
[1] 110  48
[1] 4308
[1] 110  55
[1] 4309
[1] 110  48
[1] 4310
[1] 110  73
[1] 4311
[1] 110  16
[1] 4312
[1] 110  48
[1] 4313
[1] 110  17
[1] 4314
[1] 110  53
[1] 4315
[1] 110  28
[1] 4316
[1] 110  46
[1] 4317
[1] 110  51
[1] 4318
[1] 110  34
[1] 4319
[1] 110  25
[1] 4320
[1] 110  35
[1] 4321
[1] 110  23
[1] 4322
[1] 110  24
[1] 4323
[1] 110  23
[1] 4324
[1] 110  48
[1] 4325
[1] 110  28
[1] 4326
[1] 110  59
[1] 4327
[1] 110  66
[1] 4328
[1] 110  41
[1] 4329
[1] 110  59
[1] 4330
[1] 110 113
[1] 4331
[1] 110  70
[1] 4332
[1] 110  56
[1] 4333
[1] 110  31
[1] 4334
[1] 110  29
[1] 4335
[1] 110  61
[1] 4336
[1] 110  60
[1] 4337
[1] 110  55
[1] 4338
[1] 110  58
[1] 4339
[1] 110  64
[1] 4340
[1] 110  70
[1] 4341
[1] 110  47
[1] 4342
[1] 110  49
[1] 4343
[1] 110  60
[1] 4344
[1] 110  54
[1] 4345
[1] 110 114
[1] 4346
[1] 110  75
[1] 4347
[1] 110  61
[1] 4348
[1] 110  81
[1] 4349
[1] 110  31
[1] 4350
[1] 110  33
[1] 4351
[1] 110  53
[1] 4352
[1] 110  82
[1] 4353
[1] 110  76
[1] 4354
[1] 110 113
[1] 4355
[1] 110  60
[1] 4356
[1] 110  54
[1] 4357
[1] 110  71
[1] 4358
[1] 110  67
[1] 4359
[1] 110  59
[1] 4360
[1] 110  48
[1] 4361
[1] 110  80
[1] 4362
[1] 110  68
[1] 4363
[1] 110  48
[1] 4364
[1] 110  58
[1] 4365
[1] 110  52
[1] 4366
[1] 110  35
[1] 4367
[1] 110  18
[1] 4368
[1] 110  60
[1] 4369
[1] 110  72
[1] 4370
[1] 110  44
[1] 4371
[1] 110 150
[1] 4372
[1] 110  44
[1] 4373
[1] 110  57
[1] 4374
[1] 110  92
[1] 4375
[1] 110  24
[1] 4376
[1] 110  49
[1] 4377
[1] 110  89
[1] 4378
[1] 110  56
[1] 4379
[1] 110  71
[1] 4380
[1] 110  28
[1] 4381
[1] 110  57
[1] 4382
[1] 110  34
[1] 4383
[1] 110  31
[1] 4384
[1] 110  62
[1] 4385
[1] 110  62
[1] 4386
[1] 110  55
[1] 4387
[1] 110  69
[1] 4388
[1] 110  66
[1] 4389
[1] 110  30
[1] 4390
[1] 110  53
[1] 4391
[1] 110  34
[1] 4392
[1] 110  19
[1] 4393
[1] 110  18
[1] 4394
[1] 110  40
[1] 4395
[1] 110  53
[1] 4396
[1] 110  69
[1] 4397
[1] 110  89
[1] 4398
[1] 110  39
[1] 4399
[1] 110  59
[1] 4400
[1] 110  40
