[1] 8201
[1] 110  43
[1] 8202
[1] 110  56
[1] 8203
[1] 110  16
[1] 8204
[1] 110  47
[1] 8205
[1] 110  28
[1] 8206
[1] 110  29
[1] 8207
[1] 110  48
[1] 8208
[1] 110  50
[1] 8209
[1] 110  34
[1] 8210
[1] 110  55
[1] 8211
[1] 110  38
[1] 8212
[1] 110  58
[1] 8213
[1] 110  58
[1] 8214
[1] 110  53
[1] 8215
[1] 110  67
[1] 8216
[1] 110  53
[1] 8217
[1] 110  29
[1] 8218
[1] 110  23
[1] 8219
[1] 110  97
[1] 8220
[1] 110 100
[1] 8221
[1] 110  91
[1] 8222
[1] 110  82
[1] 8223
[1] 110  47
[1] 8224
[1] 110  52
[1] 8225
[1] 110  32
[1] 8226
[1] 110  27
[1] 8227
[1] 110 242
[1] 8228
[1] 110  74
[1] 8229
[1] 110  69
[1] 8230
[1] 110  68
[1] 8231
[1] 110  36
[1] 8232
[1] 110  40
[1] 8233
[1] 110  50
[1] 8234
[1] 110  45
[1] 8235
[1] 110  21
[1] 8236
[1] 110  55
[1] 8237
[1] 110 147
[1] 8238
[1] 110  50
[1] 8239
[1] 110  50
[1] 8240
[1] 110  49
[1] 8241
[1] 110  85
[1] 8242
[1] 110  78
[1] 8243
[1] 110  27
[1] 8244
[1] 110  15
[1] 8245
[1] 110  60
[1] 8246
[1] 110  30
[1] 8247
[1] 110  43
[1] 8248
[1] 110  84
[1] 8249
[1] 110  66
[1] 8250
[1] 110  82
[1] 8251
[1] 110  54
[1] 8252
[1] 110  17
[1] 8253
[1] 110  37
[1] 8254
[1] 110  15
[1] 8255
[1] 110  16
[1] 8256
[1] 110  66
[1] 8257
[1] 110  16
[1] 8258
[1] 110  43
[1] 8259
[1] 110  33
[1] 8260
[1] 110  56
[1] 8261
[1] 110  70
[1] 8262
[1] 110  34
[1] 8263
[1] 110  29
[1] 8264
[1] 110  73
[1] 8265
[1] 110  34
[1] 8266
[1] 110  43
[1] 8267
[1] 110  71
[1] 8268
[1] 110  60
[1] 8269
[1] 110  72
[1] 8270
[1] 110  93
[1] 8271
[1] 110  32
[1] 8272
[1] 110  83
[1] 8273
[1] 110  32
[1] 8274
[1] 110  33
[1] 8275
[1] 110  36
[1] 8276
[1] 110  35
[1] 8277
[1] 110  36
[1] 8278
[1] 110  32
[1] 8279
[1] 110  40
[1] 8280
[1] 110  31
[1] 8281
[1] 110  39
[1] 8282
[1] 110  36
[1] 8283
[1] 110  58
[1] 8284
[1] 110  32
[1] 8285
[1] 110  82
[1] 8286
[1] 110  67
[1] 8287
[1] 110  35
[1] 8288
[1] 110  31
[1] 8289
[1] 110  49
[1] 8290
[1] 110  48
[1] 8291
[1] 110  39
[1] 8292
[1] 110  36
[1] 8293
[1] 110  20
[1] 8294
[1] 110  38
[1] 8295
[1] 110  69
[1] 8296
[1] 110  28
[1] 8297
[1] 110  37
[1] 8298
[1] 110  39
[1] 8299
[1] 110  25
[1] 8300
[1] 110  74
