[1] 3201
[1] 110  48
[1] 3202
[1] 110  48
[1] 3203
[1] 110  71
[1] 3204
[1] 110  38
[1] 3205
[1] 110  50
[1] 3206
[1] 110  52
[1] 3207
[1] 110  51
[1] 3208
[1] 110  46
[1] 3209
[1] 110  33
[1] 3210
[1] 110  41
[1] 3211
[1] 110  64
[1] 3212
[1] 110  46
[1] 3213
[1] 110  85
[1] 3214
[1] 110  42
[1] 3215
[1] 110  47
[1] 3216
[1] 110  36
[1] 3217
[1] 110  18
[1] 3218
[1] 110  87
[1] 3219
[1] 110  79
[1] 3220
[1] 110  48
[1] 3221
[1] 110  59
[1] 3222
[1] 110  43
[1] 3223
[1] 110  68
[1] 3224
[1] 110  68
[1] 3225
[1] 110  60
[1] 3226
[1] 110  59
[1] 3227
[1] 110  66
[1] 3228
[1] 110  80
[1] 3229
[1] 110  82
[1] 3230
[1] 110  52
[1] 3231
[1] 110  42
[1] 3232
[1] 110  19
[1] 3233
[1] 110  27
[1] 3234
[1] 110  17
[1] 3235
[1] 110  33
[1] 3236
[1] 110  68
[1] 3237
[1] 110  58
[1] 3238
[1] 110  34
[1] 3239
[1] 110  37
[1] 3240
[1] 110  48
[1] 3241
[1] 110  49
[1] 3242
[1] 110  83
[1] 3243
[1] 110  76
[1] 3244
[1] 110  53
[1] 3245
[1] 110  52
[1] 3246
[1] 110  83
[1] 3247
[1] 110  76
[1] 3248
[1] 110  71
[1] 3249
[1] 110  20
[1] 3250
[1] 110  21
[1] 3251
[1] 110  43
[1] 3252
[1] 110  24
[1] 3253
[1] 110  36
[1] 3254
[1] 110  40
[1] 3255
[1] 110  65
[1] 3256
[1] 110  29
[1] 3257
[1] 110  33
[1] 3258
[1] 110  70
[1] 3259
[1] 110  27
[1] 3260
[1] 110  38
[1] 3261
[1] 110  62
[1] 3262
[1] 110  40
[1] 3263
[1] 110  39
[1] 3264
[1] 110  25
[1] 3265
[1] 110  31
[1] 3266
[1] 110  66
[1] 3267
[1] 110  80
[1] 3268
[1] 110  52
[1] 3269
[1] 110  47
[1] 3270
[1] 110  46
[1] 3271
[1] 110  48
[1] 3272
[1] 110  35
[1] 3273
[1] 110  38
[1] 3274
[1] 110  49
[1] 3275
[1] 110  36
[1] 3276
[1] 110  32
[1] 3277
[1] 110  67
[1] 3278
[1] 110  46
[1] 3279
[1] 110  39
[1] 3280
[1] 110  60
[1] 3281
[1] 110  40
[1] 3282
[1] 110  49
[1] 3283
[1] 110  62
[1] 3284
[1] 110  38
[1] 3285
[1] 110  42
[1] 3286
[1] 110  40
[1] 3287
[1] 110  70
[1] 3288
[1] 110  48
[1] 3289
[1] 110  41
[1] 3290
[1] 110  32
[1] 3291
[1] 110  91
[1] 3292
[1] 110  60
[1] 3293
[1] 110  56
[1] 3294
[1] 110  44
[1] 3295
[1] 110  33
[1] 3296
[1] 110  60
[1] 3297
[1] 110  46
[1] 3298
[1] 110  44
[1] 3299
[1] 110  55
[1] 3300
[1] 110  29
