[1] 6701
[1] 110  33
[1] 6702
[1] 110  40
[1] 6703
[1] 110  56
[1] 6704
[1] 110  57
[1] 6705
[1] 110  48
[1] 6706
[1] 110  50
[1] 6707
[1] 110  58
[1] 6708
[1] 110  72
[1] 6709
[1] 110  74
[1] 6710
[1] 110  45
[1] 6711
[1] 110  37
[1] 6712
[1] 110  36
[1] 6713
[1] 110  48
[1] 6714
[1] 110  34
[1] 6715
[1] 110  34
[1] 6716
[1] 110  32
[1] 6717
[1] 110  56
[1] 6718
[1] 110  54
[1] 6719
[1] 110  33
[1] 6720
[1] 110  51
[1] 6721
[1] 110  45
[1] 6722
[1] 110  24
[1] 6723
[1] 110  59
[1] 6724
[1] 110  25
[1] 6725
[1] 110  57
[1] 6726
[1] 110  97
[1] 6727
[1] 110  61
[1] 6728
[1] 110  54
[1] 6729
[1] 110  70
[1] 6730
[1] 110  65
[1] 6731
[1] 110  45
[1] 6732
[1] 110  24
[1] 6733
[1] 110  24
[1] 6734
[1] 110  61
[1] 6735
[1] 110  60
[1] 6736
[1] 110  65
[1] 6737
[1] 110  21
[1] 6738
[1] 110  23
[1] 6739
[1] 110  16
[1] 6740
[1] 110  21
[1] 6741
[1] 110  57
[1] 6742
[1] 110  59
[1] 6743
[1] 110  55
[1] 6744
[1] 110  49
[1] 6745
[1] 110 108
[1] 6746
[1] 110  44
[1] 6747
[1] 110  29
[1] 6748
[1] 110  16
[1] 6749
[1] 110  19
[1] 6750
[1] 110  47
[1] 6751
[1] 110  21
[1] 6752
[1] 110  22
[1] 6753
[1] 110  24
[1] 6754
[1] 110  24
[1] 6755
[1] 110  32
[1] 6756
[1] 110  31
[1] 6757
[1] 110  33
[1] 6758
[1] 110  42
[1] 6759
[1] 110  17
[1] 6760
[1] 110  41
[1] 6761
[1] 110  34
[1] 6762
[1] 110  36
[1] 6763
[1] 110  32
[1] 6764
[1] 110  65
[1] 6765
[1] 110  65
[1] 6766
[1] 110  56
[1] 6767
[1] 110  45
[1] 6768
[1] 110  22
[1] 6769
[1] 110  29
[1] 6770
[1] 110  65
[1] 6771
[1] 110  69
[1] 6772
[1] 110  81
[1] 6773
[1] 110  72
[1] 6774
[1] 110  73
[1] 6775
[1] 110  81
[1] 6776
[1] 110  36
[1] 6777
[1] 110  37
[1] 6778
[1] 110  29
[1] 6779
[1] 110  34
[1] 6780
[1] 110  60
[1] 6781
[1] 110  54
[1] 6782
[1] 110  41
[1] 6783
[1] 110  15
[1] 6784
[1] 110  16
[1] 6785
[1] 110  42
[1] 6786
[1] 110  49
[1] 6787
[1] 110  52
[1] 6788
[1] 110  47
[1] 6789
[1] 110  22
[1] 6790
[1] 110  18
[1] 6791
[1] 110  21
[1] 6792
[1] 110  73
[1] 6793
[1] 110  63
[1] 6794
[1] 110  32
[1] 6795
[1] 110  57
[1] 6796
[1] 110  57
[1] 6797
[1] 110  80
[1] 6798
[1] 110  66
[1] 6799
[1] 110  54
[1] 6800
[1] 110  53
