[1] 9401
[1] 110  30
[1] 9402
[1] 110  57
[1] 9403
[1] 110  74
[1] 9404
[1] 110  34
[1] 9405
[1] 110  26
[1] 9406
[1] 110  31
[1] 9407
[1] 110  26
[1] 9408
[1] 110  45
[1] 9409
[1] 110   4
[1] 9410
[1] 110  54
[1] 9411
[1] 110  56
[1] 9412
[1] 110  31
[1] 9413
[1] 110  34
[1] 9414
[1] 110  52
[1] 9415
[1] 110  37
[1] 9416
[1] 110  49
[1] 9417
[1] 110  42
[1] 9418
[1] 110  22
[1] 9419
[1] 110  36
[1] 9420
[1] 110  31
[1] 9421
[1] 110  88
[1] 9422
[1] 110   9
[1] 9423
[1] 110  36
[1] 9424
[1] 110  61
[1] 9425
[1] 110  47
[1] 9426
[1] 110  40
[1] 9427
[1] 110  59
[1] 9428
[1] 110  57
[1] 9429
[1] 110  18
[1] 9430
[1] 110  50
[1] 9431
[1] 110  69
[1] 9432
[1] 110  23
[1] 9433
[1] 110  55
[1] 9434
[1] 110  49
[1] 9435
[1] 110  22
[1] 9436
[1] 110   0
[1] 9437
[1] 110  33
[1] 9438
[1] 110  43
[1] 9439
[1] 110  37
[1] 9440
[1] 110  48
[1] 9441
[1] 110  26
[1] 9442
[1] 110 121
[1] 9443
[1] 110  49
[1] 9444
[1] 110  26
[1] 9445
[1] 110  54
[1] 9446
[1] 110  43
[1] 9447
[1] 110  48
[1] 9448
[1] 110  27
[1] 9449
[1] 110  54
[1] 9450
[1] 110  70
[1] 9451
[1] 110  51
[1] 9452
[1] 110  44
[1] 9453
[1] 110  62
[1] 9454
[1] 110  44
[1] 9455
[1] 110  46
[1] 9456
[1] 110  19
[1] 9457
[1] 110  39
[1] 9458
[1] 110  44
[1] 9459
[1] 110  26
[1] 9460
[1] 110  41
[1] 9461
[1] 110  49
[1] 9462
[1] 110  70
[1] 9463
[1] 110  30
[1] 9464
[1] 110  47
[1] 9465
[1] 110  56
[1] 9466
[1] 110  45
[1] 9467
[1] 110  33
[1] 9468
[1] 110  57
[1] 9469
[1] 110  32
[1] 9470
[1] 110  54
[1] 9471
[1] 110  54
[1] 9472
[1] 110  19
[1] 9473
[1] 110  27
[1] 9474
[1] 110  39
[1] 9475
[1] 110  83
[1] 9476
[1] 110  43
[1] 9477
[1] 110  22
[1] 9478
[1] 110  47
[1] 9479
[1] 110  57
[1] 9480
[1] 110  44
[1] 9481
[1] 110  43
[1] 9482
[1] 110  68
[1] 9483
[1] 110  34
[1] 9484
[1] 110  22
[1] 9485
[1] 110  36
[1] 9486
[1] 110  19
[1] 9487
[1] 110  56
[1] 9488
[1] 110  63
[1] 9489
[1] 110  21
[1] 9490
[1] 110  48
[1] 9491
[1] 110  50
[1] 9492
[1] 110 278
[1] 9493
[1] 110  49
[1] 9494
[1] 110  59
[1] 9495
[1] 110  44
[1] 9496
[1] 110 143
[1] 9497
[1] 110  24
[1] 9498
[1] 110  45
[1] 9499
[1] 110  45
[1] 9500
[1] 110  43
