[1] 4201
[1] 110  57
[1] 4202
[1] 110  53
[1] 4203
[1] 110  57
[1] 4204
[1] 110  61
[1] 4205
[1] 110  54
[1] 4206
[1] 110  44
[1] 4207
[1] 110  20
[1] 4208
[1] 110  38
[1] 4209
[1] 110  22
[1] 4210
[1] 110  30
[1] 4211
[1] 110  58
[1] 4212
[1] 110  55
[1] 4213
[1] 110  23
[1] 4214
[1] 110  23
[1] 4215
[1] 110  45
[1] 4216
[1] 110  23
[1] 4217
[1] 110  49
[1] 4218
[1] 110  76
[1] 4219
[1] 110  91
[1] 4220
[1] 110  82
[1] 4221
[1] 110  90
[1] 4222
[1] 110  83
[1] 4223
[1] 110  61
[1] 4224
[1] 110  17
[1] 4225
[1] 110  76
[1] 4226
[1] 110  65
[1] 4227
[1] 110  65
[1] 4228
[1] 110  51
[1] 4229
[1] 110  73
[1] 4230
[1] 110  57
[1] 4231
[1] 110  37
[1] 4232
[1] 110  66
[1] 4233
[1] 110  29
[1] 4234
[1] 110  36
[1] 4235
[1] 110  34
[1] 4236
[1] 110  34
[1] 4237
[1] 110  35
[1] 4238
[1] 110  65
[1] 4239
[1] 110  49
[1] 4240
[1] 110  61
[1] 4241
[1] 110  47
[1] 4242
[1] 110  54
[1] 4243
[1] 110  55
[1] 4244
[1] 110  18
[1] 4245
[1] 110  55
[1] 4246
[1] 110  73
[1] 4247
[1] 110  57
[1] 4248
[1] 110  82
[1] 4249
[1] 110  18
[1] 4250
[1] 110  70
[1] 4251
[1] 110 158
[1] 4252
[1] 110 122
[1] 4253
[1] 110  75
[1] 4254
[1] 110  70
[1] 4255
[1] 110  69
[1] 4256
[1] 110  60
[1] 4257
[1] 110  42
[1] 4258
[1] 110  42
[1] 4259
[1] 110  34
[1] 4260
[1] 110  53
[1] 4261
[1] 110  53
[1] 4262
[1] 110  52
[1] 4263
[1] 110  56
[1] 4264
[1] 110  71
[1] 4265
[1] 110  59
[1] 4266
[1] 110  51
[1] 4267
[1] 110  68
[1] 4268
[1] 110  58
[1] 4269
[1] 110  71
[1] 4270
[1] 110  68
[1] 4271
[1] 110  59
[1] 4272
[1] 110  58
[1] 4273
[1] 110  83
[1] 4274
[1] 110  50
[1] 4275
[1] 110  57
[1] 4276
[1] 110  57
[1] 4277
[1] 110  29
[1] 4278
[1] 110  45
[1] 4279
[1] 110  57
[1] 4280
[1] 110  60
[1] 4281
[1] 110  17
[1] 4282
[1] 110  39
[1] 4283
[1] 110  36
[1] 4284
[1] 110  47
[1] 4285
[1] 110  56
[1] 4286
[1] 110  57
[1] 4287
[1] 110  40
[1] 4288
[1] 110  62
[1] 4289
[1] 110  57
[1] 4290
[1] 110  63
[1] 4291
[1] 110  65
[1] 4292
[1] 110  70
[1] 4293
[1] 110  32
[1] 4294
[1] 110  71
[1] 4295
[1] 110  25
[1] 4296
[1] 110  47
[1] 4297
[1] 110  27
[1] 4298
[1] 110  26
[1] 4299
[1] 110  24
[1] 4300
[1] 110  21
