[1] 9001
[1] 110  10
[1] 9002
[1] 110  55
[1] 9003
[1] 110  77
[1] 9004
[1] 110  48
[1] 9005
[1] 110  34
[1] 9006
[1] 110  41
[1] 9007
[1] 110  63
[1] 9008
[1] 110  34
[1] 9009
[1] 110   8
[1] 9010
[1] 110  63
[1] 9011
[1] 110  97
[1] 9012
[1] 110  58
[1] 9013
[1] 110  54
[1] 9014
[1] 110  77
[1] 9015
[1] 110   7
[1] 9016
[1] 110  51
[1] 9017
[1] 110  62
[1] 9018
[1] 110  25
[1] 9019
[1] 110  34
[1] 9020
[1] 110  50
[1] 9021
[1] 110  57
[1] 9022
[1] 110  77
[1] 9023
[1] 110  55
[1] 9024
[1] 110  43
[1] 9025
[1] 110  40
[1] 9026
[1] 110  68
[1] 9027
[1] 110  31
[1] 9028
[1] 110  93
[1] 9029
[1] 110  36
[1] 9030
[1] 110  24
[1] 9031
[1] 110  43
[1] 9032
[1] 110  48
[1] 9033
[1] 110  52
[1] 9034
[1] 110  66
[1] 9035
[1] 110  29
[1] 9036
[1] 110  33
[1] 9037
[1] 110  28
[1] 9038
[1] 110  51
[1] 9039
[1] 110  43
[1] 9040
[1] 110  27
[1] 9041
[1] 110  28
[1] 9042
[1] 110  63
[1] 9043
[1] 110  22
[1] 9044
[1] 110  72
[1] 9045
[1] 110   8
[1] 9046
[1] 110  26
[1] 9047
[1] 110  42
[1] 9048
[1] 110  66
[1] 9049
[1] 110  21
[1] 9050
[1] 110  42
[1] 9051
[1] 110 104
[1] 9052
[1] 110  25
[1] 9053
[1] 110  47
[1] 9054
[1] 110  46
[1] 9055
[1] 110  27
[1] 9056
[1] 110  69
[1] 9057
[1] 110  33
[1] 9058
[1] 110  25
[1] 9059
[1] 110  54
[1] 9060
[1] 110  44
[1] 9061
[1] 110  15
[1] 9062
[1] 110  28
[1] 9063
[1] 110  37
[1] 9064
[1] 110  49
[1] 9065
[1] 110  59
[1] 9066
[1] 110  56
[1] 9067
[1] 110  36
[1] 9068
[1] 110  44
[1] 9069
[1] 110  21
[1] 9070
[1] 110  27
[1] 9071
[1] 110  44
[1] 9072
[1] 110  39
[1] 9073
[1] 110  35
[1] 9074
[1] 110  62
[1] 9075
[1] 110   8
[1] 9076
[1] 110  44
[1] 9077
[1] 110  45
[1] 9078
[1] 110  63
[1] 9079
[1] 110  71
[1] 9080
[1] 110  25
[1] 9081
[1] 110  88
[1] 9082
[1] 110  62
[1] 9083
[1] 110  26
[1] 9084
[1] 110  92
[1] 9085
[1] 110  27
[1] 9086
[1] 110  42
[1] 9087
[1] 110  48
[1] 9088
[1] 110  58
[1] 9089
[1] 110  67
[1] 9090
[1] 110  38
[1] 9091
[1] 110  34
[1] 9092
[1] 110  34
[1] 9093
[1] 110  74
[1] 9094
[1] 110  86
[1] 9095
[1] 110 100
[1] 9096
[1] 110  28
[1] 9097
[1] 110  11
[1] 9098
[1] 110  62
[1] 9099
[1] 110  37
[1] 9100
[1] 110  76
