[1] 5201
[1] 110  59
[1] 5202
[1] 110  52
[1] 5203
[1] 110  63
[1] 5204
[1] 110  63
[1] 5205
[1] 110  27
[1] 5206
[1] 110  46
[1] 5207
[1] 110  51
[1] 5208
[1] 110  59
[1] 5209
[1] 110  70
[1] 5210
[1] 110  38
[1] 5211
[1] 110  46
[1] 5212
[1] 110  26
[1] 5213
[1] 110  40
[1] 5214
[1] 110  39
[1] 5215
[1] 110  25
[1] 5216
[1] 110  72
[1] 5217
[1] 110  28
[1] 5218
[1] 110  16
[1] 5219
[1] 110  13
[1] 5220
[1] 110  12
[1] 5221
[1] 110  30
[1] 5222
[1] 110  24
[1] 5223
[1] 110  39
[1] 5224
[1] 110  45
[1] 5225
[1] 110  36
[1] 5226
[1] 110  43
[1] 5227
[1] 110  65
[1] 5228
[1] 110  79
[1] 5229
[1] 110  35
[1] 5230
[1] 110  77
[1] 5231
[1] 110  47
[1] 5232
[1] 110  42
[1] 5233
[1] 110  43
[1] 5234
[1] 110  28
[1] 5235
[1] 110  76
[1] 5236
[1] 110  33
[1] 5237
[1] 110  32
[1] 5238
[1] 110  54
[1] 5239
[1] 110  28
[1] 5240
[1] 110  55
[1] 5241
[1] 110  42
[1] 5242
[1] 110  37
[1] 5243
[1] 110  31
[1] 5244
[1] 110  57
[1] 5245
[1] 110  77
[1] 5246
[1] 110  43
[1] 5247
[1] 110  49
[1] 5248
[1] 110  36
[1] 5249
[1] 110  38
[1] 5250
[1] 110  14
[1] 5251
[1] 110  78
[1] 5252
[1] 110  42
[1] 5253
[1] 110  37
[1] 5254
[1] 110  69
[1] 5255
[1] 110  39
[1] 5256
[1] 110  60
[1] 5257
[1] 110  59
[1] 5258
[1] 110  70
[1] 5259
[1] 110  65
[1] 5260
[1] 110  63
[1] 5261
[1] 110  79
[1] 5262
[1] 110  58
[1] 5263
[1] 110  84
[1] 5264
[1] 110  40
[1] 5265
[1] 110  47
[1] 5266
[1] 110  42
[1] 5267
[1] 110  62
[1] 5268
[1] 110  81
[1] 5269
[1] 110  45
[1] 5270
[1] 110  42
[1] 5271
[1] 110  80
[1] 5272
[1] 110  61
[1] 5273
[1] 110  49
[1] 5274
[1] 110 122
[1] 5275
[1] 110  63
[1] 5276
[1] 110  44
[1] 5277
[1] 110  58
[1] 5278
[1] 110  60
[1] 5279
[1] 110  64
[1] 5280
[1] 110  87
[1] 5281
[1] 110  44
[1] 5282
[1] 110  51
[1] 5283
[1] 110  54
[1] 5284
[1] 110  62
[1] 5285
[1] 110  67
[1] 5286
[1] 110  76
[1] 5287
[1] 110  43
[1] 5288
[1] 110  44
[1] 5289
[1] 110  24
[1] 5290
[1] 110  39
[1] 5291
[1] 110  45
[1] 5292
[1] 110  45
[1] 5293
[1] 110  43
[1] 5294
[1] 110  24
[1] 5295
[1] 110  45
[1] 5296
[1] 110  44
[1] 5297
[1] 110  31
[1] 5298
[1] 110  65
[1] 5299
[1] 110  59
[1] 5300
[1] 110  69
