[1] 7801
[1] 110  62
[1] 7802
[1] 110  26
[1] 7803
[1] 110  24
[1] 7804
[1] 110  17
[1] 7805
[1] 110  41
[1] 7806
[1] 110  22
[1] 7807
[1] 110  54
[1] 7808
[1] 110  30
[1] 7809
[1] 110  73
[1] 7810
[1] 110  55
[1] 7811
[1] 110  42
[1] 7812
[1] 110  41
[1] 7813
[1] 110  77
[1] 7814
[1] 110  18
[1] 7815
[1] 110  31
[1] 7816
[1] 110  22
[1] 7817
[1] 110  40
[1] 7818
[1] 110  46
[1] 7819
[1] 110  14
[1] 7820
[1] 110  24
[1] 7821
[1] 110  25
[1] 7822
[1] 110  57
[1] 7823
[1] 110  25
[1] 7824
[1] 110  53
[1] 7825
[1] 110  26
[1] 7826
[1] 110  29
[1] 7827
[1] 110  27
[1] 7828
[1] 110  47
[1] 7829
[1] 110  25
[1] 7830
[1] 110  25
[1] 7831
[1] 110  25
[1] 7832
[1] 110  25
[1] 7833
[1] 110  48
[1] 7834
[1] 110 106
[1] 7835
[1] 110  25
[1] 7836
[1] 110  29
[1] 7837
[1] 110  38
[1] 7838
[1] 110 105
[1] 7839
[1] 110  81
[1] 7840
[1] 110  26
[1] 7841
[1] 110  38
[1] 7842
[1] 110  33
[1] 7843
[1] 110  90
[1] 7844
[1] 110 105
[1] 7845
[1] 110  52
[1] 7846
[1] 110  75
[1] 7847
[1] 110  48
[1] 7848
[1] 110  53
[1] 7849
[1] 110  44
[1] 7850
[1] 110  69
[1] 7851
[1] 110  25
[1] 7852
[1] 110  41
[1] 7853
[1] 110  64
[1] 7854
[1] 110  17
[1] 7855
[1] 110  72
[1] 7856
[1] 110  70
[1] 7857
[1] 110  10
[1] 7858
[1] 110   9
[1] 7859
[1] 110  31
[1] 7860
[1] 110  73
[1] 7861
[1] 110  35
[1] 7862
[1] 110  47
[1] 7863
[1] 110  25
[1] 7864
[1] 110  67
[1] 7865
[1] 110  61
[1] 7866
[1] 110  68
[1] 7867
[1] 110  33
[1] 7868
[1] 110  51
[1] 7869
[1] 110  55
[1] 7870
[1] 110  54
[1] 7871
[1] 110  35
[1] 7872
[1] 110  59
[1] 7873
[1] 110  36
[1] 7874
[1] 110  43
[1] 7875
[1] 110  55
[1] 7876
[1] 110  26
[1] 7877
[1] 110  35
[1] 7878
[1] 110  46
[1] 7879
[1] 110  70
[1] 7880
[1] 110  28
[1] 7881
[1] 110  21
[1] 7882
[1] 110  38
[1] 7883
[1] 110  16
[1] 7884
[1] 110  51
[1] 7885
[1] 110  56
[1] 7886
[1] 110  52
[1] 7887
[1] 110  81
[1] 7888
[1] 110  37
[1] 7889
[1] 110  48
[1] 7890
[1] 110  33
[1] 7891
[1] 110  53
[1] 7892
[1] 110  64
[1] 7893
[1] 110  40
[1] 7894
[1] 110  47
[1] 7895
[1] 110  57
[1] 7896
[1] 110  61
[1] 7897
[1] 110  80
[1] 7898
[1] 110  61
[1] 7899
[1] 110  96
[1] 7900
[1] 110  47
