[1] 10101
[1] 110  41
[1] 10102
[1] 110  19
[1] 10103
[1] 110  84
[1] 10104
[1] 110  72
[1] 10105
[1] 110  86
[1] 10106
[1] 110  50
[1] 10107
[1] 110  31
[1] 10108
[1] 110  18
[1] 10109
[1] 110  72
[1] 10110
[1] 110 322
[1] 10111
[1] 110  31
[1] 10112
[1] 110  35
[1] 10113
[1] 110  48
[1] 10114
[1] 110  48
[1] 10115
[1] 110  49
[1] 10116
[1] 110  73
[1] 10117
[1] 110  26
[1] 10118
[1] 110  53
[1] 10119
[1] 110  45
[1] 10120
[1] 110  26
[1] 10121
[1] 110  64
[1] 10122
[1] 110  17
[1] 10123
[1] 110  72
[1] 10124
[1] 110  28
[1] 10125
[1] 110  67
[1] 10126
[1] 110  63
[1] 10127
[1] 110  81
[1] 10128
[1] 110  41
[1] 10129
[1] 110  37
[1] 10130
[1] 110  67
[1] 10131
[1] 110  57
[1] 10132
[1] 110  20
[1] 10133
[1] 110  43
[1] 10134
[1] 110   9
[1] 10135
[1] 110  46
[1] 10136
[1] 110  42
[1] 10137
[1] 110  25
[1] 10138
[1] 110  37
[1] 10139
[1] 110  46
[1] 10140
[1] 110  59
[1] 10141
[1] 110  90
[1] 10142
[1] 110  14
[1] 10143
[1] 110  50
[1] 10144
[1] 110  21
[1] 10145
[1] 110  32
[1] 10146
[1] 110  39
[1] 10147
[1] 110  22
[1] 10148
[1] 110  39
[1] 10149
[1] 110  42
[1] 10150
[1] 110  38
[1] 10151
[1] 110  58
[1] 10152
[1] 110  26
[1] 10153
[1] 110  61
[1] 10154
[1] 110  13
[1] 10155
[1] 110  30
[1] 10156
[1] 110  48
[1] 10157
[1] 110  25
[1] 10158
[1] 110  39
[1] 10159
[1] 110  39
[1] 10160
[1] 110  36
[1] 10161
[1] 110  26
[1] 10162
[1] 110  37
[1] 10163
[1] 110  14
[1] 10164
[1] 110  27
[1] 10165
[1] 110  53
[1] 10166
[1] 110  95
[1] 10167
[1] 110  27
[1] 10168
[1] 110   6
[1] 10169
[1] 110  28
[1] 10170
[1] 110  56
[1] 10171
[1] 110  53
[1] 10172
[1] 110  63
[1] 10173
[1] 110  75
[1] 10174
[1] 110  18
[1] 10175
[1] 110  17
[1] 10176
[1] 110  23
[1] 10177
[1] 110  56
[1] 10178
[1] 110  39
[1] 10179
[1] 110  38
[1] 10180
[1] 110  49
[1] 10181
[1] 110  59
[1] 10182
[1] 110  80
[1] 10183
[1] 110  71
[1] 10184
[1] 110  17
[1] 10185
[1] 110  58
[1] 10186
[1] 110  43
[1] 10187
[1] 110  54
[1] 10188
[1] 110  50
[1] 10189
[1] 110  49
[1] 10190
[1] 110  38
[1] 10191
[1] 110 101
[1] 10192
[1] 110  60
[1] 10193
[1] 110  17
[1] 10194
[1] 110  94
[1] 10195
[1] 110  53
[1] 10196
[1] 110  38
[1] 10197
[1] 110  94
[1] 10198
[1] 110  25
[1] 10199
[1] 110  52
[1] 10200
[1] 110  39
