[1] 9601
[1] 110  15
[1] 9602
[1] 110  23
[1] 9603
[1] 110  38
[1] 9604
[1] 110  37
[1] 9605
[1] 110  53
[1] 9606
[1] 110  49
[1] 9607
[1] 110  59
[1] 9608
[1] 110  38
[1] 9609
[1] 110  56
[1] 9610
[1] 110  41
[1] 9611
[1] 110  37
[1] 9612
[1] 110  19
[1] 9613
[1] 110  56
[1] 9614
[1] 110 110
[1] 9615
[1] 110  94
[1] 9616
[1] 110  95
[1] 9617
[1] 110  27
[1] 9618
[1] 110  43
[1] 9619
[1] 110  34
[1] 9620
[1] 110  44
[1] 9621
[1] 110  57
[1] 9622
[1] 110  29
[1] 9623
[1] 110  45
[1] 9624
[1] 110  46
[1] 9625
[1] 110  36
[1] 9626
[1] 110  42
[1] 9627
[1] 110  39
[1] 9628
[1] 110  19
[1] 9629
[1] 110  76
[1] 9630
[1] 110  55
[1] 9631
[1] 110  12
[1] 9632
[1] 110  52
[1] 9633
[1] 110  65
[1] 9634
[1] 110  38
[1] 9635
[1] 110  49
[1] 9636
[1] 110  38
[1] 9637
[1] 110  46
[1] 9638
[1] 110  46
[1] 9639
[1] 110  57
[1] 9640
[1] 110  39
[1] 9641
[1] 110  26
[1] 9642
[1] 110  44
[1] 9643
[1] 110  10
[1] 9644
[1] 110  33
[1] 9645
[1] 110  41
[1] 9646
[1] 110  65
[1] 9647
[1] 110  50
[1] 9648
[1] 110  42
[1] 9649
[1] 110  53
[1] 9650
[1] 110  19
[1] 9651
[1] 110  86
[1] 9652
[1] 110  42
[1] 9653
[1] 110  40
[1] 9654
[1] 110  17
[1] 9655
[1] 110  60
[1] 9656
[1] 110  35
[1] 9657
[1] 110  34
[1] 9658
[1] 110  87
[1] 9659
[1] 110  30
[1] 9660
[1] 110  36
[1] 9661
[1] 110  32
[1] 9662
[1] 110  71
[1] 9663
[1] 110  37
[1] 9664
[1] 110  18
[1] 9665
[1] 110  48
[1] 9666
[1] 110  38
[1] 9667
[1] 110  69
[1] 9668
[1] 110  47
[1] 9669
[1] 110  32
[1] 9670
[1] 110  43
[1] 9671
[1] 110  93
[1] 9672
[1] 110  26
[1] 9673
[1] 110  60
[1] 9674
[1] 110  11
[1] 9675
[1] 110  37
[1] 9676
[1] 110  35
[1] 9677
[1] 110  97
[1] 9678
[1] 110  74
[1] 9679
[1] 110  41
[1] 9680
[1] 110  26
[1] 9681
[1] 110  62
[1] 9682
[1] 110  52
[1] 9683
[1] 110  42
[1] 9684
[1] 110  53
[1] 9685
[1] 110  35
[1] 9686
[1] 110  66
[1] 9687
[1] 110  24
[1] 9688
[1] 110  47
[1] 9689
[1] 110 128
[1] 9690
[1] 110  43
[1] 9691
[1] 110  66
[1] 9692
[1] 110  40
[1] 9693
[1] 110  14
[1] 9694
[1] 110  50
[1] 9695
[1] 110  67
[1] 9696
[1] 110  46
[1] 9697
[1] 110  32
[1] 9698
[1] 110  76
[1] 9699
[1] 110  62
[1] 9700
[1] 110  27
