[1] 7301
[1] 110  52
[1] 7302
[1] 110  62
[1] 7303
[1] 110  51
[1] 7304
[1] 110  90
[1] 7305
[1] 110  37
[1] 7306
[1] 110  35
[1] 7307
[1] 110  33
[1] 7308
[1] 110  83
[1] 7309
[1] 110  41
[1] 7310
[1] 110  41
[1] 7311
[1] 110  31
[1] 7312
[1] 110  63
[1] 7313
[1] 110  43
[1] 7314
[1] 110  75
[1] 7315
[1] 110  69
[1] 7316
[1] 110  96
[1] 7317
[1] 110  65
[1] 7318
[1] 110 124
[1] 7319
[1] 110  55
[1] 7320
[1] 110  58
[1] 7321
[1] 110  56
[1] 7322
[1] 110  49
[1] 7323
[1] 110  47
[1] 7324
[1] 110  63
[1] 7325
[1] 110  55
[1] 7326
[1] 110  70
[1] 7327
[1] 110  55
[1] 7328
[1] 110  51
[1] 7329
[1] 110  66
[1] 7330
[1] 110  53
[1] 7331
[1] 110  54
[1] 7332
[1] 110  13
[1] 7333
[1] 110  58
[1] 7334
[1] 110  50
[1] 7335
[1] 110  52
[1] 7336
[1] 110  43
[1] 7337
[1] 110  44
[1] 7338
[1] 110  36
[1] 7339
[1] 110  30
[1] 7340
[1] 110  26
[1] 7341
[1] 110  32
[1] 7342
[1] 110  26
[1] 7343
[1] 110  27
[1] 7344
[1] 110  53
[1] 7345
[1] 110  18
[1] 7346
[1] 110  24
[1] 7347
[1] 110  21
[1] 7348
[1] 110  21
[1] 7349
[1] 110  43
[1] 7350
[1] 110  23
[1] 7351
[1] 110   8
[1] 7352
[1] 110  23
[1] 7353
[1] 110  58
[1] 7354
[1] 110  35
[1] 7355
[1] 110 106
[1] 7356
[1] 110  91
[1] 7357
[1] 110  58
[1] 7358
[1] 110  54
[1] 7359
[1] 110  83
[1] 7360
[1] 110  21
[1] 7361
[1] 110  70
[1] 7362
[1] 110  53
[1] 7363
[1] 110  83
[1] 7364
[1] 110  37
[1] 7365
[1] 110  73
[1] 7366
[1] 110  77
[1] 7367
[1] 110  43
[1] 7368
[1] 110  42
[1] 7369
[1] 110  40
[1] 7370
[1] 110  72
[1] 7371
[1] 110  37
[1] 7372
[1] 110  71
[1] 7373
[1] 110  73
[1] 7374
[1] 110  13
[1] 7375
[1] 110  75
[1] 7376
[1] 110  75
[1] 7377
[1] 110  75
[1] 7378
[1] 110  76
[1] 7379
[1] 110  73
[1] 7380
[1] 110  65
[1] 7381
[1] 110  20
[1] 7382
[1] 110  56
[1] 7383
[1] 110  79
[1] 7384
[1] 110 115
[1] 7385
[1] 110  93
[1] 7386
[1] 110  37
[1] 7387
[1] 110  78
[1] 7388
[1] 110  82
[1] 7389
[1] 110  55
[1] 7390
[1] 110  64
[1] 7391
[1] 110  48
[1] 7392
[1] 110  48
[1] 7393
[1] 110  61
[1] 7394
[1] 110  56
[1] 7395
[1] 110 112
[1] 7396
[1] 110  43
[1] 7397
[1] 110 110
[1] 7398
[1] 110 111
[1] 7399
[1] 110  35
[1] 7400
[1] 110  29
