[1] 10001
[1] 110 379
[1] 10002
[1] 110  33
[1] 10003
[1] 110 269
[1] 10004
[1] 110 235
[1] 10005
[1] 110  42
[1] 10006
[1] 110  44
[1] 10007
[1] 110  46
[1] 10008
[1] 110 187
[1] 10009
[1] 110  74
[1] 10010
[1] 110 176
[1] 10011
[1] 110 173
[1] 10012
[1] 110 167
[1] 10013
[1] 110  27
[1] 10014
[1] 110 175
[1] 10015
[1] 110  51
[1] 10016
[1] 110 173
[1] 10017
[1] 110 168
[1] 10018
[1] 110 175
[1] 10019
[1] 110  48
[1] 10020
[1] 110 252
[1] 10021
[1] 110 246
[1] 10022
[1] 110 255
[1] 10023
[1] 110  57
[1] 10024
[1] 110  51
[1] 10025
[1] 110 436
[1] 10026
[1] 110 425
[1] 10027
[1] 110 418
[1] 10028
[1] 110 197
[1] 10029
[1] 110 193
[1] 10030
[1] 110 211
[1] 10031
[1] 110 214
[1] 10032
[1] 110 203
[1] 10033
[1] 110 190
[1] 10034
[1] 110  70
[1] 10035
[1] 110  71
[1] 10036
[1] 110 274
[1] 10037
[1] 110  31
[1] 10038
[1] 110  96
[1] 10039
[1] 110  41
[1] 10040
[1] 110 303
[1] 10041
[1] 110  22
[1] 10042
[1] 110  49
[1] 10043
[1] 110  27
[1] 10044
[1] 110  66
[1] 10045
[1] 110   1
[1] 10046
[1] 110  18
[1] 10047
[1] 110  29
[1] 10048
[1] 110  23
[1] 10049
[1] 110  24
[1] 10050
[1] 110  14
[1] 10051
[1] 110  36
[1] 10052
[1] 110  64
[1] 10053
[1] 110  46
[1] 10054
[1] 110  34
[1] 10055
[1] 110  56
[1] 10056
[1] 110  23
[1] 10057
[1] 110  50
[1] 10058
[1] 110  58
[1] 10059
[1] 110  31
[1] 10060
[1] 110  36
[1] 10061
[1] 110  65
[1] 10062
[1] 110  59
[1] 10063
[1] 110  53
[1] 10064
[1] 110  97
[1] 10065
[1] 110  34
[1] 10066
[1] 110  41
[1] 10067
[1] 110  59
[1] 10068
[1] 110  37
[1] 10069
[1] 110  40
[1] 10070
[1] 110  50
[1] 10071
[1] 110  18
[1] 10072
[1] 110  56
[1] 10073
[1] 110  13
[1] 10074
[1] 110  20
[1] 10075
[1] 110  25
[1] 10076
[1] 110  14
[1] 10077
[1] 110  32
[1] 10078
[1] 110  68
[1] 10079
[1] 110  39
[1] 10080
[1] 110  43
[1] 10081
[1] 110  33
[1] 10082
[1] 110  41
[1] 10083
[1] 110  28
[1] 10084
[1] 110  44
[1] 10085
[1] 110  57
[1] 10086
[1] 110  39
[1] 10087
[1] 110  59
[1] 10088
[1] 110  92
[1] 10089
[1] 110  64
[1] 10090
[1] 110  64
[1] 10091
[1] 110   0
[1] 10092
[1] 110   0
[1] 10093
[1] 110  58
[1] 10094
[1] 110  22
[1] 10095
[1] 110  45
[1] 10096
[1] 110  69
[1] 10097
[1] 110  47
[1] 10098
[1] 110  64
[1] 10099
[1] 110  60
[1] 10100
[1] 110  62
