[1] 8501
[1] 110  43
[1] 8502
[1] 110  41
[1] 8503
[1] 110  34
[1] 8504
[1] 110  28
[1] 8505
[1] 110  34
[1] 8506
[1] 110 136
[1] 8507
[1] 110  62
[1] 8508
[1] 110  19
[1] 8509
[1] 110  18
[1] 8510
[1] 110  53
[1] 8511
[1] 110  72
[1] 8512
[1] 110  89
[1] 8513
[1] 110  56
[1] 8514
[1] 110  74
[1] 8515
[1] 110  51
[1] 8516
[1] 110  37
[1] 8517
[1] 110  71
[1] 8518
[1] 110  64
[1] 8519
[1] 110  45
[1] 8520
[1] 110  38
[1] 8521
[1] 110  17
[1] 8522
[1] 110  38
[1] 8523
[1] 110  55
[1] 8524
[1] 110  77
[1] 8525
[1] 110  54
[1] 8526
[1] 110  46
[1] 8527
[1] 110  68
[1] 8528
[1] 110  54
[1] 8529
[1] 110  69
[1] 8530
[1] 110  80
[1] 8531
[1] 110  63
[1] 8532
[1] 110  47
[1] 8533
[1] 110  78
[1] 8534
[1] 110  79
[1] 8535
[1] 110  57
[1] 8536
[1] 110  80
[1] 8537
[1] 110  39
[1] 8538
[1] 110  39
[1] 8539
[1] 110  24
[1] 8540
[1] 110  45
[1] 8541
[1] 110  38
[1] 8542
[1] 110  47
[1] 8543
[1] 110  25
[1] 8544
[1] 110  68
[1] 8545
[1] 110  67
[1] 8546
[1] 110  82
[1] 8547
[1] 110  56
[1] 8548
[1] 110  60
[1] 8549
[1] 110  60
[1] 8550
[1] 110  59
[1] 8551
[1] 110  40
[1] 8552
[1] 110  36
[1] 8553
[1] 110  70
[1] 8554
[1] 110  47
[1] 8555
[1] 110  56
[1] 8556
[1] 110  65
[1] 8557
[1] 110  45
[1] 8558
[1] 110  54
[1] 8559
[1] 110  57
[1] 8560
[1] 110  40
[1] 8561
[1] 110  42
[1] 8562
[1] 110  39
[1] 8563
[1] 110  53
[1] 8564
[1] 110  56
[1] 8565
[1] 110  50
[1] 8566
[1] 110  39
[1] 8567
[1] 110  49
[1] 8568
[1] 110  64
[1] 8569
[1] 110  65
[1] 8570
[1] 110  63
[1] 8571
[1] 110  47
[1] 8572
[1] 110  14
[1] 8573
[1] 110  84
[1] 8574
[1] 110  40
[1] 8575
[1] 110  50
[1] 8576
[1] 110  31
[1] 8577
[1] 110  21
[1] 8578
[1] 110  66
[1] 8579
[1] 110  50
[1] 8580
[1] 110  56
[1] 8581
[1] 110  23
[1] 8582
[1] 110  57
[1] 8583
[1] 110  62
[1] 8584
[1] 110  86
[1] 8585
[1] 110  53
[1] 8586
[1] 110  51
[1] 8587
[1] 110  57
[1] 8588
[1] 110  53
[1] 8589
[1] 110  88
[1] 8590
[1] 110  52
[1] 8591
[1] 110  53
[1] 8592
[1] 110  27
[1] 8593
[1] 110  27
[1] 8594
[1] 110  64
[1] 8595
[1] 110  53
[1] 8596
[1] 110  69
[1] 8597
[1] 110  34
[1] 8598
[1] 110  57
[1] 8599
[1] 110  60
[1] 8600
[1] 110  61
