[1] 4901
[1] 110  38
[1] 4902
[1] 110  54
[1] 4903
[1] 110  48
[1] 4904
[1] 110  70
[1] 4905
[1] 110  46
[1] 4906
[1] 110  45
[1] 4907
[1] 110  81
[1] 4908
[1] 110  54
[1] 4909
[1] 110  56
[1] 4910
[1] 110  23
[1] 4911
[1] 110  21
[1] 4912
[1] 110  47
[1] 4913
[1] 110  44
[1] 4914
[1] 110  65
[1] 4915
[1] 110  21
[1] 4916
[1] 110  27
[1] 4917
[1] 110  78
[1] 4918
[1] 110  51
[1] 4919
[1] 110  32
[1] 4920
[1] 110  32
[1] 4921
[1] 110 107
[1] 4922
[1] 110  60
[1] 4923
[1] 110  58
[1] 4924
[1] 110  40
[1] 4925
[1] 110  42
[1] 4926
[1] 110  92
[1] 4927
[1] 110  50
[1] 4928
[1] 110  47
[1] 4929
[1] 110  88
[1] 4930
[1] 110  61
[1] 4931
[1] 110  53
[1] 4932
[1] 110  71
[1] 4933
[1] 110  38
[1] 4934
[1] 110  43
[1] 4935
[1] 110  18
[1] 4936
[1] 110  14
[1] 4937
[1] 110  15
[1] 4938
[1] 110  15
[1] 4939
[1] 110  57
[1] 4940
[1] 110  47
[1] 4941
[1] 110  43
[1] 4942
[1] 110  51
[1] 4943
[1] 110  54
[1] 4944
[1] 110  53
[1] 4945
[1] 110  51
[1] 4946
[1] 110  24
[1] 4947
[1] 110  36
[1] 4948
[1] 110  38
[1] 4949
[1] 110  43
[1] 4950
[1] 110  52
[1] 4951
[1] 110  58
[1] 4952
[1] 110  68
[1] 4953
[1] 110  51
[1] 4954
[1] 110  49
[1] 4955
[1] 110  33
[1] 4956
[1] 110  34
[1] 4957
[1] 110  21
[1] 4958
[1] 110  19
[1] 4959
[1] 110  24
[1] 4960
[1] 110  38
[1] 4961
[1] 110  25
[1] 4962
[1] 110  49
[1] 4963
[1] 110  70
[1] 4964
[1] 110  45
[1] 4965
[1] 110  60
[1] 4966
[1] 110  28
[1] 4967
[1] 110  40
[1] 4968
[1] 110  38
[1] 4969
[1] 110  33
[1] 4970
[1] 110  35
[1] 4971
[1] 110  26
[1] 4972
[1] 110  32
[1] 4973
[1] 110  44
[1] 4974
[1] 110  27
[1] 4975
[1] 110  35
[1] 4976
[1] 110  32
[1] 4977
[1] 110  38
[1] 4978
[1] 110  76
[1] 4979
[1] 110  97
[1] 4980
[1] 110  59
[1] 4981
[1] 110  48
[1] 4982
[1] 110  30
[1] 4983
[1] 110  62
[1] 4984
[1] 110  57
[1] 4985
[1] 110  30
[1] 4986
[1] 110  36
[1] 4987
[1] 110  96
[1] 4988
[1] 110  42
[1] 4989
[1] 110  59
[1] 4990
[1] 110  49
[1] 4991
[1] 110  45
[1] 4992
[1] 110  29
[1] 4993
[1] 110  49
[1] 4994
[1] 110  70
[1] 4995
[1] 110  51
[1] 4996
[1] 110  64
[1] 4997
[1] 110  39
[1] 4998
[1] 110  52
[1] 4999
[1] 110  58
[1] 5000
[1] 110  88
