[1] 5801
[1] 110  63
[1] 5802
[1] 110  45
[1] 5803
[1] 110  73
[1] 5804
[1] 110  59
[1] 5805
[1] 110  38
[1] 5806
[1] 110  44
[1] 5807
[1] 110  57
[1] 5808
[1] 110  40
[1] 5809
[1] 110  61
[1] 5810
[1] 110 189
[1] 5811
[1] 110  63
[1] 5812
[1] 110  96
[1] 5813
[1] 110  87
[1] 5814
[1] 110  94
[1] 5815
[1] 110  94
[1] 5816
[1] 110  91
[1] 5817
[1] 110  94
[1] 5818
[1] 110 104
[1] 5819
[1] 110  95
[1] 5820
[1] 110  87
[1] 5821
[1] 110  57
[1] 5822
[1] 110  35
[1] 5823
[1] 110  58
[1] 5824
[1] 110  39
[1] 5825
[1] 110  36
[1] 5826
[1] 110  38
[1] 5827
[1] 110  43
[1] 5828
[1] 110  51
[1] 5829
[1] 110  42
[1] 5830
[1] 110  57
[1] 5831
[1] 110  58
[1] 5832
[1] 110  60
[1] 5833
[1] 110  35
[1] 5834
[1] 110  63
[1] 5835
[1] 110  57
[1] 5836
[1] 110  65
[1] 5837
[1] 110   9
[1] 5838
[1] 110  34
[1] 5839
[1] 110  56
[1] 5840
[1] 110  86
[1] 5841
[1] 110  46
[1] 5842
[1] 110 100
[1] 5843
[1] 110  94
[1] 5844
[1] 110  41
[1] 5845
[1] 110  43
[1] 5846
[1] 110  38
[1] 5847
[1] 110  42
[1] 5848
[1] 110  41
[1] 5849
[1] 110  30
[1] 5850
[1] 110  26
[1] 5851
[1] 110  50
[1] 5852
[1] 110  54
[1] 5853
[1] 110  53
[1] 5854
[1] 110  61
[1] 5855
[1] 110  40
[1] 5856
[1] 110  16
[1] 5857
[1] 110  65
[1] 5858
[1] 110  56
[1] 5859
[1] 110 102
[1] 5860
[1] 110  27
[1] 5861
[1] 110  50
[1] 5862
[1] 110  63
[1] 5863
[1] 110  49
[1] 5864
[1] 110  51
[1] 5865
[1] 110  37
[1] 5866
[1] 110  37
[1] 5867
[1] 110  22
[1] 5868
[1] 110  34
[1] 5869
[1] 110  41
[1] 5870
[1] 110  73
[1] 5871
[1] 110  48
[1] 5872
[1] 110  43
[1] 5873
[1] 110  41
[1] 5874
[1] 110  20
[1] 5875
[1] 110  47
[1] 5876
[1] 110  24
[1] 5877
[1] 110  78
[1] 5878
[1] 110  86
[1] 5879
[1] 110  68
[1] 5880
[1] 110  70
[1] 5881
[1] 110  29
[1] 5882
[1] 110  52
[1] 5883
[1] 110  47
[1] 5884
[1] 110  31
[1] 5885
[1] 110  48
[1] 5886
[1] 110  42
[1] 5887
[1] 110  44
[1] 5888
[1] 110  31
[1] 5889
[1] 110  43
[1] 5890
[1] 110  63
[1] 5891
[1] 110  68
[1] 5892
[1] 110  58
[1] 5893
[1] 110 137
[1] 5894
[1] 110  51
[1] 5895
[1] 110  48
[1] 5896
[1] 110  40
[1] 5897
[1] 110  51
[1] 5898
[1] 110  51
[1] 5899
[1] 110  63
[1] 5900
[1] 110  78
