[1] 6601
[1] 110  54
[1] 6602
[1] 110  53
[1] 6603
[1] 110  56
[1] 6604
[1] 110  45
[1] 6605
[1] 110  47
[1] 6606
[1] 110  47
[1] 6607
[1] 110  47
[1] 6608
[1] 110  76
[1] 6609
[1] 110  64
[1] 6610
[1] 110  57
[1] 6611
[1] 110  39
[1] 6612
[1] 110  62
[1] 6613
[1] 110  64
[1] 6614
[1] 110  92
[1] 6615
[1] 110  71
[1] 6616
[1] 110  83
[1] 6617
[1] 110  85
[1] 6618
[1] 110  80
[1] 6619
[1] 110  74
[1] 6620
[1] 110  77
[1] 6621
[1] 110  61
[1] 6622
[1] 110  40
[1] 6623
[1] 110  64
[1] 6624
[1] 110  35
[1] 6625
[1] 110 105
[1] 6626
[1] 110 106
[1] 6627
[1] 110  68
[1] 6628
[1] 110  39
[1] 6629
[1] 110  40
[1] 6630
[1] 110  33
[1] 6631
[1] 110  32
[1] 6632
[1] 110  60
[1] 6633
[1] 110  88
[1] 6634
[1] 110  19
[1] 6635
[1] 110  18
[1] 6636
[1] 110  18
[1] 6637
[1] 110  50
[1] 6638
[1] 110  31
[1] 6639
[1] 110  71
[1] 6640
[1] 110  10
[1] 6641
[1] 110 102
[1] 6642
[1] 110  29
[1] 6643
[1] 110  27
[1] 6644
[1] 110  51
[1] 6645
[1] 110  60
[1] 6646
[1] 110  35
[1] 6647
[1] 110  50
[1] 6648
[1] 110  52
[1] 6649
[1] 110  40
[1] 6650
[1] 110  41
[1] 6651
[1] 110  62
[1] 6652
[1] 110  56
[1] 6653
[1] 110  18
[1] 6654
[1] 110  45
[1] 6655
[1] 110  27
[1] 6656
[1] 110  25
[1] 6657
[1] 110  27
[1] 6658
[1] 110  40
[1] 6659
[1] 110  39
[1] 6660
[1] 110  39
[1] 6661
[1] 110  31
[1] 6662
[1] 110  27
[1] 6663
[1] 110  21
[1] 6664
[1] 110  57
[1] 6665
[1] 110  53
[1] 6666
[1] 110  25
[1] 6667
[1] 110  37
[1] 6668
[1] 110  15
[1] 6669
[1] 110  16
[1] 6670
[1] 110  65
[1] 6671
[1] 110  25
[1] 6672
[1] 110  27
[1] 6673
[1] 110  63
[1] 6674
[1] 110  27
[1] 6675
[1] 110  27
[1] 6676
[1] 110  88
[1] 6677
[1] 110  27
[1] 6678
[1] 110  27
[1] 6679
[1] 110  28
[1] 6680
[1] 110  27
[1] 6681
[1] 110  38
[1] 6682
[1] 110  39
[1] 6683
[1] 110  39
[1] 6684
[1] 110  19
[1] 6685
[1] 110  50
[1] 6686
[1] 110  26
[1] 6687
[1] 110  20
[1] 6688
[1] 110  34
[1] 6689
[1] 110  65
[1] 6690
[1] 110  35
[1] 6691
[1] 110  69
[1] 6692
[1] 110  66
[1] 6693
[1] 110  68
[1] 6694
[1] 110  43
[1] 6695
[1] 110  55
[1] 6696
[1] 110  72
[1] 6697
[1] 110  50
[1] 6698
[1] 110  46
[1] 6699
[1] 110  34
[1] 6700
[1] 110  27
