[1] 9301
[1] 110  37
[1] 9302
[1] 110  47
[1] 9303
[1] 110  23
[1] 9304
[1] 110  29
[1] 9305
[1] 110  59
[1] 9306
[1] 110 104
[1] 9307
[1] 110  38
[1] 9308
[1] 110  35
[1] 9309
[1] 110  39
[1] 9310
[1] 110  17
[1] 9311
[1] 110  64
[1] 9312
[1] 110  24
[1] 9313
[1] 110  20
[1] 9314
[1] 110  70
[1] 9315
[1] 110  42
[1] 9316
[1] 110  41
[1] 9317
[1] 110  42
[1] 9318
[1] 110  52
[1] 9319
[1] 110  37
[1] 9320
[1] 110  70
[1] 9321
[1] 110  44
[1] 9322
[1] 110  43
[1] 9323
[1] 110  47
[1] 9324
[1] 110  52
[1] 9325
[1] 110  49
[1] 9326
[1] 110  75
[1] 9327
[1] 110  53
[1] 9328
[1] 110  41
[1] 9329
[1] 110  33
[1] 9330
[1] 110  37
[1] 9331
[1] 110  85
[1] 9332
[1] 110  10
[1] 9333
[1] 110  36
[1] 9334
[1] 110 101
[1] 9335
[1] 110  29
[1] 9336
[1] 110  55
[1] 9337
[1] 110  61
[1] 9338
[1] 110  66
[1] 9339
[1] 110  69
[1] 9340
[1] 110  39
[1] 9341
[1] 110  53
[1] 9342
[1] 110  48
[1] 9343
[1] 110  22
[1] 9344
[1] 110  41
[1] 9345
[1] 110  55
[1] 9346
[1] 110  48
[1] 9347
[1] 110  57
[1] 9348
[1] 110  92
[1] 9349
[1] 110  75
[1] 9350
[1] 110  62
[1] 9351
[1] 110  86
[1] 9352
[1] 110  53
[1] 9353
[1] 110  38
[1] 9354
[1] 110  66
[1] 9355
[1] 110  57
[1] 9356
[1] 110 236
[1] 9357
[1] 110  29
[1] 9358
[1] 110  38
[1] 9359
[1] 110 118
[1] 9360
[1] 110  38
[1] 9361
[1] 110  68
[1] 9362
[1] 110  36
[1] 9363
[1] 110  71
[1] 9364
[1] 110  57
[1] 9365
[1] 110  63
[1] 9366
[1] 110  34
[1] 9367
[1] 110  44
[1] 9368
[1] 110  44
[1] 9369
[1] 110  48
[1] 9370
[1] 110  28
[1] 9371
[1] 110 131
[1] 9372
[1] 110  74
[1] 9373
[1] 110  61
[1] 9374
[1] 110  44
[1] 9375
[1] 110  50
[1] 9376
[1] 110  20
[1] 9377
[1] 110  45
[1] 9378
[1] 110  74
[1] 9379
[1] 110  41
[1] 9380
[1] 110  57
[1] 9381
[1] 110  34
[1] 9382
[1] 110  21
[1] 9383
[1] 110  13
[1] 9384
[1] 110  44
[1] 9385
[1] 110  52
[1] 9386
[1] 110  59
[1] 9387
[1] 110  64
[1] 9388
[1] 110  21
[1] 9389
[1] 110  48
[1] 9390
[1] 110  53
[1] 9391
[1] 110  28
[1] 9392
[1] 110  27
[1] 9393
[1] 110  30
[1] 9394
[1] 110  50
[1] 9395
[1] 110  56
[1] 9396
[1] 110  51
[1] 9397
[1] 110  39
[1] 9398
[1] 110  15
[1] 9399
[1] 110  78
[1] 9400
[1] 110  19
