[1] 9501
[1] 110  63
[1] 9502
[1] 110  23
[1] 9503
[1] 110  44
[1] 9504
[1] 110  28
[1] 9505
[1] 110  74
[1] 9506
[1] 110  48
[1] 9507
[1] 110  46
[1] 9508
[1] 110  14
[1] 9509
[1] 110  14
[1] 9510
[1] 110 343
[1] 9511
[1] 110  96
[1] 9512
[1] 110  74
[1] 9513
[1] 110  20
[1] 9514
[1] 110  51
[1] 9515
[1] 110  37
[1] 9516
[1] 110  42
[1] 9517
[1] 110  23
[1] 9518
[1] 110  47
[1] 9519
[1] 110  45
[1] 9520
[1] 110  57
[1] 9521
[1] 110  30
[1] 9522
[1] 110  51
[1] 9523
[1] 110  60
[1] 9524
[1] 110  86
[1] 9525
[1] 110  43
[1] 9526
[1] 110  57
[1] 9527
[1] 110  55
[1] 9528
[1] 110  28
[1] 9529
[1] 110  33
[1] 9530
[1] 110  31
[1] 9531
[1] 110  68
[1] 9532
[1] 110  67
[1] 9533
[1] 110  40
[1] 9534
[1] 110  11
[1] 9535
[1] 110  73
[1] 9536
[1] 110  35
[1] 9537
[1] 110  21
[1] 9538
[1] 110  20
[1] 9539
[1] 110  14
[1] 9540
[1] 110   8
[1] 9541
[1] 110  59
[1] 9542
[1] 110  26
[1] 9543
[1] 110  19
[1] 9544
[1] 110  39
[1] 9545
[1] 110  37
[1] 9546
[1] 110  68
[1] 9547
[1] 110  55
[1] 9548
[1] 110  64
[1] 9549
[1] 110  68
[1] 9550
[1] 110  20
[1] 9551
[1] 110  30
[1] 9552
[1] 110  21
[1] 9553
[1] 110  69
[1] 9554
[1] 110  59
[1] 9555
[1] 110  47
[1] 9556
[1] 110  76
[1] 9557
[1] 110  60
[1] 9558
[1] 110  23
[1] 9559
[1] 110  71
[1] 9560
[1] 110  60
[1] 9561
[1] 110  93
[1] 9562
[1] 110  26
[1] 9563
[1] 110  49
[1] 9564
[1] 110  43
[1] 9565
[1] 110  52
[1] 9566
[1] 110  39
[1] 9567
[1] 110  21
[1] 9568
[1] 110  35
[1] 9569
[1] 110  32
[1] 9570
[1] 110  56
[1] 9571
[1] 110  51
[1] 9572
[1] 110  93
[1] 9573
[1] 110  16
[1] 9574
[1] 110  59
[1] 9575
[1] 110  35
[1] 9576
[1] 110  14
[1] 9577
[1] 110  62
[1] 9578
[1] 110  37
[1] 9579
[1] 110  98
[1] 9580
[1] 110  40
[1] 9581
[1] 110  58
[1] 9582
[1] 110   5
[1] 9583
[1] 110  36
[1] 9584
[1] 110  30
[1] 9585
[1] 110  69
[1] 9586
[1] 110  39
[1] 9587
[1] 110  14
[1] 9588
[1] 110  71
[1] 9589
[1] 110  79
[1] 9590
[1] 110  48
[1] 9591
[1] 110  45
[1] 9592
[1] 110  38
[1] 9593
[1] 110  62
[1] 9594
[1] 110   9
[1] 9595
[1] 110  43
[1] 9596
[1] 110  75
[1] 9597
[1] 110  44
[1] 9598
[1] 110  64
[1] 9599
[1] 110   6
[1] 9600
[1] 110  35
