[1] 1
[1] 110  49
[1] 2
[1] 110  53
[1] 3
[1] 110  77
[1] 4
[1] 110  66
[1] 5
[1] 110  75
[1] 6
[1] 110  58
[1] 7
[1] 110  70
[1] 8
[1] 110  62
[1] 9
[1] 110  21
[1] 10
[1] 110  44
[1] 11
[1] 110  30
[1] 12
[1] 110  24
[1] 13
[1] 110  22
[1] 14
[1] 110  43
[1] 15
[1] 110  53
[1] 16
[1] 110  57
[1] 17
[1] 110  85
[1] 18
[1] 110  53
[1] 19
[1] 110  39
[1] 20
[1] 110  61
[1] 21
[1] 110  87
[1] 22
[1] 110  39
[1] 23
[1] 110  43
[1] 24
[1] 110  31
[1] 25
[1] 110  34
[1] 26
[1] 110  32
[1] 27
[1] 110  44
[1] 28
[1] 110  24
[1] 29
[1] 110 108
[1] 30
[1] 110  30
[1] 31
[1] 110  30
[1] 32
[1] 110  36
[1] 33
[1] 110  31
[1] 34
[1] 110  45
[1] 35
[1] 110  39
[1] 36
[1] 110  34
[1] 37
[1] 110  66
[1] 38
[1] 110  48
[1] 39
[1] 110  31
[1] 40
[1] 110  64
[1] 41
[1] 110  41
[1] 42
[1] 110  49
[1] 43
[1] 110  52
[1] 44
[1] 110  64
[1] 45
[1] 110  41
[1] 46
[1] 110  71
[1] 47
[1] 110  53
[1] 48
[1] 110  26
[1] 49
[1] 110  69
[1] 50
[1] 110  42
[1] 51
[1] 110  57
[1] 52
[1] 110  52
[1] 53
[1] 110  57
[1] 54
[1] 110  25
[1] 55
[1] 110  53
[1] 56
[1] 110  60
[1] 57
[1] 110  69
[1] 58
[1] 110  18
[1] 59
[1] 110  51
[1] 60
[1] 110  31
[1] 61
[1] 110  54
[1] 62
[1] 110  48
[1] 63
[1] 110  65
[1] 64
[1] 110  53
[1] 65
[1] 110  40
[1] 66
[1] 110  46
[1] 67
[1] 110  43
[1] 68
[1] 110  29
[1] 69
[1] 110  62
[1] 70
[1] 110  44
[1] 71
[1] 110  49
[1] 72
[1] 110  35
[1] 73
[1] 110  43
[1] 74
[1] 110  55
[1] 75
[1] 110  56
[1] 76
[1] 110  53
[1] 77
[1] 110  50
[1] 78
[1] 110  60
[1] 79
[1] 110  44
[1] 80
[1] 110  44
[1] 81
[1] 110  45
[1] 82
[1] 110  66
[1] 83
[1] 110  70
[1] 84
[1] 110  36
[1] 85
[1] 110  64
[1] 86
[1] 110  59
[1] 87
[1] 110  54
[1] 88
[1] 110  40
[1] 89
[1] 110  19
[1] 90
[1] 110  35
[1] 91
[1] 110  92
[1] 92
[1] 110  33
[1] 93
[1] 110  46
[1] 94
[1] 110  70
[1] 95
[1] 110  70
[1] 96
[1] 110 102
[1] 97
[1] 110  59
[1] 98
[1] 110  51
[1] 99
[1] 110  82
[1] 100
[1] 110  81
