[1] 1701
[1] 110  60
[1] 1702
[1] 110  22
[1] 1703
[1] 110  52
[1] 1704
[1] 110  53
[1] 1705
[1] 110  42
[1] 1706
[1] 110  64
[1] 1707
[1] 110  69
[1] 1708
[1] 110  37
[1] 1709
[1] 110  41
[1] 1710
[1] 110  47
[1] 1711
[1] 110  80
[1] 1712
[1] 110  67
[1] 1713
[1] 110  69
[1] 1714
[1] 110  76
[1] 1715
[1] 110  82
[1] 1716
[1] 110  42
[1] 1717
[1] 110  67
[1] 1718
[1] 110  51
[1] 1719
[1] 110  53
[1] 1720
[1] 110  59
[1] 1721
[1] 110  90
[1] 1722
[1] 110  52
[1] 1723
[1] 110  74
[1] 1724
[1] 110  30
[1] 1725
[1] 110  32
[1] 1726
[1] 110  37
[1] 1727
[1] 110  36
[1] 1728
[1] 110  53
[1] 1729
[1] 110  59
[1] 1730
[1] 110  35
[1] 1731
[1] 110  53
[1] 1732
[1] 110  36
[1] 1733
[1] 110  55
[1] 1734
[1] 110  55
[1] 1735
[1] 110 113
[1] 1736
[1] 110  41
[1] 1737
[1] 110  46
[1] 1738
[1] 110  40
[1] 1739
[1] 110  97
[1] 1740
[1] 110  85
[1] 1741
[1] 110  40
[1] 1742
[1] 110  37
[1] 1743
[1] 110  30
[1] 1744
[1] 110  54
[1] 1745
[1] 110  63
[1] 1746
[1] 110  75
[1] 1747
[1] 110  70
[1] 1748
[1] 110  39
[1] 1749
[1] 110  35
[1] 1750
[1] 110  51
[1] 1751
[1] 110  40
[1] 1752
[1] 110  45
[1] 1753
[1] 110  18
[1] 1754
[1] 110  19
[1] 1755
[1] 110   8
[1] 1756
[1] 110  42
[1] 1757
[1] 110  15
[1] 1758
[1] 110  90
[1] 1759
[1] 110  15
[1] 1760
[1] 110  43
[1] 1761
[1] 110  32
[1] 1762
[1] 110  30
[1] 1763
[1] 110  49
[1] 1764
[1] 110  54
[1] 1765
[1] 110  93
[1] 1766
[1] 110  51
[1] 1767
[1] 110  12
[1] 1768
[1] 110  10
[1] 1769
[1] 110  61
[1] 1770
[1] 110  10
[1] 1771
[1] 110  47
[1] 1772
[1] 110  56
[1] 1773
[1] 110  52
[1] 1774
[1] 110  31
[1] 1775
[1] 110  48
[1] 1776
[1] 110  63
[1] 1777
[1] 110  48
[1] 1778
[1] 110  41
[1] 1779
[1] 110  43
[1] 1780
[1] 110  46
[1] 1781
[1] 110  27
[1] 1782
[1] 110  22
[1] 1783
[1] 110  37
[1] 1784
[1] 110  23
[1] 1785
[1] 110  18
[1] 1786
[1] 110  18
[1] 1787
[1] 110  17
[1] 1788
[1] 110  18
[1] 1789
[1] 110  65
[1] 1790
[1] 110  96
[1] 1791
[1] 110 113
[1] 1792
[1] 110  52
[1] 1793
[1] 110  58
[1] 1794
[1] 110  35
[1] 1795
[1] 110 101
[1] 1796
[1] 110  28
[1] 1797
[1] 110 113
[1] 1798
[1] 110 123
[1] 1799
[1] 110  68
[1] 1800
[1] 110 123
