[1] 701
[1] 110  50
[1] 702
[1] 110  36
[1] 703
[1] 110  53
[1] 704
[1] 110  55
[1] 705
[1] 110  89
[1] 706
[1] 110 131
[1] 707
[1] 110  49
[1] 708
[1] 110  63
[1] 709
[1] 110  10
[1] 710
[1] 110  10
[1] 711
[1] 110  29
[1] 712
[1] 110  51
[1] 713
[1] 110 157
[1] 714
[1] 110   8
[1] 715
[1] 110  46
[1] 716
[1] 110  53
[1] 717
[1] 110  43
[1] 718
[1] 110  35
[1] 719
[1] 110  31
[1] 720
[1] 110  57
[1] 721
[1] 110  65
[1] 722
[1] 110  54
[1] 723
[1] 110  85
[1] 724
[1] 110  68
[1] 725
[1] 110  72
[1] 726
[1] 110  73
[1] 727
[1] 110  43
[1] 728
[1] 110  80
[1] 729
[1] 110  59
[1] 730
[1] 110  78
[1] 731
[1] 110  69
[1] 732
[1] 110  35
[1] 733
[1] 110  60
[1] 734
[1] 110  53
[1] 735
[1] 110  62
[1] 736
[1] 110  46
[1] 737
[1] 110  73
[1] 738
[1] 110  58
[1] 739
[1] 110  23
[1] 740
[1] 110  75
[1] 741
[1] 110  66
[1] 742
[1] 110  37
[1] 743
[1] 110  48
[1] 744
[1] 110  18
[1] 745
[1] 110  45
[1] 746
[1] 110  51
[1] 747
[1] 110  28
[1] 748
[1] 110  56
[1] 749
[1] 110  51
[1] 750
[1] 110  37
[1] 751
[1] 110  30
[1] 752
[1] 110  52
[1] 753
[1] 110  65
[1] 754
[1] 110  75
[1] 755
[1] 110  84
[1] 756
[1] 110  38
[1] 757
[1] 110 102
[1] 758
[1] 110  64
[1] 759
[1] 110  72
[1] 760
[1] 110  76
[1] 761
[1] 110  71
[1] 762
[1] 110  58
[1] 763
[1] 110 141
[1] 764
[1] 110  24
[1] 765
[1] 110  78
[1] 766
[1] 110  42
[1] 767
[1] 110  47
[1] 768
[1] 110  48
[1] 769
[1] 110  61
[1] 770
[1] 110  57
[1] 771
[1] 110  46
[1] 772
[1] 110  57
[1] 773
[1] 110  54
[1] 774
[1] 110  25
[1] 775
[1] 110  46
[1] 776
[1] 110  26
[1] 777
[1] 110  46
[1] 778
[1] 110  42
[1] 779
[1] 110  33
[1] 780
[1] 110  30
[1] 781
[1] 110  60
[1] 782
[1] 110  43
[1] 783
[1] 110  20
[1] 784
[1] 110  15
[1] 785
[1] 110  49
[1] 786
[1] 110  35
[1] 787
[1] 110  55
[1] 788
[1] 110  31
[1] 789
[1] 110  38
[1] 790
[1] 110  29
[1] 791
[1] 110  33
[1] 792
[1] 110  28
[1] 793
[1] 110  69
[1] 794
[1] 110  54
[1] 795
[1] 110  72
[1] 796
[1] 110  23
[1] 797
[1] 110  78
[1] 798
[1] 110  64
[1] 799
[1] 110  55
[1] 800
[1] 110  69
