[1] 6501
[1] 110  44
[1] 6502
[1] 110  68
[1] 6503
[1] 110  63
[1] 6504
[1] 110  49
[1] 6505
[1] 110  45
[1] 6506
[1] 110  43
[1] 6507
[1] 110  49
[1] 6508
[1] 110  43
[1] 6509
[1] 110  43
[1] 6510
[1] 110  46
[1] 6511
[1] 110  66
[1] 6512
[1] 110  18
[1] 6513
[1] 110  20
[1] 6514
[1] 110  50
[1] 6515
[1] 110  59
[1] 6516
[1] 110  35
[1] 6517
[1] 110  59
[1] 6518
[1] 110  42
[1] 6519
[1] 110  49
[1] 6520
[1] 110  73
[1] 6521
[1] 110  43
[1] 6522
[1] 110  57
[1] 6523
[1] 110  37
[1] 6524
[1] 110  36
[1] 6525
[1] 110  35
[1] 6526
[1] 110   8
[1] 6527
[1] 110  87
[1] 6528
[1] 110  51
[1] 6529
[1] 110  74
[1] 6530
[1] 110  44
[1] 6531
[1] 110  42
[1] 6532
[1] 110  48
[1] 6533
[1] 110  19
[1] 6534
[1] 110  47
[1] 6535
[1] 110  36
[1] 6536
[1] 110  52
[1] 6537
[1] 110  63
[1] 6538
[1] 110  66
[1] 6539
[1] 110  62
[1] 6540
[1] 110  73
[1] 6541
[1] 110  70
[1] 6542
[1] 110  75
[1] 6543
[1] 110  29
[1] 6544
[1] 110  47
[1] 6545
[1] 110  51
[1] 6546
[1] 110  51
[1] 6547
[1] 110  33
[1] 6548
[1] 110  44
[1] 6549
[1] 110  36
[1] 6550
[1] 110  32
[1] 6551
[1] 110  57
[1] 6552
[1] 110  49
[1] 6553
[1] 110  71
[1] 6554
[1] 110  44
[1] 6555
[1] 110  27
[1] 6556
[1] 110  56
[1] 6557
[1] 110  37
[1] 6558
[1] 110  66
[1] 6559
[1] 110  20
[1] 6560
[1] 110  20
[1] 6561
[1] 110  18
[1] 6562
[1] 110  60
[1] 6563
[1] 110  64
[1] 6564
[1] 110  53
[1] 6565
[1] 110  11
[1] 6566
[1] 110  11
[1] 6567
[1] 110  12
[1] 6568
[1] 110  10
[1] 6569
[1] 110  59
[1] 6570
[1] 110  14
[1] 6571
[1] 110  31
[1] 6572
[1] 110  95
[1] 6573
[1] 110  36
[1] 6574
[1] 110  52
[1] 6575
[1] 110  53
[1] 6576
[1] 110  71
[1] 6577
[1] 110  67
[1] 6578
[1] 110  72
[1] 6579
[1] 110  49
[1] 6580
[1] 110  35
[1] 6581
[1] 110  60
[1] 6582
[1] 110  35
[1] 6583
[1] 110   8
[1] 6584
[1] 110   8
[1] 6585
[1] 110   8
[1] 6586
[1] 110  10
[1] 6587
[1] 110  16
[1] 6588
[1] 110  28
[1] 6589
[1] 110  25
[1] 6590
[1] 110  37
[1] 6591
[1] 110  39
[1] 6592
[1] 110  66
[1] 6593
[1] 110  71
[1] 6594
[1] 110  70
[1] 6595
[1] 110  55
[1] 6596
[1] 110 101
[1] 6597
[1] 110 100
[1] 6598
[1] 110  80
[1] 6599
[1] 110  60
[1] 6600
[1] 110  58
