[1] 5701
[1] 110  41
[1] 5702
[1] 110  68
[1] 5703
[1] 110  55
[1] 5704
[1] 110  42
[1] 5705
[1] 110  66
[1] 5706
[1] 110  57
[1] 5707
[1] 110  37
[1] 5708
[1] 110  54
[1] 5709
[1] 110  70
[1] 5710
[1] 110  19
[1] 5711
[1] 110  23
[1] 5712
[1] 110  74
[1] 5713
[1] 110  50
[1] 5714
[1] 110  93
[1] 5715
[1] 110  56
[1] 5716
[1] 110  56
[1] 5717
[1] 110   6
[1] 5718
[1] 110  85
[1] 5719
[1] 110 102
[1] 5720
[1] 110  82
[1] 5721
[1] 110  72
[1] 5722
[1] 110  31
[1] 5723
[1] 110  43
[1] 5724
[1] 110  38
[1] 5725
[1] 110  44
[1] 5726
[1] 110  34
[1] 5727
[1] 110  38
[1] 5728
[1] 110  32
[1] 5729
[1] 110  36
[1] 5730
[1] 110  38
[1] 5731
[1] 110  43
[1] 5732
[1] 110  19
[1] 5733
[1] 110  87
[1] 5734
[1] 110  24
[1] 5735
[1] 110  27
[1] 5736
[1] 110  57
[1] 5737
[1] 110  45
[1] 5738
[1] 110  36
[1] 5739
[1] 110  21
[1] 5740
[1] 110  59
[1] 5741
[1] 110  64
[1] 5742
[1] 110  53
[1] 5743
[1] 110  43
[1] 5744
[1] 110  37
[1] 5745
[1] 110  30
[1] 5746
[1] 110  38
[1] 5747
[1] 110  52
[1] 5748
[1] 110  33
[1] 5749
[1] 110 135
[1] 5750
[1] 110 100
[1] 5751
[1] 110  71
[1] 5752
[1] 110  76
[1] 5753
[1] 110  87
[1] 5754
[1] 110  47
[1] 5755
[1] 110  53
[1] 5756
[1] 110  97
[1] 5757
[1] 110  84
[1] 5758
[1] 110  70
[1] 5759
[1] 110  25
[1] 5760
[1] 110  25
[1] 5761
[1] 110  52
[1] 5762
[1] 110  17
[1] 5763
[1] 110  53
[1] 5764
[1] 110  31
[1] 5765
[1] 110  36
[1] 5766
[1] 110  47
[1] 5767
[1] 110  26
[1] 5768
[1] 110  49
[1] 5769
[1] 110  65
[1] 5770
[1] 110  62
[1] 5771
[1] 110  51
[1] 5772
[1] 110  50
[1] 5773
[1] 110  41
[1] 5774
[1] 110  30
[1] 5775
[1] 110  56
[1] 5776
[1] 110  60
[1] 5777
[1] 110  50
[1] 5778
[1] 110  63
[1] 5779
[1] 110  66
[1] 5780
[1] 110  45
[1] 5781
[1] 110  20
[1] 5782
[1] 110  25
[1] 5783
[1] 110  57
[1] 5784
[1] 110  98
[1] 5785
[1] 110  87
[1] 5786
[1] 110  60
[1] 5787
[1] 110  98
[1] 5788
[1] 110  88
[1] 5789
[1] 110  65
[1] 5790
[1] 110  77
[1] 5791
[1] 110  62
[1] 5792
[1] 110  72
[1] 5793
[1] 110  59
[1] 5794
[1] 110  38
[1] 5795
[1] 110   0
[1] 5796
[1] 110  54
[1] 5797
[1] 110  50
[1] 5798
[1] 110  57
[1] 5799
[1] 110  53
[1] 5800
[1] 110  53
