[1] 10401
[1] 110  22
[1] 10402
[1] 110  39
[1] 10403
[1] 110  74
[1] 10404
[1] 110  54
[1] 10405
[1] 110  27
[1] 10406
[1] 110  41
[1] 10407
[1] 110  18
[1] 10408
[1] 110   1
[1] 10409
[1] 110  20
[1] 10410
[1] 110  66
[1] 10411
[1] 110  65
[1] 10412
[1] 110  45
[1] 10413
[1] 110  71
[1] 10414
[1] 110  32
[1] 10415
[1] 110  56
[1] 10416
[1] 110  17
[1] 10417
[1] 110  74
[1] 10418
[1] 110  27
[1] 10419
[1] 110  72
[1] 10420
[1] 110  55
[1] 10421
[1] 110  62
[1] 10422
[1] 110  31
[1] 10423
[1] 110  17
[1] 10424
[1] 110  27
[1] 10425
[1] 110  62
[1] 10426
[1] 110  30
[1] 10427
[1] 110  55
[1] 10428
[1] 110  61
[1] 10429
[1] 110  62
[1] 10430
[1] 110  52
[1] 10431
[1] 110  55
[1] 10432
[1] 110  29
[1] 10433
[1] 110  54
[1] 10434
[1] 110  54
[1] 10435
[1] 110  54
[1] 10436
[1] 110  51
[1] 10437
[1] 110  36
[1] 10438
[1] 110  45
[1] 10439
[1] 110  58
[1] 10440
[1] 110  16
[1] 10441
[1] 110  21
[1] 10442
[1] 110  46
[1] 10443
[1] 110  23
[1] 10444
[1] 110 113
[1] 10445
[1] 110  17
[1] 10446
[1] 110  37
[1] 10447
[1] 110  30
[1] 10448
[1] 110  42
[1] 10449
[1] 110  54
[1] 10450
[1] 110  18
[1] 10451
[1] 110  36
[1] 10452
[1] 110  68
[1] 10453
[1] 110  49
[1] 10454
[1] 110   1
[1] 10455
[1] 110  21
[1] 10456
[1] 110  32
[1] 10457
[1] 110  23
[1] 10458
[1] 110  51
[1] 10459
[1] 110  59
[1] 10460
[1] 110  55
[1] 10461
[1] 110  41
[1] 10462
[1] 110  37
[1] 10463
[1] 110  84
[1] 10464
[1] 110  73
[1] 10465
[1] 110  30
[1] 10466
[1] 110  63
[1] 10467
[1] 110  46
[1] 10468
[1] 110  47
[1] 10469
[1] 110 125
[1] 10470
[1] 110  37
[1] 10471
[1] 110  76
[1] 10472
[1] 110  39
[1] 10473
[1] 110  41
[1] 10474
[1] 110  62
[1] 10475
[1] 110  35
[1] 10476
[1] 110  31
[1] 10477
[1] 110  35
[1] 10478
[1] 110  32
[1] 10479
[1] 110  20
[1] 10480
[1] 110  38
[1] 10481
[1] 110  42
[1] 10482
[1] 110  14
[1] 10483
[1] 110  36
[1] 10484
[1] 110  92
[1] 10485
[1] 110  26
[1] 10486
[1] 110  41
[1] 10487
[1] 110  76
[1] 10488
[1] 110  54
[1] 10489
[1] 110  24
[1] 10490
[1] 110  29
[1] 10491
[1] 110  26
[1] 10492
[1] 110  65
[1] 10493
[1] 110  75
[1] 10494
[1] 110 324
[1] 10495
[1] 110  29
[1] 10496
[1] 110  42
[1] 10497
[1] 110  64
[1] 10498
[1] 110  54
[1] 10499
[1] 110  37
[1] 10500
[1] 110  26
