[1] 601
[1] 110  26
[1] 602
[1] 110  40
[1] 603
[1] 110  72
[1] 604
[1] 110  77
[1] 605
[1] 110  93
[1] 606
[1] 110  83
[1] 607
[1] 110  21
[1] 608
[1] 110  22
[1] 609
[1] 110  29
[1] 610
[1] 110  30
[1] 611
[1] 110  58
[1] 612
[1] 110  49
[1] 613
[1] 110  39
[1] 614
[1] 110  57
[1] 615
[1] 110  34
[1] 616
[1] 110  28
[1] 617
[1] 110  60
[1] 618
[1] 110  63
[1] 619
[1] 110  44
[1] 620
[1] 110  22
[1] 621
[1] 110  40
[1] 622
[1] 110  54
[1] 623
[1] 110  96
[1] 624
[1] 110  65
[1] 625
[1] 110  53
[1] 626
[1] 110 110
[1] 627
[1] 110  42
[1] 628
[1] 110  98
[1] 629
[1] 110  32
[1] 630
[1] 110  30
[1] 631
[1] 110  48
[1] 632
[1] 110  44
[1] 633
[1] 110  57
[1] 634
[1] 110  62
[1] 635
[1] 110  72
[1] 636
[1] 110  35
[1] 637
[1] 110  42
[1] 638
[1] 110  34
[1] 639
[1] 110  65
[1] 640
[1] 110  34
[1] 641
[1] 110  39
[1] 642
[1] 110 276
[1] 643
[1] 110  34
[1] 644
[1] 110  62
[1] 645
[1] 110  67
[1] 646
[1] 110  85
[1] 647
[1] 110  33
[1] 648
[1] 110  56
[1] 649
[1] 110  67
[1] 650
[1] 110  32
[1] 651
[1] 110  38
[1] 652
[1] 110  27
[1] 653
[1] 110  22
[1] 654
[1] 110  51
[1] 655
[1] 110  34
[1] 656
[1] 110  30
[1] 657
[1] 110  70
[1] 658
[1] 110  40
[1] 659
[1] 110  94
[1] 660
[1] 110  52
[1] 661
[1] 110  82
[1] 662
[1] 110  34
[1] 663
[1] 110  40
[1] 664
[1] 110  26
[1] 665
[1] 110  63
[1] 666
[1] 110  34
[1] 667
[1] 110  56
[1] 668
[1] 110   8
[1] 669
[1] 110  28
[1] 670
[1] 110  57
[1] 671
[1] 110  60
[1] 672
[1] 110  25
[1] 673
[1] 110  51
[1] 674
[1] 110  25
[1] 675
[1] 110  39
[1] 676
[1] 110  62
[1] 677
[1] 110  37
[1] 678
[1] 110  45
[1] 679
[1] 110  90
[1] 680
[1] 110  58
[1] 681
[1] 110   6
[1] 682
[1] 110  19
[1] 683
[1] 110  19
[1] 684
[1] 110 103
[1] 685
[1] 110  20
[1] 686
[1] 110  18
[1] 687
[1] 110  16
[1] 688
[1] 110  26
[1] 689
[1] 110  22
[1] 690
[1] 110  87
[1] 691
[1] 110  28
[1] 692
[1] 110  78
[1] 693
[1] 110  53
[1] 694
[1] 110  61
[1] 695
[1] 110  91
[1] 696
[1] 110  18
[1] 697
[1] 110  86
[1] 698
[1] 110  46
[1] 699
[1] 110  47
[1] 700
[1] 110  41
