[1] 301
[1] 110  29
[1] 302
[1] 110  25
[1] 303
[1] 110  50
[1] 304
[1] 110  41
[1] 305
[1] 110  43
[1] 306
[1] 110  38
[1] 307
[1] 110  73
[1] 308
[1] 110  64
[1] 309
[1] 110  61
[1] 310
[1] 110  72
[1] 311
[1] 110  29
[1] 312
[1] 110  75
[1] 313
[1] 110  73
[1] 314
[1] 110  78
[1] 315
[1] 110  66
[1] 316
[1] 110  44
[1] 317
[1] 110  46
[1] 318
[1] 110  32
[1] 319
[1] 110  59
[1] 320
[1] 110  52
[1] 321
[1] 110  46
[1] 322
[1] 110  32
[1] 323
[1] 110  29
[1] 324
[1] 110  24
[1] 325
[1] 110  42
[1] 326
[1] 110  63
[1] 327
[1] 110  31
[1] 328
[1] 110  48
[1] 329
[1] 110  43
[1] 330
[1] 110  27
[1] 331
[1] 110  34
[1] 332
[1] 110  59
[1] 333
[1] 110  55
[1] 334
[1] 110  48
[1] 335
[1] 110  28
[1] 336
[1] 110  64
[1] 337
[1] 110  52
[1] 338
[1] 110  44
[1] 339
[1] 110  46
[1] 340
[1] 110  21
[1] 341
[1] 110  52
[1] 342
[1] 110  71
[1] 343
[1] 110  52
[1] 344
[1] 110  56
[1] 345
[1] 110  44
[1] 346
[1] 110  35
[1] 347
[1] 110  51
[1] 348
[1] 110  71
[1] 349
[1] 110  42
[1] 350
[1] 110  64
[1] 351
[1] 110  15
[1] 352
[1] 110  88
[1] 353
[1] 110  57
[1] 354
[1] 110 108
[1] 355
[1] 110  96
[1] 356
[1] 110  36
[1] 357
[1] 110  34
[1] 358
[1] 110  62
[1] 359
[1] 110  12
[1] 360
[1] 110  84
[1] 361
[1] 110  42
[1] 362
[1] 110  48
[1] 363
[1] 110  75
[1] 364
[1] 110  58
[1] 365
[1] 110  93
[1] 366
[1] 110  37
[1] 367
[1] 110  63
[1] 368
[1] 110  42
[1] 369
[1] 110  55
[1] 370
[1] 110  60
[1] 371
[1] 110  38
[1] 372
[1] 110  54
[1] 373
[1] 110  64
[1] 374
[1] 110  48
[1] 375
[1] 110  39
[1] 376
[1] 110  65
[1] 377
[1] 110  62
[1] 378
[1] 110  33
[1] 379
[1] 110  55
[1] 380
[1] 110  34
[1] 381
[1] 110  56
[1] 382
[1] 110  44
[1] 383
[1] 110  36
[1] 384
[1] 110  28
[1] 385
[1] 110  97
[1] 386
[1] 110  24
[1] 387
[1] 110  59
[1] 388
[1] 110  77
[1] 389
[1] 110  58
[1] 390
[1] 110  62
[1] 391
[1] 110  31
[1] 392
[1] 110  77
[1] 393
[1] 110  47
[1] 394
[1] 110  31
[1] 395
[1] 110  78
[1] 396
[1] 110  64
[1] 397
[1] 110  63
[1] 398
[1] 110  21
[1] 399
[1] 110  60
[1] 400
[1] 110  46
