[1] 3901
[1] 110  46
[1] 3902
[1] 110  68
[1] 3903
[1] 110  71
[1] 3904
[1] 110  28
[1] 3905
[1] 110  69
[1] 3906
[1] 110  98
[1] 3907
[1] 110  35
[1] 3908
[1] 110  54
[1] 3909
[1] 110  34
[1] 3910
[1] 110  53
[1] 3911
[1] 110  42
[1] 3912
[1] 110  28
[1] 3913
[1] 110  36
[1] 3914
[1] 110  54
[1] 3915
[1] 110  62
[1] 3916
[1] 110 105
[1] 3917
[1] 110  90
[1] 3918
[1] 110  88
[1] 3919
[1] 110  59
[1] 3920
[1] 110  88
[1] 3921
[1] 110  54
[1] 3922
[1] 110  70
[1] 3923
[1] 110  36
[1] 3924
[1] 110  32
[1] 3925
[1] 110  58
[1] 3926
[1] 110  40
[1] 3927
[1] 110  53
[1] 3928
[1] 110  25
[1] 3929
[1] 110  80
[1] 3930
[1] 110  29
[1] 3931
[1] 110  52
[1] 3932
[1] 110  43
[1] 3933
[1] 110  56
[1] 3934
[1] 110  94
[1] 3935
[1] 110  33
[1] 3936
[1] 110  46
[1] 3937
[1] 110  45
[1] 3938
[1] 110  38
[1] 3939
[1] 110  58
[1] 3940
[1] 110  37
[1] 3941
[1] 110  52
[1] 3942
[1] 110  56
[1] 3943
[1] 110  49
[1] 3944
[1] 110  44
[1] 3945
[1] 110  43
[1] 3946
[1] 110  23
[1] 3947
[1] 110  22
[1] 3948
[1] 110  33
[1] 3949
[1] 110  30
[1] 3950
[1] 110  64
[1] 3951
[1] 110  45
[1] 3952
[1] 110  57
[1] 3953
[1] 110  93
[1] 3954
[1] 110  68
[1] 3955
[1] 110  30
[1] 3956
[1] 110  77
[1] 3957
[1] 110  24
[1] 3958
[1] 110  20
[1] 3959
[1] 110  56
[1] 3960
[1] 110  31
[1] 3961
[1] 110  59
[1] 3962
[1] 110  36
[1] 3963
[1] 110  62
[1] 3964
[1] 110  62
[1] 3965
[1] 110  23
[1] 3966
[1] 110  23
[1] 3967
[1] 110  46
[1] 3968
[1] 110  38
[1] 3969
[1] 110  79
[1] 3970
[1] 110  44
[1] 3971
[1] 110  20
[1] 3972
[1] 110  57
[1] 3973
[1] 110  42
[1] 3974
[1] 110  36
[1] 3975
[1] 110  29
[1] 3976
[1] 110  28
[1] 3977
[1] 110  37
[1] 3978
[1] 110 104
[1] 3979
[1] 110  73
[1] 3980
[1] 110  64
[1] 3981
[1] 110  58
[1] 3982
[1] 110  43
[1] 3983
[1] 110  64
[1] 3984
[1] 110  90
[1] 3985
[1] 110  62
[1] 3986
[1] 110  61
[1] 3987
[1] 110  74
[1] 3988
[1] 110  58
[1] 3989
[1] 110  66
[1] 3990
[1] 110  64
[1] 3991
[1] 110  65
[1] 3992
[1] 110  46
[1] 3993
[1] 110  62
[1] 3994
[1] 110  63
[1] 3995
[1] 110  51
[1] 3996
[1] 110  34
[1] 3997
[1] 110  50
[1] 3998
[1] 110  40
[1] 3999
[1] 110  44
[1] 4000
[1] 110  48
