[1] 9101
[1] 110  46
[1] 9102
[1] 110  61
[1] 9103
[1] 110  52
[1] 9104
[1] 110  48
[1] 9105
[1] 110  47
[1] 9106
[1] 110  97
[1] 9107
[1] 110  52
[1] 9108
[1] 110  40
[1] 9109
[1] 110  73
[1] 9110
[1] 110  61
[1] 9111
[1] 110  75
[1] 9112
[1] 110  29
[1] 9113
[1] 110  53
[1] 9114
[1] 110  91
[1] 9115
[1] 110  18
[1] 9116
[1] 110  70
[1] 9117
[1] 110   2
[1] 9118
[1] 110  71
[1] 9119
[1] 110  66
[1] 9120
[1] 110  30
[1] 9121
[1] 110  39
[1] 9122
[1] 110  50
[1] 9123
[1] 110  75
[1] 9124
[1] 110  38
[1] 9125
[1] 110  30
[1] 9126
[1] 110  25
[1] 9127
[1] 110  70
[1] 9128
[1] 110  89
[1] 9129
[1] 110  26
[1] 9130
[1] 110  34
[1] 9131
[1] 110  39
[1] 9132
[1] 110  33
[1] 9133
[1] 110  35
[1] 9134
[1] 110  40
[1] 9135
[1] 110  22
[1] 9136
[1] 110  59
[1] 9137
[1] 110  65
[1] 9138
[1] 110  25
[1] 9139
[1] 110  22
[1] 9140
[1] 110  18
[1] 9141
[1] 110  41
[1] 9142
[1] 110  46
[1] 9143
[1] 110  37
[1] 9144
[1] 110  61
[1] 9145
[1] 110  60
[1] 9146
[1] 110 138
[1] 9147
[1] 110  22
[1] 9148
[1] 110  46
[1] 9149
[1] 110  70
[1] 9150
[1] 110  24
[1] 9151
[1] 110  62
[1] 9152
[1] 110  58
[1] 9153
[1] 110  34
[1] 9154
[1] 110  56
[1] 9155
[1] 110  26
[1] 9156
[1] 110  48
[1] 9157
[1] 110  27
[1] 9158
[1] 110  33
[1] 9159
[1] 110  42
[1] 9160
[1] 110  29
[1] 9161
[1] 110  33
[1] 9162
[1] 110   3
[1] 9163
[1] 110  71
[1] 9164
[1] 110  57
[1] 9165
[1] 110  51
[1] 9166
[1] 110  23
[1] 9167
[1] 110   8
[1] 9168
[1] 110  57
[1] 9169
[1] 110  87
[1] 9170
[1] 110  12
[1] 9171
[1] 110  38
[1] 9172
[1] 110  29
[1] 9173
[1] 110  30
[1] 9174
[1] 110  74
[1] 9175
[1] 110 118
[1] 9176
[1] 110  32
[1] 9177
[1] 110  40
[1] 9178
[1] 110 110
[1] 9179
[1] 110  61
[1] 9180
[1] 110  53
[1] 9181
[1] 110  81
[1] 9182
[1] 110  60
[1] 9183
[1] 110  42
[1] 9184
[1] 110  36
[1] 9185
[1] 110   9
[1] 9186
[1] 110  43
[1] 9187
[1] 110  61
[1] 9188
[1] 110  44
[1] 9189
[1] 110  16
[1] 9190
[1] 110  54
[1] 9191
[1] 110 138
[1] 9192
[1] 110  34
[1] 9193
[1] 110  63
[1] 9194
[1] 110  60
[1] 9195
[1] 110  99
[1] 9196
[1] 110  73
[1] 9197
[1] 110  31
[1] 9198
[1] 110  35
[1] 9199
[1] 110 102
[1] 9200
[1] 110  46
