[1] 4501
[1] 110  37
[1] 4502
[1] 110  44
[1] 4503
[1] 110  48
[1] 4504
[1] 110  41
[1] 4505
[1] 110 128
[1] 4506
[1] 110  96
[1] 4507
[1] 110  58
[1] 4508
[1] 110  58
[1] 4509
[1] 110  51
[1] 4510
[1] 110  93
[1] 4511
[1] 110  87
[1] 4512
[1] 110  87
[1] 4513
[1] 110  84
[1] 4514
[1] 110  97
[1] 4515
[1] 110  42
[1] 4516
[1] 110  84
[1] 4517
[1] 110  42
[1] 4518
[1] 110  52
[1] 4519
[1] 110  78
[1] 4520
[1] 110  45
[1] 4521
[1] 110  52
[1] 4522
[1] 110  70
[1] 4523
[1] 110  49
[1] 4524
[1] 110  27
[1] 4525
[1] 110  48
[1] 4526
[1] 110  37
[1] 4527
[1] 110  78
[1] 4528
[1] 110  54
[1] 4529
[1] 110  41
[1] 4530
[1] 110  30
[1] 4531
[1] 110  59
[1] 4532
[1] 110  56
[1] 4533
[1] 110  40
[1] 4534
[1] 110  75
[1] 4535
[1] 110  60
[1] 4536
[1] 110  66
[1] 4537
[1] 110  58
[1] 4538
[1] 110  32
[1] 4539
[1] 110  45
[1] 4540
[1] 110  54
[1] 4541
[1] 110  61
[1] 4542
[1] 110  38
[1] 4543
[1] 110  14
[1] 4544
[1] 110  37
[1] 4545
[1] 110  37
[1] 4546
[1] 110  36
[1] 4547
[1] 110  27
[1] 4548
[1] 110  43
[1] 4549
[1] 110  36
[1] 4550
[1] 110  43
[1] 4551
[1] 110  36
[1] 4552
[1] 110  46
[1] 4553
[1] 110  39
[1] 4554
[1] 110  41
[1] 4555
[1] 110  67
[1] 4556
[1] 110  44
[1] 4557
[1] 110  39
[1] 4558
[1] 110  35
[1] 4559
[1] 110  46
[1] 4560
[1] 110  43
[1] 4561
[1] 110  47
[1] 4562
[1] 110  59
[1] 4563
[1] 110  51
[1] 4564
[1] 110  55
[1] 4565
[1] 110  54
[1] 4566
[1] 110  38
[1] 4567
[1] 110  31
[1] 4568
[1] 110  30
[1] 4569
[1] 110  27
[1] 4570
[1] 110  35
[1] 4571
[1] 110  35
[1] 4572
[1] 110  42
[1] 4573
[1] 110  30
[1] 4574
[1] 110  31
[1] 4575
[1] 110  34
[1] 4576
[1] 110  22
[1] 4577
[1] 110  33
[1] 4578
[1] 110  50
[1] 4579
[1] 110  29
[1] 4580
[1] 110  31
[1] 4581
[1] 110  30
[1] 4582
[1] 110  75
[1] 4583
[1] 110  21
[1] 4584
[1] 110  31
[1] 4585
[1] 110  51
[1] 4586
[1] 110  38
[1] 4587
[1] 110  64
[1] 4588
[1] 110  26
[1] 4589
[1] 110  35
[1] 4590
[1] 110  38
[1] 4591
[1] 110  62
[1] 4592
[1] 110  42
[1] 4593
[1] 110  32
[1] 4594
[1] 110  78
[1] 4595
[1] 110  35
[1] 4596
[1] 110  36
[1] 4597
[1] 110  61
[1] 4598
[1] 110  35
[1] 4599
[1] 110  39
[1] 4600
[1] 110  37
