[1] 2601
[1] 110  62
[1] 2602
[1] 110  41
[1] 2603
[1] 110  60
[1] 2604
[1] 110  52
[1] 2605
[1] 110  46
[1] 2606
[1] 110  54
[1] 2607
[1] 110  65
[1] 2608
[1] 110  41
[1] 2609
[1] 110  32
[1] 2610
[1] 110  59
[1] 2611
[1] 110  33
[1] 2612
[1] 110  28
[1] 2613
[1] 110  34
[1] 2614
[1] 110  50
[1] 2615
[1] 110  85
[1] 2616
[1] 110  60
[1] 2617
[1] 110  47
[1] 2618
[1] 110  43
[1] 2619
[1] 110  47
[1] 2620
[1] 110  59
[1] 2621
[1] 110  37
[1] 2622
[1] 110  81
[1] 2623
[1] 110  52
[1] 2624
[1] 110  37
[1] 2625
[1] 110  50
[1] 2626
[1] 110  55
[1] 2627
[1] 110  78
[1] 2628
[1] 110  41
[1] 2629
[1] 110  52
[1] 2630
[1] 110  55
[1] 2631
[1] 110  29
[1] 2632
[1] 110  37
[1] 2633
[1] 110  90
[1] 2634
[1] 110  66
[1] 2635
[1] 110  63
[1] 2636
[1] 110  38
[1] 2637
[1] 110  31
[1] 2638
[1] 110  54
[1] 2639
[1] 110  59
[1] 2640
[1] 110  67
[1] 2641
[1] 110  61
[1] 2642
[1] 110  62
[1] 2643
[1] 110  53
[1] 2644
[1] 110  68
[1] 2645
[1] 110  52
[1] 2646
[1] 110 100
[1] 2647
[1] 110  52
[1] 2648
[1] 110  59
[1] 2649
[1] 110  58
[1] 2650
[1] 110  76
[1] 2651
[1] 110  51
[1] 2652
[1] 110  59
[1] 2653
[1] 110  31
[1] 2654
[1] 110  28
[1] 2655
[1] 110  27
[1] 2656
[1] 110  54
[1] 2657
[1] 110  56
[1] 2658
[1] 110  59
[1] 2659
[1] 110  65
[1] 2660
[1] 110  69
[1] 2661
[1] 110  22
[1] 2662
[1] 110  54
[1] 2663
[1] 110  55
[1] 2664
[1] 110  43
[1] 2665
[1] 110  52
[1] 2666
[1] 110  79
[1] 2667
[1] 110  88
[1] 2668
[1] 110  51
[1] 2669
[1] 110  61
[1] 2670
[1] 110  75
[1] 2671
[1] 110  67
[1] 2672
[1] 110  23
[1] 2673
[1] 110  63
[1] 2674
[1] 110  49
[1] 2675
[1] 110  33
[1] 2676
[1] 110  42
[1] 2677
[1] 110  44
[1] 2678
[1] 110  89
[1] 2679
[1] 110 237
[1] 2680
[1] 110 109
[1] 2681
[1] 110 106
[1] 2682
[1] 110  81
[1] 2683
[1] 110  48
[1] 2684
[1] 110 105
[1] 2685
[1] 110  65
[1] 2686
[1] 110  56
[1] 2687
[1] 110  66
[1] 2688
[1] 110  30
[1] 2689
[1] 110  31
[1] 2690
[1] 110  37
[1] 2691
[1] 110  40
[1] 2692
[1] 110  43
[1] 2693
[1] 110  37
[1] 2694
[1] 110  44
[1] 2695
[1] 110  80
[1] 2696
[1] 110  22
[1] 2697
[1] 110  24
[1] 2698
[1] 110 113
[1] 2699
[1] 110  42
[1] 2700
[1] 110  61
