[1] 3301
[1] 110  39
[1] 3302
[1] 110  26
[1] 3303
[1] 110  51
[1] 3304
[1] 110  32
[1] 3305
[1] 110  69
[1] 3306
[1] 110  49
[1] 3307
[1] 110  68
[1] 3308
[1] 110  19
[1] 3309
[1] 110  42
[1] 3310
[1] 110  37
[1] 3311
[1] 110  65
[1] 3312
[1] 110  57
[1] 3313
[1] 110  49
[1] 3314
[1] 110  51
[1] 3315
[1] 110  49
[1] 3316
[1] 110  40
[1] 3317
[1] 110  45
[1] 3318
[1] 110  61
[1] 3319
[1] 110  58
[1] 3320
[1] 110  42
[1] 3321
[1] 110  39
[1] 3322
[1] 110  43
[1] 3323
[1] 110  42
[1] 3324
[1] 110  44
[1] 3325
[1] 110  49
[1] 3326
[1] 110  57
[1] 3327
[1] 110  66
[1] 3328
[1] 110  30
[1] 3329
[1] 110  45
[1] 3330
[1] 110  30
[1] 3331
[1] 110  33
[1] 3332
[1] 110  46
[1] 3333
[1] 110  60
[1] 3334
[1] 110  74
[1] 3335
[1] 110  60
[1] 3336
[1] 110  81
[1] 3337
[1] 110  55
[1] 3338
[1] 110 104
[1] 3339
[1] 110  55
[1] 3340
[1] 110  28
[1] 3341
[1] 110 113
[1] 3342
[1] 110  41
[1] 3343
[1] 110  33
[1] 3344
[1] 110  63
[1] 3345
[1] 110  29
[1] 3346
[1] 110  24
[1] 3347
[1] 110  45
[1] 3348
[1] 110  16
[1] 3349
[1] 110  39
[1] 3350
[1] 110  54
[1] 3351
[1] 110  52
[1] 3352
[1] 110  62
[1] 3353
[1] 110  53
[1] 3354
[1] 110  53
[1] 3355
[1] 110  46
[1] 3356
[1] 110  35
[1] 3357
[1] 110  47
[1] 3358
[1] 110 100
[1] 3359
[1] 110  54
[1] 3360
[1] 110  71
[1] 3361
[1] 110  27
[1] 3362
[1] 110  26
[1] 3363
[1] 110  78
[1] 3364
[1] 110  64
[1] 3365
[1] 110  35
[1] 3366
[1] 110  25
[1] 3367
[1] 110  33
[1] 3368
[1] 110  62
[1] 3369
[1] 110  23
[1] 3370
[1] 110  40
[1] 3371
[1] 110  37
[1] 3372
[1] 110  26
[1] 3373
[1] 110  43
[1] 3374
[1] 110  26
[1] 3375
[1] 110  30
[1] 3376
[1] 110  21
[1] 3377
[1] 110  30
[1] 3378
[1] 110  26
[1] 3379
[1] 110  49
[1] 3380
[1] 110  42
[1] 3381
[1] 110  34
[1] 3382
[1] 110  62
[1] 3383
[1] 110  69
[1] 3384
[1] 110  43
[1] 3385
[1] 110  60
[1] 3386
[1] 110  64
[1] 3387
[1] 110  27
[1] 3388
[1] 110  53
[1] 3389
[1] 110  47
[1] 3390
[1] 110  35
[1] 3391
[1] 110  51
[1] 3392
[1] 110  59
[1] 3393
[1] 110  86
[1] 3394
[1] 110  76
[1] 3395
[1] 110  48
[1] 3396
[1] 110  46
[1] 3397
[1] 110  47
[1] 3398
[1] 110  91
[1] 3399
[1] 110  15
[1] 3400
[1] 110  63
