[1] 4401
[1] 110  39
[1] 4402
[1] 110  36
[1] 4403
[1] 110  40
[1] 4404
[1] 110  39
[1] 4405
[1] 110  40
[1] 4406
[1] 110  92
[1] 4407
[1] 110  58
[1] 4408
[1] 110  42
[1] 4409
[1] 110  44
[1] 4410
[1] 110  37
[1] 4411
[1] 110  44
[1] 4412
[1] 110  35
[1] 4413
[1] 110 104
[1] 4414
[1] 110  75
[1] 4415
[1] 110  37
[1] 4416
[1] 110  33
[1] 4417
[1] 110  36
[1] 4418
[1] 110  40
[1] 4419
[1] 110  40
[1] 4420
[1] 110  36
[1] 4421
[1] 110  45
[1] 4422
[1] 110  67
[1] 4423
[1] 110  54
[1] 4424
[1] 110  60
[1] 4425
[1] 110  60
[1] 4426
[1] 110  64
[1] 4427
[1] 110  55
[1] 4428
[1] 110  43
[1] 4429
[1] 110  43
[1] 4430
[1] 110  46
[1] 4431
[1] 110  58
[1] 4432
[1] 110  37
[1] 4433
[1] 110  54
[1] 4434
[1] 110  58
[1] 4435
[1] 110  61
[1] 4436
[1] 110 107
[1] 4437
[1] 110  43
[1] 4438
[1] 110  52
[1] 4439
[1] 110  55
[1] 4440
[1] 110  74
[1] 4441
[1] 110  24
[1] 4442
[1] 110  47
[1] 4443
[1] 110  84
[1] 4444
[1] 110  51
[1] 4445
[1] 110  46
[1] 4446
[1] 110  90
[1] 4447
[1] 110  55
[1] 4448
[1] 110  49
[1] 4449
[1] 110  29
[1] 4450
[1] 110  30
[1] 4451
[1] 110  61
[1] 4452
[1] 110  37
[1] 4453
[1] 110  50
[1] 4454
[1] 110  37
[1] 4455
[1] 110  67
[1] 4456
[1] 110  70
[1] 4457
[1] 110  76
[1] 4458
[1] 110  38
[1] 4459
[1] 110  46
[1] 4460
[1] 110  45
[1] 4461
[1] 110  39
[1] 4462
[1] 110  87
[1] 4463
[1] 110  30
[1] 4464
[1] 110  65
[1] 4465
[1] 110  17
[1] 4466
[1] 110  70
[1] 4467
[1] 110  86
[1] 4468
[1] 110  66
[1] 4469
[1] 110  75
[1] 4470
[1] 110  81
[1] 4471
[1] 110  69
[1] 4472
[1] 110  49
[1] 4473
[1] 110  17
[1] 4474
[1] 110  51
[1] 4475
[1] 110  66
[1] 4476
[1] 110  41
[1] 4477
[1] 110  96
[1] 4478
[1] 110  20
[1] 4479
[1] 110  34
[1] 4480
[1] 110  34
[1] 4481
[1] 110  65
[1] 4482
[1] 110  21
[1] 4483
[1] 110  52
[1] 4484
[1] 110  53
[1] 4485
[1] 110  63
[1] 4486
[1] 110  40
[1] 4487
[1] 110  10
[1] 4488
[1] 110  24
[1] 4489
[1] 110  16
[1] 4490
[1] 110  67
[1] 4491
[1] 110  43
[1] 4492
[1] 110  48
[1] 4493
[1] 110  48
[1] 4494
[1] 110  40
[1] 4495
[1] 110  48
[1] 4496
[1] 110  39
[1] 4497
[1] 110  27
[1] 4498
[1] 110  46
[1] 4499
[1] 110  70
[1] 4500
[1] 110  66
