[1] 7601
[1] 110  57
[1] 7602
[1] 110  50
[1] 7603
[1] 110  48
[1] 7604
[1] 110  55
[1] 7605
[1] 110  57
[1] 7606
[1] 110  44
[1] 7607
[1] 110  53
[1] 7608
[1] 110  45
[1] 7609
[1] 110  43
[1] 7610
[1] 110  37
[1] 7611
[1] 110  36
[1] 7612
[1] 110  42
[1] 7613
[1] 110  14
[1] 7614
[1] 110  19
[1] 7615
[1] 110  39
[1] 7616
[1] 110  27
[1] 7617
[1] 110  77
[1] 7618
[1] 110  21
[1] 7619
[1] 110  28
[1] 7620
[1] 110  35
[1] 7621
[1] 110  27
[1] 7622
[1] 110  40
[1] 7623
[1] 110  40
[1] 7624
[1] 110  47
[1] 7625
[1] 110  57
[1] 7626
[1] 110 103
[1] 7627
[1] 110  62
[1] 7628
[1] 110  43
[1] 7629
[1] 110  38
[1] 7630
[1] 110  39
[1] 7631
[1] 110  39
[1] 7632
[1] 110  62
[1] 7633
[1] 110  83
[1] 7634
[1] 110  35
[1] 7635
[1] 110  41
[1] 7636
[1] 110  49
[1] 7637
[1] 110  40
[1] 7638
[1] 110  26
[1] 7639
[1] 110  59
[1] 7640
[1] 110  42
[1] 7641
[1] 110  40
[1] 7642
[1] 110  35
[1] 7643
[1] 110  47
[1] 7644
[1] 110  15
[1] 7645
[1] 110  35
[1] 7646
[1] 110  19
[1] 7647
[1] 110  73
[1] 7648
[1] 110  42
[1] 7649
[1] 110  56
[1] 7650
[1] 110  52
[1] 7651
[1] 110  20
[1] 7652
[1] 110  41
[1] 7653
[1] 110  62
[1] 7654
[1] 110  23
[1] 7655
[1] 110  35
[1] 7656
[1] 110  43
[1] 7657
[1] 110  63
[1] 7658
[1] 110  23
[1] 7659
[1] 110  31
[1] 7660
[1] 110  57
[1] 7661
[1] 110  74
[1] 7662
[1] 110  35
[1] 7663
[1] 110  15
[1] 7664
[1] 110  41
[1] 7665
[1] 110  56
[1] 7666
[1] 110  66
[1] 7667
[1] 110  58
[1] 7668
[1] 110  40
[1] 7669
[1] 110  50
[1] 7670
[1] 110  23
[1] 7671
[1] 110  64
[1] 7672
[1] 110  35
[1] 7673
[1] 110  57
[1] 7674
[1] 110  40
[1] 7675
[1] 110  38
[1] 7676
[1] 110  35
[1] 7677
[1] 110  36
[1] 7678
[1] 110  37
[1] 7679
[1] 110  54
[1] 7680
[1] 110  57
[1] 7681
[1] 110  33
[1] 7682
[1] 110  58
[1] 7683
[1] 110  50
[1] 7684
[1] 110  97
[1] 7685
[1] 110  37
[1] 7686
[1] 110  41
[1] 7687
[1] 110  24
[1] 7688
[1] 110  37
[1] 7689
[1] 110  66
[1] 7690
[1] 110 116
[1] 7691
[1] 110  39
[1] 7692
[1] 110  51
[1] 7693
[1] 110   9
[1] 7694
[1] 110  49
[1] 7695
[1] 110  68
[1] 7696
[1] 110  72
[1] 7697
[1] 110  67
[1] 7698
[1] 110  58
[1] 7699
[1] 110  32
[1] 7700
[1] 110  27
