[1] 8601
[1] 110  34
[1] 8602
[1] 110  36
[1] 8603
[1] 110  41
[1] 8604
[1] 110  40
[1] 8605
[1] 110  62
[1] 8606
[1] 110  26
[1] 8607
[1] 110  56
[1] 8608
[1] 110  64
[1] 8609
[1] 110  15
[1] 8610
[1] 110  45
[1] 8611
[1] 110  68
[1] 8612
[1] 110  45
[1] 8613
[1] 110  54
[1] 8614
[1] 110  51
[1] 8615
[1] 110  50
[1] 8616
[1] 110  47
[1] 8617
[1] 110  15
[1] 8618
[1] 110  48
[1] 8619
[1] 110  29
[1] 8620
[1] 110  54
[1] 8621
[1] 110  59
[1] 8622
[1] 110  38
[1] 8623
[1] 110  51
[1] 8624
[1] 110  33
[1] 8625
[1] 110  21
[1] 8626
[1] 110  41
[1] 8627
[1] 110  20
[1] 8628
[1] 110  27
[1] 8629
[1] 110  48
[1] 8630
[1] 110  62
[1] 8631
[1] 110   8
[1] 8632
[1] 110   4
[1] 8633
[1] 110  58
[1] 8634
[1] 110  67
[1] 8635
[1] 110  20
[1] 8636
[1] 110  76
[1] 8637
[1] 110  54
[1] 8638
[1] 110  48
[1] 8639
[1] 110  32
[1] 8640
[1] 110  75
[1] 8641
[1] 110  22
[1] 8642
[1] 110  36
[1] 8643
[1] 110  80
[1] 8644
[1] 110  54
[1] 8645
[1] 110  20
[1] 8646
[1] 110  55
[1] 8647
[1] 110  27
[1] 8648
[1] 110  37
[1] 8649
[1] 110  69
[1] 8650
[1] 110  55
[1] 8651
[1] 110  52
[1] 8652
[1] 110  38
[1] 8653
[1] 110  56
[1] 8654
[1] 110  66
[1] 8655
[1] 110  40
[1] 8656
[1] 110  20
[1] 8657
[1] 110  35
[1] 8658
[1] 110  72
[1] 8659
[1] 110  20
[1] 8660
[1] 110  49
[1] 8661
[1] 110  36
[1] 8662
[1] 110 166
[1] 8663
[1] 110  26
[1] 8664
[1] 110  39
[1] 8665
[1] 110  73
[1] 8666
[1] 110  40
[1] 8667
[1] 110  28
[1] 8668
[1] 110  35
[1] 8669
[1] 110  23
[1] 8670
[1] 110  18
[1] 8671
[1] 110  38
[1] 8672
[1] 110  39
[1] 8673
[1] 110  37
[1] 8674
[1] 110  35
[1] 8675
[1] 110  69
[1] 8676
[1] 110  35
[1] 8677
[1] 110  39
[1] 8678
[1] 110  36
[1] 8679
[1] 110  39
[1] 8680
[1] 110  67
[1] 8681
[1] 110  39
[1] 8682
[1] 110  59
[1] 8683
[1] 110  70
[1] 8684
[1] 110  20
[1] 8685
[1] 110  68
[1] 8686
[1] 110  33
[1] 8687
[1] 110  46
[1] 8688
[1] 110  35
[1] 8689
[1] 110  48
[1] 8690
[1] 110  76
[1] 8691
[1] 110  22
[1] 8692
[1] 110  47
[1] 8693
[1] 110  67
[1] 8694
[1] 110  49
[1] 8695
[1] 110  59
[1] 8696
[1] 110  33
[1] 8697
[1] 110  63
[1] 8698
[1] 110  79
[1] 8699
[1] 110  65
[1] 8700
[1] 110  76
