[1] 6001
[1] 110  42
[1] 6002
[1] 110  46
[1] 6003
[1] 110  85
[1] 6004
[1] 110  60
[1] 6005
[1] 110  35
[1] 6006
[1] 110  36
[1] 6007
[1] 110  94
[1] 6008
[1] 110 100
[1] 6009
[1] 110  56
[1] 6010
[1] 110  51
[1] 6011
[1] 110  77
[1] 6012
[1] 110  64
[1] 6013
[1] 110  46
[1] 6014
[1] 110  71
[1] 6015
[1] 110  65
[1] 6016
[1] 110  68
[1] 6017
[1] 110  54
[1] 6018
[1] 110 203
[1] 6019
[1] 110  41
[1] 6020
[1] 110  51
[1] 6021
[1] 110  50
[1] 6022
[1] 110  49
[1] 6023
[1] 110  58
[1] 6024
[1] 110  69
[1] 6025
[1] 110  61
[1] 6026
[1] 110  40
[1] 6027
[1] 110  41
[1] 6028
[1] 110  46
[1] 6029
[1] 110  63
[1] 6030
[1] 110  70
[1] 6031
[1] 110  53
[1] 6032
[1] 110  59
[1] 6033
[1] 110  27
[1] 6034
[1] 110  38
[1] 6035
[1] 110  88
[1] 6036
[1] 110  48
[1] 6037
[1] 110  68
[1] 6038
[1] 110  59
[1] 6039
[1] 110  67
[1] 6040
[1] 110  58
[1] 6041
[1] 110  55
[1] 6042
[1] 110 121
[1] 6043
[1] 110  48
[1] 6044
[1] 110  54
[1] 6045
[1] 110  44
[1] 6046
[1] 110  96
[1] 6047
[1] 110 228
[1] 6048
[1] 110  46
[1] 6049
[1] 110 115
[1] 6050
[1] 110  71
[1] 6051
[1] 110  15
[1] 6052
[1] 110  41
[1] 6053
[1] 110  64
[1] 6054
[1] 110  68
[1] 6055
[1] 110  68
[1] 6056
[1] 110  61
[1] 6057
[1] 110  43
[1] 6058
[1] 110  66
[1] 6059
[1] 110  54
[1] 6060
[1] 110  68
[1] 6061
[1] 110  24
[1] 6062
[1] 110  18
[1] 6063
[1] 110  25
[1] 6064
[1] 110  85
[1] 6065
[1] 110  34
[1] 6066
[1] 110  72
[1] 6067
[1] 110  46
[1] 6068
[1] 110  40
[1] 6069
[1] 110  40
[1] 6070
[1] 110 127
[1] 6071
[1] 110  46
[1] 6072
[1] 110  47
[1] 6073
[1] 110  39
[1] 6074
[1] 110  38
[1] 6075
[1] 110  45
[1] 6076
[1] 110  61
[1] 6077
[1] 110  61
[1] 6078
[1] 110  69
[1] 6079
[1] 110  65
[1] 6080
[1] 110  57
[1] 6081
[1] 110  54
[1] 6082
[1] 110  40
[1] 6083
[1] 110  77
[1] 6084
[1] 110  51
[1] 6085
[1] 110  55
[1] 6086
[1] 110  68
[1] 6087
[1] 110  66
[1] 6088
[1] 110  70
[1] 6089
[1] 110  66
[1] 6090
[1] 110  50
[1] 6091
[1] 110  55
[1] 6092
[1] 110  67
[1] 6093
[1] 110  71
[1] 6094
[1] 110  62
[1] 6095
[1] 110  63
[1] 6096
[1] 110  60
[1] 6097
[1] 110  71
[1] 6098
[1] 110  70
[1] 6099
[1] 110  75
[1] 6100
[1] 110  41
