[1] 9701
[1] 110  34
[1] 9702
[1] 110  55
[1] 9703
[1] 110  70
[1] 9704
[1] 110  92
[1] 9705
[1] 110  18
[1] 9706
[1] 110  37
[1] 9707
[1] 110  36
[1] 9708
[1] 110  60
[1] 9709
[1] 110  71
[1] 9710
[1] 110  59
[1] 9711
[1] 110  15
[1] 9712
[1] 110  22
[1] 9713
[1] 110 105
[1] 9714
[1] 110  69
[1] 9715
[1] 110  64
[1] 9716
[1] 110  78
[1] 9717
[1] 110  32
[1] 9718
[1] 110  23
[1] 9719
[1] 110  54
[1] 9720
[1] 110  78
[1] 9721
[1] 110  67
[1] 9722
[1] 110  64
[1] 9723
[1] 110  78
[1] 9724
[1] 110  31
[1] 9725
[1] 110  46
[1] 9726
[1] 110  46
[1] 9727
[1] 110  39
[1] 9728
[1] 110  56
[1] 9729
[1] 110  45
[1] 9730
[1] 110  14
[1] 9731
[1] 110  64
[1] 9732
[1] 110  45
[1] 9733
[1] 110  69
[1] 9734
[1] 110  37
[1] 9735
[1] 110  35
[1] 9736
[1] 110  26
[1] 9737
[1] 110  41
[1] 9738
[1] 110  57
[1] 9739
[1] 110  12
[1] 9740
[1] 110  90
[1] 9741
[1] 110  67
[1] 9742
[1] 110  15
[1] 9743
[1] 110  80
[1] 9744
[1] 110  56
[1] 9745
[1] 110  19
[1] 9746
[1] 110 109
[1] 9747
[1] 110  44
[1] 9748
[1] 110  42
[1] 9749
[1] 110  56
[1] 9750
[1] 110  55
[1] 9751
[1] 110  58
[1] 9752
[1] 110  54
[1] 9753
[1] 110  32
[1] 9754
[1] 110  26
[1] 9755
[1] 110  82
[1] 9756
[1] 110  29
[1] 9757
[1] 110  46
[1] 9758
[1] 110  15
[1] 9759
[1] 110  43
[1] 9760
[1] 110  49
[1] 9761
[1] 110  68
[1] 9762
[1] 110  39
[1] 9763
[1] 110  38
[1] 9764
[1] 110  45
[1] 9765
[1] 110  37
[1] 9766
[1] 110  48
[1] 9767
[1] 110  67
[1] 9768
[1] 110  55
[1] 9769
[1] 110  57
[1] 9770
[1] 110  48
[1] 9771
[1] 110  30
[1] 9772
[1] 110  67
[1] 9773
[1] 110  61
[1] 9774
[1] 110  26
[1] 9775
[1] 110  19
[1] 9776
[1] 110  80
[1] 9777
[1] 110  42
[1] 9778
[1] 110  38
[1] 9779
[1] 110  76
[1] 9780
[1] 110  97
[1] 9781
[1] 110  58
[1] 9782
[1] 110  64
[1] 9783
[1] 110  43
[1] 9784
[1] 110  37
[1] 9785
[1] 110  21
[1] 9786
[1] 110  66
[1] 9787
[1] 110  76
[1] 9788
[1] 110  89
[1] 9789
[1] 110  49
[1] 9790
[1] 110  19
[1] 9791
[1] 110  34
[1] 9792
[1] 110  53
[1] 9793
[1] 110  59
[1] 9794
[1] 110  60
[1] 9795
[1] 110  24
[1] 9796
[1] 110  29
[1] 9797
[1] 110  26
[1] 9798
[1] 110  37
[1] 9799
[1] 110  75
[1] 9800
[1] 110  39
