[1] 5001
[1] 110  64
[1] 5002
[1] 110  58
[1] 5003
[1] 110  33
[1] 5004
[1] 110  52
[1] 5005
[1] 110 105
[1] 5006
[1] 110  51
[1] 5007
[1] 110  49
[1] 5008
[1] 110  22
[1] 5009
[1] 110  42
[1] 5010
[1] 110  47
[1] 5011
[1] 110  70
[1] 5012
[1] 110  49
[1] 5013
[1] 110  46
[1] 5014
[1] 110  32
[1] 5015
[1] 110  39
[1] 5016
[1] 110  47
[1] 5017
[1] 110  50
[1] 5018
[1] 110  58
[1] 5019
[1] 110  73
[1] 5020
[1] 110  81
[1] 5021
[1] 110  75
[1] 5022
[1] 110  41
[1] 5023
[1] 110  33
[1] 5024
[1] 110  92
[1] 5025
[1] 110  67
[1] 5026
[1] 110  32
[1] 5027
[1] 110  40
[1] 5028
[1] 110  54
[1] 5029
[1] 110  85
[1] 5030
[1] 110  17
[1] 5031
[1] 110  41
[1] 5032
[1] 110  86
[1] 5033
[1] 110  39
[1] 5034
[1] 110  30
[1] 5035
[1] 110  57
[1] 5036
[1] 110  41
[1] 5037
[1] 110  78
[1] 5038
[1] 110  40
[1] 5039
[1] 110  73
[1] 5040
[1] 110  53
[1] 5041
[1] 110  40
[1] 5042
[1] 110  44
[1] 5043
[1] 110  45
[1] 5044
[1] 110  39
[1] 5045
[1] 110  61
[1] 5046
[1] 110  44
[1] 5047
[1] 110  31
[1] 5048
[1] 110  52
[1] 5049
[1] 110  62
[1] 5050
[1] 110  38
[1] 5051
[1] 110  52
[1] 5052
[1] 110  34
[1] 5053
[1] 110  39
[1] 5054
[1] 110  25
[1] 5055
[1] 110  28
[1] 5056
[1] 110  86
[1] 5057
[1] 110  52
[1] 5058
[1] 110  43
[1] 5059
[1] 110 117
[1] 5060
[1] 110  95
[1] 5061
[1] 110  59
[1] 5062
[1] 110  40
[1] 5063
[1] 110  40
[1] 5064
[1] 110  54
[1] 5065
[1] 110  34
[1] 5066
[1] 110  26
[1] 5067
[1] 110  30
[1] 5068
[1] 110  55
[1] 5069
[1] 110  68
[1] 5070
[1] 110  56
[1] 5071
[1] 110  68
[1] 5072
[1] 110  19
[1] 5073
[1] 110  30
[1] 5074
[1] 110  30
[1] 5075
[1] 110  27
[1] 5076
[1] 110  61
[1] 5077
[1] 110  51
[1] 5078
[1] 110  38
[1] 5079
[1] 110  46
[1] 5080
[1] 110  35
[1] 5081
[1] 110  28
[1] 5082
[1] 110  29
[1] 5083
[1] 110  21
[1] 5084
[1] 110  41
[1] 5085
[1] 110  31
[1] 5086
[1] 110  36
[1] 5087
[1] 110  27
[1] 5088
[1] 110  19
[1] 5089
[1] 110  59
[1] 5090
[1] 110  28
[1] 5091
[1] 110  26
[1] 5092
[1] 110  42
[1] 5093
[1] 110  28
[1] 5094
[1] 110  24
[1] 5095
[1] 110  42
[1] 5096
[1] 110  27
[1] 5097
[1] 110  65
[1] 5098
[1] 110  43
[1] 5099
[1] 110  57
[1] 5100
[1] 110  70
