[1] 7901
[1] 110  29
[1] 7902
[1] 110  47
[1] 7903
[1] 110  57
[1] 7904
[1] 110  31
[1] 7905
[1] 110  52
[1] 7906
[1] 110  46
[1] 7907
[1] 110  57
[1] 7908
[1] 110  47
[1] 7909
[1] 110  55
[1] 7910
[1] 110  73
[1] 7911
[1] 110  49
[1] 7912
[1] 110  80
[1] 7913
[1] 110  45
[1] 7914
[1] 110  76
[1] 7915
[1] 110  18
[1] 7916
[1] 110  91
[1] 7917
[1] 110  35
[1] 7918
[1] 110  26
[1] 7919
[1] 110  50
[1] 7920
[1] 110  66
[1] 7921
[1] 110  20
[1] 7922
[1] 110  19
[1] 7923
[1] 110  55
[1] 7924
[1] 110  23
[1] 7925
[1] 110  56
[1] 7926
[1] 110  21
[1] 7927
[1] 110  74
[1] 7928
[1] 110  94
[1] 7929
[1] 110  17
[1] 7930
[1] 110  78
[1] 7931
[1] 110  45
[1] 7932
[1] 110  62
[1] 7933
[1] 110  21
[1] 7934
[1] 110 198
[1] 7935
[1] 110  30
[1] 7936
[1] 110  66
[1] 7937
[1] 110  62
[1] 7938
[1] 110  46
[1] 7939
[1] 110  64
[1] 7940
[1] 110  20
[1] 7941
[1] 110  42
[1] 7942
[1] 110  18
[1] 7943
[1] 110  20
[1] 7944
[1] 110  42
[1] 7945
[1] 110  71
[1] 7946
[1] 110  66
[1] 7947
[1] 110  41
[1] 7948
[1] 110  42
[1] 7949
[1] 110  57
[1] 7950
[1] 110  26
[1] 7951
[1] 110  44
[1] 7952
[1] 110 104
[1] 7953
[1] 110  46
[1] 7954
[1] 110  41
[1] 7955
[1] 110  97
[1] 7956
[1] 110  52
[1] 7957
[1] 110  30
[1] 7958
[1] 110  73
[1] 7959
[1] 110  41
[1] 7960
[1] 110  10
[1] 7961
[1] 110   6
[1] 7962
[1] 110  31
[1] 7963
[1] 110  46
[1] 7964
[1] 110  33
[1] 7965
[1] 110  66
[1] 7966
[1] 110  67
[1] 7967
[1] 110  86
[1] 7968
[1] 110  59
[1] 7969
[1] 110  54
[1] 7970
[1] 110  72
[1] 7971
[1] 110  62
[1] 7972
[1] 110  64
[1] 7973
[1] 110  52
[1] 7974
[1] 110  25
[1] 7975
[1] 110  55
[1] 7976
[1] 110  33
[1] 7977
[1] 110  41
[1] 7978
[1] 110  20
[1] 7979
[1] 110  76
[1] 7980
[1] 110  73
[1] 7981
[1] 110  68
[1] 7982
[1] 110  50
[1] 7983
[1] 110  51
[1] 7984
[1] 110  29
[1] 7985
[1] 110  81
[1] 7986
[1] 110  81
[1] 7987
[1] 110  79
[1] 7988
[1] 110  31
[1] 7989
[1] 110  21
[1] 7990
[1] 110  67
[1] 7991
[1] 110  83
[1] 7992
[1] 110  38
[1] 7993
[1] 110  40
[1] 7994
[1] 110  59
[1] 7995
[1] 110  34
[1] 7996
[1] 110  34
[1] 7997
[1] 110  71
[1] 7998
[1] 110  34
[1] 7999
[1] 110  58
[1] 8000
[1] 110   9
