[1] 101
[1] 110  60
[1] 102
[1] 110  63
[1] 103
[1] 110  30
[1] 104
[1] 110  48
[1] 105
[1] 110  62
[1] 106
[1] 110  49
[1] 107
[1] 110  70
[1] 108
[1] 110  26
[1] 109
[1] 110  43
[1] 110
[1] 110  73
[1] 111
[1] 110  61
[1] 112
[1] 110  37
[1] 113
[1] 110  44
[1] 114
[1] 110  63
[1] 115
[1] 110  30
[1] 116
[1] 110  74
[1] 117
[1] 110  27
[1] 118
[1] 110  29
[1] 119
[1] 110  64
[1] 120
[1] 110  24
[1] 121
[1] 110  39
[1] 122
[1] 110  51
[1] 123
[1] 110  66
[1] 124
[1] 110  48
[1] 125
[1] 110  63
[1] 126
[1] 110  73
[1] 127
[1] 110  41
[1] 128
[1] 110 100
[1] 129
[1] 110  58
[1] 130
[1] 110  61
[1] 131
[1] 110  44
[1] 132
[1] 110  69
[1] 133
[1] 110  45
[1] 134
[1] 110  36
[1] 135
[1] 110  34
[1] 136
[1] 110  22
[1] 137
[1] 110  64
[1] 138
[1] 110  45
[1] 139
[1] 110  19
[1] 140
[1] 110  71
[1] 141
[1] 110  38
[1] 142
[1] 110  34
[1] 143
[1] 110  54
[1] 144
[1] 110  41
[1] 145
[1] 110  56
[1] 146
[1] 110  74
[1] 147
[1] 110  35
[1] 148
[1] 110  20
[1] 149
[1] 110  73
[1] 150
[1] 110  71
[1] 151
[1] 110  58
[1] 152
[1] 110  62
[1] 153
[1] 110  22
[1] 154
[1] 110  26
[1] 155
[1] 110  45
[1] 156
[1] 110  52
[1] 157
[1] 110  76
[1] 158
[1] 110  54
[1] 159
[1] 110  33
[1] 160
[1] 110  30
[1] 161
[1] 110  68
[1] 162
[1] 110  28
[1] 163
[1] 110  32
[1] 164
[1] 110  84
[1] 165
[1] 110  46
[1] 166
[1] 110  63
[1] 167
[1] 110  48
[1] 168
[1] 110  33
[1] 169
[1] 110  65
[1] 170
[1] 110  39
[1] 171
[1] 110  41
[1] 172
[1] 110  38
[1] 173
[1] 110  17
[1] 174
[1] 110  77
[1] 175
[1] 110  49
[1] 176
[1] 110  69
[1] 177
[1] 110  63
[1] 178
[1] 110  68
[1] 179
[1] 110  73
[1] 180
[1] 110  69
[1] 181
[1] 110  22
[1] 182
[1] 110  60
[1] 183
[1] 110  61
[1] 184
[1] 110  49
[1] 185
[1] 110  33
[1] 186
[1] 110  47
[1] 187
[1] 110  25
[1] 188
[1] 110  64
[1] 189
[1] 110  44
[1] 190
[1] 110  63
[1] 191
[1] 110  42
[1] 192
[1] 110  42
[1] 193
[1] 110  54
[1] 194
[1] 110  68
[1] 195
[1] 110  37
[1] 196
[1] 110  52
[1] 197
[1] 110  75
[1] 198
[1] 110  29
[1] 199
[1] 110  27
[1] 200
[1] 110  66
