[1] 5301
[1] 110  66
[1] 5302
[1] 110  37
[1] 5303
[1] 110  57
[1] 5304
[1] 110  58
[1] 5305
[1] 110  74
[1] 5306
[1] 110  65
[1] 5307
[1] 110  41
[1] 5308
[1] 110  65
[1] 5309
[1] 110  41
[1] 5310
[1] 110  45
[1] 5311
[1] 110  30
[1] 5312
[1] 110  49
[1] 5313
[1] 110  61
[1] 5314
[1] 110  53
[1] 5315
[1] 110  61
[1] 5316
[1] 110  64
[1] 5317
[1] 110  55
[1] 5318
[1] 110  70
[1] 5319
[1] 110  42
[1] 5320
[1] 110  51
[1] 5321
[1] 110  81
[1] 5322
[1] 110  57
[1] 5323
[1] 110  65
[1] 5324
[1] 110  31
[1] 5325
[1] 110  57
[1] 5326
[1] 110  55
[1] 5327
[1] 110  27
[1] 5328
[1] 110  72
[1] 5329
[1] 110  73
[1] 5330
[1] 110  56
[1] 5331
[1] 110  91
[1] 5332
[1] 110  44
[1] 5333
[1] 110  75
[1] 5334
[1] 110  45
[1] 5335
[1] 110  35
[1] 5336
[1] 110  58
[1] 5337
[1] 110  44
[1] 5338
[1] 110  56
[1] 5339
[1] 110  46
[1] 5340
[1] 110  44
[1] 5341
[1] 110  90
[1] 5342
[1] 110  50
[1] 5343
[1] 110  47
[1] 5344
[1] 110  64
[1] 5345
[1] 110  82
[1] 5346
[1] 110  52
[1] 5347
[1] 110  53
[1] 5348
[1] 110  68
[1] 5349
[1] 110  51
[1] 5350
[1] 110  34
[1] 5351
[1] 110  65
[1] 5352
[1] 110  64
[1] 5353
[1] 110  35
[1] 5354
[1] 110  63
[1] 5355
[1] 110   8
[1] 5356
[1] 110   8
[1] 5357
[1] 110  39
[1] 5358
[1] 110  62
[1] 5359
[1] 110  15
[1] 5360
[1] 110  20
[1] 5361
[1] 110  17
[1] 5362
[1] 110  63
[1] 5363
[1] 110  66
[1] 5364
[1] 110  59
[1] 5365
[1] 110  69
[1] 5366
[1] 110  62
[1] 5367
[1] 110  40
[1] 5368
[1] 110  48
[1] 5369
[1] 110  57
[1] 5370
[1] 110  34
[1] 5371
[1] 110  37
[1] 5372
[1] 110  38
[1] 5373
[1] 110  32
[1] 5374
[1] 110  52
[1] 5375
[1] 110  30
[1] 5376
[1] 110  49
[1] 5377
[1] 110  58
[1] 5378
[1] 110  51
[1] 5379
[1] 110  39
[1] 5380
[1] 110  68
[1] 5381
[1] 110  42
[1] 5382
[1] 110  33
[1] 5383
[1] 110  71
[1] 5384
[1] 110  54
[1] 5385
[1] 110  40
[1] 5386
[1] 110  59
[1] 5387
[1] 110  50
[1] 5388
[1] 110  62
[1] 5389
[1] 110  65
[1] 5390
[1] 110  86
[1] 5391
[1] 110  66
[1] 5392
[1] 110  39
[1] 5393
[1] 110  51
[1] 5394
[1] 110  50
[1] 5395
[1] 110  72
[1] 5396
[1] 110  94
[1] 5397
[1] 110  44
[1] 5398
[1] 110  54
[1] 5399
[1] 110  49
[1] 5400
[1] 110  62
