[1] 5901
[1] 177  33
[1] 5902
[1] 177  43
[1] 5903
[1] 177  26
[1] 5904
[1] 177  61
[1] 5905
[1] 177  80
[1] 5906
[1] 177  15
[1] 5907
[1] 177  38
[1] 5908
[1] 177  71
[1] 5909
[1] 177  16
[1] 5910
[1] 177  23
[1] 5911
[1] 177  15
[1] 5912
[1] 177  68
[1] 5913
[1] 177  23
[1] 5914
[1] 177  63
[1] 5915
[1] 177   7
[1] 5916
[1] 177  12
[1] 5917
[1] 177  23
[1] 5918
[1] 177  41
[1] 5919
[1] 177  51
[1] 5920
[1] 177  49
[1] 5921
[1] 177  45
[1] 5922
[1] 177  31
[1] 5923
[1] 177  45
[1] 5924
[1] 177  43
[1] 5925
[1] 177  18
[1] 5926
[1] 177  70
[1] 5927
[1] 177  72
[1] 5928
[1] 177  49
[1] 5929
[1] 177  49
[1] 5930
[1] 177  34
[1] 5931
[1] 177  40
[1] 5932
[1] 177  34
[1] 5933
[1] 177  34
[1] 5934
[1] 177  37
[1] 5935
[1] 177  21
[1] 5936
[1] 177  21
[1] 5937
[1] 177  22
[1] 5938
[1] 177  22
[1] 5939
[1] 177  22
[1] 5940
[1] 177  22
[1] 5941
[1] 177  22
[1] 5942
[1] 177  23
[1] 5943
[1] 177  50
[1] 5944
[1] 177  84
[1] 5945
[1] 177  55
[1] 5946
[1] 177  36
[1] 5947
[1] 177  68
[1] 5948
[1] 177  41
[1] 5949
[1] 177  39
[1] 5950
[1] 177  65
[1] 5951
[1] 177  72
[1] 5952
[1] 177  48
[1] 5953
[1] 177  72
[1] 5954
[1] 177  70
[1] 5955
[1] 177  65
[1] 5956
[1] 177  52
[1] 5957
[1] 177  52
[1] 5958
[1] 177  42
[1] 5959
[1] 177  64
[1] 5960
[1] 177  50
[1] 5961
[1] 177  75
[1] 5962
[1] 177 187
[1] 5963
[1] 177  84
[1] 5964
[1] 177  50
[1] 5965
[1] 177  42
[1] 5966
[1] 177  55
[1] 5967
[1] 177  61
[1] 5968
[1] 177 168
[1] 5969
[1] 177  29
[1] 5970
[1] 177  25
[1] 5971
[1] 177  24
[1] 5972
[1] 177  24
[1] 5973
[1] 177  37
[1] 5974
[1] 177  29
[1] 5975
[1] 177  60
[1] 5976
[1] 177  99
[1] 5977
[1] 177  60
[1] 5978
[1] 177  22
[1] 5979
[1] 177  26
[1] 5980
[1] 177  70
[1] 5981
[1] 177  71
[1] 5982
[1] 177  44
[1] 5983
[1] 177  45
[1] 5984
[1] 177  37
[1] 5985
[1] 177  24
[1] 5986
[1] 177  55
[1] 5987
[1] 177  39
[1] 5988
[1] 177  26
[1] 5989
[1] 177  61
[1] 5990
[1] 177 137
[1] 5991
[1] 177  34
[1] 5992
[1] 177  39
[1] 5993
[1] 177  31
[1] 5994
[1] 177  30
[1] 5995
[1] 177  54
[1] 5996
[1] 177 131
[1] 5997
[1] 177  80
[1] 5998
[1] 177  69
[1] 5999
[1] 177  26
[1] 6000
[1] 177  43
