[1] 4101
[1] 177  73
[1] 4102
[1] 177  66
[1] 4103
[1] 177  63
[1] 4104
[1] 177  47
[1] 4105
[1] 177  50
[1] 4106
[1] 177  42
[1] 4107
[1] 177  43
[1] 4108
[1] 177  53
[1] 4109
[1] 177  42
[1] 4110
[1] 177  27
[1] 4111
[1] 177  27
[1] 4112
[1] 177  28
[1] 4113
[1] 177  59
[1] 4114
[1] 177  44
[1] 4115
[1] 177  50
[1] 4116
[1] 177  30
[1] 4117
[1] 177  30
[1] 4118
[1] 177  32
[1] 4119
[1] 177  29
[1] 4120
[1] 177  69
[1] 4121
[1] 177  57
[1] 4122
[1] 177  19
[1] 4123
[1] 177  20
[1] 4124
[1] 177  17
[1] 4125
[1] 177  19
[1] 4126
[1] 177  20
[1] 4127
[1] 177  35
[1] 4128
[1] 177  25
[1] 4129
[1] 177 124
[1] 4130
[1] 177  64
[1] 4131
[1] 177  63
[1] 4132
[1] 177  63
[1] 4133
[1] 177  69
[1] 4134
[1] 177  21
[1] 4135
[1] 177  76
[1] 4136
[1] 177  93
[1] 4137
[1] 177  69
[1] 4138
[1] 177  21
[1] 4139
[1] 177  36
[1] 4140
[1] 177  27
[1] 4141
[1] 177  31
[1] 4142
[1] 177  39
[1] 4143
[1] 177  46
[1] 4144
[1] 177  28
[1] 4145
[1] 177  91
[1] 4146
[1] 177  29
[1] 4147
[1] 177  23
[1] 4148
[1] 177  26
[1] 4149
[1] 177  27
[1] 4150
[1] 177  28
[1] 4151
[1] 177  37
[1] 4152
[1] 177  41
[1] 4153
[1] 177  71
[1] 4154
[1] 177  58
[1] 4155
[1] 177  65
[1] 4156
[1] 177  25
[1] 4157
[1] 177  78
[1] 4158
[1] 177  79
[1] 4159
[1] 177  72
[1] 4160
[1] 177  68
[1] 4161
[1] 177  54
[1] 4162
[1] 177  39
[1] 4163
[1] 177  38
[1] 4164
[1] 177  60
[1] 4165
[1] 177  62
[1] 4166
[1] 177  36
[1] 4167
[1] 177  35
[1] 4168
[1] 177  60
[1] 4169
[1] 177  53
[1] 4170
[1] 177  66
[1] 4171
[1] 177  41
[1] 4172
[1] 177  44
[1] 4173
[1] 177  37
[1] 4174
[1] 177 105
[1] 4175
[1] 177  40
[1] 4176
[1] 177 108
[1] 4177
[1] 177  43
[1] 4178
[1] 177 101
[1] 4179
[1] 177  47
[1] 4180
[1] 177  63
[1] 4181
[1] 177  41
[1] 4182
[1] 177  52
[1] 4183
[1] 177  71
[1] 4184
[1] 177  22
[1] 4185
[1] 177  20
[1] 4186
[1] 177  18
[1] 4187
[1] 177  24
[1] 4188
[1] 177  47
[1] 4189
[1] 177  20
[1] 4190
[1] 177  19
[1] 4191
[1] 177  23
[1] 4192
[1] 177  29
[1] 4193
[1] 177  78
[1] 4194
[1] 177  62
[1] 4195
[1] 177  30
[1] 4196
[1] 177  74
[1] 4197
[1] 177  36
[1] 4198
[1] 177  38
[1] 4199
[1] 177  75
[1] 4200
[1] 177  58
