[1] 5301
[1] 177  66
[1] 5302
[1] 177  37
[1] 5303
[1] 177  57
[1] 5304
[1] 177  58
[1] 5305
[1] 177  74
[1] 5306
[1] 177  65
[1] 5307
[1] 177  41
[1] 5308
[1] 177  65
[1] 5309
[1] 177  41
[1] 5310
[1] 177  45
[1] 5311
[1] 177  30
[1] 5312
[1] 177  49
[1] 5313
[1] 177  61
[1] 5314
[1] 177  53
[1] 5315
[1] 177  61
[1] 5316
[1] 177  64
[1] 5317
[1] 177  55
[1] 5318
[1] 177  70
[1] 5319
[1] 177  42
[1] 5320
[1] 177  51
[1] 5321
[1] 177  81
[1] 5322
[1] 177  57
[1] 5323
[1] 177  65
[1] 5324
[1] 177  31
[1] 5325
[1] 177  57
[1] 5326
[1] 177  55
[1] 5327
[1] 177  27
[1] 5328
[1] 177  72
[1] 5329
[1] 177  73
[1] 5330
[1] 177  56
[1] 5331
[1] 177  91
[1] 5332
[1] 177  44
[1] 5333
[1] 177  75
[1] 5334
[1] 177  45
[1] 5335
[1] 177  35
[1] 5336
[1] 177  58
[1] 5337
[1] 177  44
[1] 5338
[1] 177  56
[1] 5339
[1] 177  46
[1] 5340
[1] 177  44
[1] 5341
[1] 177  90
[1] 5342
[1] 177  50
[1] 5343
[1] 177  47
[1] 5344
[1] 177  64
[1] 5345
[1] 177  82
[1] 5346
[1] 177  52
[1] 5347
[1] 177  53
[1] 5348
[1] 177  68
[1] 5349
[1] 177  51
[1] 5350
[1] 177  34
[1] 5351
[1] 177  65
[1] 5352
[1] 177  64
[1] 5353
[1] 177  35
[1] 5354
[1] 177  63
[1] 5355
[1] 177   8
[1] 5356
[1] 177   8
[1] 5357
[1] 177  39
[1] 5358
[1] 177  62
[1] 5359
[1] 177  15
[1] 5360
[1] 177  20
[1] 5361
[1] 177  17
[1] 5362
[1] 177  63
[1] 5363
[1] 177  66
[1] 5364
[1] 177  59
[1] 5365
[1] 177  69
[1] 5366
[1] 177  62
[1] 5367
[1] 177  40
[1] 5368
[1] 177  48
[1] 5369
[1] 177  57
[1] 5370
[1] 177  34
[1] 5371
[1] 177  37
[1] 5372
[1] 177  38
[1] 5373
[1] 177  32
[1] 5374
[1] 177  52
[1] 5375
[1] 177  30
[1] 5376
[1] 177  49
[1] 5377
[1] 177  58
[1] 5378
[1] 177  51
[1] 5379
[1] 177  39
[1] 5380
[1] 177  68
[1] 5381
[1] 177  42
[1] 5382
[1] 177  33
[1] 5383
[1] 177  71
[1] 5384
[1] 177  54
[1] 5385
[1] 177  40
[1] 5386
[1] 177  59
[1] 5387
[1] 177  50
[1] 5388
[1] 177  62
[1] 5389
[1] 177  65
[1] 5390
[1] 177  86
[1] 5391
[1] 177  66
[1] 5392
[1] 177  39
[1] 5393
[1] 177  51
[1] 5394
[1] 177  50
[1] 5395
[1] 177  72
[1] 5396
[1] 177  94
[1] 5397
[1] 177  44
[1] 5398
[1] 177  54
[1] 5399
[1] 177  49
[1] 5400
[1] 177  62
