[1] 9001
[1] 177  10
[1] 9002
[1] 177  55
[1] 9003
[1] 177  77
[1] 9004
[1] 177  48
[1] 9005
[1] 177  34
[1] 9006
[1] 177  41
[1] 9007
[1] 177  63
[1] 9008
[1] 177  34
[1] 9009
[1] 177   8
[1] 9010
[1] 177  63
[1] 9011
[1] 177  97
[1] 9012
[1] 177  58
[1] 9013
[1] 177  54
[1] 9014
[1] 177  77
[1] 9015
[1] 177   7
[1] 9016
[1] 177  51
[1] 9017
[1] 177  62
[1] 9018
[1] 177  25
[1] 9019
[1] 177  34
[1] 9020
[1] 177  50
[1] 9021
[1] 177  57
[1] 9022
[1] 177  77
[1] 9023
[1] 177  55
[1] 9024
[1] 177  43
[1] 9025
[1] 177  40
[1] 9026
[1] 177  68
[1] 9027
[1] 177  31
[1] 9028
[1] 177  93
[1] 9029
[1] 177  36
[1] 9030
[1] 177  24
[1] 9031
[1] 177  43
[1] 9032
[1] 177  48
[1] 9033
[1] 177  52
[1] 9034
[1] 177  66
[1] 9035
[1] 177  29
[1] 9036
[1] 177  33
[1] 9037
[1] 177  28
[1] 9038
[1] 177  51
[1] 9039
[1] 177  43
[1] 9040
[1] 177  27
[1] 9041
[1] 177  28
[1] 9042
[1] 177  63
[1] 9043
[1] 177  22
[1] 9044
[1] 177  72
[1] 9045
[1] 177   8
[1] 9046
[1] 177  26
[1] 9047
[1] 177  42
[1] 9048
[1] 177  66
[1] 9049
[1] 177  21
[1] 9050
[1] 177  42
[1] 9051
[1] 177 104
[1] 9052
[1] 177  25
[1] 9053
[1] 177  47
[1] 9054
[1] 177  46
[1] 9055
[1] 177  27
[1] 9056
[1] 177  69
[1] 9057
[1] 177  33
[1] 9058
[1] 177  25
[1] 9059
[1] 177  54
[1] 9060
[1] 177  44
[1] 9061
[1] 177  15
[1] 9062
[1] 177  28
[1] 9063
[1] 177  37
[1] 9064
[1] 177  49
[1] 9065
[1] 177  59
[1] 9066
[1] 177  56
[1] 9067
[1] 177  36
[1] 9068
[1] 177  44
[1] 9069
[1] 177  21
[1] 9070
[1] 177  27
[1] 9071
[1] 177  44
[1] 9072
[1] 177  39
[1] 9073
[1] 177  35
[1] 9074
[1] 177  62
[1] 9075
[1] 177   8
[1] 9076
[1] 177  44
[1] 9077
[1] 177  45
[1] 9078
[1] 177  63
[1] 9079
[1] 177  71
[1] 9080
[1] 177  25
[1] 9081
[1] 177  88
[1] 9082
[1] 177  62
[1] 9083
[1] 177  26
[1] 9084
[1] 177  92
[1] 9085
[1] 177  27
[1] 9086
[1] 177  42
[1] 9087
[1] 177  48
[1] 9088
[1] 177  58
[1] 9089
[1] 177  67
[1] 9090
[1] 177  38
[1] 9091
[1] 177  34
[1] 9092
[1] 177  34
[1] 9093
[1] 177  74
[1] 9094
[1] 177  86
[1] 9095
[1] 177 100
[1] 9096
[1] 177  28
[1] 9097
[1] 177  11
[1] 9098
[1] 177  62
[1] 9099
[1] 177  37
[1] 9100
[1] 177  76
