[1] 7001
[1] 177  65
[1] 7002
[1] 177  59
[1] 7003
[1] 177  63
[1] 7004
[1] 177  62
[1] 7005
[1] 177  61
[1] 7006
[1] 177  67
[1] 7007
[1] 177  32
[1] 7008
[1] 177  47
[1] 7009
[1] 177  40
[1] 7010
[1] 177  37
[1] 7011
[1] 177  83
[1] 7012
[1] 177  70
[1] 7013
[1] 177  22
[1] 7014
[1] 177  37
[1] 7015
[1] 177  38
[1] 7016
[1] 177  38
[1] 7017
[1] 177  50
[1] 7018
[1] 177  36
[1] 7019
[1] 177  41
[1] 7020
[1] 177  59
[1] 7021
[1] 177  77
[1] 7022
[1] 177  25
[1] 7023
[1] 177  60
[1] 7024
[1] 177  37
[1] 7025
[1] 177  41
[1] 7026
[1] 177  46
[1] 7027
[1] 177  46
[1] 7028
[1] 177  53
[1] 7029
[1] 177  38
[1] 7030
[1] 177  42
[1] 7031
[1] 177  46
[1] 7032
[1] 177  42
[1] 7033
[1] 177  23
[1] 7034
[1] 177  53
[1] 7035
[1] 177  41
[1] 7036
[1] 177  41
[1] 7037
[1] 177  21
[1] 7038
[1] 177  20
[1] 7039
[1] 177  31
[1] 7040
[1] 177  19
[1] 7041
[1] 177  20
[1] 7042
[1] 177  20
[1] 7043
[1] 177  20
[1] 7044
[1] 177  23
[1] 7045
[1] 177  25
[1] 7046
[1] 177  44
[1] 7047
[1] 177  25
[1] 7048
[1] 177  19
[1] 7049
[1] 177  27
[1] 7050
[1] 177  18
[1] 7051
[1] 177  16
[1] 7052
[1] 177  18
[1] 7053
[1] 177  29
[1] 7054
[1] 177  30
[1] 7055
[1] 177  15
[1] 7056
[1] 177  13
[1] 7057
[1] 177  12
[1] 7058
[1] 177  18
[1] 7059
[1] 177  23
[1] 7060
[1] 177  17
[1] 7061
[1] 177  21
[1] 7062
[1] 177  53
[1] 7063
[1] 177  47
[1] 7064
[1] 177  30
[1] 7065
[1] 177  30
[1] 7066
[1] 177  40
[1] 7067
[1] 177  67
[1] 7068
[1] 177  51
[1] 7069
[1] 177  57
[1] 7070
[1] 177  66
[1] 7071
[1] 177  41
[1] 7072
[1] 177  44
[1] 7073
[1] 177  56
[1] 7074
[1] 177  70
[1] 7075
[1] 177  31
[1] 7076
[1] 177  24
[1] 7077
[1] 177  30
[1] 7078
[1] 177  47
[1] 7079
[1] 177  27
[1] 7080
[1] 177  26
[1] 7081
[1] 177  72
[1] 7082
[1] 177  68
[1] 7083
[1] 177  24
[1] 7084
[1] 177  33
[1] 7085
[1] 177  32
[1] 7086
[1] 177  41
[1] 7087
[1] 177  94
[1] 7088
[1] 177  16
[1] 7089
[1] 177  45
[1] 7090
[1] 177  43
[1] 7091
[1] 177  41
[1] 7092
[1] 177  58
[1] 7093
[1] 177  28
[1] 7094
[1] 177  36
[1] 7095
[1] 177  70
[1] 7096
[1] 177  58
[1] 7097
[1] 177  83
[1] 7098
[1] 177  52
[1] 7099
[1] 177  60
[1] 7100
[1] 177  56
