[1] 7801
[1] 177  62
[1] 7802
[1] 177  26
[1] 7803
[1] 177  24
[1] 7804
[1] 177  17
[1] 7805
[1] 177  41
[1] 7806
[1] 177  22
[1] 7807
[1] 177  54
[1] 7808
[1] 177  30
[1] 7809
[1] 177  73
[1] 7810
[1] 177  55
[1] 7811
[1] 177  42
[1] 7812
[1] 177  41
[1] 7813
[1] 177  77
[1] 7814
[1] 177  18
[1] 7815
[1] 177  31
[1] 7816
[1] 177  22
[1] 7817
[1] 177  40
[1] 7818
[1] 177  46
[1] 7819
[1] 177  14
[1] 7820
[1] 177  24
[1] 7821
[1] 177  25
[1] 7822
[1] 177  57
[1] 7823
[1] 177  25
[1] 7824
[1] 177  53
[1] 7825
[1] 177  26
[1] 7826
[1] 177  29
[1] 7827
[1] 177  27
[1] 7828
[1] 177  47
[1] 7829
[1] 177  25
[1] 7830
[1] 177  25
[1] 7831
[1] 177  25
[1] 7832
[1] 177  25
[1] 7833
[1] 177  48
[1] 7834
[1] 177 106
[1] 7835
[1] 177  25
[1] 7836
[1] 177  29
[1] 7837
[1] 177  38
[1] 7838
[1] 177 105
[1] 7839
[1] 177  81
[1] 7840
[1] 177  26
[1] 7841
[1] 177  38
[1] 7842
[1] 177  33
[1] 7843
[1] 177  90
[1] 7844
[1] 177 105
[1] 7845
[1] 177  52
[1] 7846
[1] 177  75
[1] 7847
[1] 177  48
[1] 7848
[1] 177  53
[1] 7849
[1] 177  44
[1] 7850
[1] 177  69
[1] 7851
[1] 177  25
[1] 7852
[1] 177  41
[1] 7853
[1] 177  64
[1] 7854
[1] 177  17
[1] 7855
[1] 177  72
[1] 7856
[1] 177  70
[1] 7857
[1] 177  10
[1] 7858
[1] 177   9
[1] 7859
[1] 177  31
[1] 7860
[1] 177  73
[1] 7861
[1] 177  35
[1] 7862
[1] 177  47
[1] 7863
[1] 177  25
[1] 7864
[1] 177  67
[1] 7865
[1] 177  61
[1] 7866
[1] 177  68
[1] 7867
[1] 177  33
[1] 7868
[1] 177  51
[1] 7869
[1] 177  55
[1] 7870
[1] 177  54
[1] 7871
[1] 177  35
[1] 7872
[1] 177  59
[1] 7873
[1] 177  36
[1] 7874
[1] 177  43
[1] 7875
[1] 177  55
[1] 7876
[1] 177  26
[1] 7877
[1] 177  35
[1] 7878
[1] 177  46
[1] 7879
[1] 177  70
[1] 7880
[1] 177  28
[1] 7881
[1] 177  21
[1] 7882
[1] 177  38
[1] 7883
[1] 177  16
[1] 7884
[1] 177  51
[1] 7885
[1] 177  56
[1] 7886
[1] 177  52
[1] 7887
[1] 177  81
[1] 7888
[1] 177  37
[1] 7889
[1] 177  48
[1] 7890
[1] 177  33
[1] 7891
[1] 177  53
[1] 7892
[1] 177  64
[1] 7893
[1] 177  40
[1] 7894
[1] 177  47
[1] 7895
[1] 177  57
[1] 7896
[1] 177  61
[1] 7897
[1] 177  80
[1] 7898
[1] 177  61
[1] 7899
[1] 177  96
[1] 7900
[1] 177  47
