[1] 3101
[1] 177 125
[1] 3102
[1] 177  51
[1] 3103
[1] 177  49
[1] 3104
[1] 177  61
[1] 3105
[1] 177  15
[1] 3106
[1] 177  62
[1] 3107
[1] 177  56
[1] 3108
[1] 177  20
[1] 3109
[1] 177  52
[1] 3110
[1] 177  42
[1] 3111
[1] 177  30
[1] 3112
[1] 177  35
[1] 3113
[1] 177  51
[1] 3114
[1] 177  23
[1] 3115
[1] 177  21
[1] 3116
[1] 177  47
[1] 3117
[1] 177  46
[1] 3118
[1] 177  46
[1] 3119
[1] 177  39
[1] 3120
[1] 177  36
[1] 3121
[1] 177  35
[1] 3122
[1] 177  35
[1] 3123
[1] 177  45
[1] 3124
[1] 177  24
[1] 3125
[1] 177  26
[1] 3126
[1] 177  33
[1] 3127
[1] 177  51
[1] 3128
[1] 177  56
[1] 3129
[1] 177  55
[1] 3130
[1] 177  47
[1] 3131
[1] 177  45
[1] 3132
[1] 177  27
[1] 3133
[1] 177  19
[1] 3134
[1] 177  59
[1] 3135
[1] 177  79
[1] 3136
[1] 177  48
[1] 3137
[1] 177  53
[1] 3138
[1] 177  58
[1] 3139
[1] 177  32
[1] 3140
[1] 177  43
[1] 3141
[1] 177  36
[1] 3142
[1] 177  14
[1] 3143
[1] 177  54
[1] 3144
[1] 177  52
[1] 3145
[1] 177  56
[1] 3146
[1] 177  51
[1] 3147
[1] 177  51
[1] 3148
[1] 177  37
[1] 3149
[1] 177  52
[1] 3150
[1] 177  35
[1] 3151
[1] 177  33
[1] 3152
[1] 177  47
[1] 3153
[1] 177  45
[1] 3154
[1] 177  59
[1] 3155
[1] 177  57
[1] 3156
[1] 177  69
[1] 3157
[1] 177  26
[1] 3158
[1] 177  65
[1] 3159
[1] 177  21
[1] 3160
[1] 177  19
[1] 3161
[1] 177  20
[1] 3162
[1] 177  48
[1] 3163
[1] 177  42
[1] 3164
[1] 177  21
[1] 3165
[1] 177  10
[1] 3166
[1] 177  53
[1] 3167
[1] 177  58
[1] 3168
[1] 177  54
[1] 3169
[1] 177  20
[1] 3170
[1] 177  64
[1] 3171
[1] 177  65
[1] 3172
[1] 177  30
[1] 3173
[1] 177  64
[1] 3174
[1] 177  43
[1] 3175
[1] 177  31
[1] 3176
[1] 177  81
[1] 3177
[1] 177  38
[1] 3178
[1] 177  38
[1] 3179
[1] 177  43
[1] 3180
[1] 177  86
[1] 3181
[1] 177  44
[1] 3182
[1] 177  62
[1] 3183
[1] 177  71
[1] 3184
[1] 177  50
[1] 3185
[1] 177  61
[1] 3186
[1] 177  70
[1] 3187
[1] 177  57
[1] 3188
[1] 177  46
[1] 3189
[1] 177  72
[1] 3190
[1] 177  50
[1] 3191
[1] 177  21
[1] 3192
[1] 177  22
[1] 3193
[1] 177  32
[1] 3194
[1] 177  52
[1] 3195
[1] 177  39
[1] 3196
[1] 177  51
[1] 3197
[1] 177  47
[1] 3198
[1] 177  32
[1] 3199
[1] 177  69
[1] 3200
[1] 177  20
