[1] 8501
[1] 177  43
[1] 8502
[1] 177  41
[1] 8503
[1] 177  34
[1] 8504
[1] 177  28
[1] 8505
[1] 177  34
[1] 8506
[1] 177 136
[1] 8507
[1] 177  62
[1] 8508
[1] 177  19
[1] 8509
[1] 177  18
[1] 8510
[1] 177  53
[1] 8511
[1] 177  72
[1] 8512
[1] 177  89
[1] 8513
[1] 177  56
[1] 8514
[1] 177  74
[1] 8515
[1] 177  51
[1] 8516
[1] 177  37
[1] 8517
[1] 177  71
[1] 8518
[1] 177  64
[1] 8519
[1] 177  45
[1] 8520
[1] 177  38
[1] 8521
[1] 177  17
[1] 8522
[1] 177  38
[1] 8523
[1] 177  55
[1] 8524
[1] 177  77
[1] 8525
[1] 177  54
[1] 8526
[1] 177  46
[1] 8527
[1] 177  68
[1] 8528
[1] 177  54
[1] 8529
[1] 177  69
[1] 8530
[1] 177  80
[1] 8531
[1] 177  63
[1] 8532
[1] 177  47
[1] 8533
[1] 177  78
[1] 8534
[1] 177  79
[1] 8535
[1] 177  57
[1] 8536
[1] 177  80
[1] 8537
[1] 177  39
[1] 8538
[1] 177  39
[1] 8539
[1] 177  24
[1] 8540
[1] 177  45
[1] 8541
[1] 177  38
[1] 8542
[1] 177  47
[1] 8543
[1] 177  25
[1] 8544
[1] 177  68
[1] 8545
[1] 177  67
[1] 8546
[1] 177  82
[1] 8547
[1] 177  56
[1] 8548
[1] 177  60
[1] 8549
[1] 177  60
[1] 8550
[1] 177  59
[1] 8551
[1] 177  40
[1] 8552
[1] 177  36
[1] 8553
[1] 177  70
[1] 8554
[1] 177  47
[1] 8555
[1] 177  56
[1] 8556
[1] 177  65
[1] 8557
[1] 177  45
[1] 8558
[1] 177  54
[1] 8559
[1] 177  57
[1] 8560
[1] 177  40
[1] 8561
[1] 177  42
[1] 8562
[1] 177  39
[1] 8563
[1] 177  53
[1] 8564
[1] 177  56
[1] 8565
[1] 177  50
[1] 8566
[1] 177  39
[1] 8567
[1] 177  49
[1] 8568
[1] 177  64
[1] 8569
[1] 177  65
[1] 8570
[1] 177  63
[1] 8571
[1] 177  47
[1] 8572
[1] 177  14
[1] 8573
[1] 177  84
[1] 8574
[1] 177  40
[1] 8575
[1] 177  50
[1] 8576
[1] 177  31
[1] 8577
[1] 177  21
[1] 8578
[1] 177  66
[1] 8579
[1] 177  50
[1] 8580
[1] 177  56
[1] 8581
[1] 177  23
[1] 8582
[1] 177  57
[1] 8583
[1] 177  62
[1] 8584
[1] 177  86
[1] 8585
[1] 177  53
[1] 8586
[1] 177  51
[1] 8587
[1] 177  57
[1] 8588
[1] 177  53
[1] 8589
[1] 177  88
[1] 8590
[1] 177  52
[1] 8591
[1] 177  53
[1] 8592
[1] 177  27
[1] 8593
[1] 177  27
[1] 8594
[1] 177  64
[1] 8595
[1] 177  53
[1] 8596
[1] 177  69
[1] 8597
[1] 177  34
[1] 8598
[1] 177  57
[1] 8599
[1] 177  60
[1] 8600
[1] 177  61
