[1] 7601
[1] 177  57
[1] 7602
[1] 177  50
[1] 7603
[1] 177  48
[1] 7604
[1] 177  55
[1] 7605
[1] 177  57
[1] 7606
[1] 177  44
[1] 7607
[1] 177  53
[1] 7608
[1] 177  45
[1] 7609
[1] 177  43
[1] 7610
[1] 177  37
[1] 7611
[1] 177  36
[1] 7612
[1] 177  42
[1] 7613
[1] 177  14
[1] 7614
[1] 177  19
[1] 7615
[1] 177  39
[1] 7616
[1] 177  27
[1] 7617
[1] 177  77
[1] 7618
[1] 177  21
[1] 7619
[1] 177  28
[1] 7620
[1] 177  35
[1] 7621
[1] 177  27
[1] 7622
[1] 177  40
[1] 7623
[1] 177  40
[1] 7624
[1] 177  47
[1] 7625
[1] 177  57
[1] 7626
[1] 177 103
[1] 7627
[1] 177  62
[1] 7628
[1] 177  43
[1] 7629
[1] 177  38
[1] 7630
[1] 177  39
[1] 7631
[1] 177  39
[1] 7632
[1] 177  62
[1] 7633
[1] 177  83
[1] 7634
[1] 177  35
[1] 7635
[1] 177  41
[1] 7636
[1] 177  49
[1] 7637
[1] 177  40
[1] 7638
[1] 177  26
[1] 7639
[1] 177  59
[1] 7640
[1] 177  42
[1] 7641
[1] 177  40
[1] 7642
[1] 177  35
[1] 7643
[1] 177  47
[1] 7644
[1] 177  15
[1] 7645
[1] 177  35
[1] 7646
[1] 177  19
[1] 7647
[1] 177  73
[1] 7648
[1] 177  42
[1] 7649
[1] 177  56
[1] 7650
[1] 177  52
[1] 7651
[1] 177  20
[1] 7652
[1] 177  41
[1] 7653
[1] 177  62
[1] 7654
[1] 177  23
[1] 7655
[1] 177  35
[1] 7656
[1] 177  43
[1] 7657
[1] 177  63
[1] 7658
[1] 177  23
[1] 7659
[1] 177  31
[1] 7660
[1] 177  57
[1] 7661
[1] 177  74
[1] 7662
[1] 177  35
[1] 7663
[1] 177  15
[1] 7664
[1] 177  41
[1] 7665
[1] 177  56
[1] 7666
[1] 177  66
[1] 7667
[1] 177  58
[1] 7668
[1] 177  40
[1] 7669
[1] 177  50
[1] 7670
[1] 177  23
[1] 7671
[1] 177  64
[1] 7672
[1] 177  35
[1] 7673
[1] 177  57
[1] 7674
[1] 177  40
[1] 7675
[1] 177  38
[1] 7676
[1] 177  35
[1] 7677
[1] 177  36
[1] 7678
[1] 177  37
[1] 7679
[1] 177  54
[1] 7680
[1] 177  57
[1] 7681
[1] 177  33
[1] 7682
[1] 177  58
[1] 7683
[1] 177  50
[1] 7684
[1] 177  97
[1] 7685
[1] 177  37
[1] 7686
[1] 177  41
[1] 7687
[1] 177  24
[1] 7688
[1] 177  37
[1] 7689
[1] 177  66
[1] 7690
[1] 177 116
[1] 7691
[1] 177  39
[1] 7692
[1] 177  51
[1] 7693
[1] 177   9
[1] 7694
[1] 177  49
[1] 7695
[1] 177  68
[1] 7696
[1] 177  72
[1] 7697
[1] 177  67
[1] 7698
[1] 177  58
[1] 7699
[1] 177  32
[1] 7700
[1] 177  27
