[1] 1401
[1] 177  74
[1] 1402
[1] 177  66
[1] 1403
[1] 177  78
[1] 1404
[1] 177  67
[1] 1405
[1] 177  65
[1] 1406
[1] 177  63
[1] 1407
[1] 177  71
[1] 1408
[1] 177  69
[1] 1409
[1] 177  62
[1] 1410
[1] 177  81
[1] 1411
[1] 177  65
[1] 1412
[1] 177  65
[1] 1413
[1] 177  63
[1] 1414
[1] 177  31
[1] 1415
[1] 177  34
[1] 1416
[1] 177  44
[1] 1417
[1] 177  35
[1] 1418
[1] 177  34
[1] 1419
[1] 177  63
[1] 1420
[1] 177  89
[1] 1421
[1] 177  61
[1] 1422
[1] 177  55
[1] 1423
[1] 177  79
[1] 1424
[1] 177  43
[1] 1425
[1] 177  43
[1] 1426
[1] 177  43
[1] 1427
[1] 177  43
[1] 1428
[1] 177  40
[1] 1429
[1] 177  43
[1] 1430
[1] 177  52
[1] 1431
[1] 177  29
[1] 1432
[1] 177  45
[1] 1433
[1] 177  51
[1] 1434
[1] 177  56
[1] 1435
[1] 177  57
[1] 1436
[1] 177  58
[1] 1437
[1] 177  56
[1] 1438
[1] 177  37
[1] 1439
[1] 177  64
[1] 1440
[1] 177  57
[1] 1441
[1] 177  60
[1] 1442
[1] 177  54
[1] 1443
[1] 177  74
[1] 1444
[1] 177  42
[1] 1445
[1] 177  50
[1] 1446
[1] 177  33
[1] 1447
[1] 177  56
[1] 1448
[1] 177  52
[1] 1449
[1] 177  49
[1] 1450
[1] 177 102
[1] 1451
[1] 177  52
[1] 1452
[1] 177  97
[1] 1453
[1] 177  30
[1] 1454
[1] 177  52
[1] 1455
[1] 177  98
[1] 1456
[1] 177  42
[1] 1457
[1] 177  96
[1] 1458
[1] 177  44
[1] 1459
[1] 177  46
[1] 1460
[1] 177  18
[1] 1461
[1] 177  49
[1] 1462
[1] 177  50
[1] 1463
[1] 177  29
[1] 1464
[1] 177  36
[1] 1465
[1] 177  41
[1] 1466
[1] 177  64
[1] 1467
[1] 177  35
[1] 1468
[1] 177  37
[1] 1469
[1] 177  31
[1] 1470
[1] 177  32
[1] 1471
[1] 177  33
[1] 1472
[1] 177  34
[1] 1473
[1] 177  39
[1] 1474
[1] 177  35
[1] 1475
[1] 177  34
[1] 1476
[1] 177  86
[1] 1477
[1] 177  38
[1] 1478
[1] 177  83
[1] 1479
[1] 177  35
[1] 1480
[1] 177  61
[1] 1481
[1] 177  67
[1] 1482
[1] 177  96
[1] 1483
[1] 177  86
[1] 1484
[1] 177  40
[1] 1485
[1] 177  59
[1] 1486
[1] 177  38
[1] 1487
[1] 177  76
[1] 1488
[1] 177  43
[1] 1489
[1] 177  83
[1] 1490
[1] 177  63
[1] 1491
[1] 177  42
[1] 1492
[1] 177  46
[1] 1493
[1] 177  61
[1] 1494
[1] 177  64
[1] 1495
[1] 177  63
[1] 1496
[1] 177  62
[1] 1497
[1] 177  53
[1] 1498
[1] 177  63
[1] 1499
[1] 177  42
[1] 1500
[1] 177  51
