[1] 10301
[1] 177  65
[1] 10302
[1] 177  65
[1] 10303
[1] 177  55
[1] 10304
[1] 177  25
[1] 10305
[1] 177  15
[1] 10306
[1] 177  37
[1] 10307
[1] 177  21
[1] 10308
[1] 177  11
[1] 10309
[1] 177  68
[1] 10310
[1] 177  14
[1] 10311
[1] 177  36
[1] 10312
[1] 177  32
[1] 10313
[1] 177  23
[1] 10314
[1] 177 112
[1] 10315
[1] 177  43
[1] 10316
[1] 177  21
[1] 10317
[1] 177  52
[1] 10318
[1] 177  64
[1] 10319
[1] 177  35
[1] 10320
[1] 177  26
[1] 10321
[1] 177  24
[1] 10322
[1] 177  58
[1] 10323
[1] 177  26
[1] 10324
[1] 177  69
[1] 10325
[1] 177  73
[1] 10326
[1] 177  62
[1] 10327
[1] 177  17
[1] 10328
[1] 177  21
[1] 10329
[1] 177  78
[1] 10330
[1] 177  49
[1] 10331
[1] 177  70
[1] 10332
[1] 177  57
[1] 10333
[1] 177  30
[1] 10334
[1] 177  67
[1] 10335
[1] 177  69
[1] 10336
[1] 177  26
[1] 10337
[1] 177  46
[1] 10338
[1] 177  31
[1] 10339
[1] 177  21
[1] 10340
[1] 177  38
[1] 10341
[1] 177  88
[1] 10342
[1] 177  34
[1] 10343
[1] 177  49
[1] 10344
[1] 177  11
[1] 10345
[1] 177  57
[1] 10346
[1] 177  79
[1] 10347
[1] 177  39
[1] 10348
[1] 177  30
[1] 10349
[1] 177  29
[1] 10350
[1] 177  40
[1] 10351
[1] 177  82
[1] 10352
[1] 177  29
[1] 10353
[1] 177  68
[1] 10354
[1] 177  56
[1] 10355
[1] 177  16
[1] 10356
[1] 177  34
[1] 10357
[1] 177  50
[1] 10358
[1] 177  29
[1] 10359
[1] 177   3
[1] 10360
[1] 177  58
[1] 10361
[1] 177  46
[1] 10362
[1] 177  37
[1] 10363
[1] 177  69
[1] 10364
[1] 177  27
[1] 10365
[1] 177  27
[1] 10366
[1] 177  57
[1] 10367
[1] 177  49
[1] 10368
[1] 177  54
[1] 10369
[1] 177  73
[1] 10370
[1] 177  47
[1] 10371
[1] 177  67
[1] 10372
[1] 177  19
[1] 10373
[1] 177  49
[1] 10374
[1] 177  16
[1] 10375
[1] 177 113
[1] 10376
[1] 177  34
[1] 10377
[1] 177  21
[1] 10378
[1] 177  41
[1] 10379
[1] 177  49
[1] 10380
[1] 177  28
[1] 10381
[1] 177  45
[1] 10382
[1] 177  27
[1] 10383
[1] 177  63
[1] 10384
[1] 177  24
[1] 10385
[1] 177  51
[1] 10386
[1] 177 120
[1] 10387
[1] 177  15
[1] 10388
[1] 177  43
[1] 10389
[1] 177  53
[1] 10390
[1] 177  58
[1] 10391
[1] 177  70
[1] 10392
[1] 177  35
[1] 10393
[1] 177  42
[1] 10394
[1] 177  33
[1] 10395
[1] 177  46
[1] 10396
[1] 177  50
[1] 10397
[1] 177  55
[1] 10398
[1] 177  61
[1] 10399
[1] 177  53
[1] 10400
[1] 177  17
