[1] 2501
[1] 177  28
[1] 2502
[1] 177  28
[1] 2503
[1] 177  91
[1] 2504
[1] 177  72
[1] 2505
[1] 177  77
[1] 2506
[1] 177  62
[1] 2507
[1] 177  87
[1] 2508
[1] 177  51
[1] 2509
[1] 177  37
[1] 2510
[1] 177  37
[1] 2511
[1] 177  37
[1] 2512
[1] 177  51
[1] 2513
[1] 177  32
[1] 2514
[1] 177  32
[1] 2515
[1] 177  35
[1] 2516
[1] 177  52
[1] 2517
[1] 177  51
[1] 2518
[1] 177  48
[1] 2519
[1] 177  40
[1] 2520
[1] 177  88
[1] 2521
[1] 177  32
[1] 2522
[1] 177  41
[1] 2523
[1] 177  38
[1] 2524
[1] 177  51
[1] 2525
[1] 177  63
[1] 2526
[1] 177  57
[1] 2527
[1] 177  41
[1] 2528
[1] 177  36
[1] 2529
[1] 177  55
[1] 2530
[1] 177  42
[1] 2531
[1] 177  57
[1] 2532
[1] 177  29
[1] 2533
[1] 177  41
[1] 2534
[1] 177  45
[1] 2535
[1] 177  45
[1] 2536
[1] 177  29
[1] 2537
[1] 177  54
[1] 2538
[1] 177  65
[1] 2539
[1] 177  63
[1] 2540
[1] 177  52
[1] 2541
[1] 177  74
[1] 2542
[1] 177  78
[1] 2543
[1] 177  71
[1] 2544
[1] 177  50
[1] 2545
[1] 177  53
[1] 2546
[1] 177  54
[1] 2547
[1] 177  51
[1] 2548
[1] 177  55
[1] 2549
[1] 177  58
[1] 2550
[1] 177  72
[1] 2551
[1] 177  13
[1] 2552
[1] 177  13
[1] 2553
[1] 177  13
[1] 2554
[1] 177  58
[1] 2555
[1] 177  24
[1] 2556
[1] 177  62
[1] 2557
[1] 177  58
[1] 2558
[1] 177  21
[1] 2559
[1] 177  19
[1] 2560
[1] 177  59
[1] 2561
[1] 177  16
[1] 2562
[1] 177  60
[1] 2563
[1] 177  60
[1] 2564
[1] 177  17
[1] 2565
[1] 177  20
[1] 2566
[1] 177  36
[1] 2567
[1] 177  34
[1] 2568
[1] 177  34
[1] 2569
[1] 177  41
[1] 2570
[1] 177  49
[1] 2571
[1] 177  55
[1] 2572
[1] 177  82
[1] 2573
[1] 177  38
[1] 2574
[1] 177  35
[1] 2575
[1] 177  19
[1] 2576
[1] 177  65
[1] 2577
[1] 177  40
[1] 2578
[1] 177  76
[1] 2579
[1] 177  30
[1] 2580
[1] 177  59
[1] 2581
[1] 177  43
[1] 2582
[1] 177  54
[1] 2583
[1] 177  58
[1] 2584
[1] 177  61
[1] 2585
[1] 177  66
[1] 2586
[1] 177  39
[1] 2587
[1] 177  50
[1] 2588
[1] 177  62
[1] 2589
[1] 177  40
[1] 2590
[1] 177  67
[1] 2591
[1] 177  39
[1] 2592
[1] 177  38
[1] 2593
[1] 177  62
[1] 2594
[1] 177  41
[1] 2595
[1] 177  49
[1] 2596
[1] 177  50
[1] 2597
[1] 177  50
[1] 2598
[1] 177  52
[1] 2599
[1] 177  54
[1] 2600
[1] 177  76
