[1] 9201
[1] 177  64
[1] 9202
[1] 177  41
[1] 9203
[1] 177  41
[1] 9204
[1] 177 171
[1] 9205
[1] 177  54
[1] 9206
[1] 177 255
[1] 9207
[1] 177  26
[1] 9208
[1] 177  54
[1] 9209
[1] 177  62
[1] 9210
[1] 177  17
[1] 9211
[1] 177  41
[1] 9212
[1] 177  50
[1] 9213
[1] 177  82
[1] 9214
[1] 177  43
[1] 9215
[1] 177  69
[1] 9216
[1] 177  35
[1] 9217
[1] 177  79
[1] 9218
[1] 177  19
[1] 9219
[1] 177 140
[1] 9220
[1] 177  77
[1] 9221
[1] 177  27
[1] 9222
[1] 177  40
[1] 9223
[1] 177  33
[1] 9224
[1] 177  57
[1] 9225
[1] 177  43
[1] 9226
[1] 177  55
[1] 9227
[1] 177  71
[1] 9228
[1] 177  46
[1] 9229
[1] 177  60
[1] 9230
[1] 177  24
[1] 9231
[1] 177  53
[1] 9232
[1] 177  42
[1] 9233
[1] 177  13
[1] 9234
[1] 177  92
[1] 9235
[1] 177  69
[1] 9236
[1] 177  18
[1] 9237
[1] 177  37
[1] 9238
[1] 177  34
[1] 9239
[1] 177  11
[1] 9240
[1] 177  17
[1] 9241
[1] 177  57
[1] 9242
[1] 177  51
[1] 9243
[1] 177   9
[1] 9244
[1] 177  26
[1] 9245
[1] 177  65
[1] 9246
[1] 177  58
[1] 9247
[1] 177  26
[1] 9248
[1] 177   2
[1] 9249
[1] 177  10
[1] 9250
[1] 177  36
[1] 9251
[1] 177  58
[1] 9252
[1] 177  29
[1] 9253
[1] 177  64
[1] 9254
[1] 177  40
[1] 9255
[1] 177  28
[1] 9256
[1] 177  27
[1] 9257
[1] 177  46
[1] 9258
[1] 177  76
[1] 9259
[1] 177  29
[1] 9260
[1] 177  47
[1] 9261
[1] 177  68
[1] 9262
[1] 177  59
[1] 9263
[1] 177  23
[1] 9264
[1] 177 292
[1] 9265
[1] 177  39
[1] 9266
[1] 177  71
[1] 9267
[1] 177  43
[1] 9268
[1] 177  58
[1] 9269
[1] 177  47
[1] 9270
[1] 177  47
[1] 9271
[1] 177  59
[1] 9272
[1] 177  67
[1] 9273
[1] 177  43
[1] 9274
[1] 177  67
[1] 9275
[1] 177  32
[1] 9276
[1] 177  37
[1] 9277
[1] 177  71
[1] 9278
[1] 177  29
[1] 9279
[1] 177  54
[1] 9280
[1] 177  47
[1] 9281
[1] 177  63
[1] 9282
[1] 177  50
[1] 9283
[1] 177  68
[1] 9284
[1] 177  50
[1] 9285
[1] 177  55
[1] 9286
[1] 177  52
[1] 9287
[1] 177  25
[1] 9288
[1] 177  87
[1] 9289
[1] 177  25
[1] 9290
[1] 177  22
[1] 9291
[1] 177  28
[1] 9292
[1] 177  86
[1] 9293
[1] 177  65
[1] 9294
[1] 177  35
[1] 9295
[1] 177  17
[1] 9296
[1] 177  24
[1] 9297
[1] 177  13
[1] 9298
[1] 177  73
[1] 9299
[1] 177  32
[1] 9300
[1] 177  44
