[1] 401
[1] 177  45
[1] 402
[1] 177  37
[1] 403
[1] 177  49
[1] 404
[1] 177  41
[1] 405
[1] 177  47
[1] 406
[1] 177 138
[1] 407
[1] 177  49
[1] 408
[1] 177  56
[1] 409
[1] 177  57
[1] 410
[1] 177  41
[1] 411
[1] 177  62
[1] 412
[1] 177  95
[1] 413
[1] 177  60
[1] 414
[1] 177  31
[1] 415
[1] 177  44
[1] 416
[1] 177  18
[1] 417
[1] 177  25
[1] 418
[1] 177  78
[1] 419
[1] 177  51
[1] 420
[1] 177 104
[1] 421
[1] 177  77
[1] 422
[1] 177  30
[1] 423
[1] 177  56
[1] 424
[1] 177  75
[1] 425
[1] 177 127
[1] 426
[1] 177  67
[1] 427
[1] 177  41
[1] 428
[1] 177  45
[1] 429
[1] 177  82
[1] 430
[1] 177  33
[1] 431
[1] 177  38
[1] 432
[1] 177  52
[1] 433
[1] 177  31
[1] 434
[1] 177  40
[1] 435
[1] 177  47
[1] 436
[1] 177  51
[1] 437
[1] 177  73
[1] 438
[1] 177 100
[1] 439
[1] 177  35
[1] 440
[1] 177  64
[1] 441
[1] 177  72
[1] 442
[1] 177  40
[1] 443
[1] 177  43
[1] 444
[1] 177  44
[1] 445
[1] 177  30
[1] 446
[1] 177  81
[1] 447
[1] 177  30
[1] 448
[1] 177  28
[1] 449
[1] 177  24
[1] 450
[1] 177  53
[1] 451
[1] 177  38
[1] 452
[1] 177  23
[1] 453
[1] 177  61
[1] 454
[1] 177  47
[1] 455
[1] 177  48
[1] 456
[1] 177  97
[1] 457
[1] 177 117
[1] 458
[1] 177  57
[1] 459
[1] 177  56
[1] 460
[1] 177  38
[1] 461
[1] 177  69
[1] 462
[1] 177  68
[1] 463
[1] 177  28
[1] 464
[1] 177  54
[1] 465
[1] 177  19
[1] 466
[1] 177  40
[1] 467
[1] 177  63
[1] 468
[1] 177  44
[1] 469
[1] 177  91
[1] 470
[1] 177  24
[1] 471
[1] 177  38
[1] 472
[1] 177 107
[1] 473
[1] 177  61
[1] 474
[1] 177  31
[1] 475
[1] 177  61
[1] 476
[1] 177  32
[1] 477
[1] 177  32
[1] 478
[1] 177  53
[1] 479
[1] 177  39
[1] 480
[1] 177  70
[1] 481
[1] 177  70
[1] 482
[1] 177  19
[1] 483
[1] 177  39
[1] 484
[1] 177  61
[1] 485
[1] 177  64
[1] 486
[1] 177  65
[1] 487
[1] 177  76
[1] 488
[1] 177  48
[1] 489
[1] 177  38
[1] 490
[1] 177  48
[1] 491
[1] 177  40
[1] 492
[1] 177 109
[1] 493
[1] 177  27
[1] 494
[1] 177  37
[1] 495
[1] 177  55
[1] 496
[1] 177  41
[1] 497
[1] 177  48
[1] 498
[1] 177  55
[1] 499
[1] 177  57
[1] 500
[1] 177  79
