[1] 9501
[1] 177  63
[1] 9502
[1] 177  23
[1] 9503
[1] 177  44
[1] 9504
[1] 177  28
[1] 9505
[1] 177  74
[1] 9506
[1] 177  48
[1] 9507
[1] 177  46
[1] 9508
[1] 177  14
[1] 9509
[1] 177  14
[1] 9510
[1] 177 343
[1] 9511
[1] 177  96
[1] 9512
[1] 177  74
[1] 9513
[1] 177  20
[1] 9514
[1] 177  51
[1] 9515
[1] 177  37
[1] 9516
[1] 177  42
[1] 9517
[1] 177  23
[1] 9518
[1] 177  47
[1] 9519
[1] 177  45
[1] 9520
[1] 177  57
[1] 9521
[1] 177  30
[1] 9522
[1] 177  51
[1] 9523
[1] 177  60
[1] 9524
[1] 177  86
[1] 9525
[1] 177  43
[1] 9526
[1] 177  57
[1] 9527
[1] 177  55
[1] 9528
[1] 177  28
[1] 9529
[1] 177  33
[1] 9530
[1] 177  31
[1] 9531
[1] 177  68
[1] 9532
[1] 177  67
[1] 9533
[1] 177  40
[1] 9534
[1] 177  11
[1] 9535
[1] 177  73
[1] 9536
[1] 177  35
[1] 9537
[1] 177  21
[1] 9538
[1] 177  20
[1] 9539
[1] 177  14
[1] 9540
[1] 177   8
[1] 9541
[1] 177  59
[1] 9542
[1] 177  26
[1] 9543
[1] 177  19
[1] 9544
[1] 177  39
[1] 9545
[1] 177  37
[1] 9546
[1] 177  68
[1] 9547
[1] 177  55
[1] 9548
[1] 177  64
[1] 9549
[1] 177  68
[1] 9550
[1] 177  20
[1] 9551
[1] 177  30
[1] 9552
[1] 177  21
[1] 9553
[1] 177  69
[1] 9554
[1] 177  59
[1] 9555
[1] 177  47
[1] 9556
[1] 177  76
[1] 9557
[1] 177  60
[1] 9558
[1] 177  23
[1] 9559
[1] 177  71
[1] 9560
[1] 177  60
[1] 9561
[1] 177  93
[1] 9562
[1] 177  26
[1] 9563
[1] 177  49
[1] 9564
[1] 177  43
[1] 9565
[1] 177  52
[1] 9566
[1] 177  39
[1] 9567
[1] 177  21
[1] 9568
[1] 177  35
[1] 9569
[1] 177  32
[1] 9570
[1] 177  56
[1] 9571
[1] 177  51
[1] 9572
[1] 177  93
[1] 9573
[1] 177  16
[1] 9574
[1] 177  59
[1] 9575
[1] 177  35
[1] 9576
[1] 177  14
[1] 9577
[1] 177  62
[1] 9578
[1] 177  37
[1] 9579
[1] 177  98
[1] 9580
[1] 177  40
[1] 9581
[1] 177  58
[1] 9582
[1] 177   5
[1] 9583
[1] 177  36
[1] 9584
[1] 177  30
[1] 9585
[1] 177  69
[1] 9586
[1] 177  39
[1] 9587
[1] 177  14
[1] 9588
[1] 177  71
[1] 9589
[1] 177  79
[1] 9590
[1] 177  48
[1] 9591
[1] 177  45
[1] 9592
[1] 177  38
[1] 9593
[1] 177  62
[1] 9594
[1] 177   9
[1] 9595
[1] 177  43
[1] 9596
[1] 177  75
[1] 9597
[1] 177  44
[1] 9598
[1] 177  64
[1] 9599
[1] 177   6
[1] 9600
[1] 177  35
