[1] 7401
[1] 177  43
[1] 7402
[1] 177  46
[1] 7403
[1] 177  17
[1] 7404
[1] 177  40
[1] 7405
[1] 177  17
[1] 7406
[1] 177  27
[1] 7407
[1] 177  35
[1] 7408
[1] 177  37
[1] 7409
[1] 177  37
[1] 7410
[1] 177  56
[1] 7411
[1] 177  35
[1] 7412
[1] 177  86
[1] 7413
[1] 177  76
[1] 7414
[1] 177  86
[1] 7415
[1] 177  56
[1] 7416
[1] 177  26
[1] 7417
[1] 177  16
[1] 7418
[1] 177  61
[1] 7419
[1] 177  40
[1] 7420
[1] 177 101
[1] 7421
[1] 177  78
[1] 7422
[1] 177  75
[1] 7423
[1] 177  47
[1] 7424
[1] 177  54
[1] 7425
[1] 177   9
[1] 7426
[1] 177  57
[1] 7427
[1] 177   8
[1] 7428
[1] 177  52
[1] 7429
[1] 177  50
[1] 7430
[1] 177  57
[1] 7431
[1] 177  36
[1] 7432
[1] 177  36
[1] 7433
[1] 177  52
[1] 7434
[1] 177  17
[1] 7435
[1] 177  23
[1] 7436
[1] 177  29
[1] 7437
[1] 177  12
[1] 7438
[1] 177  65
[1] 7439
[1] 177  57
[1] 7440
[1] 177  40
[1] 7441
[1] 177  49
[1] 7442
[1] 177  26
[1] 7443
[1] 177 162
[1] 7444
[1] 177  31
[1] 7445
[1] 177  38
[1] 7446
[1] 177  26
[1] 7447
[1] 177  32
[1] 7448
[1] 177  43
[1] 7449
[1] 177  32
[1] 7450
[1] 177  41
[1] 7451
[1] 177  34
[1] 7452
[1] 177  33
[1] 7453
[1] 177  37
[1] 7454
[1] 177  33
[1] 7455
[1] 177  65
[1] 7456
[1] 177  32
[1] 7457
[1] 177  18
[1] 7458
[1] 177  30
[1] 7459
[1] 177  21
[1] 7460
[1] 177  19
[1] 7461
[1] 177  35
[1] 7462
[1] 177  63
[1] 7463
[1] 177  38
[1] 7464
[1] 177  52
[1] 7465
[1] 177  21
[1] 7466
[1] 177  51
[1] 7467
[1] 177  21
[1] 7468
[1] 177  66
[1] 7469
[1] 177  62
[1] 7470
[1] 177  29
[1] 7471
[1] 177  48
[1] 7472
[1] 177  53
[1] 7473
[1] 177  38
[1] 7474
[1] 177  37
[1] 7475
[1] 177  32
[1] 7476
[1] 177  20
[1] 7477
[1] 177  55
[1] 7478
[1] 177  54
[1] 7479
[1] 177  61
[1] 7480
[1] 177  45
[1] 7481
[1] 177  13
[1] 7482
[1] 177  34
[1] 7483
[1] 177  52
[1] 7484
[1] 177  38
[1] 7485
[1] 177  58
[1] 7486
[1] 177  36
[1] 7487
[1] 177  33
[1] 7488
[1] 177  33
[1] 7489
[1] 177  31
[1] 7490
[1] 177  31
[1] 7491
[1] 177  29
[1] 7492
[1] 177  39
[1] 7493
[1] 177  17
[1] 7494
[1] 177  21
[1] 7495
[1] 177  44
[1] 7496
[1] 177  40
[1] 7497
[1] 177  54
[1] 7498
[1] 177  60
[1] 7499
[1] 177  31
[1] 7500
[1] 177  50
