[1] 5101
[1] 177  97
[1] 5102
[1] 177  49
[1] 5103
[1] 177  58
[1] 5104
[1] 177  62
[1] 5105
[1] 177  57
[1] 5106
[1] 177  65
[1] 5107
[1] 177  92
[1] 5108
[1] 177  81
[1] 5109
[1] 177  70
[1] 5110
[1] 177  30
[1] 5111
[1] 177  38
[1] 5112
[1] 177  61
[1] 5113
[1] 177  50
[1] 5114
[1] 177  23
[1] 5115
[1] 177  61
[1] 5116
[1] 177  62
[1] 5117
[1] 177  49
[1] 5118
[1] 177  58
[1] 5119
[1] 177  62
[1] 5120
[1] 177  54
[1] 5121
[1] 177  54
[1] 5122
[1] 177  40
[1] 5123
[1] 177  42
[1] 5124
[1] 177  46
[1] 5125
[1] 177  15
[1] 5126
[1] 177  66
[1] 5127
[1] 177  29
[1] 5128
[1] 177  17
[1] 5129
[1] 177  24
[1] 5130
[1] 177  50
[1] 5131
[1] 177  50
[1] 5132
[1] 177  54
[1] 5133
[1] 177  58
[1] 5134
[1] 177  65
[1] 5135
[1] 177  34
[1] 5136
[1] 177  19
[1] 5137
[1] 177  34
[1] 5138
[1] 177  26
[1] 5139
[1] 177  42
[1] 5140
[1] 177  45
[1] 5141
[1] 177  22
[1] 5142
[1] 177  61
[1] 5143
[1] 177  57
[1] 5144
[1] 177  18
[1] 5145
[1] 177  17
[1] 5146
[1] 177  51
[1] 5147
[1] 177  65
[1] 5148
[1] 177  95
[1] 5149
[1] 177  27
[1] 5150
[1] 177  31
[1] 5151
[1] 177  42
[1] 5152
[1] 177  25
[1] 5153
[1] 177  62
[1] 5154
[1] 177  58
[1] 5155
[1] 177  35
[1] 5156
[1] 177  36
[1] 5157
[1] 177  72
[1] 5158
[1] 177  59
[1] 5159
[1] 177  61
[1] 5160
[1] 177  79
[1] 5161
[1] 177  61
[1] 5162
[1] 177  37
[1] 5163
[1] 177  71
[1] 5164
[1] 177  61
[1] 5165
[1] 177  64
[1] 5166
[1] 177 116
[1] 5167
[1] 177  55
[1] 5168
[1] 177  71
[1] 5169
[1] 177  67
[1] 5170
[1] 177  41
[1] 5171
[1] 177  52
[1] 5172
[1] 177  50
[1] 5173
[1] 177  61
[1] 5174
[1] 177  52
[1] 5175
[1] 177  45
[1] 5176
[1] 177  46
[1] 5177
[1] 177  45
[1] 5178
[1] 177  27
[1] 5179
[1] 177 109
[1] 5180
[1] 177  21
[1] 5181
[1] 177  15
[1] 5182
[1] 177  53
[1] 5183
[1] 177  15
[1] 5184
[1] 177  46
[1] 5185
[1] 177  53
[1] 5186
[1] 177  55
[1] 5187
[1] 177  37
[1] 5188
[1] 177  49
[1] 5189
[1] 177  75
[1] 5190
[1] 177  78
[1] 5191
[1] 177  83
[1] 5192
[1] 177  97
[1] 5193
[1] 177 113
[1] 5194
[1] 177  33
[1] 5195
[1] 177  60
[1] 5196
[1] 177  14
[1] 5197
[1] 177  62
[1] 5198
[1] 177 114
[1] 5199
[1] 177 355
[1] 5200
[1] 177 131
