[1] 5401
[1] 177  58
[1] 5402
[1] 177  57
[1] 5403
[1] 177  59
[1] 5404
[1] 177  57
[1] 5405
[1] 177  59
[1] 5406
[1] 177  60
[1] 5407
[1] 177  50
[1] 5408
[1] 177  54
[1] 5409
[1] 177  42
[1] 5410
[1] 177  44
[1] 5411
[1] 177  43
[1] 5412
[1] 177  37
[1] 5413
[1] 177  40
[1] 5414
[1] 177   8
[1] 5415
[1] 177  35
[1] 5416
[1] 177  28
[1] 5417
[1] 177  37
[1] 5418
[1] 177  48
[1] 5419
[1] 177  37
[1] 5420
[1] 177  29
[1] 5421
[1] 177  36
[1] 5422
[1] 177  31
[1] 5423
[1] 177  34
[1] 5424
[1] 177  38
[1] 5425
[1] 177  19
[1] 5426
[1] 177  37
[1] 5427
[1] 177  32
[1] 5428
[1] 177  36
[1] 5429
[1] 177  29
[1] 5430
[1] 177  44
[1] 5431
[1] 177  37
[1] 5432
[1] 177  35
[1] 5433
[1] 177  36
[1] 5434
[1] 177  30
[1] 5435
[1] 177  39
[1] 5436
[1] 177  32
[1] 5437
[1] 177  62
[1] 5438
[1] 177  59
[1] 5439
[1] 177  38
[1] 5440
[1] 177  39
[1] 5441
[1] 177  42
[1] 5442
[1] 177  54
[1] 5443
[1] 177  51
[1] 5444
[1] 177  66
[1] 5445
[1] 177  45
[1] 5446
[1] 177  40
[1] 5447
[1] 177  42
[1] 5448
[1] 177  15
[1] 5449
[1] 177  15
[1] 5450
[1] 177  28
[1] 5451
[1] 177  33
[1] 5452
[1] 177  25
[1] 5453
[1] 177  34
[1] 5454
[1] 177  17
[1] 5455
[1] 177  33
[1] 5456
[1] 177  17
[1] 5457
[1] 177  41
[1] 5458
[1] 177  34
[1] 5459
[1] 177  33
[1] 5460
[1] 177  17
[1] 5461
[1] 177  27
[1] 5462
[1] 177  41
[1] 5463
[1] 177  46
[1] 5464
[1] 177  62
[1] 5465
[1] 177  85
[1] 5466
[1] 177  60
[1] 5467
[1] 177  27
[1] 5468
[1] 177  51
[1] 5469
[1] 177  39
[1] 5470
[1] 177  51
[1] 5471
[1] 177  40
[1] 5472
[1] 177  57
[1] 5473
[1] 177  33
[1] 5474
[1] 177  35
[1] 5475
[1] 177  44
[1] 5476
[1] 177  57
[1] 5477
[1] 177  34
[1] 5478
[1] 177  48
[1] 5479
[1] 177  67
[1] 5480
[1] 177  62
[1] 5481
[1] 177  42
[1] 5482
[1] 177  45
[1] 5483
[1] 177  57
[1] 5484
[1] 177  47
[1] 5485
[1] 177  60
[1] 5486
[1] 177  38
[1] 5487
[1] 177  56
[1] 5488
[1] 177  52
[1] 5489
[1] 177  52
[1] 5490
[1] 177  64
[1] 5491
[1] 177  72
[1] 5492
[1] 177  57
[1] 5493
[1] 177  75
[1] 5494
[1] 177  46
[1] 5495
[1] 177  53
[1] 5496
[1] 177  82
[1] 5497
[1] 177  68
[1] 5498
[1] 177  64
[1] 5499
[1] 177  53
[1] 5500
[1] 177  48
