[1] 4401
[1] 177  39
[1] 4402
[1] 177  36
[1] 4403
[1] 177  40
[1] 4404
[1] 177  39
[1] 4405
[1] 177  40
[1] 4406
[1] 177  92
[1] 4407
[1] 177  58
[1] 4408
[1] 177  42
[1] 4409
[1] 177  44
[1] 4410
[1] 177  37
[1] 4411
[1] 177  44
[1] 4412
[1] 177  35
[1] 4413
[1] 177 104
[1] 4414
[1] 177  75
[1] 4415
[1] 177  37
[1] 4416
[1] 177  33
[1] 4417
[1] 177  36
[1] 4418
[1] 177  40
[1] 4419
[1] 177  40
[1] 4420
[1] 177  36
[1] 4421
[1] 177  45
[1] 4422
[1] 177  67
[1] 4423
[1] 177  54
[1] 4424
[1] 177  60
[1] 4425
[1] 177  60
[1] 4426
[1] 177  64
[1] 4427
[1] 177  55
[1] 4428
[1] 177  43
[1] 4429
[1] 177  43
[1] 4430
[1] 177  46
[1] 4431
[1] 177  58
[1] 4432
[1] 177  37
[1] 4433
[1] 177  54
[1] 4434
[1] 177  58
[1] 4435
[1] 177  61
[1] 4436
[1] 177 107
[1] 4437
[1] 177  43
[1] 4438
[1] 177  52
[1] 4439
[1] 177  55
[1] 4440
[1] 177  74
[1] 4441
[1] 177  24
[1] 4442
[1] 177  47
[1] 4443
[1] 177  84
[1] 4444
[1] 177  51
[1] 4445
[1] 177  46
[1] 4446
[1] 177  90
[1] 4447
[1] 177  55
[1] 4448
[1] 177  49
[1] 4449
[1] 177  29
[1] 4450
[1] 177  30
[1] 4451
[1] 177  61
[1] 4452
[1] 177  37
[1] 4453
[1] 177  50
[1] 4454
[1] 177  37
[1] 4455
[1] 177  67
[1] 4456
[1] 177  70
[1] 4457
[1] 177  76
[1] 4458
[1] 177  38
[1] 4459
[1] 177  46
[1] 4460
[1] 177  45
[1] 4461
[1] 177  39
[1] 4462
[1] 177  87
[1] 4463
[1] 177  30
[1] 4464
[1] 177  65
[1] 4465
[1] 177  17
[1] 4466
[1] 177  70
[1] 4467
[1] 177  86
[1] 4468
[1] 177  66
[1] 4469
[1] 177  75
[1] 4470
[1] 177  81
[1] 4471
[1] 177  69
[1] 4472
[1] 177  49
[1] 4473
[1] 177  17
[1] 4474
[1] 177  51
[1] 4475
[1] 177  66
[1] 4476
[1] 177  41
[1] 4477
[1] 177  96
[1] 4478
[1] 177  20
[1] 4479
[1] 177  34
[1] 4480
[1] 177  34
[1] 4481
[1] 177  65
[1] 4482
[1] 177  21
[1] 4483
[1] 177  52
[1] 4484
[1] 177  53
[1] 4485
[1] 177  63
[1] 4486
[1] 177  40
[1] 4487
[1] 177  10
[1] 4488
[1] 177  24
[1] 4489
[1] 177  16
[1] 4490
[1] 177  67
[1] 4491
[1] 177  43
[1] 4492
[1] 177  48
[1] 4493
[1] 177  48
[1] 4494
[1] 177  40
[1] 4495
[1] 177  48
[1] 4496
[1] 177  39
[1] 4497
[1] 177  27
[1] 4498
[1] 177  46
[1] 4499
[1] 177  70
[1] 4500
[1] 177  66
