[1] 6001
[1] 177  42
[1] 6002
[1] 177  46
[1] 6003
[1] 177  85
[1] 6004
[1] 177  60
[1] 6005
[1] 177  35
[1] 6006
[1] 177  36
[1] 6007
[1] 177  94
[1] 6008
[1] 177 100
[1] 6009
[1] 177  56
[1] 6010
[1] 177  51
[1] 6011
[1] 177  77
[1] 6012
[1] 177  64
[1] 6013
[1] 177  46
[1] 6014
[1] 177  71
[1] 6015
[1] 177  65
[1] 6016
[1] 177  68
[1] 6017
[1] 177  54
[1] 6018
[1] 177 203
[1] 6019
[1] 177  41
[1] 6020
[1] 177  51
[1] 6021
[1] 177  50
[1] 6022
[1] 177  49
[1] 6023
[1] 177  58
[1] 6024
[1] 177  69
[1] 6025
[1] 177  61
[1] 6026
[1] 177  40
[1] 6027
[1] 177  41
[1] 6028
[1] 177  46
[1] 6029
[1] 177  63
[1] 6030
[1] 177  70
[1] 6031
[1] 177  53
[1] 6032
[1] 177  59
[1] 6033
[1] 177  27
[1] 6034
[1] 177  38
[1] 6035
[1] 177  88
[1] 6036
[1] 177  48
[1] 6037
[1] 177  68
[1] 6038
[1] 177  59
[1] 6039
[1] 177  67
[1] 6040
[1] 177  58
[1] 6041
[1] 177  55
[1] 6042
[1] 177 121
[1] 6043
[1] 177  48
[1] 6044
[1] 177  54
[1] 6045
[1] 177  44
[1] 6046
[1] 177  96
[1] 6047
[1] 177 228
[1] 6048
[1] 177  46
[1] 6049
[1] 177 115
[1] 6050
[1] 177  71
[1] 6051
[1] 177  15
[1] 6052
[1] 177  41
[1] 6053
[1] 177  64
[1] 6054
[1] 177  68
[1] 6055
[1] 177  68
[1] 6056
[1] 177  61
[1] 6057
[1] 177  43
[1] 6058
[1] 177  66
[1] 6059
[1] 177  54
[1] 6060
[1] 177  68
[1] 6061
[1] 177  24
[1] 6062
[1] 177  18
[1] 6063
[1] 177  25
[1] 6064
[1] 177  85
[1] 6065
[1] 177  34
[1] 6066
[1] 177  72
[1] 6067
[1] 177  46
[1] 6068
[1] 177  40
[1] 6069
[1] 177  40
[1] 6070
[1] 177 127
[1] 6071
[1] 177  46
[1] 6072
[1] 177  47
[1] 6073
[1] 177  39
[1] 6074
[1] 177  38
[1] 6075
[1] 177  45
[1] 6076
[1] 177  61
[1] 6077
[1] 177  61
[1] 6078
[1] 177  69
[1] 6079
[1] 177  65
[1] 6080
[1] 177  57
[1] 6081
[1] 177  54
[1] 6082
[1] 177  40
[1] 6083
[1] 177  77
[1] 6084
[1] 177  51
[1] 6085
[1] 177  55
[1] 6086
[1] 177  68
[1] 6087
[1] 177  66
[1] 6088
[1] 177  70
[1] 6089
[1] 177  66
[1] 6090
[1] 177  50
[1] 6091
[1] 177  55
[1] 6092
[1] 177  67
[1] 6093
[1] 177  71
[1] 6094
[1] 177  62
[1] 6095
[1] 177  63
[1] 6096
[1] 177  60
[1] 6097
[1] 177  71
[1] 6098
[1] 177  70
[1] 6099
[1] 177  75
[1] 6100
[1] 177  41
