[1] 1501
[1] 177  63
[1] 1502
[1] 177  63
[1] 1503
[1] 177  61
[1] 1504
[1] 177  53
[1] 1505
[1] 177  50
[1] 1506
[1] 177  38
[1] 1507
[1] 177  83
[1] 1508
[1] 177  49
[1] 1509
[1] 177  44
[1] 1510
[1] 177  36
[1] 1511
[1] 177  41
[1] 1512
[1] 177  38
[1] 1513
[1] 177  59
[1] 1514
[1] 177  82
[1] 1515
[1] 177  81
[1] 1516
[1] 177  88
[1] 1517
[1] 177  59
[1] 1518
[1] 177  57
[1] 1519
[1] 177  56
[1] 1520
[1] 177  40
[1] 1521
[1] 177  29
[1] 1522
[1] 177  66
[1] 1523
[1] 177  62
[1] 1524
[1] 177  79
[1] 1525
[1] 177  24
[1] 1526
[1] 177  73
[1] 1527
[1] 177  94
[1] 1528
[1] 177  21
[1] 1529
[1] 177  24
[1] 1530
[1] 177  32
[1] 1531
[1] 177  29
[1] 1532
[1] 177  30
[1] 1533
[1] 177  22
[1] 1534
[1] 177  22
[1] 1535
[1] 177  21
[1] 1536
[1] 177  88
[1] 1537
[1] 177  20
[1] 1538
[1] 177  21
[1] 1539
[1] 177  71
[1] 1540
[1] 177  39
[1] 1541
[1] 177  72
[1] 1542
[1] 177  70
[1] 1543
[1] 177  11
[1] 1544
[1] 177  63
[1] 1545
[1] 177  63
[1] 1546
[1] 177  61
[1] 1547
[1] 177  39
[1] 1548
[1] 177  41
[1] 1549
[1] 177  36
[1] 1550
[1] 177  46
[1] 1551
[1] 177  57
[1] 1552
[1] 177  47
[1] 1553
[1] 177  74
[1] 1554
[1] 177  79
[1] 1555
[1] 177  37
[1] 1556
[1] 177  40
[1] 1557
[1] 177  52
[1] 1558
[1] 177  41
[1] 1559
[1] 177  44
[1] 1560
[1] 177  49
[1] 1561
[1] 177  36
[1] 1562
[1] 177  43
[1] 1563
[1] 177  42
[1] 1564
[1] 177  43
[1] 1565
[1] 177  29
[1] 1566
[1] 177  64
[1] 1567
[1] 177  44
[1] 1568
[1] 177  70
[1] 1569
[1] 177  58
[1] 1570
[1] 177  72
[1] 1571
[1] 177  58
[1] 1572
[1] 177  81
[1] 1573
[1] 177  52
[1] 1574
[1] 177  60
[1] 1575
[1] 177  53
[1] 1576
[1] 177  65
[1] 1577
[1] 177  27
[1] 1578
[1] 177  30
[1] 1579
[1] 177  97
[1] 1580
[1] 177  36
[1] 1581
[1] 177  48
[1] 1582
[1] 177  34
[1] 1583
[1] 177  45
[1] 1584
[1] 177  77
[1] 1585
[1] 177  25
[1] 1586
[1] 177  49
[1] 1587
[1] 177  30
[1] 1588
[1] 177  57
[1] 1589
[1] 177  58
[1] 1590
[1] 177  48
[1] 1591
[1] 177  79
[1] 1592
[1] 177  51
[1] 1593
[1] 177  51
[1] 1594
[1] 177  69
[1] 1595
[1] 177  72
[1] 1596
[1] 177  37
[1] 1597
[1] 177  69
[1] 1598
[1] 177 107
[1] 1599
[1] 177  57
[1] 1600
[1] 177 111
