[1] 3401
[1] 177  36
[1] 3402
[1] 177  39
[1] 3403
[1] 177  40
[1] 3404
[1] 177  32
[1] 3405
[1] 177  53
[1] 3406
[1] 177   8
[1] 3407
[1] 177  65
[1] 3408
[1] 177  43
[1] 3409
[1] 177  47
[1] 3410
[1] 177  48
[1] 3411
[1] 177  45
[1] 3412
[1] 177  36
[1] 3413
[1] 177  29
[1] 3414
[1] 177  34
[1] 3415
[1] 177  22
[1] 3416
[1] 177  70
[1] 3417
[1] 177  60
[1] 3418
[1] 177  49
[1] 3419
[1] 177 140
[1] 3420
[1] 177  41
[1] 3421
[1] 177  72
[1] 3422
[1] 177  45
[1] 3423
[1] 177  37
[1] 3424
[1] 177  68
[1] 3425
[1] 177  30
[1] 3426
[1] 177  65
[1] 3427
[1] 177  58
[1] 3428
[1] 177  61
[1] 3429
[1] 177  50
[1] 3430
[1] 177  32
[1] 3431
[1] 177  32
[1] 3432
[1] 177  46
[1] 3433
[1] 177  43
[1] 3434
[1] 177  56
[1] 3435
[1] 177  41
[1] 3436
[1] 177  22
[1] 3437
[1] 177  49
[1] 3438
[1] 177  38
[1] 3439
[1] 177  35
[1] 3440
[1] 177  33
[1] 3441
[1] 177  75
[1] 3442
[1] 177  26
[1] 3443
[1] 177  58
[1] 3444
[1] 177  39
[1] 3445
[1] 177  45
[1] 3446
[1] 177  45
[1] 3447
[1] 177  19
[1] 3448
[1] 177  14
[1] 3449
[1] 177  23
[1] 3450
[1] 177  20
[1] 3451
[1] 177  35
[1] 3452
[1] 177  57
[1] 3453
[1] 177  50
[1] 3454
[1] 177  21
[1] 3455
[1] 177 128
[1] 3456
[1] 177  57
[1] 3457
[1] 177  47
[1] 3458
[1] 177  46
[1] 3459
[1] 177  46
[1] 3460
[1] 177  42
[1] 3461
[1] 177  39
[1] 3462
[1] 177  34
[1] 3463
[1] 177  41
[1] 3464
[1] 177  54
[1] 3465
[1] 177  55
[1] 3466
[1] 177  54
[1] 3467
[1] 177  74
[1] 3468
[1] 177  34
[1] 3469
[1] 177  68
[1] 3470
[1] 177  69
[1] 3471
[1] 177  35
[1] 3472
[1] 177  42
[1] 3473
[1] 177  65
[1] 3474
[1] 177  56
[1] 3475
[1] 177  54
[1] 3476
[1] 177  62
[1] 3477
[1] 177  26
[1] 3478
[1] 177  57
[1] 3479
[1] 177  56
[1] 3480
[1] 177  54
[1] 3481
[1] 177  29
[1] 3482
[1] 177  56
[1] 3483
[1] 177  27
[1] 3484
[1] 177  50
[1] 3485
[1] 177  53
[1] 3486
[1] 177  30
[1] 3487
[1] 177  16
[1] 3488
[1] 177  51
[1] 3489
[1] 177  77
[1] 3490
[1] 177  26
[1] 3491
[1] 177  31
[1] 3492
[1] 177  60
[1] 3493
[1] 177  80
[1] 3494
[1] 177  35
[1] 3495
[1] 177  55
[1] 3496
[1] 177  36
[1] 3497
[1] 177  35
[1] 3498
[1] 177  65
[1] 3499
[1] 177  77
[1] 3500
[1] 177  60
