[1] 5601
[1] 177  58
[1] 5602
[1] 177  90
[1] 5603
[1] 177 127
[1] 5604
[1] 177  79
[1] 5605
[1] 177 119
[1] 5606
[1] 177  51
[1] 5607
[1] 177  45
[1] 5608
[1] 177  14
[1] 5609
[1] 177  52
[1] 5610
[1] 177  29
[1] 5611
[1] 177  43
[1] 5612
[1] 177  59
[1] 5613
[1] 177  50
[1] 5614
[1] 177  46
[1] 5615
[1] 177  42
[1] 5616
[1] 177  39
[1] 5617
[1] 177  70
[1] 5618
[1] 177  20
[1] 5619
[1] 177  89
[1] 5620
[1] 177  53
[1] 5621
[1] 177  64
[1] 5622
[1] 177  53
[1] 5623
[1] 177  38
[1] 5624
[1] 177  63
[1] 5625
[1] 177  60
[1] 5626
[1] 177  39
[1] 5627
[1] 177  57
[1] 5628
[1] 177  16
[1] 5629
[1] 177  57
[1] 5630
[1] 177  55
[1] 5631
[1] 177  80
[1] 5632
[1] 177  66
[1] 5633
[1] 177  60
[1] 5634
[1] 177  70
[1] 5635
[1] 177 105
[1] 5636
[1] 177  38
[1] 5637
[1] 177  62
[1] 5638
[1] 177  54
[1] 5639
[1] 177  50
[1] 5640
[1] 177  36
[1] 5641
[1] 177  59
[1] 5642
[1] 177  69
[1] 5643
[1] 177  65
[1] 5644
[1] 177  64
[1] 5645
[1] 177 110
[1] 5646
[1] 177  61
[1] 5647
[1] 177  23
[1] 5648
[1] 177  19
[1] 5649
[1] 177  24
[1] 5650
[1] 177  34
[1] 5651
[1] 177  39
[1] 5652
[1] 177   1
[1] 5653
[1] 177  40
[1] 5654
[1] 177  45
[1] 5655
[1] 177  51
[1] 5656
[1] 177  44
[1] 5657
[1] 177  99
[1] 5658
[1] 177  65
[1] 5659
[1] 177  46
[1] 5660
[1] 177  30
[1] 5661
[1] 177  70
[1] 5662
[1] 177  43
[1] 5663
[1] 177  46
[1] 5664
[1] 177  53
[1] 5665
[1] 177  40
[1] 5666
[1] 177  58
[1] 5667
[1] 177  63
[1] 5668
[1] 177  29
[1] 5669
[1] 177  56
[1] 5670
[1] 177  87
[1] 5671
[1] 177  56
[1] 5672
[1] 177  53
[1] 5673
[1] 177  51
[1] 5674
[1] 177  55
[1] 5675
[1] 177  54
[1] 5676
[1] 177  83
[1] 5677
[1] 177 156
[1] 5678
[1] 177  63
[1] 5679
[1] 177  60
[1] 5680
[1] 177 115
[1] 5681
[1] 177 147
[1] 5682
[1] 177  26
[1] 5683
[1] 177  35
[1] 5684
[1] 177  31
[1] 5685
[1] 177  37
[1] 5686
[1] 177  39
[1] 5687
[1] 177  62
[1] 5688
[1] 177  61
[1] 5689
[1] 177  43
[1] 5690
[1] 177  48
[1] 5691
[1] 177  36
[1] 5692
[1] 177  34
[1] 5693
[1] 177  55
[1] 5694
[1] 177  34
[1] 5695
[1] 177  38
[1] 5696
[1] 177  61
[1] 5697
[1] 177  26
[1] 5698
[1] 177  31
[1] 5699
[1] 177  39
[1] 5700
[1] 177  29
