[1] 5701
[1] 177  41
[1] 5702
[1] 177  68
[1] 5703
[1] 177  55
[1] 5704
[1] 177  42
[1] 5705
[1] 177  66
[1] 5706
[1] 177  57
[1] 5707
[1] 177  37
[1] 5708
[1] 177  54
[1] 5709
[1] 177  70
[1] 5710
[1] 177  19
[1] 5711
[1] 177  23
[1] 5712
[1] 177  74
[1] 5713
[1] 177  50
[1] 5714
[1] 177  93
[1] 5715
[1] 177  56
[1] 5716
[1] 177  56
[1] 5717
[1] 177   6
[1] 5718
[1] 177  85
[1] 5719
[1] 177 102
[1] 5720
[1] 177  82
[1] 5721
[1] 177  72
[1] 5722
[1] 177  31
[1] 5723
[1] 177  43
[1] 5724
[1] 177  38
[1] 5725
[1] 177  44
[1] 5726
[1] 177  34
[1] 5727
[1] 177  38
[1] 5728
[1] 177  32
[1] 5729
[1] 177  36
[1] 5730
[1] 177  38
[1] 5731
[1] 177  43
[1] 5732
[1] 177  19
[1] 5733
[1] 177  87
[1] 5734
[1] 177  24
[1] 5735
[1] 177  27
[1] 5736
[1] 177  57
[1] 5737
[1] 177  45
[1] 5738
[1] 177  36
[1] 5739
[1] 177  21
[1] 5740
[1] 177  59
[1] 5741
[1] 177  64
[1] 5742
[1] 177  53
[1] 5743
[1] 177  43
[1] 5744
[1] 177  37
[1] 5745
[1] 177  30
[1] 5746
[1] 177  38
[1] 5747
[1] 177  52
[1] 5748
[1] 177  33
[1] 5749
[1] 177 135
[1] 5750
[1] 177 100
[1] 5751
[1] 177  71
[1] 5752
[1] 177  76
[1] 5753
[1] 177  87
[1] 5754
[1] 177  47
[1] 5755
[1] 177  53
[1] 5756
[1] 177  97
[1] 5757
[1] 177  84
[1] 5758
[1] 177  70
[1] 5759
[1] 177  25
[1] 5760
[1] 177  25
[1] 5761
[1] 177  52
[1] 5762
[1] 177  17
[1] 5763
[1] 177  53
[1] 5764
[1] 177  31
[1] 5765
[1] 177  36
[1] 5766
[1] 177  47
[1] 5767
[1] 177  26
[1] 5768
[1] 177  49
[1] 5769
[1] 177  65
[1] 5770
[1] 177  62
[1] 5771
[1] 177  51
[1] 5772
[1] 177  50
[1] 5773
[1] 177  41
[1] 5774
[1] 177  30
[1] 5775
[1] 177  56
[1] 5776
[1] 177  60
[1] 5777
[1] 177  50
[1] 5778
[1] 177  63
[1] 5779
[1] 177  66
[1] 5780
[1] 177  45
[1] 5781
[1] 177  20
[1] 5782
[1] 177  25
[1] 5783
[1] 177  57
[1] 5784
[1] 177  98
[1] 5785
[1] 177  87
[1] 5786
[1] 177  60
[1] 5787
[1] 177  98
[1] 5788
[1] 177  88
[1] 5789
[1] 177  65
[1] 5790
[1] 177  77
[1] 5791
[1] 177  62
[1] 5792
[1] 177  72
[1] 5793
[1] 177  59
[1] 5794
[1] 177  38
[1] 5795
[1] 177   0
[1] 5796
[1] 177  54
[1] 5797
[1] 177  50
[1] 5798
[1] 177  57
[1] 5799
[1] 177  53
[1] 5800
[1] 177  53
