[1] 3501
[1] 177  33
[1] 3502
[1] 177  34
[1] 3503
[1] 177  83
[1] 3504
[1] 177  24
[1] 3505
[1] 177  57
[1] 3506
[1] 177  46
[1] 3507
[1] 177  44
[1] 3508
[1] 177  60
[1] 3509
[1] 177  44
[1] 3510
[1] 177  52
[1] 3511
[1] 177  73
[1] 3512
[1] 177  54
[1] 3513
[1] 177  45
[1] 3514
[1] 177  42
[1] 3515
[1] 177  71
[1] 3516
[1] 177  53
[1] 3517
[1] 177  62
[1] 3518
[1] 177  25
[1] 3519
[1] 177  28
[1] 3520
[1] 177  13
[1] 3521
[1] 177  14
[1] 3522
[1] 177  43
[1] 3523
[1] 177  28
[1] 3524
[1] 177  57
[1] 3525
[1] 177 105
[1] 3526
[1] 177  54
[1] 3527
[1] 177  13
[1] 3528
[1] 177  41
[1] 3529
[1] 177  29
[1] 3530
[1] 177  45
[1] 3531
[1] 177  76
[1] 3532
[1] 177  11
[1] 3533
[1] 177  66
[1] 3534
[1] 177 124
[1] 3535
[1] 177  75
[1] 3536
[1] 177  37
[1] 3537
[1] 177  57
[1] 3538
[1] 177  56
[1] 3539
[1] 177  60
[1] 3540
[1] 177  26
[1] 3541
[1] 177  31
[1] 3542
[1] 177  62
[1] 3543
[1] 177  32
[1] 3544
[1] 177  53
[1] 3545
[1] 177  74
[1] 3546
[1] 177  44
[1] 3547
[1] 177  39
[1] 3548
[1] 177  93
[1] 3549
[1] 177  64
[1] 3550
[1] 177  28
[1] 3551
[1] 177  36
[1] 3552
[1] 177  38
[1] 3553
[1] 177  30
[1] 3554
[1] 177  26
[1] 3555
[1] 177  30
[1] 3556
[1] 177  58
[1] 3557
[1] 177  19
[1] 3558
[1] 177  35
[1] 3559
[1] 177  60
[1] 3560
[1] 177  20
[1] 3561
[1] 177  39
[1] 3562
[1] 177  27
[1] 3563
[1] 177  35
[1] 3564
[1] 177  28
[1] 3565
[1] 177  94
[1] 3566
[1] 177  57
[1] 3567
[1] 177  51
[1] 3568
[1] 177  96
[1] 3569
[1] 177  32
[1] 3570
[1] 177  53
[1] 3571
[1] 177  65
[1] 3572
[1] 177  54
[1] 3573
[1] 177  58
[1] 3574
[1] 177  44
[1] 3575
[1] 177  78
[1] 3576
[1] 177  80
[1] 3577
[1] 177  46
[1] 3578
[1] 177  55
[1] 3579
[1] 177  50
[1] 3580
[1] 177  44
[1] 3581
[1] 177  61
[1] 3582
[1] 177  35
[1] 3583
[1] 177  76
[1] 3584
[1] 177  33
[1] 3585
[1] 177  46
[1] 3586
[1] 177  38
[1] 3587
[1] 177  54
[1] 3588
[1] 177  50
[1] 3589
[1] 177  46
[1] 3590
[1] 177  56
[1] 3591
[1] 177  13
[1] 3592
[1] 177  10
[1] 3593
[1] 177  56
[1] 3594
[1] 177  50
[1] 3595
[1] 177  42
[1] 3596
[1] 177  71
[1] 3597
[1] 177  64
[1] 3598
[1] 177  39
[1] 3599
[1] 177  65
[1] 3600
[1] 177  64
