[1] 1701
[1] 177  60
[1] 1702
[1] 177  22
[1] 1703
[1] 177  52
[1] 1704
[1] 177  53
[1] 1705
[1] 177  42
[1] 1706
[1] 177  64
[1] 1707
[1] 177  69
[1] 1708
[1] 177  37
[1] 1709
[1] 177  41
[1] 1710
[1] 177  47
[1] 1711
[1] 177  80
[1] 1712
[1] 177  67
[1] 1713
[1] 177  69
[1] 1714
[1] 177  76
[1] 1715
[1] 177  82
[1] 1716
[1] 177  42
[1] 1717
[1] 177  67
[1] 1718
[1] 177  51
[1] 1719
[1] 177  53
[1] 1720
[1] 177  59
[1] 1721
[1] 177  90
[1] 1722
[1] 177  52
[1] 1723
[1] 177  74
[1] 1724
[1] 177  30
[1] 1725
[1] 177  32
[1] 1726
[1] 177  37
[1] 1727
[1] 177  36
[1] 1728
[1] 177  53
[1] 1729
[1] 177  59
[1] 1730
[1] 177  35
[1] 1731
[1] 177  53
[1] 1732
[1] 177  36
[1] 1733
[1] 177  55
[1] 1734
[1] 177  55
[1] 1735
[1] 177 113
[1] 1736
[1] 177  41
[1] 1737
[1] 177  46
[1] 1738
[1] 177  40
[1] 1739
[1] 177  97
[1] 1740
[1] 177  85
[1] 1741
[1] 177  40
[1] 1742
[1] 177  37
[1] 1743
[1] 177  30
[1] 1744
[1] 177  54
[1] 1745
[1] 177  63
[1] 1746
[1] 177  75
[1] 1747
[1] 177  70
[1] 1748
[1] 177  39
[1] 1749
[1] 177  35
[1] 1750
[1] 177  51
[1] 1751
[1] 177  40
[1] 1752
[1] 177  45
[1] 1753
[1] 177  18
[1] 1754
[1] 177  19
[1] 1755
[1] 177   8
[1] 1756
[1] 177  42
[1] 1757
[1] 177  15
[1] 1758
[1] 177  90
[1] 1759
[1] 177  15
[1] 1760
[1] 177  43
[1] 1761
[1] 177  32
[1] 1762
[1] 177  30
[1] 1763
[1] 177  49
[1] 1764
[1] 177  54
[1] 1765
[1] 177  93
[1] 1766
[1] 177  51
[1] 1767
[1] 177  12
[1] 1768
[1] 177  10
[1] 1769
[1] 177  61
[1] 1770
[1] 177  10
[1] 1771
[1] 177  47
[1] 1772
[1] 177  56
[1] 1773
[1] 177  52
[1] 1774
[1] 177  31
[1] 1775
[1] 177  48
[1] 1776
[1] 177  63
[1] 1777
[1] 177  48
[1] 1778
[1] 177  41
[1] 1779
[1] 177  43
[1] 1780
[1] 177  46
[1] 1781
[1] 177  27
[1] 1782
[1] 177  22
[1] 1783
[1] 177  37
[1] 1784
[1] 177  23
[1] 1785
[1] 177  18
[1] 1786
[1] 177  18
[1] 1787
[1] 177  17
[1] 1788
[1] 177  18
[1] 1789
[1] 177  65
[1] 1790
[1] 177  96
[1] 1791
[1] 177 113
[1] 1792
[1] 177  52
[1] 1793
[1] 177  58
[1] 1794
[1] 177  35
[1] 1795
[1] 177 101
[1] 1796
[1] 177  28
[1] 1797
[1] 177 113
[1] 1798
[1] 177 123
[1] 1799
[1] 177  68
[1] 1800
[1] 177 123
