[1] 6201
[1] 177  46
[1] 6202
[1] 177  84
[1] 6203
[1] 177  59
[1] 6204
[1] 177  71
[1] 6205
[1] 177  50
[1] 6206
[1] 177  40
[1] 6207
[1] 177  74
[1] 6208
[1] 177  54
[1] 6209
[1] 177  53
[1] 6210
[1] 177  33
[1] 6211
[1] 177  56
[1] 6212
[1] 177  11
[1] 6213
[1] 177 124
[1] 6214
[1] 177 100
[1] 6215
[1] 177  57
[1] 6216
[1] 177  44
[1] 6217
[1] 177  45
[1] 6218
[1] 177  57
[1] 6219
[1] 177  80
[1] 6220
[1] 177  67
[1] 6221
[1] 177  76
[1] 6222
[1] 177  52
[1] 6223
[1] 177  47
[1] 6224
[1] 177  43
[1] 6225
[1] 177  71
[1] 6226
[1] 177  42
[1] 6227
[1] 177  45
[1] 6228
[1] 177  33
[1] 6229
[1] 177  22
[1] 6230
[1] 177  60
[1] 6231
[1] 177  66
[1] 6232
[1] 177 136
[1] 6233
[1] 177  39
[1] 6234
[1] 177  59
[1] 6235
[1] 177  57
[1] 6236
[1] 177  56
[1] 6237
[1] 177  25
[1] 6238
[1] 177  44
[1] 6239
[1] 177  50
[1] 6240
[1] 177  42
[1] 6241
[1] 177  44
[1] 6242
[1] 177  64
[1] 6243
[1] 177  43
[1] 6244
[1] 177  55
[1] 6245
[1] 177  60
[1] 6246
[1] 177  81
[1] 6247
[1] 177  39
[1] 6248
[1] 177  74
[1] 6249
[1] 177  85
[1] 6250
[1] 177  51
[1] 6251
[1] 177  58
[1] 6252
[1] 177  80
[1] 6253
[1] 177  81
[1] 6254
[1] 177 120
[1] 6255
[1] 177  59
[1] 6256
[1] 177  50
[1] 6257
[1] 177  51
[1] 6258
[1] 177  44
[1] 6259
[1] 177  56
[1] 6260
[1] 177  41
[1] 6261
[1] 177  43
[1] 6262
[1] 177  53
[1] 6263
[1] 177  66
[1] 6264
[1] 177  64
[1] 6265
[1] 177  32
[1] 6266
[1] 177  28
[1] 6267
[1] 177  30
[1] 6268
[1] 177  58
[1] 6269
[1] 177  73
[1] 6270
[1] 177  93
[1] 6271
[1] 177  59
[1] 6272
[1] 177  67
[1] 6273
[1] 177  52
[1] 6274
[1] 177  54
[1] 6275
[1] 177  77
[1] 6276
[1] 177  55
[1] 6277
[1] 177  80
[1] 6278
[1] 177  36
[1] 6279
[1] 177  67
[1] 6280
[1] 177  36
[1] 6281
[1] 177  14
[1] 6282
[1] 177  42
[1] 6283
[1] 177  42
[1] 6284
[1] 177  43
[1] 6285
[1] 177  51
[1] 6286
[1] 177  36
[1] 6287
[1] 177  40
[1] 6288
[1] 177  23
[1] 6289
[1] 177  64
[1] 6290
[1] 177  67
[1] 6291
[1] 177  58
[1] 6292
[1] 177  43
[1] 6293
[1] 177  51
[1] 6294
[1] 177  51
[1] 6295
[1] 177  69
[1] 6296
[1] 177  42
[1] 6297
[1] 177  47
[1] 6298
[1] 177  41
[1] 6299
[1] 177  40
[1] 6300
[1] 177  71
