[1] 3901
[1] 177  46
[1] 3902
[1] 177  68
[1] 3903
[1] 177  71
[1] 3904
[1] 177  28
[1] 3905
[1] 177  69
[1] 3906
[1] 177  98
[1] 3907
[1] 177  35
[1] 3908
[1] 177  54
[1] 3909
[1] 177  34
[1] 3910
[1] 177  53
[1] 3911
[1] 177  42
[1] 3912
[1] 177  28
[1] 3913
[1] 177  36
[1] 3914
[1] 177  54
[1] 3915
[1] 177  62
[1] 3916
[1] 177 105
[1] 3917
[1] 177  90
[1] 3918
[1] 177  88
[1] 3919
[1] 177  59
[1] 3920
[1] 177  88
[1] 3921
[1] 177  54
[1] 3922
[1] 177  70
[1] 3923
[1] 177  36
[1] 3924
[1] 177  32
[1] 3925
[1] 177  58
[1] 3926
[1] 177  40
[1] 3927
[1] 177  53
[1] 3928
[1] 177  25
[1] 3929
[1] 177  80
[1] 3930
[1] 177  29
[1] 3931
[1] 177  52
[1] 3932
[1] 177  43
[1] 3933
[1] 177  56
[1] 3934
[1] 177  94
[1] 3935
[1] 177  33
[1] 3936
[1] 177  46
[1] 3937
[1] 177  45
[1] 3938
[1] 177  38
[1] 3939
[1] 177  58
[1] 3940
[1] 177  37
[1] 3941
[1] 177  52
[1] 3942
[1] 177  56
[1] 3943
[1] 177  49
[1] 3944
[1] 177  44
[1] 3945
[1] 177  43
[1] 3946
[1] 177  23
[1] 3947
[1] 177  22
[1] 3948
[1] 177  33
[1] 3949
[1] 177  30
[1] 3950
[1] 177  64
[1] 3951
[1] 177  45
[1] 3952
[1] 177  57
[1] 3953
[1] 177  93
[1] 3954
[1] 177  68
[1] 3955
[1] 177  30
[1] 3956
[1] 177  77
[1] 3957
[1] 177  24
[1] 3958
[1] 177  20
[1] 3959
[1] 177  56
[1] 3960
[1] 177  31
[1] 3961
[1] 177  59
[1] 3962
[1] 177  36
[1] 3963
[1] 177  62
[1] 3964
[1] 177  62
[1] 3965
[1] 177  23
[1] 3966
[1] 177  23
[1] 3967
[1] 177  46
[1] 3968
[1] 177  38
[1] 3969
[1] 177  79
[1] 3970
[1] 177  44
[1] 3971
[1] 177  20
[1] 3972
[1] 177  57
[1] 3973
[1] 177  42
[1] 3974
[1] 177  36
[1] 3975
[1] 177  29
[1] 3976
[1] 177  28
[1] 3977
[1] 177  37
[1] 3978
[1] 177 104
[1] 3979
[1] 177  73
[1] 3980
[1] 177  64
[1] 3981
[1] 177  58
[1] 3982
[1] 177  43
[1] 3983
[1] 177  64
[1] 3984
[1] 177  90
[1] 3985
[1] 177  62
[1] 3986
[1] 177  61
[1] 3987
[1] 177  74
[1] 3988
[1] 177  58
[1] 3989
[1] 177  66
[1] 3990
[1] 177  64
[1] 3991
[1] 177  65
[1] 3992
[1] 177  46
[1] 3993
[1] 177  62
[1] 3994
[1] 177  63
[1] 3995
[1] 177  51
[1] 3996
[1] 177  34
[1] 3997
[1] 177  50
[1] 3998
[1] 177  40
[1] 3999
[1] 177  44
[1] 4000
[1] 177  48
