[1] 1
[1] 177  49
[1] 2
[1] 177  53
[1] 3
[1] 177  77
[1] 4
[1] 177  66
[1] 5
[1] 177  75
[1] 6
[1] 177  58
[1] 7
[1] 177  70
[1] 8
[1] 177  62
[1] 9
[1] 177  21
[1] 10
[1] 177  44
[1] 11
[1] 177  30
[1] 12
[1] 177  24
[1] 13
[1] 177  22
[1] 14
[1] 177  43
[1] 15
[1] 177  53
[1] 16
[1] 177  57
[1] 17
[1] 177  85
[1] 18
[1] 177  53
[1] 19
[1] 177  39
[1] 20
[1] 177  61
[1] 21
[1] 177  87
[1] 22
[1] 177  39
[1] 23
[1] 177  43
[1] 24
[1] 177  31
[1] 25
[1] 177  34
[1] 26
[1] 177  32
[1] 27
[1] 177  44
[1] 28
[1] 177  24
[1] 29
[1] 177 108
[1] 30
[1] 177  30
[1] 31
[1] 177  30
[1] 32
[1] 177  36
[1] 33
[1] 177  31
[1] 34
[1] 177  45
[1] 35
[1] 177  39
[1] 36
[1] 177  34
[1] 37
[1] 177  66
[1] 38
[1] 177  48
[1] 39
[1] 177  31
[1] 40
[1] 177  64
[1] 41
[1] 177  41
[1] 42
[1] 177  49
[1] 43
[1] 177  52
[1] 44
[1] 177  64
[1] 45
[1] 177  41
[1] 46
[1] 177  71
[1] 47
[1] 177  53
[1] 48
[1] 177  26
[1] 49
[1] 177  69
[1] 50
[1] 177  42
[1] 51
[1] 177  57
[1] 52
[1] 177  52
[1] 53
[1] 177  57
[1] 54
[1] 177  25
[1] 55
[1] 177  53
[1] 56
[1] 177  60
[1] 57
[1] 177  69
[1] 58
[1] 177  18
[1] 59
[1] 177  51
[1] 60
[1] 177  31
[1] 61
[1] 177  54
[1] 62
[1] 177  48
[1] 63
[1] 177  65
[1] 64
[1] 177  53
[1] 65
[1] 177  40
[1] 66
[1] 177  46
[1] 67
[1] 177  43
[1] 68
[1] 177  29
[1] 69
[1] 177  62
[1] 70
[1] 177  44
[1] 71
[1] 177  49
[1] 72
[1] 177  35
[1] 73
[1] 177  43
[1] 74
[1] 177  55
[1] 75
[1] 177  56
[1] 76
[1] 177  53
[1] 77
[1] 177  50
[1] 78
[1] 177  60
[1] 79
[1] 177  44
[1] 80
[1] 177  44
[1] 81
[1] 177  45
[1] 82
[1] 177  66
[1] 83
[1] 177  70
[1] 84
[1] 177  36
[1] 85
[1] 177  64
[1] 86
[1] 177  59
[1] 87
[1] 177  54
[1] 88
[1] 177  40
[1] 89
[1] 177  19
[1] 90
[1] 177  35
[1] 91
[1] 177  92
[1] 92
[1] 177  33
[1] 93
[1] 177  46
[1] 94
[1] 177  70
[1] 95
[1] 177  70
[1] 96
[1] 177 102
[1] 97
[1] 177  59
[1] 98
[1] 177  51
[1] 99
[1] 177  82
[1] 100
[1] 177  81
