[1] 901
[1] 177  55
[1] 902
[1] 177  57
[1] 903
[1] 177  36
[1] 904
[1] 177  46
[1] 905
[1] 177  55
[1] 906
[1] 177  39
[1] 907
[1] 177  53
[1] 908
[1] 177  38
[1] 909
[1] 177  42
[1] 910
[1] 177  56
[1] 911
[1] 177  25
[1] 912
[1] 177  62
[1] 913
[1] 177  44
[1] 914
[1] 177  46
[1] 915
[1] 177  37
[1] 916
[1] 177  50
[1] 917
[1] 177  49
[1] 918
[1] 177  53
[1] 919
[1] 177  72
[1] 920
[1] 177  69
[1] 921
[1] 177  40
[1] 922
[1] 177  37
[1] 923
[1] 177  23
[1] 924
[1] 177  62
[1] 925
[1] 177  42
[1] 926
[1] 177  52
[1] 927
[1] 177  94
[1] 928
[1] 177  51
[1] 929
[1] 177  87
[1] 930
[1] 177  75
[1] 931
[1] 177  54
[1] 932
[1] 177  43
[1] 933
[1] 177  55
[1] 934
[1] 177  53
[1] 935
[1] 177  61
[1] 936
[1] 177  62
[1] 937
[1] 177 122
[1] 938
[1] 177  42
[1] 939
[1] 177  42
[1] 940
[1] 177  24
[1] 941
[1] 177  16
[1] 942
[1] 177  22
[1] 943
[1] 177 112
[1] 944
[1] 177  36
[1] 945
[1] 177  58
[1] 946
[1] 177  25
[1] 947
[1] 177  39
[1] 948
[1] 177  62
[1] 949
[1] 177  54
[1] 950
[1] 177  42
[1] 951
[1] 177  56
[1] 952
[1] 177  56
[1] 953
[1] 177  63
[1] 954
[1] 177  57
[1] 955
[1] 177  66
[1] 956
[1] 177  52
[1] 957
[1] 177  61
[1] 958
[1] 177  64
[1] 959
[1] 177  61
[1] 960
[1] 177  57
[1] 961
[1] 177  45
[1] 962
[1] 177  60
[1] 963
[1] 177  34
[1] 964
[1] 177  13
[1] 965
[1] 177  74
[1] 966
[1] 177   9
[1] 967
[1] 177  24
[1] 968
[1] 177 119
[1] 969
[1] 177  53
[1] 970
[1] 177  59
[1] 971
[1] 177  46
[1] 972
[1] 177  65
[1] 973
[1] 177  69
[1] 974
[1] 177  46
[1] 975
[1] 177  56
[1] 976
[1] 177  55
[1] 977
[1] 177  69
[1] 978
[1] 177  50
[1] 979
[1] 177  44
[1] 980
[1] 177  43
[1] 981
[1] 177  17
[1] 982
[1] 177  96
[1] 983
[1] 177  56
[1] 984
[1] 177  57
[1] 985
[1] 177  63
[1] 986
[1] 177  48
[1] 987
[1] 177  58
[1] 988
[1] 177  57
[1] 989
[1] 177  39
[1] 990
[1] 177  40
[1] 991
[1] 177  33
[1] 992
[1] 177  26
[1] 993
[1] 177  66
[1] 994
[1] 177  37
[1] 995
[1] 177  51
[1] 996
[1] 177  22
[1] 997
[1] 177  35
[1] 998
[1] 177  34
[1] 999
[1] 177  27
[1] 1000
[1] 177  45
