[1] 2601
[1] 177  62
[1] 2602
[1] 177  41
[1] 2603
[1] 177  60
[1] 2604
[1] 177  52
[1] 2605
[1] 177  46
[1] 2606
[1] 177  54
[1] 2607
[1] 177  65
[1] 2608
[1] 177  41
[1] 2609
[1] 177  32
[1] 2610
[1] 177  59
[1] 2611
[1] 177  33
[1] 2612
[1] 177  28
[1] 2613
[1] 177  34
[1] 2614
[1] 177  50
[1] 2615
[1] 177  85
[1] 2616
[1] 177  60
[1] 2617
[1] 177  47
[1] 2618
[1] 177  43
[1] 2619
[1] 177  47
[1] 2620
[1] 177  59
[1] 2621
[1] 177  37
[1] 2622
[1] 177  81
[1] 2623
[1] 177  52
[1] 2624
[1] 177  37
[1] 2625
[1] 177  50
[1] 2626
[1] 177  55
[1] 2627
[1] 177  78
[1] 2628
[1] 177  41
[1] 2629
[1] 177  52
[1] 2630
[1] 177  55
[1] 2631
[1] 177  29
[1] 2632
[1] 177  37
[1] 2633
[1] 177  90
[1] 2634
[1] 177  66
[1] 2635
[1] 177  63
[1] 2636
[1] 177  38
[1] 2637
[1] 177  31
[1] 2638
[1] 177  54
[1] 2639
[1] 177  59
[1] 2640
[1] 177  67
[1] 2641
[1] 177  61
[1] 2642
[1] 177  62
[1] 2643
[1] 177  53
[1] 2644
[1] 177  68
[1] 2645
[1] 177  52
[1] 2646
[1] 177 100
[1] 2647
[1] 177  52
[1] 2648
[1] 177  59
[1] 2649
[1] 177  58
[1] 2650
[1] 177  76
[1] 2651
[1] 177  51
[1] 2652
[1] 177  59
[1] 2653
[1] 177  31
[1] 2654
[1] 177  28
[1] 2655
[1] 177  27
[1] 2656
[1] 177  54
[1] 2657
[1] 177  56
[1] 2658
[1] 177  59
[1] 2659
[1] 177  65
[1] 2660
[1] 177  69
[1] 2661
[1] 177  22
[1] 2662
[1] 177  54
[1] 2663
[1] 177  55
[1] 2664
[1] 177  43
[1] 2665
[1] 177  52
[1] 2666
[1] 177  79
[1] 2667
[1] 177  88
[1] 2668
[1] 177  51
[1] 2669
[1] 177  61
[1] 2670
[1] 177  75
[1] 2671
[1] 177  67
[1] 2672
[1] 177  23
[1] 2673
[1] 177  63
[1] 2674
[1] 177  49
[1] 2675
[1] 177  33
[1] 2676
[1] 177  42
[1] 2677
[1] 177  44
[1] 2678
[1] 177  89
[1] 2679
[1] 177 237
[1] 2680
[1] 177 109
[1] 2681
[1] 177 106
[1] 2682
[1] 177  81
[1] 2683
[1] 177  48
[1] 2684
[1] 177 105
[1] 2685
[1] 177  65
[1] 2686
[1] 177  56
[1] 2687
[1] 177  66
[1] 2688
[1] 177  30
[1] 2689
[1] 177  31
[1] 2690
[1] 177  37
[1] 2691
[1] 177  40
[1] 2692
[1] 177  43
[1] 2693
[1] 177  37
[1] 2694
[1] 177  44
[1] 2695
[1] 177  80
[1] 2696
[1] 177  22
[1] 2697
[1] 177  24
[1] 2698
[1] 177 113
[1] 2699
[1] 177  42
[1] 2700
[1] 177  61
