[1] 9601
[1] 177  15
[1] 9602
[1] 177  23
[1] 9603
[1] 177  38
[1] 9604
[1] 177  37
[1] 9605
[1] 177  53
[1] 9606
[1] 177  49
[1] 9607
[1] 177  59
[1] 9608
[1] 177  38
[1] 9609
[1] 177  56
[1] 9610
[1] 177  41
[1] 9611
[1] 177  37
[1] 9612
[1] 177  19
[1] 9613
[1] 177  56
[1] 9614
[1] 177 110
[1] 9615
[1] 177  94
[1] 9616
[1] 177  95
[1] 9617
[1] 177  27
[1] 9618
[1] 177  43
[1] 9619
[1] 177  34
[1] 9620
[1] 177  44
[1] 9621
[1] 177  57
[1] 9622
[1] 177  29
[1] 9623
[1] 177  45
[1] 9624
[1] 177  46
[1] 9625
[1] 177  36
[1] 9626
[1] 177  42
[1] 9627
[1] 177  39
[1] 9628
[1] 177  19
[1] 9629
[1] 177  76
[1] 9630
[1] 177  55
[1] 9631
[1] 177  12
[1] 9632
[1] 177  52
[1] 9633
[1] 177  65
[1] 9634
[1] 177  38
[1] 9635
[1] 177  49
[1] 9636
[1] 177  38
[1] 9637
[1] 177  46
[1] 9638
[1] 177  46
[1] 9639
[1] 177  57
[1] 9640
[1] 177  39
[1] 9641
[1] 177  26
[1] 9642
[1] 177  44
[1] 9643
[1] 177  10
[1] 9644
[1] 177  33
[1] 9645
[1] 177  41
[1] 9646
[1] 177  65
[1] 9647
[1] 177  50
[1] 9648
[1] 177  42
[1] 9649
[1] 177  53
[1] 9650
[1] 177  19
[1] 9651
[1] 177  86
[1] 9652
[1] 177  42
[1] 9653
[1] 177  40
[1] 9654
[1] 177  17
[1] 9655
[1] 177  60
[1] 9656
[1] 177  35
[1] 9657
[1] 177  34
[1] 9658
[1] 177  87
[1] 9659
[1] 177  30
[1] 9660
[1] 177  36
[1] 9661
[1] 177  32
[1] 9662
[1] 177  71
[1] 9663
[1] 177  37
[1] 9664
[1] 177  18
[1] 9665
[1] 177  48
[1] 9666
[1] 177  38
[1] 9667
[1] 177  69
[1] 9668
[1] 177  47
[1] 9669
[1] 177  32
[1] 9670
[1] 177  43
[1] 9671
[1] 177  93
[1] 9672
[1] 177  26
[1] 9673
[1] 177  60
[1] 9674
[1] 177  11
[1] 9675
[1] 177  37
[1] 9676
[1] 177  35
[1] 9677
[1] 177  97
[1] 9678
[1] 177  74
[1] 9679
[1] 177  41
[1] 9680
[1] 177  26
[1] 9681
[1] 177  62
[1] 9682
[1] 177  52
[1] 9683
[1] 177  42
[1] 9684
[1] 177  53
[1] 9685
[1] 177  35
[1] 9686
[1] 177  66
[1] 9687
[1] 177  24
[1] 9688
[1] 177  47
[1] 9689
[1] 177 128
[1] 9690
[1] 177  43
[1] 9691
[1] 177  66
[1] 9692
[1] 177  40
[1] 9693
[1] 177  14
[1] 9694
[1] 177  50
[1] 9695
[1] 177  67
[1] 9696
[1] 177  46
[1] 9697
[1] 177  32
[1] 9698
[1] 177  76
[1] 9699
[1] 177  62
[1] 9700
[1] 177  27
