[1] 2201
[1] 177  30
[1] 2202
[1] 177 104
[1] 2203
[1] 177 104
[1] 2204
[1] 177  36
[1] 2205
[1] 177  35
[1] 2206
[1] 177   6
[1] 2207
[1] 177  52
[1] 2208
[1] 177  49
[1] 2209
[1] 177  79
[1] 2210
[1] 177  63
[1] 2211
[1] 177  65
[1] 2212
[1] 177  65
[1] 2213
[1] 177  52
[1] 2214
[1] 177  56
[1] 2215
[1] 177  51
[1] 2216
[1] 177  35
[1] 2217
[1] 177  33
[1] 2218
[1] 177  30
[1] 2219
[1] 177  90
[1] 2220
[1] 177  53
[1] 2221
[1] 177  58
[1] 2222
[1] 177  19
[1] 2223
[1] 177  58
[1] 2224
[1] 177 160
[1] 2225
[1] 177 139
[1] 2226
[1] 177  46
[1] 2227
[1] 177  42
[1] 2228
[1] 177  53
[1] 2229
[1] 177  62
[1] 2230
[1] 177  67
[1] 2231
[1] 177  48
[1] 2232
[1] 177  51
[1] 2233
[1] 177  65
[1] 2234
[1] 177  80
[1] 2235
[1] 177  44
[1] 2236
[1] 177  51
[1] 2237
[1] 177  65
[1] 2238
[1] 177  60
[1] 2239
[1] 177  32
[1] 2240
[1] 177  48
[1] 2241
[1] 177  43
[1] 2242
[1] 177  44
[1] 2243
[1] 177  34
[1] 2244
[1] 177  61
[1] 2245
[1] 177  36
[1] 2246
[1] 177  59
[1] 2247
[1] 177  57
[1] 2248
[1] 177  76
[1] 2249
[1] 177  47
[1] 2250
[1] 177  51
[1] 2251
[1] 177  40
[1] 2252
[1] 177  66
[1] 2253
[1] 177  41
[1] 2254
[1] 177  53
[1] 2255
[1] 177  76
[1] 2256
[1] 177  33
[1] 2257
[1] 177  50
[1] 2258
[1] 177  55
[1] 2259
[1] 177  75
[1] 2260
[1] 177  54
[1] 2261
[1] 177  67
[1] 2262
[1] 177  92
[1] 2263
[1] 177  19
[1] 2264
[1] 177  14
[1] 2265
[1] 177  74
[1] 2266
[1] 177  50
[1] 2267
[1] 177  44
[1] 2268
[1] 177  59
[1] 2269
[1] 177  76
[1] 2270
[1] 177  46
[1] 2271
[1] 177  45
[1] 2272
[1] 177  23
[1] 2273
[1] 177  20
[1] 2274
[1] 177  20
[1] 2275
[1] 177  35
[1] 2276
[1] 177  31
[1] 2277
[1] 177  61
[1] 2278
[1] 177  30
[1] 2279
[1] 177  30
[1] 2280
[1] 177  47
[1] 2281
[1] 177  48
[1] 2282
[1] 177  87
[1] 2283
[1] 177  56
[1] 2284
[1] 177  58
[1] 2285
[1] 177  47
[1] 2286
[1] 177  52
[1] 2287
[1] 177  64
[1] 2288
[1] 177  88
[1] 2289
[1] 177  48
[1] 2290
[1] 177  59
[1] 2291
[1] 177  44
[1] 2292
[1] 177  65
[1] 2293
[1] 177  74
[1] 2294
[1] 177  27
[1] 2295
[1] 177  57
[1] 2296
[1] 177  58
[1] 2297
[1] 177  30
[1] 2298
[1] 177  75
[1] 2299
[1] 177  38
[1] 2300
[1] 177  41
