[1] 10401
[1] 177  22
[1] 10402
[1] 177  39
[1] 10403
[1] 177  74
[1] 10404
[1] 177  54
[1] 10405
[1] 177  27
[1] 10406
[1] 177  41
[1] 10407
[1] 177  18
[1] 10408
[1] 177   1
[1] 10409
[1] 177  20
[1] 10410
[1] 177  66
[1] 10411
[1] 177  65
[1] 10412
[1] 177  45
[1] 10413
[1] 177  71
[1] 10414
[1] 177  32
[1] 10415
[1] 177  56
[1] 10416
[1] 177  17
[1] 10417
[1] 177  74
[1] 10418
[1] 177  27
[1] 10419
[1] 177  72
[1] 10420
[1] 177  55
[1] 10421
[1] 177  62
[1] 10422
[1] 177  31
[1] 10423
[1] 177  17
[1] 10424
[1] 177  27
[1] 10425
[1] 177  62
[1] 10426
[1] 177  30
[1] 10427
[1] 177  55
[1] 10428
[1] 177  61
[1] 10429
[1] 177  62
[1] 10430
[1] 177  52
[1] 10431
[1] 177  55
[1] 10432
[1] 177  29
[1] 10433
[1] 177  54
[1] 10434
[1] 177  54
[1] 10435
[1] 177  54
[1] 10436
[1] 177  51
[1] 10437
[1] 177  36
[1] 10438
[1] 177  45
[1] 10439
[1] 177  58
[1] 10440
[1] 177  16
[1] 10441
[1] 177  21
[1] 10442
[1] 177  46
[1] 10443
[1] 177  23
[1] 10444
[1] 177 113
[1] 10445
[1] 177  17
[1] 10446
[1] 177  37
[1] 10447
[1] 177  30
[1] 10448
[1] 177  42
[1] 10449
[1] 177  54
[1] 10450
[1] 177  18
[1] 10451
[1] 177  36
[1] 10452
[1] 177  68
[1] 10453
[1] 177  49
[1] 10454
[1] 177   1
[1] 10455
[1] 177  21
[1] 10456
[1] 177  32
[1] 10457
[1] 177  23
[1] 10458
[1] 177  51
[1] 10459
[1] 177  59
[1] 10460
[1] 177  55
[1] 10461
[1] 177  41
[1] 10462
[1] 177  37
[1] 10463
[1] 177  84
[1] 10464
[1] 177  73
[1] 10465
[1] 177  30
[1] 10466
[1] 177  63
[1] 10467
[1] 177  46
[1] 10468
[1] 177  47
[1] 10469
[1] 177 125
[1] 10470
[1] 177  37
[1] 10471
[1] 177  76
[1] 10472
[1] 177  39
[1] 10473
[1] 177  41
[1] 10474
[1] 177  62
[1] 10475
[1] 177  35
[1] 10476
[1] 177  31
[1] 10477
[1] 177  35
[1] 10478
[1] 177  32
[1] 10479
[1] 177  20
[1] 10480
[1] 177  38
[1] 10481
[1] 177  42
[1] 10482
[1] 177  14
[1] 10483
[1] 177  36
[1] 10484
[1] 177  92
[1] 10485
[1] 177  26
[1] 10486
[1] 177  41
[1] 10487
[1] 177  76
[1] 10488
[1] 177  54
[1] 10489
[1] 177  24
[1] 10490
[1] 177  29
[1] 10491
[1] 177  26
[1] 10492
[1] 177  65
[1] 10493
[1] 177  75
[1] 10494
[1] 177 324
[1] 10495
[1] 177  29
[1] 10496
[1] 177  42
[1] 10497
[1] 177  64
[1] 10498
[1] 177  54
[1] 10499
[1] 177  37
[1] 10500
[1] 177  26
