[1] 4701
[1] 177  65
[1] 4702
[1] 177  61
[1] 4703
[1] 177  69
[1] 4704
[1] 177  31
[1] 4705
[1] 177  52
[1] 4706
[1] 177  43
[1] 4707
[1] 177  54
[1] 4708
[1] 177  52
[1] 4709
[1] 177  50
[1] 4710
[1] 177  50
[1] 4711
[1] 177  52
[1] 4712
[1] 177  25
[1] 4713
[1] 177  26
[1] 4714
[1] 177  31
[1] 4715
[1] 177  41
[1] 4716
[1] 177  32
[1] 4717
[1] 177  42
[1] 4718
[1] 177  42
[1] 4719
[1] 177  42
[1] 4720
[1] 177  54
[1] 4721
[1] 177  20
[1] 4722
[1] 177  54
[1] 4723
[1] 177  43
[1] 4724
[1] 177  94
[1] 4725
[1] 177  39
[1] 4726
[1] 177  38
[1] 4727
[1] 177  50
[1] 4728
[1] 177  19
[1] 4729
[1] 177  42
[1] 4730
[1] 177  52
[1] 4731
[1] 177  36
[1] 4732
[1] 177  24
[1] 4733
[1] 177  50
[1] 4734
[1] 177  15
[1] 4735
[1] 177  42
[1] 4736
[1] 177  64
[1] 4737
[1] 177  15
[1] 4738
[1] 177  48
[1] 4739
[1] 177  49
[1] 4740
[1] 177  54
[1] 4741
[1] 177  52
[1] 4742
[1] 177  63
[1] 4743
[1] 177  52
[1] 4744
[1] 177  20
[1] 4745
[1] 177 102
[1] 4746
[1] 177  22
[1] 4747
[1] 177  32
[1] 4748
[1] 177  78
[1] 4749
[1] 177  25
[1] 4750
[1] 177  67
[1] 4751
[1] 177  46
[1] 4752
[1] 177  43
[1] 4753
[1] 177  47
[1] 4754
[1] 177  44
[1] 4755
[1] 177  52
[1] 4756
[1] 177  32
[1] 4757
[1] 177  55
[1] 4758
[1] 177  46
[1] 4759
[1] 177  37
[1] 4760
[1] 177  36
[1] 4761
[1] 177  82
[1] 4762
[1] 177  71
[1] 4763
[1] 177  22
[1] 4764
[1] 177  64
[1] 4765
[1] 177  32
[1] 4766
[1] 177  45
[1] 4767
[1] 177  59
[1] 4768
[1] 177  23
[1] 4769
[1] 177  45
[1] 4770
[1] 177  58
[1] 4771
[1] 177  35
[1] 4772
[1] 177  54
[1] 4773
[1] 177  52
[1] 4774
[1] 177  45
[1] 4775
[1] 177  26
[1] 4776
[1] 177  28
[1] 4777
[1] 177  51
[1] 4778
[1] 177  53
[1] 4779
[1] 177  56
[1] 4780
[1] 177  41
[1] 4781
[1] 177  26
[1] 4782
[1] 177  11
[1] 4783
[1] 177  26
[1] 4784
[1] 177  47
[1] 4785
[1] 177  51
[1] 4786
[1] 177  60
[1] 4787
[1] 177  88
[1] 4788
[1] 177  40
[1] 4789
[1] 177  56
[1] 4790
[1] 177  54
[1] 4791
[1] 177  38
[1] 4792
[1] 177  33
[1] 4793
[1] 177  47
[1] 4794
[1] 177  37
[1] 4795
[1] 177  62
[1] 4796
[1] 177  47
[1] 4797
[1] 177  31
[1] 4798
[1] 177  40
[1] 4799
[1] 177  47
[1] 4800
[1] 177  71
