[1] 1601
[1] 177  71
[1] 1602
[1] 177  62
[1] 1603
[1] 177  54
[1] 1604
[1] 177  33
[1] 1605
[1] 177  49
[1] 1606
[1] 177  45
[1] 1607
[1] 177  76
[1] 1608
[1] 177  47
[1] 1609
[1] 177  56
[1] 1610
[1] 177  49
[1] 1611
[1] 177  44
[1] 1612
[1] 177  41
[1] 1613
[1] 177  48
[1] 1614
[1] 177  48
[1] 1615
[1] 177  37
[1] 1616
[1] 177  50
[1] 1617
[1] 177  57
[1] 1618
[1] 177  48
[1] 1619
[1] 177  58
[1] 1620
[1] 177  38
[1] 1621
[1] 177  57
[1] 1622
[1] 177  58
[1] 1623
[1] 177  56
[1] 1624
[1] 177  59
[1] 1625
[1] 177  37
[1] 1626
[1] 177  58
[1] 1627
[1] 177  45
[1] 1628
[1] 177  37
[1] 1629
[1] 177  40
[1] 1630
[1] 177  43
[1] 1631
[1] 177  30
[1] 1632
[1] 177  28
[1] 1633
[1] 177  56
[1] 1634
[1] 177  52
[1] 1635
[1] 177  54
[1] 1636
[1] 177  40
[1] 1637
[1] 177  44
[1] 1638
[1] 177  20
[1] 1639
[1] 177  18
[1] 1640
[1] 177  39
[1] 1641
[1] 177  50
[1] 1642
[1] 177  69
[1] 1643
[1] 177  51
[1] 1644
[1] 177  69
[1] 1645
[1] 177  58
[1] 1646
[1] 177  56
[1] 1647
[1] 177  81
[1] 1648
[1] 177  61
[1] 1649
[1] 177  53
[1] 1650
[1] 177  53
[1] 1651
[1] 177  50
[1] 1652
[1] 177  47
[1] 1653
[1] 177  48
[1] 1654
[1] 177  63
[1] 1655
[1] 177  50
[1] 1656
[1] 177  71
[1] 1657
[1] 177  66
[1] 1658
[1] 177  82
[1] 1659
[1] 177  73
[1] 1660
[1] 177  69
[1] 1661
[1] 177  74
[1] 1662
[1] 177  70
[1] 1663
[1] 177  77
[1] 1664
[1] 177  60
[1] 1665
[1] 177  62
[1] 1666
[1] 177  82
[1] 1667
[1] 177  65
[1] 1668
[1] 177  51
[1] 1669
[1] 177  66
[1] 1670
[1] 177  82
[1] 1671
[1] 177  81
[1] 1672
[1] 177  55
[1] 1673
[1] 177  20
[1] 1674
[1] 177  59
[1] 1675
[1] 177  76
[1] 1676
[1] 177 104
[1] 1677
[1] 177  17
[1] 1678
[1] 177  29
[1] 1679
[1] 177  68
[1] 1680
[1] 177  23
[1] 1681
[1] 177  28
[1] 1682
[1] 177  27
[1] 1683
[1] 177  36
[1] 1684
[1] 177  76
[1] 1685
[1] 177  37
[1] 1686
[1] 177  75
[1] 1687
[1] 177  58
[1] 1688
[1] 177  28
[1] 1689
[1] 177  41
[1] 1690
[1] 177  22
[1] 1691
[1] 177  55
[1] 1692
[1] 177  23
[1] 1693
[1] 177  61
[1] 1694
[1] 177  36
[1] 1695
[1] 177  61
[1] 1696
[1] 177  20
[1] 1697
[1] 177  37
[1] 1698
[1] 177  43
[1] 1699
[1] 177  56
[1] 1700
[1] 177  19
