[1] 3001
[1] 177  44
[1] 3002
[1] 177  47
[1] 3003
[1] 177  58
[1] 3004
[1] 177  78
[1] 3005
[1] 177  56
[1] 3006
[1] 177  61
[1] 3007
[1] 177  64
[1] 3008
[1] 177  22
[1] 3009
[1] 177  43
[1] 3010
[1] 177  55
[1] 3011
[1] 177  53
[1] 3012
[1] 177  58
[1] 3013
[1] 177  34
[1] 3014
[1] 177  46
[1] 3015
[1] 177  42
[1] 3016
[1] 177  38
[1] 3017
[1] 177  69
[1] 3018
[1] 177  47
[1] 3019
[1] 177  32
[1] 3020
[1] 177  31
[1] 3021
[1] 177  44
[1] 3022
[1] 177  41
[1] 3023
[1] 177  38
[1] 3024
[1] 177  55
[1] 3025
[1] 177  59
[1] 3026
[1] 177  46
[1] 3027
[1] 177  41
[1] 3028
[1] 177  47
[1] 3029
[1] 177  44
[1] 3030
[1] 177  82
[1] 3031
[1] 177  83
[1] 3032
[1] 177 103
[1] 3033
[1] 177  10
[1] 3034
[1] 177  47
[1] 3035
[1] 177  21
[1] 3036
[1] 177  28
[1] 3037
[1] 177  27
[1] 3038
[1] 177   7
[1] 3039
[1] 177  21
[1] 3040
[1] 177  22
[1] 3041
[1] 177  28
[1] 3042
[1] 177  68
[1] 3043
[1] 177  35
[1] 3044
[1] 177  50
[1] 3045
[1] 177  70
[1] 3046
[1] 177  61
[1] 3047
[1] 177  42
[1] 3048
[1] 177  69
[1] 3049
[1] 177  75
[1] 3050
[1] 177  37
[1] 3051
[1] 177  65
[1] 3052
[1] 177  60
[1] 3053
[1] 177  57
[1] 3054
[1] 177  45
[1] 3055
[1] 177  54
[1] 3056
[1] 177  72
[1] 3057
[1] 177  86
[1] 3058
[1] 177  26
[1] 3059
[1] 177  18
[1] 3060
[1] 177  20
[1] 3061
[1] 177  23
[1] 3062
[1] 177  35
[1] 3063
[1] 177  46
[1] 3064
[1] 177  57
[1] 3065
[1] 177  45
[1] 3066
[1] 177  42
[1] 3067
[1] 177  33
[1] 3068
[1] 177  56
[1] 3069
[1] 177  31
[1] 3070
[1] 177  50
[1] 3071
[1] 177  92
[1] 3072
[1] 177  18
[1] 3073
[1] 177  24
[1] 3074
[1] 177  54
[1] 3075
[1] 177  45
[1] 3076
[1] 177  42
[1] 3077
[1] 177  46
[1] 3078
[1] 177  36
[1] 3079
[1] 177  54
[1] 3080
[1] 177  47
[1] 3081
[1] 177  36
[1] 3082
[1] 177  76
[1] 3083
[1] 177  78
[1] 3084
[1] 177  42
[1] 3085
[1] 177  86
[1] 3086
[1] 177  44
[1] 3087
[1] 177  45
[1] 3088
[1] 177  49
[1] 3089
[1] 177  60
[1] 3090
[1] 177  43
[1] 3091
[1] 177  58
[1] 3092
[1] 177  57
[1] 3093
[1] 177 119
[1] 3094
[1] 177  51
[1] 3095
[1] 177  38
[1] 3096
[1] 177  38
[1] 3097
[1] 177  44
[1] 3098
[1] 177  53
[1] 3099
[1] 177  37
[1] 3100
[1] 177  51
