[1] 8401
[1] 177  63
[1] 8402
[1] 177  39
[1] 8403
[1] 177  36
[1] 8404
[1] 177  11
[1] 8405
[1] 177  39
[1] 8406
[1] 177  35
[1] 8407
[1] 177  41
[1] 8408
[1] 177  58
[1] 8409
[1] 177  39
[1] 8410
[1] 177  52
[1] 8411
[1] 177  66
[1] 8412
[1] 177  40
[1] 8413
[1] 177  59
[1] 8414
[1] 177  46
[1] 8415
[1] 177  18
[1] 8416
[1] 177  44
[1] 8417
[1] 177  72
[1] 8418
[1] 177  20
[1] 8419
[1] 177 130
[1] 8420
[1] 177  47
[1] 8421
[1] 177  46
[1] 8422
[1] 177  26
[1] 8423
[1] 177  46
[1] 8424
[1] 177  35
[1] 8425
[1] 177  36
[1] 8426
[1] 177  33
[1] 8427
[1] 177  45
[1] 8428
[1] 177  43
[1] 8429
[1] 177  64
[1] 8430
[1] 177  45
[1] 8431
[1] 177  39
[1] 8432
[1] 177  32
[1] 8433
[1] 177  96
[1] 8434
[1] 177  42
[1] 8435
[1] 177  60
[1] 8436
[1] 177  20
[1] 8437
[1] 177  59
[1] 8438
[1] 177  44
[1] 8439
[1] 177  34
[1] 8440
[1] 177  58
[1] 8441
[1] 177  43
[1] 8442
[1] 177  40
[1] 8443
[1] 177  33
[1] 8444
[1] 177 147
[1] 8445
[1] 177  61
[1] 8446
[1] 177  40
[1] 8447
[1] 177  32
[1] 8448
[1] 177  49
[1] 8449
[1] 177  78
[1] 8450
[1] 177  53
[1] 8451
[1] 177 102
[1] 8452
[1] 177  50
[1] 8453
[1] 177  25
[1] 8454
[1] 177  75
[1] 8455
[1] 177  57
[1] 8456
[1] 177  21
[1] 8457
[1] 177  38
[1] 8458
[1] 177  26
[1] 8459
[1] 177  39
[1] 8460
[1] 177  49
[1] 8461
[1] 177  27
[1] 8462
[1] 177  37
[1] 8463
[1] 177  68
[1] 8464
[1] 177  60
[1] 8465
[1] 177  46
[1] 8466
[1] 177  52
[1] 8467
[1] 177  25
[1] 8468
[1] 177  66
[1] 8469
[1] 177  27
[1] 8470
[1] 177  52
[1] 8471
[1] 177  34
[1] 8472
[1] 177  76
[1] 8473
[1] 177  73
[1] 8474
[1] 177  98
[1] 8475
[1] 177  56
[1] 8476
[1] 177  62
[1] 8477
[1] 177  33
[1] 8478
[1] 177  44
[1] 8479
[1] 177  47
[1] 8480
[1] 177  63
[1] 8481
[1] 177 138
[1] 8482
[1] 177  19
[1] 8483
[1] 177  22
[1] 8484
[1] 177  65
[1] 8485
[1] 177  44
[1] 8486
[1] 177  55
[1] 8487
[1] 177  54
[1] 8488
[1] 177  18
[1] 8489
[1] 177  46
[1] 8490
[1] 177  61
[1] 8491
[1] 177  30
[1] 8492
[1] 177  30
[1] 8493
[1] 177  27
[1] 8494
[1] 177  66
[1] 8495
[1] 177  12
[1] 8496
[1] 177  23
[1] 8497
[1] 177  65
[1] 8498
[1] 177  56
[1] 8499
[1] 177  56
[1] 8500
[1] 177  94
