[1] 3701
[1] 177  53
[1] 3702
[1] 177  45
[1] 3703
[1] 177  81
[1] 3704
[1] 177  66
[1] 3705
[1] 177  26
[1] 3706
[1] 177  26
[1] 3707
[1] 177  35
[1] 3708
[1] 177  27
[1] 3709
[1] 177  29
[1] 3710
[1] 177  26
[1] 3711
[1] 177  33
[1] 3712
[1] 177  16
[1] 3713
[1] 177  53
[1] 3714
[1] 177  62
[1] 3715
[1] 177  53
[1] 3716
[1] 177  57
[1] 3717
[1] 177  94
[1] 3718
[1] 177  66
[1] 3719
[1] 177  64
[1] 3720
[1] 177  72
[1] 3721
[1] 177  40
[1] 3722
[1] 177  51
[1] 3723
[1] 177  40
[1] 3724
[1] 177  50
[1] 3725
[1] 177  45
[1] 3726
[1] 177  37
[1] 3727
[1] 177  35
[1] 3728
[1] 177  34
[1] 3729
[1] 177  31
[1] 3730
[1] 177  42
[1] 3731
[1] 177  50
[1] 3732
[1] 177  46
[1] 3733
[1] 177  62
[1] 3734
[1] 177  62
[1] 3735
[1] 177  60
[1] 3736
[1] 177  59
[1] 3737
[1] 177  64
[1] 3738
[1] 177  59
[1] 3739
[1] 177  58
[1] 3740
[1] 177  58
[1] 3741
[1] 177  59
[1] 3742
[1] 177  68
[1] 3743
[1] 177  81
[1] 3744
[1] 177  68
[1] 3745
[1] 177  79
[1] 3746
[1] 177  42
[1] 3747
[1] 177  55
[1] 3748
[1] 177  61
[1] 3749
[1] 177  80
[1] 3750
[1] 177  68
[1] 3751
[1] 177  69
[1] 3752
[1] 177  62
[1] 3753
[1] 177  79
[1] 3754
[1] 177  80
[1] 3755
[1] 177  63
[1] 3756
[1] 177  67
[1] 3757
[1] 177  86
[1] 3758
[1] 177  67
[1] 3759
[1] 177  64
[1] 3760
[1] 177  40
[1] 3761
[1] 177  87
[1] 3762
[1] 177  99
[1] 3763
[1] 177  61
[1] 3764
[1] 177  82
[1] 3765
[1] 177  85
[1] 3766
[1] 177  78
[1] 3767
[1] 177  70
[1] 3768
[1] 177  43
[1] 3769
[1] 177  84
[1] 3770
[1] 177  87
[1] 3771
[1] 177  38
[1] 3772
[1] 177  61
[1] 3773
[1] 177  39
[1] 3774
[1] 177  63
[1] 3775
[1] 177  65
[1] 3776
[1] 177  22
[1] 3777
[1] 177  17
[1] 3778
[1] 177  32
[1] 3779
[1] 177  20
[1] 3780
[1] 177  28
[1] 3781
[1] 177  33
[1] 3782
[1] 177  23
[1] 3783
[1] 177  38
[1] 3784
[1] 177  23
[1] 3785
[1] 177  18
[1] 3786
[1] 177   7
[1] 3787
[1] 177  23
[1] 3788
[1] 177  24
[1] 3789
[1] 177  52
[1] 3790
[1] 177  36
[1] 3791
[1] 177  25
[1] 3792
[1] 177  34
[1] 3793
[1] 177  24
[1] 3794
[1] 177  64
[1] 3795
[1] 177  56
[1] 3796
[1] 177  58
[1] 3797
[1] 177  43
[1] 3798
[1] 177  50
[1] 3799
[1] 177  31
[1] 3800
[1] 177  26
