[1] 8701
[1] 177  29
[1] 8702
[1] 177  67
[1] 8703
[1] 177  34
[1] 8704
[1] 177  73
[1] 8705
[1] 177  63
[1] 8706
[1] 177  65
[1] 8707
[1] 177  31
[1] 8708
[1] 177  36
[1] 8709
[1] 177  64
[1] 8710
[1] 177  21
[1] 8711
[1] 177  55
[1] 8712
[1] 177  52
[1] 8713
[1] 177  32
[1] 8714
[1] 177  24
[1] 8715
[1] 177  46
[1] 8716
[1] 177  32
[1] 8717
[1] 177  53
[1] 8718
[1] 177  21
[1] 8719
[1] 177  97
[1] 8720
[1] 177  21
[1] 8721
[1] 177  20
[1] 8722
[1] 177  18
[1] 8723
[1] 177  73
[1] 8724
[1] 177 138
[1] 8725
[1] 177  48
[1] 8726
[1] 177  31
[1] 8727
[1] 177 317
[1] 8728
[1] 177  38
[1] 8729
[1] 177  28
[1] 8730
[1] 177  50
[1] 8731
[1] 177  30
[1] 8732
[1] 177  61
[1] 8733
[1] 177  59
[1] 8734
[1] 177  19
[1] 8735
[1] 177  13
[1] 8736
[1] 177  36
[1] 8737
[1] 177  88
[1] 8738
[1] 177  30
[1] 8739
[1] 177  82
[1] 8740
[1] 177  35
[1] 8741
[1] 177  62
[1] 8742
[1] 177  56
[1] 8743
[1] 177  35
[1] 8744
[1] 177  50
[1] 8745
[1] 177  45
[1] 8746
[1] 177   8
[1] 8747
[1] 177  55
[1] 8748
[1] 177  10
[1] 8749
[1] 177  49
[1] 8750
[1] 177  45
[1] 8751
[1] 177   9
[1] 8752
[1] 177  60
[1] 8753
[1] 177  33
[1] 8754
[1] 177  62
[1] 8755
[1] 177  11
[1] 8756
[1] 177  11
[1] 8757
[1] 177  47
[1] 8758
[1] 177  39
[1] 8759
[1] 177  12
[1] 8760
[1] 177  66
[1] 8761
[1] 177  12
[1] 8762
[1] 177  20
[1] 8763
[1] 177  51
[1] 8764
[1] 177  68
[1] 8765
[1] 177  61
[1] 8766
[1] 177  78
[1] 8767
[1] 177  17
[1] 8768
[1] 177  11
[1] 8769
[1] 177  51
[1] 8770
[1] 177  71
[1] 8771
[1] 177  73
[1] 8772
[1] 177  22
[1] 8773
[1] 177  28
[1] 8774
[1] 177  27
[1] 8775
[1] 177  69
[1] 8776
[1] 177  25
[1] 8777
[1] 177  51
[1] 8778
[1] 177  57
[1] 8779
[1] 177  80
[1] 8780
[1] 177  17
[1] 8781
[1] 177  62
[1] 8782
[1] 177  73
[1] 8783
[1] 177  71
[1] 8784
[1] 177  30
[1] 8785
[1] 177  25
[1] 8786
[1] 177  59
[1] 8787
[1] 177  60
[1] 8788
[1] 177  18
[1] 8789
[1] 177  60
[1] 8790
[1] 177  47
[1] 8791
[1] 177  69
[1] 8792
[1] 177  62
[1] 8793
[1] 177  37
[1] 8794
[1] 177  38
[1] 8795
[1] 177  52
[1] 8796
[1] 177  58
[1] 8797
[1] 177  55
[1] 8798
[1] 177  55
[1] 8799
[1] 177  57
[1] 8800
[1] 177  70
