[1] 2301
[1] 177  66
[1] 2302
[1] 177  66
[1] 2303
[1] 177 115
[1] 2304
[1] 177  64
[1] 2305
[1] 177  50
[1] 2306
[1] 177  64
[1] 2307
[1] 177  31
[1] 2308
[1] 177  19
[1] 2309
[1] 177  34
[1] 2310
[1] 177  57
[1] 2311
[1] 177  46
[1] 2312
[1] 177  28
[1] 2313
[1] 177  38
[1] 2314
[1] 177  37
[1] 2315
[1] 177  42
[1] 2316
[1] 177  36
[1] 2317
[1] 177  39
[1] 2318
[1] 177  27
[1] 2319
[1] 177  44
[1] 2320
[1] 177  39
[1] 2321
[1] 177  45
[1] 2322
[1] 177  31
[1] 2323
[1] 177  23
[1] 2324
[1] 177  39
[1] 2325
[1] 177  38
[1] 2326
[1] 177  23
[1] 2327
[1] 177  31
[1] 2328
[1] 177  24
[1] 2329
[1] 177  32
[1] 2330
[1] 177  46
[1] 2331
[1] 177  42
[1] 2332
[1] 177  22
[1] 2333
[1] 177  22
[1] 2334
[1] 177  41
[1] 2335
[1] 177  43
[1] 2336
[1] 177  55
[1] 2337
[1] 177  30
[1] 2338
[1] 177  60
[1] 2339
[1] 177  21
[1] 2340
[1] 177  24
[1] 2341
[1] 177  64
[1] 2342
[1] 177  63
[1] 2343
[1] 177  63
[1] 2344
[1] 177  61
[1] 2345
[1] 177  42
[1] 2346
[1] 177  68
[1] 2347
[1] 177  65
[1] 2348
[1] 177  19
[1] 2349
[1] 177  25
[1] 2350
[1] 177  20
[1] 2351
[1] 177  34
[1] 2352
[1] 177  74
[1] 2353
[1] 177  39
[1] 2354
[1] 177  28
[1] 2355
[1] 177  32
[1] 2356
[1] 177  30
[1] 2357
[1] 177  49
[1] 2358
[1] 177  17
[1] 2359
[1] 177  45
[1] 2360
[1] 177  21
[1] 2361
[1] 177  32
[1] 2362
[1] 177  81
[1] 2363
[1] 177  39
[1] 2364
[1] 177  62
[1] 2365
[1] 177  71
[1] 2366
[1] 177  47
[1] 2367
[1] 177  33
[1] 2368
[1] 177  33
[1] 2369
[1] 177  33
[1] 2370
[1] 177  29
[1] 2371
[1] 177  28
[1] 2372
[1] 177  24
[1] 2373
[1] 177  22
[1] 2374
[1] 177  44
[1] 2375
[1] 177  20
[1] 2376
[1] 177  50
[1] 2377
[1] 177  18
[1] 2378
[1] 177  52
[1] 2379
[1] 177  18
[1] 2380
[1] 177  36
[1] 2381
[1] 177  50
[1] 2382
[1] 177  46
[1] 2383
[1] 177  19
[1] 2384
[1] 177  45
[1] 2385
[1] 177  42
[1] 2386
[1] 177  76
[1] 2387
[1] 177  86
[1] 2388
[1] 177  67
[1] 2389
[1] 177  55
[1] 2390
[1] 177  66
[1] 2391
[1] 177  51
[1] 2392
[1] 177  54
[1] 2393
[1] 177  40
[1] 2394
[1] 177  30
[1] 2395
[1] 177  70
[1] 2396
[1] 177  68
[1] 2397
[1] 177  74
[1] 2398
[1] 177  31
[1] 2399
[1] 177  31
[1] 2400
[1] 177  31
