[1] 1001
[1] 177  44
[1] 1002
[1] 177  44
[1] 1003
[1] 177  42
[1] 1004
[1] 177  21
[1] 1005
[1] 177   6
[1] 1006
[1] 177  50
[1] 1007
[1] 177  35
[1] 1008
[1] 177  44
[1] 1009
[1] 177  72
[1] 1010
[1] 177  59
[1] 1011
[1] 177  38
[1] 1012
[1] 177  60
[1] 1013
[1] 177  84
[1] 1014
[1] 177  73
[1] 1015
[1] 177  57
[1] 1016
[1] 177  49
[1] 1017
[1] 177  42
[1] 1018
[1] 177  55
[1] 1019
[1] 177  70
[1] 1020
[1] 177  29
[1] 1021
[1] 177  53
[1] 1022
[1] 177  88
[1] 1023
[1] 177  60
[1] 1024
[1] 177  60
[1] 1025
[1] 177  45
[1] 1026
[1] 177  40
[1] 1027
[1] 177  43
[1] 1028
[1] 177  42
[1] 1029
[1] 177  61
[1] 1030
[1] 177  62
[1] 1031
[1] 177  86
[1] 1032
[1] 177  75
[1] 1033
[1] 177  36
[1] 1034
[1] 177  52
[1] 1035
[1] 177  36
[1] 1036
[1] 177  36
[1] 1037
[1] 177  44
[1] 1038
[1] 177  54
[1] 1039
[1] 177  40
[1] 1040
[1] 177  50
[1] 1041
[1] 177  40
[1] 1042
[1] 177  67
[1] 1043
[1] 177  32
[1] 1044
[1] 177  65
[1] 1045
[1] 177 103
[1] 1046
[1] 177  45
[1] 1047
[1] 177  77
[1] 1048
[1] 177  66
[1] 1049
[1] 177  32
[1] 1050
[1] 177  41
[1] 1051
[1] 177  28
[1] 1052
[1] 177  50
[1] 1053
[1] 177  41
[1] 1054
[1] 177  49
[1] 1055
[1] 177  58
[1] 1056
[1] 177  52
[1] 1057
[1] 177  42
[1] 1058
[1] 177  81
[1] 1059
[1] 177  51
[1] 1060
[1] 177  92
[1] 1061
[1] 177  30
[1] 1062
[1] 177  49
[1] 1063
[1] 177  42
[1] 1064
[1] 177  44
[1] 1065
[1] 177  17
[1] 1066
[1] 177  70
[1] 1067
[1] 177  76
[1] 1068
[1] 177  43
[1] 1069
[1] 177  39
[1] 1070
[1] 177  48
[1] 1071
[1] 177  84
[1] 1072
[1] 177  89
[1] 1073
[1] 177  47
[1] 1074
[1] 177   8
[1] 1075
[1] 177  40
[1] 1076
[1] 177   8
[1] 1077
[1] 177  27
[1] 1078
[1] 177  32
[1] 1079
[1] 177  35
[1] 1080
[1] 177  35
[1] 1081
[1] 177  23
[1] 1082
[1] 177  60
[1] 1083
[1] 177  75
[1] 1084
[1] 177  25
[1] 1085
[1] 177  45
[1] 1086
[1] 177 106
[1] 1087
[1] 177  37
[1] 1088
[1] 177  39
[1] 1089
[1] 177  35
[1] 1090
[1] 177  56
[1] 1091
[1] 177  59
[1] 1092
[1] 177  56
[1] 1093
[1] 177  48
[1] 1094
[1] 177  67
[1] 1095
[1] 177  78
[1] 1096
[1] 177  56
[1] 1097
[1] 177  53
[1] 1098
[1] 177  52
[1] 1099
[1] 177  10
[1] 1100
[1] 177  57
