[1] 701
[1] 177  50
[1] 702
[1] 177  36
[1] 703
[1] 177  53
[1] 704
[1] 177  55
[1] 705
[1] 177  89
[1] 706
[1] 177 131
[1] 707
[1] 177  49
[1] 708
[1] 177  63
[1] 709
[1] 177  10
[1] 710
[1] 177  10
[1] 711
[1] 177  29
[1] 712
[1] 177  51
[1] 713
[1] 177 157
[1] 714
[1] 177   8
[1] 715
[1] 177  46
[1] 716
[1] 177  53
[1] 717
[1] 177  43
[1] 718
[1] 177  35
[1] 719
[1] 177  31
[1] 720
[1] 177  57
[1] 721
[1] 177  65
[1] 722
[1] 177  54
[1] 723
[1] 177  85
[1] 724
[1] 177  68
[1] 725
[1] 177  72
[1] 726
[1] 177  73
[1] 727
[1] 177  43
[1] 728
[1] 177  80
[1] 729
[1] 177  59
[1] 730
[1] 177  78
[1] 731
[1] 177  69
[1] 732
[1] 177  35
[1] 733
[1] 177  60
[1] 734
[1] 177  53
[1] 735
[1] 177  62
[1] 736
[1] 177  46
[1] 737
[1] 177  73
[1] 738
[1] 177  58
[1] 739
[1] 177  23
[1] 740
[1] 177  75
[1] 741
[1] 177  66
[1] 742
[1] 177  37
[1] 743
[1] 177  48
[1] 744
[1] 177  18
[1] 745
[1] 177  45
[1] 746
[1] 177  51
[1] 747
[1] 177  28
[1] 748
[1] 177  56
[1] 749
[1] 177  51
[1] 750
[1] 177  37
[1] 751
[1] 177  30
[1] 752
[1] 177  52
[1] 753
[1] 177  65
[1] 754
[1] 177  75
[1] 755
[1] 177  84
[1] 756
[1] 177  38
[1] 757
[1] 177 102
[1] 758
[1] 177  64
[1] 759
[1] 177  72
[1] 760
[1] 177  76
[1] 761
[1] 177  71
[1] 762
[1] 177  58
[1] 763
[1] 177 141
[1] 764
[1] 177  24
[1] 765
[1] 177  78
[1] 766
[1] 177  42
[1] 767
[1] 177  47
[1] 768
[1] 177  48
[1] 769
[1] 177  61
[1] 770
[1] 177  57
[1] 771
[1] 177  46
[1] 772
[1] 177  57
[1] 773
[1] 177  54
[1] 774
[1] 177  25
[1] 775
[1] 177  46
[1] 776
[1] 177  26
[1] 777
[1] 177  46
[1] 778
[1] 177  42
[1] 779
[1] 177  33
[1] 780
[1] 177  30
[1] 781
[1] 177  60
[1] 782
[1] 177  43
[1] 783
[1] 177  20
[1] 784
[1] 177  15
[1] 785
[1] 177  49
[1] 786
[1] 177  35
[1] 787
[1] 177  55
[1] 788
[1] 177  31
[1] 789
[1] 177  38
[1] 790
[1] 177  29
[1] 791
[1] 177  33
[1] 792
[1] 177  28
[1] 793
[1] 177  69
[1] 794
[1] 177  54
[1] 795
[1] 177  72
[1] 796
[1] 177  23
[1] 797
[1] 177  78
[1] 798
[1] 177  64
[1] 799
[1] 177  55
[1] 800
[1] 177  69
