[1] 1301
[1] 177  66
[1] 1302
[1] 177  69
[1] 1303
[1] 177  47
[1] 1304
[1] 177  55
[1] 1305
[1] 177  68
[1] 1306
[1] 177  38
[1] 1307
[1] 177  42
[1] 1308
[1] 177  16
[1] 1309
[1] 177  28
[1] 1310
[1] 177  46
[1] 1311
[1] 177  73
[1] 1312
[1] 177  62
[1] 1313
[1] 177  21
[1] 1314
[1] 177  18
[1] 1315
[1] 177   9
[1] 1316
[1] 177  46
[1] 1317
[1] 177  48
[1] 1318
[1] 177  67
[1] 1319
[1] 177  81
[1] 1320
[1] 177  63
[1] 1321
[1] 177  77
[1] 1322
[1] 177  55
[1] 1323
[1] 177  79
[1] 1324
[1] 177  73
[1] 1325
[1] 177  40
[1] 1326
[1] 177  38
[1] 1327
[1] 177  54
[1] 1328
[1] 177  54
[1] 1329
[1] 177  48
[1] 1330
[1] 177  20
[1] 1331
[1] 177  27
[1] 1332
[1] 177  29
[1] 1333
[1] 177  35
[1] 1334
[1] 177  40
[1] 1335
[1] 177  61
[1] 1336
[1] 177  63
[1] 1337
[1] 177  30
[1] 1338
[1] 177  29
[1] 1339
[1] 177  29
[1] 1340
[1] 177  45
[1] 1341
[1] 177  31
[1] 1342
[1] 177  37
[1] 1343
[1] 177  41
[1] 1344
[1] 177  57
[1] 1345
[1] 177  65
[1] 1346
[1] 177  87
[1] 1347
[1] 177  46
[1] 1348
[1] 177  31
[1] 1349
[1] 177  45
[1] 1350
[1] 177  57
[1] 1351
[1] 177  74
[1] 1352
[1] 177  73
[1] 1353
[1] 177  71
[1] 1354
[1] 177  85
[1] 1355
[1] 177  29
[1] 1356
[1] 177  64
[1] 1357
[1] 177  53
[1] 1358
[1] 177  86
[1] 1359
[1] 177  50
[1] 1360
[1] 177  46
[1] 1361
[1] 177  53
[1] 1362
[1] 177  48
[1] 1363
[1] 177  56
[1] 1364
[1] 177  85
[1] 1365
[1] 177  61
[1] 1366
[1] 177  75
[1] 1367
[1] 177  32
[1] 1368
[1] 177  64
[1] 1369
[1] 177  18
[1] 1370
[1] 177  51
[1] 1371
[1] 177  70
[1] 1372
[1] 177  73
[1] 1373
[1] 177  44
[1] 1374
[1] 177  33
[1] 1375
[1] 177  62
[1] 1376
[1] 177 142
[1] 1377
[1] 177  40
[1] 1378
[1] 177  29
[1] 1379
[1] 177  74
[1] 1380
[1] 177  60
[1] 1381
[1] 177  90
[1] 1382
[1] 177  40
[1] 1383
[1] 177  85
[1] 1384
[1] 177  73
[1] 1385
[1] 177  27
[1] 1386
[1] 177  79
[1] 1387
[1] 177  27
[1] 1388
[1] 177  69
[1] 1389
[1] 177  82
[1] 1390
[1] 177  42
[1] 1391
[1] 177  39
[1] 1392
[1] 177  22
[1] 1393
[1] 177  25
[1] 1394
[1] 177  60
[1] 1395
[1] 177  57
[1] 1396
[1] 177  60
[1] 1397
[1] 177  58
[1] 1398
[1] 177  56
[1] 1399
[1] 177  66
[1] 1400
[1] 177  70
