[1] 6101
[1] 177  50
[1] 6102
[1] 177  59
[1] 6103
[1] 177  58
[1] 6104
[1] 177  56
[1] 6105
[1] 177  52
[1] 6106
[1] 177  51
[1] 6107
[1] 177  43
[1] 6108
[1] 177  20
[1] 6109
[1] 177  76
[1] 6110
[1] 177  73
[1] 6111
[1] 177  35
[1] 6112
[1] 177  57
[1] 6113
[1] 177  64
[1] 6114
[1] 177 116
[1] 6115
[1] 177  55
[1] 6116
[1] 177  55
[1] 6117
[1] 177  43
[1] 6118
[1] 177  35
[1] 6119
[1] 177  84
[1] 6120
[1] 177  50
[1] 6121
[1] 177  33
[1] 6122
[1] 177  94
[1] 6123
[1] 177  75
[1] 6124
[1] 177  20
[1] 6125
[1] 177  24
[1] 6126
[1] 177  51
[1] 6127
[1] 177  48
[1] 6128
[1] 177  96
[1] 6129
[1] 177  56
[1] 6130
[1] 177  61
[1] 6131
[1] 177  40
[1] 6132
[1] 177  63
[1] 6133
[1] 177  40
[1] 6134
[1] 177  38
[1] 6135
[1] 177  87
[1] 6136
[1] 177  53
[1] 6137
[1] 177  68
[1] 6138
[1] 177  51
[1] 6139
[1] 177  57
[1] 6140
[1] 177  48
[1] 6141
[1] 177  39
[1] 6142
[1] 177  98
[1] 6143
[1] 177  52
[1] 6144
[1] 177  53
[1] 6145
[1] 177  36
[1] 6146
[1] 177  30
[1] 6147
[1] 177  45
[1] 6148
[1] 177  48
[1] 6149
[1] 177  30
[1] 6150
[1] 177  64
[1] 6151
[1] 177  44
[1] 6152
[1] 177  38
[1] 6153
[1] 177  57
[1] 6154
[1] 177  54
[1] 6155
[1] 177  63
[1] 6156
[1] 177  78
[1] 6157
[1] 177  51
[1] 6158
[1] 177  33
[1] 6159
[1] 177  75
[1] 6160
[1] 177  30
[1] 6161
[1] 177  34
[1] 6162
[1] 177  36
[1] 6163
[1] 177  70
[1] 6164
[1] 177  41
[1] 6165
[1] 177  80
[1] 6166
[1] 177  75
[1] 6167
[1] 177  52
[1] 6168
[1] 177  44
[1] 6169
[1] 177  23
[1] 6170
[1] 177  22
[1] 6171
[1] 177  41
[1] 6172
[1] 177 405
[1] 6173
[1] 177  76
[1] 6174
[1] 177  29
[1] 6175
[1] 177  49
[1] 6176
[1] 177  93
[1] 6177
[1] 177  94
[1] 6178
[1] 177  45
[1] 6179
[1] 177  54
[1] 6180
[1] 177  64
[1] 6181
[1] 177  58
[1] 6182
[1] 177  49
[1] 6183
[1] 177  82
[1] 6184
[1] 177  28
[1] 6185
[1] 177  42
[1] 6186
[1] 177  46
[1] 6187
[1] 177  50
[1] 6188
[1] 177  92
[1] 6189
[1] 177 101
[1] 6190
[1] 177  52
[1] 6191
[1] 177  89
[1] 6192
[1] 177  31
[1] 6193
[1] 177  35
[1] 6194
[1] 177  42
[1] 6195
[1] 177  62
[1] 6196
[1] 177  46
[1] 6197
[1] 177  59
[1] 6198
[1] 177  35
[1] 6199
[1] 177  34
[1] 6200
[1] 177  74
