[1] 4501
[1] 177  37
[1] 4502
[1] 177  44
[1] 4503
[1] 177  48
[1] 4504
[1] 177  41
[1] 4505
[1] 177 128
[1] 4506
[1] 177  96
[1] 4507
[1] 177  58
[1] 4508
[1] 177  58
[1] 4509
[1] 177  51
[1] 4510
[1] 177  93
[1] 4511
[1] 177  87
[1] 4512
[1] 177  87
[1] 4513
[1] 177  84
[1] 4514
[1] 177  97
[1] 4515
[1] 177  42
[1] 4516
[1] 177  84
[1] 4517
[1] 177  42
[1] 4518
[1] 177  52
[1] 4519
[1] 177  78
[1] 4520
[1] 177  45
[1] 4521
[1] 177  52
[1] 4522
[1] 177  70
[1] 4523
[1] 177  49
[1] 4524
[1] 177  27
[1] 4525
[1] 177  48
[1] 4526
[1] 177  37
[1] 4527
[1] 177  78
[1] 4528
[1] 177  54
[1] 4529
[1] 177  41
[1] 4530
[1] 177  30
[1] 4531
[1] 177  59
[1] 4532
[1] 177  56
[1] 4533
[1] 177  40
[1] 4534
[1] 177  75
[1] 4535
[1] 177  60
[1] 4536
[1] 177  66
[1] 4537
[1] 177  58
[1] 4538
[1] 177  32
[1] 4539
[1] 177  45
[1] 4540
[1] 177  54
[1] 4541
[1] 177  61
[1] 4542
[1] 177  38
[1] 4543
[1] 177  14
[1] 4544
[1] 177  37
[1] 4545
[1] 177  37
[1] 4546
[1] 177  36
[1] 4547
[1] 177  27
[1] 4548
[1] 177  43
[1] 4549
[1] 177  36
[1] 4550
[1] 177  43
[1] 4551
[1] 177  36
[1] 4552
[1] 177  46
[1] 4553
[1] 177  39
[1] 4554
[1] 177  41
[1] 4555
[1] 177  67
[1] 4556
[1] 177  44
[1] 4557
[1] 177  39
[1] 4558
[1] 177  35
[1] 4559
[1] 177  46
[1] 4560
[1] 177  43
[1] 4561
[1] 177  47
[1] 4562
[1] 177  59
[1] 4563
[1] 177  51
[1] 4564
[1] 177  55
[1] 4565
[1] 177  54
[1] 4566
[1] 177  38
[1] 4567
[1] 177  31
[1] 4568
[1] 177  30
[1] 4569
[1] 177  27
[1] 4570
[1] 177  35
[1] 4571
[1] 177  35
[1] 4572
[1] 177  42
[1] 4573
[1] 177  30
[1] 4574
[1] 177  31
[1] 4575
[1] 177  34
[1] 4576
[1] 177  22
[1] 4577
[1] 177  33
[1] 4578
[1] 177  50
[1] 4579
[1] 177  29
[1] 4580
[1] 177  31
[1] 4581
[1] 177  30
[1] 4582
[1] 177  75
[1] 4583
[1] 177  21
[1] 4584
[1] 177  31
[1] 4585
[1] 177  51
[1] 4586
[1] 177  38
[1] 4587
[1] 177  64
[1] 4588
[1] 177  26
[1] 4589
[1] 177  35
[1] 4590
[1] 177  38
[1] 4591
[1] 177  62
[1] 4592
[1] 177  42
[1] 4593
[1] 177  32
[1] 4594
[1] 177  78
[1] 4595
[1] 177  35
[1] 4596
[1] 177  36
[1] 4597
[1] 177  61
[1] 4598
[1] 177  35
[1] 4599
[1] 177  39
[1] 4600
[1] 177  37
