[1] 7301
[1] 177  52
[1] 7302
[1] 177  62
[1] 7303
[1] 177  51
[1] 7304
[1] 177  90
[1] 7305
[1] 177  37
[1] 7306
[1] 177  35
[1] 7307
[1] 177  33
[1] 7308
[1] 177  83
[1] 7309
[1] 177  41
[1] 7310
[1] 177  41
[1] 7311
[1] 177  31
[1] 7312
[1] 177  63
[1] 7313
[1] 177  43
[1] 7314
[1] 177  75
[1] 7315
[1] 177  69
[1] 7316
[1] 177  96
[1] 7317
[1] 177  65
[1] 7318
[1] 177 124
[1] 7319
[1] 177  55
[1] 7320
[1] 177  58
[1] 7321
[1] 177  56
[1] 7322
[1] 177  49
[1] 7323
[1] 177  47
[1] 7324
[1] 177  63
[1] 7325
[1] 177  55
[1] 7326
[1] 177  70
[1] 7327
[1] 177  55
[1] 7328
[1] 177  51
[1] 7329
[1] 177  66
[1] 7330
[1] 177  53
[1] 7331
[1] 177  54
[1] 7332
[1] 177  13
[1] 7333
[1] 177  58
[1] 7334
[1] 177  50
[1] 7335
[1] 177  52
[1] 7336
[1] 177  43
[1] 7337
[1] 177  44
[1] 7338
[1] 177  36
[1] 7339
[1] 177  30
[1] 7340
[1] 177  26
[1] 7341
[1] 177  32
[1] 7342
[1] 177  26
[1] 7343
[1] 177  27
[1] 7344
[1] 177  53
[1] 7345
[1] 177  18
[1] 7346
[1] 177  24
[1] 7347
[1] 177  21
[1] 7348
[1] 177  21
[1] 7349
[1] 177  43
[1] 7350
[1] 177  23
[1] 7351
[1] 177   8
[1] 7352
[1] 177  23
[1] 7353
[1] 177  58
[1] 7354
[1] 177  35
[1] 7355
[1] 177 106
[1] 7356
[1] 177  91
[1] 7357
[1] 177  58
[1] 7358
[1] 177  54
[1] 7359
[1] 177  83
[1] 7360
[1] 177  21
[1] 7361
[1] 177  70
[1] 7362
[1] 177  53
[1] 7363
[1] 177  83
[1] 7364
[1] 177  37
[1] 7365
[1] 177  73
[1] 7366
[1] 177  77
[1] 7367
[1] 177  43
[1] 7368
[1] 177  42
[1] 7369
[1] 177  40
[1] 7370
[1] 177  72
[1] 7371
[1] 177  37
[1] 7372
[1] 177  71
[1] 7373
[1] 177  73
[1] 7374
[1] 177  13
[1] 7375
[1] 177  75
[1] 7376
[1] 177  75
[1] 7377
[1] 177  75
[1] 7378
[1] 177  76
[1] 7379
[1] 177  73
[1] 7380
[1] 177  65
[1] 7381
[1] 177  20
[1] 7382
[1] 177  56
[1] 7383
[1] 177  79
[1] 7384
[1] 177 115
[1] 7385
[1] 177  93
[1] 7386
[1] 177  37
[1] 7387
[1] 177  78
[1] 7388
[1] 177  82
[1] 7389
[1] 177  55
[1] 7390
[1] 177  64
[1] 7391
[1] 177  48
[1] 7392
[1] 177  48
[1] 7393
[1] 177  61
[1] 7394
[1] 177  56
[1] 7395
[1] 177 112
[1] 7396
[1] 177  43
[1] 7397
[1] 177 110
[1] 7398
[1] 177 111
[1] 7399
[1] 177  35
[1] 7400
[1] 177  29
