[1] 2801
[1] 177  42
[1] 2802
[1] 177  42
[1] 2803
[1] 177  29
[1] 2804
[1] 177  44
[1] 2805
[1] 177  36
[1] 2806
[1] 177  40
[1] 2807
[1] 177  48
[1] 2808
[1] 177  31
[1] 2809
[1] 177  40
[1] 2810
[1] 177  48
[1] 2811
[1] 177  24
[1] 2812
[1] 177  97
[1] 2813
[1] 177  17
[1] 2814
[1] 177  54
[1] 2815
[1] 177  27
[1] 2816
[1] 177  49
[1] 2817
[1] 177  52
[1] 2818
[1] 177  19
[1] 2819
[1] 177  46
[1] 2820
[1] 177  20
[1] 2821
[1] 177  18
[1] 2822
[1] 177  34
[1] 2823
[1] 177  18
[1] 2824
[1] 177  30
[1] 2825
[1] 177  25
[1] 2826
[1] 177  61
[1] 2827
[1] 177  69
[1] 2828
[1] 177  48
[1] 2829
[1] 177  40
[1] 2830
[1] 177  21
[1] 2831
[1] 177  45
[1] 2832
[1] 177  63
[1] 2833
[1] 177  42
[1] 2834
[1] 177  35
[1] 2835
[1] 177  75
[1] 2836
[1] 177 105
[1] 2837
[1] 177  70
[1] 2838
[1] 177  43
[1] 2839
[1] 177  41
[1] 2840
[1] 177  38
[1] 2841
[1] 177  43
[1] 2842
[1] 177  57
[1] 2843
[1] 177  17
[1] 2844
[1] 177  16
[1] 2845
[1] 177  27
[1] 2846
[1] 177  41
[1] 2847
[1] 177  42
[1] 2848
[1] 177  13
[1] 2849
[1] 177  14
[1] 2850
[1] 177  64
[1] 2851
[1] 177  42
[1] 2852
[1] 177  43
[1] 2853
[1] 177  37
[1] 2854
[1] 177  15
[1] 2855
[1] 177  74
[1] 2856
[1] 177  17
[1] 2857
[1] 177  30
[1] 2858
[1] 177  17
[1] 2859
[1] 177  44
[1] 2860
[1] 177  48
[1] 2861
[1] 177  56
[1] 2862
[1] 177  36
[1] 2863
[1] 177  26
[1] 2864
[1] 177  59
[1] 2865
[1] 177  69
[1] 2866
[1] 177  93
[1] 2867
[1] 177  71
[1] 2868
[1] 177  36
[1] 2869
[1] 177  38
[1] 2870
[1] 177  49
[1] 2871
[1] 177  41
[1] 2872
[1] 177  66
[1] 2873
[1] 177  36
[1] 2874
[1] 177  34
[1] 2875
[1] 177  20
[1] 2876
[1] 177  24
[1] 2877
[1] 177  18
[1] 2878
[1] 177  38
[1] 2879
[1] 177  53
[1] 2880
[1] 177  13
[1] 2881
[1] 177  45
[1] 2882
[1] 177  20
[1] 2883
[1] 177  38
[1] 2884
[1] 177  21
[1] 2885
[1] 177  47
[1] 2886
[1] 177  57
[1] 2887
[1] 177  36
[1] 2888
[1] 177  31
[1] 2889
[1] 177  34
[1] 2890
[1] 177  36
[1] 2891
[1] 177  50
[1] 2892
[1] 177  41
[1] 2893
[1] 177  41
[1] 2894
[1] 177  43
[1] 2895
[1] 177  23
[1] 2896
[1] 177  25
[1] 2897
[1] 177  24
[1] 2898
[1] 177  25
[1] 2899
[1] 177  25
[1] 2900
[1] 177  45
