[1] 5001
[1] 177  64
[1] 5002
[1] 177  58
[1] 5003
[1] 177  33
[1] 5004
[1] 177  52
[1] 5005
[1] 177 105
[1] 5006
[1] 177  51
[1] 5007
[1] 177  49
[1] 5008
[1] 177  22
[1] 5009
[1] 177  42
[1] 5010
[1] 177  47
[1] 5011
[1] 177  70
[1] 5012
[1] 177  49
[1] 5013
[1] 177  46
[1] 5014
[1] 177  32
[1] 5015
[1] 177  39
[1] 5016
[1] 177  47
[1] 5017
[1] 177  50
[1] 5018
[1] 177  58
[1] 5019
[1] 177  73
[1] 5020
[1] 177  81
[1] 5021
[1] 177  75
[1] 5022
[1] 177  41
[1] 5023
[1] 177  33
[1] 5024
[1] 177  92
[1] 5025
[1] 177  67
[1] 5026
[1] 177  32
[1] 5027
[1] 177  40
[1] 5028
[1] 177  54
[1] 5029
[1] 177  85
[1] 5030
[1] 177  17
[1] 5031
[1] 177  41
[1] 5032
[1] 177  86
[1] 5033
[1] 177  39
[1] 5034
[1] 177  30
[1] 5035
[1] 177  57
[1] 5036
[1] 177  41
[1] 5037
[1] 177  78
[1] 5038
[1] 177  40
[1] 5039
[1] 177  73
[1] 5040
[1] 177  53
[1] 5041
[1] 177  40
[1] 5042
[1] 177  44
[1] 5043
[1] 177  45
[1] 5044
[1] 177  39
[1] 5045
[1] 177  61
[1] 5046
[1] 177  44
[1] 5047
[1] 177  31
[1] 5048
[1] 177  52
[1] 5049
[1] 177  62
[1] 5050
[1] 177  38
[1] 5051
[1] 177  52
[1] 5052
[1] 177  34
[1] 5053
[1] 177  39
[1] 5054
[1] 177  25
[1] 5055
[1] 177  28
[1] 5056
[1] 177  86
[1] 5057
[1] 177  52
[1] 5058
[1] 177  43
[1] 5059
[1] 177 117
[1] 5060
[1] 177  95
[1] 5061
[1] 177  59
[1] 5062
[1] 177  40
[1] 5063
[1] 177  40
[1] 5064
[1] 177  54
[1] 5065
[1] 177  34
[1] 5066
[1] 177  26
[1] 5067
[1] 177  30
[1] 5068
[1] 177  55
[1] 5069
[1] 177  68
[1] 5070
[1] 177  56
[1] 5071
[1] 177  68
[1] 5072
[1] 177  19
[1] 5073
[1] 177  30
[1] 5074
[1] 177  30
[1] 5075
[1] 177  27
[1] 5076
[1] 177  61
[1] 5077
[1] 177  51
[1] 5078
[1] 177  38
[1] 5079
[1] 177  46
[1] 5080
[1] 177  35
[1] 5081
[1] 177  28
[1] 5082
[1] 177  29
[1] 5083
[1] 177  21
[1] 5084
[1] 177  41
[1] 5085
[1] 177  31
[1] 5086
[1] 177  36
[1] 5087
[1] 177  27
[1] 5088
[1] 177  19
[1] 5089
[1] 177  59
[1] 5090
[1] 177  28
[1] 5091
[1] 177  26
[1] 5092
[1] 177  42
[1] 5093
[1] 177  28
[1] 5094
[1] 177  24
[1] 5095
[1] 177  42
[1] 5096
[1] 177  27
[1] 5097
[1] 177  65
[1] 5098
[1] 177  43
[1] 5099
[1] 177  57
[1] 5100
[1] 177  70
