[1] 10001
[1] 177 379
[1] 10002
[1] 177  33
[1] 10003
[1] 177 269
[1] 10004
[1] 177 235
[1] 10005
[1] 177  42
[1] 10006
[1] 177  44
[1] 10007
[1] 177  46
[1] 10008
[1] 177 187
[1] 10009
[1] 177  74
[1] 10010
[1] 177 176
[1] 10011
[1] 177 173
[1] 10012
[1] 177 167
[1] 10013
[1] 177  27
[1] 10014
[1] 177 175
[1] 10015
[1] 177  51
[1] 10016
[1] 177 173
[1] 10017
[1] 177 168
[1] 10018
[1] 177 175
[1] 10019
[1] 177  48
[1] 10020
[1] 177 252
[1] 10021
[1] 177 246
[1] 10022
[1] 177 255
[1] 10023
[1] 177  57
[1] 10024
[1] 177  51
[1] 10025
[1] 177 436
[1] 10026
[1] 177 425
[1] 10027
[1] 177 418
[1] 10028
[1] 177 197
[1] 10029
[1] 177 193
[1] 10030
[1] 177 211
[1] 10031
[1] 177 214
[1] 10032
[1] 177 203
[1] 10033
[1] 177 190
[1] 10034
[1] 177  70
[1] 10035
[1] 177  71
[1] 10036
[1] 177 274
[1] 10037
[1] 177  31
[1] 10038
[1] 177  96
[1] 10039
[1] 177  41
[1] 10040
[1] 177 303
[1] 10041
[1] 177  22
[1] 10042
[1] 177  49
[1] 10043
[1] 177  27
[1] 10044
[1] 177  66
[1] 10045
[1] 177   1
[1] 10046
[1] 177  18
[1] 10047
[1] 177  29
[1] 10048
[1] 177  23
[1] 10049
[1] 177  24
[1] 10050
[1] 177  14
[1] 10051
[1] 177  36
[1] 10052
[1] 177  64
[1] 10053
[1] 177  46
[1] 10054
[1] 177  34
[1] 10055
[1] 177  56
[1] 10056
[1] 177  23
[1] 10057
[1] 177  50
[1] 10058
[1] 177  58
[1] 10059
[1] 177  31
[1] 10060
[1] 177  36
[1] 10061
[1] 177  65
[1] 10062
[1] 177  59
[1] 10063
[1] 177  53
[1] 10064
[1] 177  97
[1] 10065
[1] 177  34
[1] 10066
[1] 177  41
[1] 10067
[1] 177  59
[1] 10068
[1] 177  37
[1] 10069
[1] 177  40
[1] 10070
[1] 177  50
[1] 10071
[1] 177  18
[1] 10072
[1] 177  56
[1] 10073
[1] 177  13
[1] 10074
[1] 177  20
[1] 10075
[1] 177  25
[1] 10076
[1] 177  14
[1] 10077
[1] 177  32
[1] 10078
[1] 177  68
[1] 10079
[1] 177  39
[1] 10080
[1] 177  43
[1] 10081
[1] 177  33
[1] 10082
[1] 177  41
[1] 10083
[1] 177  28
[1] 10084
[1] 177  44
[1] 10085
[1] 177  57
[1] 10086
[1] 177  39
[1] 10087
[1] 177  59
[1] 10088
[1] 177  92
[1] 10089
[1] 177  64
[1] 10090
[1] 177  64
[1] 10091
[1] 177   0
[1] 10092
[1] 177   0
[1] 10093
[1] 177  58
[1] 10094
[1] 177  22
[1] 10095
[1] 177  45
[1] 10096
[1] 177  69
[1] 10097
[1] 177  47
[1] 10098
[1] 177  64
[1] 10099
[1] 177  60
[1] 10100
[1] 177  62
