[1] 3301
[1] 177  39
[1] 3302
[1] 177  26
[1] 3303
[1] 177  51
[1] 3304
[1] 177  32
[1] 3305
[1] 177  69
[1] 3306
[1] 177  49
[1] 3307
[1] 177  68
[1] 3308
[1] 177  19
[1] 3309
[1] 177  42
[1] 3310
[1] 177  37
[1] 3311
[1] 177  65
[1] 3312
[1] 177  57
[1] 3313
[1] 177  49
[1] 3314
[1] 177  51
[1] 3315
[1] 177  49
[1] 3316
[1] 177  40
[1] 3317
[1] 177  45
[1] 3318
[1] 177  61
[1] 3319
[1] 177  58
[1] 3320
[1] 177  42
[1] 3321
[1] 177  39
[1] 3322
[1] 177  43
[1] 3323
[1] 177  42
[1] 3324
[1] 177  44
[1] 3325
[1] 177  49
[1] 3326
[1] 177  57
[1] 3327
[1] 177  66
[1] 3328
[1] 177  30
[1] 3329
[1] 177  45
[1] 3330
[1] 177  30
[1] 3331
[1] 177  33
[1] 3332
[1] 177  46
[1] 3333
[1] 177  60
[1] 3334
[1] 177  74
[1] 3335
[1] 177  60
[1] 3336
[1] 177  81
[1] 3337
[1] 177  55
[1] 3338
[1] 177 104
[1] 3339
[1] 177  55
[1] 3340
[1] 177  28
[1] 3341
[1] 177 113
[1] 3342
[1] 177  41
[1] 3343
[1] 177  33
[1] 3344
[1] 177  63
[1] 3345
[1] 177  29
[1] 3346
[1] 177  24
[1] 3347
[1] 177  45
[1] 3348
[1] 177  16
[1] 3349
[1] 177  39
[1] 3350
[1] 177  54
[1] 3351
[1] 177  52
[1] 3352
[1] 177  62
[1] 3353
[1] 177  53
[1] 3354
[1] 177  53
[1] 3355
[1] 177  46
[1] 3356
[1] 177  35
[1] 3357
[1] 177  47
[1] 3358
[1] 177 100
[1] 3359
[1] 177  54
[1] 3360
[1] 177  71
[1] 3361
[1] 177  27
[1] 3362
[1] 177  26
[1] 3363
[1] 177  78
[1] 3364
[1] 177  64
[1] 3365
[1] 177  35
[1] 3366
[1] 177  25
[1] 3367
[1] 177  33
[1] 3368
[1] 177  62
[1] 3369
[1] 177  23
[1] 3370
[1] 177  40
[1] 3371
[1] 177  37
[1] 3372
[1] 177  26
[1] 3373
[1] 177  43
[1] 3374
[1] 177  26
[1] 3375
[1] 177  30
[1] 3376
[1] 177  21
[1] 3377
[1] 177  30
[1] 3378
[1] 177  26
[1] 3379
[1] 177  49
[1] 3380
[1] 177  42
[1] 3381
[1] 177  34
[1] 3382
[1] 177  62
[1] 3383
[1] 177  69
[1] 3384
[1] 177  43
[1] 3385
[1] 177  60
[1] 3386
[1] 177  64
[1] 3387
[1] 177  27
[1] 3388
[1] 177  53
[1] 3389
[1] 177  47
[1] 3390
[1] 177  35
[1] 3391
[1] 177  51
[1] 3392
[1] 177  59
[1] 3393
[1] 177  86
[1] 3394
[1] 177  76
[1] 3395
[1] 177  48
[1] 3396
[1] 177  46
[1] 3397
[1] 177  47
[1] 3398
[1] 177  91
[1] 3399
[1] 177  15
[1] 3400
[1] 177  63
