[1] 4001
[1] 177  46
[1] 4002
[1] 177 132
[1] 4003
[1] 177  94
[1] 4004
[1] 177  60
[1] 4005
[1] 177  67
[1] 4006
[1] 177  63
[1] 4007
[1] 177  27
[1] 4008
[1] 177 108
[1] 4009
[1] 177  35
[1] 4010
[1] 177  49
[1] 4011
[1] 177  47
[1] 4012
[1] 177  96
[1] 4013
[1] 177  14
[1] 4014
[1] 177  57
[1] 4015
[1] 177  71
[1] 4016
[1] 177 118
[1] 4017
[1] 177  63
[1] 4018
[1] 177  63
[1] 4019
[1] 177  47
[1] 4020
[1] 177  11
[1] 4021
[1] 177  95
[1] 4022
[1] 177  53
[1] 4023
[1] 177  15
[1] 4024
[1] 177  37
[1] 4025
[1] 177  63
[1] 4026
[1] 177  67
[1] 4027
[1] 177  62
[1] 4028
[1] 177  46
[1] 4029
[1] 177  56
[1] 4030
[1] 177  29
[1] 4031
[1] 177  61
[1] 4032
[1] 177  91
[1] 4033
[1] 177  42
[1] 4034
[1] 177  56
[1] 4035
[1] 177  50
[1] 4036
[1] 177  85
[1] 4037
[1] 177  49
[1] 4038
[1] 177  98
[1] 4039
[1] 177  63
[1] 4040
[1] 177  43
[1] 4041
[1] 177  55
[1] 4042
[1] 177  42
[1] 4043
[1] 177  50
[1] 4044
[1] 177  42
[1] 4045
[1] 177  43
[1] 4046
[1] 177  59
[1] 4047
[1] 177  69
[1] 4048
[1] 177  54
[1] 4049
[1] 177  49
[1] 4050
[1] 177  51
[1] 4051
[1] 177  48
[1] 4052
[1] 177  48
[1] 4053
[1] 177  52
[1] 4054
[1] 177  38
[1] 4055
[1] 177  61
[1] 4056
[1] 177  55
[1] 4057
[1] 177  82
[1] 4058
[1] 177  73
[1] 4059
[1] 177  69
[1] 4060
[1] 177  74
[1] 4061
[1] 177  13
[1] 4062
[1] 177  75
[1] 4063
[1] 177  65
[1] 4064
[1] 177  75
[1] 4065
[1] 177  75
[1] 4066
[1] 177  68
[1] 4067
[1] 177  76
[1] 4068
[1] 177  71
[1] 4069
[1] 177  71
[1] 4070
[1] 177  83
[1] 4071
[1] 177  79
[1] 4072
[1] 177  52
[1] 4073
[1] 177  63
[1] 4074
[1] 177  70
[1] 4075
[1] 177  41
[1] 4076
[1] 177  79
[1] 4077
[1] 177  98
[1] 4078
[1] 177  18
[1] 4079
[1] 177  61
[1] 4080
[1] 177  58
[1] 4081
[1] 177  74
[1] 4082
[1] 177  84
[1] 4083
[1] 177  59
[1] 4084
[1] 177  60
[1] 4085
[1] 177  63
[1] 4086
[1] 177  66
[1] 4087
[1] 177  67
[1] 4088
[1] 177  56
[1] 4089
[1] 177  70
[1] 4090
[1] 177  44
[1] 4091
[1] 177  95
[1] 4092
[1] 177  60
[1] 4093
[1] 177  50
[1] 4094
[1] 177  45
[1] 4095
[1] 177 105
[1] 4096
[1] 177  59
[1] 4097
[1] 177  58
[1] 4098
[1] 177  56
[1] 4099
[1] 177  13
[1] 4100
[1] 177  65
