[1] 3601
[1] 177  61
[1] 3602
[1] 177  60
[1] 3603
[1] 177  65
[1] 3604
[1] 177  46
[1] 3605
[1] 177  50
[1] 3606
[1] 177  49
[1] 3607
[1] 177  34
[1] 3608
[1] 177  38
[1] 3609
[1] 177  63
[1] 3610
[1] 177  45
[1] 3611
[1] 177  47
[1] 3612
[1] 177  37
[1] 3613
[1] 177  57
[1] 3614
[1] 177  63
[1] 3615
[1] 177  58
[1] 3616
[1] 177  44
[1] 3617
[1] 177  44
[1] 3618
[1] 177  44
[1] 3619
[1] 177  65
[1] 3620
[1] 177  61
[1] 3621
[1] 177  83
[1] 3622
[1] 177  45
[1] 3623
[1] 177  42
[1] 3624
[1] 177  52
[1] 3625
[1] 177  55
[1] 3626
[1] 177  78
[1] 3627
[1] 177  73
[1] 3628
[1] 177  76
[1] 3629
[1] 177  71
[1] 3630
[1] 177  38
[1] 3631
[1] 177  69
[1] 3632
[1] 177  58
[1] 3633
[1] 177  59
[1] 3634
[1] 177  33
[1] 3635
[1] 177  57
[1] 3636
[1] 177  78
[1] 3637
[1] 177  38
[1] 3638
[1] 177  68
[1] 3639
[1] 177  67
[1] 3640
[1] 177  60
[1] 3641
[1] 177  73
[1] 3642
[1] 177  49
[1] 3643
[1] 177  51
[1] 3644
[1] 177  59
[1] 3645
[1] 177  83
[1] 3646
[1] 177  92
[1] 3647
[1] 177  32
[1] 3648
[1] 177  34
[1] 3649
[1] 177  72
[1] 3650
[1] 177  43
[1] 3651
[1] 177  30
[1] 3652
[1] 177  58
[1] 3653
[1] 177  30
[1] 3654
[1] 177  70
[1] 3655
[1] 177  47
[1] 3656
[1] 177  67
[1] 3657
[1] 177  58
[1] 3658
[1] 177  61
[1] 3659
[1] 177  34
[1] 3660
[1] 177  35
[1] 3661
[1] 177  50
[1] 3662
[1] 177  28
[1] 3663
[1] 177  57
[1] 3664
[1] 177  34
[1] 3665
[1] 177  43
[1] 3666
[1] 177  58
[1] 3667
[1] 177  30
[1] 3668
[1] 177  30
[1] 3669
[1] 177  59
[1] 3670
[1] 177  48
[1] 3671
[1] 177  58
[1] 3672
[1] 177  77
[1] 3673
[1] 177  60
[1] 3674
[1] 177  61
[1] 3675
[1] 177  44
[1] 3676
[1] 177  37
[1] 3677
[1] 177  48
[1] 3678
[1] 177  53
[1] 3679
[1] 177  59
[1] 3680
[1] 177  79
[1] 3681
[1] 177  73
[1] 3682
[1] 177  28
[1] 3683
[1] 177  39
[1] 3684
[1] 177  57
[1] 3685
[1] 177  54
[1] 3686
[1] 177  55
[1] 3687
[1] 177  57
[1] 3688
[1] 177  46
[1] 3689
[1] 177  16
[1] 3690
[1] 177  52
[1] 3691
[1] 177  66
[1] 3692
[1] 177  90
[1] 3693
[1] 177  49
[1] 3694
[1] 177  37
[1] 3695
[1] 177 132
[1] 3696
[1] 177  56
[1] 3697
[1] 177  61
[1] 3698
[1] 177  35
[1] 3699
[1] 177  62
[1] 3700
[1] 177  41
