[1] 501
[1] 177  51
[1] 502
[1] 177  78
[1] 503
[1] 177  30
[1] 504
[1] 177  82
[1] 505
[1] 177  62
[1] 506
[1] 177  61
[1] 507
[1] 177 102
[1] 508
[1] 177  28
[1] 509
[1] 177  20
[1] 510
[1] 177  40
[1] 511
[1] 177  14
[1] 512
[1] 177  61
[1] 513
[1] 177  50
[1] 514
[1] 177  33
[1] 515
[1] 177  34
[1] 516
[1] 177  36
[1] 517
[1] 177  59
[1] 518
[1] 177  72
[1] 519
[1] 177  54
[1] 520
[1] 177  51
[1] 521
[1] 177  84
[1] 522
[1] 177  43
[1] 523
[1] 177  46
[1] 524
[1] 177  55
[1] 525
[1] 177  59
[1] 526
[1] 177  57
[1] 527
[1] 177  45
[1] 528
[1] 177  68
[1] 529
[1] 177  38
[1] 530
[1] 177  67
[1] 531
[1] 177  23
[1] 532
[1] 177  52
[1] 533
[1] 177  43
[1] 534
[1] 177  48
[1] 535
[1] 177  33
[1] 536
[1] 177  82
[1] 537
[1] 177  39
[1] 538
[1] 177  77
[1] 539
[1] 177  62
[1] 540
[1] 177  67
[1] 541
[1] 177  30
[1] 542
[1] 177  34
[1] 543
[1] 177  77
[1] 544
[1] 177  64
[1] 545
[1] 177  45
[1] 546
[1] 177  45
[1] 547
[1] 177  34
[1] 548
[1] 177  51
[1] 549
[1] 177  32
[1] 550
[1] 177  31
[1] 551
[1] 177  42
[1] 552
[1] 177  57
[1] 553
[1] 177  54
[1] 554
[1] 177  29
[1] 555
[1] 177   4
[1] 556
[1] 177  55
[1] 557
[1] 177  64
[1] 558
[1] 177  75
[1] 559
[1] 177  66
[1] 560
[1] 177  74
[1] 561
[1] 177  58
[1] 562
[1] 177  72
[1] 563
[1] 177  78
[1] 564
[1] 177  46
[1] 565
[1] 177  80
[1] 566
[1] 177  76
[1] 567
[1] 177  65
[1] 568
[1] 177  57
[1] 569
[1] 177  70
[1] 570
[1] 177  52
[1] 571
[1] 177  50
[1] 572
[1] 177  56
[1] 573
[1] 177  50
[1] 574
[1] 177  53
[1] 575
[1] 177  51
[1] 576
[1] 177  56
[1] 577
[1] 177  28
[1] 578
[1] 177  32
[1] 579
[1] 177  36
[1] 580
[1] 177  56
[1] 581
[1] 177  40
[1] 582
[1] 177  47
[1] 583
[1] 177  62
[1] 584
[1] 177  71
[1] 585
[1] 177  71
[1] 586
[1] 177  63
[1] 587
[1] 177  39
[1] 588
[1] 177  75
[1] 589
[1] 177  27
[1] 590
[1] 177  62
[1] 591
[1] 177  31
[1] 592
[1] 177  41
[1] 593
[1] 177  76
[1] 594
[1] 177  38
[1] 595
[1] 177  65
[1] 596
[1] 177  63
[1] 597
[1] 177  39
[1] 598
[1] 177  49
[1] 599
[1] 177  62
[1] 600
[1] 177  80
