[1] 1201
[1] 177  44
[1] 1202
[1] 177  82
[1] 1203
[1] 177  40
[1] 1204
[1] 177  48
[1] 1205
[1] 177  60
[1] 1206
[1] 177  44
[1] 1207
[1] 177  83
[1] 1208
[1] 177  36
[1] 1209
[1] 177  29
[1] 1210
[1] 177  32
[1] 1211
[1] 177  31
[1] 1212
[1] 177 131
[1] 1213
[1] 177  84
[1] 1214
[1] 177  45
[1] 1215
[1] 177  18
[1] 1216
[1] 177  13
[1] 1217
[1] 177  40
[1] 1218
[1] 177  78
[1] 1219
[1] 177  36
[1] 1220
[1] 177  71
[1] 1221
[1] 177  37
[1] 1222
[1] 177  26
[1] 1223
[1] 177  36
[1] 1224
[1] 177  51
[1] 1225
[1] 177  51
[1] 1226
[1] 177  80
[1] 1227
[1] 177  41
[1] 1228
[1] 177  43
[1] 1229
[1] 177  60
[1] 1230
[1] 177  40
[1] 1231
[1] 177  81
[1] 1232
[1] 177  60
[1] 1233
[1] 177  50
[1] 1234
[1] 177  26
[1] 1235
[1] 177  30
[1] 1236
[1] 177  55
[1] 1237
[1] 177  55
[1] 1238
[1] 177  16
[1] 1239
[1] 177  20
[1] 1240
[1] 177  27
[1] 1241
[1] 177  24
[1] 1242
[1] 177  22
[1] 1243
[1] 177  47
[1] 1244
[1] 177  47
[1] 1245
[1] 177  78
[1] 1246
[1] 177  50
[1] 1247
[1] 177  36
[1] 1248
[1] 177  30
[1] 1249
[1] 177  75
[1] 1250
[1] 177  89
[1] 1251
[1] 177  46
[1] 1252
[1] 177  66
[1] 1253
[1] 177  73
[1] 1254
[1] 177  16
[1] 1255
[1] 177  52
[1] 1256
[1] 177  38
[1] 1257
[1] 177  75
[1] 1258
[1] 177  61
[1] 1259
[1] 177  73
[1] 1260
[1] 177  16
[1] 1261
[1] 177  10
[1] 1262
[1] 177  57
[1] 1263
[1] 177  53
[1] 1264
[1] 177  46
[1] 1265
[1] 177  55
[1] 1266
[1] 177  54
[1] 1267
[1] 177  51
[1] 1268
[1] 177  37
[1] 1269
[1] 177  50
[1] 1270
[1] 177  40
[1] 1271
[1] 177  38
[1] 1272
[1] 177  53
[1] 1273
[1] 177  46
[1] 1274
[1] 177  66
[1] 1275
[1] 177  39
[1] 1276
[1] 177  62
[1] 1277
[1] 177  71
[1] 1278
[1] 177  67
[1] 1279
[1] 177  77
[1] 1280
[1] 177  57
[1] 1281
[1] 177  42
[1] 1282
[1] 177  92
[1] 1283
[1] 177  64
[1] 1284
[1] 177  10
[1] 1285
[1] 177  41
[1] 1286
[1] 177  74
[1] 1287
[1] 177  94
[1] 1288
[1] 177  34
[1] 1289
[1] 177  45
[1] 1290
[1] 177  48
[1] 1291
[1] 177  45
[1] 1292
[1] 177  65
[1] 1293
[1] 177  69
[1] 1294
[1] 177 116
[1] 1295
[1] 177  65
[1] 1296
[1] 177  48
[1] 1297
[1] 177  38
[1] 1298
[1] 177  35
[1] 1299
[1] 177  40
[1] 1300
[1] 177  60
