[1] 5201
[1] 177  59
[1] 5202
[1] 177  52
[1] 5203
[1] 177  63
[1] 5204
[1] 177  63
[1] 5205
[1] 177  27
[1] 5206
[1] 177  46
[1] 5207
[1] 177  51
[1] 5208
[1] 177  59
[1] 5209
[1] 177  70
[1] 5210
[1] 177  38
[1] 5211
[1] 177  46
[1] 5212
[1] 177  26
[1] 5213
[1] 177  40
[1] 5214
[1] 177  39
[1] 5215
[1] 177  25
[1] 5216
[1] 177  72
[1] 5217
[1] 177  28
[1] 5218
[1] 177  16
[1] 5219
[1] 177  13
[1] 5220
[1] 177  12
[1] 5221
[1] 177  30
[1] 5222
[1] 177  24
[1] 5223
[1] 177  39
[1] 5224
[1] 177  45
[1] 5225
[1] 177  36
[1] 5226
[1] 177  43
[1] 5227
[1] 177  65
[1] 5228
[1] 177  79
[1] 5229
[1] 177  35
[1] 5230
[1] 177  77
[1] 5231
[1] 177  47
[1] 5232
[1] 177  42
[1] 5233
[1] 177  43
[1] 5234
[1] 177  28
[1] 5235
[1] 177  76
[1] 5236
[1] 177  33
[1] 5237
[1] 177  32
[1] 5238
[1] 177  54
[1] 5239
[1] 177  28
[1] 5240
[1] 177  55
[1] 5241
[1] 177  42
[1] 5242
[1] 177  37
[1] 5243
[1] 177  31
[1] 5244
[1] 177  57
[1] 5245
[1] 177  77
[1] 5246
[1] 177  43
[1] 5247
[1] 177  49
[1] 5248
[1] 177  36
[1] 5249
[1] 177  38
[1] 5250
[1] 177  14
[1] 5251
[1] 177  78
[1] 5252
[1] 177  42
[1] 5253
[1] 177  37
[1] 5254
[1] 177  69
[1] 5255
[1] 177  39
[1] 5256
[1] 177  60
[1] 5257
[1] 177  59
[1] 5258
[1] 177  70
[1] 5259
[1] 177  65
[1] 5260
[1] 177  63
[1] 5261
[1] 177  79
[1] 5262
[1] 177  58
[1] 5263
[1] 177  84
[1] 5264
[1] 177  40
[1] 5265
[1] 177  47
[1] 5266
[1] 177  42
[1] 5267
[1] 177  62
[1] 5268
[1] 177  81
[1] 5269
[1] 177  45
[1] 5270
[1] 177  42
[1] 5271
[1] 177  80
[1] 5272
[1] 177  61
[1] 5273
[1] 177  49
[1] 5274
[1] 177 122
[1] 5275
[1] 177  63
[1] 5276
[1] 177  44
[1] 5277
[1] 177  58
[1] 5278
[1] 177  60
[1] 5279
[1] 177  64
[1] 5280
[1] 177  87
[1] 5281
[1] 177  44
[1] 5282
[1] 177  51
[1] 5283
[1] 177  54
[1] 5284
[1] 177  62
[1] 5285
[1] 177  67
[1] 5286
[1] 177  76
[1] 5287
[1] 177  43
[1] 5288
[1] 177  44
[1] 5289
[1] 177  24
[1] 5290
[1] 177  39
[1] 5291
[1] 177  45
[1] 5292
[1] 177  45
[1] 5293
[1] 177  43
[1] 5294
[1] 177  24
[1] 5295
[1] 177  45
[1] 5296
[1] 177  44
[1] 5297
[1] 177  31
[1] 5298
[1] 177  65
[1] 5299
[1] 177  59
[1] 5300
[1] 177  69
