[1] 7201
[1] 177  39
[1] 7202
[1] 177  47
[1] 7203
[1] 177  91
[1] 7204
[1] 177  42
[1] 7205
[1] 177 122
[1] 7206
[1] 177  32
[1] 7207
[1] 177  48
[1] 7208
[1] 177  63
[1] 7209
[1] 177  99
[1] 7210
[1] 177  12
[1] 7211
[1] 177  70
[1] 7212
[1] 177  42
[1] 7213
[1] 177  45
[1] 7214
[1] 177  41
[1] 7215
[1] 177  45
[1] 7216
[1] 177  69
[1] 7217
[1] 177  40
[1] 7218
[1] 177  64
[1] 7219
[1] 177  42
[1] 7220
[1] 177  40
[1] 7221
[1] 177  47
[1] 7222
[1] 177  29
[1] 7223
[1] 177  41
[1] 7224
[1] 177  27
[1] 7225
[1] 177  56
[1] 7226
[1] 177  63
[1] 7227
[1] 177  47
[1] 7228
[1] 177  40
[1] 7229
[1] 177  44
[1] 7230
[1] 177  29
[1] 7231
[1] 177  26
[1] 7232
[1] 177  25
[1] 7233
[1] 177  38
[1] 7234
[1] 177  51
[1] 7235
[1] 177  82
[1] 7236
[1] 177  31
[1] 7237
[1] 177  52
[1] 7238
[1] 177  48
[1] 7239
[1] 177  56
[1] 7240
[1] 177  30
[1] 7241
[1] 177  46
[1] 7242
[1] 177  36
[1] 7243
[1] 177  63
[1] 7244
[1] 177  37
[1] 7245
[1] 177  59
[1] 7246
[1] 177  20
[1] 7247
[1] 177  74
[1] 7248
[1] 177  38
[1] 7249
[1] 177  70
[1] 7250
[1] 177  54
[1] 7251
[1] 177  49
[1] 7252
[1] 177  33
[1] 7253
[1] 177  37
[1] 7254
[1] 177  35
[1] 7255
[1] 177  34
[1] 7256
[1] 177  46
[1] 7257
[1] 177  40
[1] 7258
[1] 177  45
[1] 7259
[1] 177  75
[1] 7260
[1] 177  33
[1] 7261
[1] 177  40
[1] 7262
[1] 177  23
[1] 7263
[1] 177  57
[1] 7264
[1] 177  53
[1] 7265
[1] 177  47
[1] 7266
[1] 177  52
[1] 7267
[1] 177  66
[1] 7268
[1] 177  87
[1] 7269
[1] 177  37
[1] 7270
[1] 177  36
[1] 7271
[1] 177  51
[1] 7272
[1] 177  58
[1] 7273
[1] 177  48
[1] 7274
[1] 177  47
[1] 7275
[1] 177  56
[1] 7276
[1] 177  62
[1] 7277
[1] 177  60
[1] 7278
[1] 177  61
[1] 7279
[1] 177  49
[1] 7280
[1] 177  57
[1] 7281
[1] 177  61
[1] 7282
[1] 177  57
[1] 7283
[1] 177  34
[1] 7284
[1] 177  55
[1] 7285
[1] 177  40
[1] 7286
[1] 177  49
[1] 7287
[1] 177  77
[1] 7288
[1] 177 113
[1] 7289
[1] 177  67
[1] 7290
[1] 177  69
[1] 7291
[1] 177  59
[1] 7292
[1] 177  36
[1] 7293
[1] 177  59
[1] 7294
[1] 177  33
[1] 7295
[1] 177  90
[1] 7296
[1] 177  59
[1] 7297
[1] 177  69
[1] 7298
[1] 177  72
[1] 7299
[1] 177  31
[1] 7300
[1] 177  56
