[1] 1801
[1] 177 114
[1] 1802
[1] 177  65
[1] 1803
[1] 177  51
[1] 1804
[1] 177  50
[1] 1805
[1] 177  76
[1] 1806
[1] 177  46
[1] 1807
[1] 177  93
[1] 1808
[1] 177  62
[1] 1809
[1] 177 114
[1] 1810
[1] 177  71
[1] 1811
[1] 177  60
[1] 1812
[1] 177  61
[1] 1813
[1] 177  70
[1] 1814
[1] 177  61
[1] 1815
[1] 177  69
[1] 1816
[1] 177  59
[1] 1817
[1] 177  75
[1] 1818
[1] 177  77
[1] 1819
[1] 177  38
[1] 1820
[1] 177  19
[1] 1821
[1] 177  65
[1] 1822
[1] 177  76
[1] 1823
[1] 177  56
[1] 1824
[1] 177  53
[1] 1825
[1] 177  48
[1] 1826
[1] 177  30
[1] 1827
[1] 177  34
[1] 1828
[1] 177  43
[1] 1829
[1] 177  34
[1] 1830
[1] 177 106
[1] 1831
[1] 177  37
[1] 1832
[1] 177  37
[1] 1833
[1] 177   9
[1] 1834
[1] 177  52
[1] 1835
[1] 177  56
[1] 1836
[1] 177  30
[1] 1837
[1] 177  16
[1] 1838
[1] 177  39
[1] 1839
[1] 177  60
[1] 1840
[1] 177  25
[1] 1841
[1] 177  26
[1] 1842
[1] 177  27
[1] 1843
[1] 177  35
[1] 1844
[1] 177  37
[1] 1845
[1] 177  13
[1] 1846
[1] 177  65
[1] 1847
[1] 177  61
[1] 1848
[1] 177  74
[1] 1849
[1] 177  14
[1] 1850
[1] 177  51
[1] 1851
[1] 177  52
[1] 1852
[1] 177  59
[1] 1853
[1] 177  31
[1] 1854
[1] 177  43
[1] 1855
[1] 177  13
[1] 1856
[1] 177  33
[1] 1857
[1] 177  36
[1] 1858
[1] 177  36
[1] 1859
[1] 177  59
[1] 1860
[1] 177  37
[1] 1861
[1] 177  37
[1] 1862
[1] 177  62
[1] 1863
[1] 177  88
[1] 1864
[1] 177  46
[1] 1865
[1] 177  61
[1] 1866
[1] 177  41
[1] 1867
[1] 177  47
[1] 1868
[1] 177  85
[1] 1869
[1] 177  59
[1] 1870
[1] 177  28
[1] 1871
[1] 177  43
[1] 1872
[1] 177  30
[1] 1873
[1] 177  52
[1] 1874
[1] 177  48
[1] 1875
[1] 177  59
[1] 1876
[1] 177  50
[1] 1877
[1] 177  26
[1] 1878
[1] 177  41
[1] 1879
[1] 177   8
[1] 1880
[1] 177   9
[1] 1881
[1] 177  21
[1] 1882
[1] 177  34
[1] 1883
[1] 177  36
[1] 1884
[1] 177  27
[1] 1885
[1] 177  13
[1] 1886
[1] 177 122
[1] 1887
[1] 177  12
[1] 1888
[1] 177  82
[1] 1889
[1] 177  20
[1] 1890
[1] 177  74
[1] 1891
[1] 177  35
[1] 1892
[1] 177  20
[1] 1893
[1] 177  47
[1] 1894
[1] 177  40
[1] 1895
[1] 177  45
[1] 1896
[1] 177  42
[1] 1897
[1] 177  79
[1] 1898
[1] 177  40
[1] 1899
[1] 177  33
[1] 1900
[1] 177  49
