[1] 2001
[1] 177  74
[1] 2002
[1] 177  49
[1] 2003
[1] 177  55
[1] 2004
[1] 177  44
[1] 2005
[1] 177  61
[1] 2006
[1] 177  47
[1] 2007
[1] 177  53
[1] 2008
[1] 177  48
[1] 2009
[1] 177  46
[1] 2010
[1] 177  28
[1] 2011
[1] 177  38
[1] 2012
[1] 177  44
[1] 2013
[1] 177  48
[1] 2014
[1] 177  55
[1] 2015
[1] 177  56
[1] 2016
[1] 177  31
[1] 2017
[1] 177  56
[1] 2018
[1] 177  31
[1] 2019
[1] 177  41
[1] 2020
[1] 177  66
[1] 2021
[1] 177  37
[1] 2022
[1] 177  53
[1] 2023
[1] 177  65
[1] 2024
[1] 177  47
[1] 2025
[1] 177  66
[1] 2026
[1] 177  28
[1] 2027
[1] 177  49
[1] 2028
[1] 177  62
[1] 2029
[1] 177  27
[1] 2030
[1] 177  47
[1] 2031
[1] 177  44
[1] 2032
[1] 177  57
[1] 2033
[1] 177  54
[1] 2034
[1] 177  50
[1] 2035
[1] 177  23
[1] 2036
[1] 177  53
[1] 2037
[1] 177  68
[1] 2038
[1] 177  71
[1] 2039
[1] 177  61
[1] 2040
[1] 177  58
[1] 2041
[1] 177  40
[1] 2042
[1] 177  15
[1] 2043
[1] 177  31
[1] 2044
[1] 177  77
[1] 2045
[1] 177  10
[1] 2046
[1] 177  67
[1] 2047
[1] 177  75
[1] 2048
[1] 177  73
[1] 2049
[1] 177  81
[1] 2050
[1] 177  76
[1] 2051
[1] 177  80
[1] 2052
[1] 177  81
[1] 2053
[1] 177  61
[1] 2054
[1] 177  74
[1] 2055
[1] 177  58
[1] 2056
[1] 177  42
[1] 2057
[1] 177  78
[1] 2058
[1] 177  81
[1] 2059
[1] 177  43
[1] 2060
[1] 177  76
[1] 2061
[1] 177  68
[1] 2062
[1] 177  30
[1] 2063
[1] 177  30
[1] 2064
[1] 177  25
[1] 2065
[1] 177  22
[1] 2066
[1] 177  24
[1] 2067
[1] 177  59
[1] 2068
[1] 177  58
[1] 2069
[1] 177  56
[1] 2070
[1] 177  77
[1] 2071
[1] 177  74
[1] 2072
[1] 177  55
[1] 2073
[1] 177  65
[1] 2074
[1] 177  47
[1] 2075
[1] 177  39
[1] 2076
[1] 177  40
[1] 2077
[1] 177  38
[1] 2078
[1] 177  69
[1] 2079
[1] 177  71
[1] 2080
[1] 177  46
[1] 2081
[1] 177  81
[1] 2082
[1] 177  79
[1] 2083
[1] 177  46
[1] 2084
[1] 177  45
[1] 2085
[1] 177  27
[1] 2086
[1] 177  73
[1] 2087
[1] 177  42
[1] 2088
[1] 177  38
[1] 2089
[1] 177   9
[1] 2090
[1] 177  38
[1] 2091
[1] 177  12
[1] 2092
[1] 177  70
[1] 2093
[1] 177  36
[1] 2094
[1] 177  57
[1] 2095
[1] 177  65
[1] 2096
[1] 177  79
[1] 2097
[1] 177  49
[1] 2098
[1] 177  45
[1] 2099
[1] 177  22
[1] 2100
[1] 177  32
