[1] 101
[1] 177  60
[1] 102
[1] 177  63
[1] 103
[1] 177  30
[1] 104
[1] 177  48
[1] 105
[1] 177  62
[1] 106
[1] 177  49
[1] 107
[1] 177  70
[1] 108
[1] 177  26
[1] 109
[1] 177  43
[1] 110
[1] 177  73
[1] 111
[1] 177  61
[1] 112
[1] 177  37
[1] 113
[1] 177  44
[1] 114
[1] 177  63
[1] 115
[1] 177  30
[1] 116
[1] 177  74
[1] 117
[1] 177  27
[1] 118
[1] 177  29
[1] 119
[1] 177  64
[1] 120
[1] 177  24
[1] 121
[1] 177  39
[1] 122
[1] 177  51
[1] 123
[1] 177  66
[1] 124
[1] 177  48
[1] 125
[1] 177  63
[1] 126
[1] 177  73
[1] 127
[1] 177  41
[1] 128
[1] 177 100
[1] 129
[1] 177  58
[1] 130
[1] 177  61
[1] 131
[1] 177  44
[1] 132
[1] 177  69
[1] 133
[1] 177  45
[1] 134
[1] 177  36
[1] 135
[1] 177  34
[1] 136
[1] 177  22
[1] 137
[1] 177  64
[1] 138
[1] 177  45
[1] 139
[1] 177  19
[1] 140
[1] 177  71
[1] 141
[1] 177  38
[1] 142
[1] 177  34
[1] 143
[1] 177  54
[1] 144
[1] 177  41
[1] 145
[1] 177  56
[1] 146
[1] 177  74
[1] 147
[1] 177  35
[1] 148
[1] 177  20
[1] 149
[1] 177  73
[1] 150
[1] 177  71
[1] 151
[1] 177  58
[1] 152
[1] 177  62
[1] 153
[1] 177  22
[1] 154
[1] 177  26
[1] 155
[1] 177  45
[1] 156
[1] 177  52
[1] 157
[1] 177  76
[1] 158
[1] 177  54
[1] 159
[1] 177  33
[1] 160
[1] 177  30
[1] 161
[1] 177  68
[1] 162
[1] 177  28
[1] 163
[1] 177  32
[1] 164
[1] 177  84
[1] 165
[1] 177  46
[1] 166
[1] 177  63
[1] 167
[1] 177  48
[1] 168
[1] 177  33
[1] 169
[1] 177  65
[1] 170
[1] 177  39
[1] 171
[1] 177  41
[1] 172
[1] 177  38
[1] 173
[1] 177  17
[1] 174
[1] 177  77
[1] 175
[1] 177  49
[1] 176
[1] 177  69
[1] 177
[1] 177  63
[1] 178
[1] 177  68
[1] 179
[1] 177  73
[1] 180
[1] 177  69
[1] 181
[1] 177  22
[1] 182
[1] 177  60
[1] 183
[1] 177  61
[1] 184
[1] 177  49
[1] 185
[1] 177  33
[1] 186
[1] 177  47
[1] 187
[1] 177  25
[1] 188
[1] 177  64
[1] 189
[1] 177  44
[1] 190
[1] 177  63
[1] 191
[1] 177  42
[1] 192
[1] 177  42
[1] 193
[1] 177  54
[1] 194
[1] 177  68
[1] 195
[1] 177  37
[1] 196
[1] 177  52
[1] 197
[1] 177  75
[1] 198
[1] 177  29
[1] 199
[1] 177  27
[1] 200
[1] 177  66
