[1] 3801
[1] 177  67
[1] 3802
[1] 177  26
[1] 3803
[1] 177  44
[1] 3804
[1] 177  62
[1] 3805
[1] 177  39
[1] 3806
[1] 177  55
[1] 3807
[1] 177  49
[1] 3808
[1] 177  48
[1] 3809
[1] 177  50
[1] 3810
[1] 177  48
[1] 3811
[1] 177  49
[1] 3812
[1] 177  47
[1] 3813
[1] 177  17
[1] 3814
[1] 177  26
[1] 3815
[1] 177  21
[1] 3816
[1] 177  52
[1] 3817
[1] 177  43
[1] 3818
[1] 177  20
[1] 3819
[1] 177  21
[1] 3820
[1] 177  12
[1] 3821
[1] 177  62
[1] 3822
[1] 177  53
[1] 3823
[1] 177  32
[1] 3824
[1] 177  45
[1] 3825
[1] 177  63
[1] 3826
[1] 177  38
[1] 3827
[1] 177  45
[1] 3828
[1] 177  39
[1] 3829
[1] 177  39
[1] 3830
[1] 177  22
[1] 3831
[1] 177  48
[1] 3832
[1] 177  25
[1] 3833
[1] 177  52
[1] 3834
[1] 177  52
[1] 3835
[1] 177  58
[1] 3836
[1] 177  50
[1] 3837
[1] 177  50
[1] 3838
[1] 177  35
[1] 3839
[1] 177  28
[1] 3840
[1] 177  45
[1] 3841
[1] 177  37
[1] 3842
[1] 177  27
[1] 3843
[1] 177  64
[1] 3844
[1] 177  76
[1] 3845
[1] 177  59
[1] 3846
[1] 177  44
[1] 3847
[1] 177  60
[1] 3848
[1] 177  70
[1] 3849
[1] 177  50
[1] 3850
[1] 177  55
[1] 3851
[1] 177  43
[1] 3852
[1] 177  70
[1] 3853
[1] 177  73
[1] 3854
[1] 177  33
[1] 3855
[1] 177  42
[1] 3856
[1] 177  42
[1] 3857
[1] 177  57
[1] 3858
[1] 177  87
[1] 3859
[1] 177  55
[1] 3860
[1] 177  48
[1] 3861
[1] 177  27
[1] 3862
[1] 177  42
[1] 3863
[1] 177  57
[1] 3864
[1] 177  65
[1] 3865
[1] 177  65
[1] 3866
[1] 177  59
[1] 3867
[1] 177  59
[1] 3868
[1] 177  62
[1] 3869
[1] 177  71
[1] 3870
[1] 177  62
[1] 3871
[1] 177  61
[1] 3872
[1] 177  75
[1] 3873
[1] 177  27
[1] 3874
[1] 177  93
[1] 3875
[1] 177  51
[1] 3876
[1] 177  48
[1] 3877
[1] 177  34
[1] 3878
[1] 177  32
[1] 3879
[1] 177 103
[1] 3880
[1] 177  54
[1] 3881
[1] 177  53
[1] 3882
[1] 177  29
[1] 3883
[1] 177  42
[1] 3884
[1] 177  58
[1] 3885
[1] 177  58
[1] 3886
[1] 177  54
[1] 3887
[1] 177  48
[1] 3888
[1] 177  43
[1] 3889
[1] 177  48
[1] 3890
[1] 177  17
[1] 3891
[1] 177  37
[1] 3892
[1] 177  41
[1] 3893
[1] 177  17
[1] 3894
[1] 177  42
[1] 3895
[1] 177  34
[1] 3896
[1] 177  45
[1] 3897
[1] 177  38
[1] 3898
[1] 177  69
[1] 3899
[1] 177  28
[1] 3900
[1] 177  69
