[1] 6801
[1] 177  30
[1] 6802
[1] 177  29
[1] 6803
[1] 177  32
[1] 6804
[1] 177  42
[1] 6805
[1] 177  43
[1] 6806
[1] 177  34
[1] 6807
[1] 177  64
[1] 6808
[1] 177  53
[1] 6809
[1] 177  41
[1] 6810
[1] 177  69
[1] 6811
[1] 177  47
[1] 6812
[1] 177  27
[1] 6813
[1] 177  31
[1] 6814
[1] 177  52
[1] 6815
[1] 177  37
[1] 6816
[1] 177  73
[1] 6817
[1] 177  52
[1] 6818
[1] 177  43
[1] 6819
[1] 177  37
[1] 6820
[1] 177  36
[1] 6821
[1] 177  37
[1] 6822
[1] 177  54
[1] 6823
[1] 177  55
[1] 6824
[1] 177  47
[1] 6825
[1] 177  67
[1] 6826
[1] 177  72
[1] 6827
[1] 177  50
[1] 6828
[1] 177  35
[1] 6829
[1] 177  72
[1] 6830
[1] 177  45
[1] 6831
[1] 177   0
[1] 6832
[1] 177  54
[1] 6833
[1] 177  52
[1] 6834
[1] 177  58
[1] 6835
[1] 177  53
[1] 6836
[1] 177  65
[1] 6837
[1] 177  61
[1] 6838
[1] 177  35
[1] 6839
[1] 177  44
[1] 6840
[1] 177  43
[1] 6841
[1] 177  39
[1] 6842
[1] 177  47
[1] 6843
[1] 177  46
[1] 6844
[1] 177  42
[1] 6845
[1] 177  43
[1] 6846
[1] 177  27
[1] 6847
[1] 177  28
[1] 6848
[1] 177  26
[1] 6849
[1] 177  32
[1] 6850
[1] 177  53
[1] 6851
[1] 177  45
[1] 6852
[1] 177  57
[1] 6853
[1] 177  28
[1] 6854
[1] 177  39
[1] 6855
[1] 177  29
[1] 6856
[1] 177  34
[1] 6857
[1] 177  37
[1] 6858
[1] 177  31
[1] 6859
[1] 177  60
[1] 6860
[1] 177  50
[1] 6861
[1] 177  23
[1] 6862
[1] 177  48
[1] 6863
[1] 177  23
[1] 6864
[1] 177  49
[1] 6865
[1] 177  15
[1] 6866
[1] 177  21
[1] 6867
[1] 177  39
[1] 6868
[1] 177  61
[1] 6869
[1] 177  10
[1] 6870
[1] 177  27
[1] 6871
[1] 177  65
[1] 6872
[1] 177  67
[1] 6873
[1] 177  37
[1] 6874
[1] 177  37
[1] 6875
[1] 177  36
[1] 6876
[1] 177  63
[1] 6877
[1] 177  53
[1] 6878
[1] 177  52
[1] 6879
[1] 177  36
[1] 6880
[1] 177  75
[1] 6881
[1] 177  43
[1] 6882
[1] 177  39
[1] 6883
[1] 177  39
[1] 6884
[1] 177  31
[1] 6885
[1] 177  36
[1] 6886
[1] 177  48
[1] 6887
[1] 177  26
[1] 6888
[1] 177  62
[1] 6889
[1] 177  66
[1] 6890
[1] 177  44
[1] 6891
[1] 177  42
[1] 6892
[1] 177  31
[1] 6893
[1] 177  49
[1] 6894
[1] 177  51
[1] 6895
[1] 177  53
[1] 6896
[1] 177  73
[1] 6897
[1] 177  52
[1] 6898
[1] 177  57
[1] 6899
[1] 177  60
[1] 6900
[1] 177  15
