[1] 7101
[1] 177  44
[1] 7102
[1] 177  41
[1] 7103
[1] 177  38
[1] 7104
[1] 177  68
[1] 7105
[1] 177  82
[1] 7106
[1] 177  54
[1] 7107
[1] 177  60
[1] 7108
[1] 177  76
[1] 7109
[1] 177  57
[1] 7110
[1] 177  65
[1] 7111
[1] 177  54
[1] 7112
[1] 177  82
[1] 7113
[1] 177  44
[1] 7114
[1] 177  55
[1] 7115
[1] 177  48
[1] 7116
[1] 177 105
[1] 7117
[1] 177  53
[1] 7118
[1] 177  63
[1] 7119
[1] 177  78
[1] 7120
[1] 177  35
[1] 7121
[1] 177  36
[1] 7122
[1] 177  28
[1] 7123
[1] 177  41
[1] 7124
[1] 177  60
[1] 7125
[1] 177  59
[1] 7126
[1] 177  72
[1] 7127
[1] 177  51
[1] 7128
[1] 177  60
[1] 7129
[1] 177  68
[1] 7130
[1] 177  87
[1] 7131
[1] 177  68
[1] 7132
[1] 177  48
[1] 7133
[1] 177  49
[1] 7134
[1] 177  42
[1] 7135
[1] 177  65
[1] 7136
[1] 177  44
[1] 7137
[1] 177  27
[1] 7138
[1] 177  49
[1] 7139
[1] 177  35
[1] 7140
[1] 177  56
[1] 7141
[1] 177  32
[1] 7142
[1] 177  55
[1] 7143
[1] 177  29
[1] 7144
[1] 177  59
[1] 7145
[1] 177  72
[1] 7146
[1] 177  35
[1] 7147
[1] 177  52
[1] 7148
[1] 177  52
[1] 7149
[1] 177 108
[1] 7150
[1] 177  66
[1] 7151
[1] 177  60
[1] 7152
[1] 177  34
[1] 7153
[1] 177  65
[1] 7154
[1] 177  34
[1] 7155
[1] 177  34
[1] 7156
[1] 177  36
[1] 7157
[1] 177  56
[1] 7158
[1] 177  55
[1] 7159
[1] 177  42
[1] 7160
[1] 177  69
[1] 7161
[1] 177  67
[1] 7162
[1] 177 157
[1] 7163
[1] 177  36
[1] 7164
[1] 177  45
[1] 7165
[1] 177  48
[1] 7166
[1] 177  59
[1] 7167
[1] 177  18
[1] 7168
[1] 177  80
[1] 7169
[1] 177  36
[1] 7170
[1] 177  37
[1] 7171
[1] 177  50
[1] 7172
[1] 177  81
[1] 7173
[1] 177  47
[1] 7174
[1] 177  98
[1] 7175
[1] 177  54
[1] 7176
[1] 177  87
[1] 7177
[1] 177  88
[1] 7178
[1] 177  84
[1] 7179
[1] 177  83
[1] 7180
[1] 177  28
[1] 7181
[1] 177  57
[1] 7182
[1] 177  63
[1] 7183
[1] 177  74
[1] 7184
[1] 177  18
[1] 7185
[1] 177  48
[1] 7186
[1] 177  56
[1] 7187
[1] 177  43
[1] 7188
[1] 177  41
[1] 7189
[1] 177  43
[1] 7190
[1] 177  51
[1] 7191
[1] 177  41
[1] 7192
[1] 177 106
[1] 7193
[1] 177  54
[1] 7194
[1] 177  42
[1] 7195
[1] 177  49
[1] 7196
[1] 177  37
[1] 7197
[1] 177  41
[1] 7198
[1] 177  35
[1] 7199
[1] 177  54
[1] 7200
[1] 177  34
