[1] 9901
[1] 177  18
[1] 9902
[1] 177  54
[1] 9903
[1] 177  38
[1] 9904
[1] 177  21
[1] 9905
[1] 177  56
[1] 9906
[1] 177  60
[1] 9907
[1] 177  50
[1] 9908
[1] 177  29
[1] 9909
[1] 177  20
[1] 9910
[1] 177  54
[1] 9911
[1] 177  33
[1] 9912
[1] 177  49
[1] 9913
[1] 177  61
[1] 9914
[1] 177  38
[1] 9915
[1] 177  74
[1] 9916
[1] 177  49
[1] 9917
[1] 177  54
[1] 9918
[1] 177  39
[1] 9919
[1] 177  74
[1] 9920
[1] 177  36
[1] 9921
[1] 177 112
[1] 9922
[1] 177  47
[1] 9923
[1] 177  57
[1] 9924
[1] 177  83
[1] 9925
[1] 177  36
[1] 9926
[1] 177  63
[1] 9927
[1] 177  46
[1] 9928
[1] 177  47
[1] 9929
[1] 177  54
[1] 9930
[1] 177  69
[1] 9931
[1] 177  18
[1] 9932
[1] 177  43
[1] 9933
[1] 177  10
[1] 9934
[1] 177  36
[1] 9935
[1] 177  51
[1] 9936
[1] 177  45
[1] 9937
[1] 177  83
[1] 9938
[1] 177  56
[1] 9939
[1] 177  54
[1] 9940
[1] 177  19
[1] 9941
[1] 177  35
[1] 9942
[1] 177  50
[1] 9943
[1] 177  34
[1] 9944
[1] 177  21
[1] 9945
[1] 177  48
[1] 9946
[1] 177  44
[1] 9947
[1] 177  64
[1] 9948
[1] 177  63
[1] 9949
[1] 177  30
[1] 9950
[1] 177  44
[1] 9951
[1] 177  66
[1] 9952
[1] 177  32
[1] 9953
[1] 177  35
[1] 9954
[1] 177  52
[1] 9955
[1] 177  44
[1] 9956
[1] 177  18
[1] 9957
[1] 177  54
[1] 9958
[1] 177  87
[1] 9959
[1] 177  42
[1] 9960
[1] 177  69
[1] 9961
[1] 177  59
[1] 9962
[1] 177  63
[1] 9963
[1] 177  49
[1] 9964
[1] 177  40
[1] 9965
[1] 177  43
[1] 9966
[1] 177  40
[1] 9967
[1] 177  42
[1] 9968
[1] 177  53
[1] 9969
[1] 177  74
[1] 9970
[1] 177  55
[1] 9971
[1] 177  70
[1] 9972
[1] 177  48
[1] 9973
[1] 177  74
[1] 9974
[1] 177  55
[1] 9975
[1] 177  36
[1] 9976
[1] 177  20
[1] 9977
[1] 177  53
[1] 9978
[1] 177  61
[1] 9979
[1] 177  79
[1] 9980
[1] 177   8
[1] 9981
[1] 177  27
[1] 9982
[1] 177  17
[1] 9983
[1] 177  18
[1] 9984
[1] 177  31
[1] 9985
[1] 177  52
[1] 9986
[1] 177  35
[1] 9987
[1] 177  61
[1] 9988
[1] 177  57
[1] 9989
[1] 177  67
[1] 9990
[1] 177  65
[1] 9991
[1] 177  57
[1] 9992
[1] 177  21
[1] 9993
[1] 177  35
[1] 9994
[1] 177  12
[1] 9995
[1] 177  21
[1] 9996
[1] 177  21
[1] 9997
[1] 177 173
[1] 9998
[1] 177  27
[1] 9999
[1] 177 177
[1] 10000
[1] 177  40
