[1] 6901
[1] 177  53
[1] 6902
[1] 177  64
[1] 6903
[1] 177  52
[1] 6904
[1] 177  57
[1] 6905
[1] 177  19
[1] 6906
[1] 177  61
[1] 6907
[1] 177  58
[1] 6908
[1] 177  29
[1] 6909
[1] 177  44
[1] 6910
[1] 177  41
[1] 6911
[1] 177  63
[1] 6912
[1] 177  57
[1] 6913
[1] 177  84
[1] 6914
[1] 177  31
[1] 6915
[1] 177  38
[1] 6916
[1] 177  47
[1] 6917
[1] 177  50
[1] 6918
[1] 177  22
[1] 6919
[1] 177  25
[1] 6920
[1] 177  25
[1] 6921
[1] 177  42
[1] 6922
[1] 177  43
[1] 6923
[1] 177  55
[1] 6924
[1] 177  61
[1] 6925
[1] 177  31
[1] 6926
[1] 177  44
[1] 6927
[1] 177  60
[1] 6928
[1] 177  79
[1] 6929
[1] 177  47
[1] 6930
[1] 177  56
[1] 6931
[1] 177  59
[1] 6932
[1] 177  42
[1] 6933
[1] 177  70
[1] 6934
[1] 177  70
[1] 6935
[1] 177  48
[1] 6936
[1] 177  38
[1] 6937
[1] 177  36
[1] 6938
[1] 177  54
[1] 6939
[1] 177  43
[1] 6940
[1] 177  73
[1] 6941
[1] 177  40
[1] 6942
[1] 177  40
[1] 6943
[1] 177  49
[1] 6944
[1] 177  21
[1] 6945
[1] 177  55
[1] 6946
[1] 177  70
[1] 6947
[1] 177  68
[1] 6948
[1] 177  48
[1] 6949
[1] 177  43
[1] 6950
[1] 177  33
[1] 6951
[1] 177  42
[1] 6952
[1] 177  40
[1] 6953
[1] 177  49
[1] 6954
[1] 177  66
[1] 6955
[1] 177  51
[1] 6956
[1] 177  86
[1] 6957
[1] 177  54
[1] 6958
[1] 177  41
[1] 6959
[1] 177  38
[1] 6960
[1] 177  38
[1] 6961
[1] 177  46
[1] 6962
[1] 177  42
[1] 6963
[1] 177  50
[1] 6964
[1] 177  58
[1] 6965
[1] 177  51
[1] 6966
[1] 177  53
[1] 6967
[1] 177  44
[1] 6968
[1] 177  90
[1] 6969
[1] 177 104
[1] 6970
[1] 177  37
[1] 6971
[1] 177  39
[1] 6972
[1] 177  41
[1] 6973
[1] 177  48
[1] 6974
[1] 177  56
[1] 6975
[1] 177  35
[1] 6976
[1] 177  25
[1] 6977
[1] 177  23
[1] 6978
[1] 177  42
[1] 6979
[1] 177  46
[1] 6980
[1] 177  57
[1] 6981
[1] 177  54
[1] 6982
[1] 177  56
[1] 6983
[1] 177  58
[1] 6984
[1] 177  67
[1] 6985
[1] 177  76
[1] 6986
[1] 177  36
[1] 6987
[1] 177  26
[1] 6988
[1] 177  31
[1] 6989
[1] 177  26
[1] 6990
[1] 177  37
[1] 6991
[1] 177  69
[1] 6992
[1] 177  47
[1] 6993
[1] 177  63
[1] 6994
[1] 177  53
[1] 6995
[1] 177  71
[1] 6996
[1] 177  15
[1] 6997
[1] 177  62
[1] 6998
[1] 177  52
[1] 6999
[1] 177  27
[1] 7000
[1] 177  43
