[1] 8001
[1] 177   9
[1] 8002
[1] 177  34
[1] 8003
[1] 177  34
[1] 8004
[1] 177  29
[1] 8005
[1] 177  26
[1] 8006
[1] 177  47
[1] 8007
[1] 177  11
[1] 8008
[1] 177  17
[1] 8009
[1] 177  25
[1] 8010
[1] 177  91
[1] 8011
[1] 177  46
[1] 8012
[1] 177  10
[1] 8013
[1] 177  60
[1] 8014
[1] 177  39
[1] 8015
[1] 177  41
[1] 8016
[1] 177  84
[1] 8017
[1] 177  67
[1] 8018
[1] 177  54
[1] 8019
[1] 177  91
[1] 8020
[1] 177  54
[1] 8021
[1] 177  53
[1] 8022
[1] 177  56
[1] 8023
[1] 177  88
[1] 8024
[1] 177  57
[1] 8025
[1] 177  81
[1] 8026
[1] 177  67
[1] 8027
[1] 177  97
[1] 8028
[1] 177  64
[1] 8029
[1] 177  89
[1] 8030
[1] 177  37
[1] 8031
[1] 177  30
[1] 8032
[1] 177  27
[1] 8033
[1] 177  36
[1] 8034
[1] 177  24
[1] 8035
[1] 177  30
[1] 8036
[1] 177  53
[1] 8037
[1] 177  45
[1] 8038
[1] 177  24
[1] 8039
[1] 177  20
[1] 8040
[1] 177  59
[1] 8041
[1] 177  71
[1] 8042
[1] 177  46
[1] 8043
[1] 177  23
[1] 8044
[1] 177  65
[1] 8045
[1] 177  68
[1] 8046
[1] 177  49
[1] 8047
[1] 177  27
[1] 8048
[1] 177  26
[1] 8049
[1] 177  68
[1] 8050
[1] 177  51
[1] 8051
[1] 177  66
[1] 8052
[1] 177  40
[1] 8053
[1] 177  53
[1] 8054
[1] 177  42
[1] 8055
[1] 177  31
[1] 8056
[1] 177  31
[1] 8057
[1] 177  62
[1] 8058
[1] 177  31
[1] 8059
[1] 177 124
[1] 8060
[1] 177  93
[1] 8061
[1] 177 164
[1] 8062
[1] 177  44
[1] 8063
[1] 177  35
[1] 8064
[1] 177  32
[1] 8065
[1] 177  56
[1] 8066
[1] 177  50
[1] 8067
[1] 177  51
[1] 8068
[1] 177  64
[1] 8069
[1] 177  58
[1] 8070
[1] 177  38
[1] 8071
[1] 177  23
[1] 8072
[1] 177  75
[1] 8073
[1] 177  72
[1] 8074
[1] 177  62
[1] 8075
[1] 177  73
[1] 8076
[1] 177  63
[1] 8077
[1] 177  63
[1] 8078
[1] 177  62
[1] 8079
[1] 177  63
[1] 8080
[1] 177  77
[1] 8081
[1] 177 110
[1] 8082
[1] 177  24
[1] 8083
[1] 177  65
[1] 8084
[1] 177  37
[1] 8085
[1] 177  52
[1] 8086
[1] 177  43
[1] 8087
[1] 177  34
[1] 8088
[1] 177  61
[1] 8089
[1] 177  93
[1] 8090
[1] 177  47
[1] 8091
[1] 177  56
[1] 8092
[1] 177  47
[1] 8093
[1] 177  59
[1] 8094
[1] 177  55
[1] 8095
[1] 177  22
[1] 8096
[1] 177  24
[1] 8097
[1] 177  23
[1] 8098
[1] 177  48
[1] 8099
[1] 177   1
[1] 8100
[1] 177  73
