[1] 4301
[1] 177  25
[1] 4302
[1] 177  28
[1] 4303
[1] 177  26
[1] 4304
[1] 177  88
[1] 4305
[1] 177  60
[1] 4306
[1] 177  48
[1] 4307
[1] 177  48
[1] 4308
[1] 177  55
[1] 4309
[1] 177  48
[1] 4310
[1] 177  73
[1] 4311
[1] 177  16
[1] 4312
[1] 177  48
[1] 4313
[1] 177  17
[1] 4314
[1] 177  53
[1] 4315
[1] 177  28
[1] 4316
[1] 177  46
[1] 4317
[1] 177  51
[1] 4318
[1] 177  34
[1] 4319
[1] 177  25
[1] 4320
[1] 177  35
[1] 4321
[1] 177  23
[1] 4322
[1] 177  24
[1] 4323
[1] 177  23
[1] 4324
[1] 177  48
[1] 4325
[1] 177  28
[1] 4326
[1] 177  59
[1] 4327
[1] 177  66
[1] 4328
[1] 177  41
[1] 4329
[1] 177  59
[1] 4330
[1] 177 113
[1] 4331
[1] 177  70
[1] 4332
[1] 177  56
[1] 4333
[1] 177  31
[1] 4334
[1] 177  29
[1] 4335
[1] 177  61
[1] 4336
[1] 177  60
[1] 4337
[1] 177  55
[1] 4338
[1] 177  58
[1] 4339
[1] 177  64
[1] 4340
[1] 177  70
[1] 4341
[1] 177  47
[1] 4342
[1] 177  49
[1] 4343
[1] 177  60
[1] 4344
[1] 177  54
[1] 4345
[1] 177 114
[1] 4346
[1] 177  75
[1] 4347
[1] 177  61
[1] 4348
[1] 177  81
[1] 4349
[1] 177  31
[1] 4350
[1] 177  33
[1] 4351
[1] 177  53
[1] 4352
[1] 177  82
[1] 4353
[1] 177  76
[1] 4354
[1] 177 113
[1] 4355
[1] 177  60
[1] 4356
[1] 177  54
[1] 4357
[1] 177  71
[1] 4358
[1] 177  67
[1] 4359
[1] 177  59
[1] 4360
[1] 177  48
[1] 4361
[1] 177  80
[1] 4362
[1] 177  68
[1] 4363
[1] 177  48
[1] 4364
[1] 177  58
[1] 4365
[1] 177  52
[1] 4366
[1] 177  35
[1] 4367
[1] 177  18
[1] 4368
[1] 177  60
[1] 4369
[1] 177  72
[1] 4370
[1] 177  44
[1] 4371
[1] 177 150
[1] 4372
[1] 177  44
[1] 4373
[1] 177  57
[1] 4374
[1] 177  92
[1] 4375
[1] 177  24
[1] 4376
[1] 177  49
[1] 4377
[1] 177  89
[1] 4378
[1] 177  56
[1] 4379
[1] 177  71
[1] 4380
[1] 177  28
[1] 4381
[1] 177  57
[1] 4382
[1] 177  34
[1] 4383
[1] 177  31
[1] 4384
[1] 177  62
[1] 4385
[1] 177  62
[1] 4386
[1] 177  55
[1] 4387
[1] 177  69
[1] 4388
[1] 177  66
[1] 4389
[1] 177  30
[1] 4390
[1] 177  53
[1] 4391
[1] 177  34
[1] 4392
[1] 177  19
[1] 4393
[1] 177  18
[1] 4394
[1] 177  40
[1] 4395
[1] 177  53
[1] 4396
[1] 177  69
[1] 4397
[1] 177  89
[1] 4398
[1] 177  39
[1] 4399
[1] 177  59
[1] 4400
[1] 177  40
