[1] 8801
[1] 177  58
[1] 8802
[1] 177  35
[1] 8803
[1] 177  41
[1] 8804
[1] 177  58
[1] 8805
[1] 177  61
[1] 8806
[1] 177  43
[1] 8807
[1] 177  38
[1] 8808
[1] 177  66
[1] 8809
[1] 177  44
[1] 8810
[1] 177  56
[1] 8811
[1] 177  49
[1] 8812
[1] 177  25
[1] 8813
[1] 177  63
[1] 8814
[1] 177  40
[1] 8815
[1] 177  33
[1] 8816
[1] 177  29
[1] 8817
[1] 177  33
[1] 8818
[1] 177  56
[1] 8819
[1] 177  40
[1] 8820
[1] 177  67
[1] 8821
[1] 177  37
[1] 8822
[1] 177  59
[1] 8823
[1] 177  83
[1] 8824
[1] 177  52
[1] 8825
[1] 177  46
[1] 8826
[1] 177  75
[1] 8827
[1] 177  44
[1] 8828
[1] 177  55
[1] 8829
[1] 177  45
[1] 8830
[1] 177  48
[1] 8831
[1] 177  75
[1] 8832
[1] 177  46
[1] 8833
[1] 177  58
[1] 8834
[1] 177  69
[1] 8835
[1] 177  30
[1] 8836
[1] 177  30
[1] 8837
[1] 177  41
[1] 8838
[1] 177  45
[1] 8839
[1] 177  34
[1] 8840
[1] 177  50
[1] 8841
[1] 177  37
[1] 8842
[1] 177  52
[1] 8843
[1] 177  86
[1] 8844
[1] 177  18
[1] 8845
[1] 177  52
[1] 8846
[1] 177  80
[1] 8847
[1] 177  21
[1] 8848
[1] 177  48
[1] 8849
[1] 177  18
[1] 8850
[1] 177  48
[1] 8851
[1] 177  71
[1] 8852
[1] 177  22
[1] 8853
[1] 177  35
[1] 8854
[1] 177  77
[1] 8855
[1] 177  34
[1] 8856
[1] 177  27
[1] 8857
[1] 177  18
[1] 8858
[1] 177  48
[1] 8859
[1] 177  25
[1] 8860
[1] 177  40
[1] 8861
[1] 177  79
[1] 8862
[1] 177  41
[1] 8863
[1] 177  40
[1] 8864
[1] 177  31
[1] 8865
[1] 177  59
[1] 8866
[1] 177  46
[1] 8867
[1] 177  58
[1] 8868
[1] 177  66
[1] 8869
[1] 177  37
[1] 8870
[1] 177  29
[1] 8871
[1] 177  33
[1] 8872
[1] 177  32
[1] 8873
[1] 177  48
[1] 8874
[1] 177  37
[1] 8875
[1] 177  47
[1] 8876
[1] 177  56
[1] 8877
[1] 177  65
[1] 8878
[1] 177  64
[1] 8879
[1] 177  60
[1] 8880
[1] 177  52
[1] 8881
[1] 177  72
[1] 8882
[1] 177  59
[1] 8883
[1] 177  54
[1] 8884
[1] 177  66
[1] 8885
[1] 177  32
[1] 8886
[1] 177  66
[1] 8887
[1] 177  44
[1] 8888
[1] 177  36
[1] 8889
[1] 177  50
[1] 8890
[1] 177  77
[1] 8891
[1] 177  35
[1] 8892
[1] 177  47
[1] 8893
[1] 177  41
[1] 8894
[1] 177  72
[1] 8895
[1] 177  13
[1] 8896
[1] 177  22
[1] 8897
[1] 177 129
[1] 8898
[1] 177  17
[1] 8899
[1] 177  74
[1] 8900
[1] 177  32
