[1] 10101
[1] 177  41
[1] 10102
[1] 177  19
[1] 10103
[1] 177  84
[1] 10104
[1] 177  72
[1] 10105
[1] 177  86
[1] 10106
[1] 177  50
[1] 10107
[1] 177  31
[1] 10108
[1] 177  18
[1] 10109
[1] 177  72
[1] 10110
[1] 177 322
[1] 10111
[1] 177  31
[1] 10112
[1] 177  35
[1] 10113
[1] 177  48
[1] 10114
[1] 177  48
[1] 10115
[1] 177  49
[1] 10116
[1] 177  73
[1] 10117
[1] 177  26
[1] 10118
[1] 177  53
[1] 10119
[1] 177  45
[1] 10120
[1] 177  26
[1] 10121
[1] 177  64
[1] 10122
[1] 177  17
[1] 10123
[1] 177  72
[1] 10124
[1] 177  28
[1] 10125
[1] 177  67
[1] 10126
[1] 177  63
[1] 10127
[1] 177  81
[1] 10128
[1] 177  41
[1] 10129
[1] 177  37
[1] 10130
[1] 177  67
[1] 10131
[1] 177  57
[1] 10132
[1] 177  20
[1] 10133
[1] 177  43
[1] 10134
[1] 177   9
[1] 10135
[1] 177  46
[1] 10136
[1] 177  42
[1] 10137
[1] 177  25
[1] 10138
[1] 177  37
[1] 10139
[1] 177  46
[1] 10140
[1] 177  59
[1] 10141
[1] 177  90
[1] 10142
[1] 177  14
[1] 10143
[1] 177  50
[1] 10144
[1] 177  21
[1] 10145
[1] 177  32
[1] 10146
[1] 177  39
[1] 10147
[1] 177  22
[1] 10148
[1] 177  39
[1] 10149
[1] 177  42
[1] 10150
[1] 177  38
[1] 10151
[1] 177  58
[1] 10152
[1] 177  26
[1] 10153
[1] 177  61
[1] 10154
[1] 177  13
[1] 10155
[1] 177  30
[1] 10156
[1] 177  48
[1] 10157
[1] 177  25
[1] 10158
[1] 177  39
[1] 10159
[1] 177  39
[1] 10160
[1] 177  36
[1] 10161
[1] 177  26
[1] 10162
[1] 177  37
[1] 10163
[1] 177  14
[1] 10164
[1] 177  27
[1] 10165
[1] 177  53
[1] 10166
[1] 177  95
[1] 10167
[1] 177  27
[1] 10168
[1] 177   6
[1] 10169
[1] 177  28
[1] 10170
[1] 177  56
[1] 10171
[1] 177  53
[1] 10172
[1] 177  63
[1] 10173
[1] 177  75
[1] 10174
[1] 177  18
[1] 10175
[1] 177  17
[1] 10176
[1] 177  23
[1] 10177
[1] 177  56
[1] 10178
[1] 177  39
[1] 10179
[1] 177  38
[1] 10180
[1] 177  49
[1] 10181
[1] 177  59
[1] 10182
[1] 177  80
[1] 10183
[1] 177  71
[1] 10184
[1] 177  17
[1] 10185
[1] 177  58
[1] 10186
[1] 177  43
[1] 10187
[1] 177  54
[1] 10188
[1] 177  50
[1] 10189
[1] 177  49
[1] 10190
[1] 177  38
[1] 10191
[1] 177 101
[1] 10192
[1] 177  60
[1] 10193
[1] 177  17
[1] 10194
[1] 177  94
[1] 10195
[1] 177  53
[1] 10196
[1] 177  38
[1] 10197
[1] 177  94
[1] 10198
[1] 177  25
[1] 10199
[1] 177  52
[1] 10200
[1] 177  39
