[1] 5501
[1] 177  52
[1] 5502
[1] 177  35
[1] 5503
[1] 177  38
[1] 5504
[1] 177  57
[1] 5505
[1] 177  42
[1] 5506
[1] 177  19
[1] 5507
[1] 177  15
[1] 5508
[1] 177  21
[1] 5509
[1] 177  17
[1] 5510
[1] 177  36
[1] 5511
[1] 177  53
[1] 5512
[1] 177  32
[1] 5513
[1] 177  74
[1] 5514
[1] 177  34
[1] 5515
[1] 177  51
[1] 5516
[1] 177   5
[1] 5517
[1] 177   5
[1] 5518
[1] 177  45
[1] 5519
[1] 177  40
[1] 5520
[1] 177  29
[1] 5521
[1] 177  30
[1] 5522
[1] 177  44
[1] 5523
[1] 177  32
[1] 5524
[1] 177  14
[1] 5525
[1] 177  20
[1] 5526
[1] 177  68
[1] 5527
[1] 177  28
[1] 5528
[1] 177  38
[1] 5529
[1] 177  38
[1] 5530
[1] 177  94
[1] 5531
[1] 177  63
[1] 5532
[1] 177  35
[1] 5533
[1] 177  59
[1] 5534
[1] 177  55
[1] 5535
[1] 177  41
[1] 5536
[1] 177  51
[1] 5537
[1] 177  40
[1] 5538
[1] 177  24
[1] 5539
[1] 177  23
[1] 5540
[1] 177  40
[1] 5541
[1] 177  23
[1] 5542
[1] 177  25
[1] 5543
[1] 177  27
[1] 5544
[1] 177 104
[1] 5545
[1] 177 167
[1] 5546
[1] 177  63
[1] 5547
[1] 177  47
[1] 5548
[1] 177  47
[1] 5549
[1] 177  81
[1] 5550
[1] 177  27
[1] 5551
[1] 177  50
[1] 5552
[1] 177  70
[1] 5553
[1] 177  73
[1] 5554
[1] 177  77
[1] 5555
[1] 177  53
[1] 5556
[1] 177  39
[1] 5557
[1] 177  27
[1] 5558
[1] 177  28
[1] 5559
[1] 177  55
[1] 5560
[1] 177  45
[1] 5561
[1] 177  46
[1] 5562
[1] 177  61
[1] 5563
[1] 177 150
[1] 5564
[1] 177 101
[1] 5565
[1] 177  47
[1] 5566
[1] 177  37
[1] 5567
[1] 177  50
[1] 5568
[1] 177  46
[1] 5569
[1] 177  40
[1] 5570
[1] 177  58
[1] 5571
[1] 177 123
[1] 5572
[1] 177  53
[1] 5573
[1] 177  48
[1] 5574
[1] 177  60
[1] 5575
[1] 177  51
[1] 5576
[1] 177  55
[1] 5577
[1] 177  50
[1] 5578
[1] 177  52
[1] 5579
[1] 177  54
[1] 5580
[1] 177  20
[1] 5581
[1] 177  53
[1] 5582
[1] 177  52
[1] 5583
[1] 177  87
[1] 5584
[1] 177  71
[1] 5585
[1] 177  73
[1] 5586
[1] 177  33
[1] 5587
[1] 177  47
[1] 5588
[1] 177  74
[1] 5589
[1] 177  91
[1] 5590
[1] 177  49
[1] 5591
[1] 177  32
[1] 5592
[1] 177  40
[1] 5593
[1] 177 117
[1] 5594
[1] 177  67
[1] 5595
[1] 177  39
[1] 5596
[1] 177  20
[1] 5597
[1] 177  21
[1] 5598
[1] 177  20
[1] 5599
[1] 177   9
[1] 5600
[1] 177   8
