[1] 7701
[1] 177  30
[1] 7702
[1] 177  38
[1] 7703
[1] 177  54
[1] 7704
[1] 177   3
[1] 7705
[1] 177  37
[1] 7706
[1] 177  51
[1] 7707
[1] 177  39
[1] 7708
[1] 177  49
[1] 7709
[1] 177  59
[1] 7710
[1] 177  57
[1] 7711
[1] 177  49
[1] 7712
[1] 177  94
[1] 7713
[1] 177  12
[1] 7714
[1] 177  61
[1] 7715
[1] 177  61
[1] 7716
[1] 177  48
[1] 7717
[1] 177  22
[1] 7718
[1] 177  21
[1] 7719
[1] 177  47
[1] 7720
[1] 177  48
[1] 7721
[1] 177  39
[1] 7722
[1] 177  26
[1] 7723
[1] 177  51
[1] 7724
[1] 177  21
[1] 7725
[1] 177  24
[1] 7726
[1] 177  22
[1] 7727
[1] 177  59
[1] 7728
[1] 177  81
[1] 7729
[1] 177  54
[1] 7730
[1] 177  52
[1] 7731
[1] 177  12
[1] 7732
[1] 177  51
[1] 7733
[1] 177  64
[1] 7734
[1] 177  34
[1] 7735
[1] 177  58
[1] 7736
[1] 177  57
[1] 7737
[1] 177  57
[1] 7738
[1] 177  57
[1] 7739
[1] 177  90
[1] 7740
[1] 177  60
[1] 7741
[1] 177  39
[1] 7742
[1] 177  82
[1] 7743
[1] 177  26
[1] 7744
[1] 177  25
[1] 7745
[1] 177  25
[1] 7746
[1] 177  45
[1] 7747
[1] 177 103
[1] 7748
[1] 177  58
[1] 7749
[1] 177  47
[1] 7750
[1] 177  40
[1] 7751
[1] 177  62
[1] 7752
[1] 177  47
[1] 7753
[1] 177  64
[1] 7754
[1] 177  71
[1] 7755
[1] 177  49
[1] 7756
[1] 177  40
[1] 7757
[1] 177  72
[1] 7758
[1] 177  64
[1] 7759
[1] 177  58
[1] 7760
[1] 177  22
[1] 7761
[1] 177  76
[1] 7762
[1] 177  74
[1] 7763
[1] 177  65
[1] 7764
[1] 177  37
[1] 7765
[1] 177  14
[1] 7766
[1] 177  42
[1] 7767
[1] 177  50
[1] 7768
[1] 177  61
[1] 7769
[1] 177  47
[1] 7770
[1] 177  67
[1] 7771
[1] 177  53
[1] 7772
[1] 177  10
[1] 7773
[1] 177  10
[1] 7774
[1] 177  41
[1] 7775
[1] 177  10
[1] 7776
[1] 177  41
[1] 7777
[1] 177  38
[1] 7778
[1] 177  38
[1] 7779
[1] 177  30
[1] 7780
[1] 177  31
[1] 7781
[1] 177  31
[1] 7782
[1] 177  27
[1] 7783
[1] 177  47
[1] 7784
[1] 177  35
[1] 7785
[1] 177  35
[1] 7786
[1] 177  64
[1] 7787
[1] 177  63
[1] 7788
[1] 177  37
[1] 7789
[1] 177  29
[1] 7790
[1] 177  83
[1] 7791
[1] 177  26
[1] 7792
[1] 177  18
[1] 7793
[1] 177  67
[1] 7794
[1] 177  27
[1] 7795
[1] 177  31
[1] 7796
[1] 177  26
[1] 7797
[1] 177  57
[1] 7798
[1] 177  64
[1] 7799
[1] 177  29
[1] 7800
[1] 177  78
