[1] 1901
[1] 177  50
[1] 1902
[1] 177  56
[1] 1903
[1] 177  37
[1] 1904
[1] 177  72
[1] 1905
[1] 177  21
[1] 1906
[1] 177  18
[1] 1907
[1] 177  21
[1] 1908
[1] 177  54
[1] 1909
[1] 177  59
[1] 1910
[1] 177  34
[1] 1911
[1] 177  42
[1] 1912
[1] 177  35
[1] 1913
[1] 177  42
[1] 1914
[1] 177  35
[1] 1915
[1] 177  50
[1] 1916
[1] 177  31
[1] 1917
[1] 177  35
[1] 1918
[1] 177  90
[1] 1919
[1] 177  39
[1] 1920
[1] 177  63
[1] 1921
[1] 177  60
[1] 1922
[1] 177  63
[1] 1923
[1] 177  60
[1] 1924
[1] 177  60
[1] 1925
[1] 177  49
[1] 1926
[1] 177  87
[1] 1927
[1] 177  93
[1] 1928
[1] 177  99
[1] 1929
[1] 177  42
[1] 1930
[1] 177  62
[1] 1931
[1] 177  41
[1] 1932
[1] 177  38
[1] 1933
[1] 177  88
[1] 1934
[1] 177  39
[1] 1935
[1] 177  81
[1] 1936
[1] 177  36
[1] 1937
[1] 177  91
[1] 1938
[1] 177  54
[1] 1939
[1] 177 140
[1] 1940
[1] 177 115
[1] 1941
[1] 177  73
[1] 1942
[1] 177  10
[1] 1943
[1] 177  52
[1] 1944
[1] 177  90
[1] 1945
[1] 177  72
[1] 1946
[1] 177  31
[1] 1947
[1] 177  77
[1] 1948
[1] 177  75
[1] 1949
[1] 177  66
[1] 1950
[1] 177  36
[1] 1951
[1] 177  44
[1] 1952
[1] 177  48
[1] 1953
[1] 177  51
[1] 1954
[1] 177  45
[1] 1955
[1] 177  55
[1] 1956
[1] 177  61
[1] 1957
[1] 177  53
[1] 1958
[1] 177  52
[1] 1959
[1] 177  58
[1] 1960
[1] 177  58
[1] 1961
[1] 177  47
[1] 1962
[1] 177  44
[1] 1963
[1] 177  52
[1] 1964
[1] 177  66
[1] 1965
[1] 177  59
[1] 1966
[1] 177  55
[1] 1967
[1] 177  52
[1] 1968
[1] 177  78
[1] 1969
[1] 177  68
[1] 1970
[1] 177  26
[1] 1971
[1] 177  54
[1] 1972
[1] 177  68
[1] 1973
[1] 177  52
[1] 1974
[1] 177  71
[1] 1975
[1] 177  37
[1] 1976
[1] 177  37
[1] 1977
[1] 177  60
[1] 1978
[1] 177  41
[1] 1979
[1] 177  49
[1] 1980
[1] 177  42
[1] 1981
[1] 177  65
[1] 1982
[1] 177  65
[1] 1983
[1] 177  45
[1] 1984
[1] 177  72
[1] 1985
[1] 177  41
[1] 1986
[1] 177  74
[1] 1987
[1] 177  29
[1] 1988
[1] 177  32
[1] 1989
[1] 177  94
[1] 1990
[1] 177  45
[1] 1991
[1] 177  55
[1] 1992
[1] 177  81
[1] 1993
[1] 177  34
[1] 1994
[1] 177  51
[1] 1995
[1] 177  56
[1] 1996
[1] 177  57
[1] 1997
[1] 177  62
[1] 1998
[1] 177  70
[1] 1999
[1] 177  86
[1] 2000
[1] 177  80
