[1] 2901
[1] 177  29
[1] 2902
[1] 177  25
[1] 2903
[1] 177  90
[1] 2904
[1] 177  25
[1] 2905
[1] 177  47
[1] 2906
[1] 177  44
[1] 2907
[1] 177  17
[1] 2908
[1] 177  16
[1] 2909
[1] 177  18
[1] 2910
[1] 177  20
[1] 2911
[1] 177  42
[1] 2912
[1] 177  17
[1] 2913
[1] 177  48
[1] 2914
[1] 177  71
[1] 2915
[1] 177  18
[1] 2916
[1] 177  74
[1] 2917
[1] 177  18
[1] 2918
[1] 177  21
[1] 2919
[1] 177  22
[1] 2920
[1] 177  58
[1] 2921
[1] 177  58
[1] 2922
[1] 177  84
[1] 2923
[1] 177  68
[1] 2924
[1] 177  48
[1] 2925
[1] 177  27
[1] 2926
[1] 177  60
[1] 2927
[1] 177  34
[1] 2928
[1] 177  61
[1] 2929
[1] 177  43
[1] 2930
[1] 177  53
[1] 2931
[1] 177  48
[1] 2932
[1] 177  60
[1] 2933
[1] 177  31
[1] 2934
[1] 177  49
[1] 2935
[1] 177  64
[1] 2936
[1] 177  54
[1] 2937
[1] 177  46
[1] 2938
[1] 177  32
[1] 2939
[1] 177  63
[1] 2940
[1] 177  50
[1] 2941
[1] 177  20
[1] 2942
[1] 177  26
[1] 2943
[1] 177  27
[1] 2944
[1] 177  58
[1] 2945
[1] 177  44
[1] 2946
[1] 177  48
[1] 2947
[1] 177  26
[1] 2948
[1] 177  24
[1] 2949
[1] 177  31
[1] 2950
[1] 177  36
[1] 2951
[1] 177  26
[1] 2952
[1] 177  97
[1] 2953
[1] 177  82
[1] 2954
[1] 177  39
[1] 2955
[1] 177  62
[1] 2956
[1] 177  41
[1] 2957
[1] 177  47
[1] 2958
[1] 177  62
[1] 2959
[1] 177  55
[1] 2960
[1] 177  62
[1] 2961
[1] 177  35
[1] 2962
[1] 177  34
[1] 2963
[1] 177  79
[1] 2964
[1] 177  85
[1] 2965
[1] 177  69
[1] 2966
[1] 177  43
[1] 2967
[1] 177  87
[1] 2968
[1] 177  34
[1] 2969
[1] 177  28
[1] 2970
[1] 177  42
[1] 2971
[1] 177  53
[1] 2972
[1] 177  50
[1] 2973
[1] 177  52
[1] 2974
[1] 177  30
[1] 2975
[1] 177  60
[1] 2976
[1] 177  99
[1] 2977
[1] 177  38
[1] 2978
[1] 177  45
[1] 2979
[1] 177  53
[1] 2980
[1] 177  32
[1] 2981
[1] 177  43
[1] 2982
[1] 177  37
[1] 2983
[1] 177  50
[1] 2984
[1] 177  68
[1] 2985
[1] 177  31
[1] 2986
[1] 177  37
[1] 2987
[1] 177  24
[1] 2988
[1] 177 108
[1] 2989
[1] 177  43
[1] 2990
[1] 177  48
[1] 2991
[1] 177  47
[1] 2992
[1] 177  40
[1] 2993
[1] 177  40
[1] 2994
[1] 177  84
[1] 2995
[1] 177  40
[1] 2996
[1] 177  37
[1] 2997
[1] 177  44
[1] 2998
[1] 177  59
[1] 2999
[1] 177  19
[1] 3000
[1] 177  62
