[1] 301
[1] 177  29
[1] 302
[1] 177  25
[1] 303
[1] 177  50
[1] 304
[1] 177  41
[1] 305
[1] 177  43
[1] 306
[1] 177  38
[1] 307
[1] 177  73
[1] 308
[1] 177  64
[1] 309
[1] 177  61
[1] 310
[1] 177  72
[1] 311
[1] 177  29
[1] 312
[1] 177  75
[1] 313
[1] 177  73
[1] 314
[1] 177  78
[1] 315
[1] 177  66
[1] 316
[1] 177  44
[1] 317
[1] 177  46
[1] 318
[1] 177  32
[1] 319
[1] 177  59
[1] 320
[1] 177  52
[1] 321
[1] 177  46
[1] 322
[1] 177  32
[1] 323
[1] 177  29
[1] 324
[1] 177  24
[1] 325
[1] 177  42
[1] 326
[1] 177  63
[1] 327
[1] 177  31
[1] 328
[1] 177  48
[1] 329
[1] 177  43
[1] 330
[1] 177  27
[1] 331
[1] 177  34
[1] 332
[1] 177  59
[1] 333
[1] 177  55
[1] 334
[1] 177  48
[1] 335
[1] 177  28
[1] 336
[1] 177  64
[1] 337
[1] 177  52
[1] 338
[1] 177  44
[1] 339
[1] 177  46
[1] 340
[1] 177  21
[1] 341
[1] 177  52
[1] 342
[1] 177  71
[1] 343
[1] 177  52
[1] 344
[1] 177  56
[1] 345
[1] 177  44
[1] 346
[1] 177  35
[1] 347
[1] 177  51
[1] 348
[1] 177  71
[1] 349
[1] 177  42
[1] 350
[1] 177  64
[1] 351
[1] 177  15
[1] 352
[1] 177  88
[1] 353
[1] 177  57
[1] 354
[1] 177 108
[1] 355
[1] 177  96
[1] 356
[1] 177  36
[1] 357
[1] 177  34
[1] 358
[1] 177  62
[1] 359
[1] 177  12
[1] 360
[1] 177  84
[1] 361
[1] 177  42
[1] 362
[1] 177  48
[1] 363
[1] 177  75
[1] 364
[1] 177  58
[1] 365
[1] 177  93
[1] 366
[1] 177  37
[1] 367
[1] 177  63
[1] 368
[1] 177  42
[1] 369
[1] 177  55
[1] 370
[1] 177  60
[1] 371
[1] 177  38
[1] 372
[1] 177  54
[1] 373
[1] 177  64
[1] 374
[1] 177  48
[1] 375
[1] 177  39
[1] 376
[1] 177  65
[1] 377
[1] 177  62
[1] 378
[1] 177  33
[1] 379
[1] 177  55
[1] 380
[1] 177  34
[1] 381
[1] 177  56
[1] 382
[1] 177  44
[1] 383
[1] 177  36
[1] 384
[1] 177  28
[1] 385
[1] 177  97
[1] 386
[1] 177  24
[1] 387
[1] 177  59
[1] 388
[1] 177  77
[1] 389
[1] 177  58
[1] 390
[1] 177  62
[1] 391
[1] 177  31
[1] 392
[1] 177  77
[1] 393
[1] 177  47
[1] 394
[1] 177  31
[1] 395
[1] 177  78
[1] 396
[1] 177  64
[1] 397
[1] 177  63
[1] 398
[1] 177  21
[1] 399
[1] 177  60
[1] 400
[1] 177  46
