[1] 4201
[1] 177  57
[1] 4202
[1] 177  53
[1] 4203
[1] 177  57
[1] 4204
[1] 177  61
[1] 4205
[1] 177  54
[1] 4206
[1] 177  44
[1] 4207
[1] 177  20
[1] 4208
[1] 177  38
[1] 4209
[1] 177  22
[1] 4210
[1] 177  30
[1] 4211
[1] 177  58
[1] 4212
[1] 177  55
[1] 4213
[1] 177  23
[1] 4214
[1] 177  23
[1] 4215
[1] 177  45
[1] 4216
[1] 177  23
[1] 4217
[1] 177  49
[1] 4218
[1] 177  76
[1] 4219
[1] 177  91
[1] 4220
[1] 177  82
[1] 4221
[1] 177  90
[1] 4222
[1] 177  83
[1] 4223
[1] 177  61
[1] 4224
[1] 177  17
[1] 4225
[1] 177  76
[1] 4226
[1] 177  65
[1] 4227
[1] 177  65
[1] 4228
[1] 177  51
[1] 4229
[1] 177  73
[1] 4230
[1] 177  57
[1] 4231
[1] 177  37
[1] 4232
[1] 177  66
[1] 4233
[1] 177  29
[1] 4234
[1] 177  36
[1] 4235
[1] 177  34
[1] 4236
[1] 177  34
[1] 4237
[1] 177  35
[1] 4238
[1] 177  65
[1] 4239
[1] 177  49
[1] 4240
[1] 177  61
[1] 4241
[1] 177  47
[1] 4242
[1] 177  54
[1] 4243
[1] 177  55
[1] 4244
[1] 177  18
[1] 4245
[1] 177  55
[1] 4246
[1] 177  73
[1] 4247
[1] 177  57
[1] 4248
[1] 177  82
[1] 4249
[1] 177  18
[1] 4250
[1] 177  70
[1] 4251
[1] 177 158
[1] 4252
[1] 177 122
[1] 4253
[1] 177  75
[1] 4254
[1] 177  70
[1] 4255
[1] 177  69
[1] 4256
[1] 177  60
[1] 4257
[1] 177  42
[1] 4258
[1] 177  42
[1] 4259
[1] 177  34
[1] 4260
[1] 177  53
[1] 4261
[1] 177  53
[1] 4262
[1] 177  52
[1] 4263
[1] 177  56
[1] 4264
[1] 177  71
[1] 4265
[1] 177  59
[1] 4266
[1] 177  51
[1] 4267
[1] 177  68
[1] 4268
[1] 177  58
[1] 4269
[1] 177  71
[1] 4270
[1] 177  68
[1] 4271
[1] 177  59
[1] 4272
[1] 177  58
[1] 4273
[1] 177  83
[1] 4274
[1] 177  50
[1] 4275
[1] 177  57
[1] 4276
[1] 177  57
[1] 4277
[1] 177  29
[1] 4278
[1] 177  45
[1] 4279
[1] 177  57
[1] 4280
[1] 177  60
[1] 4281
[1] 177  17
[1] 4282
[1] 177  39
[1] 4283
[1] 177  36
[1] 4284
[1] 177  47
[1] 4285
[1] 177  56
[1] 4286
[1] 177  57
[1] 4287
[1] 177  40
[1] 4288
[1] 177  62
[1] 4289
[1] 177  57
[1] 4290
[1] 177  63
[1] 4291
[1] 177  65
[1] 4292
[1] 177  70
[1] 4293
[1] 177  32
[1] 4294
[1] 177  71
[1] 4295
[1] 177  25
[1] 4296
[1] 177  47
[1] 4297
[1] 177  27
[1] 4298
[1] 177  26
[1] 4299
[1] 177  24
[1] 4300
[1] 177  21
