[1] 2701
[1] 177  49
[1] 2702
[1] 177  61
[1] 2703
[1] 177  45
[1] 2704
[1] 177  64
[1] 2705
[1] 177  42
[1] 2706
[1] 177  37
[1] 2707
[1] 177  46
[1] 2708
[1] 177  48
[1] 2709
[1] 177  26
[1] 2710
[1] 177  48
[1] 2711
[1] 177  49
[1] 2712
[1] 177  59
[1] 2713
[1] 177 109
[1] 2714
[1] 177  68
[1] 2715
[1] 177  21
[1] 2716
[1] 177  75
[1] 2717
[1] 177  29
[1] 2718
[1] 177  28
[1] 2719
[1] 177  25
[1] 2720
[1] 177  12
[1] 2721
[1] 177  18
[1] 2722
[1] 177  23
[1] 2723
[1] 177  52
[1] 2724
[1] 177  28
[1] 2725
[1] 177  27
[1] 2726
[1] 177  23
[1] 2727
[1] 177  58
[1] 2728
[1] 177  23
[1] 2729
[1] 177  27
[1] 2730
[1] 177  41
[1] 2731
[1] 177  46
[1] 2732
[1] 177  67
[1] 2733
[1] 177  75
[1] 2734
[1] 177  58
[1] 2735
[1] 177  60
[1] 2736
[1] 177  62
[1] 2737
[1] 177  84
[1] 2738
[1] 177  71
[1] 2739
[1] 177  46
[1] 2740
[1] 177  68
[1] 2741
[1] 177  63
[1] 2742
[1] 177  51
[1] 2743
[1] 177  83
[1] 2744
[1] 177  82
[1] 2745
[1] 177  44
[1] 2746
[1] 177  30
[1] 2747
[1] 177  49
[1] 2748
[1] 177  59
[1] 2749
[1] 177  31
[1] 2750
[1] 177  64
[1] 2751
[1] 177 176
[1] 2752
[1] 177  62
[1] 2753
[1] 177  60
[1] 2754
[1] 177  69
[1] 2755
[1] 177  64
[1] 2756
[1] 177  33
[1] 2757
[1] 177  59
[1] 2758
[1] 177  31
[1] 2759
[1] 177  14
[1] 2760
[1] 177  32
[1] 2761
[1] 177  51
[1] 2762
[1] 177  61
[1] 2763
[1] 177  51
[1] 2764
[1] 177  42
[1] 2765
[1] 177  51
[1] 2766
[1] 177  43
[1] 2767
[1] 177  47
[1] 2768
[1] 177  37
[1] 2769
[1] 177  33
[1] 2770
[1] 177  57
[1] 2771
[1] 177  67
[1] 2772
[1] 177  83
[1] 2773
[1] 177  55
[1] 2774
[1] 177  36
[1] 2775
[1] 177  60
[1] 2776
[1] 177  45
[1] 2777
[1] 177  80
[1] 2778
[1] 177  75
[1] 2779
[1] 177  68
[1] 2780
[1] 177  56
[1] 2781
[1] 177  62
[1] 2782
[1] 177  70
[1] 2783
[1] 177  68
[1] 2784
[1] 177  40
[1] 2785
[1] 177  26
[1] 2786
[1] 177  49
[1] 2787
[1] 177  24
[1] 2788
[1] 177  54
[1] 2789
[1] 177  73
[1] 2790
[1] 177  59
[1] 2791
[1] 177  78
[1] 2792
[1] 177  81
[1] 2793
[1] 177  35
[1] 2794
[1] 177  53
[1] 2795
[1] 177  33
[1] 2796
[1] 177  29
[1] 2797
[1] 177  57
[1] 2798
[1] 177  37
[1] 2799
[1] 177  69
[1] 2800
[1] 177  23
