[1] 4901
[1] 177  38
[1] 4902
[1] 177  54
[1] 4903
[1] 177  48
[1] 4904
[1] 177  70
[1] 4905
[1] 177  46
[1] 4906
[1] 177  45
[1] 4907
[1] 177  81
[1] 4908
[1] 177  54
[1] 4909
[1] 177  56
[1] 4910
[1] 177  23
[1] 4911
[1] 177  21
[1] 4912
[1] 177  47
[1] 4913
[1] 177  44
[1] 4914
[1] 177  65
[1] 4915
[1] 177  21
[1] 4916
[1] 177  27
[1] 4917
[1] 177  78
[1] 4918
[1] 177  51
[1] 4919
[1] 177  32
[1] 4920
[1] 177  32
[1] 4921
[1] 177 107
[1] 4922
[1] 177  60
[1] 4923
[1] 177  58
[1] 4924
[1] 177  40
[1] 4925
[1] 177  42
[1] 4926
[1] 177  92
[1] 4927
[1] 177  50
[1] 4928
[1] 177  47
[1] 4929
[1] 177  88
[1] 4930
[1] 177  61
[1] 4931
[1] 177  53
[1] 4932
[1] 177  71
[1] 4933
[1] 177  38
[1] 4934
[1] 177  43
[1] 4935
[1] 177  18
[1] 4936
[1] 177  14
[1] 4937
[1] 177  15
[1] 4938
[1] 177  15
[1] 4939
[1] 177  57
[1] 4940
[1] 177  47
[1] 4941
[1] 177  43
[1] 4942
[1] 177  51
[1] 4943
[1] 177  54
[1] 4944
[1] 177  53
[1] 4945
[1] 177  51
[1] 4946
[1] 177  24
[1] 4947
[1] 177  36
[1] 4948
[1] 177  38
[1] 4949
[1] 177  43
[1] 4950
[1] 177  52
[1] 4951
[1] 177  58
[1] 4952
[1] 177  68
[1] 4953
[1] 177  51
[1] 4954
[1] 177  49
[1] 4955
[1] 177  33
[1] 4956
[1] 177  34
[1] 4957
[1] 177  21
[1] 4958
[1] 177  19
[1] 4959
[1] 177  24
[1] 4960
[1] 177  38
[1] 4961
[1] 177  25
[1] 4962
[1] 177  49
[1] 4963
[1] 177  70
[1] 4964
[1] 177  45
[1] 4965
[1] 177  60
[1] 4966
[1] 177  28
[1] 4967
[1] 177  40
[1] 4968
[1] 177  38
[1] 4969
[1] 177  33
[1] 4970
[1] 177  35
[1] 4971
[1] 177  26
[1] 4972
[1] 177  32
[1] 4973
[1] 177  44
[1] 4974
[1] 177  27
[1] 4975
[1] 177  35
[1] 4976
[1] 177  32
[1] 4977
[1] 177  38
[1] 4978
[1] 177  76
[1] 4979
[1] 177  97
[1] 4980
[1] 177  59
[1] 4981
[1] 177  48
[1] 4982
[1] 177  30
[1] 4983
[1] 177  62
[1] 4984
[1] 177  57
[1] 4985
[1] 177  30
[1] 4986
[1] 177  36
[1] 4987
[1] 177  96
[1] 4988
[1] 177  42
[1] 4989
[1] 177  59
[1] 4990
[1] 177  49
[1] 4991
[1] 177  45
[1] 4992
[1] 177  29
[1] 4993
[1] 177  49
[1] 4994
[1] 177  70
[1] 4995
[1] 177  51
[1] 4996
[1] 177  64
[1] 4997
[1] 177  39
[1] 4998
[1] 177  52
[1] 4999
[1] 177  58
[1] 5000
[1] 177  88
