[1] 8901
[1] 177  65
[1] 8902
[1] 177   8
[1] 8903
[1] 177  59
[1] 8904
[1] 177  27
[1] 8905
[1] 177  86
[1] 8906
[1] 177  84
[1] 8907
[1] 177  41
[1] 8908
[1] 177  67
[1] 8909
[1] 177  16
[1] 8910
[1] 177  24
[1] 8911
[1] 177  59
[1] 8912
[1] 177  25
[1] 8913
[1] 177  72
[1] 8914
[1] 177  75
[1] 8915
[1] 177  42
[1] 8916
[1] 177  46
[1] 8917
[1] 177  38
[1] 8918
[1] 177  49
[1] 8919
[1] 177  38
[1] 8920
[1] 177  32
[1] 8921
[1] 177  50
[1] 8922
[1] 177  57
[1] 8923
[1] 177 103
[1] 8924
[1] 177  58
[1] 8925
[1] 177  35
[1] 8926
[1] 177  28
[1] 8927
[1] 177  57
[1] 8928
[1] 177  65
[1] 8929
[1] 177  48
[1] 8930
[1] 177  25
[1] 8931
[1] 177  65
[1] 8932
[1] 177  69
[1] 8933
[1] 177  25
[1] 8934
[1] 177 160
[1] 8935
[1] 177  23
[1] 8936
[1] 177  58
[1] 8937
[1] 177 186
[1] 8938
[1] 177  57
[1] 8939
[1] 177  56
[1] 8940
[1] 177  53
[1] 8941
[1] 177  33
[1] 8942
[1] 177  63
[1] 8943
[1] 177  20
[1] 8944
[1] 177   9
[1] 8945
[1] 177  13
[1] 8946
[1] 177  43
[1] 8947
[1] 177  68
[1] 8948
[1] 177  48
[1] 8949
[1] 177   8
[1] 8950
[1] 177  71
[1] 8951
[1] 177  19
[1] 8952
[1] 177  32
[1] 8953
[1] 177  43
[1] 8954
[1] 177  49
[1] 8955
[1] 177  70
[1] 8956
[1] 177  44
[1] 8957
[1] 177  45
[1] 8958
[1] 177 152
[1] 8959
[1] 177  39
[1] 8960
[1] 177  49
[1] 8961
[1] 177  13
[1] 8962
[1] 177  94
[1] 8963
[1] 177  71
[1] 8964
[1] 177  55
[1] 8965
[1] 177  32
[1] 8966
[1] 177  64
[1] 8967
[1] 177  63
[1] 8968
[1] 177  83
[1] 8969
[1] 177  64
[1] 8970
[1] 177  42
[1] 8971
[1] 177 151
[1] 8972
[1] 177   1
[1] 8973
[1] 177  65
[1] 8974
[1] 177  48
[1] 8975
[1] 177  29
[1] 8976
[1] 177 182
[1] 8977
[1] 177  82
[1] 8978
[1] 177  32
[1] 8979
[1] 177  61
[1] 8980
[1] 177  47
[1] 8981
[1] 177  47
[1] 8982
[1] 177  97
[1] 8983
[1] 177  40
[1] 8984
[1] 177  36
[1] 8985
[1] 177  65
[1] 8986
[1] 177  73
[1] 8987
[1] 177  38
[1] 8988
[1] 177  17
[1] 8989
[1] 177  45
[1] 8990
[1] 177  64
[1] 8991
[1] 177  36
[1] 8992
[1] 177  18
[1] 8993
[1] 177  52
[1] 8994
[1] 177  48
[1] 8995
[1] 177  38
[1] 8996
[1] 177  60
[1] 8997
[1] 177  86
[1] 8998
[1] 177  10
[1] 8999
[1] 177  48
[1] 9000
[1] 177  59
