[1] 201
[1] 177  23
[1] 202
[1] 177  23
[1] 203
[1] 177  37
[1] 204
[1] 177  42
[1] 205
[1] 177  58
[1] 206
[1] 177  63
[1] 207
[1] 177  56
[1] 208
[1] 177  62
[1] 209
[1] 177  27
[1] 210
[1] 177  42
[1] 211
[1] 177  41
[1] 212
[1] 177  66
[1] 213
[1] 177  38
[1] 214
[1] 177  22
[1] 215
[1] 177  50
[1] 216
[1] 177  59
[1] 217
[1] 177  55
[1] 218
[1] 177  25
[1] 219
[1] 177  25
[1] 220
[1] 177  55
[1] 221
[1] 177  66
[1] 222
[1] 177  21
[1] 223
[1] 177  51
[1] 224
[1] 177  12
[1] 225
[1] 177  38
[1] 226
[1] 177  55
[1] 227
[1] 177  36
[1] 228
[1] 177  32
[1] 229
[1] 177  77
[1] 230
[1] 177  36
[1] 231
[1] 177  75
[1] 232
[1] 177  40
[1] 233
[1] 177  51
[1] 234
[1] 177  56
[1] 235
[1] 177  66
[1] 236
[1] 177  34
[1] 237
[1] 177  29
[1] 238
[1] 177  50
[1] 239
[1] 177  45
[1] 240
[1] 177   7
[1] 241
[1] 177  75
[1] 242
[1] 177  32
[1] 243
[1] 177  62
[1] 244
[1] 177  23
[1] 245
[1] 177  89
[1] 246
[1] 177  21
[1] 247
[1] 177  83
[1] 248
[1] 177  75
[1] 249
[1] 177  61
[1] 250
[1] 177  67
[1] 251
[1] 177  84
[1] 252
[1] 177  38
[1] 253
[1] 177  34
[1] 254
[1] 177  39
[1] 255
[1] 177  66
[1] 256
[1] 177  43
[1] 257
[1] 177  55
[1] 258
[1] 177  26
[1] 259
[1] 177  17
[1] 260
[1] 177  18
[1] 261
[1] 177  48
[1] 262
[1] 177  39
[1] 263
[1] 177  26
[1] 264
[1] 177  38
[1] 265
[1] 177  18
[1] 266
[1] 177  61
[1] 267
[1] 177  44
[1] 268
[1] 177  53
[1] 269
[1] 177  46
[1] 270
[1] 177  55
[1] 271
[1] 177  59
[1] 272
[1] 177  36
[1] 273
[1] 177  29
[1] 274
[1] 177  38
[1] 275
[1] 177  37
[1] 276
[1] 177  76
[1] 277
[1] 177  36
[1] 278
[1] 177  57
[1] 279
[1] 177  12
[1] 280
[1] 177  63
[1] 281
[1] 177  67
[1] 282
[1] 177  75
[1] 283
[1] 177  49
[1] 284
[1] 177  76
[1] 285
[1] 177 134
[1] 286
[1] 177  69
[1] 287
[1] 177  57
[1] 288
[1] 177  38
[1] 289
[1] 177  47
[1] 290
[1] 177  60
[1] 291
[1] 177  48
[1] 292
[1] 177  24
[1] 293
[1] 177  45
[1] 294
[1] 177  63
[1] 295
[1] 177  16
[1] 296
[1] 177  36
[1] 297
[1] 177  63
[1] 298
[1] 177  75
[1] 299
[1] 177  30
[1] 300
[1] 177  95
