[1] 9701
[1] 177  34
[1] 9702
[1] 177  55
[1] 9703
[1] 177  70
[1] 9704
[1] 177  92
[1] 9705
[1] 177  18
[1] 9706
[1] 177  37
[1] 9707
[1] 177  36
[1] 9708
[1] 177  60
[1] 9709
[1] 177  71
[1] 9710
[1] 177  59
[1] 9711
[1] 177  15
[1] 9712
[1] 177  22
[1] 9713
[1] 177 105
[1] 9714
[1] 177  69
[1] 9715
[1] 177  64
[1] 9716
[1] 177  78
[1] 9717
[1] 177  32
[1] 9718
[1] 177  23
[1] 9719
[1] 177  54
[1] 9720
[1] 177  78
[1] 9721
[1] 177  67
[1] 9722
[1] 177  64
[1] 9723
[1] 177  78
[1] 9724
[1] 177  31
[1] 9725
[1] 177  46
[1] 9726
[1] 177  46
[1] 9727
[1] 177  39
[1] 9728
[1] 177  56
[1] 9729
[1] 177  45
[1] 9730
[1] 177  14
[1] 9731
[1] 177  64
[1] 9732
[1] 177  45
[1] 9733
[1] 177  69
[1] 9734
[1] 177  37
[1] 9735
[1] 177  35
[1] 9736
[1] 177  26
[1] 9737
[1] 177  41
[1] 9738
[1] 177  57
[1] 9739
[1] 177  12
[1] 9740
[1] 177  90
[1] 9741
[1] 177  67
[1] 9742
[1] 177  15
[1] 9743
[1] 177  80
[1] 9744
[1] 177  56
[1] 9745
[1] 177  19
[1] 9746
[1] 177 109
[1] 9747
[1] 177  44
[1] 9748
[1] 177  42
[1] 9749
[1] 177  56
[1] 9750
[1] 177  55
[1] 9751
[1] 177  58
[1] 9752
[1] 177  54
[1] 9753
[1] 177  32
[1] 9754
[1] 177  26
[1] 9755
[1] 177  82
[1] 9756
[1] 177  29
[1] 9757
[1] 177  46
[1] 9758
[1] 177  15
[1] 9759
[1] 177  43
[1] 9760
[1] 177  49
[1] 9761
[1] 177  68
[1] 9762
[1] 177  39
[1] 9763
[1] 177  38
[1] 9764
[1] 177  45
[1] 9765
[1] 177  37
[1] 9766
[1] 177  48
[1] 9767
[1] 177  67
[1] 9768
[1] 177  55
[1] 9769
[1] 177  57
[1] 9770
[1] 177  48
[1] 9771
[1] 177  30
[1] 9772
[1] 177  67
[1] 9773
[1] 177  61
[1] 9774
[1] 177  26
[1] 9775
[1] 177  19
[1] 9776
[1] 177  80
[1] 9777
[1] 177  42
[1] 9778
[1] 177  38
[1] 9779
[1] 177  76
[1] 9780
[1] 177  97
[1] 9781
[1] 177  58
[1] 9782
[1] 177  64
[1] 9783
[1] 177  43
[1] 9784
[1] 177  37
[1] 9785
[1] 177  21
[1] 9786
[1] 177  66
[1] 9787
[1] 177  76
[1] 9788
[1] 177  89
[1] 9789
[1] 177  49
[1] 9790
[1] 177  19
[1] 9791
[1] 177  34
[1] 9792
[1] 177  53
[1] 9793
[1] 177  59
[1] 9794
[1] 177  60
[1] 9795
[1] 177  24
[1] 9796
[1] 177  29
[1] 9797
[1] 177  26
[1] 9798
[1] 177  37
[1] 9799
[1] 177  75
[1] 9800
[1] 177  39
