[1] 1101
[1] 177  51
[1] 1102
[1] 177  18
[1] 1103
[1] 177  15
[1] 1104
[1] 177  17
[1] 1105
[1] 177  15
[1] 1106
[1] 177  65
[1] 1107
[1] 177  31
[1] 1108
[1] 177  57
[1] 1109
[1] 177  69
[1] 1110
[1] 177  36
[1] 1111
[1] 177  42
[1] 1112
[1] 177  36
[1] 1113
[1] 177  44
[1] 1114
[1] 177  46
[1] 1115
[1] 177  46
[1] 1116
[1] 177  47
[1] 1117
[1] 177  24
[1] 1118
[1] 177  48
[1] 1119
[1] 177  26
[1] 1120
[1] 177  99
[1] 1121
[1] 177  60
[1] 1122
[1] 177  69
[1] 1123
[1] 177  44
[1] 1124
[1] 177  39
[1] 1125
[1] 177  25
[1] 1126
[1] 177  32
[1] 1127
[1] 177  72
[1] 1128
[1] 177  66
[1] 1129
[1] 177  48
[1] 1130
[1] 177  23
[1] 1131
[1] 177  75
[1] 1132
[1] 177  56
[1] 1133
[1] 177  69
[1] 1134
[1] 177  81
[1] 1135
[1] 177  55
[1] 1136
[1] 177  58
[1] 1137
[1] 177  64
[1] 1138
[1] 177  57
[1] 1139
[1] 177  69
[1] 1140
[1] 177  36
[1] 1141
[1] 177  30
[1] 1142
[1] 177  35
[1] 1143
[1] 177  30
[1] 1144
[1] 177  84
[1] 1145
[1] 177  29
[1] 1146
[1] 177  36
[1] 1147
[1] 177  75
[1] 1148
[1] 177  63
[1] 1149
[1] 177  55
[1] 1150
[1] 177  33
[1] 1151
[1] 177  41
[1] 1152
[1] 177  40
[1] 1153
[1] 177  50
[1] 1154
[1] 177  46
[1] 1155
[1] 177  69
[1] 1156
[1] 177  32
[1] 1157
[1] 177  38
[1] 1158
[1] 177  74
[1] 1159
[1] 177  63
[1] 1160
[1] 177  58
[1] 1161
[1] 177  61
[1] 1162
[1] 177  69
[1] 1163
[1] 177  57
[1] 1164
[1] 177  37
[1] 1165
[1] 177  55
[1] 1166
[1] 177  28
[1] 1167
[1] 177  59
[1] 1168
[1] 177  35
[1] 1169
[1] 177  42
[1] 1170
[1] 177  37
[1] 1171
[1] 177  67
[1] 1172
[1] 177  42
[1] 1173
[1] 177  53
[1] 1174
[1] 177  49
[1] 1175
[1] 177  26
[1] 1176
[1] 177  26
[1] 1177
[1] 177  29
[1] 1178
[1] 177  73
[1] 1179
[1] 177  58
[1] 1180
[1] 177  13
[1] 1181
[1] 177  59
[1] 1182
[1] 177  16
[1] 1183
[1] 177 102
[1] 1184
[1] 177  79
[1] 1185
[1] 177  31
[1] 1186
[1] 177  69
[1] 1187
[1] 177  90
[1] 1188
[1] 177  70
[1] 1189
[1] 177  74
[1] 1190
[1] 177  84
[1] 1191
[1] 177  65
[1] 1192
[1] 177  75
[1] 1193
[1] 177  37
[1] 1194
[1] 177  38
[1] 1195
[1] 177  42
[1] 1196
[1] 177  81
[1] 1197
[1] 177  13
[1] 1198
[1] 177  18
[1] 1199
[1] 177  52
[1] 1200
[1] 177  49
