[1] 6401
[1] 177  56
[1] 6402
[1] 177  46
[1] 6403
[1] 177  10
[1] 6404
[1] 177  21
[1] 6405
[1] 177  22
[1] 6406
[1] 177  58
[1] 6407
[1] 177  54
[1] 6408
[1] 177  65
[1] 6409
[1] 177  55
[1] 6410
[1] 177  59
[1] 6411
[1] 177  48
[1] 6412
[1] 177  75
[1] 6413
[1] 177  44
[1] 6414
[1] 177  59
[1] 6415
[1] 177  40
[1] 6416
[1] 177  62
[1] 6417
[1] 177  72
[1] 6418
[1] 177  88
[1] 6419
[1] 177  55
[1] 6420
[1] 177  59
[1] 6421
[1] 177  74
[1] 6422
[1] 177  30
[1] 6423
[1] 177  60
[1] 6424
[1] 177  94
[1] 6425
[1] 177  17
[1] 6426
[1] 177  41
[1] 6427
[1] 177  33
[1] 6428
[1] 177  56
[1] 6429
[1] 177  52
[1] 6430
[1] 177  58
[1] 6431
[1] 177  56
[1] 6432
[1] 177  54
[1] 6433
[1] 177  74
[1] 6434
[1] 177  31
[1] 6435
[1] 177  57
[1] 6436
[1] 177  39
[1] 6437
[1] 177  43
[1] 6438
[1] 177  47
[1] 6439
[1] 177  61
[1] 6440
[1] 177  51
[1] 6441
[1] 177  52
[1] 6442
[1] 177  64
[1] 6443
[1] 177  54
[1] 6444
[1] 177  24
[1] 6445
[1] 177 112
[1] 6446
[1] 177  25
[1] 6447
[1] 177  49
[1] 6448
[1] 177  81
[1] 6449
[1] 177  47
[1] 6450
[1] 177  89
[1] 6451
[1] 177  18
[1] 6452
[1] 177  68
[1] 6453
[1] 177 111
[1] 6454
[1] 177  35
[1] 6455
[1] 177  67
[1] 6456
[1] 177  11
[1] 6457
[1] 177  20
[1] 6458
[1] 177  27
[1] 6459
[1] 177  38
[1] 6460
[1] 177  36
[1] 6461
[1] 177  31
[1] 6462
[1] 177  17
[1] 6463
[1] 177  18
[1] 6464
[1] 177  25
[1] 6465
[1] 177  21
[1] 6466
[1] 177  90
[1] 6467
[1] 177  61
[1] 6468
[1] 177 103
[1] 6469
[1] 177  61
[1] 6470
[1] 177  28
[1] 6471
[1] 177  60
[1] 6472
[1] 177  15
[1] 6473
[1] 177  26
[1] 6474
[1] 177  25
[1] 6475
[1] 177  55
[1] 6476
[1] 177  39
[1] 6477
[1] 177  55
[1] 6478
[1] 177  47
[1] 6479
[1] 177  20
[1] 6480
[1] 177  84
[1] 6481
[1] 177  79
[1] 6482
[1] 177  41
[1] 6483
[1] 177  77
[1] 6484
[1] 177  20
[1] 6485
[1] 177  52
[1] 6486
[1] 177  66
[1] 6487
[1] 177  73
[1] 6488
[1] 177  56
[1] 6489
[1] 177  74
[1] 6490
[1] 177  72
[1] 6491
[1] 177  73
[1] 6492
[1] 177  65
[1] 6493
[1] 177  56
[1] 6494
[1] 177  59
[1] 6495
[1] 177  61
[1] 6496
[1] 177  61
[1] 6497
[1] 177  52
[1] 6498
[1] 177  51
[1] 6499
[1] 177  65
[1] 6500
[1] 177  43
