[1] 5801
[1] 177  63
[1] 5802
[1] 177  45
[1] 5803
[1] 177  73
[1] 5804
[1] 177  59
[1] 5805
[1] 177  38
[1] 5806
[1] 177  44
[1] 5807
[1] 177  57
[1] 5808
[1] 177  40
[1] 5809
[1] 177  61
[1] 5810
[1] 177 189
[1] 5811
[1] 177  63
[1] 5812
[1] 177  96
[1] 5813
[1] 177  87
[1] 5814
[1] 177  94
[1] 5815
[1] 177  94
[1] 5816
[1] 177  91
[1] 5817
[1] 177  94
[1] 5818
[1] 177 104
[1] 5819
[1] 177  95
[1] 5820
[1] 177  87
[1] 5821
[1] 177  57
[1] 5822
[1] 177  35
[1] 5823
[1] 177  58
[1] 5824
[1] 177  39
[1] 5825
[1] 177  36
[1] 5826
[1] 177  38
[1] 5827
[1] 177  43
[1] 5828
[1] 177  51
[1] 5829
[1] 177  42
[1] 5830
[1] 177  57
[1] 5831
[1] 177  58
[1] 5832
[1] 177  60
[1] 5833
[1] 177  35
[1] 5834
[1] 177  63
[1] 5835
[1] 177  57
[1] 5836
[1] 177  65
[1] 5837
[1] 177   9
[1] 5838
[1] 177  34
[1] 5839
[1] 177  56
[1] 5840
[1] 177  86
[1] 5841
[1] 177  46
[1] 5842
[1] 177 100
[1] 5843
[1] 177  94
[1] 5844
[1] 177  41
[1] 5845
[1] 177  43
[1] 5846
[1] 177  38
[1] 5847
[1] 177  42
[1] 5848
[1] 177  41
[1] 5849
[1] 177  30
[1] 5850
[1] 177  26
[1] 5851
[1] 177  50
[1] 5852
[1] 177  54
[1] 5853
[1] 177  53
[1] 5854
[1] 177  61
[1] 5855
[1] 177  40
[1] 5856
[1] 177  16
[1] 5857
[1] 177  65
[1] 5858
[1] 177  56
[1] 5859
[1] 177 102
[1] 5860
[1] 177  27
[1] 5861
[1] 177  50
[1] 5862
[1] 177  63
[1] 5863
[1] 177  49
[1] 5864
[1] 177  51
[1] 5865
[1] 177  37
[1] 5866
[1] 177  37
[1] 5867
[1] 177  22
[1] 5868
[1] 177  34
[1] 5869
[1] 177  41
[1] 5870
[1] 177  73
[1] 5871
[1] 177  48
[1] 5872
[1] 177  43
[1] 5873
[1] 177  41
[1] 5874
[1] 177  20
[1] 5875
[1] 177  47
[1] 5876
[1] 177  24
[1] 5877
[1] 177  78
[1] 5878
[1] 177  86
[1] 5879
[1] 177  68
[1] 5880
[1] 177  70
[1] 5881
[1] 177  29
[1] 5882
[1] 177  52
[1] 5883
[1] 177  47
[1] 5884
[1] 177  31
[1] 5885
[1] 177  48
[1] 5886
[1] 177  42
[1] 5887
[1] 177  44
[1] 5888
[1] 177  31
[1] 5889
[1] 177  43
[1] 5890
[1] 177  63
[1] 5891
[1] 177  68
[1] 5892
[1] 177  58
[1] 5893
[1] 177 137
[1] 5894
[1] 177  51
[1] 5895
[1] 177  48
[1] 5896
[1] 177  40
[1] 5897
[1] 177  51
[1] 5898
[1] 177  51
[1] 5899
[1] 177  63
[1] 5900
[1] 177  78
