[1] 9101
[1] 177  46
[1] 9102
[1] 177  61
[1] 9103
[1] 177  52
[1] 9104
[1] 177  48
[1] 9105
[1] 177  47
[1] 9106
[1] 177  97
[1] 9107
[1] 177  52
[1] 9108
[1] 177  40
[1] 9109
[1] 177  73
[1] 9110
[1] 177  61
[1] 9111
[1] 177  75
[1] 9112
[1] 177  29
[1] 9113
[1] 177  53
[1] 9114
[1] 177  91
[1] 9115
[1] 177  18
[1] 9116
[1] 177  70
[1] 9117
[1] 177   2
[1] 9118
[1] 177  71
[1] 9119
[1] 177  66
[1] 9120
[1] 177  30
[1] 9121
[1] 177  39
[1] 9122
[1] 177  50
[1] 9123
[1] 177  75
[1] 9124
[1] 177  38
[1] 9125
[1] 177  30
[1] 9126
[1] 177  25
[1] 9127
[1] 177  70
[1] 9128
[1] 177  89
[1] 9129
[1] 177  26
[1] 9130
[1] 177  34
[1] 9131
[1] 177  39
[1] 9132
[1] 177  33
[1] 9133
[1] 177  35
[1] 9134
[1] 177  40
[1] 9135
[1] 177  22
[1] 9136
[1] 177  59
[1] 9137
[1] 177  65
[1] 9138
[1] 177  25
[1] 9139
[1] 177  22
[1] 9140
[1] 177  18
[1] 9141
[1] 177  41
[1] 9142
[1] 177  46
[1] 9143
[1] 177  37
[1] 9144
[1] 177  61
[1] 9145
[1] 177  60
[1] 9146
[1] 177 138
[1] 9147
[1] 177  22
[1] 9148
[1] 177  46
[1] 9149
[1] 177  70
[1] 9150
[1] 177  24
[1] 9151
[1] 177  62
[1] 9152
[1] 177  58
[1] 9153
[1] 177  34
[1] 9154
[1] 177  56
[1] 9155
[1] 177  26
[1] 9156
[1] 177  48
[1] 9157
[1] 177  27
[1] 9158
[1] 177  33
[1] 9159
[1] 177  42
[1] 9160
[1] 177  29
[1] 9161
[1] 177  33
[1] 9162
[1] 177   3
[1] 9163
[1] 177  71
[1] 9164
[1] 177  57
[1] 9165
[1] 177  51
[1] 9166
[1] 177  23
[1] 9167
[1] 177   8
[1] 9168
[1] 177  57
[1] 9169
[1] 177  87
[1] 9170
[1] 177  12
[1] 9171
[1] 177  38
[1] 9172
[1] 177  29
[1] 9173
[1] 177  30
[1] 9174
[1] 177  74
[1] 9175
[1] 177 118
[1] 9176
[1] 177  32
[1] 9177
[1] 177  40
[1] 9178
[1] 177 110
[1] 9179
[1] 177  61
[1] 9180
[1] 177  53
[1] 9181
[1] 177  81
[1] 9182
[1] 177  60
[1] 9183
[1] 177  42
[1] 9184
[1] 177  36
[1] 9185
[1] 177   9
[1] 9186
[1] 177  43
[1] 9187
[1] 177  61
[1] 9188
[1] 177  44
[1] 9189
[1] 177  16
[1] 9190
[1] 177  54
[1] 9191
[1] 177 138
[1] 9192
[1] 177  34
[1] 9193
[1] 177  63
[1] 9194
[1] 177  60
[1] 9195
[1] 177  99
[1] 9196
[1] 177  73
[1] 9197
[1] 177  31
[1] 9198
[1] 177  35
[1] 9199
[1] 177 102
[1] 9200
[1] 177  46
