[1] 2401
[1] 177  42
[1] 2402
[1] 177  90
[1] 2403
[1] 177  29
[1] 2404
[1] 177  29
[1] 2405
[1] 177  27
[1] 2406
[1] 177  26
[1] 2407
[1] 177  30
[1] 2408
[1] 177  37
[1] 2409
[1] 177  45
[1] 2410
[1] 177  18
[1] 2411
[1] 177  14
[1] 2412
[1] 177  28
[1] 2413
[1] 177  40
[1] 2414
[1] 177  43
[1] 2415
[1] 177  32
[1] 2416
[1] 177  29
[1] 2417
[1] 177  18
[1] 2418
[1] 177  71
[1] 2419
[1] 177  45
[1] 2420
[1] 177  30
[1] 2421
[1] 177  43
[1] 2422
[1] 177  34
[1] 2423
[1] 177  61
[1] 2424
[1] 177  47
[1] 2425
[1] 177  74
[1] 2426
[1] 177  70
[1] 2427
[1] 177  55
[1] 2428
[1] 177  18
[1] 2429
[1] 177  40
[1] 2430
[1] 177  49
[1] 2431
[1] 177  37
[1] 2432
[1] 177  58
[1] 2433
[1] 177  62
[1] 2434
[1] 177  66
[1] 2435
[1] 177  49
[1] 2436
[1] 177  62
[1] 2437
[1] 177  43
[1] 2438
[1] 177  57
[1] 2439
[1] 177  40
[1] 2440
[1] 177  28
[1] 2441
[1] 177  21
[1] 2442
[1] 177  52
[1] 2443
[1] 177  39
[1] 2444
[1] 177  52
[1] 2445
[1] 177  76
[1] 2446
[1] 177  51
[1] 2447
[1] 177  65
[1] 2448
[1] 177  54
[1] 2449
[1] 177 102
[1] 2450
[1] 177  36
[1] 2451
[1] 177  51
[1] 2452
[1] 177  73
[1] 2453
[1] 177  71
[1] 2454
[1] 177  70
[1] 2455
[1] 177  49
[1] 2456
[1] 177  46
[1] 2457
[1] 177  83
[1] 2458
[1] 177  26
[1] 2459
[1] 177  26
[1] 2460
[1] 177  54
[1] 2461
[1] 177  63
[1] 2462
[1] 177  83
[1] 2463
[1] 177  50
[1] 2464
[1] 177  59
[1] 2465
[1] 177  40
[1] 2466
[1] 177  37
[1] 2467
[1] 177  21
[1] 2468
[1] 177  28
[1] 2469
[1] 177  67
[1] 2470
[1] 177  79
[1] 2471
[1] 177  37
[1] 2472
[1] 177  71
[1] 2473
[1] 177  35
[1] 2474
[1] 177  85
[1] 2475
[1] 177  47
[1] 2476
[1] 177  75
[1] 2477
[1] 177  52
[1] 2478
[1] 177  56
[1] 2479
[1] 177  54
[1] 2480
[1] 177  59
[1] 2481
[1] 177  76
[1] 2482
[1] 177  37
[1] 2483
[1] 177  11
[1] 2484
[1] 177  14
[1] 2485
[1] 177  51
[1] 2486
[1] 177  72
[1] 2487
[1] 177  57
[1] 2488
[1] 177  58
[1] 2489
[1] 177  45
[1] 2490
[1] 177  48
[1] 2491
[1] 177  35
[1] 2492
[1] 177  51
[1] 2493
[1] 177  71
[1] 2494
[1] 177  60
[1] 2495
[1] 177  75
[1] 2496
[1] 177  66
[1] 2497
[1] 177  62
[1] 2498
[1] 177  28
[1] 2499
[1] 177  34
[1] 2500
[1] 177  40
