[1] 9801
[1] 177  38
[1] 9802
[1] 177  27
[1] 9803
[1] 177  40
[1] 9804
[1] 177  64
[1] 9805
[1] 177  60
[1] 9806
[1] 177  31
[1] 9807
[1] 177  68
[1] 9808
[1] 177  22
[1] 9809
[1] 177  90
[1] 9810
[1] 177  43
[1] 9811
[1] 177  70
[1] 9812
[1] 177  20
[1] 9813
[1] 177  52
[1] 9814
[1] 177  62
[1] 9815
[1] 177  55
[1] 9816
[1] 177  49
[1] 9817
[1] 177  22
[1] 9818
[1] 177  40
[1] 9819
[1] 177  50
[1] 9820
[1] 177  30
[1] 9821
[1] 177  51
[1] 9822
[1] 177  60
[1] 9823
[1] 177  41
[1] 9824
[1] 177  32
[1] 9825
[1] 177  24
[1] 9826
[1] 177  33
[1] 9827
[1] 177  27
[1] 9828
[1] 177  74
[1] 9829
[1] 177  41
[1] 9830
[1] 177  42
[1] 9831
[1] 177  63
[1] 9832
[1] 177  17
[1] 9833
[1] 177  47
[1] 9834
[1] 177  49
[1] 9835
[1] 177  57
[1] 9836
[1] 177  40
[1] 9837
[1] 177  22
[1] 9838
[1] 177  58
[1] 9839
[1] 177  67
[1] 9840
[1] 177  42
[1] 9841
[1] 177  29
[1] 9842
[1] 177  73
[1] 9843
[1] 177  44
[1] 9844
[1] 177  27
[1] 9845
[1] 177  55
[1] 9846
[1] 177  60
[1] 9847
[1] 177  64
[1] 9848
[1] 177  32
[1] 9849
[1] 177  27
[1] 9850
[1] 177  42
[1] 9851
[1] 177  57
[1] 9852
[1] 177  35
[1] 9853
[1] 177  41
[1] 9854
[1] 177  21
[1] 9855
[1] 177  56
[1] 9856
[1] 177  34
[1] 9857
[1] 177  37
[1] 9858
[1] 177  73
[1] 9859
[1] 177  74
[1] 9860
[1] 177  40
[1] 9861
[1] 177  60
[1] 9862
[1] 177  52
[1] 9863
[1] 177  55
[1] 9864
[1] 177  10
[1] 9865
[1] 177  70
[1] 9866
[1] 177  66
[1] 9867
[1] 177  31
[1] 9868
[1] 177  46
[1] 9869
[1] 177  56
[1] 9870
[1] 177  55
[1] 9871
[1] 177  43
[1] 9872
[1] 177  29
[1] 9873
[1] 177  73
[1] 9874
[1] 177  58
[1] 9875
[1] 177  45
[1] 9876
[1] 177  51
[1] 9877
[1] 177  15
[1] 9878
[1] 177  38
[1] 9879
[1] 177 324
[1] 9880
[1] 177  55
[1] 9881
[1] 177  23
[1] 9882
[1] 177  36
[1] 9883
[1] 177  60
[1] 9884
[1] 177  50
[1] 9885
[1] 177  52
[1] 9886
[1] 177  55
[1] 9887
[1] 177  89
[1] 9888
[1] 177  48
[1] 9889
[1] 177  50
[1] 9890
[1] 177  93
[1] 9891
[1] 177  80
[1] 9892
[1] 177  51
[1] 9893
[1] 177  91
[1] 9894
[1] 177  40
[1] 9895
[1] 177  82
[1] 9896
[1] 177  50
[1] 9897
[1] 177  58
[1] 9898
[1] 177  70
[1] 9899
[1] 177  31
[1] 9900
[1] 177  43
