[1] 7901
[1] 177  29
[1] 7902
[1] 177  47
[1] 7903
[1] 177  57
[1] 7904
[1] 177  31
[1] 7905
[1] 177  52
[1] 7906
[1] 177  46
[1] 7907
[1] 177  57
[1] 7908
[1] 177  47
[1] 7909
[1] 177  55
[1] 7910
[1] 177  73
[1] 7911
[1] 177  49
[1] 7912
[1] 177  80
[1] 7913
[1] 177  45
[1] 7914
[1] 177  76
[1] 7915
[1] 177  18
[1] 7916
[1] 177  91
[1] 7917
[1] 177  35
[1] 7918
[1] 177  26
[1] 7919
[1] 177  50
[1] 7920
[1] 177  66
[1] 7921
[1] 177  20
[1] 7922
[1] 177  19
[1] 7923
[1] 177  55
[1] 7924
[1] 177  23
[1] 7925
[1] 177  56
[1] 7926
[1] 177  21
[1] 7927
[1] 177  74
[1] 7928
[1] 177  94
[1] 7929
[1] 177  17
[1] 7930
[1] 177  78
[1] 7931
[1] 177  45
[1] 7932
[1] 177  62
[1] 7933
[1] 177  21
[1] 7934
[1] 177 198
[1] 7935
[1] 177  30
[1] 7936
[1] 177  66
[1] 7937
[1] 177  62
[1] 7938
[1] 177  46
[1] 7939
[1] 177  64
[1] 7940
[1] 177  20
[1] 7941
[1] 177  42
[1] 7942
[1] 177  18
[1] 7943
[1] 177  20
[1] 7944
[1] 177  42
[1] 7945
[1] 177  71
[1] 7946
[1] 177  66
[1] 7947
[1] 177  41
[1] 7948
[1] 177  42
[1] 7949
[1] 177  57
[1] 7950
[1] 177  26
[1] 7951
[1] 177  44
[1] 7952
[1] 177 104
[1] 7953
[1] 177  46
[1] 7954
[1] 177  41
[1] 7955
[1] 177  97
[1] 7956
[1] 177  52
[1] 7957
[1] 177  30
[1] 7958
[1] 177  73
[1] 7959
[1] 177  41
[1] 7960
[1] 177  10
[1] 7961
[1] 177   6
[1] 7962
[1] 177  31
[1] 7963
[1] 177  46
[1] 7964
[1] 177  33
[1] 7965
[1] 177  66
[1] 7966
[1] 177  67
[1] 7967
[1] 177  86
[1] 7968
[1] 177  59
[1] 7969
[1] 177  54
[1] 7970
[1] 177  72
[1] 7971
[1] 177  62
[1] 7972
[1] 177  64
[1] 7973
[1] 177  52
[1] 7974
[1] 177  25
[1] 7975
[1] 177  55
[1] 7976
[1] 177  33
[1] 7977
[1] 177  41
[1] 7978
[1] 177  20
[1] 7979
[1] 177  76
[1] 7980
[1] 177  73
[1] 7981
[1] 177  68
[1] 7982
[1] 177  50
[1] 7983
[1] 177  51
[1] 7984
[1] 177  29
[1] 7985
[1] 177  81
[1] 7986
[1] 177  81
[1] 7987
[1] 177  79
[1] 7988
[1] 177  31
[1] 7989
[1] 177  21
[1] 7990
[1] 177  67
[1] 7991
[1] 177  83
[1] 7992
[1] 177  38
[1] 7993
[1] 177  40
[1] 7994
[1] 177  59
[1] 7995
[1] 177  34
[1] 7996
[1] 177  34
[1] 7997
[1] 177  71
[1] 7998
[1] 177  34
[1] 7999
[1] 177  58
[1] 8000
[1] 177   9
