[1] 9301
[1] 177  37
[1] 9302
[1] 177  47
[1] 9303
[1] 177  23
[1] 9304
[1] 177  29
[1] 9305
[1] 177  59
[1] 9306
[1] 177 104
[1] 9307
[1] 177  38
[1] 9308
[1] 177  35
[1] 9309
[1] 177  39
[1] 9310
[1] 177  17
[1] 9311
[1] 177  64
[1] 9312
[1] 177  24
[1] 9313
[1] 177  20
[1] 9314
[1] 177  70
[1] 9315
[1] 177  42
[1] 9316
[1] 177  41
[1] 9317
[1] 177  42
[1] 9318
[1] 177  52
[1] 9319
[1] 177  37
[1] 9320
[1] 177  70
[1] 9321
[1] 177  44
[1] 9322
[1] 177  43
[1] 9323
[1] 177  47
[1] 9324
[1] 177  52
[1] 9325
[1] 177  49
[1] 9326
[1] 177  75
[1] 9327
[1] 177  53
[1] 9328
[1] 177  41
[1] 9329
[1] 177  33
[1] 9330
[1] 177  37
[1] 9331
[1] 177  85
[1] 9332
[1] 177  10
[1] 9333
[1] 177  36
[1] 9334
[1] 177 101
[1] 9335
[1] 177  29
[1] 9336
[1] 177  55
[1] 9337
[1] 177  61
[1] 9338
[1] 177  66
[1] 9339
[1] 177  69
[1] 9340
[1] 177  39
[1] 9341
[1] 177  53
[1] 9342
[1] 177  48
[1] 9343
[1] 177  22
[1] 9344
[1] 177  41
[1] 9345
[1] 177  55
[1] 9346
[1] 177  48
[1] 9347
[1] 177  57
[1] 9348
[1] 177  92
[1] 9349
[1] 177  75
[1] 9350
[1] 177  62
[1] 9351
[1] 177  86
[1] 9352
[1] 177  53
[1] 9353
[1] 177  38
[1] 9354
[1] 177  66
[1] 9355
[1] 177  57
[1] 9356
[1] 177 236
[1] 9357
[1] 177  29
[1] 9358
[1] 177  38
[1] 9359
[1] 177 118
[1] 9360
[1] 177  38
[1] 9361
[1] 177  68
[1] 9362
[1] 177  36
[1] 9363
[1] 177  71
[1] 9364
[1] 177  57
[1] 9365
[1] 177  63
[1] 9366
[1] 177  34
[1] 9367
[1] 177  44
[1] 9368
[1] 177  44
[1] 9369
[1] 177  48
[1] 9370
[1] 177  28
[1] 9371
[1] 177 131
[1] 9372
[1] 177  74
[1] 9373
[1] 177  61
[1] 9374
[1] 177  44
[1] 9375
[1] 177  50
[1] 9376
[1] 177  20
[1] 9377
[1] 177  45
[1] 9378
[1] 177  74
[1] 9379
[1] 177  41
[1] 9380
[1] 177  57
[1] 9381
[1] 177  34
[1] 9382
[1] 177  21
[1] 9383
[1] 177  13
[1] 9384
[1] 177  44
[1] 9385
[1] 177  52
[1] 9386
[1] 177  59
[1] 9387
[1] 177  64
[1] 9388
[1] 177  21
[1] 9389
[1] 177  48
[1] 9390
[1] 177  53
[1] 9391
[1] 177  28
[1] 9392
[1] 177  27
[1] 9393
[1] 177  30
[1] 9394
[1] 177  50
[1] 9395
[1] 177  56
[1] 9396
[1] 177  51
[1] 9397
[1] 177  39
[1] 9398
[1] 177  15
[1] 9399
[1] 177  78
[1] 9400
[1] 177  19
