[1] 8601
[1] 177  34
[1] 8602
[1] 177  36
[1] 8603
[1] 177  41
[1] 8604
[1] 177  40
[1] 8605
[1] 177  62
[1] 8606
[1] 177  26
[1] 8607
[1] 177  56
[1] 8608
[1] 177  64
[1] 8609
[1] 177  15
[1] 8610
[1] 177  45
[1] 8611
[1] 177  68
[1] 8612
[1] 177  45
[1] 8613
[1] 177  54
[1] 8614
[1] 177  51
[1] 8615
[1] 177  50
[1] 8616
[1] 177  47
[1] 8617
[1] 177  15
[1] 8618
[1] 177  48
[1] 8619
[1] 177  29
[1] 8620
[1] 177  54
[1] 8621
[1] 177  59
[1] 8622
[1] 177  38
[1] 8623
[1] 177  51
[1] 8624
[1] 177  33
[1] 8625
[1] 177  21
[1] 8626
[1] 177  41
[1] 8627
[1] 177  20
[1] 8628
[1] 177  27
[1] 8629
[1] 177  48
[1] 8630
[1] 177  62
[1] 8631
[1] 177   8
[1] 8632
[1] 177   4
[1] 8633
[1] 177  58
[1] 8634
[1] 177  67
[1] 8635
[1] 177  20
[1] 8636
[1] 177  76
[1] 8637
[1] 177  54
[1] 8638
[1] 177  48
[1] 8639
[1] 177  32
[1] 8640
[1] 177  75
[1] 8641
[1] 177  22
[1] 8642
[1] 177  36
[1] 8643
[1] 177  80
[1] 8644
[1] 177  54
[1] 8645
[1] 177  20
[1] 8646
[1] 177  55
[1] 8647
[1] 177  27
[1] 8648
[1] 177  37
[1] 8649
[1] 177  69
[1] 8650
[1] 177  55
[1] 8651
[1] 177  52
[1] 8652
[1] 177  38
[1] 8653
[1] 177  56
[1] 8654
[1] 177  66
[1] 8655
[1] 177  40
[1] 8656
[1] 177  20
[1] 8657
[1] 177  35
[1] 8658
[1] 177  72
[1] 8659
[1] 177  20
[1] 8660
[1] 177  49
[1] 8661
[1] 177  36
[1] 8662
[1] 177 166
[1] 8663
[1] 177  26
[1] 8664
[1] 177  39
[1] 8665
[1] 177  73
[1] 8666
[1] 177  40
[1] 8667
[1] 177  28
[1] 8668
[1] 177  35
[1] 8669
[1] 177  23
[1] 8670
[1] 177  18
[1] 8671
[1] 177  38
[1] 8672
[1] 177  39
[1] 8673
[1] 177  37
[1] 8674
[1] 177  35
[1] 8675
[1] 177  69
[1] 8676
[1] 177  35
[1] 8677
[1] 177  39
[1] 8678
[1] 177  36
[1] 8679
[1] 177  39
[1] 8680
[1] 177  67
[1] 8681
[1] 177  39
[1] 8682
[1] 177  59
[1] 8683
[1] 177  70
[1] 8684
[1] 177  20
[1] 8685
[1] 177  68
[1] 8686
[1] 177  33
[1] 8687
[1] 177  46
[1] 8688
[1] 177  35
[1] 8689
[1] 177  48
[1] 8690
[1] 177  76
[1] 8691
[1] 177  22
[1] 8692
[1] 177  47
[1] 8693
[1] 177  67
[1] 8694
[1] 177  49
[1] 8695
[1] 177  59
[1] 8696
[1] 177  33
[1] 8697
[1] 177  63
[1] 8698
[1] 177  79
[1] 8699
[1] 177  65
[1] 8700
[1] 177  76
