[1] 4801
[1] 177  51
[1] 4802
[1] 177  65
[1] 4803
[1] 177  70
[1] 4804
[1] 177  55
[1] 4805
[1] 177  70
[1] 4806
[1] 177  59
[1] 4807
[1] 177  44
[1] 4808
[1] 177  36
[1] 4809
[1] 177  75
[1] 4810
[1] 177  37
[1] 4811
[1] 177  66
[1] 4812
[1] 177  42
[1] 4813
[1] 177  42
[1] 4814
[1] 177  68
[1] 4815
[1] 177  60
[1] 4816
[1] 177  35
[1] 4817
[1] 177  53
[1] 4818
[1] 177  65
[1] 4819
[1] 177  38
[1] 4820
[1] 177  58
[1] 4821
[1] 177  60
[1] 4822
[1] 177  74
[1] 4823
[1] 177  63
[1] 4824
[1] 177  70
[1] 4825
[1] 177  64
[1] 4826
[1] 177 101
[1] 4827
[1] 177  36
[1] 4828
[1] 177 207
[1] 4829
[1] 177 202
[1] 4830
[1] 177  49
[1] 4831
[1] 177 206
[1] 4832
[1] 177  49
[1] 4833
[1] 177 202
[1] 4834
[1] 177  67
[1] 4835
[1] 177  57
[1] 4836
[1] 177  46
[1] 4837
[1] 177  61
[1] 4838
[1] 177  52
[1] 4839
[1] 177  35
[1] 4840
[1] 177  19
[1] 4841
[1] 177  32
[1] 4842
[1] 177  46
[1] 4843
[1] 177  33
[1] 4844
[1] 177  60
[1] 4845
[1] 177  39
[1] 4846
[1] 177  18
[1] 4847
[1] 177  36
[1] 4848
[1] 177  39
[1] 4849
[1] 177  84
[1] 4850
[1] 177  47
[1] 4851
[1] 177  54
[1] 4852
[1] 177  40
[1] 4853
[1] 177  61
[1] 4854
[1] 177  87
[1] 4855
[1] 177  43
[1] 4856
[1] 177  35
[1] 4857
[1] 177  38
[1] 4858
[1] 177  60
[1] 4859
[1] 177  19
[1] 4860
[1] 177  44
[1] 4861
[1] 177  20
[1] 4862
[1] 177  71
[1] 4863
[1] 177  58
[1] 4864
[1] 177  56
[1] 4865
[1] 177  11
[1] 4866
[1] 177  32
[1] 4867
[1] 177  47
[1] 4868
[1] 177  37
[1] 4869
[1] 177  37
[1] 4870
[1] 177  23
[1] 4871
[1] 177  54
[1] 4872
[1] 177  25
[1] 4873
[1] 177  39
[1] 4874
[1] 177   7
[1] 4875
[1] 177  25
[1] 4876
[1] 177  30
[1] 4877
[1] 177  38
[1] 4878
[1] 177  25
[1] 4879
[1] 177  42
[1] 4880
[1] 177  31
[1] 4881
[1] 177  88
[1] 4882
[1] 177  62
[1] 4883
[1] 177  56
[1] 4884
[1] 177  41
[1] 4885
[1] 177 107
[1] 4886
[1] 177  47
[1] 4887
[1] 177  41
[1] 4888
[1] 177  59
[1] 4889
[1] 177  26
[1] 4890
[1] 177  37
[1] 4891
[1] 177  38
[1] 4892
[1] 177  38
[1] 4893
[1] 177  62
[1] 4894
[1] 177  26
[1] 4895
[1] 177  25
[1] 4896
[1] 177  27
[1] 4897
[1] 177  44
[1] 4898
[1] 177  23
[1] 4899
[1] 177  37
[1] 4900
[1] 177  24
