[1] 6501
[1] 177  44
[1] 6502
[1] 177  68
[1] 6503
[1] 177  63
[1] 6504
[1] 177  49
[1] 6505
[1] 177  45
[1] 6506
[1] 177  43
[1] 6507
[1] 177  49
[1] 6508
[1] 177  43
[1] 6509
[1] 177  43
[1] 6510
[1] 177  46
[1] 6511
[1] 177  66
[1] 6512
[1] 177  18
[1] 6513
[1] 177  20
[1] 6514
[1] 177  50
[1] 6515
[1] 177  59
[1] 6516
[1] 177  35
[1] 6517
[1] 177  59
[1] 6518
[1] 177  42
[1] 6519
[1] 177  49
[1] 6520
[1] 177  73
[1] 6521
[1] 177  43
[1] 6522
[1] 177  57
[1] 6523
[1] 177  37
[1] 6524
[1] 177  36
[1] 6525
[1] 177  35
[1] 6526
[1] 177   8
[1] 6527
[1] 177  87
[1] 6528
[1] 177  51
[1] 6529
[1] 177  74
[1] 6530
[1] 177  44
[1] 6531
[1] 177  42
[1] 6532
[1] 177  48
[1] 6533
[1] 177  19
[1] 6534
[1] 177  47
[1] 6535
[1] 177  36
[1] 6536
[1] 177  52
[1] 6537
[1] 177  63
[1] 6538
[1] 177  66
[1] 6539
[1] 177  62
[1] 6540
[1] 177  73
[1] 6541
[1] 177  70
[1] 6542
[1] 177  75
[1] 6543
[1] 177  29
[1] 6544
[1] 177  47
[1] 6545
[1] 177  51
[1] 6546
[1] 177  51
[1] 6547
[1] 177  33
[1] 6548
[1] 177  44
[1] 6549
[1] 177  36
[1] 6550
[1] 177  32
[1] 6551
[1] 177  57
[1] 6552
[1] 177  49
[1] 6553
[1] 177  71
[1] 6554
[1] 177  44
[1] 6555
[1] 177  27
[1] 6556
[1] 177  56
[1] 6557
[1] 177  37
[1] 6558
[1] 177  66
[1] 6559
[1] 177  20
[1] 6560
[1] 177  20
[1] 6561
[1] 177  18
[1] 6562
[1] 177  60
[1] 6563
[1] 177  64
[1] 6564
[1] 177  53
[1] 6565
[1] 177  11
[1] 6566
[1] 177  11
[1] 6567
[1] 177  12
[1] 6568
[1] 177  10
[1] 6569
[1] 177  59
[1] 6570
[1] 177  14
[1] 6571
[1] 177  31
[1] 6572
[1] 177  95
[1] 6573
[1] 177  36
[1] 6574
[1] 177  52
[1] 6575
[1] 177  53
[1] 6576
[1] 177  71
[1] 6577
[1] 177  67
[1] 6578
[1] 177  72
[1] 6579
[1] 177  49
[1] 6580
[1] 177  35
[1] 6581
[1] 177  60
[1] 6582
[1] 177  35
[1] 6583
[1] 177   8
[1] 6584
[1] 177   8
[1] 6585
[1] 177   8
[1] 6586
[1] 177  10
[1] 6587
[1] 177  16
[1] 6588
[1] 177  28
[1] 6589
[1] 177  25
[1] 6590
[1] 177  37
[1] 6591
[1] 177  39
[1] 6592
[1] 177  66
[1] 6593
[1] 177  71
[1] 6594
[1] 177  70
[1] 6595
[1] 177  55
[1] 6596
[1] 177 101
[1] 6597
[1] 177 100
[1] 6598
[1] 177  80
[1] 6599
[1] 177  60
[1] 6600
[1] 177  58
