[1] 6301
[1] 177  67
[1] 6302
[1] 177  35
[1] 6303
[1] 177  37
[1] 6304
[1] 177  45
[1] 6305
[1] 177  60
[1] 6306
[1] 177 122
[1] 6307
[1] 177  73
[1] 6308
[1] 177  51
[1] 6309
[1] 177  75
[1] 6310
[1] 177  45
[1] 6311
[1] 177  54
[1] 6312
[1] 177  88
[1] 6313
[1] 177  44
[1] 6314
[1] 177  81
[1] 6315
[1] 177  89
[1] 6316
[1] 177 183
[1] 6317
[1] 177  59
[1] 6318
[1] 177  15
[1] 6319
[1] 177  51
[1] 6320
[1] 177  51
[1] 6321
[1] 177  60
[1] 6322
[1] 177  40
[1] 6323
[1] 177  15
[1] 6324
[1] 177  46
[1] 6325
[1] 177  68
[1] 6326
[1] 177  79
[1] 6327
[1] 177  76
[1] 6328
[1] 177  47
[1] 6329
[1] 177  48
[1] 6330
[1] 177  45
[1] 6331
[1] 177  42
[1] 6332
[1] 177  45
[1] 6333
[1] 177  72
[1] 6334
[1] 177  86
[1] 6335
[1] 177  62
[1] 6336
[1] 177  62
[1] 6337
[1] 177  34
[1] 6338
[1] 177  33
[1] 6339
[1] 177  37
[1] 6340
[1] 177  43
[1] 6341
[1] 177  32
[1] 6342
[1] 177  61
[1] 6343
[1] 177  40
[1] 6344
[1] 177  44
[1] 6345
[1] 177  54
[1] 6346
[1] 177  98
[1] 6347
[1] 177  62
[1] 6348
[1] 177  55
[1] 6349
[1] 177  37
[1] 6350
[1] 177  78
[1] 6351
[1] 177  57
[1] 6352
[1] 177  63
[1] 6353
[1] 177  38
[1] 6354
[1] 177  27
[1] 6355
[1] 177  24
[1] 6356
[1] 177  77
[1] 6357
[1] 177  41
[1] 6358
[1] 177  36
[1] 6359
[1] 177  37
[1] 6360
[1] 177  19
[1] 6361
[1] 177  49
[1] 6362
[1] 177  13
[1] 6363
[1] 177  50
[1] 6364
[1] 177  60
[1] 6365
[1] 177  58
[1] 6366
[1] 177  71
[1] 6367
[1] 177  12
[1] 6368
[1] 177  11
[1] 6369
[1] 177  15
[1] 6370
[1] 177  34
[1] 6371
[1] 177  31
[1] 6372
[1] 177  28
[1] 6373
[1] 177  58
[1] 6374
[1] 177  40
[1] 6375
[1] 177  44
[1] 6376
[1] 177  14
[1] 6377
[1] 177  66
[1] 6378
[1] 177  34
[1] 6379
[1] 177  85
[1] 6380
[1] 177  37
[1] 6381
[1] 177  35
[1] 6382
[1] 177  70
[1] 6383
[1] 177  78
[1] 6384
[1] 177  69
[1] 6385
[1] 177  10
[1] 6386
[1] 177  11
[1] 6387
[1] 177  24
[1] 6388
[1] 177  43
[1] 6389
[1] 177  45
[1] 6390
[1] 177  42
[1] 6391
[1] 177  35
[1] 6392
[1] 177  64
[1] 6393
[1] 177  25
[1] 6394
[1] 177  77
[1] 6395
[1] 177  73
[1] 6396
[1] 177  51
[1] 6397
[1] 177  70
[1] 6398
[1] 177  51
[1] 6399
[1] 177  60
[1] 6400
[1] 177  16
