[1] 3201
[1] 177  48
[1] 3202
[1] 177  48
[1] 3203
[1] 177  71
[1] 3204
[1] 177  38
[1] 3205
[1] 177  50
[1] 3206
[1] 177  52
[1] 3207
[1] 177  51
[1] 3208
[1] 177  46
[1] 3209
[1] 177  33
[1] 3210
[1] 177  41
[1] 3211
[1] 177  64
[1] 3212
[1] 177  46
[1] 3213
[1] 177  85
[1] 3214
[1] 177  42
[1] 3215
[1] 177  47
[1] 3216
[1] 177  36
[1] 3217
[1] 177  18
[1] 3218
[1] 177  87
[1] 3219
[1] 177  79
[1] 3220
[1] 177  48
[1] 3221
[1] 177  59
[1] 3222
[1] 177  43
[1] 3223
[1] 177  68
[1] 3224
[1] 177  68
[1] 3225
[1] 177  60
[1] 3226
[1] 177  59
[1] 3227
[1] 177  66
[1] 3228
[1] 177  80
[1] 3229
[1] 177  82
[1] 3230
[1] 177  52
[1] 3231
[1] 177  42
[1] 3232
[1] 177  19
[1] 3233
[1] 177  27
[1] 3234
[1] 177  17
[1] 3235
[1] 177  33
[1] 3236
[1] 177  68
[1] 3237
[1] 177  58
[1] 3238
[1] 177  34
[1] 3239
[1] 177  37
[1] 3240
[1] 177  48
[1] 3241
[1] 177  49
[1] 3242
[1] 177  83
[1] 3243
[1] 177  76
[1] 3244
[1] 177  53
[1] 3245
[1] 177  52
[1] 3246
[1] 177  83
[1] 3247
[1] 177  76
[1] 3248
[1] 177  71
[1] 3249
[1] 177  20
[1] 3250
[1] 177  21
[1] 3251
[1] 177  43
[1] 3252
[1] 177  24
[1] 3253
[1] 177  36
[1] 3254
[1] 177  40
[1] 3255
[1] 177  65
[1] 3256
[1] 177  29
[1] 3257
[1] 177  33
[1] 3258
[1] 177  70
[1] 3259
[1] 177  27
[1] 3260
[1] 177  38
[1] 3261
[1] 177  62
[1] 3262
[1] 177  40
[1] 3263
[1] 177  39
[1] 3264
[1] 177  25
[1] 3265
[1] 177  31
[1] 3266
[1] 177  66
[1] 3267
[1] 177  80
[1] 3268
[1] 177  52
[1] 3269
[1] 177  47
[1] 3270
[1] 177  46
[1] 3271
[1] 177  48
[1] 3272
[1] 177  35
[1] 3273
[1] 177  38
[1] 3274
[1] 177  49
[1] 3275
[1] 177  36
[1] 3276
[1] 177  32
[1] 3277
[1] 177  67
[1] 3278
[1] 177  46
[1] 3279
[1] 177  39
[1] 3280
[1] 177  60
[1] 3281
[1] 177  40
[1] 3282
[1] 177  49
[1] 3283
[1] 177  62
[1] 3284
[1] 177  38
[1] 3285
[1] 177  42
[1] 3286
[1] 177  40
[1] 3287
[1] 177  70
[1] 3288
[1] 177  48
[1] 3289
[1] 177  41
[1] 3290
[1] 177  32
[1] 3291
[1] 177  91
[1] 3292
[1] 177  60
[1] 3293
[1] 177  56
[1] 3294
[1] 177  44
[1] 3295
[1] 177  33
[1] 3296
[1] 177  60
[1] 3297
[1] 177  46
[1] 3298
[1] 177  44
[1] 3299
[1] 177  55
[1] 3300
[1] 177  29
