[1] 8201
[1] 177  43
[1] 8202
[1] 177  56
[1] 8203
[1] 177  16
[1] 8204
[1] 177  47
[1] 8205
[1] 177  28
[1] 8206
[1] 177  29
[1] 8207
[1] 177  48
[1] 8208
[1] 177  50
[1] 8209
[1] 177  34
[1] 8210
[1] 177  55
[1] 8211
[1] 177  38
[1] 8212
[1] 177  58
[1] 8213
[1] 177  58
[1] 8214
[1] 177  53
[1] 8215
[1] 177  67
[1] 8216
[1] 177  53
[1] 8217
[1] 177  29
[1] 8218
[1] 177  23
[1] 8219
[1] 177  97
[1] 8220
[1] 177 100
[1] 8221
[1] 177  91
[1] 8222
[1] 177  82
[1] 8223
[1] 177  47
[1] 8224
[1] 177  52
[1] 8225
[1] 177  32
[1] 8226
[1] 177  27
[1] 8227
[1] 177 242
[1] 8228
[1] 177  74
[1] 8229
[1] 177  69
[1] 8230
[1] 177  68
[1] 8231
[1] 177  36
[1] 8232
[1] 177  40
[1] 8233
[1] 177  50
[1] 8234
[1] 177  45
[1] 8235
[1] 177  21
[1] 8236
[1] 177  55
[1] 8237
[1] 177 147
[1] 8238
[1] 177  50
[1] 8239
[1] 177  50
[1] 8240
[1] 177  49
[1] 8241
[1] 177  85
[1] 8242
[1] 177  78
[1] 8243
[1] 177  27
[1] 8244
[1] 177  15
[1] 8245
[1] 177  60
[1] 8246
[1] 177  30
[1] 8247
[1] 177  43
[1] 8248
[1] 177  84
[1] 8249
[1] 177  66
[1] 8250
[1] 177  82
[1] 8251
[1] 177  54
[1] 8252
[1] 177  17
[1] 8253
[1] 177  37
[1] 8254
[1] 177  15
[1] 8255
[1] 177  16
[1] 8256
[1] 177  66
[1] 8257
[1] 177  16
[1] 8258
[1] 177  43
[1] 8259
[1] 177  33
[1] 8260
[1] 177  56
[1] 8261
[1] 177  70
[1] 8262
[1] 177  34
[1] 8263
[1] 177  29
[1] 8264
[1] 177  73
[1] 8265
[1] 177  34
[1] 8266
[1] 177  43
[1] 8267
[1] 177  71
[1] 8268
[1] 177  60
[1] 8269
[1] 177  72
[1] 8270
[1] 177  93
[1] 8271
[1] 177  32
[1] 8272
[1] 177  83
[1] 8273
[1] 177  32
[1] 8274
[1] 177  33
[1] 8275
[1] 177  36
[1] 8276
[1] 177  35
[1] 8277
[1] 177  36
[1] 8278
[1] 177  32
[1] 8279
[1] 177  40
[1] 8280
[1] 177  31
[1] 8281
[1] 177  39
[1] 8282
[1] 177  36
[1] 8283
[1] 177  58
[1] 8284
[1] 177  32
[1] 8285
[1] 177  82
[1] 8286
[1] 177  67
[1] 8287
[1] 177  35
[1] 8288
[1] 177  31
[1] 8289
[1] 177  49
[1] 8290
[1] 177  48
[1] 8291
[1] 177  39
[1] 8292
[1] 177  36
[1] 8293
[1] 177  20
[1] 8294
[1] 177  38
[1] 8295
[1] 177  69
[1] 8296
[1] 177  28
[1] 8297
[1] 177  37
[1] 8298
[1] 177  39
[1] 8299
[1] 177  25
[1] 8300
[1] 177  74
