[1] 8101
[1] 177   1
[1] 8102
[1] 177  66
[1] 8103
[1] 177  40
[1] 8104
[1] 177  17
[1] 8105
[1] 177  79
[1] 8106
[1] 177  57
[1] 8107
[1] 177  42
[1] 8108
[1] 177  19
[1] 8109
[1] 177  41
[1] 8110
[1] 177  78
[1] 8111
[1] 177  59
[1] 8112
[1] 177  55
[1] 8113
[1] 177  57
[1] 8114
[1] 177  56
[1] 8115
[1] 177  15
[1] 8116
[1] 177  13
[1] 8117
[1] 177  28
[1] 8118
[1] 177  37
[1] 8119
[1] 177 291
[1] 8120
[1] 177  43
[1] 8121
[1] 177  62
[1] 8122
[1] 177  43
[1] 8123
[1] 177  86
[1] 8124
[1] 177  78
[1] 8125
[1] 177  44
[1] 8126
[1] 177  62
[1] 8127
[1] 177  64
[1] 8128
[1] 177  58
[1] 8129
[1] 177  46
[1] 8130
[1] 177  62
[1] 8131
[1] 177  75
[1] 8132
[1] 177  46
[1] 8133
[1] 177  69
[1] 8134
[1] 177  43
[1] 8135
[1] 177  59
[1] 8136
[1] 177  61
[1] 8137
[1] 177  23
[1] 8138
[1] 177  82
[1] 8139
[1] 177  43
[1] 8140
[1] 177  82
[1] 8141
[1] 177  32
[1] 8142
[1] 177  38
[1] 8143
[1] 177  59
[1] 8144
[1] 177  45
[1] 8145
[1] 177  68
[1] 8146
[1] 177  31
[1] 8147
[1] 177 117
[1] 8148
[1] 177  26
[1] 8149
[1] 177  58
[1] 8150
[1] 177  34
[1] 8151
[1] 177  25
[1] 8152
[1] 177  49
[1] 8153
[1] 177  40
[1] 8154
[1] 177  12
[1] 8155
[1] 177  36
[1] 8156
[1] 177  22
[1] 8157
[1] 177  38
[1] 8158
[1] 177  33
[1] 8159
[1] 177  37
[1] 8160
[1] 177  69
[1] 8161
[1] 177  49
[1] 8162
[1] 177  34
[1] 8163
[1] 177  51
[1] 8164
[1] 177  49
[1] 8165
[1] 177  36
[1] 8166
[1] 177  68
[1] 8167
[1] 177  26
[1] 8168
[1] 177  44
[1] 8169
[1] 177  45
[1] 8170
[1] 177  67
[1] 8171
[1] 177  33
[1] 8172
[1] 177  16
[1] 8173
[1] 177  16
[1] 8174
[1] 177  17
[1] 8175
[1] 177  41
[1] 8176
[1] 177  42
[1] 8177
[1] 177  49
[1] 8178
[1] 177  17
[1] 8179
[1] 177  51
[1] 8180
[1] 177  48
[1] 8181
[1] 177  50
[1] 8182
[1] 177 111
[1] 8183
[1] 177  45
[1] 8184
[1] 177  16
[1] 8185
[1] 177  38
[1] 8186
[1] 177  44
[1] 8187
[1] 177  87
[1] 8188
[1] 177  45
[1] 8189
[1] 177  53
[1] 8190
[1] 177  15
[1] 8191
[1] 177  44
[1] 8192
[1] 177  33
[1] 8193
[1] 177  19
[1] 8194
[1] 177  31
[1] 8195
[1] 177  31
[1] 8196
[1] 177  31
[1] 8197
[1] 177  55
[1] 8198
[1] 177  19
[1] 8199
[1] 177  25
[1] 8200
[1] 177  67
