[1] 2101
[1] 177  28
[1] 2102
[1] 177  32
[1] 2103
[1] 177  42
[1] 2104
[1] 177  36
[1] 2105
[1] 177  56
[1] 2106
[1] 177  50
[1] 2107
[1] 177  71
[1] 2108
[1] 177  34
[1] 2109
[1] 177  30
[1] 2110
[1] 177 101
[1] 2111
[1] 177  44
[1] 2112
[1] 177 151
[1] 2113
[1] 177  42
[1] 2114
[1] 177  80
[1] 2115
[1] 177  86
[1] 2116
[1] 177  49
[1] 2117
[1] 177  66
[1] 2118
[1] 177  52
[1] 2119
[1] 177  55
[1] 2120
[1] 177  47
[1] 2121
[1] 177  29
[1] 2122
[1] 177  34
[1] 2123
[1] 177  61
[1] 2124
[1] 177  41
[1] 2125
[1] 177  75
[1] 2126
[1] 177  57
[1] 2127
[1] 177  64
[1] 2128
[1] 177  67
[1] 2129
[1] 177  38
[1] 2130
[1] 177  26
[1] 2131
[1] 177  33
[1] 2132
[1] 177  44
[1] 2133
[1] 177  62
[1] 2134
[1] 177  53
[1] 2135
[1] 177  88
[1] 2136
[1] 177 122
[1] 2137
[1] 177  82
[1] 2138
[1] 177  39
[1] 2139
[1] 177  45
[1] 2140
[1] 177  43
[1] 2141
[1] 177  39
[1] 2142
[1] 177  47
[1] 2143
[1] 177  36
[1] 2144
[1] 177  32
[1] 2145
[1] 177  32
[1] 2146
[1] 177  44
[1] 2147
[1] 177  18
[1] 2148
[1] 177  19
[1] 2149
[1] 177  19
[1] 2150
[1] 177  22
[1] 2151
[1] 177  36
[1] 2152
[1] 177  58
[1] 2153
[1] 177  57
[1] 2154
[1] 177  47
[1] 2155
[1] 177  61
[1] 2156
[1] 177  33
[1] 2157
[1] 177  37
[1] 2158
[1] 177  25
[1] 2159
[1] 177  40
[1] 2160
[1] 177  38
[1] 2161
[1] 177  37
[1] 2162
[1] 177  41
[1] 2163
[1] 177  31
[1] 2164
[1] 177  34
[1] 2165
[1] 177  46
[1] 2166
[1] 177  52
[1] 2167
[1] 177  49
[1] 2168
[1] 177  64
[1] 2169
[1] 177  57
[1] 2170
[1] 177  82
[1] 2171
[1] 177  58
[1] 2172
[1] 177  99
[1] 2173
[1] 177  90
[1] 2174
[1] 177  52
[1] 2175
[1] 177  94
[1] 2176
[1] 177  44
[1] 2177
[1] 177  49
[1] 2178
[1] 177  47
[1] 2179
[1] 177  90
[1] 2180
[1] 177  90
[1] 2181
[1] 177  90
[1] 2182
[1] 177  43
[1] 2183
[1] 177  54
[1] 2184
[1] 177  86
[1] 2185
[1] 177  29
[1] 2186
[1] 177  30
[1] 2187
[1] 177  58
[1] 2188
[1] 177  41
[1] 2189
[1] 177  51
[1] 2190
[1] 177  26
[1] 2191
[1] 177  70
[1] 2192
[1] 177 110
[1] 2193
[1] 177  53
[1] 2194
[1] 177  53
[1] 2195
[1] 177  51
[1] 2196
[1] 177  51
[1] 2197
[1] 177  36
[1] 2198
[1] 177  44
[1] 2199
[1] 177  37
[1] 2200
[1] 177  25
