[1] 8301
[1] 177  20
[1] 8302
[1] 177  75
[1] 8303
[1] 177  38
[1] 8304
[1] 177  36
[1] 8305
[1] 177  70
[1] 8306
[1] 177  79
[1] 8307
[1] 177  35
[1] 8308
[1] 177  34
[1] 8309
[1] 177  64
[1] 8310
[1] 177  73
[1] 8311
[1] 177  53
[1] 8312
[1] 177  80
[1] 8313
[1] 177  51
[1] 8314
[1] 177   2
[1] 8315
[1] 177   3
[1] 8316
[1] 177  16
[1] 8317
[1] 177  58
[1] 8318
[1] 177  54
[1] 8319
[1] 177  51
[1] 8320
[1] 177  21
[1] 8321
[1] 177 285
[1] 8322
[1] 177  39
[1] 8323
[1] 177  37
[1] 8324
[1] 177  15
[1] 8325
[1] 177  42
[1] 8326
[1] 177  55
[1] 8327
[1] 177  40
[1] 8328
[1] 177  22
[1] 8329
[1] 177  57
[1] 8330
[1] 177  36
[1] 8331
[1] 177  31
[1] 8332
[1] 177  60
[1] 8333
[1] 177  76
[1] 8334
[1] 177  27
[1] 8335
[1] 177  44
[1] 8336
[1] 177  45
[1] 8337
[1] 177  38
[1] 8338
[1] 177  72
[1] 8339
[1] 177  87
[1] 8340
[1] 177  50
[1] 8341
[1] 177  25
[1] 8342
[1] 177  54
[1] 8343
[1] 177  45
[1] 8344
[1] 177  45
[1] 8345
[1] 177  56
[1] 8346
[1] 177  64
[1] 8347
[1] 177  68
[1] 8348
[1] 177  48
[1] 8349
[1] 177  63
[1] 8350
[1] 177  34
[1] 8351
[1] 177  34
[1] 8352
[1] 177  19
[1] 8353
[1] 177  41
[1] 8354
[1] 177  40
[1] 8355
[1] 177  41
[1] 8356
[1] 177  60
[1] 8357
[1] 177  39
[1] 8358
[1] 177  78
[1] 8359
[1] 177  53
[1] 8360
[1] 177  37
[1] 8361
[1] 177  30
[1] 8362
[1] 177  27
[1] 8363
[1] 177  28
[1] 8364
[1] 177  78
[1] 8365
[1] 177  42
[1] 8366
[1] 177  42
[1] 8367
[1] 177  39
[1] 8368
[1] 177  52
[1] 8369
[1] 177  29
[1] 8370
[1] 177  52
[1] 8371
[1] 177  31
[1] 8372
[1] 177  45
[1] 8373
[1] 177  58
[1] 8374
[1] 177  71
[1] 8375
[1] 177  48
[1] 8376
[1] 177  48
[1] 8377
[1] 177  10
[1] 8378
[1] 177  33
[1] 8379
[1] 177 111
[1] 8380
[1] 177  72
[1] 8381
[1] 177  68
[1] 8382
[1] 177  48
[1] 8383
[1] 177  62
[1] 8384
[1] 177  37
[1] 8385
[1] 177  75
[1] 8386
[1] 177  38
[1] 8387
[1] 177  64
[1] 8388
[1] 177  18
[1] 8389
[1] 177  35
[1] 8390
[1] 177  20
[1] 8391
[1] 177  21
[1] 8392
[1] 177  86
[1] 8393
[1] 177  21
[1] 8394
[1] 177  37
[1] 8395
[1] 177  75
[1] 8396
[1] 177  65
[1] 8397
[1] 177  35
[1] 8398
[1] 177  23
[1] 8399
[1] 177  22
[1] 8400
[1] 177  44
