[1] 6601
[1] 177  54
[1] 6602
[1] 177  53
[1] 6603
[1] 177  56
[1] 6604
[1] 177  45
[1] 6605
[1] 177  47
[1] 6606
[1] 177  47
[1] 6607
[1] 177  47
[1] 6608
[1] 177  76
[1] 6609
[1] 177  64
[1] 6610
[1] 177  57
[1] 6611
[1] 177  39
[1] 6612
[1] 177  62
[1] 6613
[1] 177  64
[1] 6614
[1] 177  92
[1] 6615
[1] 177  71
[1] 6616
[1] 177  83
[1] 6617
[1] 177  85
[1] 6618
[1] 177  80
[1] 6619
[1] 177  74
[1] 6620
[1] 177  77
[1] 6621
[1] 177  61
[1] 6622
[1] 177  40
[1] 6623
[1] 177  64
[1] 6624
[1] 177  35
[1] 6625
[1] 177 105
[1] 6626
[1] 177 106
[1] 6627
[1] 177  68
[1] 6628
[1] 177  39
[1] 6629
[1] 177  40
[1] 6630
[1] 177  33
[1] 6631
[1] 177  32
[1] 6632
[1] 177  60
[1] 6633
[1] 177  88
[1] 6634
[1] 177  19
[1] 6635
[1] 177  18
[1] 6636
[1] 177  18
[1] 6637
[1] 177  50
[1] 6638
[1] 177  31
[1] 6639
[1] 177  71
[1] 6640
[1] 177  10
[1] 6641
[1] 177 102
[1] 6642
[1] 177  29
[1] 6643
[1] 177  27
[1] 6644
[1] 177  51
[1] 6645
[1] 177  60
[1] 6646
[1] 177  35
[1] 6647
[1] 177  50
[1] 6648
[1] 177  52
[1] 6649
[1] 177  40
[1] 6650
[1] 177  41
[1] 6651
[1] 177  62
[1] 6652
[1] 177  56
[1] 6653
[1] 177  18
[1] 6654
[1] 177  45
[1] 6655
[1] 177  27
[1] 6656
[1] 177  25
[1] 6657
[1] 177  27
[1] 6658
[1] 177  40
[1] 6659
[1] 177  39
[1] 6660
[1] 177  39
[1] 6661
[1] 177  31
[1] 6662
[1] 177  27
[1] 6663
[1] 177  21
[1] 6664
[1] 177  57
[1] 6665
[1] 177  53
[1] 6666
[1] 177  25
[1] 6667
[1] 177  37
[1] 6668
[1] 177  15
[1] 6669
[1] 177  16
[1] 6670
[1] 177  65
[1] 6671
[1] 177  25
[1] 6672
[1] 177  27
[1] 6673
[1] 177  63
[1] 6674
[1] 177  27
[1] 6675
[1] 177  27
[1] 6676
[1] 177  88
[1] 6677
[1] 177  27
[1] 6678
[1] 177  27
[1] 6679
[1] 177  28
[1] 6680
[1] 177  27
[1] 6681
[1] 177  38
[1] 6682
[1] 177  39
[1] 6683
[1] 177  39
[1] 6684
[1] 177  19
[1] 6685
[1] 177  50
[1] 6686
[1] 177  26
[1] 6687
[1] 177  20
[1] 6688
[1] 177  34
[1] 6689
[1] 177  65
[1] 6690
[1] 177  35
[1] 6691
[1] 177  69
[1] 6692
[1] 177  66
[1] 6693
[1] 177  68
[1] 6694
[1] 177  43
[1] 6695
[1] 177  55
[1] 6696
[1] 177  72
[1] 6697
[1] 177  50
[1] 6698
[1] 177  46
[1] 6699
[1] 177  34
[1] 6700
[1] 177  27
