[1] 4601
[1] 177  36
[1] 4602
[1] 177  18
[1] 4603
[1] 177  23
[1] 4604
[1] 177  66
[1] 4605
[1] 177  58
[1] 4606
[1] 177  45
[1] 4607
[1] 177  60
[1] 4608
[1] 177  44
[1] 4609
[1] 177 116
[1] 4610
[1] 177  58
[1] 4611
[1] 177  97
[1] 4612
[1] 177  19
[1] 4613
[1] 177  14
[1] 4614
[1] 177  13
[1] 4615
[1] 177  72
[1] 4616
[1] 177  87
[1] 4617
[1] 177  84
[1] 4618
[1] 177  36
[1] 4619
[1] 177  84
[1] 4620
[1] 177  46
[1] 4621
[1] 177  52
[1] 4622
[1] 177  46
[1] 4623
[1] 177  32
[1] 4624
[1] 177  59
[1] 4625
[1] 177  32
[1] 4626
[1] 177  46
[1] 4627
[1] 177  45
[1] 4628
[1] 177  59
[1] 4629
[1] 177  47
[1] 4630
[1] 177  17
[1] 4631
[1] 177  71
[1] 4632
[1] 177  55
[1] 4633
[1] 177  23
[1] 4634
[1] 177  34
[1] 4635
[1] 177  53
[1] 4636
[1] 177  58
[1] 4637
[1] 177  49
[1] 4638
[1] 177  32
[1] 4639
[1] 177  28
[1] 4640
[1] 177  44
[1] 4641
[1] 177  61
[1] 4642
[1] 177  83
[1] 4643
[1] 177  23
[1] 4644
[1] 177  32
[1] 4645
[1] 177  26
[1] 4646
[1] 177  50
[1] 4647
[1] 177  20
[1] 4648
[1] 177  39
[1] 4649
[1] 177  57
[1] 4650
[1] 177  79
[1] 4651
[1] 177  23
[1] 4652
[1] 177  31
[1] 4653
[1] 177  46
[1] 4654
[1] 177  81
[1] 4655
[1] 177  26
[1] 4656
[1] 177  43
[1] 4657
[1] 177  54
[1] 4658
[1] 177  43
[1] 4659
[1] 177  50
[1] 4660
[1] 177  45
[1] 4661
[1] 177  56
[1] 4662
[1] 177  29
[1] 4663
[1] 177  14
[1] 4664
[1] 177  62
[1] 4665
[1] 177  13
[1] 4666
[1] 177  40
[1] 4667
[1] 177  64
[1] 4668
[1] 177  42
[1] 4669
[1] 177  38
[1] 4670
[1] 177  55
[1] 4671
[1] 177  29
[1] 4672
[1] 177  55
[1] 4673
[1] 177  46
[1] 4674
[1] 177  85
[1] 4675
[1] 177  16
[1] 4676
[1] 177  46
[1] 4677
[1] 177  30
[1] 4678
[1] 177  39
[1] 4679
[1] 177  21
[1] 4680
[1] 177  57
[1] 4681
[1] 177  57
[1] 4682
[1] 177  50
[1] 4683
[1] 177  28
[1] 4684
[1] 177  62
[1] 4685
[1] 177  42
[1] 4686
[1] 177 102
[1] 4687
[1] 177  45
[1] 4688
[1] 177  47
[1] 4689
[1] 177  31
[1] 4690
[1] 177  45
[1] 4691
[1] 177  96
[1] 4692
[1] 177  64
[1] 4693
[1] 177  19
[1] 4694
[1] 177 114
[1] 4695
[1] 177  55
[1] 4696
[1] 177  72
[1] 4697
[1] 177  64
[1] 4698
[1] 177 119
[1] 4699
[1] 177  58
[1] 4700
[1] 177  64
