[1] 7501
[1] 177  36
[1] 7502
[1] 177  33
[1] 7503
[1] 177  78
[1] 7504
[1] 177  55
[1] 7505
[1] 177  28
[1] 7506
[1] 177  19
[1] 7507
[1] 177  36
[1] 7508
[1] 177 130
[1] 7509
[1] 177  39
[1] 7510
[1] 177  73
[1] 7511
[1] 177  43
[1] 7512
[1] 177  77
[1] 7513
[1] 177  56
[1] 7514
[1] 177  32
[1] 7515
[1] 177  81
[1] 7516
[1] 177  64
[1] 7517
[1] 177  25
[1] 7518
[1] 177  52
[1] 7519
[1] 177  63
[1] 7520
[1] 177  48
[1] 7521
[1] 177  66
[1] 7522
[1] 177  30
[1] 7523
[1] 177  31
[1] 7524
[1] 177  32
[1] 7525
[1] 177  26
[1] 7526
[1] 177  87
[1] 7527
[1] 177  79
[1] 7528
[1] 177  64
[1] 7529
[1] 177  59
[1] 7530
[1] 177  46
[1] 7531
[1] 177  50
[1] 7532
[1] 177  76
[1] 7533
[1] 177  69
[1] 7534
[1] 177  64
[1] 7535
[1] 177  65
[1] 7536
[1] 177  59
[1] 7537
[1] 177  27
[1] 7538
[1] 177  52
[1] 7539
[1] 177  53
[1] 7540
[1] 177  34
[1] 7541
[1] 177  26
[1] 7542
[1] 177  19
[1] 7543
[1] 177  32
[1] 7544
[1] 177  30
[1] 7545
[1] 177  22
[1] 7546
[1] 177  24
[1] 7547
[1] 177  67
[1] 7548
[1] 177  70
[1] 7549
[1] 177  66
[1] 7550
[1] 177  49
[1] 7551
[1] 177  67
[1] 7552
[1] 177  49
[1] 7553
[1] 177  54
[1] 7554
[1] 177  54
[1] 7555
[1] 177  45
[1] 7556
[1] 177  66
[1] 7557
[1] 177  65
[1] 7558
[1] 177   8
[1] 7559
[1] 177 131
[1] 7560
[1] 177  35
[1] 7561
[1] 177  63
[1] 7562
[1] 177  47
[1] 7563
[1] 177  52
[1] 7564
[1] 177  45
[1] 7565
[1] 177  45
[1] 7566
[1] 177  89
[1] 7567
[1] 177  58
[1] 7568
[1] 177  58
[1] 7569
[1] 177  57
[1] 7570
[1] 177  63
[1] 7571
[1] 177  62
[1] 7572
[1] 177  80
[1] 7573
[1] 177  83
[1] 7574
[1] 177  61
[1] 7575
[1] 177  64
[1] 7576
[1] 177  27
[1] 7577
[1] 177  27
[1] 7578
[1] 177  76
[1] 7579
[1] 177  69
[1] 7580
[1] 177  47
[1] 7581
[1] 177  46
[1] 7582
[1] 177  54
[1] 7583
[1] 177  47
[1] 7584
[1] 177  93
[1] 7585
[1] 177  90
[1] 7586
[1] 177  75
[1] 7587
[1] 177  33
[1] 7588
[1] 177  60
[1] 7589
[1] 177  72
[1] 7590
[1] 177  48
[1] 7591
[1] 177  44
[1] 7592
[1] 177  39
[1] 7593
[1] 177  37
[1] 7594
[1] 177  39
[1] 7595
[1] 177  26
[1] 7596
[1] 177  59
[1] 7597
[1] 177  69
[1] 7598
[1] 177  46
[1] 7599
[1] 177  44
[1] 7600
[1] 177  39
