[1] 10201
[1] 177  42
[1] 10202
[1] 177  81
[1] 10203
[1] 177  16
[1] 10204
[1] 177  32
[1] 10205
[1] 177  55
[1] 10206
[1] 177  62
[1] 10207
[1] 177  31
[1] 10208
[1] 177  41
[1] 10209
[1] 177  67
[1] 10210
[1] 177  47
[1] 10211
[1] 177  75
[1] 10212
[1] 177  34
[1] 10213
[1] 177  32
[1] 10214
[1] 177  58
[1] 10215
[1] 177  47
[1] 10216
[1] 177  94
[1] 10217
[1] 177  25
[1] 10218
[1] 177  45
[1] 10219
[1] 177  52
[1] 10220
[1] 177  42
[1] 10221
[1] 177  42
[1] 10222
[1] 177  49
[1] 10223
[1] 177  27
[1] 10224
[1] 177  20
[1] 10225
[1] 177  46
[1] 10226
[1] 177  23
[1] 10227
[1] 177  16
[1] 10228
[1] 177  31
[1] 10229
[1] 177  23
[1] 10230
[1] 177  80
[1] 10231
[1] 177  51
[1] 10232
[1] 177  60
[1] 10233
[1] 177   0
[1] 10234
[1] 177  42
[1] 10235
[1] 177  39
[1] 10236
[1] 177  67
[1] 10237
[1] 177  69
[1] 10238
[1] 177  60
[1] 10239
[1] 177  48
[1] 10240
[1] 177  64
[1] 10241
[1] 177  51
[1] 10242
[1] 177  66
[1] 10243
[1] 177  42
[1] 10244
[1] 177  20
[1] 10245
[1] 177  49
[1] 10246
[1] 177  31
[1] 10247
[1] 177  27
[1] 10248
[1] 177  59
[1] 10249
[1] 177  47
[1] 10250
[1] 177  76
[1] 10251
[1] 177  18
[1] 10252
[1] 177  32
[1] 10253
[1] 177  43
[1] 10254
[1] 177 137
[1] 10255
[1] 177  40
[1] 10256
[1] 177  54
[1] 10257
[1] 177 178
[1] 10258
[1] 177  15
[1] 10259
[1] 177 118
[1] 10260
[1] 177  33
[1] 10261
[1] 177  65
[1] 10262
[1] 177  37
[1] 10263
[1] 177  28
[1] 10264
[1] 177  34
[1] 10265
[1] 177  20
[1] 10266
[1] 177  56
[1] 10267
[1] 177  67
[1] 10268
[1] 177  13
[1] 10269
[1] 177  66
[1] 10270
[1] 177  57
[1] 10271
[1] 177  66
[1] 10272
[1] 177  45
[1] 10273
[1] 177  44
[1] 10274
[1] 177  76
[1] 10275
[1] 177  72
[1] 10276
[1] 177  43
[1] 10277
[1] 177  77
[1] 10278
[1] 177  33
[1] 10279
[1] 177  45
[1] 10280
[1] 177  51
[1] 10281
[1] 177  16
[1] 10282
[1] 177   8
[1] 10283
[1] 177  34
[1] 10284
[1] 177  23
[1] 10285
[1] 177  39
[1] 10286
[1] 177  34
[1] 10287
[1] 177  48
[1] 10288
[1] 177  54
[1] 10289
[1] 177   9
[1] 10290
[1] 177  34
[1] 10291
[1] 177  43
[1] 10292
[1] 177  20
[1] 10293
[1] 177  72
[1] 10294
[1] 177  45
[1] 10295
[1] 177  61
[1] 10296
[1] 177  33
[1] 10297
[1] 177  27
[1] 10298
[1] 177  67
[1] 10299
[1] 177  15
[1] 10300
[1] 177  29
