[1] 801
[1] 177  63
[1] 802
[1] 177  91
[1] 803
[1] 177  70
[1] 804
[1] 177  45
[1] 805
[1] 177  53
[1] 806
[1] 177  73
[1] 807
[1] 177  65
[1] 808
[1] 177  80
[1] 809
[1] 177  43
[1] 810
[1] 177  47
[1] 811
[1] 177  65
[1] 812
[1] 177  47
[1] 813
[1] 177  41
[1] 814
[1] 177  47
[1] 815
[1] 177  53
[1] 816
[1] 177  73
[1] 817
[1] 177  29
[1] 818
[1] 177  45
[1] 819
[1] 177  57
[1] 820
[1] 177  56
[1] 821
[1] 177  95
[1] 822
[1] 177  55
[1] 823
[1] 177  30
[1] 824
[1] 177  68
[1] 825
[1] 177  52
[1] 826
[1] 177  63
[1] 827
[1] 177  54
[1] 828
[1] 177  31
[1] 829
[1] 177  52
[1] 830
[1] 177  58
[1] 831
[1] 177  42
[1] 832
[1] 177  57
[1] 833
[1] 177  87
[1] 834
[1] 177 103
[1] 835
[1] 177  25
[1] 836
[1] 177  56
[1] 837
[1] 177  37
[1] 838
[1] 177  75
[1] 839
[1] 177  88
[1] 840
[1] 177  30
[1] 841
[1] 177  55
[1] 842
[1] 177  62
[1] 843
[1] 177  51
[1] 844
[1] 177  82
[1] 845
[1] 177  27
[1] 846
[1] 177  58
[1] 847
[1] 177  34
[1] 848
[1] 177  69
[1] 849
[1] 177  34
[1] 850
[1] 177  80
[1] 851
[1] 177  84
[1] 852
[1] 177  77
[1] 853
[1] 177  36
[1] 854
[1] 177  72
[1] 855
[1] 177  22
[1] 856
[1] 177  60
[1] 857
[1] 177 101
[1] 858
[1] 177  55
[1] 859
[1] 177  61
[1] 860
[1] 177  19
[1] 861
[1] 177  40
[1] 862
[1] 177  44
[1] 863
[1] 177 105
[1] 864
[1] 177  34
[1] 865
[1] 177  41
[1] 866
[1] 177  34
[1] 867
[1] 177  38
[1] 868
[1] 177  36
[1] 869
[1] 177  62
[1] 870
[1] 177  45
[1] 871
[1] 177  40
[1] 872
[1] 177  52
[1] 873
[1] 177  53
[1] 874
[1] 177  71
[1] 875
[1] 177  50
[1] 876
[1] 177  30
[1] 877
[1] 177  65
[1] 878
[1] 177  61
[1] 879
[1] 177  40
[1] 880
[1] 177  41
[1] 881
[1] 177  16
[1] 882
[1] 177  40
[1] 883
[1] 177  53
[1] 884
[1] 177  84
[1] 885
[1] 177  22
[1] 886
[1] 177  84
[1] 887
[1] 177  29
[1] 888
[1] 177  24
[1] 889
[1] 177  54
[1] 890
[1] 177  68
[1] 891
[1] 177  26
[1] 892
[1] 177  75
[1] 893
[1] 177  59
[1] 894
[1] 177  31
[1] 895
[1] 177  45
[1] 896
[1] 177  69
[1] 897
[1] 177  70
[1] 898
[1] 177  22
[1] 899
[1] 177  70
[1] 900
[1] 177  72
